<?xml version="1.0" encoding="UTF-8"?>
<!-- Generated by org.testng.reporters.JUnitReportReporter -->
<testsuite skipped="0" hostname="DESKTOP-FJ710P4" name="com.beilie.test.bole.cases.Test.parameter.DataProviderTest" tests="4" failures="0" timestamp="2021-12-09T14:47:42 CST" time="0.006" errors="0">
  <testcase name="test2" time="0.001" classname="com.beilie.test.bole.cases.Test.parameter.DataProviderTest"/>
  <testcase name="test1" time="0.000" classname="com.beilie.test.bole.cases.Test.parameter.DataProviderTest"/>
  <testcase name="test1" time="0.005" classname="com.beilie.test.bole.cases.Test.parameter.DataProviderTest"/>
  <testcase name="test2" time="0.000" classname="com.beilie.test.bole.cases.Test.parameter.DataProviderTest"/>
</testsuite> <!-- com.beilie.test.bole.cases.Test.parameter.DataProviderTest -->
