<?xml version="1.0" encoding="UTF-8"?>
<!-- Generated by org.testng.reporters.JUnitReportReporter -->
<testsuite skipped="0" hostname="DESKTOP-FJ710P4" name="com.beilie.test.bole.cases.Test.suite.PayTest" tests="1" failures="0" timestamp="2021-12-09T14:47:42 CST" time="0.000" errors="0">
  <testcase name="paySucess" time="0.000" classname="com.beilie.test.bole.cases.Test.suite.PayTest"/>
</testsuite> <!-- com.beilie.test.bole.cases.Test.suite.PayTest -->
