<?xml version="1.0" encoding="UTF-8"?>
<!-- Generated by org.testng.reporters.JUnitReportReporter -->
<testsuite skipped="0" hostname="DESKTOP-FJ710P4" name="com.beilie.test.bole.cases.项目部._02项目候选人详情.GP14项目候选人详情_备注人选基本信息Test" tests="1" failures="0" timestamp="26 一月 2022 09:30:38 GMT" time="19.620" errors="0">
  <testcase name="run" time="19.620" classname="com.beilie.test.bole.cases.项目部._02项目候选人详情.GP14项目候选人详情_备注人选基本信息Test"/>
</testsuite> <!-- com.beilie.test.bole.cases.项目部._02项目候选人详情.GP14项目候选人详情_备注人选基本信息Test -->
