<?xml version="1.0" encoding="UTF-8"?>
<!-- Generated by org.testng.reporters.JUnitReportReporter -->
<testsuite skipped="0" hostname="DESKTOP-FJ710P4" name="com.beilie.test.bole.cases.客户部.我的客户._02GC01_创建草稿合同" tests="1" failures="0" timestamp="15 九月 2022 02:18:18 GMT" time="31.882" errors="0">
  <testcase name="test" time="31.882" classname="com.beilie.test.bole.cases.客户部.我的客户._02GC01_创建草稿合同"/>
</testsuite> <!-- com.beilie.test.bole.cases.客户部.我的客户._02GC01_创建草稿合同 -->
