<?xml version="1.0" encoding="UTF-8"?>
<!-- Generated by org.testng.reporters.JUnitReportReporter -->
<testsuite skipped="0" hostname="DESKTOP-FJ710P4" name="com.beilie.test.bole.cases.项目部._01项目详情.团队人选.GP10项目详情_全部栏_加入时间默认倒序Test" tests="1" failures="0" timestamp="26 一月 2022 09:30:38 GMT" time="19.112" errors="0">
  <testcase name="GP10项目详情_全部栏_加入时间默认倒序" time="19.112" classname="com.beilie.test.bole.cases.项目部._01项目详情.团队人选.GP10项目详情_全部栏_加入时间默认倒序Test"/>
</testsuite> <!-- com.beilie.test.bole.cases.项目部._01项目详情.团队人选.GP10项目详情_全部栏_加入时间默认倒序Test -->
