<?xml version="1.0" encoding="UTF-8"?>
<!-- Generated by org.testng.reporters.JUnitReportReporter -->
<testsuite skipped="0" hostname="DESKTOP-FJ710P4" name="com.beilie.test.bole.cases.项目部._01项目详情.团队人选.GP10项目详情_添加备注Tests" tests="1" failures="0" timestamp="26 一月 2022 07:37:39 GMT" time="41.250" errors="0">
  <testcase name="login" time="41.250" classname="com.beilie.test.bole.cases.项目部._01项目详情.团队人选.GP10项目详情_添加备注Tests"/>
</testsuite> <!-- com.beilie.test.bole.cases.项目部._01项目详情.团队人选.GP10项目详情_添加备注Tests -->
