<?xml version="1.0" encoding="UTF-8"?>
<!-- Generated by org.testng.reporters.JUnitReportReporter -->
<testsuite skipped="0" hostname="DESKTOP-FJ710P4" name="com.beilie.test.bole.cases.项目部.建项目_分配项目._01GP00创建项目Test" tests="1" failures="0" timestamp="26 一月 2022 09:58:15 GMT" time="28.105" errors="0">
  <testcase name="test" time="28.105" classname="com.beilie.test.bole.cases.项目部.建项目_分配项目._01GP00创建项目Test"/>
</testsuite> <!-- com.beilie.test.bole.cases.项目部.建项目_分配项目._01GP00创建项目Test -->
