<?xml version="1.0" encoding="UTF-8"?>
<!-- Generated by org.testng.reporters.JUnitReportReporter -->
<testsuite skipped="0" hostname="DESKTOP-FJ710P4" name="com.beilie.test.bole.cases.项目部._01项目详情.项目详情.GP10项目详情_项目要点Test" tests="1" failures="0" timestamp="26 一月 2022 09:30:38 GMT" time="21.006" errors="0">
  <testcase name="编辑项目要点_校对内容及分段" time="21.006" classname="com.beilie.test.bole.cases.项目部._01项目详情.项目详情.GP10项目详情_项目要点Test"/>
</testsuite> <!-- com.beilie.test.bole.cases.项目部._01项目详情.项目详情.GP10项目详情_项目要点Test -->
