<?xml version="1.0" encoding="UTF-8"?>
<!-- Generated by org.testng.reporters.JUnitReportReporter -->
<testsuite skipped="0" hostname="DESKTOP-FJ710P4" name="com.beilie.test.bole.cases.项目部.项目执行._03GP10项目详情_项目执行_提交offer到提交入职" tests="1" failures="0" timestamp="14 九月 2022 09:30:44 GMT" time="87.601" errors="0">
  <testcase name="run" time="87.601" classname="com.beilie.test.bole.cases.项目部.项目执行._03GP10项目详情_项目执行_提交offer到提交入职"/>
</testsuite> <!-- com.beilie.test.bole.cases.项目部.项目执行._03GP10项目详情_项目执行_提交offer到提交入职 -->
