<?xml version="1.0" encoding="UTF-8"?>
<testsuite name="TestSuite" time="102.286" tests="4" errors="0" skipped="0" failures="3">
  <properties>
    <property name="java.vendor" value="Oracle Corporation"/>
    <property name="JOB_NAME" value="E-test"/>
    <property name="RUN_TESTS_DISPLAY_URL" value="http://localhost:8080/job/E-test/28/display/redirect?page=tests"/>
    <property name="sun.java.launcher" value="SUN_STANDARD"/>
    <property name="NUMBER_OF_PROCESSORS" value="6"/>
    <property name="sun.management.compiler" value="HotSpot 64-Bit Tiered Compilers"/>
    <property name="JENKINS_HOME" value="C:\Users\86182\AppData\Local\Jenkins\.jenkins"/>
    <property name="HUDSON_SERVER_COOKIE" value="576f44e28c9d41ae"/>
    <property name="POM_ARTIFACTID" value="com-beilie-test"/>
    <property name="os.name" value="Windows 10"/>
    <property name="sun.boot.class.path" value="E:\BaiduNetdiskDownload\idea\jdk1.8.0_162\jre\lib\resources.jar;E:\BaiduNetdiskDownload\idea\jdk1.8.0_162\jre\lib\rt.jar;E:\BaiduNetdiskDownload\idea\jdk1.8.0_162\jre\lib\sunrsasign.jar;E:\BaiduNetdiskDownload\idea\jdk1.8.0_162\jre\lib\jsse.jar;E:\BaiduNetdiskDownload\idea\jdk1.8.0_162\jre\lib\jce.jar;E:\BaiduNetdiskDownload\idea\jdk1.8.0_162\jre\lib\charsets.jar;E:\BaiduNetdiskDownload\idea\jdk1.8.0_162\jre\lib\jfr.jar;E:\BaiduNetdiskDownload\idea\jdk1.8.0_162\jre\classes"/>
    <property name="EXECUTOR_NUMBER" value="1"/>
    <property name="sun.desktop" value="windows"/>
    <property name="PATHEXT" value=".COM;.EXE;.BAT;.CMD;.VBS;.VBE;.JS;.JSE;.WSF;.WSH;.MSC;.PY;.PYW"/>
    <property name="java.vm.specification.vendor" value="Oracle Corporation"/>
    <property name="POM_DISPLAYNAME" value="com-beilie-test"/>
    <property name="NODE_LABELS" value="master"/>
    <property name="TEMP" value="C:\Users\86182\AppData\Local\Temp"/>
    <property name="java.runtime.version" value="1.8.0_162-b12"/>
    <property name="ANT_HOME" value="E:\BaiduNetdiskDownload\idea\apache-ant-1.10.12"/>
    <property name="WXDRIVE_START_ARGS" value="--wxdrive-setting=0 --disable-gpu --disable-software-rasterizer --enable-features=NetworkServiceInProcess"/>
    <property name="WINSW_SERVICE_ID" value="jenkins"/>
    <property name="user.name" value="SX"/>
    <property name="guice.disable.misplaced.annotation.check" value="true"/>
    <property name="CommonProgramW6432" value="C:\Program Files\Common Files"/>
    <property name="ProgramFiles" value="C:\Program Files"/>
    <property name="user.language" value="zh"/>
    <property name="JOB_BASE_NAME" value="E-test"/>
    <property name="RUN_CHANGES_DISPLAY_URL" value="http://localhost:8080/job/E-test/28/display/redirect?page=changes"/>
    <property name="BUILD_DISPLAY_NAME" value="#28"/>
    <property name="OneDrive" value="C:\Users\86182\OneDrive"/>
    <property name="sun.boot.library.path" value="E:\BaiduNetdiskDownload\idea\jdk1.8.0_162\jre\bin"/>
    <property name="LOCALAPPDATA" value="C:\Users\86182\AppData\Local"/>
    <property name="java.version" value="1.8.0_162"/>
    <property name="PROCESSOR_LEVEL" value="6"/>
    <property name="user.timezone" value="Asia/Shanghai"/>
    <property name="USERNAME" value="SX"/>
    <property name="sun.arch.data.model" value="64"/>
    <property name="NODE_NAME" value="master"/>
    <property name="java.endorsed.dirs" value="E:\BaiduNetdiskDownload\idea\jdk1.8.0_162\jre\lib\endorsed"/>
    <property name="BUILD_ID" value="28"/>
    <property name="sun.cpu.isalist" value="amd64"/>
    <property name="sun.jnu.encoding" value="GBK"/>
    <property name="file.encoding.pkg" value="sun.io"/>
    <property name="file.separator" value="\"/>
    <property name="java.specification.name" value="Java Platform API Specification"/>
    <property name="java.class.version" value="52.0"/>
    <property name="org.slf4j.simpleLogger.defaultLogLevel" value="info"/>
    <property name="user.country" value="CN"/>
    <property name="ALLUSERSPROFILE" value="C:\ProgramData"/>
    <property name="java.home" value="E:\BaiduNetdiskDownload\idea\jdk1.8.0_162\jre"/>
    <property name="java.vm.info" value="mixed mode"/>
    <property name="os.version" value="10.0"/>
    <property name="RUN_DISPLAY_URL" value="http://localhost:8080/job/E-test/28/display/redirect"/>
    <property name="POM_VERSION" value="1.0.3-SNAPSHOT"/>
    <property name="TMP" value="C:\Users\86182\AppData\Local\Temp"/>
    <property name="RUN_ARTIFACTS_DISPLAY_URL" value="http://localhost:8080/job/E-test/28/display/redirect?page=artifacts"/>
    <property name="path.separator" value=";"/>
    <property name="java.vm.version" value="25.162-b12"/>
    <property name="user.variant" value=""/>
    <property name="JOB_DISPLAY_URL" value="http://localhost:8080/job/E-test/display/redirect"/>
    <property name="CommonProgramFiles(x86)" value="C:\Program Files (x86)\Common Files"/>
    <property name="java.awt.printerjob" value="sun.awt.windows.WPrinterJob"/>
    <property name="JAVA_HOME" value="E:\BaiduNetdiskDownload\idea\jdk1.8.0_162"/>
    <property name="sun.io.unicode.encoding" value="UnicodeLittle"/>
    <property name="CommonProgramFiles" value="C:\Program Files\Common Files"/>
    <property name="ComSpec" value="C:\WINDOWS\system32\cmd.exe"/>
    <property name="awt.toolkit" value="sun.awt.windows.WToolkit"/>
    <property name="POM_PACKAGING" value="jar"/>
    <property name="user.script" value=""/>
    <property name="SERVICE_ID" value="jenkins"/>
    <property name="COMPUTERNAME" value="DESKTOP-FJ710P4"/>
    <property name="POM_GROUPID" value="com.beilie"/>
    <property name="user.home" value="C:\Users\86182"/>
    <property name="PUBLIC" value="C:\Users\Public"/>
    <property name="BUILD_TAG" value="jenkins-E-test-28"/>
    <property name="JENKINS_SERVER_COOKIE" value="576f44e28c9d41ae"/>
    <property name="HUDSON_URL" value="http://localhost:8080/"/>
    <property name="ProgramData" value="C:\ProgramData"/>
    <property name="java.specification.vendor" value="Oracle Corporation"/>
    <property name="USERPROFILE" value="C:\Users\86182"/>
    <property name="CLASSPATH" value=""/>
    <property name="java.vendor.url" value="http://java.oracle.com/"/>
    <property name="java.library.path" value="E:\BaiduNetdiskDownload\idea\jdk1.8.0_162\bin;C:\WINDOWS\Sun\Java\bin;C:\WINDOWS\system32;C:\WINDOWS;E:/BaiduNetdiskDownload/idea/IntelliJ IDEA 2018.2.5/plugins/maven/lib/maven3/bin;E:\BaiduNetdiskDownload\idea\jdk1.8.0_162/bin;E:\BaiduNetdiskDownload\idea\jdk1.8.0_162/bin;C:\Python39\Scripts\;C:\Python39\;C:\WINDOWS\system32;C:\WINDOWS;C:\WINDOWS\System32\Wbem;C:\WINDOWS\System32\WindowsPowerShell\v1.0\;C:\WINDOWS\System32\OpenSSH\;D:\svn\bin;E:\BaiduNetdiskDownload\idea\jdk1.8.0_162\bin;E:\BaiduNetdiskDownload\idea\jdk1.8.0_162\jre\bin;E:/BaiduNetdiskDownload/idea/IntelliJ IDEA 2018.2.5/plugins/maven/lib/maven3\bin\;E:\BaiduNetdiskDownload\idea\apache-ant-1.10.12\bin;D:\Git安装包\Git\cmd;C:\Program Files\nodejs\;C:\ProgramData\chocolatey\bin;C:\Users\86182\AppData\Local\Microsoft\WindowsApps;C:\Users\86182\AppData\Roaming\npm;D:\Fiddler;."/>
    <property name="java.vm.vendor" value="Oracle Corporation"/>
    <property name="APPDATA" value="C:\Users\86182\AppData\Roaming"/>
    <property name="ZES_ENABLE_SYSMAN" value="1"/>
    <property name="java.runtime.name" value="Java(TM) SE Runtime Environment"/>
    <property name="maven.home" value="E:\BaiduNetdiskDownload\idea\IntelliJ IDEA 2018.2.5\plugins\maven\lib\maven3"/>
    <property name="java.class.path" value="C:\Users\86182\AppData\Local\Jenkins\.jenkins\plugins\maven-plugin\WEB-INF\lib\maven33-agent-1.13.jar;E:\BaiduNetdiskDownload\idea\IntelliJ IDEA 2018.2.5\plugins\maven\lib\maven3\boot\plexus-classworlds-2.5.2.jar;E:\BaiduNetdiskDownload\idea\IntelliJ IDEA 2018.2.5\plugins\maven\lib\maven3/conf/logging"/>
    <property name="sun.java.command" value="jenkins.maven3.agent.Maven33Main E:/BaiduNetdiskDownload/idea/IntelliJ IDEA 2018.2.5/plugins/maven/lib/maven3 C:\Users\86182\AppData\Local\Jenkins\war\WEB-INF\lib\remoting-4.10.jar C:\Users\86182\AppData\Local\Jenkins\.jenkins\plugins\maven-plugin\WEB-INF\lib\maven33-interceptor-1.13.jar C:\Users\86182\AppData\Local\Jenkins\.jenkins\plugins\maven-plugin\WEB-INF\lib\maven3-interceptor-commons-1.13.jar 59819"/>
    <property name="Path" value="E:\BaiduNetdiskDownload\idea\jdk1.8.0_162/bin;C:\Python39\Scripts\;C:\Python39\;C:\WINDOWS\system32;C:\WINDOWS;C:\WINDOWS\System32\Wbem;C:\WINDOWS\System32\WindowsPowerShell\v1.0\;C:\WINDOWS\System32\OpenSSH\;D:\svn\bin;E:\BaiduNetdiskDownload\idea\jdk1.8.0_162\bin;E:\BaiduNetdiskDownload\idea\jdk1.8.0_162\jre\bin;E:/BaiduNetdiskDownload/idea/IntelliJ IDEA 2018.2.5/plugins/maven/lib/maven3\bin\;E:\BaiduNetdiskDownload\idea\apache-ant-1.10.12\bin;D:\Git安装包\Git\cmd;C:\Program Files\nodejs\;C:\ProgramData\chocolatey\bin;C:\Users\86182\AppData\Local\Microsoft\WindowsApps;C:\Users\86182\AppData\Roaming\npm;D:\Fiddler"/>
    <property name="java.vm.specification.name" value="Java Virtual Machine Specification"/>
    <property name="PROCESSOR_ARCHITECTURE" value="AMD64"/>
    <property name="PATH+JDK" value="E:\BaiduNetdiskDownload\idea\jdk1.8.0_162/bin"/>
    <property name="PROCESSOR_IDENTIFIER" value="Intel64 Family 6 Model 158 Stepping 13, GenuineIntel"/>
    <property name="java.vm.specification.version" value="1.8"/>
    <property name="sun.os.patch.level" value=""/>
    <property name="sun.cpu.endian" value="little"/>
    <property name="M2_HOME" value="E:/BaiduNetdiskDownload/idea/IntelliJ IDEA 2018.2.5/plugins/maven/lib/maven3"/>
    <property name="java.io.tmpdir" value="C:\Users\86182\AppData\Local\Temp\"/>
    <property name="CI" value="true"/>
    <property name="OS" value="Windows_NT"/>
    <property name="HUDSON_HOME" value="C:\Users\86182\AppData\Local\Jenkins\.jenkins"/>
    <property name="PATH+MAVEN" value="E:/BaiduNetdiskDownload/idea/IntelliJ IDEA 2018.2.5/plugins/maven/lib/maven3/bin"/>
    <property name="ProgramFiles(x86)" value="C:\Program Files (x86)"/>
    <property name="BUILD_URL" value="http://localhost:8080/job/E-test/28/"/>
    <property name="java.vendor.url.bug" value="http://bugreport.sun.com/bugreport/"/>
    <property name="java.awt.graphicsenv" value="sun.awt.Win32GraphicsEnvironment"/>
    <property name="os.arch" value="amd64"/>
    <property name="SystemRoot" value="C:\WINDOWS"/>
    <property name="java.ext.dirs" value="E:\BaiduNetdiskDownload\idea\jdk1.8.0_162\jre\lib\ext;C:\WINDOWS\Sun\Java\lib\ext"/>
    <property name="user.dir" value="E:\seleniumTest\trunk\autoTest\src\com-beilie-test"/>
    <property name="JOB_URL" value="http://localhost:8080/job/E-test/"/>
    <property name="USERDOMAIN" value="DESKTOP-FJ710P4"/>
    <property name="line.separator" value="&#10;"/>
    <property name="MAVEN_HOME" value="E:/BaiduNetdiskDownload/idea/IntelliJ IDEA 2018.2.5/plugins/maven/lib/maven3"/>
    <property name="java.vm.name" value="Java HotSpot(TM) 64-Bit Server VM"/>
    <property name="BUILD_NUMBER" value="28"/>
    <property name="BASE" value="D:\jenkins"/>
    <property name="JENKINS_URL" value="http://localhost:8080/"/>
    <property name="PROCESSOR_REVISION" value="9e0d"/>
    <property name="ProgramW6432" value="C:\Program Files"/>
    <property name="windir" value="C:\WINDOWS"/>
    <property name="ChocolateyLastPathUpdate" value="132741571158108067"/>
    <property name="file.encoding" value="GBK"/>
    <property name="SystemDrive" value="C:"/>
    <property name="maven3.interceptor" value="C:\Users\86182\AppData\Local\Jenkins\.jenkins\plugins\maven-plugin\WEB-INF\lib\maven33-interceptor-1.13.jar"/>
    <property name="WORKSPACE_TMP" value="C:\Users\86182\AppData\Local\Jenkins\.jenkins\workspace\E-test@tmp"/>
    <property name="WORKSPACE" value="C:\Users\86182\AppData\Local\Jenkins\.jenkins\workspace\E-test"/>
    <property name="ChocolateyInstall" value="C:\ProgramData\chocolatey"/>
    <property name="maven3.interceptor.common" value="C:\Users\86182\AppData\Local\Jenkins\.jenkins\plugins\maven-plugin\WEB-INF\lib\maven3-interceptor-commons-1.13.jar"/>
    <property name="WINSW_EXECUTABLE" value="D:\jenkins\jenkins.exe"/>
    <property name="java.specification.version" value="1.8"/>
    <property name="PSModulePath" value="%ProgramFiles%\WindowsPowerShell\Modules;C:\WINDOWS\system32\WindowsPowerShell\v1.0\Modules"/>
    <property name="DriverData" value="C:\Windows\System32\Drivers\DriverData"/>
  </properties>
  <testcase name="新增客户成功" classname="com.beilie.test.bole.cases.客户部.我的客户._01GHHP00_添加单个客户" time="17.004">
    <failure message="element click intercepted: Element &lt;iframe src=&quot;/webapps/v2/GCCM/GCCM01/index.html?bole-v=1.1.0&amp;amp;formKey=GCCM01&amp;amp;formName=%E6%B7%BB%E5%8A%A0%E5%AE%A2%E6%88%B7&amp;amp;lang=zh&amp;amp;windowId=WID948390736983882&quot; frameborder=&quot;0&quot; id=&quot;GCCM01&quot; class=&quot;active_page&quot; cd_frame_id_=&quot;1118c3ff72efa9d23a1c1522040f2478&quot;&gt;&lt;/iframe&gt; is not clickable at point (679, 590). Other element would receive the click: &lt;div class=&quot;popUp_footer&quot;&gt;...&lt;/div&gt;&#10;  (Session info: chrome=98.0.4758.82)&#10;  (Driver info: chromedriver=98.0.4758.80 (7f0488e8ba0d8e019187c6325a16c29d9b7f4989-refs/branch-heads/4758@{#972}),platform=Windows NT 10.0.19043 x86_64) (WARNING: The server did not provide any stacktrace information)&#10;Command duration or timeout: 1.11 seconds&#10;Build info: version: &apos;2.53.1&apos;, revision: &apos;a36b8b1cd5757287168e54b817830adce9b0158d&apos;, time: &apos;2016-06-30 19:26:09&apos;&#10;System info: host: &apos;DESKTOP-FJ710P4&apos;, ip: &apos;192.168.5.36&apos;, os.name: &apos;Windows 10&apos;, os.arch: &apos;amd64&apos;, os.version: &apos;10.0&apos;, java.version: &apos;1.8.0_162&apos;&#10;Driver info: org.openqa.selenium.chrome.ChromeDriver&#10;Capabilities [{mobileEmulationEnabled=false, timeouts={implicit=0, pageLoad=300000, script=30000}, hasTouchScreen=false, platform=XP, acceptSslCerts=false, goog:chromeOptions={debuggerAddress=localhost:60009}, webauthn:extension:credBlob=true, acceptInsecureCerts=false, webStorageEnabled=true, browserName=chrome, takesScreenshot=true, javascriptEnabled=true, setWindowRect=true, webauthn:extension:largeBlob=true, unexpectedAlertBehaviour=ignore, rotatable=false, networkConnectionEnabled=false, chrome={chromedriverVersion=98.0.4758.80 (7f0488e8ba0d8e019187c6325a16c29d9b7f4989-refs/branch-heads/4758@{#972}), userDataDir=C:\Users\86182\AppData\Local\Temp\scoped_dir8544_1654810283}, takesHeapSnapshot=true, pageLoadStrategy=normal, strictFileInteractability=false, databaseEnabled=false, handlesAlerts=true, version=98.0.4758.82, browserConnectionEnabled=false, proxy={}, nativeEvents=true, locationContextEnabled=true, cssSelectorsEnabled=true, webauthn:virtualAuthenticators=true}]&#10;Session ID: c3efacc14fdcc434caedc12ba53a5d56" type="org.openqa.selenium.WebDriverException"><![CDATA[org.openqa.selenium.WebDriverException: element click intercepted: Element <iframe src="/webapps/v2/GCCM/GCCM01/index.html?bole-v=1.1.0&amp;formKey=GCCM01&amp;formName=%E6%B7%BB%E5%8A%A0%E5%AE%A2%E6%88%B7&amp;lang=zh&amp;windowId=WID948390736983882" frameborder="0" id="GCCM01" class="active_page" cd_frame_id_="1118c3ff72efa9d23a1c1522040f2478"></iframe> is not clickable at point (679, 590). Other element would receive the click: <div class="popUp_footer">...</div>
  (Session info: chrome=98.0.4758.82)
  (Driver info: chromedriver=98.0.4758.80 (7f0488e8ba0d8e019187c6325a16c29d9b7f4989-refs/branch-heads/4758@{#972}),platform=Windows NT 10.0.19043 x86_64) (WARNING: The server did not provide any stacktrace information)
Command duration or timeout: 1.11 seconds
Build info: version: '2.53.1', revision: 'a36b8b1cd5757287168e54b817830adce9b0158d', time: '2016-06-30 19:26:09'
System info: host: 'DESKTOP-FJ710P4', ip: '192.168.5.36', os.name: 'Windows 10', os.arch: 'amd64', os.version: '10.0', java.version: '1.8.0_162'
Driver info: org.openqa.selenium.chrome.ChromeDriver
Capabilities [{mobileEmulationEnabled=false, timeouts={implicit=0, pageLoad=300000, script=30000}, hasTouchScreen=false, platform=XP, acceptSslCerts=false, goog:chromeOptions={debuggerAddress=localhost:60009}, webauthn:extension:credBlob=true, acceptInsecureCerts=false, webStorageEnabled=true, browserName=chrome, takesScreenshot=true, javascriptEnabled=true, setWindowRect=true, webauthn:extension:largeBlob=true, unexpectedAlertBehaviour=ignore, rotatable=false, networkConnectionEnabled=false, chrome={chromedriverVersion=98.0.4758.80 (7f0488e8ba0d8e019187c6325a16c29d9b7f4989-refs/branch-heads/4758@{#972}), userDataDir=C:\Users\86182\AppData\Local\Temp\scoped_dir8544_1654810283}, takesHeapSnapshot=true, pageLoadStrategy=normal, strictFileInteractability=false, databaseEnabled=false, handlesAlerts=true, version=98.0.4758.82, browserConnectionEnabled=false, proxy={}, nativeEvents=true, locationContextEnabled=true, cssSelectorsEnabled=true, webauthn:virtualAuthenticators=true}]
Session ID: c3efacc14fdcc434caedc12ba53a5d56
	at sun.reflect.NativeConstructorAccessorImpl.newInstance0(Native Method)
	at sun.reflect.NativeConstructorAccessorImpl.newInstance(NativeConstructorAccessorImpl.java:62)
	at sun.reflect.DelegatingConstructorAccessorImpl.newInstance(DelegatingConstructorAccessorImpl.java:45)
	at java.lang.reflect.Constructor.newInstance(Constructor.java:423)
	at org.openqa.selenium.remote.ErrorHandler.createThrowable(ErrorHandler.java:206)
	at org.openqa.selenium.remote.ErrorHandler.throwIfResponseFailed(ErrorHandler.java:158)
	at org.openqa.selenium.remote.RemoteWebDriver.execute(RemoteWebDriver.java:678)
	at org.openqa.selenium.remote.RemoteWebElement.execute(RemoteWebElement.java:327)
	at org.openqa.selenium.remote.RemoteWebElement.click(RemoteWebElement.java:85)
	at com.beilie.test.seleniums.core.sealed.WebElementVendor.click(WebElementVendor.java:39)
	at com.beilie.test.seleniums.core.UIElement.click(UIElement.java:10)
	at com.beilie.test.open.PublicClass.Public.button_classClick(Public.java:676)
	at com.beilie.test.open.PublicClass.Public.industryComponent(Public.java:191)
	at com.beilie.test.bole.cases.客户部.我的客户._01GHHP00_添加单个客户.新增客户成功(_01GHHP00_添加单个客户.java:30)
]]></failure>
    <system-out><![CDATA[[TestNGContentHandler] [WARN] It is strongly recommended to add "<!DOCTYPE suite SYSTEM "http://testng.org/testng-1.0.dtd" >" at the top of your file, otherwise TestNG may fail or not work as expected.
10:16:20.315 [Forwarding newSession on session null to remote] DEBUG org.apache.http.client.protocol.RequestAddCookies - CookieSpec selected: default
10:16:20.322 [Forwarding newSession on session null to remote] DEBUG org.apache.http.client.protocol.RequestAuthCache - Auth cache not set in the context
10:16:20.323 [Forwarding newSession on session null to remote] DEBUG org.apache.http.impl.conn.PoolingHttpClientConnectionManager - Connection request: [route: {}->http://localhost:38510][total kept alive: 0; route allocated: 0 of 2000; total allocated: 0 of 2000]
10:16:20.332 [Forwarding newSession on session null to remote] DEBUG org.apache.http.impl.conn.PoolingHttpClientConnectionManager - Connection leased: [id: 0][route: {}->http://localhost:38510][total kept alive: 0; route allocated: 1 of 2000; total allocated: 1 of 2000]
10:16:20.332 [Forwarding newSession on session null to remote] DEBUG org.apache.http.impl.execchain.MainClientExec - Opening connection {}->http://localhost:38510
10:16:20.333 [Forwarding newSession on session null to remote] DEBUG org.apache.http.impl.conn.DefaultHttpClientConnectionOperator - Connecting to localhost/127.0.0.1:38510
10:16:20.334 [Forwarding newSession on session null to remote] DEBUG org.apache.http.impl.conn.DefaultHttpClientConnectionOperator - Connection established 127.0.0.1:60007<->127.0.0.1:38510
10:16:20.334 [Forwarding newSession on session null to remote] DEBUG org.apache.http.impl.conn.DefaultManagedHttpClientConnection - http-outgoing-0: set socket timeout to 10800000
10:16:20.334 [Forwarding newSession on session null to remote] DEBUG org.apache.http.impl.execchain.MainClientExec - Executing request POST /session HTTP/1.1
10:16:20.334 [Forwarding newSession on session null to remote] DEBUG org.apache.http.impl.execchain.MainClientExec - Target auth state: UNCHALLENGED
10:16:20.334 [Forwarding newSession on session null to remote] DEBUG org.apache.http.impl.execchain.MainClientExec - Proxy auth state: UNCHALLENGED
10:16:20.335 [Forwarding newSession on session null to remote] DEBUG org.apache.http.headers - http-outgoing-0 >> POST /session HTTP/1.1
10:16:20.335 [Forwarding newSession on session null to remote] DEBUG org.apache.http.headers - http-outgoing-0 >> Content-Type: application/json; charset=utf-8
10:16:20.335 [Forwarding newSession on session null to remote] DEBUG org.apache.http.headers - http-outgoing-0 >> Content-Length: 141
10:16:20.335 [Forwarding newSession on session null to remote] DEBUG org.apache.http.headers - http-outgoing-0 >> Host: localhost:38510
10:16:20.335 [Forwarding newSession on session null to remote] DEBUG org.apache.http.headers - http-outgoing-0 >> Connection: Keep-Alive
10:16:20.335 [Forwarding newSession on session null to remote] DEBUG org.apache.http.headers - http-outgoing-0 >> User-Agent: Apache-HttpClient/4.5.2 (Java/1.8.0_162)
10:16:20.335 [Forwarding newSession on session null to remote] DEBUG org.apache.http.headers - http-outgoing-0 >> Accept-Encoding: gzip,deflate
10:16:20.335 [Forwarding newSession on session null to remote] DEBUG org.apache.http.wire - http-outgoing-0 >> "POST /session HTTP/1.1[\r][\n]"
10:16:20.335 [Forwarding newSession on session null to remote] DEBUG org.apache.http.wire - http-outgoing-0 >> "Content-Type: application/json; charset=utf-8[\r][\n]"
10:16:20.335 [Forwarding newSession on session null to remote] DEBUG org.apache.http.wire - http-outgoing-0 >> "Content-Length: 141[\r][\n]"
10:16:20.335 [Forwarding newSession on session null to remote] DEBUG org.apache.http.wire - http-outgoing-0 >> "Host: localhost:38510[\r][\n]"
10:16:20.335 [Forwarding newSession on session null to remote] DEBUG org.apache.http.wire - http-outgoing-0 >> "Connection: Keep-Alive[\r][\n]"
10:16:20.335 [Forwarding newSession on session null to remote] DEBUG org.apache.http.wire - http-outgoing-0 >> "User-Agent: Apache-HttpClient/4.5.2 (Java/1.8.0_162)[\r][\n]"
10:16:20.335 [Forwarding newSession on session null to remote] DEBUG org.apache.http.wire - http-outgoing-0 >> "Accept-Encoding: gzip,deflate[\r][\n]"
10:16:20.335 [Forwarding newSession on session null to remote] DEBUG org.apache.http.wire - http-outgoing-0 >> "[\r][\n]"
10:16:20.336 [Forwarding newSession on session null to remote] DEBUG org.apache.http.wire - http-outgoing-0 >> "{"desiredCapabilities":{"browserName":"chrome","chromeOptions":{"args":["--start-maximized"],"extensions":[]},"version":"","platform":"ANY"}}"
10:16:23.955 [Forwarding newSession on session null to remote] DEBUG org.apache.http.wire - http-outgoing-0 << "HTTP/1.1 200 OK[\r][\n]"
10:16:23.955 [Forwarding newSession on session null to remote] DEBUG org.apache.http.wire - http-outgoing-0 << "Content-Length:1107[\r][\n]"
10:16:23.955 [Forwarding newSession on session null to remote] DEBUG org.apache.http.wire - http-outgoing-0 << "Content-Type:application/json; charset=utf-8[\r][\n]"
10:16:23.955 [Forwarding newSession on session null to remote] DEBUG org.apache.http.wire - http-outgoing-0 << "[\r][\n]"
10:16:23.956 [Forwarding newSession on session null to remote] DEBUG org.apache.http.wire - http-outgoing-0 << "{"sessionId":"c3efacc14fdcc434caedc12ba53a5d56","status":0,"value":{"acceptInsecureCerts":false,"acceptSslCerts":false,"browserConnectionEnabled":false,"browserName":"chrome","chrome":{"chromedriverVersion":"98.0.4758.80 (7f0488e8ba0d8e019187c6325a16c29d9b7f4989-refs/branch-heads/4758@{#972})","userDataDir":"C:\\Users\\86182\\AppData\\Local\\Temp\\scoped_dir8544_1654810283"},"cssSelectorsEnabled":true,"databaseEnabled":false,"goog:chromeOptions":{"debuggerAddress":"localhost:60009"},"handlesAlerts":true,"hasTouchScreen":false,"javascriptEnabled":true,"locationContextEnabled":true,"mobileEmulationEnabled":false,"nativeEvents":true,"networkConnectionEnabled":false,"pageLoadStrategy":"normal","platform":"Windows","proxy":{},"rotatable":false,"setWindowRect":true,"strictFileInteractability":false,"takesHeapSnapshot":true,"takesScreenshot":true,"timeouts":{"implicit":0,"pageLoad":300000,"script":30000},"unexpectedAlertBehaviour":"ignore","version":"98.0.4758.82","webStorageEnabled":true,"webauthn:extension:credBlob":true,"webauthn:extension:largeBlob":true,"webauthn:virtualAuthenticators":true}}"
10:16:23.958 [Forwarding newSession on session null to remote] DEBUG org.apache.http.headers - http-outgoing-0 << HTTP/1.1 200 OK
10:16:23.958 [Forwarding newSession on session null to remote] DEBUG org.apache.http.headers - http-outgoing-0 << Content-Length:1107
10:16:23.958 [Forwarding newSession on session null to remote] DEBUG org.apache.http.headers - http-outgoing-0 << Content-Type:application/json; charset=utf-8
10:16:23.960 [Forwarding newSession on session null to remote] DEBUG org.apache.http.impl.execchain.MainClientExec - Connection can be kept alive indefinitely
10:16:23.963 [Forwarding newSession on session null to remote] DEBUG org.apache.http.impl.conn.PoolingHttpClientConnectionManager - Connection [id: 0][route: {}->http://localhost:38510] can be kept alive indefinitely
10:16:23.963 [Forwarding newSession on session null to remote] DEBUG org.apache.http.impl.conn.PoolingHttpClientConnectionManager - Connection released: [id: 0][route: {}->http://localhost:38510][total kept alive: 1; route allocated: 1 of 2000; total allocated: 1 of 2000]
10:16:23.981 [Forwarding get on session c3efacc14fdcc434caedc12ba53a5d56 to remote] DEBUG org.apache.http.client.protocol.RequestAddCookies - CookieSpec selected: default
10:16:23.981 [Forwarding get on session c3efacc14fdcc434caedc12ba53a5d56 to remote] DEBUG org.apache.http.client.protocol.RequestAuthCache - Auth cache not set in the context
10:16:23.981 [Forwarding get on session c3efacc14fdcc434caedc12ba53a5d56 to remote] DEBUG org.apache.http.impl.conn.PoolingHttpClientConnectionManager - Connection request: [route: {}->http://localhost:38510][total kept alive: 1; route allocated: 1 of 2000; total allocated: 1 of 2000]
10:16:23.981 [Forwarding get on session c3efacc14fdcc434caedc12ba53a5d56 to remote] DEBUG org.apache.http.impl.conn.PoolingHttpClientConnectionManager - Connection leased: [id: 0][route: {}->http://localhost:38510][total kept alive: 0; route allocated: 1 of 2000; total allocated: 1 of 2000]
10:16:23.981 [Forwarding get on session c3efacc14fdcc434caedc12ba53a5d56 to remote] DEBUG org.apache.http.impl.execchain.MainClientExec - Stale connection check
10:16:23.987 [Forwarding get on session c3efacc14fdcc434caedc12ba53a5d56 to remote] DEBUG org.apache.http.wire - http-outgoing-0 << "[read] I/O error: Read timed out"
10:16:23.987 [Forwarding get on session c3efacc14fdcc434caedc12ba53a5d56 to remote] DEBUG org.apache.http.impl.conn.DefaultManagedHttpClientConnection - http-outgoing-0: set socket timeout to 10800000
10:16:23.987 [Forwarding get on session c3efacc14fdcc434caedc12ba53a5d56 to remote] DEBUG org.apache.http.impl.execchain.MainClientExec - Executing request POST /session/c3efacc14fdcc434caedc12ba53a5d56/url HTTP/1.1
10:16:23.987 [Forwarding get on session c3efacc14fdcc434caedc12ba53a5d56 to remote] DEBUG org.apache.http.impl.execchain.MainClientExec - Target auth state: UNCHALLENGED
10:16:23.987 [Forwarding get on session c3efacc14fdcc434caedc12ba53a5d56 to remote] DEBUG org.apache.http.impl.execchain.MainClientExec - Proxy auth state: UNCHALLENGED
10:16:23.987 [Forwarding get on session c3efacc14fdcc434caedc12ba53a5d56 to remote] DEBUG org.apache.http.headers - http-outgoing-0 >> POST /session/c3efacc14fdcc434caedc12ba53a5d56/url HTTP/1.1
10:16:23.987 [Forwarding get on session c3efacc14fdcc434caedc12ba53a5d56 to remote] DEBUG org.apache.http.headers - http-outgoing-0 >> Content-Type: application/json; charset=utf-8
10:16:23.987 [Forwarding get on session c3efacc14fdcc434caedc12ba53a5d56 to remote] DEBUG org.apache.http.headers - http-outgoing-0 >> Content-Length: 37
10:16:23.987 [Forwarding get on session c3efacc14fdcc434caedc12ba53a5d56 to remote] DEBUG org.apache.http.headers - http-outgoing-0 >> Host: localhost:38510
10:16:23.987 [Forwarding get on session c3efacc14fdcc434caedc12ba53a5d56 to remote] DEBUG org.apache.http.headers - http-outgoing-0 >> Connection: Keep-Alive
10:16:23.987 [Forwarding get on session c3efacc14fdcc434caedc12ba53a5d56 to remote] DEBUG org.apache.http.headers - http-outgoing-0 >> User-Agent: Apache-HttpClient/4.5.2 (Java/1.8.0_162)
10:16:23.987 [Forwarding get on session c3efacc14fdcc434caedc12ba53a5d56 to remote] DEBUG org.apache.http.headers - http-outgoing-0 >> Accept-Encoding: gzip,deflate
10:16:23.987 [Forwarding get on session c3efacc14fdcc434caedc12ba53a5d56 to remote] DEBUG org.apache.http.wire - http-outgoing-0 >> "POST /session/c3efacc14fdcc434caedc12ba53a5d56/url HTTP/1.1[\r][\n]"
10:16:23.987 [Forwarding get on session c3efacc14fdcc434caedc12ba53a5d56 to remote] DEBUG org.apache.http.wire - http-outgoing-0 >> "Content-Type: application/json; charset=utf-8[\r][\n]"
10:16:23.987 [Forwarding get on session c3efacc14fdcc434caedc12ba53a5d56 to remote] DEBUG org.apache.http.wire - http-outgoing-0 >> "Content-Length: 37[\r][\n]"
10:16:23.987 [Forwarding get on session c3efacc14fdcc434caedc12ba53a5d56 to remote] DEBUG org.apache.http.wire - http-outgoing-0 >> "Host: localhost:38510[\r][\n]"
10:16:23.987 [Forwarding get on session c3efacc14fdcc434caedc12ba53a5d56 to remote] DEBUG org.apache.http.wire - http-outgoing-0 >> "Connection: Keep-Alive[\r][\n]"
10:16:23.987 [Forwarding get on session c3efacc14fdcc434caedc12ba53a5d56 to remote] DEBUG org.apache.http.wire - http-outgoing-0 >> "User-Agent: Apache-HttpClient/4.5.2 (Java/1.8.0_162)[\r][\n]"
10:16:23.987 [Forwarding get on session c3efacc14fdcc434caedc12ba53a5d56 to remote] DEBUG org.apache.http.wire - http-outgoing-0 >> "Accept-Encoding: gzip,deflate[\r][\n]"
10:16:23.987 [Forwarding get on session c3efacc14fdcc434caedc12ba53a5d56 to remote] DEBUG org.apache.http.wire - http-outgoing-0 >> "[\r][\n]"
10:16:23.987 [Forwarding get on session c3efacc14fdcc434caedc12ba53a5d56 to remote] DEBUG org.apache.http.wire - http-outgoing-0 >> "{"url":"http://192.168.5.215/#/home"}"
10:16:26.961 [Forwarding get on session c3efacc14fdcc434caedc12ba53a5d56 to remote] DEBUG org.apache.http.wire - http-outgoing-0 << "HTTP/1.1 200 OK[\r][\n]"
10:16:26.961 [Forwarding get on session c3efacc14fdcc434caedc12ba53a5d56 to remote] DEBUG org.apache.http.wire - http-outgoing-0 << "Content-Length:72[\r][\n]"
10:16:26.961 [Forwarding get on session c3efacc14fdcc434caedc12ba53a5d56 to remote] DEBUG org.apache.http.wire - http-outgoing-0 << "Content-Type:application/json; charset=utf-8[\r][\n]"
10:16:26.961 [Forwarding get on session c3efacc14fdcc434caedc12ba53a5d56 to remote] DEBUG org.apache.http.wire - http-outgoing-0 << "[\r][\n]"
10:16:26.961 [Forwarding get on session c3efacc14fdcc434caedc12ba53a5d56 to remote] DEBUG org.apache.http.wire - http-outgoing-0 << "{"sessionId":"c3efacc14fdcc434caedc12ba53a5d56","status":0,"value":null}"
10:16:26.962 [Forwarding get on session c3efacc14fdcc434caedc12ba53a5d56 to remote] DEBUG org.apache.http.headers - http-outgoing-0 << HTTP/1.1 200 OK
10:16:26.962 [Forwarding get on session c3efacc14fdcc434caedc12ba53a5d56 to remote] DEBUG org.apache.http.headers - http-outgoing-0 << Content-Length:72
10:16:26.962 [Forwarding get on session c3efacc14fdcc434caedc12ba53a5d56 to remote] DEBUG org.apache.http.headers - http-outgoing-0 << Content-Type:application/json; charset=utf-8
10:16:26.962 [Forwarding get on session c3efacc14fdcc434caedc12ba53a5d56 to remote] DEBUG org.apache.http.impl.execchain.MainClientExec - Connection can be kept alive indefinitely
10:16:26.963 [Forwarding get on session c3efacc14fdcc434caedc12ba53a5d56 to remote] DEBUG org.apache.http.impl.conn.PoolingHttpClientConnectionManager - Connection [id: 0][route: {}->http://localhost:38510] can be kept alive indefinitely
10:16:26.963 [Forwarding get on session c3efacc14fdcc434caedc12ba53a5d56 to remote] DEBUG org.apache.http.impl.conn.PoolingHttpClientConnectionManager - Connection released: [id: 0][route: {}->http://localhost:38510][total kept alive: 1; route allocated: 1 of 2000; total allocated: 1 of 2000]
10:16:26.987 [Forwarding findElement on session c3efacc14fdcc434caedc12ba53a5d56 to remote] DEBUG org.apache.http.client.protocol.RequestAddCookies - CookieSpec selected: default
10:16:26.987 [Forwarding findElement on session c3efacc14fdcc434caedc12ba53a5d56 to remote] DEBUG org.apache.http.client.protocol.RequestAuthCache - Auth cache not set in the context
10:16:26.987 [Forwarding findElement on session c3efacc14fdcc434caedc12ba53a5d56 to remote] DEBUG org.apache.http.impl.conn.PoolingHttpClientConnectionManager - Connection request: [route: {}->http://localhost:38510][total kept alive: 1; route allocated: 1 of 2000; total allocated: 1 of 2000]
10:16:26.987 [Forwarding findElement on session c3efacc14fdcc434caedc12ba53a5d56 to remote] DEBUG org.apache.http.impl.conn.PoolingHttpClientConnectionManager - Connection leased: [id: 0][route: {}->http://localhost:38510][total kept alive: 0; route allocated: 1 of 2000; total allocated: 1 of 2000]
10:16:26.987 [Forwarding findElement on session c3efacc14fdcc434caedc12ba53a5d56 to remote] DEBUG org.apache.http.impl.execchain.MainClientExec - Stale connection check
10:16:26.996 [Forwarding findElement on session c3efacc14fdcc434caedc12ba53a5d56 to remote] DEBUG org.apache.http.wire - http-outgoing-0 << "[read] I/O error: Read timed out"
10:16:26.996 [Forwarding findElement on session c3efacc14fdcc434caedc12ba53a5d56 to remote] DEBUG org.apache.http.impl.conn.DefaultManagedHttpClientConnection - http-outgoing-0: set socket timeout to 10800000
10:16:26.996 [Forwarding findElement on session c3efacc14fdcc434caedc12ba53a5d56 to remote] DEBUG org.apache.http.impl.execchain.MainClientExec - Executing request POST /session/c3efacc14fdcc434caedc12ba53a5d56/element HTTP/1.1
10:16:26.996 [Forwarding findElement on session c3efacc14fdcc434caedc12ba53a5d56 to remote] DEBUG org.apache.http.impl.execchain.MainClientExec - Target auth state: UNCHALLENGED
10:16:26.996 [Forwarding findElement on session c3efacc14fdcc434caedc12ba53a5d56 to remote] DEBUG org.apache.http.impl.execchain.MainClientExec - Proxy auth state: UNCHALLENGED
10:16:26.996 [Forwarding findElement on session c3efacc14fdcc434caedc12ba53a5d56 to remote] DEBUG org.apache.http.headers - http-outgoing-0 >> POST /session/c3efacc14fdcc434caedc12ba53a5d56/element HTTP/1.1
10:16:26.996 [Forwarding findElement on session c3efacc14fdcc434caedc12ba53a5d56 to remote] DEBUG org.apache.http.headers - http-outgoing-0 >> Content-Type: application/json; charset=utf-8
10:16:26.996 [Forwarding findElement on session c3efacc14fdcc434caedc12ba53a5d56 to remote] DEBUG org.apache.http.headers - http-outgoing-0 >> Content-Length: 37
10:16:26.996 [Forwarding findElement on session c3efacc14fdcc434caedc12ba53a5d56 to remote] DEBUG org.apache.http.headers - http-outgoing-0 >> Host: localhost:38510
10:16:26.996 [Forwarding findElement on session c3efacc14fdcc434caedc12ba53a5d56 to remote] DEBUG org.apache.http.headers - http-outgoing-0 >> Connection: Keep-Alive
10:16:26.996 [Forwarding findElement on session c3efacc14fdcc434caedc12ba53a5d56 to remote] DEBUG org.apache.http.headers - http-outgoing-0 >> User-Agent: Apache-HttpClient/4.5.2 (Java/1.8.0_162)
10:16:26.996 [Forwarding findElement on session c3efacc14fdcc434caedc12ba53a5d56 to remote] DEBUG org.apache.http.headers - http-outgoing-0 >> Accept-Encoding: gzip,deflate
10:16:26.996 [Forwarding findElement on session c3efacc14fdcc434caedc12ba53a5d56 to remote] DEBUG org.apache.http.wire - http-outgoing-0 >> "POST /session/c3efacc14fdcc434caedc12ba53a5d56/element HTTP/1.1[\r][\n]"
10:16:26.996 [Forwarding findElement on session c3efacc14fdcc434caedc12ba53a5d56 to remote] DEBUG org.apache.http.wire - http-outgoing-0 >> "Content-Type: application/json; charset=utf-8[\r][\n]"
10:16:26.996 [Forwarding findElement on session c3efacc14fdcc434caedc12ba53a5d56 to remote] DEBUG org.apache.http.wire - http-outgoing-0 >> "Content-Length: 37[\r][\n]"
10:16:26.996 [Forwarding findElement on session c3efacc14fdcc434caedc12ba53a5d56 to remote] DEBUG org.apache.http.wire - http-outgoing-0 >> "Host: localhost:38510[\r][\n]"
10:16:26.996 [Forwarding findElement on session c3efacc14fdcc434caedc12ba53a5d56 to remote] DEBUG org.apache.http.wire - http-outgoing-0 >> "Connection: Keep-Alive[\r][\n]"
10:16:26.996 [Forwarding findElement on session c3efacc14fdcc434caedc12ba53a5d56 to remote] DEBUG org.apache.http.wire - http-outgoing-0 >> "User-Agent: Apache-HttpClient/4.5.2 (Java/1.8.0_162)[\r][\n]"
10:16:26.996 [Forwarding findElement on session c3efacc14fdcc434caedc12ba53a5d56 to remote] DEBUG org.apache.http.wire - http-outgoing-0 >> "Accept-Encoding: gzip,deflate[\r][\n]"
10:16:26.996 [Forwarding findElement on session c3efacc14fdcc434caedc12ba53a5d56 to remote] DEBUG org.apache.http.wire - http-outgoing-0 >> "[\r][\n]"
10:16:26.996 [Forwarding findElement on session c3efacc14fdcc434caedc12ba53a5d56 to remote] DEBUG org.apache.http.wire - http-outgoing-0 >> "{"using":"id","value":"accountLogin"}"
10:16:27.005 [Forwarding findElement on session c3efacc14fdcc434caedc12ba53a5d56 to remote] DEBUG org.apache.http.wire - http-outgoing-0 << "HTTP/1.1 200 OK[\r][\n]"
10:16:27.005 [Forwarding findElement on session c3efacc14fdcc434caedc12ba53a5d56 to remote] DEBUG org.apache.http.wire - http-outgoing-0 << "Content-Length:102[\r][\n]"
10:16:27.005 [Forwarding findElement on session c3efacc14fdcc434caedc12ba53a5d56 to remote] DEBUG org.apache.http.wire - http-outgoing-0 << "Content-Type:application/json; charset=utf-8[\r][\n]"
10:16:27.005 [Forwarding findElement on session c3efacc14fdcc434caedc12ba53a5d56 to remote] DEBUG org.apache.http.wire - http-outgoing-0 << "[\r][\n]"
10:16:27.005 [Forwarding findElement on session c3efacc14fdcc434caedc12ba53a5d56 to remote] DEBUG org.apache.http.wire - http-outgoing-0 << "{"sessionId":"c3efacc14fdcc434caedc12ba53a5d56","status":0,"value":{"ELEMENT":"0.6155297832354707-1"}}"
10:16:27.005 [Forwarding findElement on session c3efacc14fdcc434caedc12ba53a5d56 to remote] DEBUG org.apache.http.headers - http-outgoing-0 << HTTP/1.1 200 OK
10:16:27.005 [Forwarding findElement on session c3efacc14fdcc434caedc12ba53a5d56 to remote] DEBUG org.apache.http.headers - http-outgoing-0 << Content-Length:102
10:16:27.005 [Forwarding findElement on session c3efacc14fdcc434caedc12ba53a5d56 to remote] DEBUG org.apache.http.headers - http-outgoing-0 << Content-Type:application/json; charset=utf-8
10:16:27.005 [Forwarding findElement on session c3efacc14fdcc434caedc12ba53a5d56 to remote] DEBUG org.apache.http.impl.execchain.MainClientExec - Connection can be kept alive indefinitely
10:16:27.005 [Forwarding findElement on session c3efacc14fdcc434caedc12ba53a5d56 to remote] DEBUG org.apache.http.impl.conn.PoolingHttpClientConnectionManager - Connection [id: 0][route: {}->http://localhost:38510] can be kept alive indefinitely
10:16:27.005 [Forwarding findElement on session c3efacc14fdcc434caedc12ba53a5d56 to remote] DEBUG org.apache.http.impl.conn.PoolingHttpClientConnectionManager - Connection released: [id: 0][route: {}->http://localhost:38510][total kept alive: 1; route allocated: 1 of 2000; total allocated: 1 of 2000]
10:16:27.018 [Forwarding clickElement on session c3efacc14fdcc434caedc12ba53a5d56 to remote] DEBUG org.apache.http.client.protocol.RequestAddCookies - CookieSpec selected: default
10:16:27.018 [Forwarding clickElement on session c3efacc14fdcc434caedc12ba53a5d56 to remote] DEBUG org.apache.http.client.protocol.RequestAuthCache - Auth cache not set in the context
10:16:27.018 [Forwarding clickElement on session c3efacc14fdcc434caedc12ba53a5d56 to remote] DEBUG org.apache.http.impl.conn.PoolingHttpClientConnectionManager - Connection request: [route: {}->http://localhost:38510][total kept alive: 1; route allocated: 1 of 2000; total allocated: 1 of 2000]
10:16:27.019 [Forwarding clickElement on session c3efacc14fdcc434caedc12ba53a5d56 to remote] DEBUG org.apache.http.impl.conn.PoolingHttpClientConnectionManager - Connection leased: [id: 0][route: {}->http://localhost:38510][total kept alive: 0; route allocated: 1 of 2000; total allocated: 1 of 2000]
10:16:27.019 [Forwarding clickElement on session c3efacc14fdcc434caedc12ba53a5d56 to remote] DEBUG org.apache.http.impl.execchain.MainClientExec - Stale connection check
10:16:27.027 [Forwarding clickElement on session c3efacc14fdcc434caedc12ba53a5d56 to remote] DEBUG org.apache.http.wire - http-outgoing-0 << "[read] I/O error: Read timed out"
10:16:27.027 [Forwarding clickElement on session c3efacc14fdcc434caedc12ba53a5d56 to remote] DEBUG org.apache.http.impl.conn.DefaultManagedHttpClientConnection - http-outgoing-0: set socket timeout to 10800000
10:16:27.027 [Forwarding clickElement on session c3efacc14fdcc434caedc12ba53a5d56 to remote] DEBUG org.apache.http.impl.execchain.MainClientExec - Executing request POST /session/c3efacc14fdcc434caedc12ba53a5d56/element/0.6155297832354707-1/click HTTP/1.1
10:16:27.027 [Forwarding clickElement on session c3efacc14fdcc434caedc12ba53a5d56 to remote] DEBUG org.apache.http.impl.execchain.MainClientExec - Target auth state: UNCHALLENGED
10:16:27.027 [Forwarding clickElement on session c3efacc14fdcc434caedc12ba53a5d56 to remote] DEBUG org.apache.http.impl.execchain.MainClientExec - Proxy auth state: UNCHALLENGED
10:16:27.028 [Forwarding clickElement on session c3efacc14fdcc434caedc12ba53a5d56 to remote] DEBUG org.apache.http.headers - http-outgoing-0 >> POST /session/c3efacc14fdcc434caedc12ba53a5d56/element/0.6155297832354707-1/click HTTP/1.1
10:16:27.028 [Forwarding clickElement on session c3efacc14fdcc434caedc12ba53a5d56 to remote] DEBUG org.apache.http.headers - http-outgoing-0 >> Content-Type: application/json; charset=utf-8
10:16:27.028 [Forwarding clickElement on session c3efacc14fdcc434caedc12ba53a5d56 to remote] DEBUG org.apache.http.headers - http-outgoing-0 >> Content-Length: 29
10:16:27.028 [Forwarding clickElement on session c3efacc14fdcc434caedc12ba53a5d56 to remote] DEBUG org.apache.http.headers - http-outgoing-0 >> Host: localhost:38510
10:16:27.028 [Forwarding clickElement on session c3efacc14fdcc434caedc12ba53a5d56 to remote] DEBUG org.apache.http.headers - http-outgoing-0 >> Connection: Keep-Alive
10:16:27.028 [Forwarding clickElement on session c3efacc14fdcc434caedc12ba53a5d56 to remote] DEBUG org.apache.http.headers - http-outgoing-0 >> User-Agent: Apache-HttpClient/4.5.2 (Java/1.8.0_162)
10:16:27.028 [Forwarding clickElement on session c3efacc14fdcc434caedc12ba53a5d56 to remote] DEBUG org.apache.http.headers - http-outgoing-0 >> Accept-Encoding: gzip,deflate
10:16:27.028 [Forwarding clickElement on session c3efacc14fdcc434caedc12ba53a5d56 to remote] DEBUG org.apache.http.wire - http-outgoing-0 >> "POST /session/c3efacc14fdcc434caedc12ba53a5d56/element/0.6155297832354707-1/click HTTP/1.1[\r][\n]"
10:16:27.028 [Forwarding clickElement on session c3efacc14fdcc434caedc12ba53a5d56 to remote] DEBUG org.apache.http.wire - http-outgoing-0 >> "Content-Type: application/json; charset=utf-8[\r][\n]"
10:16:27.028 [Forwarding clickElement on session c3efacc14fdcc434caedc12ba53a5d56 to remote] DEBUG org.apache.http.wire - http-outgoing-0 >> "Content-Length: 29[\r][\n]"
10:16:27.028 [Forwarding clickElement on session c3efacc14fdcc434caedc12ba53a5d56 to remote] DEBUG org.apache.http.wire - http-outgoing-0 >> "Host: localhost:38510[\r][\n]"
10:16:27.028 [Forwarding clickElement on session c3efacc14fdcc434caedc12ba53a5d56 to remote] DEBUG org.apache.http.wire - http-outgoing-0 >> "Connection: Keep-Alive[\r][\n]"
10:16:27.028 [Forwarding clickElement on session c3efacc14fdcc434caedc12ba53a5d56 to remote] DEBUG org.apache.http.wire - http-outgoing-0 >> "User-Agent: Apache-HttpClient/4.5.2 (Java/1.8.0_162)[\r][\n]"
10:16:27.028 [Forwarding clickElement on session c3efacc14fdcc434caedc12ba53a5d56 to remote] DEBUG org.apache.http.wire - http-outgoing-0 >> "Accept-Encoding: gzip,deflate[\r][\n]"
10:16:27.028 [Forwarding clickElement on session c3efacc14fdcc434caedc12ba53a5d56 to remote] DEBUG org.apache.http.wire - http-outgoing-0 >> "[\r][\n]"
10:16:27.028 [Forwarding clickElement on session c3efacc14fdcc434caedc12ba53a5d56 to remote] DEBUG org.apache.http.wire - http-outgoing-0 >> "{"id":"0.6155297832354707-1"}"
10:16:27.256 [Forwarding clickElement on session c3efacc14fdcc434caedc12ba53a5d56 to remote] DEBUG org.apache.http.wire - http-outgoing-0 << "HTTP/1.1 200 OK[\r][\n]"
10:16:27.256 [Forwarding clickElement on session c3efacc14fdcc434caedc12ba53a5d56 to remote] DEBUG org.apache.http.wire - http-outgoing-0 << "Content-Length:72[\r][\n]"
10:16:27.256 [Forwarding clickElement on session c3efacc14fdcc434caedc12ba53a5d56 to remote] DEBUG org.apache.http.wire - http-outgoing-0 << "Content-Type:application/json; charset=utf-8[\r][\n]"
10:16:27.256 [Forwarding clickElement on session c3efacc14fdcc434caedc12ba53a5d56 to remote] DEBUG org.apache.http.wire - http-outgoing-0 << "[\r][\n]"
10:16:27.256 [Forwarding clickElement on session c3efacc14fdcc434caedc12ba53a5d56 to remote] DEBUG org.apache.http.wire - http-outgoing-0 << "{"sessionId":"c3efacc14fdcc434caedc12ba53a5d56","status":0,"value":null}"
10:16:27.256 [Forwarding clickElement on session c3efacc14fdcc434caedc12ba53a5d56 to remote] DEBUG org.apache.http.headers - http-outgoing-0 << HTTP/1.1 200 OK
10:16:27.256 [Forwarding clickElement on session c3efacc14fdcc434caedc12ba53a5d56 to remote] DEBUG org.apache.http.headers - http-outgoing-0 << Content-Length:72
10:16:27.256 [Forwarding clickElement on session c3efacc14fdcc434caedc12ba53a5d56 to remote] DEBUG org.apache.http.headers - http-outgoing-0 << Content-Type:application/json; charset=utf-8
10:16:27.256 [Forwarding clickElement on session c3efacc14fdcc434caedc12ba53a5d56 to remote] DEBUG org.apache.http.impl.execchain.MainClientExec - Connection can be kept alive indefinitely
10:16:27.256 [Forwarding clickElement on session c3efacc14fdcc434caedc12ba53a5d56 to remote] DEBUG org.apache.http.impl.conn.PoolingHttpClientConnectionManager - Connection [id: 0][route: {}->http://localhost:38510] can be kept alive indefinitely
10:16:27.256 [Forwarding clickElement on session c3efacc14fdcc434caedc12ba53a5d56 to remote] DEBUG org.apache.http.impl.conn.PoolingHttpClientConnectionManager - Connection released: [id: 0][route: {}->http://localhost:38510][total kept alive: 1; route allocated: 1 of 2000; total allocated: 1 of 2000]
10:16:28.263 [Forwarding findElement on session c3efacc14fdcc434caedc12ba53a5d56 to remote] DEBUG org.apache.http.client.protocol.RequestAddCookies - CookieSpec selected: default
10:16:28.263 [Forwarding findElement on session c3efacc14fdcc434caedc12ba53a5d56 to remote] DEBUG org.apache.http.client.protocol.RequestAuthCache - Auth cache not set in the context
10:16:28.263 [Forwarding findElement on session c3efacc14fdcc434caedc12ba53a5d56 to remote] DEBUG org.apache.http.impl.conn.PoolingHttpClientConnectionManager - Connection request: [route: {}->http://localhost:38510][total kept alive: 1; route allocated: 1 of 2000; total allocated: 1 of 2000]
10:16:28.263 [Forwarding findElement on session c3efacc14fdcc434caedc12ba53a5d56 to remote] DEBUG org.apache.http.impl.conn.PoolingHttpClientConnectionManager - Connection leased: [id: 0][route: {}->http://localhost:38510][total kept alive: 0; route allocated: 1 of 2000; total allocated: 1 of 2000]
10:16:28.263 [Forwarding findElement on session c3efacc14fdcc434caedc12ba53a5d56 to remote] DEBUG org.apache.http.impl.execchain.MainClientExec - Stale connection check
10:16:28.278 [Forwarding findElement on session c3efacc14fdcc434caedc12ba53a5d56 to remote] DEBUG org.apache.http.wire - http-outgoing-0 << "[read] I/O error: Read timed out"
10:16:28.278 [Forwarding findElement on session c3efacc14fdcc434caedc12ba53a5d56 to remote] DEBUG org.apache.http.impl.conn.DefaultManagedHttpClientConnection - http-outgoing-0: set socket timeout to 10800000
10:16:28.278 [Forwarding findElement on session c3efacc14fdcc434caedc12ba53a5d56 to remote] DEBUG org.apache.http.impl.execchain.MainClientExec - Executing request POST /session/c3efacc14fdcc434caedc12ba53a5d56/element HTTP/1.1
10:16:28.278 [Forwarding findElement on session c3efacc14fdcc434caedc12ba53a5d56 to remote] DEBUG org.apache.http.impl.execchain.MainClientExec - Target auth state: UNCHALLENGED
10:16:28.278 [Forwarding findElement on session c3efacc14fdcc434caedc12ba53a5d56 to remote] DEBUG org.apache.http.impl.execchain.MainClientExec - Proxy auth state: UNCHALLENGED
10:16:28.278 [Forwarding findElement on session c3efacc14fdcc434caedc12ba53a5d56 to remote] DEBUG org.apache.http.headers - http-outgoing-0 >> POST /session/c3efacc14fdcc434caedc12ba53a5d56/element HTTP/1.1
10:16:28.278 [Forwarding findElement on session c3efacc14fdcc434caedc12ba53a5d56 to remote] DEBUG org.apache.http.headers - http-outgoing-0 >> Content-Type: application/json; charset=utf-8
10:16:28.278 [Forwarding findElement on session c3efacc14fdcc434caedc12ba53a5d56 to remote] DEBUG org.apache.http.headers - http-outgoing-0 >> Content-Length: 33
10:16:28.278 [Forwarding findElement on session c3efacc14fdcc434caedc12ba53a5d56 to remote] DEBUG org.apache.http.headers - http-outgoing-0 >> Host: localhost:38510
10:16:28.278 [Forwarding findElement on session c3efacc14fdcc434caedc12ba53a5d56 to remote] DEBUG org.apache.http.headers - http-outgoing-0 >> Connection: Keep-Alive
10:16:28.278 [Forwarding findElement on session c3efacc14fdcc434caedc12ba53a5d56 to remote] DEBUG org.apache.http.headers - http-outgoing-0 >> User-Agent: Apache-HttpClient/4.5.2 (Java/1.8.0_162)
10:16:28.278 [Forwarding findElement on session c3efacc14fdcc434caedc12ba53a5d56 to remote] DEBUG org.apache.http.headers - http-outgoing-0 >> Accept-Encoding: gzip,deflate
10:16:28.278 [Forwarding findElement on session c3efacc14fdcc434caedc12ba53a5d56 to remote] DEBUG org.apache.http.wire - http-outgoing-0 >> "POST /session/c3efacc14fdcc434caedc12ba53a5d56/element HTTP/1.1[\r][\n]"
10:16:28.278 [Forwarding findElement on session c3efacc14fdcc434caedc12ba53a5d56 to remote] DEBUG org.apache.http.wire - http-outgoing-0 >> "Content-Type: application/json; charset=utf-8[\r][\n]"
10:16:28.278 [Forwarding findElement on session c3efacc14fdcc434caedc12ba53a5d56 to remote] DEBUG org.apache.http.wire - http-outgoing-0 >> "Content-Length: 33[\r][\n]"
10:16:28.278 [Forwarding findElement on session c3efacc14fdcc434caedc12ba53a5d56 to remote] DEBUG org.apache.http.wire - http-outgoing-0 >> "Host: localhost:38510[\r][\n]"
10:16:28.278 [Forwarding findElement on session c3efacc14fdcc434caedc12ba53a5d56 to remote] DEBUG org.apache.http.wire - http-outgoing-0 >> "Connection: Keep-Alive[\r][\n]"
10:16:28.278 [Forwarding findElement on session c3efacc14fdcc434caedc12ba53a5d56 to remote] DEBUG org.apache.http.wire - http-outgoing-0 >> "User-Agent: Apache-HttpClient/4.5.2 (Java/1.8.0_162)[\r][\n]"
10:16:28.278 [Forwarding findElement on session c3efacc14fdcc434caedc12ba53a5d56 to remote] DEBUG org.apache.http.wire - http-outgoing-0 >> "Accept-Encoding: gzip,deflate[\r][\n]"
10:16:28.278 [Forwarding findElement on session c3efacc14fdcc434caedc12ba53a5d56 to remote] DEBUG org.apache.http.wire - http-outgoing-0 >> "[\r][\n]"
10:16:28.278 [Forwarding findElement on session c3efacc14fdcc434caedc12ba53a5d56 to remote] DEBUG org.apache.http.wire - http-outgoing-0 >> "{"using":"id","value":"username"}"
10:16:28.288 [Forwarding findElement on session c3efacc14fdcc434caedc12ba53a5d56 to remote] DEBUG org.apache.http.wire - http-outgoing-0 << "HTTP/1.1 200 OK[\r][\n]"
10:16:28.288 [Forwarding findElement on session c3efacc14fdcc434caedc12ba53a5d56 to remote] DEBUG org.apache.http.wire - http-outgoing-0 << "Content-Length:103[\r][\n]"
10:16:28.288 [Forwarding findElement on session c3efacc14fdcc434caedc12ba53a5d56 to remote] DEBUG org.apache.http.wire - http-outgoing-0 << "Content-Type:application/json; charset=utf-8[\r][\n]"
10:16:28.288 [Forwarding findElement on session c3efacc14fdcc434caedc12ba53a5d56 to remote] DEBUG org.apache.http.wire - http-outgoing-0 << "[\r][\n]"
10:16:28.288 [Forwarding findElement on session c3efacc14fdcc434caedc12ba53a5d56 to remote] DEBUG org.apache.http.wire - http-outgoing-0 << "{"sessionId":"c3efacc14fdcc434caedc12ba53a5d56","status":0,"value":{"ELEMENT":"0.33968893457514215-1"}}"
10:16:28.288 [Forwarding findElement on session c3efacc14fdcc434caedc12ba53a5d56 to remote] DEBUG org.apache.http.headers - http-outgoing-0 << HTTP/1.1 200 OK
10:16:28.288 [Forwarding findElement on session c3efacc14fdcc434caedc12ba53a5d56 to remote] DEBUG org.apache.http.headers - http-outgoing-0 << Content-Length:103
10:16:28.288 [Forwarding findElement on session c3efacc14fdcc434caedc12ba53a5d56 to remote] DEBUG org.apache.http.headers - http-outgoing-0 << Content-Type:application/json; charset=utf-8
10:16:28.288 [Forwarding findElement on session c3efacc14fdcc434caedc12ba53a5d56 to remote] DEBUG org.apache.http.impl.execchain.MainClientExec - Connection can be kept alive indefinitely
10:16:28.288 [Forwarding findElement on session c3efacc14fdcc434caedc12ba53a5d56 to remote] DEBUG org.apache.http.impl.conn.PoolingHttpClientConnectionManager - Connection [id: 0][route: {}->http://localhost:38510] can be kept alive indefinitely
10:16:28.288 [Forwarding findElement on session c3efacc14fdcc434caedc12ba53a5d56 to remote] DEBUG org.apache.http.impl.conn.PoolingHttpClientConnectionManager - Connection released: [id: 0][route: {}->http://localhost:38510][total kept alive: 1; route allocated: 1 of 2000; total allocated: 1 of 2000]
10:16:28.289 [Forwarding sendKeysToElement on session c3efacc14fdcc434caedc12ba53a5d56 to remote] DEBUG org.apache.http.client.protocol.RequestAddCookies - CookieSpec selected: default
10:16:28.289 [Forwarding sendKeysToElement on session c3efacc14fdcc434caedc12ba53a5d56 to remote] DEBUG org.apache.http.client.protocol.RequestAuthCache - Auth cache not set in the context
10:16:28.290 [Forwarding sendKeysToElement on session c3efacc14fdcc434caedc12ba53a5d56 to remote] DEBUG org.apache.http.impl.conn.PoolingHttpClientConnectionManager - Connection request: [route: {}->http://localhost:38510][total kept alive: 1; route allocated: 1 of 2000; total allocated: 1 of 2000]
10:16:28.290 [Forwarding sendKeysToElement on session c3efacc14fdcc434caedc12ba53a5d56 to remote] DEBUG org.apache.http.impl.conn.PoolingHttpClientConnectionManager - Connection leased: [id: 0][route: {}->http://localhost:38510][total kept alive: 0; route allocated: 1 of 2000; total allocated: 1 of 2000]
10:16:28.290 [Forwarding sendKeysToElement on session c3efacc14fdcc434caedc12ba53a5d56 to remote] DEBUG org.apache.http.impl.execchain.MainClientExec - Stale connection check
10:16:28.294 [Forwarding sendKeysToElement on session c3efacc14fdcc434caedc12ba53a5d56 to remote] DEBUG org.apache.http.wire - http-outgoing-0 << "[read] I/O error: Read timed out"
10:16:28.295 [Forwarding sendKeysToElement on session c3efacc14fdcc434caedc12ba53a5d56 to remote] DEBUG org.apache.http.impl.conn.DefaultManagedHttpClientConnection - http-outgoing-0: set socket timeout to 10800000
10:16:28.295 [Forwarding sendKeysToElement on session c3efacc14fdcc434caedc12ba53a5d56 to remote] DEBUG org.apache.http.impl.execchain.MainClientExec - Executing request POST /session/c3efacc14fdcc434caedc12ba53a5d56/element/0.33968893457514215-1/value HTTP/1.1
10:16:28.295 [Forwarding sendKeysToElement on session c3efacc14fdcc434caedc12ba53a5d56 to remote] DEBUG org.apache.http.impl.execchain.MainClientExec - Target auth state: UNCHALLENGED
10:16:28.295 [Forwarding sendKeysToElement on session c3efacc14fdcc434caedc12ba53a5d56 to remote] DEBUG org.apache.http.impl.execchain.MainClientExec - Proxy auth state: UNCHALLENGED
10:16:28.295 [Forwarding sendKeysToElement on session c3efacc14fdcc434caedc12ba53a5d56 to remote] DEBUG org.apache.http.headers - http-outgoing-0 >> POST /session/c3efacc14fdcc434caedc12ba53a5d56/element/0.33968893457514215-1/value HTTP/1.1
10:16:28.295 [Forwarding sendKeysToElement on session c3efacc14fdcc434caedc12ba53a5d56 to remote] DEBUG org.apache.http.headers - http-outgoing-0 >> Content-Type: application/json; charset=utf-8
10:16:28.296 [Forwarding sendKeysToElement on session c3efacc14fdcc434caedc12ba53a5d56 to remote] DEBUG org.apache.http.headers - http-outgoing-0 >> Content-Length: 51
10:16:28.296 [Forwarding sendKeysToElement on session c3efacc14fdcc434caedc12ba53a5d56 to remote] DEBUG org.apache.http.headers - http-outgoing-0 >> Host: localhost:38510
10:16:28.296 [Forwarding sendKeysToElement on session c3efacc14fdcc434caedc12ba53a5d56 to remote] DEBUG org.apache.http.headers - http-outgoing-0 >> Connection: Keep-Alive
10:16:28.296 [Forwarding sendKeysToElement on session c3efacc14fdcc434caedc12ba53a5d56 to remote] DEBUG org.apache.http.headers - http-outgoing-0 >> User-Agent: Apache-HttpClient/4.5.2 (Java/1.8.0_162)
10:16:28.296 [Forwarding sendKeysToElement on session c3efacc14fdcc434caedc12ba53a5d56 to remote] DEBUG org.apache.http.headers - http-outgoing-0 >> Accept-Encoding: gzip,deflate
10:16:28.296 [Forwarding sendKeysToElement on session c3efacc14fdcc434caedc12ba53a5d56 to remote] DEBUG org.apache.http.wire - http-outgoing-0 >> "POST /session/c3efacc14fdcc434caedc12ba53a5d56/element/0.33968893457514215-1/value HTTP/1.1[\r][\n]"
10:16:28.296 [Forwarding sendKeysToElement on session c3efacc14fdcc434caedc12ba53a5d56 to remote] DEBUG org.apache.http.wire - http-outgoing-0 >> "Content-Type: application/json; charset=utf-8[\r][\n]"
10:16:28.296 [Forwarding sendKeysToElement on session c3efacc14fdcc434caedc12ba53a5d56 to remote] DEBUG org.apache.http.wire - http-outgoing-0 >> "Content-Length: 51[\r][\n]"
10:16:28.296 [Forwarding sendKeysToElement on session c3efacc14fdcc434caedc12ba53a5d56 to remote] DEBUG org.apache.http.wire - http-outgoing-0 >> "Host: localhost:38510[\r][\n]"
10:16:28.296 [Forwarding sendKeysToElement on session c3efacc14fdcc434caedc12ba53a5d56 to remote] DEBUG org.apache.http.wire - http-outgoing-0 >> "Connection: Keep-Alive[\r][\n]"
10:16:28.296 [Forwarding sendKeysToElement on session c3efacc14fdcc434caedc12ba53a5d56 to remote] DEBUG org.apache.http.wire - http-outgoing-0 >> "User-Agent: Apache-HttpClient/4.5.2 (Java/1.8.0_162)[\r][\n]"
10:16:28.296 [Forwarding sendKeysToElement on session c3efacc14fdcc434caedc12ba53a5d56 to remote] DEBUG org.apache.http.wire - http-outgoing-0 >> "Accept-Encoding: gzip,deflate[\r][\n]"
10:16:28.296 [Forwarding sendKeysToElement on session c3efacc14fdcc434caedc12ba53a5d56 to remote] DEBUG org.apache.http.wire - http-outgoing-0 >> "[\r][\n]"
10:16:28.296 [Forwarding sendKeysToElement on session c3efacc14fdcc434caedc12ba53a5d56 to remote] DEBUG org.apache.http.wire - http-outgoing-0 >> "{"id":"0.33968893457514215-1","value":["68659105"]}"
10:16:28.333 [Forwarding sendKeysToElement on session c3efacc14fdcc434caedc12ba53a5d56 to remote] DEBUG org.apache.http.wire - http-outgoing-0 << "HTTP/1.1 200 OK[\r][\n]"
10:16:28.333 [Forwarding sendKeysToElement on session c3efacc14fdcc434caedc12ba53a5d56 to remote] DEBUG org.apache.http.wire - http-outgoing-0 << "Content-Length:72[\r][\n]"
10:16:28.333 [Forwarding sendKeysToElement on session c3efacc14fdcc434caedc12ba53a5d56 to remote] DEBUG org.apache.http.wire - http-outgoing-0 << "Content-Type:application/json; charset=utf-8[\r][\n]"
10:16:28.333 [Forwarding sendKeysToElement on session c3efacc14fdcc434caedc12ba53a5d56 to remote] DEBUG org.apache.http.wire - http-outgoing-0 << "[\r][\n]"
10:16:28.333 [Forwarding sendKeysToElement on session c3efacc14fdcc434caedc12ba53a5d56 to remote] DEBUG org.apache.http.wire - http-outgoing-0 << "{"sessionId":"c3efacc14fdcc434caedc12ba53a5d56","status":0,"value":null}"
10:16:28.333 [Forwarding sendKeysToElement on session c3efacc14fdcc434caedc12ba53a5d56 to remote] DEBUG org.apache.http.headers - http-outgoing-0 << HTTP/1.1 200 OK
10:16:28.333 [Forwarding sendKeysToElement on session c3efacc14fdcc434caedc12ba53a5d56 to remote] DEBUG org.apache.http.headers - http-outgoing-0 << Content-Length:72
10:16:28.333 [Forwarding sendKeysToElement on session c3efacc14fdcc434caedc12ba53a5d56 to remote] DEBUG org.apache.http.headers - http-outgoing-0 << Content-Type:application/json; charset=utf-8
10:16:28.333 [Forwarding sendKeysToElement on session c3efacc14fdcc434caedc12ba53a5d56 to remote] DEBUG org.apache.http.impl.execchain.MainClientExec - Connection can be kept alive indefinitely
10:16:28.333 [Forwarding sendKeysToElement on session c3efacc14fdcc434caedc12ba53a5d56 to remote] DEBUG org.apache.http.impl.conn.PoolingHttpClientConnectionManager - Connection [id: 0][route: {}->http://localhost:38510] can be kept alive indefinitely
10:16:28.333 [Forwarding sendKeysToElement on session c3efacc14fdcc434caedc12ba53a5d56 to remote] DEBUG org.apache.http.impl.conn.PoolingHttpClientConnectionManager - Connection released: [id: 0][route: {}->http://localhost:38510][total kept alive: 1; route allocated: 1 of 2000; total allocated: 1 of 2000]
10:16:28.334 [Forwarding findElement on session c3efacc14fdcc434caedc12ba53a5d56 to remote] DEBUG org.apache.http.client.protocol.RequestAddCookies - CookieSpec selected: default
10:16:28.334 [Forwarding findElement on session c3efacc14fdcc434caedc12ba53a5d56 to remote] DEBUG org.apache.http.client.protocol.RequestAuthCache - Auth cache not set in the context
10:16:28.334 [Forwarding findElement on session c3efacc14fdcc434caedc12ba53a5d56 to remote] DEBUG org.apache.http.impl.conn.PoolingHttpClientConnectionManager - Connection request: [route: {}->http://localhost:38510][total kept alive: 1; route allocated: 1 of 2000; total allocated: 1 of 2000]
10:16:28.334 [Forwarding findElement on session c3efacc14fdcc434caedc12ba53a5d56 to remote] DEBUG org.apache.http.impl.conn.PoolingHttpClientConnectionManager - Connection leased: [id: 0][route: {}->http://localhost:38510][total kept alive: 0; route allocated: 1 of 2000; total allocated: 1 of 2000]
10:16:28.334 [Forwarding findElement on session c3efacc14fdcc434caedc12ba53a5d56 to remote] DEBUG org.apache.http.impl.execchain.MainClientExec - Stale connection check
10:16:28.340 [Forwarding findElement on session c3efacc14fdcc434caedc12ba53a5d56 to remote] DEBUG org.apache.http.wire - http-outgoing-0 << "[read] I/O error: Read timed out"
10:16:28.340 [Forwarding findElement on session c3efacc14fdcc434caedc12ba53a5d56 to remote] DEBUG org.apache.http.impl.conn.DefaultManagedHttpClientConnection - http-outgoing-0: set socket timeout to 10800000
10:16:28.340 [Forwarding findElement on session c3efacc14fdcc434caedc12ba53a5d56 to remote] DEBUG org.apache.http.impl.execchain.MainClientExec - Executing request POST /session/c3efacc14fdcc434caedc12ba53a5d56/element HTTP/1.1
10:16:28.340 [Forwarding findElement on session c3efacc14fdcc434caedc12ba53a5d56 to remote] DEBUG org.apache.http.impl.execchain.MainClientExec - Target auth state: UNCHALLENGED
10:16:28.340 [Forwarding findElement on session c3efacc14fdcc434caedc12ba53a5d56 to remote] DEBUG org.apache.http.impl.execchain.MainClientExec - Proxy auth state: UNCHALLENGED
10:16:28.340 [Forwarding findElement on session c3efacc14fdcc434caedc12ba53a5d56 to remote] DEBUG org.apache.http.headers - http-outgoing-0 >> POST /session/c3efacc14fdcc434caedc12ba53a5d56/element HTTP/1.1
10:16:28.340 [Forwarding findElement on session c3efacc14fdcc434caedc12ba53a5d56 to remote] DEBUG org.apache.http.headers - http-outgoing-0 >> Content-Type: application/json; charset=utf-8
10:16:28.340 [Forwarding findElement on session c3efacc14fdcc434caedc12ba53a5d56 to remote] DEBUG org.apache.http.headers - http-outgoing-0 >> Content-Length: 33
10:16:28.340 [Forwarding findElement on session c3efacc14fdcc434caedc12ba53a5d56 to remote] DEBUG org.apache.http.headers - http-outgoing-0 >> Host: localhost:38510
10:16:28.340 [Forwarding findElement on session c3efacc14fdcc434caedc12ba53a5d56 to remote] DEBUG org.apache.http.headers - http-outgoing-0 >> Connection: Keep-Alive
10:16:28.340 [Forwarding findElement on session c3efacc14fdcc434caedc12ba53a5d56 to remote] DEBUG org.apache.http.headers - http-outgoing-0 >> User-Agent: Apache-HttpClient/4.5.2 (Java/1.8.0_162)
10:16:28.340 [Forwarding findElement on session c3efacc14fdcc434caedc12ba53a5d56 to remote] DEBUG org.apache.http.headers - http-outgoing-0 >> Accept-Encoding: gzip,deflate
10:16:28.340 [Forwarding findElement on session c3efacc14fdcc434caedc12ba53a5d56 to remote] DEBUG org.apache.http.wire - http-outgoing-0 >> "POST /session/c3efacc14fdcc434caedc12ba53a5d56/element HTTP/1.1[\r][\n]"
10:16:28.340 [Forwarding findElement on session c3efacc14fdcc434caedc12ba53a5d56 to remote] DEBUG org.apache.http.wire - http-outgoing-0 >> "Content-Type: application/json; charset=utf-8[\r][\n]"
10:16:28.340 [Forwarding findElement on session c3efacc14fdcc434caedc12ba53a5d56 to remote] DEBUG org.apache.http.wire - http-outgoing-0 >> "Content-Length: 33[\r][\n]"
10:16:28.340 [Forwarding findElement on session c3efacc14fdcc434caedc12ba53a5d56 to remote] DEBUG org.apache.http.wire - http-outgoing-0 >> "Host: localhost:38510[\r][\n]"
10:16:28.340 [Forwarding findElement on session c3efacc14fdcc434caedc12ba53a5d56 to remote] DEBUG org.apache.http.wire - http-outgoing-0 >> "Connection: Keep-Alive[\r][\n]"
10:16:28.340 [Forwarding findElement on session c3efacc14fdcc434caedc12ba53a5d56 to remote] DEBUG org.apache.http.wire - http-outgoing-0 >> "User-Agent: Apache-HttpClient/4.5.2 (Java/1.8.0_162)[\r][\n]"
10:16:28.340 [Forwarding findElement on session c3efacc14fdcc434caedc12ba53a5d56 to remote] DEBUG org.apache.http.wire - http-outgoing-0 >> "Accept-Encoding: gzip,deflate[\r][\n]"
10:16:28.340 [Forwarding findElement on session c3efacc14fdcc434caedc12ba53a5d56 to remote] DEBUG org.apache.http.wire - http-outgoing-0 >> "[\r][\n]"
10:16:28.340 [Forwarding findElement on session c3efacc14fdcc434caedc12ba53a5d56 to remote] DEBUG org.apache.http.wire - http-outgoing-0 >> "{"using":"id","value":"password"}"
10:16:28.348 [Forwarding findElement on session c3efacc14fdcc434caedc12ba53a5d56 to remote] DEBUG org.apache.http.wire - http-outgoing-0 << "HTTP/1.1 200 OK[\r][\n]"
10:16:28.348 [Forwarding findElement on session c3efacc14fdcc434caedc12ba53a5d56 to remote] DEBUG org.apache.http.wire - http-outgoing-0 << "Content-Length:103[\r][\n]"
10:16:28.348 [Forwarding findElement on session c3efacc14fdcc434caedc12ba53a5d56 to remote] DEBUG org.apache.http.wire - http-outgoing-0 << "Content-Type:application/json; charset=utf-8[\r][\n]"
10:16:28.348 [Forwarding findElement on session c3efacc14fdcc434caedc12ba53a5d56 to remote] DEBUG org.apache.http.wire - http-outgoing-0 << "[\r][\n]"
10:16:28.348 [Forwarding findElement on session c3efacc14fdcc434caedc12ba53a5d56 to remote] DEBUG org.apache.http.wire - http-outgoing-0 << "{"sessionId":"c3efacc14fdcc434caedc12ba53a5d56","status":0,"value":{"ELEMENT":"0.33968893457514215-2"}}"
10:16:28.348 [Forwarding findElement on session c3efacc14fdcc434caedc12ba53a5d56 to remote] DEBUG org.apache.http.headers - http-outgoing-0 << HTTP/1.1 200 OK
10:16:28.348 [Forwarding findElement on session c3efacc14fdcc434caedc12ba53a5d56 to remote] DEBUG org.apache.http.headers - http-outgoing-0 << Content-Length:103
10:16:28.348 [Forwarding findElement on session c3efacc14fdcc434caedc12ba53a5d56 to remote] DEBUG org.apache.http.headers - http-outgoing-0 << Content-Type:application/json; charset=utf-8
10:16:28.349 [Forwarding findElement on session c3efacc14fdcc434caedc12ba53a5d56 to remote] DEBUG org.apache.http.impl.execchain.MainClientExec - Connection can be kept alive indefinitely
10:16:28.349 [Forwarding findElement on session c3efacc14fdcc434caedc12ba53a5d56 to remote] DEBUG org.apache.http.impl.conn.PoolingHttpClientConnectionManager - Connection [id: 0][route: {}->http://localhost:38510] can be kept alive indefinitely
10:16:28.349 [Forwarding findElement on session c3efacc14fdcc434caedc12ba53a5d56 to remote] DEBUG org.apache.http.impl.conn.PoolingHttpClientConnectionManager - Connection released: [id: 0][route: {}->http://localhost:38510][total kept alive: 1; route allocated: 1 of 2000; total allocated: 1 of 2000]
10:16:28.350 [Forwarding sendKeysToElement on session c3efacc14fdcc434caedc12ba53a5d56 to remote] DEBUG org.apache.http.client.protocol.RequestAddCookies - CookieSpec selected: default
10:16:28.350 [Forwarding sendKeysToElement on session c3efacc14fdcc434caedc12ba53a5d56 to remote] DEBUG org.apache.http.client.protocol.RequestAuthCache - Auth cache not set in the context
10:16:28.350 [Forwarding sendKeysToElement on session c3efacc14fdcc434caedc12ba53a5d56 to remote] DEBUG org.apache.http.impl.conn.PoolingHttpClientConnectionManager - Connection request: [route: {}->http://localhost:38510][total kept alive: 1; route allocated: 1 of 2000; total allocated: 1 of 2000]
10:16:28.350 [Forwarding sendKeysToElement on session c3efacc14fdcc434caedc12ba53a5d56 to remote] DEBUG org.apache.http.impl.conn.PoolingHttpClientConnectionManager - Connection leased: [id: 0][route: {}->http://localhost:38510][total kept alive: 0; route allocated: 1 of 2000; total allocated: 1 of 2000]
10:16:28.350 [Forwarding sendKeysToElement on session c3efacc14fdcc434caedc12ba53a5d56 to remote] DEBUG org.apache.http.impl.execchain.MainClientExec - Stale connection check
10:16:28.355 [Forwarding sendKeysToElement on session c3efacc14fdcc434caedc12ba53a5d56 to remote] DEBUG org.apache.http.wire - http-outgoing-0 << "[read] I/O error: Read timed out"
10:16:28.355 [Forwarding sendKeysToElement on session c3efacc14fdcc434caedc12ba53a5d56 to remote] DEBUG org.apache.http.impl.conn.DefaultManagedHttpClientConnection - http-outgoing-0: set socket timeout to 10800000
10:16:28.355 [Forwarding sendKeysToElement on session c3efacc14fdcc434caedc12ba53a5d56 to remote] DEBUG org.apache.http.impl.execchain.MainClientExec - Executing request POST /session/c3efacc14fdcc434caedc12ba53a5d56/element/0.33968893457514215-2/value HTTP/1.1
10:16:28.355 [Forwarding sendKeysToElement on session c3efacc14fdcc434caedc12ba53a5d56 to remote] DEBUG org.apache.http.impl.execchain.MainClientExec - Target auth state: UNCHALLENGED
10:16:28.355 [Forwarding sendKeysToElement on session c3efacc14fdcc434caedc12ba53a5d56 to remote] DEBUG org.apache.http.impl.execchain.MainClientExec - Proxy auth state: UNCHALLENGED
10:16:28.355 [Forwarding sendKeysToElement on session c3efacc14fdcc434caedc12ba53a5d56 to remote] DEBUG org.apache.http.headers - http-outgoing-0 >> POST /session/c3efacc14fdcc434caedc12ba53a5d56/element/0.33968893457514215-2/value HTTP/1.1
10:16:28.355 [Forwarding sendKeysToElement on session c3efacc14fdcc434caedc12ba53a5d56 to remote] DEBUG org.apache.http.headers - http-outgoing-0 >> Content-Type: application/json; charset=utf-8
10:16:28.356 [Forwarding sendKeysToElement on session c3efacc14fdcc434caedc12ba53a5d56 to remote] DEBUG org.apache.http.headers - http-outgoing-0 >> Content-Length: 49
10:16:28.356 [Forwarding sendKeysToElement on session c3efacc14fdcc434caedc12ba53a5d56 to remote] DEBUG org.apache.http.headers - http-outgoing-0 >> Host: localhost:38510
10:16:28.356 [Forwarding sendKeysToElement on session c3efacc14fdcc434caedc12ba53a5d56 to remote] DEBUG org.apache.http.headers - http-outgoing-0 >> Connection: Keep-Alive
10:16:28.356 [Forwarding sendKeysToElement on session c3efacc14fdcc434caedc12ba53a5d56 to remote] DEBUG org.apache.http.headers - http-outgoing-0 >> User-Agent: Apache-HttpClient/4.5.2 (Java/1.8.0_162)
10:16:28.356 [Forwarding sendKeysToElement on session c3efacc14fdcc434caedc12ba53a5d56 to remote] DEBUG org.apache.http.headers - http-outgoing-0 >> Accept-Encoding: gzip,deflate
10:16:28.356 [Forwarding sendKeysToElement on session c3efacc14fdcc434caedc12ba53a5d56 to remote] DEBUG org.apache.http.wire - http-outgoing-0 >> "POST /session/c3efacc14fdcc434caedc12ba53a5d56/element/0.33968893457514215-2/value HTTP/1.1[\r][\n]"
10:16:28.356 [Forwarding sendKeysToElement on session c3efacc14fdcc434caedc12ba53a5d56 to remote] DEBUG org.apache.http.wire - http-outgoing-0 >> "Content-Type: application/json; charset=utf-8[\r][\n]"
10:16:28.356 [Forwarding sendKeysToElement on session c3efacc14fdcc434caedc12ba53a5d56 to remote] DEBUG org.apache.http.wire - http-outgoing-0 >> "Content-Length: 49[\r][\n]"
10:16:28.356 [Forwarding sendKeysToElement on session c3efacc14fdcc434caedc12ba53a5d56 to remote] DEBUG org.apache.http.wire - http-outgoing-0 >> "Host: localhost:38510[\r][\n]"
10:16:28.356 [Forwarding sendKeysToElement on session c3efacc14fdcc434caedc12ba53a5d56 to remote] DEBUG org.apache.http.wire - http-outgoing-0 >> "Connection: Keep-Alive[\r][\n]"
10:16:28.356 [Forwarding sendKeysToElement on session c3efacc14fdcc434caedc12ba53a5d56 to remote] DEBUG org.apache.http.wire - http-outgoing-0 >> "User-Agent: Apache-HttpClient/4.5.2 (Java/1.8.0_162)[\r][\n]"
10:16:28.356 [Forwarding sendKeysToElement on session c3efacc14fdcc434caedc12ba53a5d56 to remote] DEBUG org.apache.http.wire - http-outgoing-0 >> "Accept-Encoding: gzip,deflate[\r][\n]"
10:16:28.356 [Forwarding sendKeysToElement on session c3efacc14fdcc434caedc12ba53a5d56 to remote] DEBUG org.apache.http.wire - http-outgoing-0 >> "[\r][\n]"
10:16:28.356 [Forwarding sendKeysToElement on session c3efacc14fdcc434caedc12ba53a5d56 to remote] DEBUG org.apache.http.wire - http-outgoing-0 >> "{"id":"0.33968893457514215-2","value":["888888"]}"
10:16:28.387 [Forwarding sendKeysToElement on session c3efacc14fdcc434caedc12ba53a5d56 to remote] DEBUG org.apache.http.wire - http-outgoing-0 << "HTTP/1.1 200 OK[\r][\n]"
10:16:28.387 [Forwarding sendKeysToElement on session c3efacc14fdcc434caedc12ba53a5d56 to remote] DEBUG org.apache.http.wire - http-outgoing-0 << "Content-Length:72[\r][\n]"
10:16:28.387 [Forwarding sendKeysToElement on session c3efacc14fdcc434caedc12ba53a5d56 to remote] DEBUG org.apache.http.wire - http-outgoing-0 << "Content-Type:application/json; charset=utf-8[\r][\n]"
10:16:28.387 [Forwarding sendKeysToElement on session c3efacc14fdcc434caedc12ba53a5d56 to remote] DEBUG org.apache.http.wire - http-outgoing-0 << "[\r][\n]"
10:16:28.387 [Forwarding sendKeysToElement on session c3efacc14fdcc434caedc12ba53a5d56 to remote] DEBUG org.apache.http.wire - http-outgoing-0 << "{"sessionId":"c3efacc14fdcc434caedc12ba53a5d56","status":0,"value":null}"
10:16:28.387 [Forwarding sendKeysToElement on session c3efacc14fdcc434caedc12ba53a5d56 to remote] DEBUG org.apache.http.headers - http-outgoing-0 << HTTP/1.1 200 OK
10:16:28.387 [Forwarding sendKeysToElement on session c3efacc14fdcc434caedc12ba53a5d56 to remote] DEBUG org.apache.http.headers - http-outgoing-0 << Content-Length:72
10:16:28.387 [Forwarding sendKeysToElement on session c3efacc14fdcc434caedc12ba53a5d56 to remote] DEBUG org.apache.http.headers - http-outgoing-0 << Content-Type:application/json; charset=utf-8
10:16:28.388 [Forwarding sendKeysToElement on session c3efacc14fdcc434caedc12ba53a5d56 to remote] DEBUG org.apache.http.impl.execchain.MainClientExec - Connection can be kept alive indefinitely
10:16:28.388 [Forwarding sendKeysToElement on session c3efacc14fdcc434caedc12ba53a5d56 to remote] DEBUG org.apache.http.impl.conn.PoolingHttpClientConnectionManager - Connection [id: 0][route: {}->http://localhost:38510] can be kept alive indefinitely
10:16:28.388 [Forwarding sendKeysToElement on session c3efacc14fdcc434caedc12ba53a5d56 to remote] DEBUG org.apache.http.impl.conn.PoolingHttpClientConnectionManager - Connection released: [id: 0][route: {}->http://localhost:38510][total kept alive: 1; route allocated: 1 of 2000; total allocated: 1 of 2000]
10:16:28.389 [Forwarding findElement on session c3efacc14fdcc434caedc12ba53a5d56 to remote] DEBUG org.apache.http.client.protocol.RequestAddCookies - CookieSpec selected: default
10:16:28.389 [Forwarding findElement on session c3efacc14fdcc434caedc12ba53a5d56 to remote] DEBUG org.apache.http.client.protocol.RequestAuthCache - Auth cache not set in the context
10:16:28.389 [Forwarding findElement on session c3efacc14fdcc434caedc12ba53a5d56 to remote] DEBUG org.apache.http.impl.conn.PoolingHttpClientConnectionManager - Connection request: [route: {}->http://localhost:38510][total kept alive: 1; route allocated: 1 of 2000; total allocated: 1 of 2000]
10:16:28.389 [Forwarding findElement on session c3efacc14fdcc434caedc12ba53a5d56 to remote] DEBUG org.apache.http.impl.conn.PoolingHttpClientConnectionManager - Connection leased: [id: 0][route: {}->http://localhost:38510][total kept alive: 0; route allocated: 1 of 2000; total allocated: 1 of 2000]
10:16:28.389 [Forwarding findElement on session c3efacc14fdcc434caedc12ba53a5d56 to remote] DEBUG org.apache.http.impl.execchain.MainClientExec - Stale connection check
10:16:28.403 [Forwarding findElement on session c3efacc14fdcc434caedc12ba53a5d56 to remote] DEBUG org.apache.http.wire - http-outgoing-0 << "[read] I/O error: Read timed out"
10:16:28.403 [Forwarding findElement on session c3efacc14fdcc434caedc12ba53a5d56 to remote] DEBUG org.apache.http.impl.conn.DefaultManagedHttpClientConnection - http-outgoing-0: set socket timeout to 10800000
10:16:28.403 [Forwarding findElement on session c3efacc14fdcc434caedc12ba53a5d56 to remote] DEBUG org.apache.http.impl.execchain.MainClientExec - Executing request POST /session/c3efacc14fdcc434caedc12ba53a5d56/element HTTP/1.1
10:16:28.403 [Forwarding findElement on session c3efacc14fdcc434caedc12ba53a5d56 to remote] DEBUG org.apache.http.impl.execchain.MainClientExec - Target auth state: UNCHALLENGED
10:16:28.403 [Forwarding findElement on session c3efacc14fdcc434caedc12ba53a5d56 to remote] DEBUG org.apache.http.impl.execchain.MainClientExec - Proxy auth state: UNCHALLENGED
10:16:28.403 [Forwarding findElement on session c3efacc14fdcc434caedc12ba53a5d56 to remote] DEBUG org.apache.http.headers - http-outgoing-0 >> POST /session/c3efacc14fdcc434caedc12ba53a5d56/element HTTP/1.1
10:16:28.403 [Forwarding findElement on session c3efacc14fdcc434caedc12ba53a5d56 to remote] DEBUG org.apache.http.headers - http-outgoing-0 >> Content-Type: application/json; charset=utf-8
10:16:28.403 [Forwarding findElement on session c3efacc14fdcc434caedc12ba53a5d56 to remote] DEBUG org.apache.http.headers - http-outgoing-0 >> Content-Length: 32
10:16:28.403 [Forwarding findElement on session c3efacc14fdcc434caedc12ba53a5d56 to remote] DEBUG org.apache.http.headers - http-outgoing-0 >> Host: localhost:38510
10:16:28.403 [Forwarding findElement on session c3efacc14fdcc434caedc12ba53a5d56 to remote] DEBUG org.apache.http.headers - http-outgoing-0 >> Connection: Keep-Alive
10:16:28.403 [Forwarding findElement on session c3efacc14fdcc434caedc12ba53a5d56 to remote] DEBUG org.apache.http.headers - http-outgoing-0 >> User-Agent: Apache-HttpClient/4.5.2 (Java/1.8.0_162)
10:16:28.403 [Forwarding findElement on session c3efacc14fdcc434caedc12ba53a5d56 to remote] DEBUG org.apache.http.headers - http-outgoing-0 >> Accept-Encoding: gzip,deflate
10:16:28.403 [Forwarding findElement on session c3efacc14fdcc434caedc12ba53a5d56 to remote] DEBUG org.apache.http.wire - http-outgoing-0 >> "POST /session/c3efacc14fdcc434caedc12ba53a5d56/element HTTP/1.1[\r][\n]"
10:16:28.403 [Forwarding findElement on session c3efacc14fdcc434caedc12ba53a5d56 to remote] DEBUG org.apache.http.wire - http-outgoing-0 >> "Content-Type: application/json; charset=utf-8[\r][\n]"
10:16:28.403 [Forwarding findElement on session c3efacc14fdcc434caedc12ba53a5d56 to remote] DEBUG org.apache.http.wire - http-outgoing-0 >> "Content-Length: 32[\r][\n]"
10:16:28.403 [Forwarding findElement on session c3efacc14fdcc434caedc12ba53a5d56 to remote] DEBUG org.apache.http.wire - http-outgoing-0 >> "Host: localhost:38510[\r][\n]"
10:16:28.403 [Forwarding findElement on session c3efacc14fdcc434caedc12ba53a5d56 to remote] DEBUG org.apache.http.wire - http-outgoing-0 >> "Connection: Keep-Alive[\r][\n]"
10:16:28.403 [Forwarding findElement on session c3efacc14fdcc434caedc12ba53a5d56 to remote] DEBUG org.apache.http.wire - http-outgoing-0 >> "User-Agent: Apache-HttpClient/4.5.2 (Java/1.8.0_162)[\r][\n]"
10:16:28.403 [Forwarding findElement on session c3efacc14fdcc434caedc12ba53a5d56 to remote] DEBUG org.apache.http.wire - http-outgoing-0 >> "Accept-Encoding: gzip,deflate[\r][\n]"
10:16:28.403 [Forwarding findElement on session c3efacc14fdcc434caedc12ba53a5d56 to remote] DEBUG org.apache.http.wire - http-outgoing-0 >> "[\r][\n]"
10:16:28.403 [Forwarding findElement on session c3efacc14fdcc434caedc12ba53a5d56 to remote] DEBUG org.apache.http.wire - http-outgoing-0 >> "{"using":"id","value":"captcha"}"
10:16:28.410 [Forwarding findElement on session c3efacc14fdcc434caedc12ba53a5d56 to remote] DEBUG org.apache.http.wire - http-outgoing-0 << "HTTP/1.1 200 OK[\r][\n]"
10:16:28.410 [Forwarding findElement on session c3efacc14fdcc434caedc12ba53a5d56 to remote] DEBUG org.apache.http.wire - http-outgoing-0 << "Content-Length:103[\r][\n]"
10:16:28.410 [Forwarding findElement on session c3efacc14fdcc434caedc12ba53a5d56 to remote] DEBUG org.apache.http.wire - http-outgoing-0 << "Content-Type:application/json; charset=utf-8[\r][\n]"
10:16:28.410 [Forwarding findElement on session c3efacc14fdcc434caedc12ba53a5d56 to remote] DEBUG org.apache.http.wire - http-outgoing-0 << "[\r][\n]"
10:16:28.410 [Forwarding findElement on session c3efacc14fdcc434caedc12ba53a5d56 to remote] DEBUG org.apache.http.wire - http-outgoing-0 << "{"sessionId":"c3efacc14fdcc434caedc12ba53a5d56","status":0,"value":{"ELEMENT":"0.33968893457514215-3"}}"
10:16:28.410 [Forwarding findElement on session c3efacc14fdcc434caedc12ba53a5d56 to remote] DEBUG org.apache.http.headers - http-outgoing-0 << HTTP/1.1 200 OK
10:16:28.410 [Forwarding findElement on session c3efacc14fdcc434caedc12ba53a5d56 to remote] DEBUG org.apache.http.headers - http-outgoing-0 << Content-Length:103
10:16:28.410 [Forwarding findElement on session c3efacc14fdcc434caedc12ba53a5d56 to remote] DEBUG org.apache.http.headers - http-outgoing-0 << Content-Type:application/json; charset=utf-8
10:16:28.410 [Forwarding findElement on session c3efacc14fdcc434caedc12ba53a5d56 to remote] DEBUG org.apache.http.impl.execchain.MainClientExec - Connection can be kept alive indefinitely
10:16:28.412 [Forwarding findElement on session c3efacc14fdcc434caedc12ba53a5d56 to remote] DEBUG org.apache.http.impl.conn.PoolingHttpClientConnectionManager - Connection [id: 0][route: {}->http://localhost:38510] can be kept alive indefinitely
10:16:28.412 [Forwarding findElement on session c3efacc14fdcc434caedc12ba53a5d56 to remote] DEBUG org.apache.http.impl.conn.PoolingHttpClientConnectionManager - Connection released: [id: 0][route: {}->http://localhost:38510][total kept alive: 1; route allocated: 1 of 2000; total allocated: 1 of 2000]
10:16:28.412 [Forwarding sendKeysToElement on session c3efacc14fdcc434caedc12ba53a5d56 to remote] DEBUG org.apache.http.client.protocol.RequestAddCookies - CookieSpec selected: default
10:16:28.412 [Forwarding sendKeysToElement on session c3efacc14fdcc434caedc12ba53a5d56 to remote] DEBUG org.apache.http.client.protocol.RequestAuthCache - Auth cache not set in the context
10:16:28.413 [Forwarding sendKeysToElement on session c3efacc14fdcc434caedc12ba53a5d56 to remote] DEBUG org.apache.http.impl.conn.PoolingHttpClientConnectionManager - Connection request: [route: {}->http://localhost:38510][total kept alive: 1; route allocated: 1 of 2000; total allocated: 1 of 2000]
10:16:28.413 [Forwarding sendKeysToElement on session c3efacc14fdcc434caedc12ba53a5d56 to remote] DEBUG org.apache.http.impl.conn.PoolingHttpClientConnectionManager - Connection leased: [id: 0][route: {}->http://localhost:38510][total kept alive: 0; route allocated: 1 of 2000; total allocated: 1 of 2000]
10:16:28.413 [Forwarding sendKeysToElement on session c3efacc14fdcc434caedc12ba53a5d56 to remote] DEBUG org.apache.http.impl.execchain.MainClientExec - Stale connection check
10:16:28.419 [Forwarding sendKeysToElement on session c3efacc14fdcc434caedc12ba53a5d56 to remote] DEBUG org.apache.http.wire - http-outgoing-0 << "[read] I/O error: Read timed out"
10:16:28.419 [Forwarding sendKeysToElement on session c3efacc14fdcc434caedc12ba53a5d56 to remote] DEBUG org.apache.http.impl.conn.DefaultManagedHttpClientConnection - http-outgoing-0: set socket timeout to 10800000
10:16:28.419 [Forwarding sendKeysToElement on session c3efacc14fdcc434caedc12ba53a5d56 to remote] DEBUG org.apache.http.impl.execchain.MainClientExec - Executing request POST /session/c3efacc14fdcc434caedc12ba53a5d56/element/0.33968893457514215-3/value HTTP/1.1
10:16:28.419 [Forwarding sendKeysToElement on session c3efacc14fdcc434caedc12ba53a5d56 to remote] DEBUG org.apache.http.impl.execchain.MainClientExec - Target auth state: UNCHALLENGED
10:16:28.419 [Forwarding sendKeysToElement on session c3efacc14fdcc434caedc12ba53a5d56 to remote] DEBUG org.apache.http.impl.execchain.MainClientExec - Proxy auth state: UNCHALLENGED
10:16:28.419 [Forwarding sendKeysToElement on session c3efacc14fdcc434caedc12ba53a5d56 to remote] DEBUG org.apache.http.headers - http-outgoing-0 >> POST /session/c3efacc14fdcc434caedc12ba53a5d56/element/0.33968893457514215-3/value HTTP/1.1
10:16:28.419 [Forwarding sendKeysToElement on session c3efacc14fdcc434caedc12ba53a5d56 to remote] DEBUG org.apache.http.headers - http-outgoing-0 >> Content-Type: application/json; charset=utf-8
10:16:28.419 [Forwarding sendKeysToElement on session c3efacc14fdcc434caedc12ba53a5d56 to remote] DEBUG org.apache.http.headers - http-outgoing-0 >> Content-Length: 47
10:16:28.419 [Forwarding sendKeysToElement on session c3efacc14fdcc434caedc12ba53a5d56 to remote] DEBUG org.apache.http.headers - http-outgoing-0 >> Host: localhost:38510
10:16:28.419 [Forwarding sendKeysToElement on session c3efacc14fdcc434caedc12ba53a5d56 to remote] DEBUG org.apache.http.headers - http-outgoing-0 >> Connection: Keep-Alive
10:16:28.419 [Forwarding sendKeysToElement on session c3efacc14fdcc434caedc12ba53a5d56 to remote] DEBUG org.apache.http.headers - http-outgoing-0 >> User-Agent: Apache-HttpClient/4.5.2 (Java/1.8.0_162)
10:16:28.419 [Forwarding sendKeysToElement on session c3efacc14fdcc434caedc12ba53a5d56 to remote] DEBUG org.apache.http.headers - http-outgoing-0 >> Accept-Encoding: gzip,deflate
10:16:28.419 [Forwarding sendKeysToElement on session c3efacc14fdcc434caedc12ba53a5d56 to remote] DEBUG org.apache.http.wire - http-outgoing-0 >> "POST /session/c3efacc14fdcc434caedc12ba53a5d56/element/0.33968893457514215-3/value HTTP/1.1[\r][\n]"
10:16:28.419 [Forwarding sendKeysToElement on session c3efacc14fdcc434caedc12ba53a5d56 to remote] DEBUG org.apache.http.wire - http-outgoing-0 >> "Content-Type: application/json; charset=utf-8[\r][\n]"
10:16:28.419 [Forwarding sendKeysToElement on session c3efacc14fdcc434caedc12ba53a5d56 to remote] DEBUG org.apache.http.wire - http-outgoing-0 >> "Content-Length: 47[\r][\n]"
10:16:28.419 [Forwarding sendKeysToElement on session c3efacc14fdcc434caedc12ba53a5d56 to remote] DEBUG org.apache.http.wire - http-outgoing-0 >> "Host: localhost:38510[\r][\n]"
10:16:28.419 [Forwarding sendKeysToElement on session c3efacc14fdcc434caedc12ba53a5d56 to remote] DEBUG org.apache.http.wire - http-outgoing-0 >> "Connection: Keep-Alive[\r][\n]"
10:16:28.419 [Forwarding sendKeysToElement on session c3efacc14fdcc434caedc12ba53a5d56 to remote] DEBUG org.apache.http.wire - http-outgoing-0 >> "User-Agent: Apache-HttpClient/4.5.2 (Java/1.8.0_162)[\r][\n]"
10:16:28.419 [Forwarding sendKeysToElement on session c3efacc14fdcc434caedc12ba53a5d56 to remote] DEBUG org.apache.http.wire - http-outgoing-0 >> "Accept-Encoding: gzip,deflate[\r][\n]"
10:16:28.419 [Forwarding sendKeysToElement on session c3efacc14fdcc434caedc12ba53a5d56 to remote] DEBUG org.apache.http.wire - http-outgoing-0 >> "[\r][\n]"
10:16:28.419 [Forwarding sendKeysToElement on session c3efacc14fdcc434caedc12ba53a5d56 to remote] DEBUG org.apache.http.wire - http-outgoing-0 >> "{"id":"0.33968893457514215-3","value":["1234"]}"
10:16:28.450 [Forwarding sendKeysToElement on session c3efacc14fdcc434caedc12ba53a5d56 to remote] DEBUG org.apache.http.wire - http-outgoing-0 << "HTTP/1.1 200 OK[\r][\n]"
10:16:28.450 [Forwarding sendKeysToElement on session c3efacc14fdcc434caedc12ba53a5d56 to remote] DEBUG org.apache.http.wire - http-outgoing-0 << "Content-Length:72[\r][\n]"
10:16:28.450 [Forwarding sendKeysToElement on session c3efacc14fdcc434caedc12ba53a5d56 to remote] DEBUG org.apache.http.wire - http-outgoing-0 << "Content-Type:application/json; charset=utf-8[\r][\n]"
10:16:28.450 [Forwarding sendKeysToElement on session c3efacc14fdcc434caedc12ba53a5d56 to remote] DEBUG org.apache.http.wire - http-outgoing-0 << "[\r][\n]"
10:16:28.450 [Forwarding sendKeysToElement on session c3efacc14fdcc434caedc12ba53a5d56 to remote] DEBUG org.apache.http.wire - http-outgoing-0 << "{"sessionId":"c3efacc14fdcc434caedc12ba53a5d56","status":0,"value":null}"
10:16:28.450 [Forwarding sendKeysToElement on session c3efacc14fdcc434caedc12ba53a5d56 to remote] DEBUG org.apache.http.headers - http-outgoing-0 << HTTP/1.1 200 OK
10:16:28.450 [Forwarding sendKeysToElement on session c3efacc14fdcc434caedc12ba53a5d56 to remote] DEBUG org.apache.http.headers - http-outgoing-0 << Content-Length:72
10:16:28.450 [Forwarding sendKeysToElement on session c3efacc14fdcc434caedc12ba53a5d56 to remote] DEBUG org.apache.http.headers - http-outgoing-0 << Content-Type:application/json; charset=utf-8
10:16:28.450 [Forwarding sendKeysToElement on session c3efacc14fdcc434caedc12ba53a5d56 to remote] DEBUG org.apache.http.impl.execchain.MainClientExec - Connection can be kept alive indefinitely
10:16:28.450 [Forwarding sendKeysToElement on session c3efacc14fdcc434caedc12ba53a5d56 to remote] DEBUG org.apache.http.impl.conn.PoolingHttpClientConnectionManager - Connection [id: 0][route: {}->http://localhost:38510] can be kept alive indefinitely
10:16:28.451 [Forwarding sendKeysToElement on session c3efacc14fdcc434caedc12ba53a5d56 to remote] DEBUG org.apache.http.impl.conn.PoolingHttpClientConnectionManager - Connection released: [id: 0][route: {}->http://localhost:38510][total kept alive: 1; route allocated: 1 of 2000; total allocated: 1 of 2000]
10:16:28.451 [Forwarding findElement on session c3efacc14fdcc434caedc12ba53a5d56 to remote] DEBUG org.apache.http.client.protocol.RequestAddCookies - CookieSpec selected: default
10:16:28.451 [Forwarding findElement on session c3efacc14fdcc434caedc12ba53a5d56 to remote] DEBUG org.apache.http.client.protocol.RequestAuthCache - Auth cache not set in the context
10:16:28.451 [Forwarding findElement on session c3efacc14fdcc434caedc12ba53a5d56 to remote] DEBUG org.apache.http.impl.conn.PoolingHttpClientConnectionManager - Connection request: [route: {}->http://localhost:38510][total kept alive: 1; route allocated: 1 of 2000; total allocated: 1 of 2000]
10:16:28.452 [Forwarding findElement on session c3efacc14fdcc434caedc12ba53a5d56 to remote] DEBUG org.apache.http.impl.conn.PoolingHttpClientConnectionManager - Connection leased: [id: 0][route: {}->http://localhost:38510][total kept alive: 0; route allocated: 1 of 2000; total allocated: 1 of 2000]
10:16:28.452 [Forwarding findElement on session c3efacc14fdcc434caedc12ba53a5d56 to remote] DEBUG org.apache.http.impl.execchain.MainClientExec - Stale connection check
10:16:28.466 [Forwarding findElement on session c3efacc14fdcc434caedc12ba53a5d56 to remote] DEBUG org.apache.http.wire - http-outgoing-0 << "[read] I/O error: Read timed out"
10:16:28.466 [Forwarding findElement on session c3efacc14fdcc434caedc12ba53a5d56 to remote] DEBUG org.apache.http.impl.conn.DefaultManagedHttpClientConnection - http-outgoing-0: set socket timeout to 10800000
10:16:28.466 [Forwarding findElement on session c3efacc14fdcc434caedc12ba53a5d56 to remote] DEBUG org.apache.http.impl.execchain.MainClientExec - Executing request POST /session/c3efacc14fdcc434caedc12ba53a5d56/element HTTP/1.1
10:16:28.466 [Forwarding findElement on session c3efacc14fdcc434caedc12ba53a5d56 to remote] DEBUG org.apache.http.impl.execchain.MainClientExec - Target auth state: UNCHALLENGED
10:16:28.466 [Forwarding findElement on session c3efacc14fdcc434caedc12ba53a5d56 to remote] DEBUG org.apache.http.impl.execchain.MainClientExec - Proxy auth state: UNCHALLENGED
10:16:28.466 [Forwarding findElement on session c3efacc14fdcc434caedc12ba53a5d56 to remote] DEBUG org.apache.http.headers - http-outgoing-0 >> POST /session/c3efacc14fdcc434caedc12ba53a5d56/element HTTP/1.1
10:16:28.466 [Forwarding findElement on session c3efacc14fdcc434caedc12ba53a5d56 to remote] DEBUG org.apache.http.headers - http-outgoing-0 >> Content-Type: application/json; charset=utf-8
10:16:28.466 [Forwarding findElement on session c3efacc14fdcc434caedc12ba53a5d56 to remote] DEBUG org.apache.http.headers - http-outgoing-0 >> Content-Length: 41
10:16:28.466 [Forwarding findElement on session c3efacc14fdcc434caedc12ba53a5d56 to remote] DEBUG org.apache.http.headers - http-outgoing-0 >> Host: localhost:38510
10:16:28.466 [Forwarding findElement on session c3efacc14fdcc434caedc12ba53a5d56 to remote] DEBUG org.apache.http.headers - http-outgoing-0 >> Connection: Keep-Alive
10:16:28.466 [Forwarding findElement on session c3efacc14fdcc434caedc12ba53a5d56 to remote] DEBUG org.apache.http.headers - http-outgoing-0 >> User-Agent: Apache-HttpClient/4.5.2 (Java/1.8.0_162)
10:16:28.466 [Forwarding findElement on session c3efacc14fdcc434caedc12ba53a5d56 to remote] DEBUG org.apache.http.headers - http-outgoing-0 >> Accept-Encoding: gzip,deflate
10:16:28.466 [Forwarding findElement on session c3efacc14fdcc434caedc12ba53a5d56 to remote] DEBUG org.apache.http.wire - http-outgoing-0 >> "POST /session/c3efacc14fdcc434caedc12ba53a5d56/element HTTP/1.1[\r][\n]"
10:16:28.466 [Forwarding findElement on session c3efacc14fdcc434caedc12ba53a5d56 to remote] DEBUG org.apache.http.wire - http-outgoing-0 >> "Content-Type: application/json; charset=utf-8[\r][\n]"
10:16:28.466 [Forwarding findElement on session c3efacc14fdcc434caedc12ba53a5d56 to remote] DEBUG org.apache.http.wire - http-outgoing-0 >> "Content-Length: 41[\r][\n]"
10:16:28.466 [Forwarding findElement on session c3efacc14fdcc434caedc12ba53a5d56 to remote] DEBUG org.apache.http.wire - http-outgoing-0 >> "Host: localhost:38510[\r][\n]"
10:16:28.467 [Forwarding findElement on session c3efacc14fdcc434caedc12ba53a5d56 to remote] DEBUG org.apache.http.wire - http-outgoing-0 >> "Connection: Keep-Alive[\r][\n]"
10:16:28.467 [Forwarding findElement on session c3efacc14fdcc434caedc12ba53a5d56 to remote] DEBUG org.apache.http.wire - http-outgoing-0 >> "User-Agent: Apache-HttpClient/4.5.2 (Java/1.8.0_162)[\r][\n]"
10:16:28.467 [Forwarding findElement on session c3efacc14fdcc434caedc12ba53a5d56 to remote] DEBUG org.apache.http.wire - http-outgoing-0 >> "Accept-Encoding: gzip,deflate[\r][\n]"
10:16:28.467 [Forwarding findElement on session c3efacc14fdcc434caedc12ba53a5d56 to remote] DEBUG org.apache.http.wire - http-outgoing-0 >> "[\r][\n]"
10:16:28.467 [Forwarding findElement on session c3efacc14fdcc434caedc12ba53a5d56 to remote] DEBUG org.apache.http.wire - http-outgoing-0 >> "{"using":"class name","value":"loginBtn"}"
10:16:28.474 [Forwarding findElement on session c3efacc14fdcc434caedc12ba53a5d56 to remote] DEBUG org.apache.http.wire - http-outgoing-0 << "HTTP/1.1 200 OK[\r][\n]"
10:16:28.474 [Forwarding findElement on session c3efacc14fdcc434caedc12ba53a5d56 to remote] DEBUG org.apache.http.wire - http-outgoing-0 << "Content-Length:103[\r][\n]"
10:16:28.474 [Forwarding findElement on session c3efacc14fdcc434caedc12ba53a5d56 to remote] DEBUG org.apache.http.wire - http-outgoing-0 << "Content-Type:application/json; charset=utf-8[\r][\n]"
10:16:28.474 [Forwarding findElement on session c3efacc14fdcc434caedc12ba53a5d56 to remote] DEBUG org.apache.http.wire - http-outgoing-0 << "[\r][\n]"
10:16:28.474 [Forwarding findElement on session c3efacc14fdcc434caedc12ba53a5d56 to remote] DEBUG org.apache.http.wire - http-outgoing-0 << "{"sessionId":"c3efacc14fdcc434caedc12ba53a5d56","status":0,"value":{"ELEMENT":"0.33968893457514215-4"}}"
10:16:28.474 [Forwarding findElement on session c3efacc14fdcc434caedc12ba53a5d56 to remote] DEBUG org.apache.http.headers - http-outgoing-0 << HTTP/1.1 200 OK
10:16:28.474 [Forwarding findElement on session c3efacc14fdcc434caedc12ba53a5d56 to remote] DEBUG org.apache.http.headers - http-outgoing-0 << Content-Length:103
10:16:28.474 [Forwarding findElement on session c3efacc14fdcc434caedc12ba53a5d56 to remote] DEBUG org.apache.http.headers - http-outgoing-0 << Content-Type:application/json; charset=utf-8
10:16:28.474 [Forwarding findElement on session c3efacc14fdcc434caedc12ba53a5d56 to remote] DEBUG org.apache.http.impl.execchain.MainClientExec - Connection can be kept alive indefinitely
10:16:28.474 [Forwarding findElement on session c3efacc14fdcc434caedc12ba53a5d56 to remote] DEBUG org.apache.http.impl.conn.PoolingHttpClientConnectionManager - Connection [id: 0][route: {}->http://localhost:38510] can be kept alive indefinitely
10:16:28.474 [Forwarding findElement on session c3efacc14fdcc434caedc12ba53a5d56 to remote] DEBUG org.apache.http.impl.conn.PoolingHttpClientConnectionManager - Connection released: [id: 0][route: {}->http://localhost:38510][total kept alive: 1; route allocated: 1 of 2000; total allocated: 1 of 2000]
10:16:28.475 [Forwarding submitElement on session c3efacc14fdcc434caedc12ba53a5d56 to remote] DEBUG org.apache.http.client.protocol.RequestAddCookies - CookieSpec selected: default
10:16:28.475 [Forwarding submitElement on session c3efacc14fdcc434caedc12ba53a5d56 to remote] DEBUG org.apache.http.client.protocol.RequestAuthCache - Auth cache not set in the context
10:16:28.475 [Forwarding submitElement on session c3efacc14fdcc434caedc12ba53a5d56 to remote] DEBUG org.apache.http.impl.conn.PoolingHttpClientConnectionManager - Connection request: [route: {}->http://localhost:38510][total kept alive: 1; route allocated: 1 of 2000; total allocated: 1 of 2000]
10:16:28.475 [Forwarding submitElement on session c3efacc14fdcc434caedc12ba53a5d56 to remote] DEBUG org.apache.http.impl.conn.PoolingHttpClientConnectionManager - Connection leased: [id: 0][route: {}->http://localhost:38510][total kept alive: 0; route allocated: 1 of 2000; total allocated: 1 of 2000]
10:16:28.475 [Forwarding submitElement on session c3efacc14fdcc434caedc12ba53a5d56 to remote] DEBUG org.apache.http.impl.execchain.MainClientExec - Stale connection check
10:16:28.481 [Forwarding submitElement on session c3efacc14fdcc434caedc12ba53a5d56 to remote] DEBUG org.apache.http.wire - http-outgoing-0 << "[read] I/O error: Read timed out"
10:16:28.481 [Forwarding submitElement on session c3efacc14fdcc434caedc12ba53a5d56 to remote] DEBUG org.apache.http.impl.conn.DefaultManagedHttpClientConnection - http-outgoing-0: set socket timeout to 10800000
10:16:28.481 [Forwarding submitElement on session c3efacc14fdcc434caedc12ba53a5d56 to remote] DEBUG org.apache.http.impl.execchain.MainClientExec - Executing request POST /session/c3efacc14fdcc434caedc12ba53a5d56/element/0.33968893457514215-4/submit HTTP/1.1
10:16:28.481 [Forwarding submitElement on session c3efacc14fdcc434caedc12ba53a5d56 to remote] DEBUG org.apache.http.impl.execchain.MainClientExec - Target auth state: UNCHALLENGED
10:16:28.481 [Forwarding submitElement on session c3efacc14fdcc434caedc12ba53a5d56 to remote] DEBUG org.apache.http.impl.execchain.MainClientExec - Proxy auth state: UNCHALLENGED
10:16:28.481 [Forwarding submitElement on session c3efacc14fdcc434caedc12ba53a5d56 to remote] DEBUG org.apache.http.headers - http-outgoing-0 >> POST /session/c3efacc14fdcc434caedc12ba53a5d56/element/0.33968893457514215-4/submit HTTP/1.1
10:16:28.481 [Forwarding submitElement on session c3efacc14fdcc434caedc12ba53a5d56 to remote] DEBUG org.apache.http.headers - http-outgoing-0 >> Content-Type: application/json; charset=utf-8
10:16:28.481 [Forwarding submitElement on session c3efacc14fdcc434caedc12ba53a5d56 to remote] DEBUG org.apache.http.headers - http-outgoing-0 >> Content-Length: 30
10:16:28.481 [Forwarding submitElement on session c3efacc14fdcc434caedc12ba53a5d56 to remote] DEBUG org.apache.http.headers - http-outgoing-0 >> Host: localhost:38510
10:16:28.481 [Forwarding submitElement on session c3efacc14fdcc434caedc12ba53a5d56 to remote] DEBUG org.apache.http.headers - http-outgoing-0 >> Connection: Keep-Alive
10:16:28.481 [Forwarding submitElement on session c3efacc14fdcc434caedc12ba53a5d56 to remote] DEBUG org.apache.http.headers - http-outgoing-0 >> User-Agent: Apache-HttpClient/4.5.2 (Java/1.8.0_162)
10:16:28.481 [Forwarding submitElement on session c3efacc14fdcc434caedc12ba53a5d56 to remote] DEBUG org.apache.http.headers - http-outgoing-0 >> Accept-Encoding: gzip,deflate
10:16:28.481 [Forwarding submitElement on session c3efacc14fdcc434caedc12ba53a5d56 to remote] DEBUG org.apache.http.wire - http-outgoing-0 >> "POST /session/c3efacc14fdcc434caedc12ba53a5d56/element/0.33968893457514215-4/submit HTTP/1.1[\r][\n]"
10:16:28.481 [Forwarding submitElement on session c3efacc14fdcc434caedc12ba53a5d56 to remote] DEBUG org.apache.http.wire - http-outgoing-0 >> "Content-Type: application/json; charset=utf-8[\r][\n]"
10:16:28.481 [Forwarding submitElement on session c3efacc14fdcc434caedc12ba53a5d56 to remote] DEBUG org.apache.http.wire - http-outgoing-0 >> "Content-Length: 30[\r][\n]"
10:16:28.481 [Forwarding submitElement on session c3efacc14fdcc434caedc12ba53a5d56 to remote] DEBUG org.apache.http.wire - http-outgoing-0 >> "Host: localhost:38510[\r][\n]"
10:16:28.481 [Forwarding submitElement on session c3efacc14fdcc434caedc12ba53a5d56 to remote] DEBUG org.apache.http.wire - http-outgoing-0 >> "Connection: Keep-Alive[\r][\n]"
10:16:28.481 [Forwarding submitElement on session c3efacc14fdcc434caedc12ba53a5d56 to remote] DEBUG org.apache.http.wire - http-outgoing-0 >> "User-Agent: Apache-HttpClient/4.5.2 (Java/1.8.0_162)[\r][\n]"
10:16:28.481 [Forwarding submitElement on session c3efacc14fdcc434caedc12ba53a5d56 to remote] DEBUG org.apache.http.wire - http-outgoing-0 >> "Accept-Encoding: gzip,deflate[\r][\n]"
10:16:28.481 [Forwarding submitElement on session c3efacc14fdcc434caedc12ba53a5d56 to remote] DEBUG org.apache.http.wire - http-outgoing-0 >> "[\r][\n]"
10:16:28.481 [Forwarding submitElement on session c3efacc14fdcc434caedc12ba53a5d56 to remote] DEBUG org.apache.http.wire - http-outgoing-0 >> "{"id":"0.33968893457514215-4"}"
10:16:30.910 [Forwarding submitElement on session c3efacc14fdcc434caedc12ba53a5d56 to remote] DEBUG org.apache.http.wire - http-outgoing-0 << "HTTP/1.1 200 OK[\r][\n]"
10:16:30.910 [Forwarding submitElement on session c3efacc14fdcc434caedc12ba53a5d56 to remote] DEBUG org.apache.http.wire - http-outgoing-0 << "Content-Length:72[\r][\n]"
10:16:30.910 [Forwarding submitElement on session c3efacc14fdcc434caedc12ba53a5d56 to remote] DEBUG org.apache.http.wire - http-outgoing-0 << "Content-Type:application/json; charset=utf-8[\r][\n]"
10:16:30.910 [Forwarding submitElement on session c3efacc14fdcc434caedc12ba53a5d56 to remote] DEBUG org.apache.http.wire - http-outgoing-0 << "[\r][\n]"
10:16:30.910 [Forwarding submitElement on session c3efacc14fdcc434caedc12ba53a5d56 to remote] DEBUG org.apache.http.wire - http-outgoing-0 << "{"sessionId":"c3efacc14fdcc434caedc12ba53a5d56","status":0,"value":null}"
10:16:30.910 [Forwarding submitElement on session c3efacc14fdcc434caedc12ba53a5d56 to remote] DEBUG org.apache.http.headers - http-outgoing-0 << HTTP/1.1 200 OK
10:16:30.910 [Forwarding submitElement on session c3efacc14fdcc434caedc12ba53a5d56 to remote] DEBUG org.apache.http.headers - http-outgoing-0 << Content-Length:72
10:16:30.910 [Forwarding submitElement on session c3efacc14fdcc434caedc12ba53a5d56 to remote] DEBUG org.apache.http.headers - http-outgoing-0 << Content-Type:application/json; charset=utf-8
10:16:30.911 [Forwarding submitElement on session c3efacc14fdcc434caedc12ba53a5d56 to remote] DEBUG org.apache.http.impl.execchain.MainClientExec - Connection can be kept alive indefinitely
10:16:30.911 [Forwarding submitElement on session c3efacc14fdcc434caedc12ba53a5d56 to remote] DEBUG org.apache.http.impl.conn.PoolingHttpClientConnectionManager - Connection [id: 0][route: {}->http://localhost:38510] can be kept alive indefinitely
10:16:30.911 [Forwarding submitElement on session c3efacc14fdcc434caedc12ba53a5d56 to remote] DEBUG org.apache.http.impl.conn.PoolingHttpClientConnectionManager - Connection released: [id: 0][route: {}->http://localhost:38510][total kept alive: 1; route allocated: 1 of 2000; total allocated: 1 of 2000]
10:16:33.926 [Forwarding findElement on session c3efacc14fdcc434caedc12ba53a5d56 to remote] DEBUG org.apache.http.client.protocol.RequestAddCookies - CookieSpec selected: default
10:16:33.926 [Forwarding findElement on session c3efacc14fdcc434caedc12ba53a5d56 to remote] DEBUG org.apache.http.client.protocol.RequestAuthCache - Auth cache not set in the context
10:16:33.926 [Forwarding findElement on session c3efacc14fdcc434caedc12ba53a5d56 to remote] DEBUG org.apache.http.impl.conn.PoolingHttpClientConnectionManager - Connection request: [route: {}->http://localhost:38510][total kept alive: 1; route allocated: 1 of 2000; total allocated: 1 of 2000]
10:16:33.940 [Forwarding findElement on session c3efacc14fdcc434caedc12ba53a5d56 to remote] DEBUG org.apache.http.wire - http-outgoing-0 << "[read] I/O error: Read timed out"
10:16:33.940 [Forwarding findElement on session c3efacc14fdcc434caedc12ba53a5d56 to remote] DEBUG org.apache.http.impl.conn.PoolingHttpClientConnectionManager - Connection leased: [id: 0][route: {}->http://localhost:38510][total kept alive: 0; route allocated: 1 of 2000; total allocated: 1 of 2000]
10:16:33.940 [Forwarding findElement on session c3efacc14fdcc434caedc12ba53a5d56 to remote] DEBUG org.apache.http.impl.execchain.MainClientExec - Stale connection check
10:16:33.956 [Forwarding findElement on session c3efacc14fdcc434caedc12ba53a5d56 to remote] DEBUG org.apache.http.wire - http-outgoing-0 << "[read] I/O error: Read timed out"
10:16:33.956 [Forwarding findElement on session c3efacc14fdcc434caedc12ba53a5d56 to remote] DEBUG org.apache.http.impl.conn.DefaultManagedHttpClientConnection - http-outgoing-0: set socket timeout to 10800000
10:16:33.956 [Forwarding findElement on session c3efacc14fdcc434caedc12ba53a5d56 to remote] DEBUG org.apache.http.impl.execchain.MainClientExec - Executing request POST /session/c3efacc14fdcc434caedc12ba53a5d56/element HTTP/1.1
10:16:33.956 [Forwarding findElement on session c3efacc14fdcc434caedc12ba53a5d56 to remote] DEBUG org.apache.http.impl.execchain.MainClientExec - Target auth state: UNCHALLENGED
10:16:33.956 [Forwarding findElement on session c3efacc14fdcc434caedc12ba53a5d56 to remote] DEBUG org.apache.http.impl.execchain.MainClientExec - Proxy auth state: UNCHALLENGED
10:16:33.956 [Forwarding findElement on session c3efacc14fdcc434caedc12ba53a5d56 to remote] DEBUG org.apache.http.headers - http-outgoing-0 >> POST /session/c3efacc14fdcc434caedc12ba53a5d56/element HTTP/1.1
10:16:33.956 [Forwarding findElement on session c3efacc14fdcc434caedc12ba53a5d56 to remote] DEBUG org.apache.http.headers - http-outgoing-0 >> Content-Type: application/json; charset=utf-8
10:16:33.956 [Forwarding findElement on session c3efacc14fdcc434caedc12ba53a5d56 to remote] DEBUG org.apache.http.headers - http-outgoing-0 >> Content-Length: 72
10:16:33.956 [Forwarding findElement on session c3efacc14fdcc434caedc12ba53a5d56 to remote] DEBUG org.apache.http.headers - http-outgoing-0 >> Host: localhost:38510
10:16:33.957 [Forwarding findElement on session c3efacc14fdcc434caedc12ba53a5d56 to remote] DEBUG org.apache.http.headers - http-outgoing-0 >> Connection: Keep-Alive
10:16:33.957 [Forwarding findElement on session c3efacc14fdcc434caedc12ba53a5d56 to remote] DEBUG org.apache.http.headers - http-outgoing-0 >> User-Agent: Apache-HttpClient/4.5.2 (Java/1.8.0_162)
10:16:33.957 [Forwarding findElement on session c3efacc14fdcc434caedc12ba53a5d56 to remote] DEBUG org.apache.http.headers - http-outgoing-0 >> Accept-Encoding: gzip,deflate
10:16:33.957 [Forwarding findElement on session c3efacc14fdcc434caedc12ba53a5d56 to remote] DEBUG org.apache.http.wire - http-outgoing-0 >> "POST /session/c3efacc14fdcc434caedc12ba53a5d56/element HTTP/1.1[\r][\n]"
10:16:33.957 [Forwarding findElement on session c3efacc14fdcc434caedc12ba53a5d56 to remote] DEBUG org.apache.http.wire - http-outgoing-0 >> "Content-Type: application/json; charset=utf-8[\r][\n]"
10:16:33.957 [Forwarding findElement on session c3efacc14fdcc434caedc12ba53a5d56 to remote] DEBUG org.apache.http.wire - http-outgoing-0 >> "Content-Length: 72[\r][\n]"
10:16:33.957 [Forwarding findElement on session c3efacc14fdcc434caedc12ba53a5d56 to remote] DEBUG org.apache.http.wire - http-outgoing-0 >> "Host: localhost:38510[\r][\n]"
10:16:33.957 [Forwarding findElement on session c3efacc14fdcc434caedc12ba53a5d56 to remote] DEBUG org.apache.http.wire - http-outgoing-0 >> "Connection: Keep-Alive[\r][\n]"
10:16:33.957 [Forwarding findElement on session c3efacc14fdcc434caedc12ba53a5d56 to remote] DEBUG org.apache.http.wire - http-outgoing-0 >> "User-Agent: Apache-HttpClient/4.5.2 (Java/1.8.0_162)[\r][\n]"
10:16:33.957 [Forwarding findElement on session c3efacc14fdcc434caedc12ba53a5d56 to remote] DEBUG org.apache.http.wire - http-outgoing-0 >> "Accept-Encoding: gzip,deflate[\r][\n]"
10:16:33.957 [Forwarding findElement on session c3efacc14fdcc434caedc12ba53a5d56 to remote] DEBUG org.apache.http.wire - http-outgoing-0 >> "[\r][\n]"
10:16:33.957 [Forwarding findElement on session c3efacc14fdcc434caedc12ba53a5d56 to remote] DEBUG org.apache.http.wire - http-outgoing-0 >> "{"using":"xpath","value":"//div[@class=\"ef-modal v-transfer-dom\"]//i"}"
10:16:33.970 [Forwarding findElement on session c3efacc14fdcc434caedc12ba53a5d56 to remote] DEBUG org.apache.http.wire - http-outgoing-0 << "HTTP/1.1 200 OK[\r][\n]"
10:16:33.970 [Forwarding findElement on session c3efacc14fdcc434caedc12ba53a5d56 to remote] DEBUG org.apache.http.wire - http-outgoing-0 << "Content-Length:101[\r][\n]"
10:16:33.970 [Forwarding findElement on session c3efacc14fdcc434caedc12ba53a5d56 to remote] DEBUG org.apache.http.wire - http-outgoing-0 << "Content-Type:application/json; charset=utf-8[\r][\n]"
10:16:33.970 [Forwarding findElement on session c3efacc14fdcc434caedc12ba53a5d56 to remote] DEBUG org.apache.http.wire - http-outgoing-0 << "[\r][\n]"
10:16:33.970 [Forwarding findElement on session c3efacc14fdcc434caedc12ba53a5d56 to remote] DEBUG org.apache.http.wire - http-outgoing-0 << "{"sessionId":"c3efacc14fdcc434caedc12ba53a5d56","status":0,"value":{"ELEMENT":"0.778388220836485-1"}}"
10:16:33.970 [Forwarding findElement on session c3efacc14fdcc434caedc12ba53a5d56 to remote] DEBUG org.apache.http.headers - http-outgoing-0 << HTTP/1.1 200 OK
10:16:33.970 [Forwarding findElement on session c3efacc14fdcc434caedc12ba53a5d56 to remote] DEBUG org.apache.http.headers - http-outgoing-0 << Content-Length:101
10:16:33.970 [Forwarding findElement on session c3efacc14fdcc434caedc12ba53a5d56 to remote] DEBUG org.apache.http.headers - http-outgoing-0 << Content-Type:application/json; charset=utf-8
10:16:33.970 [Forwarding findElement on session c3efacc14fdcc434caedc12ba53a5d56 to remote] DEBUG org.apache.http.impl.execchain.MainClientExec - Connection can be kept alive indefinitely
10:16:33.970 [Forwarding findElement on session c3efacc14fdcc434caedc12ba53a5d56 to remote] DEBUG org.apache.http.impl.conn.PoolingHttpClientConnectionManager - Connection [id: 0][route: {}->http://localhost:38510] can be kept alive indefinitely
10:16:33.970 [Forwarding findElement on session c3efacc14fdcc434caedc12ba53a5d56 to remote] DEBUG org.apache.http.impl.conn.PoolingHttpClientConnectionManager - Connection released: [id: 0][route: {}->http://localhost:38510][total kept alive: 1; route allocated: 1 of 2000; total allocated: 1 of 2000]
10:16:33.971 [Forwarding clickElement on session c3efacc14fdcc434caedc12ba53a5d56 to remote] DEBUG org.apache.http.client.protocol.RequestAddCookies - CookieSpec selected: default
10:16:33.971 [Forwarding clickElement on session c3efacc14fdcc434caedc12ba53a5d56 to remote] DEBUG org.apache.http.client.protocol.RequestAuthCache - Auth cache not set in the context
10:16:33.971 [Forwarding clickElement on session c3efacc14fdcc434caedc12ba53a5d56 to remote] DEBUG org.apache.http.impl.conn.PoolingHttpClientConnectionManager - Connection request: [route: {}->http://localhost:38510][total kept alive: 1; route allocated: 1 of 2000; total allocated: 1 of 2000]
10:16:33.971 [Forwarding clickElement on session c3efacc14fdcc434caedc12ba53a5d56 to remote] DEBUG org.apache.http.impl.conn.PoolingHttpClientConnectionManager - Connection leased: [id: 0][route: {}->http://localhost:38510][total kept alive: 0; route allocated: 1 of 2000; total allocated: 1 of 2000]
10:16:33.971 [Forwarding clickElement on session c3efacc14fdcc434caedc12ba53a5d56 to remote] DEBUG org.apache.http.impl.execchain.MainClientExec - Stale connection check
10:16:33.988 [Forwarding clickElement on session c3efacc14fdcc434caedc12ba53a5d56 to remote] DEBUG org.apache.http.wire - http-outgoing-0 << "[read] I/O error: Read timed out"
10:16:33.988 [Forwarding clickElement on session c3efacc14fdcc434caedc12ba53a5d56 to remote] DEBUG org.apache.http.impl.conn.DefaultManagedHttpClientConnection - http-outgoing-0: set socket timeout to 10800000
10:16:33.988 [Forwarding clickElement on session c3efacc14fdcc434caedc12ba53a5d56 to remote] DEBUG org.apache.http.impl.execchain.MainClientExec - Executing request POST /session/c3efacc14fdcc434caedc12ba53a5d56/element/0.778388220836485-1/click HTTP/1.1
10:16:33.988 [Forwarding clickElement on session c3efacc14fdcc434caedc12ba53a5d56 to remote] DEBUG org.apache.http.impl.execchain.MainClientExec - Target auth state: UNCHALLENGED
10:16:33.988 [Forwarding clickElement on session c3efacc14fdcc434caedc12ba53a5d56 to remote] DEBUG org.apache.http.impl.execchain.MainClientExec - Proxy auth state: UNCHALLENGED
10:16:33.988 [Forwarding clickElement on session c3efacc14fdcc434caedc12ba53a5d56 to remote] DEBUG org.apache.http.headers - http-outgoing-0 >> POST /session/c3efacc14fdcc434caedc12ba53a5d56/element/0.778388220836485-1/click HTTP/1.1
10:16:33.988 [Forwarding clickElement on session c3efacc14fdcc434caedc12ba53a5d56 to remote] DEBUG org.apache.http.headers - http-outgoing-0 >> Content-Type: application/json; charset=utf-8
10:16:33.988 [Forwarding clickElement on session c3efacc14fdcc434caedc12ba53a5d56 to remote] DEBUG org.apache.http.headers - http-outgoing-0 >> Content-Length: 28
10:16:33.988 [Forwarding clickElement on session c3efacc14fdcc434caedc12ba53a5d56 to remote] DEBUG org.apache.http.headers - http-outgoing-0 >> Host: localhost:38510
10:16:33.988 [Forwarding clickElement on session c3efacc14fdcc434caedc12ba53a5d56 to remote] DEBUG org.apache.http.headers - http-outgoing-0 >> Connection: Keep-Alive
10:16:33.988 [Forwarding clickElement on session c3efacc14fdcc434caedc12ba53a5d56 to remote] DEBUG org.apache.http.headers - http-outgoing-0 >> User-Agent: Apache-HttpClient/4.5.2 (Java/1.8.0_162)
10:16:33.988 [Forwarding clickElement on session c3efacc14fdcc434caedc12ba53a5d56 to remote] DEBUG org.apache.http.headers - http-outgoing-0 >> Accept-Encoding: gzip,deflate
10:16:33.988 [Forwarding clickElement on session c3efacc14fdcc434caedc12ba53a5d56 to remote] DEBUG org.apache.http.wire - http-outgoing-0 >> "POST /session/c3efacc14fdcc434caedc12ba53a5d56/element/0.778388220836485-1/click HTTP/1.1[\r][\n]"
10:16:33.988 [Forwarding clickElement on session c3efacc14fdcc434caedc12ba53a5d56 to remote] DEBUG org.apache.http.wire - http-outgoing-0 >> "Content-Type: application/json; charset=utf-8[\r][\n]"
10:16:33.988 [Forwarding clickElement on session c3efacc14fdcc434caedc12ba53a5d56 to remote] DEBUG org.apache.http.wire - http-outgoing-0 >> "Content-Length: 28[\r][\n]"
10:16:33.988 [Forwarding clickElement on session c3efacc14fdcc434caedc12ba53a5d56 to remote] DEBUG org.apache.http.wire - http-outgoing-0 >> "Host: localhost:38510[\r][\n]"
10:16:33.988 [Forwarding clickElement on session c3efacc14fdcc434caedc12ba53a5d56 to remote] DEBUG org.apache.http.wire - http-outgoing-0 >> "Connection: Keep-Alive[\r][\n]"
10:16:33.988 [Forwarding clickElement on session c3efacc14fdcc434caedc12ba53a5d56 to remote] DEBUG org.apache.http.wire - http-outgoing-0 >> "User-Agent: Apache-HttpClient/4.5.2 (Java/1.8.0_162)[\r][\n]"
10:16:33.988 [Forwarding clickElement on session c3efacc14fdcc434caedc12ba53a5d56 to remote] DEBUG org.apache.http.wire - http-outgoing-0 >> "Accept-Encoding: gzip,deflate[\r][\n]"
10:16:33.988 [Forwarding clickElement on session c3efacc14fdcc434caedc12ba53a5d56 to remote] DEBUG org.apache.http.wire - http-outgoing-0 >> "[\r][\n]"
10:16:33.989 [Forwarding clickElement on session c3efacc14fdcc434caedc12ba53a5d56 to remote] DEBUG org.apache.http.wire - http-outgoing-0 >> "{"id":"0.778388220836485-1"}"
10:16:34.021 [Forwarding clickElement on session c3efacc14fdcc434caedc12ba53a5d56 to remote] DEBUG org.apache.http.wire - http-outgoing-0 << "HTTP/1.1 200 OK[\r][\n]"
10:16:34.021 [Forwarding clickElement on session c3efacc14fdcc434caedc12ba53a5d56 to remote] DEBUG org.apache.http.wire - http-outgoing-0 << "Content-Length:72[\r][\n]"
10:16:34.022 [Forwarding clickElement on session c3efacc14fdcc434caedc12ba53a5d56 to remote] DEBUG org.apache.http.wire - http-outgoing-0 << "Content-Type:application/json; charset=utf-8[\r][\n]"
10:16:34.022 [Forwarding clickElement on session c3efacc14fdcc434caedc12ba53a5d56 to remote] DEBUG org.apache.http.wire - http-outgoing-0 << "[\r][\n]"
10:16:34.022 [Forwarding clickElement on session c3efacc14fdcc434caedc12ba53a5d56 to remote] DEBUG org.apache.http.wire - http-outgoing-0 << "{"sessionId":"c3efacc14fdcc434caedc12ba53a5d56","status":0,"value":null}"
10:16:34.022 [Forwarding clickElement on session c3efacc14fdcc434caedc12ba53a5d56 to remote] DEBUG org.apache.http.headers - http-outgoing-0 << HTTP/1.1 200 OK
10:16:34.022 [Forwarding clickElement on session c3efacc14fdcc434caedc12ba53a5d56 to remote] DEBUG org.apache.http.headers - http-outgoing-0 << Content-Length:72
10:16:34.022 [Forwarding clickElement on session c3efacc14fdcc434caedc12ba53a5d56 to remote] DEBUG org.apache.http.headers - http-outgoing-0 << Content-Type:application/json; charset=utf-8
10:16:34.022 [Forwarding clickElement on session c3efacc14fdcc434caedc12ba53a5d56 to remote] DEBUG org.apache.http.impl.execchain.MainClientExec - Connection can be kept alive indefinitely
10:16:34.022 [Forwarding clickElement on session c3efacc14fdcc434caedc12ba53a5d56 to remote] DEBUG org.apache.http.impl.conn.PoolingHttpClientConnectionManager - Connection [id: 0][route: {}->http://localhost:38510] can be kept alive indefinitely
10:16:34.022 [Forwarding clickElement on session c3efacc14fdcc434caedc12ba53a5d56 to remote] DEBUG org.apache.http.impl.conn.PoolingHttpClientConnectionManager - Connection released: [id: 0][route: {}->http://localhost:38510][total kept alive: 1; route allocated: 1 of 2000; total allocated: 1 of 2000]
10:16:34.023 [Forwarding findElement on session c3efacc14fdcc434caedc12ba53a5d56 to remote] DEBUG org.apache.http.client.protocol.RequestAddCookies - CookieSpec selected: default
10:16:34.023 [Forwarding findElement on session c3efacc14fdcc434caedc12ba53a5d56 to remote] DEBUG org.apache.http.client.protocol.RequestAuthCache - Auth cache not set in the context
10:16:34.023 [Forwarding findElement on session c3efacc14fdcc434caedc12ba53a5d56 to remote] DEBUG org.apache.http.impl.conn.PoolingHttpClientConnectionManager - Connection request: [route: {}->http://localhost:38510][total kept alive: 1; route allocated: 1 of 2000; total allocated: 1 of 2000]
10:16:34.023 [Forwarding findElement on session c3efacc14fdcc434caedc12ba53a5d56 to remote] DEBUG org.apache.http.impl.conn.PoolingHttpClientConnectionManager - Connection leased: [id: 0][route: {}->http://localhost:38510][total kept alive: 0; route allocated: 1 of 2000; total allocated: 1 of 2000]
10:16:34.023 [Forwarding findElement on session c3efacc14fdcc434caedc12ba53a5d56 to remote] DEBUG org.apache.http.impl.execchain.MainClientExec - Stale connection check
10:16:34.036 [Forwarding findElement on session c3efacc14fdcc434caedc12ba53a5d56 to remote] DEBUG org.apache.http.wire - http-outgoing-0 << "[read] I/O error: Read timed out"
10:16:34.036 [Forwarding findElement on session c3efacc14fdcc434caedc12ba53a5d56 to remote] DEBUG org.apache.http.impl.conn.DefaultManagedHttpClientConnection - http-outgoing-0: set socket timeout to 10800000
10:16:34.036 [Forwarding findElement on session c3efacc14fdcc434caedc12ba53a5d56 to remote] DEBUG org.apache.http.impl.execchain.MainClientExec - Executing request POST /session/c3efacc14fdcc434caedc12ba53a5d56/element HTTP/1.1
10:16:34.037 [Forwarding findElement on session c3efacc14fdcc434caedc12ba53a5d56 to remote] DEBUG org.apache.http.impl.execchain.MainClientExec - Target auth state: UNCHALLENGED
10:16:34.037 [Forwarding findElement on session c3efacc14fdcc434caedc12ba53a5d56 to remote] DEBUG org.apache.http.impl.execchain.MainClientExec - Proxy auth state: UNCHALLENGED
10:16:34.037 [Forwarding findElement on session c3efacc14fdcc434caedc12ba53a5d56 to remote] DEBUG org.apache.http.headers - http-outgoing-0 >> POST /session/c3efacc14fdcc434caedc12ba53a5d56/element HTTP/1.1
10:16:34.037 [Forwarding findElement on session c3efacc14fdcc434caedc12ba53a5d56 to remote] DEBUG org.apache.http.headers - http-outgoing-0 >> Content-Type: application/json; charset=utf-8
10:16:34.037 [Forwarding findElement on session c3efacc14fdcc434caedc12ba53a5d56 to remote] DEBUG org.apache.http.headers - http-outgoing-0 >> Content-Length: 60
10:16:34.037 [Forwarding findElement on session c3efacc14fdcc434caedc12ba53a5d56 to remote] DEBUG org.apache.http.headers - http-outgoing-0 >> Host: localhost:38510
10:16:34.037 [Forwarding findElement on session c3efacc14fdcc434caedc12ba53a5d56 to remote] DEBUG org.apache.http.headers - http-outgoing-0 >> Connection: Keep-Alive
10:16:34.037 [Forwarding findElement on session c3efacc14fdcc434caedc12ba53a5d56 to remote] DEBUG org.apache.http.headers - http-outgoing-0 >> User-Agent: Apache-HttpClient/4.5.2 (Java/1.8.0_162)
10:16:34.037 [Forwarding findElement on session c3efacc14fdcc434caedc12ba53a5d56 to remote] DEBUG org.apache.http.headers - http-outgoing-0 >> Accept-Encoding: gzip,deflate
10:16:34.037 [Forwarding findElement on session c3efacc14fdcc434caedc12ba53a5d56 to remote] DEBUG org.apache.http.wire - http-outgoing-0 >> "POST /session/c3efacc14fdcc434caedc12ba53a5d56/element HTTP/1.1[\r][\n]"
10:16:34.037 [Forwarding findElement on session c3efacc14fdcc434caedc12ba53a5d56 to remote] DEBUG org.apache.http.wire - http-outgoing-0 >> "Content-Type: application/json; charset=utf-8[\r][\n]"
10:16:34.037 [Forwarding findElement on session c3efacc14fdcc434caedc12ba53a5d56 to remote] DEBUG org.apache.http.wire - http-outgoing-0 >> "Content-Length: 60[\r][\n]"
10:16:34.037 [Forwarding findElement on session c3efacc14fdcc434caedc12ba53a5d56 to remote] DEBUG org.apache.http.wire - http-outgoing-0 >> "Host: localhost:38510[\r][\n]"
10:16:34.037 [Forwarding findElement on session c3efacc14fdcc434caedc12ba53a5d56 to remote] DEBUG org.apache.http.wire - http-outgoing-0 >> "Connection: Keep-Alive[\r][\n]"
10:16:34.037 [Forwarding findElement on session c3efacc14fdcc434caedc12ba53a5d56 to remote] DEBUG org.apache.http.wire - http-outgoing-0 >> "User-Agent: Apache-HttpClient/4.5.2 (Java/1.8.0_162)[\r][\n]"
10:16:34.037 [Forwarding findElement on session c3efacc14fdcc434caedc12ba53a5d56 to remote] DEBUG org.apache.http.wire - http-outgoing-0 >> "Accept-Encoding: gzip,deflate[\r][\n]"
10:16:34.037 [Forwarding findElement on session c3efacc14fdcc434caedc12ba53a5d56 to remote] DEBUG org.apache.http.wire - http-outgoing-0 >> "[\r][\n]"
10:16:34.037 [Forwarding findElement on session c3efacc14fdcc434caedc12ba53a5d56 to remote] DEBUG org.apache.http.wire - http-outgoing-0 >> "{"using":"xpath","value":"//span[text()=\" [0xe5][0xae][0xa2][0xe6][0x88][0xb7][0xe7][0xae][0xa1][0xe7][0x90][0x86]\"]"}"
10:16:34.046 [Forwarding findElement on session c3efacc14fdcc434caedc12ba53a5d56 to remote] DEBUG org.apache.http.wire - http-outgoing-0 << "HTTP/1.1 200 OK[\r][\n]"
10:16:34.046 [Forwarding findElement on session c3efacc14fdcc434caedc12ba53a5d56 to remote] DEBUG org.apache.http.wire - http-outgoing-0 << "Content-Length:101[\r][\n]"
10:16:34.046 [Forwarding findElement on session c3efacc14fdcc434caedc12ba53a5d56 to remote] DEBUG org.apache.http.wire - http-outgoing-0 << "Content-Type:application/json; charset=utf-8[\r][\n]"
10:16:34.046 [Forwarding findElement on session c3efacc14fdcc434caedc12ba53a5d56 to remote] DEBUG org.apache.http.wire - http-outgoing-0 << "[\r][\n]"
10:16:34.046 [Forwarding findElement on session c3efacc14fdcc434caedc12ba53a5d56 to remote] DEBUG org.apache.http.wire - http-outgoing-0 << "{"sessionId":"c3efacc14fdcc434caedc12ba53a5d56","status":0,"value":{"ELEMENT":"0.778388220836485-2"}}"
10:16:34.046 [Forwarding findElement on session c3efacc14fdcc434caedc12ba53a5d56 to remote] DEBUG org.apache.http.headers - http-outgoing-0 << HTTP/1.1 200 OK
10:16:34.046 [Forwarding findElement on session c3efacc14fdcc434caedc12ba53a5d56 to remote] DEBUG org.apache.http.headers - http-outgoing-0 << Content-Length:101
10:16:34.046 [Forwarding findElement on session c3efacc14fdcc434caedc12ba53a5d56 to remote] DEBUG org.apache.http.headers - http-outgoing-0 << Content-Type:application/json; charset=utf-8
10:16:34.046 [Forwarding findElement on session c3efacc14fdcc434caedc12ba53a5d56 to remote] DEBUG org.apache.http.impl.execchain.MainClientExec - Connection can be kept alive indefinitely
10:16:34.047 [Forwarding findElement on session c3efacc14fdcc434caedc12ba53a5d56 to remote] DEBUG org.apache.http.impl.conn.PoolingHttpClientConnectionManager - Connection [id: 0][route: {}->http://localhost:38510] can be kept alive indefinitely
10:16:34.047 [Forwarding findElement on session c3efacc14fdcc434caedc12ba53a5d56 to remote] DEBUG org.apache.http.impl.conn.PoolingHttpClientConnectionManager - Connection released: [id: 0][route: {}->http://localhost:38510][total kept alive: 1; route allocated: 1 of 2000; total allocated: 1 of 2000]
10:16:34.048 [Forwarding clickElement on session c3efacc14fdcc434caedc12ba53a5d56 to remote] DEBUG org.apache.http.client.protocol.RequestAddCookies - CookieSpec selected: default
10:16:34.048 [Forwarding clickElement on session c3efacc14fdcc434caedc12ba53a5d56 to remote] DEBUG org.apache.http.client.protocol.RequestAuthCache - Auth cache not set in the context
10:16:34.048 [Forwarding clickElement on session c3efacc14fdcc434caedc12ba53a5d56 to remote] DEBUG org.apache.http.impl.conn.PoolingHttpClientConnectionManager - Connection request: [route: {}->http://localhost:38510][total kept alive: 1; route allocated: 1 of 2000; total allocated: 1 of 2000]
10:16:34.048 [Forwarding clickElement on session c3efacc14fdcc434caedc12ba53a5d56 to remote] DEBUG org.apache.http.impl.conn.PoolingHttpClientConnectionManager - Connection leased: [id: 0][route: {}->http://localhost:38510][total kept alive: 0; route allocated: 1 of 2000; total allocated: 1 of 2000]
10:16:34.048 [Forwarding clickElement on session c3efacc14fdcc434caedc12ba53a5d56 to remote] DEBUG org.apache.http.impl.execchain.MainClientExec - Stale connection check
10:16:34.052 [Forwarding clickElement on session c3efacc14fdcc434caedc12ba53a5d56 to remote] DEBUG org.apache.http.wire - http-outgoing-0 << "[read] I/O error: Read timed out"
10:16:34.052 [Forwarding clickElement on session c3efacc14fdcc434caedc12ba53a5d56 to remote] DEBUG org.apache.http.impl.conn.DefaultManagedHttpClientConnection - http-outgoing-0: set socket timeout to 10800000
10:16:34.052 [Forwarding clickElement on session c3efacc14fdcc434caedc12ba53a5d56 to remote] DEBUG org.apache.http.impl.execchain.MainClientExec - Executing request POST /session/c3efacc14fdcc434caedc12ba53a5d56/element/0.778388220836485-2/click HTTP/1.1
10:16:34.052 [Forwarding clickElement on session c3efacc14fdcc434caedc12ba53a5d56 to remote] DEBUG org.apache.http.impl.execchain.MainClientExec - Target auth state: UNCHALLENGED
10:16:34.052 [Forwarding clickElement on session c3efacc14fdcc434caedc12ba53a5d56 to remote] DEBUG org.apache.http.impl.execchain.MainClientExec - Proxy auth state: UNCHALLENGED
10:16:34.052 [Forwarding clickElement on session c3efacc14fdcc434caedc12ba53a5d56 to remote] DEBUG org.apache.http.headers - http-outgoing-0 >> POST /session/c3efacc14fdcc434caedc12ba53a5d56/element/0.778388220836485-2/click HTTP/1.1
10:16:34.052 [Forwarding clickElement on session c3efacc14fdcc434caedc12ba53a5d56 to remote] DEBUG org.apache.http.headers - http-outgoing-0 >> Content-Type: application/json; charset=utf-8
10:16:34.052 [Forwarding clickElement on session c3efacc14fdcc434caedc12ba53a5d56 to remote] DEBUG org.apache.http.headers - http-outgoing-0 >> Content-Length: 28
10:16:34.052 [Forwarding clickElement on session c3efacc14fdcc434caedc12ba53a5d56 to remote] DEBUG org.apache.http.headers - http-outgoing-0 >> Host: localhost:38510
10:16:34.052 [Forwarding clickElement on session c3efacc14fdcc434caedc12ba53a5d56 to remote] DEBUG org.apache.http.headers - http-outgoing-0 >> Connection: Keep-Alive
10:16:34.052 [Forwarding clickElement on session c3efacc14fdcc434caedc12ba53a5d56 to remote] DEBUG org.apache.http.headers - http-outgoing-0 >> User-Agent: Apache-HttpClient/4.5.2 (Java/1.8.0_162)
10:16:34.052 [Forwarding clickElement on session c3efacc14fdcc434caedc12ba53a5d56 to remote] DEBUG org.apache.http.headers - http-outgoing-0 >> Accept-Encoding: gzip,deflate
10:16:34.052 [Forwarding clickElement on session c3efacc14fdcc434caedc12ba53a5d56 to remote] DEBUG org.apache.http.wire - http-outgoing-0 >> "POST /session/c3efacc14fdcc434caedc12ba53a5d56/element/0.778388220836485-2/click HTTP/1.1[\r][\n]"
10:16:34.052 [Forwarding clickElement on session c3efacc14fdcc434caedc12ba53a5d56 to remote] DEBUG org.apache.http.wire - http-outgoing-0 >> "Content-Type: application/json; charset=utf-8[\r][\n]"
10:16:34.052 [Forwarding clickElement on session c3efacc14fdcc434caedc12ba53a5d56 to remote] DEBUG org.apache.http.wire - http-outgoing-0 >> "Content-Length: 28[\r][\n]"
10:16:34.052 [Forwarding clickElement on session c3efacc14fdcc434caedc12ba53a5d56 to remote] DEBUG org.apache.http.wire - http-outgoing-0 >> "Host: localhost:38510[\r][\n]"
10:16:34.052 [Forwarding clickElement on session c3efacc14fdcc434caedc12ba53a5d56 to remote] DEBUG org.apache.http.wire - http-outgoing-0 >> "Connection: Keep-Alive[\r][\n]"
10:16:34.052 [Forwarding clickElement on session c3efacc14fdcc434caedc12ba53a5d56 to remote] DEBUG org.apache.http.wire - http-outgoing-0 >> "User-Agent: Apache-HttpClient/4.5.2 (Java/1.8.0_162)[\r][\n]"
10:16:34.052 [Forwarding clickElement on session c3efacc14fdcc434caedc12ba53a5d56 to remote] DEBUG org.apache.http.wire - http-outgoing-0 >> "Accept-Encoding: gzip,deflate[\r][\n]"
10:16:34.052 [Forwarding clickElement on session c3efacc14fdcc434caedc12ba53a5d56 to remote] DEBUG org.apache.http.wire - http-outgoing-0 >> "[\r][\n]"
10:16:34.052 [Forwarding clickElement on session c3efacc14fdcc434caedc12ba53a5d56 to remote] DEBUG org.apache.http.wire - http-outgoing-0 >> "{"id":"0.778388220836485-2"}"
10:16:34.389 [Forwarding clickElement on session c3efacc14fdcc434caedc12ba53a5d56 to remote] DEBUG org.apache.http.wire - http-outgoing-0 << "HTTP/1.1 200 OK[\r][\n]"
10:16:34.389 [Forwarding clickElement on session c3efacc14fdcc434caedc12ba53a5d56 to remote] DEBUG org.apache.http.wire - http-outgoing-0 << "Content-Length:72[\r][\n]"
10:16:34.389 [Forwarding clickElement on session c3efacc14fdcc434caedc12ba53a5d56 to remote] DEBUG org.apache.http.wire - http-outgoing-0 << "Content-Type:application/json; charset=utf-8[\r][\n]"
10:16:34.389 [Forwarding clickElement on session c3efacc14fdcc434caedc12ba53a5d56 to remote] DEBUG org.apache.http.wire - http-outgoing-0 << "[\r][\n]"
10:16:34.389 [Forwarding clickElement on session c3efacc14fdcc434caedc12ba53a5d56 to remote] DEBUG org.apache.http.wire - http-outgoing-0 << "{"sessionId":"c3efacc14fdcc434caedc12ba53a5d56","status":0,"value":null}"
10:16:34.389 [Forwarding clickElement on session c3efacc14fdcc434caedc12ba53a5d56 to remote] DEBUG org.apache.http.headers - http-outgoing-0 << HTTP/1.1 200 OK
10:16:34.389 [Forwarding clickElement on session c3efacc14fdcc434caedc12ba53a5d56 to remote] DEBUG org.apache.http.headers - http-outgoing-0 << Content-Length:72
10:16:34.389 [Forwarding clickElement on session c3efacc14fdcc434caedc12ba53a5d56 to remote] DEBUG org.apache.http.headers - http-outgoing-0 << Content-Type:application/json; charset=utf-8
10:16:34.389 [Forwarding clickElement on session c3efacc14fdcc434caedc12ba53a5d56 to remote] DEBUG org.apache.http.impl.execchain.MainClientExec - Connection can be kept alive indefinitely
10:16:34.389 [Forwarding clickElement on session c3efacc14fdcc434caedc12ba53a5d56 to remote] DEBUG org.apache.http.impl.conn.PoolingHttpClientConnectionManager - Connection [id: 0][route: {}->http://localhost:38510] can be kept alive indefinitely
10:16:34.389 [Forwarding clickElement on session c3efacc14fdcc434caedc12ba53a5d56 to remote] DEBUG org.apache.http.impl.conn.PoolingHttpClientConnectionManager - Connection released: [id: 0][route: {}->http://localhost:38510][total kept alive: 1; route allocated: 1 of 2000; total allocated: 1 of 2000]
10:16:34.390 [Forwarding findElement on session c3efacc14fdcc434caedc12ba53a5d56 to remote] DEBUG org.apache.http.client.protocol.RequestAddCookies - CookieSpec selected: default
10:16:34.390 [Forwarding findElement on session c3efacc14fdcc434caedc12ba53a5d56 to remote] DEBUG org.apache.http.client.protocol.RequestAuthCache - Auth cache not set in the context
10:16:34.390 [Forwarding findElement on session c3efacc14fdcc434caedc12ba53a5d56 to remote] DEBUG org.apache.http.impl.conn.PoolingHttpClientConnectionManager - Connection request: [route: {}->http://localhost:38510][total kept alive: 1; route allocated: 1 of 2000; total allocated: 1 of 2000]
10:16:34.390 [Forwarding findElement on session c3efacc14fdcc434caedc12ba53a5d56 to remote] DEBUG org.apache.http.impl.conn.PoolingHttpClientConnectionManager - Connection leased: [id: 0][route: {}->http://localhost:38510][total kept alive: 0; route allocated: 1 of 2000; total allocated: 1 of 2000]
10:16:34.390 [Forwarding findElement on session c3efacc14fdcc434caedc12ba53a5d56 to remote] DEBUG org.apache.http.impl.execchain.MainClientExec - Stale connection check
10:16:34.396 [Forwarding findElement on session c3efacc14fdcc434caedc12ba53a5d56 to remote] DEBUG org.apache.http.wire - http-outgoing-0 << "[read] I/O error: Read timed out"
10:16:34.396 [Forwarding findElement on session c3efacc14fdcc434caedc12ba53a5d56 to remote] DEBUG org.apache.http.impl.conn.DefaultManagedHttpClientConnection - http-outgoing-0: set socket timeout to 10800000
10:16:34.396 [Forwarding findElement on session c3efacc14fdcc434caedc12ba53a5d56 to remote] DEBUG org.apache.http.impl.execchain.MainClientExec - Executing request POST /session/c3efacc14fdcc434caedc12ba53a5d56/element HTTP/1.1
10:16:34.396 [Forwarding findElement on session c3efacc14fdcc434caedc12ba53a5d56 to remote] DEBUG org.apache.http.impl.execchain.MainClientExec - Target auth state: UNCHALLENGED
10:16:34.396 [Forwarding findElement on session c3efacc14fdcc434caedc12ba53a5d56 to remote] DEBUG org.apache.http.impl.execchain.MainClientExec - Proxy auth state: UNCHALLENGED
10:16:34.396 [Forwarding findElement on session c3efacc14fdcc434caedc12ba53a5d56 to remote] DEBUG org.apache.http.headers - http-outgoing-0 >> POST /session/c3efacc14fdcc434caedc12ba53a5d56/element HTTP/1.1
10:16:34.396 [Forwarding findElement on session c3efacc14fdcc434caedc12ba53a5d56 to remote] DEBUG org.apache.http.headers - http-outgoing-0 >> Content-Type: application/json; charset=utf-8
10:16:34.396 [Forwarding findElement on session c3efacc14fdcc434caedc12ba53a5d56 to remote] DEBUG org.apache.http.headers - http-outgoing-0 >> Content-Length: 56
10:16:34.396 [Forwarding findElement on session c3efacc14fdcc434caedc12ba53a5d56 to remote] DEBUG org.apache.http.headers - http-outgoing-0 >> Host: localhost:38510
10:16:34.396 [Forwarding findElement on session c3efacc14fdcc434caedc12ba53a5d56 to remote] DEBUG org.apache.http.headers - http-outgoing-0 >> Connection: Keep-Alive
10:16:34.396 [Forwarding findElement on session c3efacc14fdcc434caedc12ba53a5d56 to remote] DEBUG org.apache.http.headers - http-outgoing-0 >> User-Agent: Apache-HttpClient/4.5.2 (Java/1.8.0_162)
10:16:34.396 [Forwarding findElement on session c3efacc14fdcc434caedc12ba53a5d56 to remote] DEBUG org.apache.http.headers - http-outgoing-0 >> Accept-Encoding: gzip,deflate
10:16:34.396 [Forwarding findElement on session c3efacc14fdcc434caedc12ba53a5d56 to remote] DEBUG org.apache.http.wire - http-outgoing-0 >> "POST /session/c3efacc14fdcc434caedc12ba53a5d56/element HTTP/1.1[\r][\n]"
10:16:34.396 [Forwarding findElement on session c3efacc14fdcc434caedc12ba53a5d56 to remote] DEBUG org.apache.http.wire - http-outgoing-0 >> "Content-Type: application/json; charset=utf-8[\r][\n]"
10:16:34.396 [Forwarding findElement on session c3efacc14fdcc434caedc12ba53a5d56 to remote] DEBUG org.apache.http.wire - http-outgoing-0 >> "Content-Length: 56[\r][\n]"
10:16:34.396 [Forwarding findElement on session c3efacc14fdcc434caedc12ba53a5d56 to remote] DEBUG org.apache.http.wire - http-outgoing-0 >> "Host: localhost:38510[\r][\n]"
10:16:34.396 [Forwarding findElement on session c3efacc14fdcc434caedc12ba53a5d56 to remote] DEBUG org.apache.http.wire - http-outgoing-0 >> "Connection: Keep-Alive[\r][\n]"
10:16:34.396 [Forwarding findElement on session c3efacc14fdcc434caedc12ba53a5d56 to remote] DEBUG org.apache.http.wire - http-outgoing-0 >> "User-Agent: Apache-HttpClient/4.5.2 (Java/1.8.0_162)[\r][\n]"
10:16:34.396 [Forwarding findElement on session c3efacc14fdcc434caedc12ba53a5d56 to remote] DEBUG org.apache.http.wire - http-outgoing-0 >> "Accept-Encoding: gzip,deflate[\r][\n]"
10:16:34.396 [Forwarding findElement on session c3efacc14fdcc434caedc12ba53a5d56 to remote] DEBUG org.apache.http.wire - http-outgoing-0 >> "[\r][\n]"
10:16:34.396 [Forwarding findElement on session c3efacc14fdcc434caedc12ba53a5d56 to remote] DEBUG org.apache.http.wire - http-outgoing-0 >> "{"using":"xpath","value":"//a[text()=\"[0xe6][0xb7][0xbb][0xe5][0x8a][0xa0][0xe5][0xae][0xa2][0xe6][0x88][0xb7]\"]"}"
10:16:34.404 [Forwarding findElement on session c3efacc14fdcc434caedc12ba53a5d56 to remote] DEBUG org.apache.http.wire - http-outgoing-0 << "HTTP/1.1 200 OK[\r][\n]"
10:16:34.404 [Forwarding findElement on session c3efacc14fdcc434caedc12ba53a5d56 to remote] DEBUG org.apache.http.wire - http-outgoing-0 << "Content-Length:101[\r][\n]"
10:16:34.404 [Forwarding findElement on session c3efacc14fdcc434caedc12ba53a5d56 to remote] DEBUG org.apache.http.wire - http-outgoing-0 << "Content-Type:application/json; charset=utf-8[\r][\n]"
10:16:34.404 [Forwarding findElement on session c3efacc14fdcc434caedc12ba53a5d56 to remote] DEBUG org.apache.http.wire - http-outgoing-0 << "[\r][\n]"
10:16:34.404 [Forwarding findElement on session c3efacc14fdcc434caedc12ba53a5d56 to remote] DEBUG org.apache.http.wire - http-outgoing-0 << "{"sessionId":"c3efacc14fdcc434caedc12ba53a5d56","status":0,"value":{"ELEMENT":"0.778388220836485-3"}}"
10:16:34.404 [Forwarding findElement on session c3efacc14fdcc434caedc12ba53a5d56 to remote] DEBUG org.apache.http.headers - http-outgoing-0 << HTTP/1.1 200 OK
10:16:34.404 [Forwarding findElement on session c3efacc14fdcc434caedc12ba53a5d56 to remote] DEBUG org.apache.http.headers - http-outgoing-0 << Content-Length:101
10:16:34.404 [Forwarding findElement on session c3efacc14fdcc434caedc12ba53a5d56 to remote] DEBUG org.apache.http.headers - http-outgoing-0 << Content-Type:application/json; charset=utf-8
10:16:34.404 [Forwarding findElement on session c3efacc14fdcc434caedc12ba53a5d56 to remote] DEBUG org.apache.http.impl.execchain.MainClientExec - Connection can be kept alive indefinitely
10:16:34.404 [Forwarding findElement on session c3efacc14fdcc434caedc12ba53a5d56 to remote] DEBUG org.apache.http.impl.conn.PoolingHttpClientConnectionManager - Connection [id: 0][route: {}->http://localhost:38510] can be kept alive indefinitely
10:16:34.404 [Forwarding findElement on session c3efacc14fdcc434caedc12ba53a5d56 to remote] DEBUG org.apache.http.impl.conn.PoolingHttpClientConnectionManager - Connection released: [id: 0][route: {}->http://localhost:38510][total kept alive: 1; route allocated: 1 of 2000; total allocated: 1 of 2000]
10:16:34.405 [Forwarding clickElement on session c3efacc14fdcc434caedc12ba53a5d56 to remote] DEBUG org.apache.http.client.protocol.RequestAddCookies - CookieSpec selected: default
10:16:34.405 [Forwarding clickElement on session c3efacc14fdcc434caedc12ba53a5d56 to remote] DEBUG org.apache.http.client.protocol.RequestAuthCache - Auth cache not set in the context
10:16:34.405 [Forwarding clickElement on session c3efacc14fdcc434caedc12ba53a5d56 to remote] DEBUG org.apache.http.impl.conn.PoolingHttpClientConnectionManager - Connection request: [route: {}->http://localhost:38510][total kept alive: 1; route allocated: 1 of 2000; total allocated: 1 of 2000]
10:16:34.405 [Forwarding clickElement on session c3efacc14fdcc434caedc12ba53a5d56 to remote] DEBUG org.apache.http.impl.conn.PoolingHttpClientConnectionManager - Connection leased: [id: 0][route: {}->http://localhost:38510][total kept alive: 0; route allocated: 1 of 2000; total allocated: 1 of 2000]
10:16:34.405 [Forwarding clickElement on session c3efacc14fdcc434caedc12ba53a5d56 to remote] DEBUG org.apache.http.impl.execchain.MainClientExec - Stale connection check
10:16:34.411 [Forwarding clickElement on session c3efacc14fdcc434caedc12ba53a5d56 to remote] DEBUG org.apache.http.wire - http-outgoing-0 << "[read] I/O error: Read timed out"
10:16:34.411 [Forwarding clickElement on session c3efacc14fdcc434caedc12ba53a5d56 to remote] DEBUG org.apache.http.impl.conn.DefaultManagedHttpClientConnection - http-outgoing-0: set socket timeout to 10800000
10:16:34.411 [Forwarding clickElement on session c3efacc14fdcc434caedc12ba53a5d56 to remote] DEBUG org.apache.http.impl.execchain.MainClientExec - Executing request POST /session/c3efacc14fdcc434caedc12ba53a5d56/element/0.778388220836485-3/click HTTP/1.1
10:16:34.411 [Forwarding clickElement on session c3efacc14fdcc434caedc12ba53a5d56 to remote] DEBUG org.apache.http.impl.execchain.MainClientExec - Target auth state: UNCHALLENGED
10:16:34.411 [Forwarding clickElement on session c3efacc14fdcc434caedc12ba53a5d56 to remote] DEBUG org.apache.http.impl.execchain.MainClientExec - Proxy auth state: UNCHALLENGED
10:16:34.411 [Forwarding clickElement on session c3efacc14fdcc434caedc12ba53a5d56 to remote] DEBUG org.apache.http.headers - http-outgoing-0 >> POST /session/c3efacc14fdcc434caedc12ba53a5d56/element/0.778388220836485-3/click HTTP/1.1
10:16:34.411 [Forwarding clickElement on session c3efacc14fdcc434caedc12ba53a5d56 to remote] DEBUG org.apache.http.headers - http-outgoing-0 >> Content-Type: application/json; charset=utf-8
10:16:34.411 [Forwarding clickElement on session c3efacc14fdcc434caedc12ba53a5d56 to remote] DEBUG org.apache.http.headers - http-outgoing-0 >> Content-Length: 28
10:16:34.411 [Forwarding clickElement on session c3efacc14fdcc434caedc12ba53a5d56 to remote] DEBUG org.apache.http.headers - http-outgoing-0 >> Host: localhost:38510
10:16:34.411 [Forwarding clickElement on session c3efacc14fdcc434caedc12ba53a5d56 to remote] DEBUG org.apache.http.headers - http-outgoing-0 >> Connection: Keep-Alive
10:16:34.411 [Forwarding clickElement on session c3efacc14fdcc434caedc12ba53a5d56 to remote] DEBUG org.apache.http.headers - http-outgoing-0 >> User-Agent: Apache-HttpClient/4.5.2 (Java/1.8.0_162)
10:16:34.411 [Forwarding clickElement on session c3efacc14fdcc434caedc12ba53a5d56 to remote] DEBUG org.apache.http.headers - http-outgoing-0 >> Accept-Encoding: gzip,deflate
10:16:34.411 [Forwarding clickElement on session c3efacc14fdcc434caedc12ba53a5d56 to remote] DEBUG org.apache.http.wire - http-outgoing-0 >> "POST /session/c3efacc14fdcc434caedc12ba53a5d56/element/0.778388220836485-3/click HTTP/1.1[\r][\n]"
10:16:34.411 [Forwarding clickElement on session c3efacc14fdcc434caedc12ba53a5d56 to remote] DEBUG org.apache.http.wire - http-outgoing-0 >> "Content-Type: application/json; charset=utf-8[\r][\n]"
10:16:34.411 [Forwarding clickElement on session c3efacc14fdcc434caedc12ba53a5d56 to remote] DEBUG org.apache.http.wire - http-outgoing-0 >> "Content-Length: 28[\r][\n]"
10:16:34.411 [Forwarding clickElement on session c3efacc14fdcc434caedc12ba53a5d56 to remote] DEBUG org.apache.http.wire - http-outgoing-0 >> "Host: localhost:38510[\r][\n]"
10:16:34.411 [Forwarding clickElement on session c3efacc14fdcc434caedc12ba53a5d56 to remote] DEBUG org.apache.http.wire - http-outgoing-0 >> "Connection: Keep-Alive[\r][\n]"
10:16:34.411 [Forwarding clickElement on session c3efacc14fdcc434caedc12ba53a5d56 to remote] DEBUG org.apache.http.wire - http-outgoing-0 >> "User-Agent: Apache-HttpClient/4.5.2 (Java/1.8.0_162)[\r][\n]"
10:16:34.411 [Forwarding clickElement on session c3efacc14fdcc434caedc12ba53a5d56 to remote] DEBUG org.apache.http.wire - http-outgoing-0 >> "Accept-Encoding: gzip,deflate[\r][\n]"
10:16:34.411 [Forwarding clickElement on session c3efacc14fdcc434caedc12ba53a5d56 to remote] DEBUG org.apache.http.wire - http-outgoing-0 >> "[\r][\n]"
10:16:34.411 [Forwarding clickElement on session c3efacc14fdcc434caedc12ba53a5d56 to remote] DEBUG org.apache.http.wire - http-outgoing-0 >> "{"id":"0.778388220836485-3"}"
10:16:34.446 [Forwarding clickElement on session c3efacc14fdcc434caedc12ba53a5d56 to remote] DEBUG org.apache.http.wire - http-outgoing-0 << "HTTP/1.1 200 OK[\r][\n]"
10:16:34.446 [Forwarding clickElement on session c3efacc14fdcc434caedc12ba53a5d56 to remote] DEBUG org.apache.http.wire - http-outgoing-0 << "Content-Length:72[\r][\n]"
10:16:34.446 [Forwarding clickElement on session c3efacc14fdcc434caedc12ba53a5d56 to remote] DEBUG org.apache.http.wire - http-outgoing-0 << "Content-Type:application/json; charset=utf-8[\r][\n]"
10:16:34.446 [Forwarding clickElement on session c3efacc14fdcc434caedc12ba53a5d56 to remote] DEBUG org.apache.http.wire - http-outgoing-0 << "[\r][\n]"
10:16:34.446 [Forwarding clickElement on session c3efacc14fdcc434caedc12ba53a5d56 to remote] DEBUG org.apache.http.wire - http-outgoing-0 << "{"sessionId":"c3efacc14fdcc434caedc12ba53a5d56","status":0,"value":null}"
10:16:34.446 [Forwarding clickElement on session c3efacc14fdcc434caedc12ba53a5d56 to remote] DEBUG org.apache.http.headers - http-outgoing-0 << HTTP/1.1 200 OK
10:16:34.446 [Forwarding clickElement on session c3efacc14fdcc434caedc12ba53a5d56 to remote] DEBUG org.apache.http.headers - http-outgoing-0 << Content-Length:72
10:16:34.446 [Forwarding clickElement on session c3efacc14fdcc434caedc12ba53a5d56 to remote] DEBUG org.apache.http.headers - http-outgoing-0 << Content-Type:application/json; charset=utf-8
10:16:34.446 [Forwarding clickElement on session c3efacc14fdcc434caedc12ba53a5d56 to remote] DEBUG org.apache.http.impl.execchain.MainClientExec - Connection can be kept alive indefinitely
10:16:34.446 [Forwarding clickElement on session c3efacc14fdcc434caedc12ba53a5d56 to remote] DEBUG org.apache.http.impl.conn.PoolingHttpClientConnectionManager - Connection [id: 0][route: {}->http://localhost:38510] can be kept alive indefinitely
10:16:34.446 [Forwarding clickElement on session c3efacc14fdcc434caedc12ba53a5d56 to remote] DEBUG org.apache.http.impl.conn.PoolingHttpClientConnectionManager - Connection released: [id: 0][route: {}->http://localhost:38510][total kept alive: 1; route allocated: 1 of 2000; total allocated: 1 of 2000]
10:16:34.450 [Forwarding switchToFrame on session c3efacc14fdcc434caedc12ba53a5d56 to remote] DEBUG org.apache.http.client.protocol.RequestAddCookies - CookieSpec selected: default
10:16:34.450 [Forwarding switchToFrame on session c3efacc14fdcc434caedc12ba53a5d56 to remote] DEBUG org.apache.http.client.protocol.RequestAuthCache - Auth cache not set in the context
10:16:34.450 [Forwarding switchToFrame on session c3efacc14fdcc434caedc12ba53a5d56 to remote] DEBUG org.apache.http.impl.conn.PoolingHttpClientConnectionManager - Connection request: [route: {}->http://localhost:38510][total kept alive: 1; route allocated: 1 of 2000; total allocated: 1 of 2000]
10:16:34.450 [Forwarding switchToFrame on session c3efacc14fdcc434caedc12ba53a5d56 to remote] DEBUG org.apache.http.impl.conn.PoolingHttpClientConnectionManager - Connection leased: [id: 0][route: {}->http://localhost:38510][total kept alive: 0; route allocated: 1 of 2000; total allocated: 1 of 2000]
10:16:34.450 [Forwarding switchToFrame on session c3efacc14fdcc434caedc12ba53a5d56 to remote] DEBUG org.apache.http.impl.execchain.MainClientExec - Stale connection check
10:16:34.458 [Forwarding switchToFrame on session c3efacc14fdcc434caedc12ba53a5d56 to remote] DEBUG org.apache.http.wire - http-outgoing-0 << "[read] I/O error: Read timed out"
10:16:34.458 [Forwarding switchToFrame on session c3efacc14fdcc434caedc12ba53a5d56 to remote] DEBUG org.apache.http.impl.conn.DefaultManagedHttpClientConnection - http-outgoing-0: set socket timeout to 10800000
10:16:34.458 [Forwarding switchToFrame on session c3efacc14fdcc434caedc12ba53a5d56 to remote] DEBUG org.apache.http.impl.execchain.MainClientExec - Executing request POST /session/c3efacc14fdcc434caedc12ba53a5d56/frame HTTP/1.1
10:16:34.458 [Forwarding switchToFrame on session c3efacc14fdcc434caedc12ba53a5d56 to remote] DEBUG org.apache.http.impl.execchain.MainClientExec - Target auth state: UNCHALLENGED
10:16:34.458 [Forwarding switchToFrame on session c3efacc14fdcc434caedc12ba53a5d56 to remote] DEBUG org.apache.http.impl.execchain.MainClientExec - Proxy auth state: UNCHALLENGED
10:16:34.458 [Forwarding switchToFrame on session c3efacc14fdcc434caedc12ba53a5d56 to remote] DEBUG org.apache.http.headers - http-outgoing-0 >> POST /session/c3efacc14fdcc434caedc12ba53a5d56/frame HTTP/1.1
10:16:34.458 [Forwarding switchToFrame on session c3efacc14fdcc434caedc12ba53a5d56 to remote] DEBUG org.apache.http.headers - http-outgoing-0 >> Content-Type: application/json; charset=utf-8
10:16:34.458 [Forwarding switchToFrame on session c3efacc14fdcc434caedc12ba53a5d56 to remote] DEBUG org.apache.http.headers - http-outgoing-0 >> Content-Length: 11
10:16:34.458 [Forwarding switchToFrame on session c3efacc14fdcc434caedc12ba53a5d56 to remote] DEBUG org.apache.http.headers - http-outgoing-0 >> Host: localhost:38510
10:16:34.458 [Forwarding switchToFrame on session c3efacc14fdcc434caedc12ba53a5d56 to remote] DEBUG org.apache.http.headers - http-outgoing-0 >> Connection: Keep-Alive
10:16:34.458 [Forwarding switchToFrame on session c3efacc14fdcc434caedc12ba53a5d56 to remote] DEBUG org.apache.http.headers - http-outgoing-0 >> User-Agent: Apache-HttpClient/4.5.2 (Java/1.8.0_162)
10:16:34.458 [Forwarding switchToFrame on session c3efacc14fdcc434caedc12ba53a5d56 to remote] DEBUG org.apache.http.headers - http-outgoing-0 >> Accept-Encoding: gzip,deflate
10:16:34.458 [Forwarding switchToFrame on session c3efacc14fdcc434caedc12ba53a5d56 to remote] DEBUG org.apache.http.wire - http-outgoing-0 >> "POST /session/c3efacc14fdcc434caedc12ba53a5d56/frame HTTP/1.1[\r][\n]"
10:16:34.458 [Forwarding switchToFrame on session c3efacc14fdcc434caedc12ba53a5d56 to remote] DEBUG org.apache.http.wire - http-outgoing-0 >> "Content-Type: application/json; charset=utf-8[\r][\n]"
10:16:34.458 [Forwarding switchToFrame on session c3efacc14fdcc434caedc12ba53a5d56 to remote] DEBUG org.apache.http.wire - http-outgoing-0 >> "Content-Length: 11[\r][\n]"
10:16:34.458 [Forwarding switchToFrame on session c3efacc14fdcc434caedc12ba53a5d56 to remote] DEBUG org.apache.http.wire - http-outgoing-0 >> "Host: localhost:38510[\r][\n]"
10:16:34.458 [Forwarding switchToFrame on session c3efacc14fdcc434caedc12ba53a5d56 to remote] DEBUG org.apache.http.wire - http-outgoing-0 >> "Connection: Keep-Alive[\r][\n]"
10:16:34.458 [Forwarding switchToFrame on session c3efacc14fdcc434caedc12ba53a5d56 to remote] DEBUG org.apache.http.wire - http-outgoing-0 >> "User-Agent: Apache-HttpClient/4.5.2 (Java/1.8.0_162)[\r][\n]"
10:16:34.458 [Forwarding switchToFrame on session c3efacc14fdcc434caedc12ba53a5d56 to remote] DEBUG org.apache.http.wire - http-outgoing-0 >> "Accept-Encoding: gzip,deflate[\r][\n]"
10:16:34.458 [Forwarding switchToFrame on session c3efacc14fdcc434caedc12ba53a5d56 to remote] DEBUG org.apache.http.wire - http-outgoing-0 >> "[\r][\n]"
10:16:34.458 [Forwarding switchToFrame on session c3efacc14fdcc434caedc12ba53a5d56 to remote] DEBUG org.apache.http.wire - http-outgoing-0 >> "{"id":null}"
10:16:34.464 [Forwarding switchToFrame on session c3efacc14fdcc434caedc12ba53a5d56 to remote] DEBUG org.apache.http.wire - http-outgoing-0 << "HTTP/1.1 200 OK[\r][\n]"
10:16:34.464 [Forwarding switchToFrame on session c3efacc14fdcc434caedc12ba53a5d56 to remote] DEBUG org.apache.http.wire - http-outgoing-0 << "Content-Length:72[\r][\n]"
10:16:34.464 [Forwarding switchToFrame on session c3efacc14fdcc434caedc12ba53a5d56 to remote] DEBUG org.apache.http.wire - http-outgoing-0 << "Content-Type:application/json; charset=utf-8[\r][\n]"
10:16:34.464 [Forwarding switchToFrame on session c3efacc14fdcc434caedc12ba53a5d56 to remote] DEBUG org.apache.http.wire - http-outgoing-0 << "[\r][\n]"
10:16:34.464 [Forwarding switchToFrame on session c3efacc14fdcc434caedc12ba53a5d56 to remote] DEBUG org.apache.http.wire - http-outgoing-0 << "{"sessionId":"c3efacc14fdcc434caedc12ba53a5d56","status":0,"value":null}"
10:16:34.464 [Forwarding switchToFrame on session c3efacc14fdcc434caedc12ba53a5d56 to remote] DEBUG org.apache.http.headers - http-outgoing-0 << HTTP/1.1 200 OK
10:16:34.464 [Forwarding switchToFrame on session c3efacc14fdcc434caedc12ba53a5d56 to remote] DEBUG org.apache.http.headers - http-outgoing-0 << Content-Length:72
10:16:34.464 [Forwarding switchToFrame on session c3efacc14fdcc434caedc12ba53a5d56 to remote] DEBUG org.apache.http.headers - http-outgoing-0 << Content-Type:application/json; charset=utf-8
10:16:34.464 [Forwarding switchToFrame on session c3efacc14fdcc434caedc12ba53a5d56 to remote] DEBUG org.apache.http.impl.execchain.MainClientExec - Connection can be kept alive indefinitely
10:16:34.464 [Forwarding switchToFrame on session c3efacc14fdcc434caedc12ba53a5d56 to remote] DEBUG org.apache.http.impl.conn.PoolingHttpClientConnectionManager - Connection [id: 0][route: {}->http://localhost:38510] can be kept alive indefinitely
10:16:34.464 [Forwarding switchToFrame on session c3efacc14fdcc434caedc12ba53a5d56 to remote] DEBUG org.apache.http.impl.conn.PoolingHttpClientConnectionManager - Connection released: [id: 0][route: {}->http://localhost:38510][total kept alive: 1; route allocated: 1 of 2000; total allocated: 1 of 2000]
10:16:35.472 [Forwarding findElements on session c3efacc14fdcc434caedc12ba53a5d56 to remote] DEBUG org.apache.http.client.protocol.RequestAddCookies - CookieSpec selected: default
10:16:35.472 [Forwarding findElements on session c3efacc14fdcc434caedc12ba53a5d56 to remote] DEBUG org.apache.http.client.protocol.RequestAuthCache - Auth cache not set in the context
10:16:35.473 [Forwarding findElements on session c3efacc14fdcc434caedc12ba53a5d56 to remote] DEBUG org.apache.http.impl.conn.PoolingHttpClientConnectionManager - Connection request: [route: {}->http://localhost:38510][total kept alive: 1; route allocated: 1 of 2000; total allocated: 1 of 2000]
10:16:35.473 [Forwarding findElements on session c3efacc14fdcc434caedc12ba53a5d56 to remote] DEBUG org.apache.http.impl.conn.PoolingHttpClientConnectionManager - Connection leased: [id: 0][route: {}->http://localhost:38510][total kept alive: 0; route allocated: 1 of 2000; total allocated: 1 of 2000]
10:16:35.473 [Forwarding findElements on session c3efacc14fdcc434caedc12ba53a5d56 to remote] DEBUG org.apache.http.impl.execchain.MainClientExec - Stale connection check
10:16:35.486 [Forwarding findElements on session c3efacc14fdcc434caedc12ba53a5d56 to remote] DEBUG org.apache.http.wire - http-outgoing-0 << "[read] I/O error: Read timed out"
10:16:35.486 [Forwarding findElements on session c3efacc14fdcc434caedc12ba53a5d56 to remote] DEBUG org.apache.http.impl.conn.DefaultManagedHttpClientConnection - http-outgoing-0: set socket timeout to 10800000
10:16:35.486 [Forwarding findElements on session c3efacc14fdcc434caedc12ba53a5d56 to remote] DEBUG org.apache.http.impl.execchain.MainClientExec - Executing request POST /session/c3efacc14fdcc434caedc12ba53a5d56/elements HTTP/1.1
10:16:35.486 [Forwarding findElements on session c3efacc14fdcc434caedc12ba53a5d56 to remote] DEBUG org.apache.http.impl.execchain.MainClientExec - Target auth state: UNCHALLENGED
10:16:35.486 [Forwarding findElements on session c3efacc14fdcc434caedc12ba53a5d56 to remote] DEBUG org.apache.http.impl.execchain.MainClientExec - Proxy auth state: UNCHALLENGED
10:16:35.486 [Forwarding findElements on session c3efacc14fdcc434caedc12ba53a5d56 to remote] DEBUG org.apache.http.headers - http-outgoing-0 >> POST /session/c3efacc14fdcc434caedc12ba53a5d56/elements HTTP/1.1
10:16:35.486 [Forwarding findElements on session c3efacc14fdcc434caedc12ba53a5d56 to remote] DEBUG org.apache.http.headers - http-outgoing-0 >> Content-Type: application/json; charset=utf-8
10:16:35.486 [Forwarding findElements on session c3efacc14fdcc434caedc12ba53a5d56 to remote] DEBUG org.apache.http.headers - http-outgoing-0 >> Content-Length: 77
10:16:35.487 [Forwarding findElements on session c3efacc14fdcc434caedc12ba53a5d56 to remote] DEBUG org.apache.http.headers - http-outgoing-0 >> Host: localhost:38510
10:16:35.487 [Forwarding findElements on session c3efacc14fdcc434caedc12ba53a5d56 to remote] DEBUG org.apache.http.headers - http-outgoing-0 >> Connection: Keep-Alive
10:16:35.487 [Forwarding findElements on session c3efacc14fdcc434caedc12ba53a5d56 to remote] DEBUG org.apache.http.headers - http-outgoing-0 >> User-Agent: Apache-HttpClient/4.5.2 (Java/1.8.0_162)
10:16:35.487 [Forwarding findElements on session c3efacc14fdcc434caedc12ba53a5d56 to remote] DEBUG org.apache.http.headers - http-outgoing-0 >> Accept-Encoding: gzip,deflate
10:16:35.487 [Forwarding findElements on session c3efacc14fdcc434caedc12ba53a5d56 to remote] DEBUG org.apache.http.wire - http-outgoing-0 >> "POST /session/c3efacc14fdcc434caedc12ba53a5d56/elements HTTP/1.1[\r][\n]"
10:16:35.487 [Forwarding findElements on session c3efacc14fdcc434caedc12ba53a5d56 to remote] DEBUG org.apache.http.wire - http-outgoing-0 >> "Content-Type: application/json; charset=utf-8[\r][\n]"
10:16:35.487 [Forwarding findElements on session c3efacc14fdcc434caedc12ba53a5d56 to remote] DEBUG org.apache.http.wire - http-outgoing-0 >> "Content-Length: 77[\r][\n]"
10:16:35.487 [Forwarding findElements on session c3efacc14fdcc434caedc12ba53a5d56 to remote] DEBUG org.apache.http.wire - http-outgoing-0 >> "Host: localhost:38510[\r][\n]"
10:16:35.487 [Forwarding findElements on session c3efacc14fdcc434caedc12ba53a5d56 to remote] DEBUG org.apache.http.wire - http-outgoing-0 >> "Connection: Keep-Alive[\r][\n]"
10:16:35.487 [Forwarding findElements on session c3efacc14fdcc434caedc12ba53a5d56 to remote] DEBUG org.apache.http.wire - http-outgoing-0 >> "User-Agent: Apache-HttpClient/4.5.2 (Java/1.8.0_162)[\r][\n]"
10:16:35.487 [Forwarding findElements on session c3efacc14fdcc434caedc12ba53a5d56 to remote] DEBUG org.apache.http.wire - http-outgoing-0 >> "Accept-Encoding: gzip,deflate[\r][\n]"
10:16:35.487 [Forwarding findElements on session c3efacc14fdcc434caedc12ba53a5d56 to remote] DEBUG org.apache.http.wire - http-outgoing-0 >> "[\r][\n]"
10:16:35.487 [Forwarding findElements on session c3efacc14fdcc434caedc12ba53a5d56 to remote] DEBUG org.apache.http.wire - http-outgoing-0 >> "{"using":"css selector","value":"frame[name='GCCM01'],iframe[name='GCCM01']"}"
10:16:35.508 [Forwarding findElements on session c3efacc14fdcc434caedc12ba53a5d56 to remote] DEBUG org.apache.http.wire - http-outgoing-0 << "HTTP/1.1 200 OK[\r][\n]"
10:16:35.508 [Forwarding findElements on session c3efacc14fdcc434caedc12ba53a5d56 to remote] DEBUG org.apache.http.wire - http-outgoing-0 << "Content-Length:70[\r][\n]"
10:16:35.508 [Forwarding findElements on session c3efacc14fdcc434caedc12ba53a5d56 to remote] DEBUG org.apache.http.wire - http-outgoing-0 << "Content-Type:application/json; charset=utf-8[\r][\n]"
10:16:35.508 [Forwarding findElements on session c3efacc14fdcc434caedc12ba53a5d56 to remote] DEBUG org.apache.http.wire - http-outgoing-0 << "[\r][\n]"
10:16:35.508 [Forwarding findElements on session c3efacc14fdcc434caedc12ba53a5d56 to remote] DEBUG org.apache.http.wire - http-outgoing-0 << "{"sessionId":"c3efacc14fdcc434caedc12ba53a5d56","status":0,"value":[]}"
10:16:35.508 [Forwarding findElements on session c3efacc14fdcc434caedc12ba53a5d56 to remote] DEBUG org.apache.http.headers - http-outgoing-0 << HTTP/1.1 200 OK
10:16:35.508 [Forwarding findElements on session c3efacc14fdcc434caedc12ba53a5d56 to remote] DEBUG org.apache.http.headers - http-outgoing-0 << Content-Length:70
10:16:35.508 [Forwarding findElements on session c3efacc14fdcc434caedc12ba53a5d56 to remote] DEBUG org.apache.http.headers - http-outgoing-0 << Content-Type:application/json; charset=utf-8
10:16:35.508 [Forwarding findElements on session c3efacc14fdcc434caedc12ba53a5d56 to remote] DEBUG org.apache.http.impl.execchain.MainClientExec - Connection can be kept alive indefinitely
10:16:35.508 [Forwarding findElements on session c3efacc14fdcc434caedc12ba53a5d56 to remote] DEBUG org.apache.http.impl.conn.PoolingHttpClientConnectionManager - Connection [id: 0][route: {}->http://localhost:38510] can be kept alive indefinitely
10:16:35.508 [Forwarding findElements on session c3efacc14fdcc434caedc12ba53a5d56 to remote] DEBUG org.apache.http.impl.conn.PoolingHttpClientConnectionManager - Connection released: [id: 0][route: {}->http://localhost:38510][total kept alive: 1; route allocated: 1 of 2000; total allocated: 1 of 2000]
10:16:35.510 [Forwarding findElements on session c3efacc14fdcc434caedc12ba53a5d56 to remote] DEBUG org.apache.http.client.protocol.RequestAddCookies - CookieSpec selected: default
10:16:35.510 [Forwarding findElements on session c3efacc14fdcc434caedc12ba53a5d56 to remote] DEBUG org.apache.http.client.protocol.RequestAuthCache - Auth cache not set in the context
10:16:35.510 [Forwarding findElements on session c3efacc14fdcc434caedc12ba53a5d56 to remote] DEBUG org.apache.http.impl.conn.PoolingHttpClientConnectionManager - Connection request: [route: {}->http://localhost:38510][total kept alive: 1; route allocated: 1 of 2000; total allocated: 1 of 2000]
10:16:35.510 [Forwarding findElements on session c3efacc14fdcc434caedc12ba53a5d56 to remote] DEBUG org.apache.http.impl.conn.PoolingHttpClientConnectionManager - Connection leased: [id: 0][route: {}->http://localhost:38510][total kept alive: 0; route allocated: 1 of 2000; total allocated: 1 of 2000]
10:16:35.510 [Forwarding findElements on session c3efacc14fdcc434caedc12ba53a5d56 to remote] DEBUG org.apache.http.impl.execchain.MainClientExec - Stale connection check
10:16:35.516 [Forwarding findElements on session c3efacc14fdcc434caedc12ba53a5d56 to remote] DEBUG org.apache.http.wire - http-outgoing-0 << "[read] I/O error: Read timed out"
10:16:35.516 [Forwarding findElements on session c3efacc14fdcc434caedc12ba53a5d56 to remote] DEBUG org.apache.http.impl.conn.DefaultManagedHttpClientConnection - http-outgoing-0: set socket timeout to 10800000
10:16:35.516 [Forwarding findElements on session c3efacc14fdcc434caedc12ba53a5d56 to remote] DEBUG org.apache.http.impl.execchain.MainClientExec - Executing request POST /session/c3efacc14fdcc434caedc12ba53a5d56/elements HTTP/1.1
10:16:35.516 [Forwarding findElements on session c3efacc14fdcc434caedc12ba53a5d56 to remote] DEBUG org.apache.http.impl.execchain.MainClientExec - Target auth state: UNCHALLENGED
10:16:35.516 [Forwarding findElements on session c3efacc14fdcc434caedc12ba53a5d56 to remote] DEBUG org.apache.http.impl.execchain.MainClientExec - Proxy auth state: UNCHALLENGED
10:16:35.516 [Forwarding findElements on session c3efacc14fdcc434caedc12ba53a5d56 to remote] DEBUG org.apache.http.headers - http-outgoing-0 >> POST /session/c3efacc14fdcc434caedc12ba53a5d56/elements HTTP/1.1
10:16:35.516 [Forwarding findElements on session c3efacc14fdcc434caedc12ba53a5d56 to remote] DEBUG org.apache.http.headers - http-outgoing-0 >> Content-Type: application/json; charset=utf-8
10:16:35.516 [Forwarding findElements on session c3efacc14fdcc434caedc12ba53a5d56 to remote] DEBUG org.apache.http.headers - http-outgoing-0 >> Content-Length: 61
10:16:35.516 [Forwarding findElements on session c3efacc14fdcc434caedc12ba53a5d56 to remote] DEBUG org.apache.http.headers - http-outgoing-0 >> Host: localhost:38510
10:16:35.516 [Forwarding findElements on session c3efacc14fdcc434caedc12ba53a5d56 to remote] DEBUG org.apache.http.headers - http-outgoing-0 >> Connection: Keep-Alive
10:16:35.516 [Forwarding findElements on session c3efacc14fdcc434caedc12ba53a5d56 to remote] DEBUG org.apache.http.headers - http-outgoing-0 >> User-Agent: Apache-HttpClient/4.5.2 (Java/1.8.0_162)
10:16:35.516 [Forwarding findElements on session c3efacc14fdcc434caedc12ba53a5d56 to remote] DEBUG org.apache.http.headers - http-outgoing-0 >> Accept-Encoding: gzip,deflate
10:16:35.516 [Forwarding findElements on session c3efacc14fdcc434caedc12ba53a5d56 to remote] DEBUG org.apache.http.wire - http-outgoing-0 >> "POST /session/c3efacc14fdcc434caedc12ba53a5d56/elements HTTP/1.1[\r][\n]"
10:16:35.516 [Forwarding findElements on session c3efacc14fdcc434caedc12ba53a5d56 to remote] DEBUG org.apache.http.wire - http-outgoing-0 >> "Content-Type: application/json; charset=utf-8[\r][\n]"
10:16:35.516 [Forwarding findElements on session c3efacc14fdcc434caedc12ba53a5d56 to remote] DEBUG org.apache.http.wire - http-outgoing-0 >> "Content-Length: 61[\r][\n]"
10:16:35.516 [Forwarding findElements on session c3efacc14fdcc434caedc12ba53a5d56 to remote] DEBUG org.apache.http.wire - http-outgoing-0 >> "Host: localhost:38510[\r][\n]"
10:16:35.516 [Forwarding findElements on session c3efacc14fdcc434caedc12ba53a5d56 to remote] DEBUG org.apache.http.wire - http-outgoing-0 >> "Connection: Keep-Alive[\r][\n]"
10:16:35.516 [Forwarding findElements on session c3efacc14fdcc434caedc12ba53a5d56 to remote] DEBUG org.apache.http.wire - http-outgoing-0 >> "User-Agent: Apache-HttpClient/4.5.2 (Java/1.8.0_162)[\r][\n]"
10:16:35.516 [Forwarding findElements on session c3efacc14fdcc434caedc12ba53a5d56 to remote] DEBUG org.apache.http.wire - http-outgoing-0 >> "Accept-Encoding: gzip,deflate[\r][\n]"
10:16:35.516 [Forwarding findElements on session c3efacc14fdcc434caedc12ba53a5d56 to remote] DEBUG org.apache.http.wire - http-outgoing-0 >> "[\r][\n]"
10:16:35.516 [Forwarding findElements on session c3efacc14fdcc434caedc12ba53a5d56 to remote] DEBUG org.apache.http.wire - http-outgoing-0 >> "{"using":"css selector","value":"frame#GCCM01,iframe#GCCM01"}"
10:16:35.524 [Forwarding findElements on session c3efacc14fdcc434caedc12ba53a5d56 to remote] DEBUG org.apache.http.wire - http-outgoing-0 << "HTTP/1.1 200 OK[\r][\n]"
10:16:35.524 [Forwarding findElements on session c3efacc14fdcc434caedc12ba53a5d56 to remote] DEBUG org.apache.http.wire - http-outgoing-0 << "Content-Length:103[\r][\n]"
10:16:35.524 [Forwarding findElements on session c3efacc14fdcc434caedc12ba53a5d56 to remote] DEBUG org.apache.http.wire - http-outgoing-0 << "Content-Type:application/json; charset=utf-8[\r][\n]"
10:16:35.524 [Forwarding findElements on session c3efacc14fdcc434caedc12ba53a5d56 to remote] DEBUG org.apache.http.wire - http-outgoing-0 << "[\r][\n]"
10:16:35.524 [Forwarding findElements on session c3efacc14fdcc434caedc12ba53a5d56 to remote] DEBUG org.apache.http.wire - http-outgoing-0 << "{"sessionId":"c3efacc14fdcc434caedc12ba53a5d56","status":0,"value":[{"ELEMENT":"0.778388220836485-4"}]}"
10:16:35.524 [Forwarding findElements on session c3efacc14fdcc434caedc12ba53a5d56 to remote] DEBUG org.apache.http.headers - http-outgoing-0 << HTTP/1.1 200 OK
10:16:35.524 [Forwarding findElements on session c3efacc14fdcc434caedc12ba53a5d56 to remote] DEBUG org.apache.http.headers - http-outgoing-0 << Content-Length:103
10:16:35.524 [Forwarding findElements on session c3efacc14fdcc434caedc12ba53a5d56 to remote] DEBUG org.apache.http.headers - http-outgoing-0 << Content-Type:application/json; charset=utf-8
10:16:35.524 [Forwarding findElements on session c3efacc14fdcc434caedc12ba53a5d56 to remote] DEBUG org.apache.http.impl.execchain.MainClientExec - Connection can be kept alive indefinitely
10:16:35.524 [Forwarding findElements on session c3efacc14fdcc434caedc12ba53a5d56 to remote] DEBUG org.apache.http.impl.conn.PoolingHttpClientConnectionManager - Connection [id: 0][route: {}->http://localhost:38510] can be kept alive indefinitely
10:16:35.524 [Forwarding findElements on session c3efacc14fdcc434caedc12ba53a5d56 to remote] DEBUG org.apache.http.impl.conn.PoolingHttpClientConnectionManager - Connection released: [id: 0][route: {}->http://localhost:38510][total kept alive: 1; route allocated: 1 of 2000; total allocated: 1 of 2000]
10:16:35.526 [Forwarding switchToFrame on session c3efacc14fdcc434caedc12ba53a5d56 to remote] DEBUG org.apache.http.client.protocol.RequestAddCookies - CookieSpec selected: default
10:16:35.526 [Forwarding switchToFrame on session c3efacc14fdcc434caedc12ba53a5d56 to remote] DEBUG org.apache.http.client.protocol.RequestAuthCache - Auth cache not set in the context
10:16:35.526 [Forwarding switchToFrame on session c3efacc14fdcc434caedc12ba53a5d56 to remote] DEBUG org.apache.http.impl.conn.PoolingHttpClientConnectionManager - Connection request: [route: {}->http://localhost:38510][total kept alive: 1; route allocated: 1 of 2000; total allocated: 1 of 2000]
10:16:35.526 [Forwarding switchToFrame on session c3efacc14fdcc434caedc12ba53a5d56 to remote] DEBUG org.apache.http.impl.conn.PoolingHttpClientConnectionManager - Connection leased: [id: 0][route: {}->http://localhost:38510][total kept alive: 0; route allocated: 1 of 2000; total allocated: 1 of 2000]
10:16:35.526 [Forwarding switchToFrame on session c3efacc14fdcc434caedc12ba53a5d56 to remote] DEBUG org.apache.http.impl.execchain.MainClientExec - Stale connection check
10:16:35.531 [Forwarding switchToFrame on session c3efacc14fdcc434caedc12ba53a5d56 to remote] DEBUG org.apache.http.wire - http-outgoing-0 << "[read] I/O error: Read timed out"
10:16:35.531 [Forwarding switchToFrame on session c3efacc14fdcc434caedc12ba53a5d56 to remote] DEBUG org.apache.http.impl.conn.DefaultManagedHttpClientConnection - http-outgoing-0: set socket timeout to 10800000
10:16:35.531 [Forwarding switchToFrame on session c3efacc14fdcc434caedc12ba53a5d56 to remote] DEBUG org.apache.http.impl.execchain.MainClientExec - Executing request POST /session/c3efacc14fdcc434caedc12ba53a5d56/frame HTTP/1.1
10:16:35.531 [Forwarding switchToFrame on session c3efacc14fdcc434caedc12ba53a5d56 to remote] DEBUG org.apache.http.impl.execchain.MainClientExec - Target auth state: UNCHALLENGED
10:16:35.531 [Forwarding switchToFrame on session c3efacc14fdcc434caedc12ba53a5d56 to remote] DEBUG org.apache.http.impl.execchain.MainClientExec - Proxy auth state: UNCHALLENGED
10:16:35.531 [Forwarding switchToFrame on session c3efacc14fdcc434caedc12ba53a5d56 to remote] DEBUG org.apache.http.headers - http-outgoing-0 >> POST /session/c3efacc14fdcc434caedc12ba53a5d56/frame HTTP/1.1
10:16:35.531 [Forwarding switchToFrame on session c3efacc14fdcc434caedc12ba53a5d56 to remote] DEBUG org.apache.http.headers - http-outgoing-0 >> Content-Type: application/json; charset=utf-8
10:16:35.531 [Forwarding switchToFrame on session c3efacc14fdcc434caedc12ba53a5d56 to remote] DEBUG org.apache.http.headers - http-outgoing-0 >> Content-Length: 100
10:16:35.531 [Forwarding switchToFrame on session c3efacc14fdcc434caedc12ba53a5d56 to remote] DEBUG org.apache.http.headers - http-outgoing-0 >> Host: localhost:38510
10:16:35.531 [Forwarding switchToFrame on session c3efacc14fdcc434caedc12ba53a5d56 to remote] DEBUG org.apache.http.headers - http-outgoing-0 >> Connection: Keep-Alive
10:16:35.531 [Forwarding switchToFrame on session c3efacc14fdcc434caedc12ba53a5d56 to remote] DEBUG org.apache.http.headers - http-outgoing-0 >> User-Agent: Apache-HttpClient/4.5.2 (Java/1.8.0_162)
10:16:35.531 [Forwarding switchToFrame on session c3efacc14fdcc434caedc12ba53a5d56 to remote] DEBUG org.apache.http.headers - http-outgoing-0 >> Accept-Encoding: gzip,deflate
10:16:35.531 [Forwarding switchToFrame on session c3efacc14fdcc434caedc12ba53a5d56 to remote] DEBUG org.apache.http.wire - http-outgoing-0 >> "POST /session/c3efacc14fdcc434caedc12ba53a5d56/frame HTTP/1.1[\r][\n]"
10:16:35.531 [Forwarding switchToFrame on session c3efacc14fdcc434caedc12ba53a5d56 to remote] DEBUG org.apache.http.wire - http-outgoing-0 >> "Content-Type: application/json; charset=utf-8[\r][\n]"
10:16:35.531 [Forwarding switchToFrame on session c3efacc14fdcc434caedc12ba53a5d56 to remote] DEBUG org.apache.http.wire - http-outgoing-0 >> "Content-Length: 100[\r][\n]"
10:16:35.531 [Forwarding switchToFrame on session c3efacc14fdcc434caedc12ba53a5d56 to remote] DEBUG org.apache.http.wire - http-outgoing-0 >> "Host: localhost:38510[\r][\n]"
10:16:35.531 [Forwarding switchToFrame on session c3efacc14fdcc434caedc12ba53a5d56 to remote] DEBUG org.apache.http.wire - http-outgoing-0 >> "Connection: Keep-Alive[\r][\n]"
10:16:35.531 [Forwarding switchToFrame on session c3efacc14fdcc434caedc12ba53a5d56 to remote] DEBUG org.apache.http.wire - http-outgoing-0 >> "User-Agent: Apache-HttpClient/4.5.2 (Java/1.8.0_162)[\r][\n]"
10:16:35.531 [Forwarding switchToFrame on session c3efacc14fdcc434caedc12ba53a5d56 to remote] DEBUG org.apache.http.wire - http-outgoing-0 >> "Accept-Encoding: gzip,deflate[\r][\n]"
10:16:35.531 [Forwarding switchToFrame on session c3efacc14fdcc434caedc12ba53a5d56 to remote] DEBUG org.apache.http.wire - http-outgoing-0 >> "[\r][\n]"
10:16:35.531 [Forwarding switchToFrame on session c3efacc14fdcc434caedc12ba53a5d56 to remote] DEBUG org.apache.http.wire - http-outgoing-0 >> "{"id":{"ELEMENT":"0.778388220836485-4","element-6066-11e4-a52e-4f735466cecf":"0.778388220836485-4"}}"
10:16:35.545 [Forwarding switchToFrame on session c3efacc14fdcc434caedc12ba53a5d56 to remote] DEBUG org.apache.http.wire - http-outgoing-0 << "HTTP/1.1 200 OK[\r][\n]"
10:16:35.545 [Forwarding switchToFrame on session c3efacc14fdcc434caedc12ba53a5d56 to remote] DEBUG org.apache.http.wire - http-outgoing-0 << "Content-Length:72[\r][\n]"
10:16:35.545 [Forwarding switchToFrame on session c3efacc14fdcc434caedc12ba53a5d56 to remote] DEBUG org.apache.http.wire - http-outgoing-0 << "Content-Type:application/json; charset=utf-8[\r][\n]"
10:16:35.545 [Forwarding switchToFrame on session c3efacc14fdcc434caedc12ba53a5d56 to remote] DEBUG org.apache.http.wire - http-outgoing-0 << "[\r][\n]"
10:16:35.545 [Forwarding switchToFrame on session c3efacc14fdcc434caedc12ba53a5d56 to remote] DEBUG org.apache.http.wire - http-outgoing-0 << "{"sessionId":"c3efacc14fdcc434caedc12ba53a5d56","status":0,"value":null}"
10:16:35.545 [Forwarding switchToFrame on session c3efacc14fdcc434caedc12ba53a5d56 to remote] DEBUG org.apache.http.headers - http-outgoing-0 << HTTP/1.1 200 OK
10:16:35.545 [Forwarding switchToFrame on session c3efacc14fdcc434caedc12ba53a5d56 to remote] DEBUG org.apache.http.headers - http-outgoing-0 << Content-Length:72
10:16:35.545 [Forwarding switchToFrame on session c3efacc14fdcc434caedc12ba53a5d56 to remote] DEBUG org.apache.http.headers - http-outgoing-0 << Content-Type:application/json; charset=utf-8
10:16:35.545 [Forwarding switchToFrame on session c3efacc14fdcc434caedc12ba53a5d56 to remote] DEBUG org.apache.http.impl.execchain.MainClientExec - Connection can be kept alive indefinitely
10:16:35.545 [Forwarding switchToFrame on session c3efacc14fdcc434caedc12ba53a5d56 to remote] DEBUG org.apache.http.impl.conn.PoolingHttpClientConnectionManager - Connection [id: 0][route: {}->http://localhost:38510] can be kept alive indefinitely
10:16:35.545 [Forwarding switchToFrame on session c3efacc14fdcc434caedc12ba53a5d56 to remote] DEBUG org.apache.http.impl.conn.PoolingHttpClientConnectionManager - Connection released: [id: 0][route: {}->http://localhost:38510][total kept alive: 1; route allocated: 1 of 2000; total allocated: 1 of 2000]
10:16:38.559 [Forwarding findElement on session c3efacc14fdcc434caedc12ba53a5d56 to remote] DEBUG org.apache.http.client.protocol.RequestAddCookies - CookieSpec selected: default
10:16:38.559 [Forwarding findElement on session c3efacc14fdcc434caedc12ba53a5d56 to remote] DEBUG org.apache.http.client.protocol.RequestAuthCache - Auth cache not set in the context
10:16:38.559 [Forwarding findElement on session c3efacc14fdcc434caedc12ba53a5d56 to remote] DEBUG org.apache.http.impl.conn.PoolingHttpClientConnectionManager - Connection request: [route: {}->http://localhost:38510][total kept alive: 1; route allocated: 1 of 2000; total allocated: 1 of 2000]
10:16:38.573 [Forwarding findElement on session c3efacc14fdcc434caedc12ba53a5d56 to remote] DEBUG org.apache.http.wire - http-outgoing-0 << "[read] I/O error: Read timed out"
10:16:38.573 [Forwarding findElement on session c3efacc14fdcc434caedc12ba53a5d56 to remote] DEBUG org.apache.http.impl.conn.PoolingHttpClientConnectionManager - Connection leased: [id: 0][route: {}->http://localhost:38510][total kept alive: 0; route allocated: 1 of 2000; total allocated: 1 of 2000]
10:16:38.573 [Forwarding findElement on session c3efacc14fdcc434caedc12ba53a5d56 to remote] DEBUG org.apache.http.impl.execchain.MainClientExec - Stale connection check
10:16:38.588 [Forwarding findElement on session c3efacc14fdcc434caedc12ba53a5d56 to remote] DEBUG org.apache.http.wire - http-outgoing-0 << "[read] I/O error: Read timed out"
10:16:38.588 [Forwarding findElement on session c3efacc14fdcc434caedc12ba53a5d56 to remote] DEBUG org.apache.http.impl.conn.DefaultManagedHttpClientConnection - http-outgoing-0: set socket timeout to 10800000
10:16:38.588 [Forwarding findElement on session c3efacc14fdcc434caedc12ba53a5d56 to remote] DEBUG org.apache.http.impl.execchain.MainClientExec - Executing request POST /session/c3efacc14fdcc434caedc12ba53a5d56/element HTTP/1.1
10:16:38.588 [Forwarding findElement on session c3efacc14fdcc434caedc12ba53a5d56 to remote] DEBUG org.apache.http.impl.execchain.MainClientExec - Target auth state: UNCHALLENGED
10:16:38.588 [Forwarding findElement on session c3efacc14fdcc434caedc12ba53a5d56 to remote] DEBUG org.apache.http.impl.execchain.MainClientExec - Proxy auth state: UNCHALLENGED
10:16:38.588 [Forwarding findElement on session c3efacc14fdcc434caedc12ba53a5d56 to remote] DEBUG org.apache.http.headers - http-outgoing-0 >> POST /session/c3efacc14fdcc434caedc12ba53a5d56/element HTTP/1.1
10:16:38.588 [Forwarding findElement on session c3efacc14fdcc434caedc12ba53a5d56 to remote] DEBUG org.apache.http.headers - http-outgoing-0 >> Content-Type: application/json; charset=utf-8
10:16:38.588 [Forwarding findElement on session c3efacc14fdcc434caedc12ba53a5d56 to remote] DEBUG org.apache.http.headers - http-outgoing-0 >> Content-Length: 38
10:16:38.588 [Forwarding findElement on session c3efacc14fdcc434caedc12ba53a5d56 to remote] DEBUG org.apache.http.headers - http-outgoing-0 >> Host: localhost:38510
10:16:38.588 [Forwarding findElement on session c3efacc14fdcc434caedc12ba53a5d56 to remote] DEBUG org.apache.http.headers - http-outgoing-0 >> Connection: Keep-Alive
10:16:38.588 [Forwarding findElement on session c3efacc14fdcc434caedc12ba53a5d56 to remote] DEBUG org.apache.http.headers - http-outgoing-0 >> User-Agent: Apache-HttpClient/4.5.2 (Java/1.8.0_162)
10:16:38.588 [Forwarding findElement on session c3efacc14fdcc434caedc12ba53a5d56 to remote] DEBUG org.apache.http.headers - http-outgoing-0 >> Accept-Encoding: gzip,deflate
10:16:38.588 [Forwarding findElement on session c3efacc14fdcc434caedc12ba53a5d56 to remote] DEBUG org.apache.http.wire - http-outgoing-0 >> "POST /session/c3efacc14fdcc434caedc12ba53a5d56/element HTTP/1.1[\r][\n]"
10:16:38.588 [Forwarding findElement on session c3efacc14fdcc434caedc12ba53a5d56 to remote] DEBUG org.apache.http.wire - http-outgoing-0 >> "Content-Type: application/json; charset=utf-8[\r][\n]"
10:16:38.588 [Forwarding findElement on session c3efacc14fdcc434caedc12ba53a5d56 to remote] DEBUG org.apache.http.wire - http-outgoing-0 >> "Content-Length: 38[\r][\n]"
10:16:38.588 [Forwarding findElement on session c3efacc14fdcc434caedc12ba53a5d56 to remote] DEBUG org.apache.http.wire - http-outgoing-0 >> "Host: localhost:38510[\r][\n]"
10:16:38.588 [Forwarding findElement on session c3efacc14fdcc434caedc12ba53a5d56 to remote] DEBUG org.apache.http.wire - http-outgoing-0 >> "Connection: Keep-Alive[\r][\n]"
10:16:38.588 [Forwarding findElement on session c3efacc14fdcc434caedc12ba53a5d56 to remote] DEBUG org.apache.http.wire - http-outgoing-0 >> "User-Agent: Apache-HttpClient/4.5.2 (Java/1.8.0_162)[\r][\n]"
10:16:38.588 [Forwarding findElement on session c3efacc14fdcc434caedc12ba53a5d56 to remote] DEBUG org.apache.http.wire - http-outgoing-0 >> "Accept-Encoding: gzip,deflate[\r][\n]"
10:16:38.588 [Forwarding findElement on session c3efacc14fdcc434caedc12ba53a5d56 to remote] DEBUG org.apache.http.wire - http-outgoing-0 >> "[\r][\n]"
10:16:38.588 [Forwarding findElement on session c3efacc14fdcc434caedc12ba53a5d56 to remote] DEBUG org.apache.http.wire - http-outgoing-0 >> "{"using":"id","value":"your-input-id"}"
10:16:38.597 [Forwarding findElement on session c3efacc14fdcc434caedc12ba53a5d56 to remote] DEBUG org.apache.http.wire - http-outgoing-0 << "HTTP/1.1 200 OK[\r][\n]"
10:16:38.597 [Forwarding findElement on session c3efacc14fdcc434caedc12ba53a5d56 to remote] DEBUG org.apache.http.wire - http-outgoing-0 << "Content-Length:103[\r][\n]"
10:16:38.597 [Forwarding findElement on session c3efacc14fdcc434caedc12ba53a5d56 to remote] DEBUG org.apache.http.wire - http-outgoing-0 << "Content-Type:application/json; charset=utf-8[\r][\n]"
10:16:38.597 [Forwarding findElement on session c3efacc14fdcc434caedc12ba53a5d56 to remote] DEBUG org.apache.http.wire - http-outgoing-0 << "[\r][\n]"
10:16:38.597 [Forwarding findElement on session c3efacc14fdcc434caedc12ba53a5d56 to remote] DEBUG org.apache.http.wire - http-outgoing-0 << "{"sessionId":"c3efacc14fdcc434caedc12ba53a5d56","status":0,"value":{"ELEMENT":"0.15556683519043668-1"}}"
10:16:38.597 [Forwarding findElement on session c3efacc14fdcc434caedc12ba53a5d56 to remote] DEBUG org.apache.http.headers - http-outgoing-0 << HTTP/1.1 200 OK
10:16:38.597 [Forwarding findElement on session c3efacc14fdcc434caedc12ba53a5d56 to remote] DEBUG org.apache.http.headers - http-outgoing-0 << Content-Length:103
10:16:38.597 [Forwarding findElement on session c3efacc14fdcc434caedc12ba53a5d56 to remote] DEBUG org.apache.http.headers - http-outgoing-0 << Content-Type:application/json; charset=utf-8
10:16:38.597 [Forwarding findElement on session c3efacc14fdcc434caedc12ba53a5d56 to remote] DEBUG org.apache.http.impl.execchain.MainClientExec - Connection can be kept alive indefinitely
10:16:38.597 [Forwarding findElement on session c3efacc14fdcc434caedc12ba53a5d56 to remote] DEBUG org.apache.http.impl.conn.PoolingHttpClientConnectionManager - Connection [id: 0][route: {}->http://localhost:38510] can be kept alive indefinitely
10:16:38.597 [Forwarding findElement on session c3efacc14fdcc434caedc12ba53a5d56 to remote] DEBUG org.apache.http.impl.conn.PoolingHttpClientConnectionManager - Connection released: [id: 0][route: {}->http://localhost:38510][total kept alive: 1; route allocated: 1 of 2000; total allocated: 1 of 2000]
10:16:38.598 [Forwarding findChildElement on session c3efacc14fdcc434caedc12ba53a5d56 to remote] DEBUG org.apache.http.client.protocol.RequestAddCookies - CookieSpec selected: default
10:16:38.598 [Forwarding findChildElement on session c3efacc14fdcc434caedc12ba53a5d56 to remote] DEBUG org.apache.http.client.protocol.RequestAuthCache - Auth cache not set in the context
10:16:38.598 [Forwarding findChildElement on session c3efacc14fdcc434caedc12ba53a5d56 to remote] DEBUG org.apache.http.impl.conn.PoolingHttpClientConnectionManager - Connection request: [route: {}->http://localhost:38510][total kept alive: 1; route allocated: 1 of 2000; total allocated: 1 of 2000]
10:16:38.598 [Forwarding findChildElement on session c3efacc14fdcc434caedc12ba53a5d56 to remote] DEBUG org.apache.http.impl.conn.PoolingHttpClientConnectionManager - Connection leased: [id: 0][route: {}->http://localhost:38510][total kept alive: 0; route allocated: 1 of 2000; total allocated: 1 of 2000]
10:16:38.598 [Forwarding findChildElement on session c3efacc14fdcc434caedc12ba53a5d56 to remote] DEBUG org.apache.http.impl.execchain.MainClientExec - Stale connection check
10:16:38.603 [Forwarding findChildElement on session c3efacc14fdcc434caedc12ba53a5d56 to remote] DEBUG org.apache.http.wire - http-outgoing-0 << "[read] I/O error: Read timed out"
10:16:38.603 [Forwarding findChildElement on session c3efacc14fdcc434caedc12ba53a5d56 to remote] DEBUG org.apache.http.impl.conn.DefaultManagedHttpClientConnection - http-outgoing-0: set socket timeout to 10800000
10:16:38.603 [Forwarding findChildElement on session c3efacc14fdcc434caedc12ba53a5d56 to remote] DEBUG org.apache.http.impl.execchain.MainClientExec - Executing request POST /session/c3efacc14fdcc434caedc12ba53a5d56/element/0.15556683519043668-1/element HTTP/1.1
10:16:38.603 [Forwarding findChildElement on session c3efacc14fdcc434caedc12ba53a5d56 to remote] DEBUG org.apache.http.impl.execchain.MainClientExec - Target auth state: UNCHALLENGED
10:16:38.603 [Forwarding findChildElement on session c3efacc14fdcc434caedc12ba53a5d56 to remote] DEBUG org.apache.http.impl.execchain.MainClientExec - Proxy auth state: UNCHALLENGED
10:16:38.603 [Forwarding findChildElement on session c3efacc14fdcc434caedc12ba53a5d56 to remote] DEBUG org.apache.http.headers - http-outgoing-0 >> POST /session/c3efacc14fdcc434caedc12ba53a5d56/element/0.15556683519043668-1/element HTTP/1.1
10:16:38.603 [Forwarding findChildElement on session c3efacc14fdcc434caedc12ba53a5d56 to remote] DEBUG org.apache.http.headers - http-outgoing-0 >> Content-Type: application/json; charset=utf-8
10:16:38.603 [Forwarding findChildElement on session c3efacc14fdcc434caedc12ba53a5d56 to remote] DEBUG org.apache.http.headers - http-outgoing-0 >> Content-Length: 65
10:16:38.603 [Forwarding findChildElement on session c3efacc14fdcc434caedc12ba53a5d56 to remote] DEBUG org.apache.http.headers - http-outgoing-0 >> Host: localhost:38510
10:16:38.603 [Forwarding findChildElement on session c3efacc14fdcc434caedc12ba53a5d56 to remote] DEBUG org.apache.http.headers - http-outgoing-0 >> Connection: Keep-Alive
10:16:38.603 [Forwarding findChildElement on session c3efacc14fdcc434caedc12ba53a5d56 to remote] DEBUG org.apache.http.headers - http-outgoing-0 >> User-Agent: Apache-HttpClient/4.5.2 (Java/1.8.0_162)
10:16:38.603 [Forwarding findChildElement on session c3efacc14fdcc434caedc12ba53a5d56 to remote] DEBUG org.apache.http.headers - http-outgoing-0 >> Accept-Encoding: gzip,deflate
10:16:38.603 [Forwarding findChildElement on session c3efacc14fdcc434caedc12ba53a5d56 to remote] DEBUG org.apache.http.wire - http-outgoing-0 >> "POST /session/c3efacc14fdcc434caedc12ba53a5d56/element/0.15556683519043668-1/element HTTP/1.1[\r][\n]"
10:16:38.603 [Forwarding findChildElement on session c3efacc14fdcc434caedc12ba53a5d56 to remote] DEBUG org.apache.http.wire - http-outgoing-0 >> "Content-Type: application/json; charset=utf-8[\r][\n]"
10:16:38.603 [Forwarding findChildElement on session c3efacc14fdcc434caedc12ba53a5d56 to remote] DEBUG org.apache.http.wire - http-outgoing-0 >> "Content-Length: 65[\r][\n]"
10:16:38.603 [Forwarding findChildElement on session c3efacc14fdcc434caedc12ba53a5d56 to remote] DEBUG org.apache.http.wire - http-outgoing-0 >> "Host: localhost:38510[\r][\n]"
10:16:38.603 [Forwarding findChildElement on session c3efacc14fdcc434caedc12ba53a5d56 to remote] DEBUG org.apache.http.wire - http-outgoing-0 >> "Connection: Keep-Alive[\r][\n]"
10:16:38.603 [Forwarding findChildElement on session c3efacc14fdcc434caedc12ba53a5d56 to remote] DEBUG org.apache.http.wire - http-outgoing-0 >> "User-Agent: Apache-HttpClient/4.5.2 (Java/1.8.0_162)[\r][\n]"
10:16:38.603 [Forwarding findChildElement on session c3efacc14fdcc434caedc12ba53a5d56 to remote] DEBUG org.apache.http.wire - http-outgoing-0 >> "Accept-Encoding: gzip,deflate[\r][\n]"
10:16:38.603 [Forwarding findChildElement on session c3efacc14fdcc434caedc12ba53a5d56 to remote] DEBUG org.apache.http.wire - http-outgoing-0 >> "[\r][\n]"
10:16:38.603 [Forwarding findChildElement on session c3efacc14fdcc434caedc12ba53a5d56 to remote] DEBUG org.apache.http.wire - http-outgoing-0 >> "{"id":"0.15556683519043668-1","using":"tag name","value":"input"}"
10:16:38.611 [Forwarding findChildElement on session c3efacc14fdcc434caedc12ba53a5d56 to remote] DEBUG org.apache.http.wire - http-outgoing-0 << "HTTP/1.1 200 OK[\r][\n]"
10:16:38.611 [Forwarding findChildElement on session c3efacc14fdcc434caedc12ba53a5d56 to remote] DEBUG org.apache.http.wire - http-outgoing-0 << "Content-Length:103[\r][\n]"
10:16:38.611 [Forwarding findChildElement on session c3efacc14fdcc434caedc12ba53a5d56 to remote] DEBUG org.apache.http.wire - http-outgoing-0 << "Content-Type:application/json; charset=utf-8[\r][\n]"
10:16:38.611 [Forwarding findChildElement on session c3efacc14fdcc434caedc12ba53a5d56 to remote] DEBUG org.apache.http.wire - http-outgoing-0 << "[\r][\n]"
10:16:38.611 [Forwarding findChildElement on session c3efacc14fdcc434caedc12ba53a5d56 to remote] DEBUG org.apache.http.wire - http-outgoing-0 << "{"sessionId":"c3efacc14fdcc434caedc12ba53a5d56","status":0,"value":{"ELEMENT":"0.15556683519043668-2"}}"
10:16:38.611 [Forwarding findChildElement on session c3efacc14fdcc434caedc12ba53a5d56 to remote] DEBUG org.apache.http.headers - http-outgoing-0 << HTTP/1.1 200 OK
10:16:38.611 [Forwarding findChildElement on session c3efacc14fdcc434caedc12ba53a5d56 to remote] DEBUG org.apache.http.headers - http-outgoing-0 << Content-Length:103
10:16:38.611 [Forwarding findChildElement on session c3efacc14fdcc434caedc12ba53a5d56 to remote] DEBUG org.apache.http.headers - http-outgoing-0 << Content-Type:application/json; charset=utf-8
10:16:38.611 [Forwarding findChildElement on session c3efacc14fdcc434caedc12ba53a5d56 to remote] DEBUG org.apache.http.impl.execchain.MainClientExec - Connection can be kept alive indefinitely
10:16:38.611 [Forwarding findChildElement on session c3efacc14fdcc434caedc12ba53a5d56 to remote] DEBUG org.apache.http.impl.conn.PoolingHttpClientConnectionManager - Connection [id: 0][route: {}->http://localhost:38510] can be kept alive indefinitely
10:16:38.611 [Forwarding findChildElement on session c3efacc14fdcc434caedc12ba53a5d56 to remote] DEBUG org.apache.http.impl.conn.PoolingHttpClientConnectionManager - Connection released: [id: 0][route: {}->http://localhost:38510][total kept alive: 1; route allocated: 1 of 2000; total allocated: 1 of 2000]
10:16:38.612 [Forwarding sendKeysToElement on session c3efacc14fdcc434caedc12ba53a5d56 to remote] DEBUG org.apache.http.client.protocol.RequestAddCookies - CookieSpec selected: default
10:16:38.612 [Forwarding sendKeysToElement on session c3efacc14fdcc434caedc12ba53a5d56 to remote] DEBUG org.apache.http.client.protocol.RequestAuthCache - Auth cache not set in the context
10:16:38.612 [Forwarding sendKeysToElement on session c3efacc14fdcc434caedc12ba53a5d56 to remote] DEBUG org.apache.http.impl.conn.PoolingHttpClientConnectionManager - Connection request: [route: {}->http://localhost:38510][total kept alive: 1; route allocated: 1 of 2000; total allocated: 1 of 2000]
10:16:38.612 [Forwarding sendKeysToElement on session c3efacc14fdcc434caedc12ba53a5d56 to remote] DEBUG org.apache.http.impl.conn.PoolingHttpClientConnectionManager - Connection leased: [id: 0][route: {}->http://localhost:38510][total kept alive: 0; route allocated: 1 of 2000; total allocated: 1 of 2000]
10:16:38.612 [Forwarding sendKeysToElement on session c3efacc14fdcc434caedc12ba53a5d56 to remote] DEBUG org.apache.http.impl.execchain.MainClientExec - Stale connection check
10:16:38.619 [Forwarding sendKeysToElement on session c3efacc14fdcc434caedc12ba53a5d56 to remote] DEBUG org.apache.http.wire - http-outgoing-0 << "[read] I/O error: Read timed out"
10:16:38.619 [Forwarding sendKeysToElement on session c3efacc14fdcc434caedc12ba53a5d56 to remote] DEBUG org.apache.http.impl.conn.DefaultManagedHttpClientConnection - http-outgoing-0: set socket timeout to 10800000
10:16:38.619 [Forwarding sendKeysToElement on session c3efacc14fdcc434caedc12ba53a5d56 to remote] DEBUG org.apache.http.impl.execchain.MainClientExec - Executing request POST /session/c3efacc14fdcc434caedc12ba53a5d56/element/0.15556683519043668-2/value HTTP/1.1
10:16:38.619 [Forwarding sendKeysToElement on session c3efacc14fdcc434caedc12ba53a5d56 to remote] DEBUG org.apache.http.impl.execchain.MainClientExec - Target auth state: UNCHALLENGED
10:16:38.619 [Forwarding sendKeysToElement on session c3efacc14fdcc434caedc12ba53a5d56 to remote] DEBUG org.apache.http.impl.execchain.MainClientExec - Proxy auth state: UNCHALLENGED
10:16:38.619 [Forwarding sendKeysToElement on session c3efacc14fdcc434caedc12ba53a5d56 to remote] DEBUG org.apache.http.headers - http-outgoing-0 >> POST /session/c3efacc14fdcc434caedc12ba53a5d56/element/0.15556683519043668-2/value HTTP/1.1
10:16:38.619 [Forwarding sendKeysToElement on session c3efacc14fdcc434caedc12ba53a5d56 to remote] DEBUG org.apache.http.headers - http-outgoing-0 >> Content-Type: application/json; charset=utf-8
10:16:38.619 [Forwarding sendKeysToElement on session c3efacc14fdcc434caedc12ba53a5d56 to remote] DEBUG org.apache.http.headers - http-outgoing-0 >> Content-Length: 69
10:16:38.620 [Forwarding sendKeysToElement on session c3efacc14fdcc434caedc12ba53a5d56 to remote] DEBUG org.apache.http.headers - http-outgoing-0 >> Host: localhost:38510
10:16:38.620 [Forwarding sendKeysToElement on session c3efacc14fdcc434caedc12ba53a5d56 to remote] DEBUG org.apache.http.headers - http-outgoing-0 >> Connection: Keep-Alive
10:16:38.620 [Forwarding sendKeysToElement on session c3efacc14fdcc434caedc12ba53a5d56 to remote] DEBUG org.apache.http.headers - http-outgoing-0 >> User-Agent: Apache-HttpClient/4.5.2 (Java/1.8.0_162)
10:16:38.620 [Forwarding sendKeysToElement on session c3efacc14fdcc434caedc12ba53a5d56 to remote] DEBUG org.apache.http.headers - http-outgoing-0 >> Accept-Encoding: gzip,deflate
10:16:38.620 [Forwarding sendKeysToElement on session c3efacc14fdcc434caedc12ba53a5d56 to remote] DEBUG org.apache.http.wire - http-outgoing-0 >> "POST /session/c3efacc14fdcc434caedc12ba53a5d56/element/0.15556683519043668-2/value HTTP/1.1[\r][\n]"
10:16:38.620 [Forwarding sendKeysToElement on session c3efacc14fdcc434caedc12ba53a5d56 to remote] DEBUG org.apache.http.wire - http-outgoing-0 >> "Content-Type: application/json; charset=utf-8[\r][\n]"
10:16:38.620 [Forwarding sendKeysToElement on session c3efacc14fdcc434caedc12ba53a5d56 to remote] DEBUG org.apache.http.wire - http-outgoing-0 >> "Content-Length: 69[\r][\n]"
10:16:38.620 [Forwarding sendKeysToElement on session c3efacc14fdcc434caedc12ba53a5d56 to remote] DEBUG org.apache.http.wire - http-outgoing-0 >> "Host: localhost:38510[\r][\n]"
10:16:38.620 [Forwarding sendKeysToElement on session c3efacc14fdcc434caedc12ba53a5d56 to remote] DEBUG org.apache.http.wire - http-outgoing-0 >> "Connection: Keep-Alive[\r][\n]"
10:16:38.620 [Forwarding sendKeysToElement on session c3efacc14fdcc434caedc12ba53a5d56 to remote] DEBUG org.apache.http.wire - http-outgoing-0 >> "User-Agent: Apache-HttpClient/4.5.2 (Java/1.8.0_162)[\r][\n]"
10:16:38.620 [Forwarding sendKeysToElement on session c3efacc14fdcc434caedc12ba53a5d56 to remote] DEBUG org.apache.http.wire - http-outgoing-0 >> "Accept-Encoding: gzip,deflate[\r][\n]"
10:16:38.620 [Forwarding sendKeysToElement on session c3efacc14fdcc434caedc12ba53a5d56 to remote] DEBUG org.apache.http.wire - http-outgoing-0 >> "[\r][\n]"
10:16:38.620 [Forwarding sendKeysToElement on session c3efacc14fdcc434caedc12ba53a5d56 to remote] DEBUG org.apache.http.wire - http-outgoing-0 >> "{"id":"0.15556683519043668-2","value":["[0xe4][0xb8][0x8a][0xe6][0xb5][0xb7][0xe5][0x8f][0x8b][0xe5][0x96][0x84][0xe5][0x85][0xac][0xe5][0x8f][0xb8]llMZFfy6"]}"
10:16:38.705 [Forwarding sendKeysToElement on session c3efacc14fdcc434caedc12ba53a5d56 to remote] DEBUG org.apache.http.wire - http-outgoing-0 << "HTTP/1.1 200 OK[\r][\n]"
10:16:38.705 [Forwarding sendKeysToElement on session c3efacc14fdcc434caedc12ba53a5d56 to remote] DEBUG org.apache.http.wire - http-outgoing-0 << "Content-Length:72[\r][\n]"
10:16:38.705 [Forwarding sendKeysToElement on session c3efacc14fdcc434caedc12ba53a5d56 to remote] DEBUG org.apache.http.wire - http-outgoing-0 << "Content-Type:application/json; charset=utf-8[\r][\n]"
10:16:38.705 [Forwarding sendKeysToElement on session c3efacc14fdcc434caedc12ba53a5d56 to remote] DEBUG org.apache.http.wire - http-outgoing-0 << "[\r][\n]"
10:16:38.705 [Forwarding sendKeysToElement on session c3efacc14fdcc434caedc12ba53a5d56 to remote] DEBUG org.apache.http.wire - http-outgoing-0 << "{"sessionId":"c3efacc14fdcc434caedc12ba53a5d56","status":0,"value":null}"
10:16:38.706 [Forwarding sendKeysToElement on session c3efacc14fdcc434caedc12ba53a5d56 to remote] DEBUG org.apache.http.headers - http-outgoing-0 << HTTP/1.1 200 OK
10:16:38.706 [Forwarding sendKeysToElement on session c3efacc14fdcc434caedc12ba53a5d56 to remote] DEBUG org.apache.http.headers - http-outgoing-0 << Content-Length:72
10:16:38.706 [Forwarding sendKeysToElement on session c3efacc14fdcc434caedc12ba53a5d56 to remote] DEBUG org.apache.http.headers - http-outgoing-0 << Content-Type:application/json; charset=utf-8
10:16:38.706 [Forwarding sendKeysToElement on session c3efacc14fdcc434caedc12ba53a5d56 to remote] DEBUG org.apache.http.impl.execchain.MainClientExec - Connection can be kept alive indefinitely
10:16:38.706 [Forwarding sendKeysToElement on session c3efacc14fdcc434caedc12ba53a5d56 to remote] DEBUG org.apache.http.impl.conn.PoolingHttpClientConnectionManager - Connection [id: 0][route: {}->http://localhost:38510] can be kept alive indefinitely
10:16:38.706 [Forwarding sendKeysToElement on session c3efacc14fdcc434caedc12ba53a5d56 to remote] DEBUG org.apache.http.impl.conn.PoolingHttpClientConnectionManager - Connection released: [id: 0][route: {}->http://localhost:38510][total kept alive: 1; route allocated: 1 of 2000; total allocated: 1 of 2000]
10:16:38.707 [Forwarding findElement on session c3efacc14fdcc434caedc12ba53a5d56 to remote] DEBUG org.apache.http.client.protocol.RequestAddCookies - CookieSpec selected: default
10:16:38.707 [Forwarding findElement on session c3efacc14fdcc434caedc12ba53a5d56 to remote] DEBUG org.apache.http.client.protocol.RequestAuthCache - Auth cache not set in the context
10:16:38.707 [Forwarding findElement on session c3efacc14fdcc434caedc12ba53a5d56 to remote] DEBUG org.apache.http.impl.conn.PoolingHttpClientConnectionManager - Connection request: [route: {}->http://localhost:38510][total kept alive: 1; route allocated: 1 of 2000; total allocated: 1 of 2000]
10:16:38.707 [Forwarding findElement on session c3efacc14fdcc434caedc12ba53a5d56 to remote] DEBUG org.apache.http.impl.conn.PoolingHttpClientConnectionManager - Connection leased: [id: 0][route: {}->http://localhost:38510][total kept alive: 0; route allocated: 1 of 2000; total allocated: 1 of 2000]
10:16:38.707 [Forwarding findElement on session c3efacc14fdcc434caedc12ba53a5d56 to remote] DEBUG org.apache.http.impl.execchain.MainClientExec - Stale connection check
10:16:38.710 [Forwarding findElement on session c3efacc14fdcc434caedc12ba53a5d56 to remote] DEBUG org.apache.http.wire - http-outgoing-0 << "[read] I/O error: Read timed out"
10:16:38.710 [Forwarding findElement on session c3efacc14fdcc434caedc12ba53a5d56 to remote] DEBUG org.apache.http.impl.conn.DefaultManagedHttpClientConnection - http-outgoing-0: set socket timeout to 10800000
10:16:38.710 [Forwarding findElement on session c3efacc14fdcc434caedc12ba53a5d56 to remote] DEBUG org.apache.http.impl.execchain.MainClientExec - Executing request POST /session/c3efacc14fdcc434caedc12ba53a5d56/element HTTP/1.1
10:16:38.710 [Forwarding findElement on session c3efacc14fdcc434caedc12ba53a5d56 to remote] DEBUG org.apache.http.impl.execchain.MainClientExec - Target auth state: UNCHALLENGED
10:16:38.710 [Forwarding findElement on session c3efacc14fdcc434caedc12ba53a5d56 to remote] DEBUG org.apache.http.impl.execchain.MainClientExec - Proxy auth state: UNCHALLENGED
10:16:38.710 [Forwarding findElement on session c3efacc14fdcc434caedc12ba53a5d56 to remote] DEBUG org.apache.http.headers - http-outgoing-0 >> POST /session/c3efacc14fdcc434caedc12ba53a5d56/element HTTP/1.1
10:16:38.710 [Forwarding findElement on session c3efacc14fdcc434caedc12ba53a5d56 to remote] DEBUG org.apache.http.headers - http-outgoing-0 >> Content-Type: application/json; charset=utf-8
10:16:38.710 [Forwarding findElement on session c3efacc14fdcc434caedc12ba53a5d56 to remote] DEBUG org.apache.http.headers - http-outgoing-0 >> Content-Length: 34
10:16:38.710 [Forwarding findElement on session c3efacc14fdcc434caedc12ba53a5d56 to remote] DEBUG org.apache.http.headers - http-outgoing-0 >> Host: localhost:38510
10:16:38.710 [Forwarding findElement on session c3efacc14fdcc434caedc12ba53a5d56 to remote] DEBUG org.apache.http.headers - http-outgoing-0 >> Connection: Keep-Alive
10:16:38.710 [Forwarding findElement on session c3efacc14fdcc434caedc12ba53a5d56 to remote] DEBUG org.apache.http.headers - http-outgoing-0 >> User-Agent: Apache-HttpClient/4.5.2 (Java/1.8.0_162)
10:16:38.710 [Forwarding findElement on session c3efacc14fdcc434caedc12ba53a5d56 to remote] DEBUG org.apache.http.headers - http-outgoing-0 >> Accept-Encoding: gzip,deflate
10:16:38.710 [Forwarding findElement on session c3efacc14fdcc434caedc12ba53a5d56 to remote] DEBUG org.apache.http.wire - http-outgoing-0 >> "POST /session/c3efacc14fdcc434caedc12ba53a5d56/element HTTP/1.1[\r][\n]"
10:16:38.710 [Forwarding findElement on session c3efacc14fdcc434caedc12ba53a5d56 to remote] DEBUG org.apache.http.wire - http-outgoing-0 >> "Content-Type: application/json; charset=utf-8[\r][\n]"
10:16:38.710 [Forwarding findElement on session c3efacc14fdcc434caedc12ba53a5d56 to remote] DEBUG org.apache.http.wire - http-outgoing-0 >> "Content-Length: 34[\r][\n]"
10:16:38.710 [Forwarding findElement on session c3efacc14fdcc434caedc12ba53a5d56 to remote] DEBUG org.apache.http.wire - http-outgoing-0 >> "Host: localhost:38510[\r][\n]"
10:16:38.710 [Forwarding findElement on session c3efacc14fdcc434caedc12ba53a5d56 to remote] DEBUG org.apache.http.wire - http-outgoing-0 >> "Connection: Keep-Alive[\r][\n]"
10:16:38.710 [Forwarding findElement on session c3efacc14fdcc434caedc12ba53a5d56 to remote] DEBUG org.apache.http.wire - http-outgoing-0 >> "User-Agent: Apache-HttpClient/4.5.2 (Java/1.8.0_162)[\r][\n]"
10:16:38.710 [Forwarding findElement on session c3efacc14fdcc434caedc12ba53a5d56 to remote] DEBUG org.apache.http.wire - http-outgoing-0 >> "Accept-Encoding: gzip,deflate[\r][\n]"
10:16:38.710 [Forwarding findElement on session c3efacc14fdcc434caedc12ba53a5d56 to remote] DEBUG org.apache.http.wire - http-outgoing-0 >> "[\r][\n]"
10:16:38.710 [Forwarding findElement on session c3efacc14fdcc434caedc12ba53a5d56 to remote] DEBUG org.apache.http.wire - http-outgoing-0 >> "{"using":"id","value":"Editor_bg"}"
10:16:38.718 [Forwarding findElement on session c3efacc14fdcc434caedc12ba53a5d56 to remote] DEBUG org.apache.http.wire - http-outgoing-0 << "HTTP/1.1 200 OK[\r][\n]"
10:16:38.718 [Forwarding findElement on session c3efacc14fdcc434caedc12ba53a5d56 to remote] DEBUG org.apache.http.wire - http-outgoing-0 << "Content-Length:103[\r][\n]"
10:16:38.718 [Forwarding findElement on session c3efacc14fdcc434caedc12ba53a5d56 to remote] DEBUG org.apache.http.wire - http-outgoing-0 << "Content-Type:application/json; charset=utf-8[\r][\n]"
10:16:38.718 [Forwarding findElement on session c3efacc14fdcc434caedc12ba53a5d56 to remote] DEBUG org.apache.http.wire - http-outgoing-0 << "[\r][\n]"
10:16:38.718 [Forwarding findElement on session c3efacc14fdcc434caedc12ba53a5d56 to remote] DEBUG org.apache.http.wire - http-outgoing-0 << "{"sessionId":"c3efacc14fdcc434caedc12ba53a5d56","status":0,"value":{"ELEMENT":"0.15556683519043668-3"}}"
10:16:38.718 [Forwarding findElement on session c3efacc14fdcc434caedc12ba53a5d56 to remote] DEBUG org.apache.http.headers - http-outgoing-0 << HTTP/1.1 200 OK
10:16:38.718 [Forwarding findElement on session c3efacc14fdcc434caedc12ba53a5d56 to remote] DEBUG org.apache.http.headers - http-outgoing-0 << Content-Length:103
10:16:38.718 [Forwarding findElement on session c3efacc14fdcc434caedc12ba53a5d56 to remote] DEBUG org.apache.http.headers - http-outgoing-0 << Content-Type:application/json; charset=utf-8
10:16:38.718 [Forwarding findElement on session c3efacc14fdcc434caedc12ba53a5d56 to remote] DEBUG org.apache.http.impl.execchain.MainClientExec - Connection can be kept alive indefinitely
10:16:38.718 [Forwarding findElement on session c3efacc14fdcc434caedc12ba53a5d56 to remote] DEBUG org.apache.http.impl.conn.PoolingHttpClientConnectionManager - Connection [id: 0][route: {}->http://localhost:38510] can be kept alive indefinitely
10:16:38.718 [Forwarding findElement on session c3efacc14fdcc434caedc12ba53a5d56 to remote] DEBUG org.apache.http.impl.conn.PoolingHttpClientConnectionManager - Connection released: [id: 0][route: {}->http://localhost:38510][total kept alive: 1; route allocated: 1 of 2000; total allocated: 1 of 2000]
10:16:38.719 [Forwarding findChildElement on session c3efacc14fdcc434caedc12ba53a5d56 to remote] DEBUG org.apache.http.client.protocol.RequestAddCookies - CookieSpec selected: default
10:16:38.719 [Forwarding findChildElement on session c3efacc14fdcc434caedc12ba53a5d56 to remote] DEBUG org.apache.http.client.protocol.RequestAuthCache - Auth cache not set in the context
10:16:38.719 [Forwarding findChildElement on session c3efacc14fdcc434caedc12ba53a5d56 to remote] DEBUG org.apache.http.impl.conn.PoolingHttpClientConnectionManager - Connection request: [route: {}->http://localhost:38510][total kept alive: 1; route allocated: 1 of 2000; total allocated: 1 of 2000]
10:16:38.719 [Forwarding findChildElement on session c3efacc14fdcc434caedc12ba53a5d56 to remote] DEBUG org.apache.http.impl.conn.PoolingHttpClientConnectionManager - Connection leased: [id: 0][route: {}->http://localhost:38510][total kept alive: 0; route allocated: 1 of 2000; total allocated: 1 of 2000]
10:16:38.719 [Forwarding findChildElement on session c3efacc14fdcc434caedc12ba53a5d56 to remote] DEBUG org.apache.http.impl.execchain.MainClientExec - Stale connection check
10:16:38.726 [Forwarding findChildElement on session c3efacc14fdcc434caedc12ba53a5d56 to remote] DEBUG org.apache.http.wire - http-outgoing-0 << "[read] I/O error: Read timed out"
10:16:38.726 [Forwarding findChildElement on session c3efacc14fdcc434caedc12ba53a5d56 to remote] DEBUG org.apache.http.impl.conn.DefaultManagedHttpClientConnection - http-outgoing-0: set socket timeout to 10800000
10:16:38.726 [Forwarding findChildElement on session c3efacc14fdcc434caedc12ba53a5d56 to remote] DEBUG org.apache.http.impl.execchain.MainClientExec - Executing request POST /session/c3efacc14fdcc434caedc12ba53a5d56/element/0.15556683519043668-3/element HTTP/1.1
10:16:38.726 [Forwarding findChildElement on session c3efacc14fdcc434caedc12ba53a5d56 to remote] DEBUG org.apache.http.impl.execchain.MainClientExec - Target auth state: UNCHALLENGED
10:16:38.726 [Forwarding findChildElement on session c3efacc14fdcc434caedc12ba53a5d56 to remote] DEBUG org.apache.http.impl.execchain.MainClientExec - Proxy auth state: UNCHALLENGED
10:16:38.726 [Forwarding findChildElement on session c3efacc14fdcc434caedc12ba53a5d56 to remote] DEBUG org.apache.http.headers - http-outgoing-0 >> POST /session/c3efacc14fdcc434caedc12ba53a5d56/element/0.15556683519043668-3/element HTTP/1.1
10:16:38.726 [Forwarding findChildElement on session c3efacc14fdcc434caedc12ba53a5d56 to remote] DEBUG org.apache.http.headers - http-outgoing-0 >> Content-Type: application/json; charset=utf-8
10:16:38.726 [Forwarding findChildElement on session c3efacc14fdcc434caedc12ba53a5d56 to remote] DEBUG org.apache.http.headers - http-outgoing-0 >> Content-Length: 84
10:16:38.726 [Forwarding findChildElement on session c3efacc14fdcc434caedc12ba53a5d56 to remote] DEBUG org.apache.http.headers - http-outgoing-0 >> Host: localhost:38510
10:16:38.726 [Forwarding findChildElement on session c3efacc14fdcc434caedc12ba53a5d56 to remote] DEBUG org.apache.http.headers - http-outgoing-0 >> Connection: Keep-Alive
10:16:38.726 [Forwarding findChildElement on session c3efacc14fdcc434caedc12ba53a5d56 to remote] DEBUG org.apache.http.headers - http-outgoing-0 >> User-Agent: Apache-HttpClient/4.5.2 (Java/1.8.0_162)
10:16:38.726 [Forwarding findChildElement on session c3efacc14fdcc434caedc12ba53a5d56 to remote] DEBUG org.apache.http.headers - http-outgoing-0 >> Accept-Encoding: gzip,deflate
10:16:38.726 [Forwarding findChildElement on session c3efacc14fdcc434caedc12ba53a5d56 to remote] DEBUG org.apache.http.wire - http-outgoing-0 >> "POST /session/c3efacc14fdcc434caedc12ba53a5d56/element/0.15556683519043668-3/element HTTP/1.1[\r][\n]"
10:16:38.726 [Forwarding findChildElement on session c3efacc14fdcc434caedc12ba53a5d56 to remote] DEBUG org.apache.http.wire - http-outgoing-0 >> "Content-Type: application/json; charset=utf-8[\r][\n]"
10:16:38.726 [Forwarding findChildElement on session c3efacc14fdcc434caedc12ba53a5d56 to remote] DEBUG org.apache.http.wire - http-outgoing-0 >> "Content-Length: 84[\r][\n]"
10:16:38.726 [Forwarding findChildElement on session c3efacc14fdcc434caedc12ba53a5d56 to remote] DEBUG org.apache.http.wire - http-outgoing-0 >> "Host: localhost:38510[\r][\n]"
10:16:38.726 [Forwarding findChildElement on session c3efacc14fdcc434caedc12ba53a5d56 to remote] DEBUG org.apache.http.wire - http-outgoing-0 >> "Connection: Keep-Alive[\r][\n]"
10:16:38.726 [Forwarding findChildElement on session c3efacc14fdcc434caedc12ba53a5d56 to remote] DEBUG org.apache.http.wire - http-outgoing-0 >> "User-Agent: Apache-HttpClient/4.5.2 (Java/1.8.0_162)[\r][\n]"
10:16:38.726 [Forwarding findChildElement on session c3efacc14fdcc434caedc12ba53a5d56 to remote] DEBUG org.apache.http.wire - http-outgoing-0 >> "Accept-Encoding: gzip,deflate[\r][\n]"
10:16:38.726 [Forwarding findChildElement on session c3efacc14fdcc434caedc12ba53a5d56 to remote] DEBUG org.apache.http.wire - http-outgoing-0 >> "[\r][\n]"
10:16:38.726 [Forwarding findChildElement on session c3efacc14fdcc434caedc12ba53a5d56 to remote] DEBUG org.apache.http.wire - http-outgoing-0 >> "{"id":"0.15556683519043668-3","using":"class name","value":"ivu-select-placeholder"}"
10:16:38.734 [Forwarding findChildElement on session c3efacc14fdcc434caedc12ba53a5d56 to remote] DEBUG org.apache.http.wire - http-outgoing-0 << "HTTP/1.1 200 OK[\r][\n]"
10:16:38.734 [Forwarding findChildElement on session c3efacc14fdcc434caedc12ba53a5d56 to remote] DEBUG org.apache.http.wire - http-outgoing-0 << "Content-Length:103[\r][\n]"
10:16:38.734 [Forwarding findChildElement on session c3efacc14fdcc434caedc12ba53a5d56 to remote] DEBUG org.apache.http.wire - http-outgoing-0 << "Content-Type:application/json; charset=utf-8[\r][\n]"
10:16:38.734 [Forwarding findChildElement on session c3efacc14fdcc434caedc12ba53a5d56 to remote] DEBUG org.apache.http.wire - http-outgoing-0 << "[\r][\n]"
10:16:38.734 [Forwarding findChildElement on session c3efacc14fdcc434caedc12ba53a5d56 to remote] DEBUG org.apache.http.wire - http-outgoing-0 << "{"sessionId":"c3efacc14fdcc434caedc12ba53a5d56","status":0,"value":{"ELEMENT":"0.15556683519043668-4"}}"
10:16:38.734 [Forwarding findChildElement on session c3efacc14fdcc434caedc12ba53a5d56 to remote] DEBUG org.apache.http.headers - http-outgoing-0 << HTTP/1.1 200 OK
10:16:38.734 [Forwarding findChildElement on session c3efacc14fdcc434caedc12ba53a5d56 to remote] DEBUG org.apache.http.headers - http-outgoing-0 << Content-Length:103
10:16:38.734 [Forwarding findChildElement on session c3efacc14fdcc434caedc12ba53a5d56 to remote] DEBUG org.apache.http.headers - http-outgoing-0 << Content-Type:application/json; charset=utf-8
10:16:38.734 [Forwarding findChildElement on session c3efacc14fdcc434caedc12ba53a5d56 to remote] DEBUG org.apache.http.impl.execchain.MainClientExec - Connection can be kept alive indefinitely
10:16:38.734 [Forwarding findChildElement on session c3efacc14fdcc434caedc12ba53a5d56 to remote] DEBUG org.apache.http.impl.conn.PoolingHttpClientConnectionManager - Connection [id: 0][route: {}->http://localhost:38510] can be kept alive indefinitely
10:16:38.734 [Forwarding findChildElement on session c3efacc14fdcc434caedc12ba53a5d56 to remote] DEBUG org.apache.http.impl.conn.PoolingHttpClientConnectionManager - Connection released: [id: 0][route: {}->http://localhost:38510][total kept alive: 1; route allocated: 1 of 2000; total allocated: 1 of 2000]
10:16:38.735 [Forwarding clickElement on session c3efacc14fdcc434caedc12ba53a5d56 to remote] DEBUG org.apache.http.client.protocol.RequestAddCookies - CookieSpec selected: default
10:16:38.735 [Forwarding clickElement on session c3efacc14fdcc434caedc12ba53a5d56 to remote] DEBUG org.apache.http.client.protocol.RequestAuthCache - Auth cache not set in the context
10:16:38.735 [Forwarding clickElement on session c3efacc14fdcc434caedc12ba53a5d56 to remote] DEBUG org.apache.http.impl.conn.PoolingHttpClientConnectionManager - Connection request: [route: {}->http://localhost:38510][total kept alive: 1; route allocated: 1 of 2000; total allocated: 1 of 2000]
10:16:38.735 [Forwarding clickElement on session c3efacc14fdcc434caedc12ba53a5d56 to remote] DEBUG org.apache.http.impl.conn.PoolingHttpClientConnectionManager - Connection leased: [id: 0][route: {}->http://localhost:38510][total kept alive: 0; route allocated: 1 of 2000; total allocated: 1 of 2000]
10:16:38.735 [Forwarding clickElement on session c3efacc14fdcc434caedc12ba53a5d56 to remote] DEBUG org.apache.http.impl.execchain.MainClientExec - Stale connection check
10:16:38.743 [Forwarding clickElement on session c3efacc14fdcc434caedc12ba53a5d56 to remote] DEBUG org.apache.http.wire - http-outgoing-0 << "[read] I/O error: Read timed out"
10:16:38.743 [Forwarding clickElement on session c3efacc14fdcc434caedc12ba53a5d56 to remote] DEBUG org.apache.http.impl.conn.DefaultManagedHttpClientConnection - http-outgoing-0: set socket timeout to 10800000
10:16:38.743 [Forwarding clickElement on session c3efacc14fdcc434caedc12ba53a5d56 to remote] DEBUG org.apache.http.impl.execchain.MainClientExec - Executing request POST /session/c3efacc14fdcc434caedc12ba53a5d56/element/0.15556683519043668-4/click HTTP/1.1
10:16:38.743 [Forwarding clickElement on session c3efacc14fdcc434caedc12ba53a5d56 to remote] DEBUG org.apache.http.impl.execchain.MainClientExec - Target auth state: UNCHALLENGED
10:16:38.743 [Forwarding clickElement on session c3efacc14fdcc434caedc12ba53a5d56 to remote] DEBUG org.apache.http.impl.execchain.MainClientExec - Proxy auth state: UNCHALLENGED
10:16:38.743 [Forwarding clickElement on session c3efacc14fdcc434caedc12ba53a5d56 to remote] DEBUG org.apache.http.headers - http-outgoing-0 >> POST /session/c3efacc14fdcc434caedc12ba53a5d56/element/0.15556683519043668-4/click HTTP/1.1
10:16:38.743 [Forwarding clickElement on session c3efacc14fdcc434caedc12ba53a5d56 to remote] DEBUG org.apache.http.headers - http-outgoing-0 >> Content-Type: application/json; charset=utf-8
10:16:38.743 [Forwarding clickElement on session c3efacc14fdcc434caedc12ba53a5d56 to remote] DEBUG org.apache.http.headers - http-outgoing-0 >> Content-Length: 30
10:16:38.743 [Forwarding clickElement on session c3efacc14fdcc434caedc12ba53a5d56 to remote] DEBUG org.apache.http.headers - http-outgoing-0 >> Host: localhost:38510
10:16:38.743 [Forwarding clickElement on session c3efacc14fdcc434caedc12ba53a5d56 to remote] DEBUG org.apache.http.headers - http-outgoing-0 >> Connection: Keep-Alive
10:16:38.743 [Forwarding clickElement on session c3efacc14fdcc434caedc12ba53a5d56 to remote] DEBUG org.apache.http.headers - http-outgoing-0 >> User-Agent: Apache-HttpClient/4.5.2 (Java/1.8.0_162)
10:16:38.743 [Forwarding clickElement on session c3efacc14fdcc434caedc12ba53a5d56 to remote] DEBUG org.apache.http.headers - http-outgoing-0 >> Accept-Encoding: gzip,deflate
10:16:38.743 [Forwarding clickElement on session c3efacc14fdcc434caedc12ba53a5d56 to remote] DEBUG org.apache.http.wire - http-outgoing-0 >> "POST /session/c3efacc14fdcc434caedc12ba53a5d56/element/0.15556683519043668-4/click HTTP/1.1[\r][\n]"
10:16:38.743 [Forwarding clickElement on session c3efacc14fdcc434caedc12ba53a5d56 to remote] DEBUG org.apache.http.wire - http-outgoing-0 >> "Content-Type: application/json; charset=utf-8[\r][\n]"
10:16:38.743 [Forwarding clickElement on session c3efacc14fdcc434caedc12ba53a5d56 to remote] DEBUG org.apache.http.wire - http-outgoing-0 >> "Content-Length: 30[\r][\n]"
10:16:38.743 [Forwarding clickElement on session c3efacc14fdcc434caedc12ba53a5d56 to remote] DEBUG org.apache.http.wire - http-outgoing-0 >> "Host: localhost:38510[\r][\n]"
10:16:38.743 [Forwarding clickElement on session c3efacc14fdcc434caedc12ba53a5d56 to remote] DEBUG org.apache.http.wire - http-outgoing-0 >> "Connection: Keep-Alive[\r][\n]"
10:16:38.743 [Forwarding clickElement on session c3efacc14fdcc434caedc12ba53a5d56 to remote] DEBUG org.apache.http.wire - http-outgoing-0 >> "User-Agent: Apache-HttpClient/4.5.2 (Java/1.8.0_162)[\r][\n]"
10:16:38.743 [Forwarding clickElement on session c3efacc14fdcc434caedc12ba53a5d56 to remote] DEBUG org.apache.http.wire - http-outgoing-0 >> "Accept-Encoding: gzip,deflate[\r][\n]"
10:16:38.743 [Forwarding clickElement on session c3efacc14fdcc434caedc12ba53a5d56 to remote] DEBUG org.apache.http.wire - http-outgoing-0 >> "[\r][\n]"
10:16:38.748 [Forwarding clickElement on session c3efacc14fdcc434caedc12ba53a5d56 to remote] DEBUG org.apache.http.wire - http-outgoing-0 >> "{"id":"0.15556683519043668-4"}"
10:16:38.806 [Forwarding clickElement on session c3efacc14fdcc434caedc12ba53a5d56 to remote] DEBUG org.apache.http.wire - http-outgoing-0 << "HTTP/1.1 200 OK[\r][\n]"
10:16:38.806 [Forwarding clickElement on session c3efacc14fdcc434caedc12ba53a5d56 to remote] DEBUG org.apache.http.wire - http-outgoing-0 << "Content-Length:72[\r][\n]"
10:16:38.806 [Forwarding clickElement on session c3efacc14fdcc434caedc12ba53a5d56 to remote] DEBUG org.apache.http.wire - http-outgoing-0 << "Content-Type:application/json; charset=utf-8[\r][\n]"
10:16:38.806 [Forwarding clickElement on session c3efacc14fdcc434caedc12ba53a5d56 to remote] DEBUG org.apache.http.wire - http-outgoing-0 << "[\r][\n]"
10:16:38.806 [Forwarding clickElement on session c3efacc14fdcc434caedc12ba53a5d56 to remote] DEBUG org.apache.http.wire - http-outgoing-0 << "{"sessionId":"c3efacc14fdcc434caedc12ba53a5d56","status":0,"value":null}"
10:16:38.806 [Forwarding clickElement on session c3efacc14fdcc434caedc12ba53a5d56 to remote] DEBUG org.apache.http.headers - http-outgoing-0 << HTTP/1.1 200 OK
10:16:38.806 [Forwarding clickElement on session c3efacc14fdcc434caedc12ba53a5d56 to remote] DEBUG org.apache.http.headers - http-outgoing-0 << Content-Length:72
10:16:38.806 [Forwarding clickElement on session c3efacc14fdcc434caedc12ba53a5d56 to remote] DEBUG org.apache.http.headers - http-outgoing-0 << Content-Type:application/json; charset=utf-8
10:16:38.806 [Forwarding clickElement on session c3efacc14fdcc434caedc12ba53a5d56 to remote] DEBUG org.apache.http.impl.execchain.MainClientExec - Connection can be kept alive indefinitely
10:16:38.806 [Forwarding clickElement on session c3efacc14fdcc434caedc12ba53a5d56 to remote] DEBUG org.apache.http.impl.conn.PoolingHttpClientConnectionManager - Connection [id: 0][route: {}->http://localhost:38510] can be kept alive indefinitely
10:16:38.806 [Forwarding clickElement on session c3efacc14fdcc434caedc12ba53a5d56 to remote] DEBUG org.apache.http.impl.conn.PoolingHttpClientConnectionManager - Connection released: [id: 0][route: {}->http://localhost:38510][total kept alive: 1; route allocated: 1 of 2000; total allocated: 1 of 2000]
10:16:38.807 [Forwarding findElement on session c3efacc14fdcc434caedc12ba53a5d56 to remote] DEBUG org.apache.http.client.protocol.RequestAddCookies - CookieSpec selected: default
10:16:38.807 [Forwarding findElement on session c3efacc14fdcc434caedc12ba53a5d56 to remote] DEBUG org.apache.http.client.protocol.RequestAuthCache - Auth cache not set in the context
10:16:38.807 [Forwarding findElement on session c3efacc14fdcc434caedc12ba53a5d56 to remote] DEBUG org.apache.http.impl.conn.PoolingHttpClientConnectionManager - Connection request: [route: {}->http://localhost:38510][total kept alive: 1; route allocated: 1 of 2000; total allocated: 1 of 2000]
10:16:38.807 [Forwarding findElement on session c3efacc14fdcc434caedc12ba53a5d56 to remote] DEBUG org.apache.http.impl.conn.PoolingHttpClientConnectionManager - Connection leased: [id: 0][route: {}->http://localhost:38510][total kept alive: 0; route allocated: 1 of 2000; total allocated: 1 of 2000]
10:16:38.807 [Forwarding findElement on session c3efacc14fdcc434caedc12ba53a5d56 to remote] DEBUG org.apache.http.impl.execchain.MainClientExec - Stale connection check
10:16:38.821 [Forwarding findElement on session c3efacc14fdcc434caedc12ba53a5d56 to remote] DEBUG org.apache.http.wire - http-outgoing-0 << "[read] I/O error: Read timed out"
10:16:38.821 [Forwarding findElement on session c3efacc14fdcc434caedc12ba53a5d56 to remote] DEBUG org.apache.http.impl.conn.DefaultManagedHttpClientConnection - http-outgoing-0: set socket timeout to 10800000
10:16:38.821 [Forwarding findElement on session c3efacc14fdcc434caedc12ba53a5d56 to remote] DEBUG org.apache.http.impl.execchain.MainClientExec - Executing request POST /session/c3efacc14fdcc434caedc12ba53a5d56/element HTTP/1.1
10:16:38.821 [Forwarding findElement on session c3efacc14fdcc434caedc12ba53a5d56 to remote] DEBUG org.apache.http.impl.execchain.MainClientExec - Target auth state: UNCHALLENGED
10:16:38.821 [Forwarding findElement on session c3efacc14fdcc434caedc12ba53a5d56 to remote] DEBUG org.apache.http.impl.execchain.MainClientExec - Proxy auth state: UNCHALLENGED
10:16:38.821 [Forwarding findElement on session c3efacc14fdcc434caedc12ba53a5d56 to remote] DEBUG org.apache.http.headers - http-outgoing-0 >> POST /session/c3efacc14fdcc434caedc12ba53a5d56/element HTTP/1.1
10:16:38.821 [Forwarding findElement on session c3efacc14fdcc434caedc12ba53a5d56 to remote] DEBUG org.apache.http.headers - http-outgoing-0 >> Content-Type: application/json; charset=utf-8
10:16:38.821 [Forwarding findElement on session c3efacc14fdcc434caedc12ba53a5d56 to remote] DEBUG org.apache.http.headers - http-outgoing-0 >> Content-Length: 34
10:16:38.821 [Forwarding findElement on session c3efacc14fdcc434caedc12ba53a5d56 to remote] DEBUG org.apache.http.headers - http-outgoing-0 >> Host: localhost:38510
10:16:38.821 [Forwarding findElement on session c3efacc14fdcc434caedc12ba53a5d56 to remote] DEBUG org.apache.http.headers - http-outgoing-0 >> Connection: Keep-Alive
10:16:38.821 [Forwarding findElement on session c3efacc14fdcc434caedc12ba53a5d56 to remote] DEBUG org.apache.http.headers - http-outgoing-0 >> User-Agent: Apache-HttpClient/4.5.2 (Java/1.8.0_162)
10:16:38.821 [Forwarding findElement on session c3efacc14fdcc434caedc12ba53a5d56 to remote] DEBUG org.apache.http.headers - http-outgoing-0 >> Accept-Encoding: gzip,deflate
10:16:38.821 [Forwarding findElement on session c3efacc14fdcc434caedc12ba53a5d56 to remote] DEBUG org.apache.http.wire - http-outgoing-0 >> "POST /session/c3efacc14fdcc434caedc12ba53a5d56/element HTTP/1.1[\r][\n]"
10:16:38.821 [Forwarding findElement on session c3efacc14fdcc434caedc12ba53a5d56 to remote] DEBUG org.apache.http.wire - http-outgoing-0 >> "Content-Type: application/json; charset=utf-8[\r][\n]"
10:16:38.821 [Forwarding findElement on session c3efacc14fdcc434caedc12ba53a5d56 to remote] DEBUG org.apache.http.wire - http-outgoing-0 >> "Content-Length: 34[\r][\n]"
10:16:38.821 [Forwarding findElement on session c3efacc14fdcc434caedc12ba53a5d56 to remote] DEBUG org.apache.http.wire - http-outgoing-0 >> "Host: localhost:38510[\r][\n]"
10:16:38.821 [Forwarding findElement on session c3efacc14fdcc434caedc12ba53a5d56 to remote] DEBUG org.apache.http.wire - http-outgoing-0 >> "Connection: Keep-Alive[\r][\n]"
10:16:38.821 [Forwarding findElement on session c3efacc14fdcc434caedc12ba53a5d56 to remote] DEBUG org.apache.http.wire - http-outgoing-0 >> "User-Agent: Apache-HttpClient/4.5.2 (Java/1.8.0_162)[\r][\n]"
10:16:38.821 [Forwarding findElement on session c3efacc14fdcc434caedc12ba53a5d56 to remote] DEBUG org.apache.http.wire - http-outgoing-0 >> "Accept-Encoding: gzip,deflate[\r][\n]"
10:16:38.821 [Forwarding findElement on session c3efacc14fdcc434caedc12ba53a5d56 to remote] DEBUG org.apache.http.wire - http-outgoing-0 >> "[\r][\n]"
10:16:38.821 [Forwarding findElement on session c3efacc14fdcc434caedc12ba53a5d56 to remote] DEBUG org.apache.http.wire - http-outgoing-0 >> "{"using":"id","value":"Editor_bg"}"
10:16:38.828 [Forwarding findElement on session c3efacc14fdcc434caedc12ba53a5d56 to remote] DEBUG org.apache.http.wire - http-outgoing-0 << "HTTP/1.1 200 OK[\r][\n]"
10:16:38.828 [Forwarding findElement on session c3efacc14fdcc434caedc12ba53a5d56 to remote] DEBUG org.apache.http.wire - http-outgoing-0 << "Content-Length:103[\r][\n]"
10:16:38.828 [Forwarding findElement on session c3efacc14fdcc434caedc12ba53a5d56 to remote] DEBUG org.apache.http.wire - http-outgoing-0 << "Content-Type:application/json; charset=utf-8[\r][\n]"
10:16:38.828 [Forwarding findElement on session c3efacc14fdcc434caedc12ba53a5d56 to remote] DEBUG org.apache.http.wire - http-outgoing-0 << "[\r][\n]"
10:16:38.828 [Forwarding findElement on session c3efacc14fdcc434caedc12ba53a5d56 to remote] DEBUG org.apache.http.wire - http-outgoing-0 << "{"sessionId":"c3efacc14fdcc434caedc12ba53a5d56","status":0,"value":{"ELEMENT":"0.15556683519043668-3"}}"
10:16:38.828 [Forwarding findElement on session c3efacc14fdcc434caedc12ba53a5d56 to remote] DEBUG org.apache.http.headers - http-outgoing-0 << HTTP/1.1 200 OK
10:16:38.828 [Forwarding findElement on session c3efacc14fdcc434caedc12ba53a5d56 to remote] DEBUG org.apache.http.headers - http-outgoing-0 << Content-Length:103
10:16:38.828 [Forwarding findElement on session c3efacc14fdcc434caedc12ba53a5d56 to remote] DEBUG org.apache.http.headers - http-outgoing-0 << Content-Type:application/json; charset=utf-8
10:16:38.828 [Forwarding findElement on session c3efacc14fdcc434caedc12ba53a5d56 to remote] DEBUG org.apache.http.impl.execchain.MainClientExec - Connection can be kept alive indefinitely
10:16:38.828 [Forwarding findElement on session c3efacc14fdcc434caedc12ba53a5d56 to remote] DEBUG org.apache.http.impl.conn.PoolingHttpClientConnectionManager - Connection [id: 0][route: {}->http://localhost:38510] can be kept alive indefinitely
10:16:38.828 [Forwarding findElement on session c3efacc14fdcc434caedc12ba53a5d56 to remote] DEBUG org.apache.http.impl.conn.PoolingHttpClientConnectionManager - Connection released: [id: 0][route: {}->http://localhost:38510][total kept alive: 1; route allocated: 1 of 2000; total allocated: 1 of 2000]
10:16:38.829 [Forwarding findChildElement on session c3efacc14fdcc434caedc12ba53a5d56 to remote] DEBUG org.apache.http.client.protocol.RequestAddCookies - CookieSpec selected: default
10:16:38.829 [Forwarding findChildElement on session c3efacc14fdcc434caedc12ba53a5d56 to remote] DEBUG org.apache.http.client.protocol.RequestAuthCache - Auth cache not set in the context
10:16:38.829 [Forwarding findChildElement on session c3efacc14fdcc434caedc12ba53a5d56 to remote] DEBUG org.apache.http.impl.conn.PoolingHttpClientConnectionManager - Connection request: [route: {}->http://localhost:38510][total kept alive: 1; route allocated: 1 of 2000; total allocated: 1 of 2000]
10:16:38.829 [Forwarding findChildElement on session c3efacc14fdcc434caedc12ba53a5d56 to remote] DEBUG org.apache.http.impl.conn.PoolingHttpClientConnectionManager - Connection leased: [id: 0][route: {}->http://localhost:38510][total kept alive: 0; route allocated: 1 of 2000; total allocated: 1 of 2000]
10:16:38.829 [Forwarding findChildElement on session c3efacc14fdcc434caedc12ba53a5d56 to remote] DEBUG org.apache.http.impl.execchain.MainClientExec - Stale connection check
10:16:38.836 [Forwarding findChildElement on session c3efacc14fdcc434caedc12ba53a5d56 to remote] DEBUG org.apache.http.wire - http-outgoing-0 << "[read] I/O error: Read timed out"
10:16:38.836 [Forwarding findChildElement on session c3efacc14fdcc434caedc12ba53a5d56 to remote] DEBUG org.apache.http.impl.conn.DefaultManagedHttpClientConnection - http-outgoing-0: set socket timeout to 10800000
10:16:38.836 [Forwarding findChildElement on session c3efacc14fdcc434caedc12ba53a5d56 to remote] DEBUG org.apache.http.impl.execchain.MainClientExec - Executing request POST /session/c3efacc14fdcc434caedc12ba53a5d56/element/0.15556683519043668-3/element HTTP/1.1
10:16:38.836 [Forwarding findChildElement on session c3efacc14fdcc434caedc12ba53a5d56 to remote] DEBUG org.apache.http.impl.execchain.MainClientExec - Target auth state: UNCHALLENGED
10:16:38.836 [Forwarding findChildElement on session c3efacc14fdcc434caedc12ba53a5d56 to remote] DEBUG org.apache.http.impl.execchain.MainClientExec - Proxy auth state: UNCHALLENGED
10:16:38.836 [Forwarding findChildElement on session c3efacc14fdcc434caedc12ba53a5d56 to remote] DEBUG org.apache.http.headers - http-outgoing-0 >> POST /session/c3efacc14fdcc434caedc12ba53a5d56/element/0.15556683519043668-3/element HTTP/1.1
10:16:38.836 [Forwarding findChildElement on session c3efacc14fdcc434caedc12ba53a5d56 to remote] DEBUG org.apache.http.headers - http-outgoing-0 >> Content-Type: application/json; charset=utf-8
10:16:38.836 [Forwarding findChildElement on session c3efacc14fdcc434caedc12ba53a5d56 to remote] DEBUG org.apache.http.headers - http-outgoing-0 >> Content-Length: 86
10:16:38.836 [Forwarding findChildElement on session c3efacc14fdcc434caedc12ba53a5d56 to remote] DEBUG org.apache.http.headers - http-outgoing-0 >> Host: localhost:38510
10:16:38.836 [Forwarding findChildElement on session c3efacc14fdcc434caedc12ba53a5d56 to remote] DEBUG org.apache.http.headers - http-outgoing-0 >> Connection: Keep-Alive
10:16:38.836 [Forwarding findChildElement on session c3efacc14fdcc434caedc12ba53a5d56 to remote] DEBUG org.apache.http.headers - http-outgoing-0 >> User-Agent: Apache-HttpClient/4.5.2 (Java/1.8.0_162)
10:16:38.836 [Forwarding findChildElement on session c3efacc14fdcc434caedc12ba53a5d56 to remote] DEBUG org.apache.http.headers - http-outgoing-0 >> Accept-Encoding: gzip,deflate
10:16:38.837 [Forwarding findChildElement on session c3efacc14fdcc434caedc12ba53a5d56 to remote] DEBUG org.apache.http.wire - http-outgoing-0 >> "POST /session/c3efacc14fdcc434caedc12ba53a5d56/element/0.15556683519043668-3/element HTTP/1.1[\r][\n]"
10:16:38.837 [Forwarding findChildElement on session c3efacc14fdcc434caedc12ba53a5d56 to remote] DEBUG org.apache.http.wire - http-outgoing-0 >> "Content-Type: application/json; charset=utf-8[\r][\n]"
10:16:38.837 [Forwarding findChildElement on session c3efacc14fdcc434caedc12ba53a5d56 to remote] DEBUG org.apache.http.wire - http-outgoing-0 >> "Content-Length: 86[\r][\n]"
10:16:38.837 [Forwarding findChildElement on session c3efacc14fdcc434caedc12ba53a5d56 to remote] DEBUG org.apache.http.wire - http-outgoing-0 >> "Host: localhost:38510[\r][\n]"
10:16:38.837 [Forwarding findChildElement on session c3efacc14fdcc434caedc12ba53a5d56 to remote] DEBUG org.apache.http.wire - http-outgoing-0 >> "Connection: Keep-Alive[\r][\n]"
10:16:38.837 [Forwarding findChildElement on session c3efacc14fdcc434caedc12ba53a5d56 to remote] DEBUG org.apache.http.wire - http-outgoing-0 >> "User-Agent: Apache-HttpClient/4.5.2 (Java/1.8.0_162)[\r][\n]"
10:16:38.837 [Forwarding findChildElement on session c3efacc14fdcc434caedc12ba53a5d56 to remote] DEBUG org.apache.http.wire - http-outgoing-0 >> "Accept-Encoding: gzip,deflate[\r][\n]"
10:16:38.837 [Forwarding findChildElement on session c3efacc14fdcc434caedc12ba53a5d56 to remote] DEBUG org.apache.http.wire - http-outgoing-0 >> "[\r][\n]"
10:16:38.837 [Forwarding findChildElement on session c3efacc14fdcc434caedc12ba53a5d56 to remote] DEBUG org.apache.http.wire - http-outgoing-0 >> "{"id":"0.15556683519043668-3","using":"class name","value":"ivu-select-dropdown-list"}"
10:16:38.854 [Forwarding findChildElement on session c3efacc14fdcc434caedc12ba53a5d56 to remote] DEBUG org.apache.http.wire - http-outgoing-0 << "HTTP/1.1 200 OK[\r][\n]"
10:16:38.854 [Forwarding findChildElement on session c3efacc14fdcc434caedc12ba53a5d56 to remote] DEBUG org.apache.http.wire - http-outgoing-0 << "Content-Length:103[\r][\n]"
10:16:38.854 [Forwarding findChildElement on session c3efacc14fdcc434caedc12ba53a5d56 to remote] DEBUG org.apache.http.wire - http-outgoing-0 << "Content-Type:application/json; charset=utf-8[\r][\n]"
10:16:38.854 [Forwarding findChildElement on session c3efacc14fdcc434caedc12ba53a5d56 to remote] DEBUG org.apache.http.wire - http-outgoing-0 << "[\r][\n]"
10:16:38.854 [Forwarding findChildElement on session c3efacc14fdcc434caedc12ba53a5d56 to remote] DEBUG org.apache.http.wire - http-outgoing-0 << "{"sessionId":"c3efacc14fdcc434caedc12ba53a5d56","status":0,"value":{"ELEMENT":"0.15556683519043668-5"}}"
10:16:38.854 [Forwarding findChildElement on session c3efacc14fdcc434caedc12ba53a5d56 to remote] DEBUG org.apache.http.headers - http-outgoing-0 << HTTP/1.1 200 OK
10:16:38.854 [Forwarding findChildElement on session c3efacc14fdcc434caedc12ba53a5d56 to remote] DEBUG org.apache.http.headers - http-outgoing-0 << Content-Length:103
10:16:38.854 [Forwarding findChildElement on session c3efacc14fdcc434caedc12ba53a5d56 to remote] DEBUG org.apache.http.headers - http-outgoing-0 << Content-Type:application/json; charset=utf-8
10:16:38.854 [Forwarding findChildElement on session c3efacc14fdcc434caedc12ba53a5d56 to remote] DEBUG org.apache.http.impl.execchain.MainClientExec - Connection can be kept alive indefinitely
10:16:38.854 [Forwarding findChildElement on session c3efacc14fdcc434caedc12ba53a5d56 to remote] DEBUG org.apache.http.impl.conn.PoolingHttpClientConnectionManager - Connection [id: 0][route: {}->http://localhost:38510] can be kept alive indefinitely
10:16:38.854 [Forwarding findChildElement on session c3efacc14fdcc434caedc12ba53a5d56 to remote] DEBUG org.apache.http.impl.conn.PoolingHttpClientConnectionManager - Connection released: [id: 0][route: {}->http://localhost:38510][total kept alive: 1; route allocated: 1 of 2000; total allocated: 1 of 2000]
10:16:38.856 [Forwarding findChildElements on session c3efacc14fdcc434caedc12ba53a5d56 to remote] DEBUG org.apache.http.client.protocol.RequestAddCookies - CookieSpec selected: default
10:16:38.856 [Forwarding findChildElements on session c3efacc14fdcc434caedc12ba53a5d56 to remote] DEBUG org.apache.http.client.protocol.RequestAuthCache - Auth cache not set in the context
10:16:38.856 [Forwarding findChildElements on session c3efacc14fdcc434caedc12ba53a5d56 to remote] DEBUG org.apache.http.impl.conn.PoolingHttpClientConnectionManager - Connection request: [route: {}->http://localhost:38510][total kept alive: 1; route allocated: 1 of 2000; total allocated: 1 of 2000]
10:16:38.856 [Forwarding findChildElements on session c3efacc14fdcc434caedc12ba53a5d56 to remote] DEBUG org.apache.http.impl.conn.PoolingHttpClientConnectionManager - Connection leased: [id: 0][route: {}->http://localhost:38510][total kept alive: 0; route allocated: 1 of 2000; total allocated: 1 of 2000]
10:16:38.856 [Forwarding findChildElements on session c3efacc14fdcc434caedc12ba53a5d56 to remote] DEBUG org.apache.http.impl.execchain.MainClientExec - Stale connection check
10:16:38.868 [Forwarding findChildElements on session c3efacc14fdcc434caedc12ba53a5d56 to remote] DEBUG org.apache.http.wire - http-outgoing-0 << "[read] I/O error: Read timed out"
10:16:38.868 [Forwarding findChildElements on session c3efacc14fdcc434caedc12ba53a5d56 to remote] DEBUG org.apache.http.impl.conn.DefaultManagedHttpClientConnection - http-outgoing-0: set socket timeout to 10800000
10:16:38.868 [Forwarding findChildElements on session c3efacc14fdcc434caedc12ba53a5d56 to remote] DEBUG org.apache.http.impl.execchain.MainClientExec - Executing request POST /session/c3efacc14fdcc434caedc12ba53a5d56/element/0.15556683519043668-5/elements HTTP/1.1
10:16:38.868 [Forwarding findChildElements on session c3efacc14fdcc434caedc12ba53a5d56 to remote] DEBUG org.apache.http.impl.execchain.MainClientExec - Target auth state: UNCHALLENGED
10:16:38.868 [Forwarding findChildElements on session c3efacc14fdcc434caedc12ba53a5d56 to remote] DEBUG org.apache.http.impl.execchain.MainClientExec - Proxy auth state: UNCHALLENGED
10:16:38.868 [Forwarding findChildElements on session c3efacc14fdcc434caedc12ba53a5d56 to remote] DEBUG org.apache.http.headers - http-outgoing-0 >> POST /session/c3efacc14fdcc434caedc12ba53a5d56/element/0.15556683519043668-5/elements HTTP/1.1
10:16:38.868 [Forwarding findChildElements on session c3efacc14fdcc434caedc12ba53a5d56 to remote] DEBUG org.apache.http.headers - http-outgoing-0 >> Content-Type: application/json; charset=utf-8
10:16:38.868 [Forwarding findChildElements on session c3efacc14fdcc434caedc12ba53a5d56 to remote] DEBUG org.apache.http.headers - http-outgoing-0 >> Content-Length: 62
10:16:38.868 [Forwarding findChildElements on session c3efacc14fdcc434caedc12ba53a5d56 to remote] DEBUG org.apache.http.headers - http-outgoing-0 >> Host: localhost:38510
10:16:38.868 [Forwarding findChildElements on session c3efacc14fdcc434caedc12ba53a5d56 to remote] DEBUG org.apache.http.headers - http-outgoing-0 >> Connection: Keep-Alive
10:16:38.868 [Forwarding findChildElements on session c3efacc14fdcc434caedc12ba53a5d56 to remote] DEBUG org.apache.http.headers - http-outgoing-0 >> User-Agent: Apache-HttpClient/4.5.2 (Java/1.8.0_162)
10:16:38.868 [Forwarding findChildElements on session c3efacc14fdcc434caedc12ba53a5d56 to remote] DEBUG org.apache.http.headers - http-outgoing-0 >> Accept-Encoding: gzip,deflate
10:16:38.868 [Forwarding findChildElements on session c3efacc14fdcc434caedc12ba53a5d56 to remote] DEBUG org.apache.http.wire - http-outgoing-0 >> "POST /session/c3efacc14fdcc434caedc12ba53a5d56/element/0.15556683519043668-5/elements HTTP/1.1[\r][\n]"
10:16:38.868 [Forwarding findChildElements on session c3efacc14fdcc434caedc12ba53a5d56 to remote] DEBUG org.apache.http.wire - http-outgoing-0 >> "Content-Type: application/json; charset=utf-8[\r][\n]"
10:16:38.868 [Forwarding findChildElements on session c3efacc14fdcc434caedc12ba53a5d56 to remote] DEBUG org.apache.http.wire - http-outgoing-0 >> "Content-Length: 62[\r][\n]"
10:16:38.868 [Forwarding findChildElements on session c3efacc14fdcc434caedc12ba53a5d56 to remote] DEBUG org.apache.http.wire - http-outgoing-0 >> "Host: localhost:38510[\r][\n]"
10:16:38.868 [Forwarding findChildElements on session c3efacc14fdcc434caedc12ba53a5d56 to remote] DEBUG org.apache.http.wire - http-outgoing-0 >> "Connection: Keep-Alive[\r][\n]"
10:16:38.868 [Forwarding findChildElements on session c3efacc14fdcc434caedc12ba53a5d56 to remote] DEBUG org.apache.http.wire - http-outgoing-0 >> "User-Agent: Apache-HttpClient/4.5.2 (Java/1.8.0_162)[\r][\n]"
10:16:38.868 [Forwarding findChildElements on session c3efacc14fdcc434caedc12ba53a5d56 to remote] DEBUG org.apache.http.wire - http-outgoing-0 >> "Accept-Encoding: gzip,deflate[\r][\n]"
10:16:38.868 [Forwarding findChildElements on session c3efacc14fdcc434caedc12ba53a5d56 to remote] DEBUG org.apache.http.wire - http-outgoing-0 >> "[\r][\n]"
10:16:38.868 [Forwarding findChildElements on session c3efacc14fdcc434caedc12ba53a5d56 to remote] DEBUG org.apache.http.wire - http-outgoing-0 >> "{"id":"0.15556683519043668-5","using":"tag name","value":"li"}"
10:16:38.876 [Forwarding findChildElements on session c3efacc14fdcc434caedc12ba53a5d56 to remote] DEBUG org.apache.http.wire - http-outgoing-0 << "HTTP/1.1 200 OK[\r][\n]"
10:16:38.876 [Forwarding findChildElements on session c3efacc14fdcc434caedc12ba53a5d56 to remote] DEBUG org.apache.http.wire - http-outgoing-0 << "Content-Length:213[\r][\n]"
10:16:38.876 [Forwarding findChildElements on session c3efacc14fdcc434caedc12ba53a5d56 to remote] DEBUG org.apache.http.wire - http-outgoing-0 << "Content-Type:application/json; charset=utf-8[\r][\n]"
10:16:38.876 [Forwarding findChildElements on session c3efacc14fdcc434caedc12ba53a5d56 to remote] DEBUG org.apache.http.wire - http-outgoing-0 << "[\r][\n]"
10:16:38.876 [Forwarding findChildElements on session c3efacc14fdcc434caedc12ba53a5d56 to remote] DEBUG org.apache.http.wire - http-outgoing-0 << "{"sessionId":"c3efacc14fdcc434caedc12ba53a5d56","status":0,"value":[{"ELEMENT":"0.15556683519043668-6"},{"ELEMENT":"0.15556683519043668-7"},{"ELEMENT":"0.15556683519043668-8"},{"ELEMENT":"0.15556683519043668-9"}]}"
10:16:38.876 [Forwarding findChildElements on session c3efacc14fdcc434caedc12ba53a5d56 to remote] DEBUG org.apache.http.headers - http-outgoing-0 << HTTP/1.1 200 OK
10:16:38.876 [Forwarding findChildElements on session c3efacc14fdcc434caedc12ba53a5d56 to remote] DEBUG org.apache.http.headers - http-outgoing-0 << Content-Length:213
10:16:38.876 [Forwarding findChildElements on session c3efacc14fdcc434caedc12ba53a5d56 to remote] DEBUG org.apache.http.headers - http-outgoing-0 << Content-Type:application/json; charset=utf-8
10:16:38.876 [Forwarding findChildElements on session c3efacc14fdcc434caedc12ba53a5d56 to remote] DEBUG org.apache.http.impl.execchain.MainClientExec - Connection can be kept alive indefinitely
10:16:38.876 [Forwarding findChildElements on session c3efacc14fdcc434caedc12ba53a5d56 to remote] DEBUG org.apache.http.impl.conn.PoolingHttpClientConnectionManager - Connection [id: 0][route: {}->http://localhost:38510] can be kept alive indefinitely
10:16:38.876 [Forwarding findChildElements on session c3efacc14fdcc434caedc12ba53a5d56 to remote] DEBUG org.apache.http.impl.conn.PoolingHttpClientConnectionManager - Connection released: [id: 0][route: {}->http://localhost:38510][total kept alive: 1; route allocated: 1 of 2000; total allocated: 1 of 2000]
10:16:38.987 [Forwarding clickElement on session c3efacc14fdcc434caedc12ba53a5d56 to remote] DEBUG org.apache.http.client.protocol.RequestAddCookies - CookieSpec selected: default
10:16:38.987 [Forwarding clickElement on session c3efacc14fdcc434caedc12ba53a5d56 to remote] DEBUG org.apache.http.client.protocol.RequestAuthCache - Auth cache not set in the context
10:16:38.987 [Forwarding clickElement on session c3efacc14fdcc434caedc12ba53a5d56 to remote] DEBUG org.apache.http.impl.conn.PoolingHttpClientConnectionManager - Connection request: [route: {}->http://localhost:38510][total kept alive: 1; route allocated: 1 of 2000; total allocated: 1 of 2000]
10:16:38.987 [Forwarding clickElement on session c3efacc14fdcc434caedc12ba53a5d56 to remote] DEBUG org.apache.http.impl.conn.PoolingHttpClientConnectionManager - Connection leased: [id: 0][route: {}->http://localhost:38510][total kept alive: 0; route allocated: 1 of 2000; total allocated: 1 of 2000]
10:16:38.987 [Forwarding clickElement on session c3efacc14fdcc434caedc12ba53a5d56 to remote] DEBUG org.apache.http.impl.execchain.MainClientExec - Stale connection check
10:16:38.992 [Forwarding clickElement on session c3efacc14fdcc434caedc12ba53a5d56 to remote] DEBUG org.apache.http.wire - http-outgoing-0 << "[read] I/O error: Read timed out"
10:16:38.992 [Forwarding clickElement on session c3efacc14fdcc434caedc12ba53a5d56 to remote] DEBUG org.apache.http.impl.conn.DefaultManagedHttpClientConnection - http-outgoing-0: set socket timeout to 10800000
10:16:38.992 [Forwarding clickElement on session c3efacc14fdcc434caedc12ba53a5d56 to remote] DEBUG org.apache.http.impl.execchain.MainClientExec - Executing request POST /session/c3efacc14fdcc434caedc12ba53a5d56/element/0.15556683519043668-7/click HTTP/1.1
10:16:38.992 [Forwarding clickElement on session c3efacc14fdcc434caedc12ba53a5d56 to remote] DEBUG org.apache.http.impl.execchain.MainClientExec - Target auth state: UNCHALLENGED
10:16:38.992 [Forwarding clickElement on session c3efacc14fdcc434caedc12ba53a5d56 to remote] DEBUG org.apache.http.impl.execchain.MainClientExec - Proxy auth state: UNCHALLENGED
10:16:38.992 [Forwarding clickElement on session c3efacc14fdcc434caedc12ba53a5d56 to remote] DEBUG org.apache.http.headers - http-outgoing-0 >> POST /session/c3efacc14fdcc434caedc12ba53a5d56/element/0.15556683519043668-7/click HTTP/1.1
10:16:38.992 [Forwarding clickElement on session c3efacc14fdcc434caedc12ba53a5d56 to remote] DEBUG org.apache.http.headers - http-outgoing-0 >> Content-Type: application/json; charset=utf-8
10:16:38.992 [Forwarding clickElement on session c3efacc14fdcc434caedc12ba53a5d56 to remote] DEBUG org.apache.http.headers - http-outgoing-0 >> Content-Length: 30
10:16:38.992 [Forwarding clickElement on session c3efacc14fdcc434caedc12ba53a5d56 to remote] DEBUG org.apache.http.headers - http-outgoing-0 >> Host: localhost:38510
10:16:38.992 [Forwarding clickElement on session c3efacc14fdcc434caedc12ba53a5d56 to remote] DEBUG org.apache.http.headers - http-outgoing-0 >> Connection: Keep-Alive
10:16:38.992 [Forwarding clickElement on session c3efacc14fdcc434caedc12ba53a5d56 to remote] DEBUG org.apache.http.headers - http-outgoing-0 >> User-Agent: Apache-HttpClient/4.5.2 (Java/1.8.0_162)
10:16:38.992 [Forwarding clickElement on session c3efacc14fdcc434caedc12ba53a5d56 to remote] DEBUG org.apache.http.headers - http-outgoing-0 >> Accept-Encoding: gzip,deflate
10:16:38.992 [Forwarding clickElement on session c3efacc14fdcc434caedc12ba53a5d56 to remote] DEBUG org.apache.http.wire - http-outgoing-0 >> "POST /session/c3efacc14fdcc434caedc12ba53a5d56/element/0.15556683519043668-7/click HTTP/1.1[\r][\n]"
10:16:38.992 [Forwarding clickElement on session c3efacc14fdcc434caedc12ba53a5d56 to remote] DEBUG org.apache.http.wire - http-outgoing-0 >> "Content-Type: application/json; charset=utf-8[\r][\n]"
10:16:38.992 [Forwarding clickElement on session c3efacc14fdcc434caedc12ba53a5d56 to remote] DEBUG org.apache.http.wire - http-outgoing-0 >> "Content-Length: 30[\r][\n]"
10:16:38.992 [Forwarding clickElement on session c3efacc14fdcc434caedc12ba53a5d56 to remote] DEBUG org.apache.http.wire - http-outgoing-0 >> "Host: localhost:38510[\r][\n]"
10:16:38.992 [Forwarding clickElement on session c3efacc14fdcc434caedc12ba53a5d56 to remote] DEBUG org.apache.http.wire - http-outgoing-0 >> "Connection: Keep-Alive[\r][\n]"
10:16:38.992 [Forwarding clickElement on session c3efacc14fdcc434caedc12ba53a5d56 to remote] DEBUG org.apache.http.wire - http-outgoing-0 >> "User-Agent: Apache-HttpClient/4.5.2 (Java/1.8.0_162)[\r][\n]"
10:16:38.992 [Forwarding clickElement on session c3efacc14fdcc434caedc12ba53a5d56 to remote] DEBUG org.apache.http.wire - http-outgoing-0 >> "Accept-Encoding: gzip,deflate[\r][\n]"
10:16:38.992 [Forwarding clickElement on session c3efacc14fdcc434caedc12ba53a5d56 to remote] DEBUG org.apache.http.wire - http-outgoing-0 >> "[\r][\n]"
10:16:38.992 [Forwarding clickElement on session c3efacc14fdcc434caedc12ba53a5d56 to remote] DEBUG org.apache.http.wire - http-outgoing-0 >> "{"id":"0.15556683519043668-7"}"
10:16:39.045 [Forwarding clickElement on session c3efacc14fdcc434caedc12ba53a5d56 to remote] DEBUG org.apache.http.wire - http-outgoing-0 << "HTTP/1.1 200 OK[\r][\n]"
10:16:39.045 [Forwarding clickElement on session c3efacc14fdcc434caedc12ba53a5d56 to remote] DEBUG org.apache.http.wire - http-outgoing-0 << "Content-Length:72[\r][\n]"
10:16:39.045 [Forwarding clickElement on session c3efacc14fdcc434caedc12ba53a5d56 to remote] DEBUG org.apache.http.wire - http-outgoing-0 << "Content-Type:application/json; charset=utf-8[\r][\n]"
10:16:39.045 [Forwarding clickElement on session c3efacc14fdcc434caedc12ba53a5d56 to remote] DEBUG org.apache.http.wire - http-outgoing-0 << "[\r][\n]"
10:16:39.045 [Forwarding clickElement on session c3efacc14fdcc434caedc12ba53a5d56 to remote] DEBUG org.apache.http.wire - http-outgoing-0 << "{"sessionId":"c3efacc14fdcc434caedc12ba53a5d56","status":0,"value":null}"
10:16:39.046 [Forwarding clickElement on session c3efacc14fdcc434caedc12ba53a5d56 to remote] DEBUG org.apache.http.headers - http-outgoing-0 << HTTP/1.1 200 OK
10:16:39.046 [Forwarding clickElement on session c3efacc14fdcc434caedc12ba53a5d56 to remote] DEBUG org.apache.http.headers - http-outgoing-0 << Content-Length:72
10:16:39.046 [Forwarding clickElement on session c3efacc14fdcc434caedc12ba53a5d56 to remote] DEBUG org.apache.http.headers - http-outgoing-0 << Content-Type:application/json; charset=utf-8
10:16:39.046 [Forwarding clickElement on session c3efacc14fdcc434caedc12ba53a5d56 to remote] DEBUG org.apache.http.impl.execchain.MainClientExec - Connection can be kept alive indefinitely
10:16:39.046 [Forwarding clickElement on session c3efacc14fdcc434caedc12ba53a5d56 to remote] DEBUG org.apache.http.impl.conn.PoolingHttpClientConnectionManager - Connection [id: 0][route: {}->http://localhost:38510] can be kept alive indefinitely
10:16:39.046 [Forwarding clickElement on session c3efacc14fdcc434caedc12ba53a5d56 to remote] DEBUG org.apache.http.impl.conn.PoolingHttpClientConnectionManager - Connection released: [id: 0][route: {}->http://localhost:38510][total kept alive: 1; route allocated: 1 of 2000; total allocated: 1 of 2000]
10:16:39.047 [Forwarding findElement on session c3efacc14fdcc434caedc12ba53a5d56 to remote] DEBUG org.apache.http.client.protocol.RequestAddCookies - CookieSpec selected: default
10:16:39.047 [Forwarding findElement on session c3efacc14fdcc434caedc12ba53a5d56 to remote] DEBUG org.apache.http.client.protocol.RequestAuthCache - Auth cache not set in the context
10:16:39.047 [Forwarding findElement on session c3efacc14fdcc434caedc12ba53a5d56 to remote] DEBUG org.apache.http.impl.conn.PoolingHttpClientConnectionManager - Connection request: [route: {}->http://localhost:38510][total kept alive: 1; route allocated: 1 of 2000; total allocated: 1 of 2000]
10:16:39.047 [Forwarding findElement on session c3efacc14fdcc434caedc12ba53a5d56 to remote] DEBUG org.apache.http.impl.conn.PoolingHttpClientConnectionManager - Connection leased: [id: 0][route: {}->http://localhost:38510][total kept alive: 0; route allocated: 1 of 2000; total allocated: 1 of 2000]
10:16:39.047 [Forwarding findElement on session c3efacc14fdcc434caedc12ba53a5d56 to remote] DEBUG org.apache.http.impl.execchain.MainClientExec - Stale connection check
10:16:39.056 [Forwarding findElement on session c3efacc14fdcc434caedc12ba53a5d56 to remote] DEBUG org.apache.http.wire - http-outgoing-0 << "[read] I/O error: Read timed out"
10:16:39.056 [Forwarding findElement on session c3efacc14fdcc434caedc12ba53a5d56 to remote] DEBUG org.apache.http.impl.conn.DefaultManagedHttpClientConnection - http-outgoing-0: set socket timeout to 10800000
10:16:39.056 [Forwarding findElement on session c3efacc14fdcc434caedc12ba53a5d56 to remote] DEBUG org.apache.http.impl.execchain.MainClientExec - Executing request POST /session/c3efacc14fdcc434caedc12ba53a5d56/element HTTP/1.1
10:16:39.056 [Forwarding findElement on session c3efacc14fdcc434caedc12ba53a5d56 to remote] DEBUG org.apache.http.impl.execchain.MainClientExec - Target auth state: UNCHALLENGED
10:16:39.056 [Forwarding findElement on session c3efacc14fdcc434caedc12ba53a5d56 to remote] DEBUG org.apache.http.impl.execchain.MainClientExec - Proxy auth state: UNCHALLENGED
10:16:39.056 [Forwarding findElement on session c3efacc14fdcc434caedc12ba53a5d56 to remote] DEBUG org.apache.http.headers - http-outgoing-0 >> POST /session/c3efacc14fdcc434caedc12ba53a5d56/element HTTP/1.1
10:16:39.056 [Forwarding findElement on session c3efacc14fdcc434caedc12ba53a5d56 to remote] DEBUG org.apache.http.headers - http-outgoing-0 >> Content-Type: application/json; charset=utf-8
10:16:39.056 [Forwarding findElement on session c3efacc14fdcc434caedc12ba53a5d56 to remote] DEBUG org.apache.http.headers - http-outgoing-0 >> Content-Length: 46
10:16:39.056 [Forwarding findElement on session c3efacc14fdcc434caedc12ba53a5d56 to remote] DEBUG org.apache.http.headers - http-outgoing-0 >> Host: localhost:38510
10:16:39.056 [Forwarding findElement on session c3efacc14fdcc434caedc12ba53a5d56 to remote] DEBUG org.apache.http.headers - http-outgoing-0 >> Connection: Keep-Alive
10:16:39.056 [Forwarding findElement on session c3efacc14fdcc434caedc12ba53a5d56 to remote] DEBUG org.apache.http.headers - http-outgoing-0 >> User-Agent: Apache-HttpClient/4.5.2 (Java/1.8.0_162)
10:16:39.056 [Forwarding findElement on session c3efacc14fdcc434caedc12ba53a5d56 to remote] DEBUG org.apache.http.headers - http-outgoing-0 >> Accept-Encoding: gzip,deflate
10:16:39.056 [Forwarding findElement on session c3efacc14fdcc434caedc12ba53a5d56 to remote] DEBUG org.apache.http.wire - http-outgoing-0 >> "POST /session/c3efacc14fdcc434caedc12ba53a5d56/element HTTP/1.1[\r][\n]"
10:16:39.056 [Forwarding findElement on session c3efacc14fdcc434caedc12ba53a5d56 to remote] DEBUG org.apache.http.wire - http-outgoing-0 >> "Content-Type: application/json; charset=utf-8[\r][\n]"
10:16:39.056 [Forwarding findElement on session c3efacc14fdcc434caedc12ba53a5d56 to remote] DEBUG org.apache.http.wire - http-outgoing-0 >> "Content-Length: 46[\r][\n]"
10:16:39.056 [Forwarding findElement on session c3efacc14fdcc434caedc12ba53a5d56 to remote] DEBUG org.apache.http.wire - http-outgoing-0 >> "Host: localhost:38510[\r][\n]"
10:16:39.056 [Forwarding findElement on session c3efacc14fdcc434caedc12ba53a5d56 to remote] DEBUG org.apache.http.wire - http-outgoing-0 >> "Connection: Keep-Alive[\r][\n]"
10:16:39.056 [Forwarding findElement on session c3efacc14fdcc434caedc12ba53a5d56 to remote] DEBUG org.apache.http.wire - http-outgoing-0 >> "User-Agent: Apache-HttpClient/4.5.2 (Java/1.8.0_162)[\r][\n]"
10:16:39.056 [Forwarding findElement on session c3efacc14fdcc434caedc12ba53a5d56 to remote] DEBUG org.apache.http.wire - http-outgoing-0 >> "Accept-Encoding: gzip,deflate[\r][\n]"
10:16:39.056 [Forwarding findElement on session c3efacc14fdcc434caedc12ba53a5d56 to remote] DEBUG org.apache.http.wire - http-outgoing-0 >> "[\r][\n]"
10:16:39.056 [Forwarding findElement on session c3efacc14fdcc434caedc12ba53a5d56 to remote] DEBUG org.apache.http.wire - http-outgoing-0 >> "{"using":"class name","value":"icon-industry"}"
10:16:39.064 [Forwarding findElement on session c3efacc14fdcc434caedc12ba53a5d56 to remote] DEBUG org.apache.http.wire - http-outgoing-0 << "HTTP/1.1 200 OK[\r][\n]"
10:16:39.064 [Forwarding findElement on session c3efacc14fdcc434caedc12ba53a5d56 to remote] DEBUG org.apache.http.wire - http-outgoing-0 << "Content-Length:104[\r][\n]"
10:16:39.064 [Forwarding findElement on session c3efacc14fdcc434caedc12ba53a5d56 to remote] DEBUG org.apache.http.wire - http-outgoing-0 << "Content-Type:application/json; charset=utf-8[\r][\n]"
10:16:39.064 [Forwarding findElement on session c3efacc14fdcc434caedc12ba53a5d56 to remote] DEBUG org.apache.http.wire - http-outgoing-0 << "[\r][\n]"
10:16:39.064 [Forwarding findElement on session c3efacc14fdcc434caedc12ba53a5d56 to remote] DEBUG org.apache.http.wire - http-outgoing-0 << "{"sessionId":"c3efacc14fdcc434caedc12ba53a5d56","status":0,"value":{"ELEMENT":"0.15556683519043668-10"}}"
10:16:39.064 [Forwarding findElement on session c3efacc14fdcc434caedc12ba53a5d56 to remote] DEBUG org.apache.http.headers - http-outgoing-0 << HTTP/1.1 200 OK
10:16:39.064 [Forwarding findElement on session c3efacc14fdcc434caedc12ba53a5d56 to remote] DEBUG org.apache.http.headers - http-outgoing-0 << Content-Length:104
10:16:39.064 [Forwarding findElement on session c3efacc14fdcc434caedc12ba53a5d56 to remote] DEBUG org.apache.http.headers - http-outgoing-0 << Content-Type:application/json; charset=utf-8
10:16:39.064 [Forwarding findElement on session c3efacc14fdcc434caedc12ba53a5d56 to remote] DEBUG org.apache.http.impl.execchain.MainClientExec - Connection can be kept alive indefinitely
10:16:39.064 [Forwarding findElement on session c3efacc14fdcc434caedc12ba53a5d56 to remote] DEBUG org.apache.http.impl.conn.PoolingHttpClientConnectionManager - Connection [id: 0][route: {}->http://localhost:38510] can be kept alive indefinitely
10:16:39.064 [Forwarding findElement on session c3efacc14fdcc434caedc12ba53a5d56 to remote] DEBUG org.apache.http.impl.conn.PoolingHttpClientConnectionManager - Connection released: [id: 0][route: {}->http://localhost:38510][total kept alive: 1; route allocated: 1 of 2000; total allocated: 1 of 2000]
10:16:39.065 [Forwarding clickElement on session c3efacc14fdcc434caedc12ba53a5d56 to remote] DEBUG org.apache.http.client.protocol.RequestAddCookies - CookieSpec selected: default
10:16:39.065 [Forwarding clickElement on session c3efacc14fdcc434caedc12ba53a5d56 to remote] DEBUG org.apache.http.client.protocol.RequestAuthCache - Auth cache not set in the context
10:16:39.065 [Forwarding clickElement on session c3efacc14fdcc434caedc12ba53a5d56 to remote] DEBUG org.apache.http.impl.conn.PoolingHttpClientConnectionManager - Connection request: [route: {}->http://localhost:38510][total kept alive: 1; route allocated: 1 of 2000; total allocated: 1 of 2000]
10:16:39.065 [Forwarding clickElement on session c3efacc14fdcc434caedc12ba53a5d56 to remote] DEBUG org.apache.http.impl.conn.PoolingHttpClientConnectionManager - Connection leased: [id: 0][route: {}->http://localhost:38510][total kept alive: 0; route allocated: 1 of 2000; total allocated: 1 of 2000]
10:16:39.065 [Forwarding clickElement on session c3efacc14fdcc434caedc12ba53a5d56 to remote] DEBUG org.apache.http.impl.execchain.MainClientExec - Stale connection check
10:16:39.071 [Forwarding clickElement on session c3efacc14fdcc434caedc12ba53a5d56 to remote] DEBUG org.apache.http.wire - http-outgoing-0 << "[read] I/O error: Read timed out"
10:16:39.071 [Forwarding clickElement on session c3efacc14fdcc434caedc12ba53a5d56 to remote] DEBUG org.apache.http.impl.conn.DefaultManagedHttpClientConnection - http-outgoing-0: set socket timeout to 10800000
10:16:39.071 [Forwarding clickElement on session c3efacc14fdcc434caedc12ba53a5d56 to remote] DEBUG org.apache.http.impl.execchain.MainClientExec - Executing request POST /session/c3efacc14fdcc434caedc12ba53a5d56/element/0.15556683519043668-10/click HTTP/1.1
10:16:39.071 [Forwarding clickElement on session c3efacc14fdcc434caedc12ba53a5d56 to remote] DEBUG org.apache.http.impl.execchain.MainClientExec - Target auth state: UNCHALLENGED
10:16:39.071 [Forwarding clickElement on session c3efacc14fdcc434caedc12ba53a5d56 to remote] DEBUG org.apache.http.impl.execchain.MainClientExec - Proxy auth state: UNCHALLENGED
10:16:39.071 [Forwarding clickElement on session c3efacc14fdcc434caedc12ba53a5d56 to remote] DEBUG org.apache.http.headers - http-outgoing-0 >> POST /session/c3efacc14fdcc434caedc12ba53a5d56/element/0.15556683519043668-10/click HTTP/1.1
10:16:39.071 [Forwarding clickElement on session c3efacc14fdcc434caedc12ba53a5d56 to remote] DEBUG org.apache.http.headers - http-outgoing-0 >> Content-Type: application/json; charset=utf-8
10:16:39.071 [Forwarding clickElement on session c3efacc14fdcc434caedc12ba53a5d56 to remote] DEBUG org.apache.http.headers - http-outgoing-0 >> Content-Length: 31
10:16:39.071 [Forwarding clickElement on session c3efacc14fdcc434caedc12ba53a5d56 to remote] DEBUG org.apache.http.headers - http-outgoing-0 >> Host: localhost:38510
10:16:39.071 [Forwarding clickElement on session c3efacc14fdcc434caedc12ba53a5d56 to remote] DEBUG org.apache.http.headers - http-outgoing-0 >> Connection: Keep-Alive
10:16:39.071 [Forwarding clickElement on session c3efacc14fdcc434caedc12ba53a5d56 to remote] DEBUG org.apache.http.headers - http-outgoing-0 >> User-Agent: Apache-HttpClient/4.5.2 (Java/1.8.0_162)
10:16:39.071 [Forwarding clickElement on session c3efacc14fdcc434caedc12ba53a5d56 to remote] DEBUG org.apache.http.headers - http-outgoing-0 >> Accept-Encoding: gzip,deflate
10:16:39.071 [Forwarding clickElement on session c3efacc14fdcc434caedc12ba53a5d56 to remote] DEBUG org.apache.http.wire - http-outgoing-0 >> "POST /session/c3efacc14fdcc434caedc12ba53a5d56/element/0.15556683519043668-10/click HTTP/1.1[\r][\n]"
10:16:39.071 [Forwarding clickElement on session c3efacc14fdcc434caedc12ba53a5d56 to remote] DEBUG org.apache.http.wire - http-outgoing-0 >> "Content-Type: application/json; charset=utf-8[\r][\n]"
10:16:39.071 [Forwarding clickElement on session c3efacc14fdcc434caedc12ba53a5d56 to remote] DEBUG org.apache.http.wire - http-outgoing-0 >> "Content-Length: 31[\r][\n]"
10:16:39.071 [Forwarding clickElement on session c3efacc14fdcc434caedc12ba53a5d56 to remote] DEBUG org.apache.http.wire - http-outgoing-0 >> "Host: localhost:38510[\r][\n]"
10:16:39.071 [Forwarding clickElement on session c3efacc14fdcc434caedc12ba53a5d56 to remote] DEBUG org.apache.http.wire - http-outgoing-0 >> "Connection: Keep-Alive[\r][\n]"
10:16:39.071 [Forwarding clickElement on session c3efacc14fdcc434caedc12ba53a5d56 to remote] DEBUG org.apache.http.wire - http-outgoing-0 >> "User-Agent: Apache-HttpClient/4.5.2 (Java/1.8.0_162)[\r][\n]"
10:16:39.071 [Forwarding clickElement on session c3efacc14fdcc434caedc12ba53a5d56 to remote] DEBUG org.apache.http.wire - http-outgoing-0 >> "Accept-Encoding: gzip,deflate[\r][\n]"
10:16:39.071 [Forwarding clickElement on session c3efacc14fdcc434caedc12ba53a5d56 to remote] DEBUG org.apache.http.wire - http-outgoing-0 >> "[\r][\n]"
10:16:39.071 [Forwarding clickElement on session c3efacc14fdcc434caedc12ba53a5d56 to remote] DEBUG org.apache.http.wire - http-outgoing-0 >> "{"id":"0.15556683519043668-10"}"
10:16:39.456 [Forwarding clickElement on session c3efacc14fdcc434caedc12ba53a5d56 to remote] DEBUG org.apache.http.wire - http-outgoing-0 << "HTTP/1.1 200 OK[\r][\n]"
10:16:39.456 [Forwarding clickElement on session c3efacc14fdcc434caedc12ba53a5d56 to remote] DEBUG org.apache.http.wire - http-outgoing-0 << "Content-Length:72[\r][\n]"
10:16:39.456 [Forwarding clickElement on session c3efacc14fdcc434caedc12ba53a5d56 to remote] DEBUG org.apache.http.wire - http-outgoing-0 << "Content-Type:application/json; charset=utf-8[\r][\n]"
10:16:39.456 [Forwarding clickElement on session c3efacc14fdcc434caedc12ba53a5d56 to remote] DEBUG org.apache.http.wire - http-outgoing-0 << "[\r][\n]"
10:16:39.456 [Forwarding clickElement on session c3efacc14fdcc434caedc12ba53a5d56 to remote] DEBUG org.apache.http.wire - http-outgoing-0 << "{"sessionId":"c3efacc14fdcc434caedc12ba53a5d56","status":0,"value":null}"
10:16:39.456 [Forwarding clickElement on session c3efacc14fdcc434caedc12ba53a5d56 to remote] DEBUG org.apache.http.headers - http-outgoing-0 << HTTP/1.1 200 OK
10:16:39.456 [Forwarding clickElement on session c3efacc14fdcc434caedc12ba53a5d56 to remote] DEBUG org.apache.http.headers - http-outgoing-0 << Content-Length:72
10:16:39.456 [Forwarding clickElement on session c3efacc14fdcc434caedc12ba53a5d56 to remote] DEBUG org.apache.http.headers - http-outgoing-0 << Content-Type:application/json; charset=utf-8
10:16:39.456 [Forwarding clickElement on session c3efacc14fdcc434caedc12ba53a5d56 to remote] DEBUG org.apache.http.impl.execchain.MainClientExec - Connection can be kept alive indefinitely
10:16:39.456 [Forwarding clickElement on session c3efacc14fdcc434caedc12ba53a5d56 to remote] DEBUG org.apache.http.impl.conn.PoolingHttpClientConnectionManager - Connection [id: 0][route: {}->http://localhost:38510] can be kept alive indefinitely
10:16:39.456 [Forwarding clickElement on session c3efacc14fdcc434caedc12ba53a5d56 to remote] DEBUG org.apache.http.impl.conn.PoolingHttpClientConnectionManager - Connection released: [id: 0][route: {}->http://localhost:38510][total kept alive: 1; route allocated: 1 of 2000; total allocated: 1 of 2000]
10:16:39.457 [Forwarding findElements on session c3efacc14fdcc434caedc12ba53a5d56 to remote] DEBUG org.apache.http.client.protocol.RequestAddCookies - CookieSpec selected: default
10:16:39.458 [Forwarding findElements on session c3efacc14fdcc434caedc12ba53a5d56 to remote] DEBUG org.apache.http.client.protocol.RequestAuthCache - Auth cache not set in the context
10:16:39.458 [Forwarding findElements on session c3efacc14fdcc434caedc12ba53a5d56 to remote] DEBUG org.apache.http.impl.conn.PoolingHttpClientConnectionManager - Connection request: [route: {}->http://localhost:38510][total kept alive: 1; route allocated: 1 of 2000; total allocated: 1 of 2000]
10:16:39.458 [Forwarding findElements on session c3efacc14fdcc434caedc12ba53a5d56 to remote] DEBUG org.apache.http.impl.conn.PoolingHttpClientConnectionManager - Connection leased: [id: 0][route: {}->http://localhost:38510][total kept alive: 0; route allocated: 1 of 2000; total allocated: 1 of 2000]
10:16:39.458 [Forwarding findElements on session c3efacc14fdcc434caedc12ba53a5d56 to remote] DEBUG org.apache.http.impl.execchain.MainClientExec - Stale connection check
10:16:39.463 [Forwarding findElements on session c3efacc14fdcc434caedc12ba53a5d56 to remote] DEBUG org.apache.http.wire - http-outgoing-0 << "[read] I/O error: Read timed out"
10:16:39.463 [Forwarding findElements on session c3efacc14fdcc434caedc12ba53a5d56 to remote] DEBUG org.apache.http.impl.conn.DefaultManagedHttpClientConnection - http-outgoing-0: set socket timeout to 10800000
10:16:39.463 [Forwarding findElements on session c3efacc14fdcc434caedc12ba53a5d56 to remote] DEBUG org.apache.http.impl.execchain.MainClientExec - Executing request POST /session/c3efacc14fdcc434caedc12ba53a5d56/elements HTTP/1.1
10:16:39.463 [Forwarding findElements on session c3efacc14fdcc434caedc12ba53a5d56 to remote] DEBUG org.apache.http.impl.execchain.MainClientExec - Target auth state: UNCHALLENGED
10:16:39.463 [Forwarding findElements on session c3efacc14fdcc434caedc12ba53a5d56 to remote] DEBUG org.apache.http.impl.execchain.MainClientExec - Proxy auth state: UNCHALLENGED
10:16:39.463 [Forwarding findElements on session c3efacc14fdcc434caedc12ba53a5d56 to remote] DEBUG org.apache.http.headers - http-outgoing-0 >> POST /session/c3efacc14fdcc434caedc12ba53a5d56/elements HTTP/1.1
10:16:39.463 [Forwarding findElements on session c3efacc14fdcc434caedc12ba53a5d56 to remote] DEBUG org.apache.http.headers - http-outgoing-0 >> Content-Type: application/json; charset=utf-8
10:16:39.463 [Forwarding findElements on session c3efacc14fdcc434caedc12ba53a5d56 to remote] DEBUG org.apache.http.headers - http-outgoing-0 >> Content-Length: 55
10:16:39.463 [Forwarding findElements on session c3efacc14fdcc434caedc12ba53a5d56 to remote] DEBUG org.apache.http.headers - http-outgoing-0 >> Host: localhost:38510
10:16:39.463 [Forwarding findElements on session c3efacc14fdcc434caedc12ba53a5d56 to remote] DEBUG org.apache.http.headers - http-outgoing-0 >> Connection: Keep-Alive
10:16:39.463 [Forwarding findElements on session c3efacc14fdcc434caedc12ba53a5d56 to remote] DEBUG org.apache.http.headers - http-outgoing-0 >> User-Agent: Apache-HttpClient/4.5.2 (Java/1.8.0_162)
10:16:39.463 [Forwarding findElements on session c3efacc14fdcc434caedc12ba53a5d56 to remote] DEBUG org.apache.http.headers - http-outgoing-0 >> Accept-Encoding: gzip,deflate
10:16:39.463 [Forwarding findElements on session c3efacc14fdcc434caedc12ba53a5d56 to remote] DEBUG org.apache.http.wire - http-outgoing-0 >> "POST /session/c3efacc14fdcc434caedc12ba53a5d56/elements HTTP/1.1[\r][\n]"
10:16:39.463 [Forwarding findElements on session c3efacc14fdcc434caedc12ba53a5d56 to remote] DEBUG org.apache.http.wire - http-outgoing-0 >> "Content-Type: application/json; charset=utf-8[\r][\n]"
10:16:39.463 [Forwarding findElements on session c3efacc14fdcc434caedc12ba53a5d56 to remote] DEBUG org.apache.http.wire - http-outgoing-0 >> "Content-Length: 55[\r][\n]"
10:16:39.463 [Forwarding findElements on session c3efacc14fdcc434caedc12ba53a5d56 to remote] DEBUG org.apache.http.wire - http-outgoing-0 >> "Host: localhost:38510[\r][\n]"
10:16:39.463 [Forwarding findElements on session c3efacc14fdcc434caedc12ba53a5d56 to remote] DEBUG org.apache.http.wire - http-outgoing-0 >> "Connection: Keep-Alive[\r][\n]"
10:16:39.463 [Forwarding findElements on session c3efacc14fdcc434caedc12ba53a5d56 to remote] DEBUG org.apache.http.wire - http-outgoing-0 >> "User-Agent: Apache-HttpClient/4.5.2 (Java/1.8.0_162)[\r][\n]"
10:16:39.463 [Forwarding findElements on session c3efacc14fdcc434caedc12ba53a5d56 to remote] DEBUG org.apache.http.wire - http-outgoing-0 >> "Accept-Encoding: gzip,deflate[\r][\n]"
10:16:39.463 [Forwarding findElements on session c3efacc14fdcc434caedc12ba53a5d56 to remote] DEBUG org.apache.http.wire - http-outgoing-0 >> "[\r][\n]"
10:16:39.463 [Forwarding findElements on session c3efacc14fdcc434caedc12ba53a5d56 to remote] DEBUG org.apache.http.wire - http-outgoing-0 >> "{"using":"class name","value":"industry-catelogs-item"}"
10:16:39.471 [Forwarding findElements on session c3efacc14fdcc434caedc12ba53a5d56 to remote] DEBUG org.apache.http.wire - http-outgoing-0 << "HTTP/1.1 200 OK[\r][\n]"
10:16:39.471 [Forwarding findElements on session c3efacc14fdcc434caedc12ba53a5d56 to remote] DEBUG org.apache.http.wire - http-outgoing-0 << "Content-Length:661[\r][\n]"
10:16:39.471 [Forwarding findElements on session c3efacc14fdcc434caedc12ba53a5d56 to remote] DEBUG org.apache.http.wire - http-outgoing-0 << "Content-Type:application/json; charset=utf-8[\r][\n]"
10:16:39.471 [Forwarding findElements on session c3efacc14fdcc434caedc12ba53a5d56 to remote] DEBUG org.apache.http.wire - http-outgoing-0 << "[\r][\n]"
10:16:39.471 [Forwarding findElements on session c3efacc14fdcc434caedc12ba53a5d56 to remote] DEBUG org.apache.http.wire - http-outgoing-0 << "{"sessionId":"c3efacc14fdcc434caedc12ba53a5d56","status":0,"value":[{"ELEMENT":"0.15556683519043668-11"},{"ELEMENT":"0.15556683519043668-12"},{"ELEMENT":"0.15556683519043668-13"},{"ELEMENT":"0.15556683519043668-14"},{"ELEMENT":"0.15556683519043668-15"},{"ELEMENT":"0.15556683519043668-16"},{"ELEMENT":"0.15556683519043668-17"},{"ELEMENT":"0.15556683519043668-18"},{"ELEMENT":"0.15556683519043668-19"},{"ELEMENT":"0.15556683519043668-20"},{"ELEMENT":"0.15556683519043668-21"},{"ELEMENT":"0.15556683519043668-22"},{"ELEMENT":"0.15556683519043668-23"},{"ELEMENT":"0.15556683519043668-24"},{"ELEMENT":"0.15556683519043668-25"},{"ELEMENT":"0.15556683519043668-26"}]}"
10:16:39.471 [Forwarding findElements on session c3efacc14fdcc434caedc12ba53a5d56 to remote] DEBUG org.apache.http.headers - http-outgoing-0 << HTTP/1.1 200 OK
10:16:39.471 [Forwarding findElements on session c3efacc14fdcc434caedc12ba53a5d56 to remote] DEBUG org.apache.http.headers - http-outgoing-0 << Content-Length:661
10:16:39.471 [Forwarding findElements on session c3efacc14fdcc434caedc12ba53a5d56 to remote] DEBUG org.apache.http.headers - http-outgoing-0 << Content-Type:application/json; charset=utf-8
10:16:39.471 [Forwarding findElements on session c3efacc14fdcc434caedc12ba53a5d56 to remote] DEBUG org.apache.http.impl.execchain.MainClientExec - Connection can be kept alive indefinitely
10:16:39.471 [Forwarding findElements on session c3efacc14fdcc434caedc12ba53a5d56 to remote] DEBUG org.apache.http.impl.conn.PoolingHttpClientConnectionManager - Connection [id: 0][route: {}->http://localhost:38510] can be kept alive indefinitely
10:16:39.471 [Forwarding findElements on session c3efacc14fdcc434caedc12ba53a5d56 to remote] DEBUG org.apache.http.impl.conn.PoolingHttpClientConnectionManager - Connection released: [id: 0][route: {}->http://localhost:38510][total kept alive: 1; route allocated: 1 of 2000; total allocated: 1 of 2000]
10:16:39.473 [Forwarding getElementText on session c3efacc14fdcc434caedc12ba53a5d56 to remote] DEBUG org.apache.http.client.protocol.RequestAddCookies - CookieSpec selected: default
10:16:39.473 [Forwarding getElementText on session c3efacc14fdcc434caedc12ba53a5d56 to remote] DEBUG org.apache.http.client.protocol.RequestAuthCache - Auth cache not set in the context
10:16:39.474 [Forwarding getElementText on session c3efacc14fdcc434caedc12ba53a5d56 to remote] DEBUG org.apache.http.impl.conn.PoolingHttpClientConnectionManager - Connection request: [route: {}->http://localhost:38510][total kept alive: 1; route allocated: 1 of 2000; total allocated: 1 of 2000]
10:16:39.474 [Forwarding getElementText on session c3efacc14fdcc434caedc12ba53a5d56 to remote] DEBUG org.apache.http.impl.conn.PoolingHttpClientConnectionManager - Connection leased: [id: 0][route: {}->http://localhost:38510][total kept alive: 0; route allocated: 1 of 2000; total allocated: 1 of 2000]
10:16:39.474 [Forwarding getElementText on session c3efacc14fdcc434caedc12ba53a5d56 to remote] DEBUG org.apache.http.impl.execchain.MainClientExec - Stale connection check
10:16:39.479 [Forwarding getElementText on session c3efacc14fdcc434caedc12ba53a5d56 to remote] DEBUG org.apache.http.wire - http-outgoing-0 << "[read] I/O error: Read timed out"
10:16:39.479 [Forwarding getElementText on session c3efacc14fdcc434caedc12ba53a5d56 to remote] DEBUG org.apache.http.impl.conn.DefaultManagedHttpClientConnection - http-outgoing-0: set socket timeout to 10800000
10:16:39.479 [Forwarding getElementText on session c3efacc14fdcc434caedc12ba53a5d56 to remote] DEBUG org.apache.http.impl.execchain.MainClientExec - Executing request GET /session/c3efacc14fdcc434caedc12ba53a5d56/element/0.15556683519043668-11/text HTTP/1.1
10:16:39.479 [Forwarding getElementText on session c3efacc14fdcc434caedc12ba53a5d56 to remote] DEBUG org.apache.http.impl.execchain.MainClientExec - Target auth state: UNCHALLENGED
10:16:39.479 [Forwarding getElementText on session c3efacc14fdcc434caedc12ba53a5d56 to remote] DEBUG org.apache.http.impl.execchain.MainClientExec - Proxy auth state: UNCHALLENGED
10:16:39.479 [Forwarding getElementText on session c3efacc14fdcc434caedc12ba53a5d56 to remote] DEBUG org.apache.http.headers - http-outgoing-0 >> GET /session/c3efacc14fdcc434caedc12ba53a5d56/element/0.15556683519043668-11/text HTTP/1.1
10:16:39.479 [Forwarding getElementText on session c3efacc14fdcc434caedc12ba53a5d56 to remote] DEBUG org.apache.http.headers - http-outgoing-0 >> Cache-Control: no-cache
10:16:39.479 [Forwarding getElementText on session c3efacc14fdcc434caedc12ba53a5d56 to remote] DEBUG org.apache.http.headers - http-outgoing-0 >> Host: localhost:38510
10:16:39.479 [Forwarding getElementText on session c3efacc14fdcc434caedc12ba53a5d56 to remote] DEBUG org.apache.http.headers - http-outgoing-0 >> Connection: Keep-Alive
10:16:39.479 [Forwarding getElementText on session c3efacc14fdcc434caedc12ba53a5d56 to remote] DEBUG org.apache.http.headers - http-outgoing-0 >> User-Agent: Apache-HttpClient/4.5.2 (Java/1.8.0_162)
10:16:39.479 [Forwarding getElementText on session c3efacc14fdcc434caedc12ba53a5d56 to remote] DEBUG org.apache.http.headers - http-outgoing-0 >> Accept-Encoding: gzip,deflate
10:16:39.479 [Forwarding getElementText on session c3efacc14fdcc434caedc12ba53a5d56 to remote] DEBUG org.apache.http.wire - http-outgoing-0 >> "GET /session/c3efacc14fdcc434caedc12ba53a5d56/element/0.15556683519043668-11/text HTTP/1.1[\r][\n]"
10:16:39.479 [Forwarding getElementText on session c3efacc14fdcc434caedc12ba53a5d56 to remote] DEBUG org.apache.http.wire - http-outgoing-0 >> "Cache-Control: no-cache[\r][\n]"
10:16:39.479 [Forwarding getElementText on session c3efacc14fdcc434caedc12ba53a5d56 to remote] DEBUG org.apache.http.wire - http-outgoing-0 >> "Host: localhost:38510[\r][\n]"
10:16:39.479 [Forwarding getElementText on session c3efacc14fdcc434caedc12ba53a5d56 to remote] DEBUG org.apache.http.wire - http-outgoing-0 >> "Connection: Keep-Alive[\r][\n]"
10:16:39.480 [Forwarding getElementText on session c3efacc14fdcc434caedc12ba53a5d56 to remote] DEBUG org.apache.http.wire - http-outgoing-0 >> "User-Agent: Apache-HttpClient/4.5.2 (Java/1.8.0_162)[\r][\n]"
10:16:39.480 [Forwarding getElementText on session c3efacc14fdcc434caedc12ba53a5d56 to remote] DEBUG org.apache.http.wire - http-outgoing-0 >> "Accept-Encoding: gzip,deflate[\r][\n]"
10:16:39.480 [Forwarding getElementText on session c3efacc14fdcc434caedc12ba53a5d56 to remote] DEBUG org.apache.http.wire - http-outgoing-0 >> "[\r][\n]"
10:16:39.489 [Forwarding getElementText on session c3efacc14fdcc434caedc12ba53a5d56 to remote] DEBUG org.apache.http.wire - http-outgoing-0 << "HTTP/1.1 200 OK[\r][\n]"
10:16:39.489 [Forwarding getElementText on session c3efacc14fdcc434caedc12ba53a5d56 to remote] DEBUG org.apache.http.wire - http-outgoing-0 << "Content-Length:89[\r][\n]"
10:16:39.489 [Forwarding getElementText on session c3efacc14fdcc434caedc12ba53a5d56 to remote] DEBUG org.apache.http.wire - http-outgoing-0 << "Content-Type:application/json; charset=utf-8[\r][\n]"
10:16:39.489 [Forwarding getElementText on session c3efacc14fdcc434caedc12ba53a5d56 to remote] DEBUG org.apache.http.wire - http-outgoing-0 << "[\r][\n]"
10:16:39.489 [Forwarding getElementText on session c3efacc14fdcc434caedc12ba53a5d56 to remote] DEBUG org.apache.http.wire - http-outgoing-0 << "{"sessionId":"c3efacc14fdcc434caedc12ba53a5d56","status":0,"value":"IT/[0xe4][0xba][0x92][0xe8][0x81][0x94][0xe7][0xbd][0x91]/[0xe6][0xb8][0xb8][0xe6][0x88][0x8f]"}"
10:16:39.489 [Forwarding getElementText on session c3efacc14fdcc434caedc12ba53a5d56 to remote] DEBUG org.apache.http.headers - http-outgoing-0 << HTTP/1.1 200 OK
10:16:39.489 [Forwarding getElementText on session c3efacc14fdcc434caedc12ba53a5d56 to remote] DEBUG org.apache.http.headers - http-outgoing-0 << Content-Length:89
10:16:39.489 [Forwarding getElementText on session c3efacc14fdcc434caedc12ba53a5d56 to remote] DEBUG org.apache.http.headers - http-outgoing-0 << Content-Type:application/json; charset=utf-8
10:16:39.489 [Forwarding getElementText on session c3efacc14fdcc434caedc12ba53a5d56 to remote] DEBUG org.apache.http.impl.execchain.MainClientExec - Connection can be kept alive indefinitely
10:16:39.489 [Forwarding getElementText on session c3efacc14fdcc434caedc12ba53a5d56 to remote] DEBUG org.apache.http.impl.conn.PoolingHttpClientConnectionManager - Connection [id: 0][route: {}->http://localhost:38510] can be kept alive indefinitely
10:16:39.489 [Forwarding getElementText on session c3efacc14fdcc434caedc12ba53a5d56 to remote] DEBUG org.apache.http.impl.conn.PoolingHttpClientConnectionManager - Connection released: [id: 0][route: {}->http://localhost:38510][total kept alive: 1; route allocated: 1 of 2000; total allocated: 1 of 2000]
10:16:39.494 [Forwarding findElements on session c3efacc14fdcc434caedc12ba53a5d56 to remote] DEBUG org.apache.http.client.protocol.RequestAddCookies - CookieSpec selected: default
10:16:39.494 [Forwarding findElements on session c3efacc14fdcc434caedc12ba53a5d56 to remote] DEBUG org.apache.http.client.protocol.RequestAuthCache - Auth cache not set in the context
10:16:39.494 [Forwarding findElements on session c3efacc14fdcc434caedc12ba53a5d56 to remote] DEBUG org.apache.http.impl.conn.PoolingHttpClientConnectionManager - Connection request: [route: {}->http://localhost:38510][total kept alive: 1; route allocated: 1 of 2000; total allocated: 1 of 2000]
10:16:39.494 [Forwarding findElements on session c3efacc14fdcc434caedc12ba53a5d56 to remote] DEBUG org.apache.http.impl.conn.PoolingHttpClientConnectionManager - Connection leased: [id: 0][route: {}->http://localhost:38510][total kept alive: 0; route allocated: 1 of 2000; total allocated: 1 of 2000]
10:16:39.494 [Forwarding findElements on session c3efacc14fdcc434caedc12ba53a5d56 to remote] DEBUG org.apache.http.impl.execchain.MainClientExec - Stale connection check
10:16:39.510 [Forwarding findElements on session c3efacc14fdcc434caedc12ba53a5d56 to remote] DEBUG org.apache.http.wire - http-outgoing-0 << "[read] I/O error: Read timed out"
10:16:39.510 [Forwarding findElements on session c3efacc14fdcc434caedc12ba53a5d56 to remote] DEBUG org.apache.http.impl.conn.DefaultManagedHttpClientConnection - http-outgoing-0: set socket timeout to 10800000
10:16:39.510 [Forwarding findElements on session c3efacc14fdcc434caedc12ba53a5d56 to remote] DEBUG org.apache.http.impl.execchain.MainClientExec - Executing request POST /session/c3efacc14fdcc434caedc12ba53a5d56/elements HTTP/1.1
10:16:39.510 [Forwarding findElements on session c3efacc14fdcc434caedc12ba53a5d56 to remote] DEBUG org.apache.http.impl.execchain.MainClientExec - Target auth state: UNCHALLENGED
10:16:39.510 [Forwarding findElements on session c3efacc14fdcc434caedc12ba53a5d56 to remote] DEBUG org.apache.http.impl.execchain.MainClientExec - Proxy auth state: UNCHALLENGED
10:16:39.510 [Forwarding findElements on session c3efacc14fdcc434caedc12ba53a5d56 to remote] DEBUG org.apache.http.headers - http-outgoing-0 >> POST /session/c3efacc14fdcc434caedc12ba53a5d56/elements HTTP/1.1
10:16:39.510 [Forwarding findElements on session c3efacc14fdcc434caedc12ba53a5d56 to remote] DEBUG org.apache.http.headers - http-outgoing-0 >> Content-Type: application/json; charset=utf-8
10:16:39.510 [Forwarding findElements on session c3efacc14fdcc434caedc12ba53a5d56 to remote] DEBUG org.apache.http.headers - http-outgoing-0 >> Content-Length: 55
10:16:39.510 [Forwarding findElements on session c3efacc14fdcc434caedc12ba53a5d56 to remote] DEBUG org.apache.http.headers - http-outgoing-0 >> Host: localhost:38510
10:16:39.510 [Forwarding findElements on session c3efacc14fdcc434caedc12ba53a5d56 to remote] DEBUG org.apache.http.headers - http-outgoing-0 >> Connection: Keep-Alive
10:16:39.511 [Forwarding findElements on session c3efacc14fdcc434caedc12ba53a5d56 to remote] DEBUG org.apache.http.headers - http-outgoing-0 >> User-Agent: Apache-HttpClient/4.5.2 (Java/1.8.0_162)
10:16:39.511 [Forwarding findElements on session c3efacc14fdcc434caedc12ba53a5d56 to remote] DEBUG org.apache.http.headers - http-outgoing-0 >> Accept-Encoding: gzip,deflate
10:16:39.511 [Forwarding findElements on session c3efacc14fdcc434caedc12ba53a5d56 to remote] DEBUG org.apache.http.wire - http-outgoing-0 >> "POST /session/c3efacc14fdcc434caedc12ba53a5d56/elements HTTP/1.1[\r][\n]"
10:16:39.511 [Forwarding findElements on session c3efacc14fdcc434caedc12ba53a5d56 to remote] DEBUG org.apache.http.wire - http-outgoing-0 >> "Content-Type: application/json; charset=utf-8[\r][\n]"
10:16:39.511 [Forwarding findElements on session c3efacc14fdcc434caedc12ba53a5d56 to remote] DEBUG org.apache.http.wire - http-outgoing-0 >> "Content-Length: 55[\r][\n]"
10:16:39.511 [Forwarding findElements on session c3efacc14fdcc434caedc12ba53a5d56 to remote] DEBUG org.apache.http.wire - http-outgoing-0 >> "Host: localhost:38510[\r][\n]"
10:16:39.511 [Forwarding findElements on session c3efacc14fdcc434caedc12ba53a5d56 to remote] DEBUG org.apache.http.wire - http-outgoing-0 >> "Connection: Keep-Alive[\r][\n]"
10:16:39.511 [Forwarding findElements on session c3efacc14fdcc434caedc12ba53a5d56 to remote] DEBUG org.apache.http.wire - http-outgoing-0 >> "User-Agent: Apache-HttpClient/4.5.2 (Java/1.8.0_162)[\r][\n]"
10:16:39.511 [Forwarding findElements on session c3efacc14fdcc434caedc12ba53a5d56 to remote] DEBUG org.apache.http.wire - http-outgoing-0 >> "Accept-Encoding: gzip,deflate[\r][\n]"
10:16:39.511 [Forwarding findElements on session c3efacc14fdcc434caedc12ba53a5d56 to remote] DEBUG org.apache.http.wire - http-outgoing-0 >> "[\r][\n]"
10:16:39.511 [Forwarding findElements on session c3efacc14fdcc434caedc12ba53a5d56 to remote] DEBUG org.apache.http.wire - http-outgoing-0 >> "{"using":"class name","value":"industry-catelogs-item"}"
10:16:39.518 [Forwarding findElements on session c3efacc14fdcc434caedc12ba53a5d56 to remote] DEBUG org.apache.http.wire - http-outgoing-0 << "HTTP/1.1 200 OK[\r][\n]"
10:16:39.519 [Forwarding findElements on session c3efacc14fdcc434caedc12ba53a5d56 to remote] DEBUG org.apache.http.wire - http-outgoing-0 << "Content-Length:661[\r][\n]"
10:16:39.519 [Forwarding findElements on session c3efacc14fdcc434caedc12ba53a5d56 to remote] DEBUG org.apache.http.wire - http-outgoing-0 << "Content-Type:application/json; charset=utf-8[\r][\n]"
10:16:39.519 [Forwarding findElements on session c3efacc14fdcc434caedc12ba53a5d56 to remote] DEBUG org.apache.http.wire - http-outgoing-0 << "[\r][\n]"
10:16:39.519 [Forwarding findElements on session c3efacc14fdcc434caedc12ba53a5d56 to remote] DEBUG org.apache.http.wire - http-outgoing-0 << "{"sessionId":"c3efacc14fdcc434caedc12ba53a5d56","status":0,"value":[{"ELEMENT":"0.15556683519043668-11"},{"ELEMENT":"0.15556683519043668-12"},{"ELEMENT":"0.15556683519043668-13"},{"ELEMENT":"0.15556683519043668-14"},{"ELEMENT":"0.15556683519043668-15"},{"ELEMENT":"0.15556683519043668-16"},{"ELEMENT":"0.15556683519043668-17"},{"ELEMENT":"0.15556683519043668-18"},{"ELEMENT":"0.15556683519043668-19"},{"ELEMENT":"0.15556683519043668-20"},{"ELEMENT":"0.15556683519043668-21"},{"ELEMENT":"0.15556683519043668-22"},{"ELEMENT":"0.15556683519043668-23"},{"ELEMENT":"0.15556683519043668-24"},{"ELEMENT":"0.15556683519043668-25"},{"ELEMENT":"0.15556683519043668-26"}]}"
10:16:39.519 [Forwarding findElements on session c3efacc14fdcc434caedc12ba53a5d56 to remote] DEBUG org.apache.http.headers - http-outgoing-0 << HTTP/1.1 200 OK
10:16:39.519 [Forwarding findElements on session c3efacc14fdcc434caedc12ba53a5d56 to remote] DEBUG org.apache.http.headers - http-outgoing-0 << Content-Length:661
10:16:39.519 [Forwarding findElements on session c3efacc14fdcc434caedc12ba53a5d56 to remote] DEBUG org.apache.http.headers - http-outgoing-0 << Content-Type:application/json; charset=utf-8
10:16:39.519 [Forwarding findElements on session c3efacc14fdcc434caedc12ba53a5d56 to remote] DEBUG org.apache.http.impl.execchain.MainClientExec - Connection can be kept alive indefinitely
10:16:39.519 [Forwarding findElements on session c3efacc14fdcc434caedc12ba53a5d56 to remote] DEBUG org.apache.http.impl.conn.PoolingHttpClientConnectionManager - Connection [id: 0][route: {}->http://localhost:38510] can be kept alive indefinitely
10:16:39.519 [Forwarding findElements on session c3efacc14fdcc434caedc12ba53a5d56 to remote] DEBUG org.apache.http.impl.conn.PoolingHttpClientConnectionManager - Connection released: [id: 0][route: {}->http://localhost:38510][total kept alive: 1; route allocated: 1 of 2000; total allocated: 1 of 2000]
10:16:39.521 [Forwarding getElementText on session c3efacc14fdcc434caedc12ba53a5d56 to remote] DEBUG org.apache.http.client.protocol.RequestAddCookies - CookieSpec selected: default
10:16:39.521 [Forwarding getElementText on session c3efacc14fdcc434caedc12ba53a5d56 to remote] DEBUG org.apache.http.client.protocol.RequestAuthCache - Auth cache not set in the context
10:16:39.521 [Forwarding getElementText on session c3efacc14fdcc434caedc12ba53a5d56 to remote] DEBUG org.apache.http.impl.conn.PoolingHttpClientConnectionManager - Connection request: [route: {}->http://localhost:38510][total kept alive: 1; route allocated: 1 of 2000; total allocated: 1 of 2000]
10:16:39.521 [Forwarding getElementText on session c3efacc14fdcc434caedc12ba53a5d56 to remote] DEBUG org.apache.http.impl.conn.PoolingHttpClientConnectionManager - Connection leased: [id: 0][route: {}->http://localhost:38510][total kept alive: 0; route allocated: 1 of 2000; total allocated: 1 of 2000]
10:16:39.521 [Forwarding getElementText on session c3efacc14fdcc434caedc12ba53a5d56 to remote] DEBUG org.apache.http.impl.execchain.MainClientExec - Stale connection check
10:16:39.525 [Forwarding getElementText on session c3efacc14fdcc434caedc12ba53a5d56 to remote] DEBUG org.apache.http.wire - http-outgoing-0 << "[read] I/O error: Read timed out"
10:16:39.525 [Forwarding getElementText on session c3efacc14fdcc434caedc12ba53a5d56 to remote] DEBUG org.apache.http.impl.conn.DefaultManagedHttpClientConnection - http-outgoing-0: set socket timeout to 10800000
10:16:39.525 [Forwarding getElementText on session c3efacc14fdcc434caedc12ba53a5d56 to remote] DEBUG org.apache.http.impl.execchain.MainClientExec - Executing request GET /session/c3efacc14fdcc434caedc12ba53a5d56/element/0.15556683519043668-12/text HTTP/1.1
10:16:39.525 [Forwarding getElementText on session c3efacc14fdcc434caedc12ba53a5d56 to remote] DEBUG org.apache.http.impl.execchain.MainClientExec - Target auth state: UNCHALLENGED
10:16:39.525 [Forwarding getElementText on session c3efacc14fdcc434caedc12ba53a5d56 to remote] DEBUG org.apache.http.impl.execchain.MainClientExec - Proxy auth state: UNCHALLENGED
10:16:39.525 [Forwarding getElementText on session c3efacc14fdcc434caedc12ba53a5d56 to remote] DEBUG org.apache.http.headers - http-outgoing-0 >> GET /session/c3efacc14fdcc434caedc12ba53a5d56/element/0.15556683519043668-12/text HTTP/1.1
10:16:39.525 [Forwarding getElementText on session c3efacc14fdcc434caedc12ba53a5d56 to remote] DEBUG org.apache.http.headers - http-outgoing-0 >> Cache-Control: no-cache
10:16:39.525 [Forwarding getElementText on session c3efacc14fdcc434caedc12ba53a5d56 to remote] DEBUG org.apache.http.headers - http-outgoing-0 >> Host: localhost:38510
10:16:39.525 [Forwarding getElementText on session c3efacc14fdcc434caedc12ba53a5d56 to remote] DEBUG org.apache.http.headers - http-outgoing-0 >> Connection: Keep-Alive
10:16:39.525 [Forwarding getElementText on session c3efacc14fdcc434caedc12ba53a5d56 to remote] DEBUG org.apache.http.headers - http-outgoing-0 >> User-Agent: Apache-HttpClient/4.5.2 (Java/1.8.0_162)
10:16:39.525 [Forwarding getElementText on session c3efacc14fdcc434caedc12ba53a5d56 to remote] DEBUG org.apache.http.headers - http-outgoing-0 >> Accept-Encoding: gzip,deflate
10:16:39.525 [Forwarding getElementText on session c3efacc14fdcc434caedc12ba53a5d56 to remote] DEBUG org.apache.http.wire - http-outgoing-0 >> "GET /session/c3efacc14fdcc434caedc12ba53a5d56/element/0.15556683519043668-12/text HTTP/1.1[\r][\n]"
10:16:39.525 [Forwarding getElementText on session c3efacc14fdcc434caedc12ba53a5d56 to remote] DEBUG org.apache.http.wire - http-outgoing-0 >> "Cache-Control: no-cache[\r][\n]"
10:16:39.525 [Forwarding getElementText on session c3efacc14fdcc434caedc12ba53a5d56 to remote] DEBUG org.apache.http.wire - http-outgoing-0 >> "Host: localhost:38510[\r][\n]"
10:16:39.525 [Forwarding getElementText on session c3efacc14fdcc434caedc12ba53a5d56 to remote] DEBUG org.apache.http.wire - http-outgoing-0 >> "Connection: Keep-Alive[\r][\n]"
10:16:39.525 [Forwarding getElementText on session c3efacc14fdcc434caedc12ba53a5d56 to remote] DEBUG org.apache.http.wire - http-outgoing-0 >> "User-Agent: Apache-HttpClient/4.5.2 (Java/1.8.0_162)[\r][\n]"
10:16:39.525 [Forwarding getElementText on session c3efacc14fdcc434caedc12ba53a5d56 to remote] DEBUG org.apache.http.wire - http-outgoing-0 >> "Accept-Encoding: gzip,deflate[\r][\n]"
10:16:39.525 [Forwarding getElementText on session c3efacc14fdcc434caedc12ba53a5d56 to remote] DEBUG org.apache.http.wire - http-outgoing-0 >> "[\r][\n]"
10:16:39.535 [Forwarding getElementText on session c3efacc14fdcc434caedc12ba53a5d56 to remote] DEBUG org.apache.http.wire - http-outgoing-0 << "HTTP/1.1 200 OK[\r][\n]"
10:16:39.535 [Forwarding getElementText on session c3efacc14fdcc434caedc12ba53a5d56 to remote] DEBUG org.apache.http.wire - http-outgoing-0 << "Content-Length:93[\r][\n]"
10:16:39.535 [Forwarding getElementText on session c3efacc14fdcc434caedc12ba53a5d56 to remote] DEBUG org.apache.http.wire - http-outgoing-0 << "Content-Type:application/json; charset=utf-8[\r][\n]"
10:16:39.535 [Forwarding getElementText on session c3efacc14fdcc434caedc12ba53a5d56 to remote] DEBUG org.apache.http.wire - http-outgoing-0 << "[\r][\n]"
10:16:39.535 [Forwarding getElementText on session c3efacc14fdcc434caedc12ba53a5d56 to remote] DEBUG org.apache.http.wire - http-outgoing-0 << "{"sessionId":"c3efacc14fdcc434caedc12ba53a5d56","status":0,"value":"[0xe8][0xae][0xa1][0xe7][0xae][0x97][0xe6][0x9c][0xba]/[0xe9][0x80][0x9a][0xe4][0xbf][0xa1]/[0xe7][0x94][0xb5][0xe5][0xad][0x90]"}"
10:16:39.535 [Forwarding getElementText on session c3efacc14fdcc434caedc12ba53a5d56 to remote] DEBUG org.apache.http.headers - http-outgoing-0 << HTTP/1.1 200 OK
10:16:39.535 [Forwarding getElementText on session c3efacc14fdcc434caedc12ba53a5d56 to remote] DEBUG org.apache.http.headers - http-outgoing-0 << Content-Length:93
10:16:39.535 [Forwarding getElementText on session c3efacc14fdcc434caedc12ba53a5d56 to remote] DEBUG org.apache.http.headers - http-outgoing-0 << Content-Type:application/json; charset=utf-8
10:16:39.535 [Forwarding getElementText on session c3efacc14fdcc434caedc12ba53a5d56 to remote] DEBUG org.apache.http.impl.execchain.MainClientExec - Connection can be kept alive indefinitely
10:16:39.535 [Forwarding getElementText on session c3efacc14fdcc434caedc12ba53a5d56 to remote] DEBUG org.apache.http.impl.conn.PoolingHttpClientConnectionManager - Connection [id: 0][route: {}->http://localhost:38510] can be kept alive indefinitely
10:16:39.535 [Forwarding getElementText on session c3efacc14fdcc434caedc12ba53a5d56 to remote] DEBUG org.apache.http.impl.conn.PoolingHttpClientConnectionManager - Connection released: [id: 0][route: {}->http://localhost:38510][total kept alive: 1; route allocated: 1 of 2000; total allocated: 1 of 2000]
10:16:39.536 [Forwarding findElements on session c3efacc14fdcc434caedc12ba53a5d56 to remote] DEBUG org.apache.http.client.protocol.RequestAddCookies - CookieSpec selected: default
10:16:39.536 [Forwarding findElements on session c3efacc14fdcc434caedc12ba53a5d56 to remote] DEBUG org.apache.http.client.protocol.RequestAuthCache - Auth cache not set in the context
10:16:39.536 [Forwarding findElements on session c3efacc14fdcc434caedc12ba53a5d56 to remote] DEBUG org.apache.http.impl.conn.PoolingHttpClientConnectionManager - Connection request: [route: {}->http://localhost:38510][total kept alive: 1; route allocated: 1 of 2000; total allocated: 1 of 2000]
10:16:39.536 [Forwarding findElements on session c3efacc14fdcc434caedc12ba53a5d56 to remote] DEBUG org.apache.http.impl.conn.PoolingHttpClientConnectionManager - Connection leased: [id: 0][route: {}->http://localhost:38510][total kept alive: 0; route allocated: 1 of 2000; total allocated: 1 of 2000]
10:16:39.536 [Forwarding findElements on session c3efacc14fdcc434caedc12ba53a5d56 to remote] DEBUG org.apache.http.impl.execchain.MainClientExec - Stale connection check
10:16:39.541 [Forwarding findElements on session c3efacc14fdcc434caedc12ba53a5d56 to remote] DEBUG org.apache.http.wire - http-outgoing-0 << "[read] I/O error: Read timed out"
10:16:39.541 [Forwarding findElements on session c3efacc14fdcc434caedc12ba53a5d56 to remote] DEBUG org.apache.http.impl.conn.DefaultManagedHttpClientConnection - http-outgoing-0: set socket timeout to 10800000
10:16:39.541 [Forwarding findElements on session c3efacc14fdcc434caedc12ba53a5d56 to remote] DEBUG org.apache.http.impl.execchain.MainClientExec - Executing request POST /session/c3efacc14fdcc434caedc12ba53a5d56/elements HTTP/1.1
10:16:39.541 [Forwarding findElements on session c3efacc14fdcc434caedc12ba53a5d56 to remote] DEBUG org.apache.http.impl.execchain.MainClientExec - Target auth state: UNCHALLENGED
10:16:39.541 [Forwarding findElements on session c3efacc14fdcc434caedc12ba53a5d56 to remote] DEBUG org.apache.http.impl.execchain.MainClientExec - Proxy auth state: UNCHALLENGED
10:16:39.541 [Forwarding findElements on session c3efacc14fdcc434caedc12ba53a5d56 to remote] DEBUG org.apache.http.headers - http-outgoing-0 >> POST /session/c3efacc14fdcc434caedc12ba53a5d56/elements HTTP/1.1
10:16:39.541 [Forwarding findElements on session c3efacc14fdcc434caedc12ba53a5d56 to remote] DEBUG org.apache.http.headers - http-outgoing-0 >> Content-Type: application/json; charset=utf-8
10:16:39.541 [Forwarding findElements on session c3efacc14fdcc434caedc12ba53a5d56 to remote] DEBUG org.apache.http.headers - http-outgoing-0 >> Content-Length: 55
10:16:39.541 [Forwarding findElements on session c3efacc14fdcc434caedc12ba53a5d56 to remote] DEBUG org.apache.http.headers - http-outgoing-0 >> Host: localhost:38510
10:16:39.541 [Forwarding findElements on session c3efacc14fdcc434caedc12ba53a5d56 to remote] DEBUG org.apache.http.headers - http-outgoing-0 >> Connection: Keep-Alive
10:16:39.541 [Forwarding findElements on session c3efacc14fdcc434caedc12ba53a5d56 to remote] DEBUG org.apache.http.headers - http-outgoing-0 >> User-Agent: Apache-HttpClient/4.5.2 (Java/1.8.0_162)
10:16:39.541 [Forwarding findElements on session c3efacc14fdcc434caedc12ba53a5d56 to remote] DEBUG org.apache.http.headers - http-outgoing-0 >> Accept-Encoding: gzip,deflate
10:16:39.541 [Forwarding findElements on session c3efacc14fdcc434caedc12ba53a5d56 to remote] DEBUG org.apache.http.wire - http-outgoing-0 >> "POST /session/c3efacc14fdcc434caedc12ba53a5d56/elements HTTP/1.1[\r][\n]"
10:16:39.541 [Forwarding findElements on session c3efacc14fdcc434caedc12ba53a5d56 to remote] DEBUG org.apache.http.wire - http-outgoing-0 >> "Content-Type: application/json; charset=utf-8[\r][\n]"
10:16:39.541 [Forwarding findElements on session c3efacc14fdcc434caedc12ba53a5d56 to remote] DEBUG org.apache.http.wire - http-outgoing-0 >> "Content-Length: 55[\r][\n]"
10:16:39.541 [Forwarding findElements on session c3efacc14fdcc434caedc12ba53a5d56 to remote] DEBUG org.apache.http.wire - http-outgoing-0 >> "Host: localhost:38510[\r][\n]"
10:16:39.541 [Forwarding findElements on session c3efacc14fdcc434caedc12ba53a5d56 to remote] DEBUG org.apache.http.wire - http-outgoing-0 >> "Connection: Keep-Alive[\r][\n]"
10:16:39.541 [Forwarding findElements on session c3efacc14fdcc434caedc12ba53a5d56 to remote] DEBUG org.apache.http.wire - http-outgoing-0 >> "User-Agent: Apache-HttpClient/4.5.2 (Java/1.8.0_162)[\r][\n]"
10:16:39.541 [Forwarding findElements on session c3efacc14fdcc434caedc12ba53a5d56 to remote] DEBUG org.apache.http.wire - http-outgoing-0 >> "Accept-Encoding: gzip,deflate[\r][\n]"
10:16:39.541 [Forwarding findElements on session c3efacc14fdcc434caedc12ba53a5d56 to remote] DEBUG org.apache.http.wire - http-outgoing-0 >> "[\r][\n]"
10:16:39.541 [Forwarding findElements on session c3efacc14fdcc434caedc12ba53a5d56 to remote] DEBUG org.apache.http.wire - http-outgoing-0 >> "{"using":"class name","value":"industry-catelogs-item"}"
10:16:39.546 [Forwarding findElements on session c3efacc14fdcc434caedc12ba53a5d56 to remote] DEBUG org.apache.http.wire - http-outgoing-0 << "HTTP/1.1 200 OK[\r][\n]"
10:16:39.546 [Forwarding findElements on session c3efacc14fdcc434caedc12ba53a5d56 to remote] DEBUG org.apache.http.wire - http-outgoing-0 << "Content-Length:661[\r][\n]"
10:16:39.546 [Forwarding findElements on session c3efacc14fdcc434caedc12ba53a5d56 to remote] DEBUG org.apache.http.wire - http-outgoing-0 << "Content-Type:application/json; charset=utf-8[\r][\n]"
10:16:39.546 [Forwarding findElements on session c3efacc14fdcc434caedc12ba53a5d56 to remote] DEBUG org.apache.http.wire - http-outgoing-0 << "[\r][\n]"
10:16:39.546 [Forwarding findElements on session c3efacc14fdcc434caedc12ba53a5d56 to remote] DEBUG org.apache.http.wire - http-outgoing-0 << "{"sessionId":"c3efacc14fdcc434caedc12ba53a5d56","status":0,"value":[{"ELEMENT":"0.15556683519043668-11"},{"ELEMENT":"0.15556683519043668-12"},{"ELEMENT":"0.15556683519043668-13"},{"ELEMENT":"0.15556683519043668-14"},{"ELEMENT":"0.15556683519043668-15"},{"ELEMENT":"0.15556683519043668-16"},{"ELEMENT":"0.15556683519043668-17"},{"ELEMENT":"0.15556683519043668-18"},{"ELEMENT":"0.15556683519043668-19"},{"ELEMENT":"0.15556683519043668-20"},{"ELEMENT":"0.15556683519043668-21"},{"ELEMENT":"0.15556683519043668-22"},{"ELEMENT":"0.15556683519043668-23"},{"ELEMENT":"0.15556683519043668-24"},{"ELEMENT":"0.15556683519043668-25"},{"ELEMENT":"0.15556683519043668-26"}]}"
10:16:39.546 [Forwarding findElements on session c3efacc14fdcc434caedc12ba53a5d56 to remote] DEBUG org.apache.http.headers - http-outgoing-0 << HTTP/1.1 200 OK
10:16:39.546 [Forwarding findElements on session c3efacc14fdcc434caedc12ba53a5d56 to remote] DEBUG org.apache.http.headers - http-outgoing-0 << Content-Length:661
10:16:39.546 [Forwarding findElements on session c3efacc14fdcc434caedc12ba53a5d56 to remote] DEBUG org.apache.http.headers - http-outgoing-0 << Content-Type:application/json; charset=utf-8
10:16:39.546 [Forwarding findElements on session c3efacc14fdcc434caedc12ba53a5d56 to remote] DEBUG org.apache.http.impl.execchain.MainClientExec - Connection can be kept alive indefinitely
10:16:39.546 [Forwarding findElements on session c3efacc14fdcc434caedc12ba53a5d56 to remote] DEBUG org.apache.http.impl.conn.PoolingHttpClientConnectionManager - Connection [id: 0][route: {}->http://localhost:38510] can be kept alive indefinitely
10:16:39.546 [Forwarding findElements on session c3efacc14fdcc434caedc12ba53a5d56 to remote] DEBUG org.apache.http.impl.conn.PoolingHttpClientConnectionManager - Connection released: [id: 0][route: {}->http://localhost:38510][total kept alive: 1; route allocated: 1 of 2000; total allocated: 1 of 2000]
10:16:39.548 [Forwarding getElementText on session c3efacc14fdcc434caedc12ba53a5d56 to remote] DEBUG org.apache.http.client.protocol.RequestAddCookies - CookieSpec selected: default
10:16:39.548 [Forwarding getElementText on session c3efacc14fdcc434caedc12ba53a5d56 to remote] DEBUG org.apache.http.client.protocol.RequestAuthCache - Auth cache not set in the context
10:16:39.548 [Forwarding getElementText on session c3efacc14fdcc434caedc12ba53a5d56 to remote] DEBUG org.apache.http.impl.conn.PoolingHttpClientConnectionManager - Connection request: [route: {}->http://localhost:38510][total kept alive: 1; route allocated: 1 of 2000; total allocated: 1 of 2000]
10:16:39.548 [Forwarding getElementText on session c3efacc14fdcc434caedc12ba53a5d56 to remote] DEBUG org.apache.http.impl.conn.PoolingHttpClientConnectionManager - Connection leased: [id: 0][route: {}->http://localhost:38510][total kept alive: 0; route allocated: 1 of 2000; total allocated: 1 of 2000]
10:16:39.548 [Forwarding getElementText on session c3efacc14fdcc434caedc12ba53a5d56 to remote] DEBUG org.apache.http.impl.execchain.MainClientExec - Stale connection check
10:16:39.556 [Forwarding getElementText on session c3efacc14fdcc434caedc12ba53a5d56 to remote] DEBUG org.apache.http.wire - http-outgoing-0 << "[read] I/O error: Read timed out"
10:16:39.556 [Forwarding getElementText on session c3efacc14fdcc434caedc12ba53a5d56 to remote] DEBUG org.apache.http.impl.conn.DefaultManagedHttpClientConnection - http-outgoing-0: set socket timeout to 10800000
10:16:39.556 [Forwarding getElementText on session c3efacc14fdcc434caedc12ba53a5d56 to remote] DEBUG org.apache.http.impl.execchain.MainClientExec - Executing request GET /session/c3efacc14fdcc434caedc12ba53a5d56/element/0.15556683519043668-13/text HTTP/1.1
10:16:39.556 [Forwarding getElementText on session c3efacc14fdcc434caedc12ba53a5d56 to remote] DEBUG org.apache.http.impl.execchain.MainClientExec - Target auth state: UNCHALLENGED
10:16:39.556 [Forwarding getElementText on session c3efacc14fdcc434caedc12ba53a5d56 to remote] DEBUG org.apache.http.impl.execchain.MainClientExec - Proxy auth state: UNCHALLENGED
10:16:39.556 [Forwarding getElementText on session c3efacc14fdcc434caedc12ba53a5d56 to remote] DEBUG org.apache.http.headers - http-outgoing-0 >> GET /session/c3efacc14fdcc434caedc12ba53a5d56/element/0.15556683519043668-13/text HTTP/1.1
10:16:39.556 [Forwarding getElementText on session c3efacc14fdcc434caedc12ba53a5d56 to remote] DEBUG org.apache.http.headers - http-outgoing-0 >> Cache-Control: no-cache
10:16:39.556 [Forwarding getElementText on session c3efacc14fdcc434caedc12ba53a5d56 to remote] DEBUG org.apache.http.headers - http-outgoing-0 >> Host: localhost:38510
10:16:39.556 [Forwarding getElementText on session c3efacc14fdcc434caedc12ba53a5d56 to remote] DEBUG org.apache.http.headers - http-outgoing-0 >> Connection: Keep-Alive
10:16:39.556 [Forwarding getElementText on session c3efacc14fdcc434caedc12ba53a5d56 to remote] DEBUG org.apache.http.headers - http-outgoing-0 >> User-Agent: Apache-HttpClient/4.5.2 (Java/1.8.0_162)
10:16:39.556 [Forwarding getElementText on session c3efacc14fdcc434caedc12ba53a5d56 to remote] DEBUG org.apache.http.headers - http-outgoing-0 >> Accept-Encoding: gzip,deflate
10:16:39.556 [Forwarding getElementText on session c3efacc14fdcc434caedc12ba53a5d56 to remote] DEBUG org.apache.http.wire - http-outgoing-0 >> "GET /session/c3efacc14fdcc434caedc12ba53a5d56/element/0.15556683519043668-13/text HTTP/1.1[\r][\n]"
10:16:39.556 [Forwarding getElementText on session c3efacc14fdcc434caedc12ba53a5d56 to remote] DEBUG org.apache.http.wire - http-outgoing-0 >> "Cache-Control: no-cache[\r][\n]"
10:16:39.556 [Forwarding getElementText on session c3efacc14fdcc434caedc12ba53a5d56 to remote] DEBUG org.apache.http.wire - http-outgoing-0 >> "Host: localhost:38510[\r][\n]"
10:16:39.556 [Forwarding getElementText on session c3efacc14fdcc434caedc12ba53a5d56 to remote] DEBUG org.apache.http.wire - http-outgoing-0 >> "Connection: Keep-Alive[\r][\n]"
10:16:39.556 [Forwarding getElementText on session c3efacc14fdcc434caedc12ba53a5d56 to remote] DEBUG org.apache.http.wire - http-outgoing-0 >> "User-Agent: Apache-HttpClient/4.5.2 (Java/1.8.0_162)[\r][\n]"
10:16:39.556 [Forwarding getElementText on session c3efacc14fdcc434caedc12ba53a5d56 to remote] DEBUG org.apache.http.wire - http-outgoing-0 >> "Accept-Encoding: gzip,deflate[\r][\n]"
10:16:39.556 [Forwarding getElementText on session c3efacc14fdcc434caedc12ba53a5d56 to remote] DEBUG org.apache.http.wire - http-outgoing-0 >> "[\r][\n]"
10:16:39.566 [Forwarding getElementText on session c3efacc14fdcc434caedc12ba53a5d56 to remote] DEBUG org.apache.http.wire - http-outgoing-0 << "HTTP/1.1 200 OK[\r][\n]"
10:16:39.566 [Forwarding getElementText on session c3efacc14fdcc434caedc12ba53a5d56 to remote] DEBUG org.apache.http.wire - http-outgoing-0 << "Content-Length:76[\r][\n]"
10:16:39.566 [Forwarding getElementText on session c3efacc14fdcc434caedc12ba53a5d56 to remote] DEBUG org.apache.http.wire - http-outgoing-0 << "Content-Type:application/json; charset=utf-8[\r][\n]"
10:16:39.566 [Forwarding getElementText on session c3efacc14fdcc434caedc12ba53a5d56 to remote] DEBUG org.apache.http.wire - http-outgoing-0 << "[\r][\n]"
10:16:39.566 [Forwarding getElementText on session c3efacc14fdcc434caedc12ba53a5d56 to remote] DEBUG org.apache.http.wire - http-outgoing-0 << "{"sessionId":"c3efacc14fdcc434caedc12ba53a5d56","status":0,"value":"[0xe9][0x87][0x91][0xe8][0x9e][0x8d]"}"
10:16:39.566 [Forwarding getElementText on session c3efacc14fdcc434caedc12ba53a5d56 to remote] DEBUG org.apache.http.headers - http-outgoing-0 << HTTP/1.1 200 OK
10:16:39.566 [Forwarding getElementText on session c3efacc14fdcc434caedc12ba53a5d56 to remote] DEBUG org.apache.http.headers - http-outgoing-0 << Content-Length:76
10:16:39.566 [Forwarding getElementText on session c3efacc14fdcc434caedc12ba53a5d56 to remote] DEBUG org.apache.http.headers - http-outgoing-0 << Content-Type:application/json; charset=utf-8
10:16:39.566 [Forwarding getElementText on session c3efacc14fdcc434caedc12ba53a5d56 to remote] DEBUG org.apache.http.impl.execchain.MainClientExec - Connection can be kept alive indefinitely
10:16:39.566 [Forwarding getElementText on session c3efacc14fdcc434caedc12ba53a5d56 to remote] DEBUG org.apache.http.impl.conn.PoolingHttpClientConnectionManager - Connection [id: 0][route: {}->http://localhost:38510] can be kept alive indefinitely
10:16:39.566 [Forwarding getElementText on session c3efacc14fdcc434caedc12ba53a5d56 to remote] DEBUG org.apache.http.impl.conn.PoolingHttpClientConnectionManager - Connection released: [id: 0][route: {}->http://localhost:38510][total kept alive: 1; route allocated: 1 of 2000; total allocated: 1 of 2000]
10:16:39.567 [Forwarding findElements on session c3efacc14fdcc434caedc12ba53a5d56 to remote] DEBUG org.apache.http.client.protocol.RequestAddCookies - CookieSpec selected: default
10:16:39.567 [Forwarding findElements on session c3efacc14fdcc434caedc12ba53a5d56 to remote] DEBUG org.apache.http.client.protocol.RequestAuthCache - Auth cache not set in the context
10:16:39.567 [Forwarding findElements on session c3efacc14fdcc434caedc12ba53a5d56 to remote] DEBUG org.apache.http.impl.conn.PoolingHttpClientConnectionManager - Connection request: [route: {}->http://localhost:38510][total kept alive: 1; route allocated: 1 of 2000; total allocated: 1 of 2000]
10:16:39.567 [Forwarding findElements on session c3efacc14fdcc434caedc12ba53a5d56 to remote] DEBUG org.apache.http.impl.conn.PoolingHttpClientConnectionManager - Connection leased: [id: 0][route: {}->http://localhost:38510][total kept alive: 0; route allocated: 1 of 2000; total allocated: 1 of 2000]
10:16:39.567 [Forwarding findElements on session c3efacc14fdcc434caedc12ba53a5d56 to remote] DEBUG org.apache.http.impl.execchain.MainClientExec - Stale connection check
10:16:39.572 [Forwarding findElements on session c3efacc14fdcc434caedc12ba53a5d56 to remote] DEBUG org.apache.http.wire - http-outgoing-0 << "[read] I/O error: Read timed out"
10:16:39.572 [Forwarding findElements on session c3efacc14fdcc434caedc12ba53a5d56 to remote] DEBUG org.apache.http.impl.conn.DefaultManagedHttpClientConnection - http-outgoing-0: set socket timeout to 10800000
10:16:39.572 [Forwarding findElements on session c3efacc14fdcc434caedc12ba53a5d56 to remote] DEBUG org.apache.http.impl.execchain.MainClientExec - Executing request POST /session/c3efacc14fdcc434caedc12ba53a5d56/elements HTTP/1.1
10:16:39.572 [Forwarding findElements on session c3efacc14fdcc434caedc12ba53a5d56 to remote] DEBUG org.apache.http.impl.execchain.MainClientExec - Target auth state: UNCHALLENGED
10:16:39.572 [Forwarding findElements on session c3efacc14fdcc434caedc12ba53a5d56 to remote] DEBUG org.apache.http.impl.execchain.MainClientExec - Proxy auth state: UNCHALLENGED
10:16:39.572 [Forwarding findElements on session c3efacc14fdcc434caedc12ba53a5d56 to remote] DEBUG org.apache.http.headers - http-outgoing-0 >> POST /session/c3efacc14fdcc434caedc12ba53a5d56/elements HTTP/1.1
10:16:39.572 [Forwarding findElements on session c3efacc14fdcc434caedc12ba53a5d56 to remote] DEBUG org.apache.http.headers - http-outgoing-0 >> Content-Type: application/json; charset=utf-8
10:16:39.572 [Forwarding findElements on session c3efacc14fdcc434caedc12ba53a5d56 to remote] DEBUG org.apache.http.headers - http-outgoing-0 >> Content-Length: 55
10:16:39.572 [Forwarding findElements on session c3efacc14fdcc434caedc12ba53a5d56 to remote] DEBUG org.apache.http.headers - http-outgoing-0 >> Host: localhost:38510
10:16:39.572 [Forwarding findElements on session c3efacc14fdcc434caedc12ba53a5d56 to remote] DEBUG org.apache.http.headers - http-outgoing-0 >> Connection: Keep-Alive
10:16:39.572 [Forwarding findElements on session c3efacc14fdcc434caedc12ba53a5d56 to remote] DEBUG org.apache.http.headers - http-outgoing-0 >> User-Agent: Apache-HttpClient/4.5.2 (Java/1.8.0_162)
10:16:39.572 [Forwarding findElements on session c3efacc14fdcc434caedc12ba53a5d56 to remote] DEBUG org.apache.http.headers - http-outgoing-0 >> Accept-Encoding: gzip,deflate
10:16:39.572 [Forwarding findElements on session c3efacc14fdcc434caedc12ba53a5d56 to remote] DEBUG org.apache.http.wire - http-outgoing-0 >> "POST /session/c3efacc14fdcc434caedc12ba53a5d56/elements HTTP/1.1[\r][\n]"
10:16:39.572 [Forwarding findElements on session c3efacc14fdcc434caedc12ba53a5d56 to remote] DEBUG org.apache.http.wire - http-outgoing-0 >> "Content-Type: application/json; charset=utf-8[\r][\n]"
10:16:39.572 [Forwarding findElements on session c3efacc14fdcc434caedc12ba53a5d56 to remote] DEBUG org.apache.http.wire - http-outgoing-0 >> "Content-Length: 55[\r][\n]"
10:16:39.572 [Forwarding findElements on session c3efacc14fdcc434caedc12ba53a5d56 to remote] DEBUG org.apache.http.wire - http-outgoing-0 >> "Host: localhost:38510[\r][\n]"
10:16:39.572 [Forwarding findElements on session c3efacc14fdcc434caedc12ba53a5d56 to remote] DEBUG org.apache.http.wire - http-outgoing-0 >> "Connection: Keep-Alive[\r][\n]"
10:16:39.572 [Forwarding findElements on session c3efacc14fdcc434caedc12ba53a5d56 to remote] DEBUG org.apache.http.wire - http-outgoing-0 >> "User-Agent: Apache-HttpClient/4.5.2 (Java/1.8.0_162)[\r][\n]"
10:16:39.572 [Forwarding findElements on session c3efacc14fdcc434caedc12ba53a5d56 to remote] DEBUG org.apache.http.wire - http-outgoing-0 >> "Accept-Encoding: gzip,deflate[\r][\n]"
10:16:39.572 [Forwarding findElements on session c3efacc14fdcc434caedc12ba53a5d56 to remote] DEBUG org.apache.http.wire - http-outgoing-0 >> "[\r][\n]"
10:16:39.572 [Forwarding findElements on session c3efacc14fdcc434caedc12ba53a5d56 to remote] DEBUG org.apache.http.wire - http-outgoing-0 >> "{"using":"class name","value":"industry-catelogs-item"}"
10:16:39.576 [Forwarding findElements on session c3efacc14fdcc434caedc12ba53a5d56 to remote] DEBUG org.apache.http.wire - http-outgoing-0 << "HTTP/1.1 200 OK[\r][\n]"
10:16:39.577 [Forwarding findElements on session c3efacc14fdcc434caedc12ba53a5d56 to remote] DEBUG org.apache.http.wire - http-outgoing-0 << "Content-Length:661[\r][\n]"
10:16:39.577 [Forwarding findElements on session c3efacc14fdcc434caedc12ba53a5d56 to remote] DEBUG org.apache.http.wire - http-outgoing-0 << "Content-Type:application/json; charset=utf-8[\r][\n]"
10:16:39.577 [Forwarding findElements on session c3efacc14fdcc434caedc12ba53a5d56 to remote] DEBUG org.apache.http.wire - http-outgoing-0 << "[\r][\n]"
10:16:39.577 [Forwarding findElements on session c3efacc14fdcc434caedc12ba53a5d56 to remote] DEBUG org.apache.http.wire - http-outgoing-0 << "{"sessionId":"c3efacc14fdcc434caedc12ba53a5d56","status":0,"value":[{"ELEMENT":"0.15556683519043668-11"},{"ELEMENT":"0.15556683519043668-12"},{"ELEMENT":"0.15556683519043668-13"},{"ELEMENT":"0.15556683519043668-14"},{"ELEMENT":"0.15556683519043668-15"},{"ELEMENT":"0.15556683519043668-16"},{"ELEMENT":"0.15556683519043668-17"},{"ELEMENT":"0.15556683519043668-18"},{"ELEMENT":"0.15556683519043668-19"},{"ELEMENT":"0.15556683519043668-20"},{"ELEMENT":"0.15556683519043668-21"},{"ELEMENT":"0.15556683519043668-22"},{"ELEMENT":"0.15556683519043668-23"},{"ELEMENT":"0.15556683519043668-24"},{"ELEMENT":"0.15556683519043668-25"},{"ELEMENT":"0.15556683519043668-26"}]}"
10:16:39.577 [Forwarding findElements on session c3efacc14fdcc434caedc12ba53a5d56 to remote] DEBUG org.apache.http.headers - http-outgoing-0 << HTTP/1.1 200 OK
10:16:39.577 [Forwarding findElements on session c3efacc14fdcc434caedc12ba53a5d56 to remote] DEBUG org.apache.http.headers - http-outgoing-0 << Content-Length:661
10:16:39.577 [Forwarding findElements on session c3efacc14fdcc434caedc12ba53a5d56 to remote] DEBUG org.apache.http.headers - http-outgoing-0 << Content-Type:application/json; charset=utf-8
10:16:39.577 [Forwarding findElements on session c3efacc14fdcc434caedc12ba53a5d56 to remote] DEBUG org.apache.http.impl.execchain.MainClientExec - Connection can be kept alive indefinitely
10:16:39.577 [Forwarding findElements on session c3efacc14fdcc434caedc12ba53a5d56 to remote] DEBUG org.apache.http.impl.conn.PoolingHttpClientConnectionManager - Connection [id: 0][route: {}->http://localhost:38510] can be kept alive indefinitely
10:16:39.577 [Forwarding findElements on session c3efacc14fdcc434caedc12ba53a5d56 to remote] DEBUG org.apache.http.impl.conn.PoolingHttpClientConnectionManager - Connection released: [id: 0][route: {}->http://localhost:38510][total kept alive: 1; route allocated: 1 of 2000; total allocated: 1 of 2000]
10:16:39.579 [Forwarding getElementText on session c3efacc14fdcc434caedc12ba53a5d56 to remote] DEBUG org.apache.http.client.protocol.RequestAddCookies - CookieSpec selected: default
10:16:39.579 [Forwarding getElementText on session c3efacc14fdcc434caedc12ba53a5d56 to remote] DEBUG org.apache.http.client.protocol.RequestAuthCache - Auth cache not set in the context
10:16:39.579 [Forwarding getElementText on session c3efacc14fdcc434caedc12ba53a5d56 to remote] DEBUG org.apache.http.impl.conn.PoolingHttpClientConnectionManager - Connection request: [route: {}->http://localhost:38510][total kept alive: 1; route allocated: 1 of 2000; total allocated: 1 of 2000]
10:16:39.579 [Forwarding getElementText on session c3efacc14fdcc434caedc12ba53a5d56 to remote] DEBUG org.apache.http.impl.conn.PoolingHttpClientConnectionManager - Connection leased: [id: 0][route: {}->http://localhost:38510][total kept alive: 0; route allocated: 1 of 2000; total allocated: 1 of 2000]
10:16:39.579 [Forwarding getElementText on session c3efacc14fdcc434caedc12ba53a5d56 to remote] DEBUG org.apache.http.impl.execchain.MainClientExec - Stale connection check
10:16:39.588 [Forwarding getElementText on session c3efacc14fdcc434caedc12ba53a5d56 to remote] DEBUG org.apache.http.wire - http-outgoing-0 << "[read] I/O error: Read timed out"
10:16:39.588 [Forwarding getElementText on session c3efacc14fdcc434caedc12ba53a5d56 to remote] DEBUG org.apache.http.impl.conn.DefaultManagedHttpClientConnection - http-outgoing-0: set socket timeout to 10800000
10:16:39.588 [Forwarding getElementText on session c3efacc14fdcc434caedc12ba53a5d56 to remote] DEBUG org.apache.http.impl.execchain.MainClientExec - Executing request GET /session/c3efacc14fdcc434caedc12ba53a5d56/element/0.15556683519043668-14/text HTTP/1.1
10:16:39.588 [Forwarding getElementText on session c3efacc14fdcc434caedc12ba53a5d56 to remote] DEBUG org.apache.http.impl.execchain.MainClientExec - Target auth state: UNCHALLENGED
10:16:39.588 [Forwarding getElementText on session c3efacc14fdcc434caedc12ba53a5d56 to remote] DEBUG org.apache.http.impl.execchain.MainClientExec - Proxy auth state: UNCHALLENGED
10:16:39.588 [Forwarding getElementText on session c3efacc14fdcc434caedc12ba53a5d56 to remote] DEBUG org.apache.http.headers - http-outgoing-0 >> GET /session/c3efacc14fdcc434caedc12ba53a5d56/element/0.15556683519043668-14/text HTTP/1.1
10:16:39.588 [Forwarding getElementText on session c3efacc14fdcc434caedc12ba53a5d56 to remote] DEBUG org.apache.http.headers - http-outgoing-0 >> Cache-Control: no-cache
10:16:39.588 [Forwarding getElementText on session c3efacc14fdcc434caedc12ba53a5d56 to remote] DEBUG org.apache.http.headers - http-outgoing-0 >> Host: localhost:38510
10:16:39.588 [Forwarding getElementText on session c3efacc14fdcc434caedc12ba53a5d56 to remote] DEBUG org.apache.http.headers - http-outgoing-0 >> Connection: Keep-Alive
10:16:39.588 [Forwarding getElementText on session c3efacc14fdcc434caedc12ba53a5d56 to remote] DEBUG org.apache.http.headers - http-outgoing-0 >> User-Agent: Apache-HttpClient/4.5.2 (Java/1.8.0_162)
10:16:39.588 [Forwarding getElementText on session c3efacc14fdcc434caedc12ba53a5d56 to remote] DEBUG org.apache.http.headers - http-outgoing-0 >> Accept-Encoding: gzip,deflate
10:16:39.588 [Forwarding getElementText on session c3efacc14fdcc434caedc12ba53a5d56 to remote] DEBUG org.apache.http.wire - http-outgoing-0 >> "GET /session/c3efacc14fdcc434caedc12ba53a5d56/element/0.15556683519043668-14/text HTTP/1.1[\r][\n]"
10:16:39.588 [Forwarding getElementText on session c3efacc14fdcc434caedc12ba53a5d56 to remote] DEBUG org.apache.http.wire - http-outgoing-0 >> "Cache-Control: no-cache[\r][\n]"
10:16:39.588 [Forwarding getElementText on session c3efacc14fdcc434caedc12ba53a5d56 to remote] DEBUG org.apache.http.wire - http-outgoing-0 >> "Host: localhost:38510[\r][\n]"
10:16:39.588 [Forwarding getElementText on session c3efacc14fdcc434caedc12ba53a5d56 to remote] DEBUG org.apache.http.wire - http-outgoing-0 >> "Connection: Keep-Alive[\r][\n]"
10:16:39.588 [Forwarding getElementText on session c3efacc14fdcc434caedc12ba53a5d56 to remote] DEBUG org.apache.http.wire - http-outgoing-0 >> "User-Agent: Apache-HttpClient/4.5.2 (Java/1.8.0_162)[\r][\n]"
10:16:39.588 [Forwarding getElementText on session c3efacc14fdcc434caedc12ba53a5d56 to remote] DEBUG org.apache.http.wire - http-outgoing-0 >> "Accept-Encoding: gzip,deflate[\r][\n]"
10:16:39.588 [Forwarding getElementText on session c3efacc14fdcc434caedc12ba53a5d56 to remote] DEBUG org.apache.http.wire - http-outgoing-0 >> "[\r][\n]"
10:16:39.598 [Forwarding getElementText on session c3efacc14fdcc434caedc12ba53a5d56 to remote] DEBUG org.apache.http.wire - http-outgoing-0 << "HTTP/1.1 200 OK[\r][\n]"
10:16:39.599 [Forwarding getElementText on session c3efacc14fdcc434caedc12ba53a5d56 to remote] DEBUG org.apache.http.wire - http-outgoing-0 << "Content-Length:90[\r][\n]"
10:16:39.599 [Forwarding getElementText on session c3efacc14fdcc434caedc12ba53a5d56 to remote] DEBUG org.apache.http.wire - http-outgoing-0 << "Content-Type:application/json; charset=utf-8[\r][\n]"
10:16:39.599 [Forwarding getElementText on session c3efacc14fdcc434caedc12ba53a5d56 to remote] DEBUG org.apache.http.wire - http-outgoing-0 << "[\r][\n]"
10:16:39.599 [Forwarding getElementText on session c3efacc14fdcc434caedc12ba53a5d56 to remote] DEBUG org.apache.http.wire - http-outgoing-0 << "{"sessionId":"c3efacc14fdcc434caedc12ba53a5d56","status":0,"value":"[0xe4][0xba][0xa4][0xe9][0x80][0x9a]/[0xe8][0xb4][0xb8][0xe6][0x98][0x93]/[0xe7][0x89][0xa9][0xe6][0xb5][0x81]"}"
10:16:39.599 [Forwarding getElementText on session c3efacc14fdcc434caedc12ba53a5d56 to remote] DEBUG org.apache.http.headers - http-outgoing-0 << HTTP/1.1 200 OK
10:16:39.599 [Forwarding getElementText on session c3efacc14fdcc434caedc12ba53a5d56 to remote] DEBUG org.apache.http.headers - http-outgoing-0 << Content-Length:90
10:16:39.599 [Forwarding getElementText on session c3efacc14fdcc434caedc12ba53a5d56 to remote] DEBUG org.apache.http.headers - http-outgoing-0 << Content-Type:application/json; charset=utf-8
10:16:39.599 [Forwarding getElementText on session c3efacc14fdcc434caedc12ba53a5d56 to remote] DEBUG org.apache.http.impl.execchain.MainClientExec - Connection can be kept alive indefinitely
10:16:39.599 [Forwarding getElementText on session c3efacc14fdcc434caedc12ba53a5d56 to remote] DEBUG org.apache.http.impl.conn.PoolingHttpClientConnectionManager - Connection [id: 0][route: {}->http://localhost:38510] can be kept alive indefinitely
10:16:39.599 [Forwarding getElementText on session c3efacc14fdcc434caedc12ba53a5d56 to remote] DEBUG org.apache.http.impl.conn.PoolingHttpClientConnectionManager - Connection released: [id: 0][route: {}->http://localhost:38510][total kept alive: 1; route allocated: 1 of 2000; total allocated: 1 of 2000]
10:16:39.600 [Forwarding findElements on session c3efacc14fdcc434caedc12ba53a5d56 to remote] DEBUG org.apache.http.client.protocol.RequestAddCookies - CookieSpec selected: default
10:16:39.600 [Forwarding findElements on session c3efacc14fdcc434caedc12ba53a5d56 to remote] DEBUG org.apache.http.client.protocol.RequestAuthCache - Auth cache not set in the context
10:16:39.600 [Forwarding findElements on session c3efacc14fdcc434caedc12ba53a5d56 to remote] DEBUG org.apache.http.impl.conn.PoolingHttpClientConnectionManager - Connection request: [route: {}->http://localhost:38510][total kept alive: 1; route allocated: 1 of 2000; total allocated: 1 of 2000]
10:16:39.600 [Forwarding findElements on session c3efacc14fdcc434caedc12ba53a5d56 to remote] DEBUG org.apache.http.impl.conn.PoolingHttpClientConnectionManager - Connection leased: [id: 0][route: {}->http://localhost:38510][total kept alive: 0; route allocated: 1 of 2000; total allocated: 1 of 2000]
10:16:39.600 [Forwarding findElements on session c3efacc14fdcc434caedc12ba53a5d56 to remote] DEBUG org.apache.http.impl.execchain.MainClientExec - Stale connection check
10:16:39.603 [Forwarding findElements on session c3efacc14fdcc434caedc12ba53a5d56 to remote] DEBUG org.apache.http.wire - http-outgoing-0 << "[read] I/O error: Read timed out"
10:16:39.603 [Forwarding findElements on session c3efacc14fdcc434caedc12ba53a5d56 to remote] DEBUG org.apache.http.impl.conn.DefaultManagedHttpClientConnection - http-outgoing-0: set socket timeout to 10800000
10:16:39.603 [Forwarding findElements on session c3efacc14fdcc434caedc12ba53a5d56 to remote] DEBUG org.apache.http.impl.execchain.MainClientExec - Executing request POST /session/c3efacc14fdcc434caedc12ba53a5d56/elements HTTP/1.1
10:16:39.603 [Forwarding findElements on session c3efacc14fdcc434caedc12ba53a5d56 to remote] DEBUG org.apache.http.impl.execchain.MainClientExec - Target auth state: UNCHALLENGED
10:16:39.603 [Forwarding findElements on session c3efacc14fdcc434caedc12ba53a5d56 to remote] DEBUG org.apache.http.impl.execchain.MainClientExec - Proxy auth state: UNCHALLENGED
10:16:39.603 [Forwarding findElements on session c3efacc14fdcc434caedc12ba53a5d56 to remote] DEBUG org.apache.http.headers - http-outgoing-0 >> POST /session/c3efacc14fdcc434caedc12ba53a5d56/elements HTTP/1.1
10:16:39.603 [Forwarding findElements on session c3efacc14fdcc434caedc12ba53a5d56 to remote] DEBUG org.apache.http.headers - http-outgoing-0 >> Content-Type: application/json; charset=utf-8
10:16:39.603 [Forwarding findElements on session c3efacc14fdcc434caedc12ba53a5d56 to remote] DEBUG org.apache.http.headers - http-outgoing-0 >> Content-Length: 55
10:16:39.603 [Forwarding findElements on session c3efacc14fdcc434caedc12ba53a5d56 to remote] DEBUG org.apache.http.headers - http-outgoing-0 >> Host: localhost:38510
10:16:39.603 [Forwarding findElements on session c3efacc14fdcc434caedc12ba53a5d56 to remote] DEBUG org.apache.http.headers - http-outgoing-0 >> Connection: Keep-Alive
10:16:39.603 [Forwarding findElements on session c3efacc14fdcc434caedc12ba53a5d56 to remote] DEBUG org.apache.http.headers - http-outgoing-0 >> User-Agent: Apache-HttpClient/4.5.2 (Java/1.8.0_162)
10:16:39.603 [Forwarding findElements on session c3efacc14fdcc434caedc12ba53a5d56 to remote] DEBUG org.apache.http.headers - http-outgoing-0 >> Accept-Encoding: gzip,deflate
10:16:39.603 [Forwarding findElements on session c3efacc14fdcc434caedc12ba53a5d56 to remote] DEBUG org.apache.http.wire - http-outgoing-0 >> "POST /session/c3efacc14fdcc434caedc12ba53a5d56/elements HTTP/1.1[\r][\n]"
10:16:39.603 [Forwarding findElements on session c3efacc14fdcc434caedc12ba53a5d56 to remote] DEBUG org.apache.http.wire - http-outgoing-0 >> "Content-Type: application/json; charset=utf-8[\r][\n]"
10:16:39.603 [Forwarding findElements on session c3efacc14fdcc434caedc12ba53a5d56 to remote] DEBUG org.apache.http.wire - http-outgoing-0 >> "Content-Length: 55[\r][\n]"
10:16:39.603 [Forwarding findElements on session c3efacc14fdcc434caedc12ba53a5d56 to remote] DEBUG org.apache.http.wire - http-outgoing-0 >> "Host: localhost:38510[\r][\n]"
10:16:39.603 [Forwarding findElements on session c3efacc14fdcc434caedc12ba53a5d56 to remote] DEBUG org.apache.http.wire - http-outgoing-0 >> "Connection: Keep-Alive[\r][\n]"
10:16:39.603 [Forwarding findElements on session c3efacc14fdcc434caedc12ba53a5d56 to remote] DEBUG org.apache.http.wire - http-outgoing-0 >> "User-Agent: Apache-HttpClient/4.5.2 (Java/1.8.0_162)[\r][\n]"
10:16:39.603 [Forwarding findElements on session c3efacc14fdcc434caedc12ba53a5d56 to remote] DEBUG org.apache.http.wire - http-outgoing-0 >> "Accept-Encoding: gzip,deflate[\r][\n]"
10:16:39.603 [Forwarding findElements on session c3efacc14fdcc434caedc12ba53a5d56 to remote] DEBUG org.apache.http.wire - http-outgoing-0 >> "[\r][\n]"
10:16:39.603 [Forwarding findElements on session c3efacc14fdcc434caedc12ba53a5d56 to remote] DEBUG org.apache.http.wire - http-outgoing-0 >> "{"using":"class name","value":"industry-catelogs-item"}"
10:16:39.609 [Forwarding findElements on session c3efacc14fdcc434caedc12ba53a5d56 to remote] DEBUG org.apache.http.wire - http-outgoing-0 << "HTTP/1.1 200 OK[\r][\n]"
10:16:39.609 [Forwarding findElements on session c3efacc14fdcc434caedc12ba53a5d56 to remote] DEBUG org.apache.http.wire - http-outgoing-0 << "Content-Length:661[\r][\n]"
10:16:39.609 [Forwarding findElements on session c3efacc14fdcc434caedc12ba53a5d56 to remote] DEBUG org.apache.http.wire - http-outgoing-0 << "Content-Type:application/json; charset=utf-8[\r][\n]"
10:16:39.609 [Forwarding findElements on session c3efacc14fdcc434caedc12ba53a5d56 to remote] DEBUG org.apache.http.wire - http-outgoing-0 << "[\r][\n]"
10:16:39.609 [Forwarding findElements on session c3efacc14fdcc434caedc12ba53a5d56 to remote] DEBUG org.apache.http.wire - http-outgoing-0 << "{"sessionId":"c3efacc14fdcc434caedc12ba53a5d56","status":0,"value":[{"ELEMENT":"0.15556683519043668-11"},{"ELEMENT":"0.15556683519043668-12"},{"ELEMENT":"0.15556683519043668-13"},{"ELEMENT":"0.15556683519043668-14"},{"ELEMENT":"0.15556683519043668-15"},{"ELEMENT":"0.15556683519043668-16"},{"ELEMENT":"0.15556683519043668-17"},{"ELEMENT":"0.15556683519043668-18"},{"ELEMENT":"0.15556683519043668-19"},{"ELEMENT":"0.15556683519043668-20"},{"ELEMENT":"0.15556683519043668-21"},{"ELEMENT":"0.15556683519043668-22"},{"ELEMENT":"0.15556683519043668-23"},{"ELEMENT":"0.15556683519043668-24"},{"ELEMENT":"0.15556683519043668-25"},{"ELEMENT":"0.15556683519043668-26"}]}"
10:16:39.609 [Forwarding findElements on session c3efacc14fdcc434caedc12ba53a5d56 to remote] DEBUG org.apache.http.headers - http-outgoing-0 << HTTP/1.1 200 OK
10:16:39.609 [Forwarding findElements on session c3efacc14fdcc434caedc12ba53a5d56 to remote] DEBUG org.apache.http.headers - http-outgoing-0 << Content-Length:661
10:16:39.609 [Forwarding findElements on session c3efacc14fdcc434caedc12ba53a5d56 to remote] DEBUG org.apache.http.headers - http-outgoing-0 << Content-Type:application/json; charset=utf-8
10:16:39.609 [Forwarding findElements on session c3efacc14fdcc434caedc12ba53a5d56 to remote] DEBUG org.apache.http.impl.execchain.MainClientExec - Connection can be kept alive indefinitely
10:16:39.609 [Forwarding findElements on session c3efacc14fdcc434caedc12ba53a5d56 to remote] DEBUG org.apache.http.impl.conn.PoolingHttpClientConnectionManager - Connection [id: 0][route: {}->http://localhost:38510] can be kept alive indefinitely
10:16:39.609 [Forwarding findElements on session c3efacc14fdcc434caedc12ba53a5d56 to remote] DEBUG org.apache.http.impl.conn.PoolingHttpClientConnectionManager - Connection released: [id: 0][route: {}->http://localhost:38510][total kept alive: 1; route allocated: 1 of 2000; total allocated: 1 of 2000]
10:16:39.610 [Forwarding getElementText on session c3efacc14fdcc434caedc12ba53a5d56 to remote] DEBUG org.apache.http.client.protocol.RequestAddCookies - CookieSpec selected: default
10:16:39.611 [Forwarding getElementText on session c3efacc14fdcc434caedc12ba53a5d56 to remote] DEBUG org.apache.http.client.protocol.RequestAuthCache - Auth cache not set in the context
10:16:39.611 [Forwarding getElementText on session c3efacc14fdcc434caedc12ba53a5d56 to remote] DEBUG org.apache.http.impl.conn.PoolingHttpClientConnectionManager - Connection request: [route: {}->http://localhost:38510][total kept alive: 1; route allocated: 1 of 2000; total allocated: 1 of 2000]
10:16:39.611 [Forwarding getElementText on session c3efacc14fdcc434caedc12ba53a5d56 to remote] DEBUG org.apache.http.impl.conn.PoolingHttpClientConnectionManager - Connection leased: [id: 0][route: {}->http://localhost:38510][total kept alive: 0; route allocated: 1 of 2000; total allocated: 1 of 2000]
10:16:39.611 [Forwarding getElementText on session c3efacc14fdcc434caedc12ba53a5d56 to remote] DEBUG org.apache.http.impl.execchain.MainClientExec - Stale connection check
10:16:39.619 [Forwarding getElementText on session c3efacc14fdcc434caedc12ba53a5d56 to remote] DEBUG org.apache.http.wire - http-outgoing-0 << "[read] I/O error: Read timed out"
10:16:39.619 [Forwarding getElementText on session c3efacc14fdcc434caedc12ba53a5d56 to remote] DEBUG org.apache.http.impl.conn.DefaultManagedHttpClientConnection - http-outgoing-0: set socket timeout to 10800000
10:16:39.619 [Forwarding getElementText on session c3efacc14fdcc434caedc12ba53a5d56 to remote] DEBUG org.apache.http.impl.execchain.MainClientExec - Executing request GET /session/c3efacc14fdcc434caedc12ba53a5d56/element/0.15556683519043668-15/text HTTP/1.1
10:16:39.619 [Forwarding getElementText on session c3efacc14fdcc434caedc12ba53a5d56 to remote] DEBUG org.apache.http.impl.execchain.MainClientExec - Target auth state: UNCHALLENGED
10:16:39.619 [Forwarding getElementText on session c3efacc14fdcc434caedc12ba53a5d56 to remote] DEBUG org.apache.http.impl.execchain.MainClientExec - Proxy auth state: UNCHALLENGED
10:16:39.619 [Forwarding getElementText on session c3efacc14fdcc434caedc12ba53a5d56 to remote] DEBUG org.apache.http.headers - http-outgoing-0 >> GET /session/c3efacc14fdcc434caedc12ba53a5d56/element/0.15556683519043668-15/text HTTP/1.1
10:16:39.619 [Forwarding getElementText on session c3efacc14fdcc434caedc12ba53a5d56 to remote] DEBUG org.apache.http.headers - http-outgoing-0 >> Cache-Control: no-cache
10:16:39.619 [Forwarding getElementText on session c3efacc14fdcc434caedc12ba53a5d56 to remote] DEBUG org.apache.http.headers - http-outgoing-0 >> Host: localhost:38510
10:16:39.619 [Forwarding getElementText on session c3efacc14fdcc434caedc12ba53a5d56 to remote] DEBUG org.apache.http.headers - http-outgoing-0 >> Connection: Keep-Alive
10:16:39.619 [Forwarding getElementText on session c3efacc14fdcc434caedc12ba53a5d56 to remote] DEBUG org.apache.http.headers - http-outgoing-0 >> User-Agent: Apache-HttpClient/4.5.2 (Java/1.8.0_162)
10:16:39.619 [Forwarding getElementText on session c3efacc14fdcc434caedc12ba53a5d56 to remote] DEBUG org.apache.http.headers - http-outgoing-0 >> Accept-Encoding: gzip,deflate
10:16:39.619 [Forwarding getElementText on session c3efacc14fdcc434caedc12ba53a5d56 to remote] DEBUG org.apache.http.wire - http-outgoing-0 >> "GET /session/c3efacc14fdcc434caedc12ba53a5d56/element/0.15556683519043668-15/text HTTP/1.1[\r][\n]"
10:16:39.619 [Forwarding getElementText on session c3efacc14fdcc434caedc12ba53a5d56 to remote] DEBUG org.apache.http.wire - http-outgoing-0 >> "Cache-Control: no-cache[\r][\n]"
10:16:39.619 [Forwarding getElementText on session c3efacc14fdcc434caedc12ba53a5d56 to remote] DEBUG org.apache.http.wire - http-outgoing-0 >> "Host: localhost:38510[\r][\n]"
10:16:39.619 [Forwarding getElementText on session c3efacc14fdcc434caedc12ba53a5d56 to remote] DEBUG org.apache.http.wire - http-outgoing-0 >> "Connection: Keep-Alive[\r][\n]"
10:16:39.619 [Forwarding getElementText on session c3efacc14fdcc434caedc12ba53a5d56 to remote] DEBUG org.apache.http.wire - http-outgoing-0 >> "User-Agent: Apache-HttpClient/4.5.2 (Java/1.8.0_162)[\r][\n]"
10:16:39.619 [Forwarding getElementText on session c3efacc14fdcc434caedc12ba53a5d56 to remote] DEBUG org.apache.http.wire - http-outgoing-0 >> "Accept-Encoding: gzip,deflate[\r][\n]"
10:16:39.619 [Forwarding getElementText on session c3efacc14fdcc434caedc12ba53a5d56 to remote] DEBUG org.apache.http.wire - http-outgoing-0 >> "[\r][\n]"
10:16:39.629 [Forwarding getElementText on session c3efacc14fdcc434caedc12ba53a5d56 to remote] DEBUG org.apache.http.wire - http-outgoing-0 << "HTTP/1.1 200 OK[\r][\n]"
10:16:39.629 [Forwarding getElementText on session c3efacc14fdcc434caedc12ba53a5d56 to remote] DEBUG org.apache.http.wire - http-outgoing-0 << "Content-Length:79[\r][\n]"
10:16:39.629 [Forwarding getElementText on session c3efacc14fdcc434caedc12ba53a5d56 to remote] DEBUG org.apache.http.wire - http-outgoing-0 << "Content-Type:application/json; charset=utf-8[\r][\n]"
10:16:39.629 [Forwarding getElementText on session c3efacc14fdcc434caedc12ba53a5d56 to remote] DEBUG org.apache.http.wire - http-outgoing-0 << "[\r][\n]"
10:16:39.629 [Forwarding getElementText on session c3efacc14fdcc434caedc12ba53a5d56 to remote] DEBUG org.apache.http.wire - http-outgoing-0 << "{"sessionId":"c3efacc14fdcc434caedc12ba53a5d56","status":0,"value":"[0xe6][0xb6][0x88][0xe8][0xb4][0xb9][0xe5][0x93][0x81]"}"
10:16:39.629 [Forwarding getElementText on session c3efacc14fdcc434caedc12ba53a5d56 to remote] DEBUG org.apache.http.headers - http-outgoing-0 << HTTP/1.1 200 OK
10:16:39.629 [Forwarding getElementText on session c3efacc14fdcc434caedc12ba53a5d56 to remote] DEBUG org.apache.http.headers - http-outgoing-0 << Content-Length:79
10:16:39.629 [Forwarding getElementText on session c3efacc14fdcc434caedc12ba53a5d56 to remote] DEBUG org.apache.http.headers - http-outgoing-0 << Content-Type:application/json; charset=utf-8
10:16:39.629 [Forwarding getElementText on session c3efacc14fdcc434caedc12ba53a5d56 to remote] DEBUG org.apache.http.impl.execchain.MainClientExec - Connection can be kept alive indefinitely
10:16:39.629 [Forwarding getElementText on session c3efacc14fdcc434caedc12ba53a5d56 to remote] DEBUG org.apache.http.impl.conn.PoolingHttpClientConnectionManager - Connection [id: 0][route: {}->http://localhost:38510] can be kept alive indefinitely
10:16:39.629 [Forwarding getElementText on session c3efacc14fdcc434caedc12ba53a5d56 to remote] DEBUG org.apache.http.impl.conn.PoolingHttpClientConnectionManager - Connection released: [id: 0][route: {}->http://localhost:38510][total kept alive: 1; route allocated: 1 of 2000; total allocated: 1 of 2000]
10:16:39.630 [Forwarding findElements on session c3efacc14fdcc434caedc12ba53a5d56 to remote] DEBUG org.apache.http.client.protocol.RequestAddCookies - CookieSpec selected: default
10:16:39.630 [Forwarding findElements on session c3efacc14fdcc434caedc12ba53a5d56 to remote] DEBUG org.apache.http.client.protocol.RequestAuthCache - Auth cache not set in the context
10:16:39.630 [Forwarding findElements on session c3efacc14fdcc434caedc12ba53a5d56 to remote] DEBUG org.apache.http.impl.conn.PoolingHttpClientConnectionManager - Connection request: [route: {}->http://localhost:38510][total kept alive: 1; route allocated: 1 of 2000; total allocated: 1 of 2000]
10:16:39.630 [Forwarding findElements on session c3efacc14fdcc434caedc12ba53a5d56 to remote] DEBUG org.apache.http.impl.conn.PoolingHttpClientConnectionManager - Connection leased: [id: 0][route: {}->http://localhost:38510][total kept alive: 0; route allocated: 1 of 2000; total allocated: 1 of 2000]
10:16:39.630 [Forwarding findElements on session c3efacc14fdcc434caedc12ba53a5d56 to remote] DEBUG org.apache.http.impl.execchain.MainClientExec - Stale connection check
10:16:39.635 [Forwarding findElements on session c3efacc14fdcc434caedc12ba53a5d56 to remote] DEBUG org.apache.http.wire - http-outgoing-0 << "[read] I/O error: Read timed out"
10:16:39.635 [Forwarding findElements on session c3efacc14fdcc434caedc12ba53a5d56 to remote] DEBUG org.apache.http.impl.conn.DefaultManagedHttpClientConnection - http-outgoing-0: set socket timeout to 10800000
10:16:39.635 [Forwarding findElements on session c3efacc14fdcc434caedc12ba53a5d56 to remote] DEBUG org.apache.http.impl.execchain.MainClientExec - Executing request POST /session/c3efacc14fdcc434caedc12ba53a5d56/elements HTTP/1.1
10:16:39.635 [Forwarding findElements on session c3efacc14fdcc434caedc12ba53a5d56 to remote] DEBUG org.apache.http.impl.execchain.MainClientExec - Target auth state: UNCHALLENGED
10:16:39.635 [Forwarding findElements on session c3efacc14fdcc434caedc12ba53a5d56 to remote] DEBUG org.apache.http.impl.execchain.MainClientExec - Proxy auth state: UNCHALLENGED
10:16:39.635 [Forwarding findElements on session c3efacc14fdcc434caedc12ba53a5d56 to remote] DEBUG org.apache.http.headers - http-outgoing-0 >> POST /session/c3efacc14fdcc434caedc12ba53a5d56/elements HTTP/1.1
10:16:39.635 [Forwarding findElements on session c3efacc14fdcc434caedc12ba53a5d56 to remote] DEBUG org.apache.http.headers - http-outgoing-0 >> Content-Type: application/json; charset=utf-8
10:16:39.635 [Forwarding findElements on session c3efacc14fdcc434caedc12ba53a5d56 to remote] DEBUG org.apache.http.headers - http-outgoing-0 >> Content-Length: 55
10:16:39.635 [Forwarding findElements on session c3efacc14fdcc434caedc12ba53a5d56 to remote] DEBUG org.apache.http.headers - http-outgoing-0 >> Host: localhost:38510
10:16:39.635 [Forwarding findElements on session c3efacc14fdcc434caedc12ba53a5d56 to remote] DEBUG org.apache.http.headers - http-outgoing-0 >> Connection: Keep-Alive
10:16:39.635 [Forwarding findElements on session c3efacc14fdcc434caedc12ba53a5d56 to remote] DEBUG org.apache.http.headers - http-outgoing-0 >> User-Agent: Apache-HttpClient/4.5.2 (Java/1.8.0_162)
10:16:39.635 [Forwarding findElements on session c3efacc14fdcc434caedc12ba53a5d56 to remote] DEBUG org.apache.http.headers - http-outgoing-0 >> Accept-Encoding: gzip,deflate
10:16:39.635 [Forwarding findElements on session c3efacc14fdcc434caedc12ba53a5d56 to remote] DEBUG org.apache.http.wire - http-outgoing-0 >> "POST /session/c3efacc14fdcc434caedc12ba53a5d56/elements HTTP/1.1[\r][\n]"
10:16:39.635 [Forwarding findElements on session c3efacc14fdcc434caedc12ba53a5d56 to remote] DEBUG org.apache.http.wire - http-outgoing-0 >> "Content-Type: application/json; charset=utf-8[\r][\n]"
10:16:39.635 [Forwarding findElements on session c3efacc14fdcc434caedc12ba53a5d56 to remote] DEBUG org.apache.http.wire - http-outgoing-0 >> "Content-Length: 55[\r][\n]"
10:16:39.635 [Forwarding findElements on session c3efacc14fdcc434caedc12ba53a5d56 to remote] DEBUG org.apache.http.wire - http-outgoing-0 >> "Host: localhost:38510[\r][\n]"
10:16:39.635 [Forwarding findElements on session c3efacc14fdcc434caedc12ba53a5d56 to remote] DEBUG org.apache.http.wire - http-outgoing-0 >> "Connection: Keep-Alive[\r][\n]"
10:16:39.635 [Forwarding findElements on session c3efacc14fdcc434caedc12ba53a5d56 to remote] DEBUG org.apache.http.wire - http-outgoing-0 >> "User-Agent: Apache-HttpClient/4.5.2 (Java/1.8.0_162)[\r][\n]"
10:16:39.635 [Forwarding findElements on session c3efacc14fdcc434caedc12ba53a5d56 to remote] DEBUG org.apache.http.wire - http-outgoing-0 >> "Accept-Encoding: gzip,deflate[\r][\n]"
10:16:39.635 [Forwarding findElements on session c3efacc14fdcc434caedc12ba53a5d56 to remote] DEBUG org.apache.http.wire - http-outgoing-0 >> "[\r][\n]"
10:16:39.635 [Forwarding findElements on session c3efacc14fdcc434caedc12ba53a5d56 to remote] DEBUG org.apache.http.wire - http-outgoing-0 >> "{"using":"class name","value":"industry-catelogs-item"}"
10:16:39.640 [Forwarding findElements on session c3efacc14fdcc434caedc12ba53a5d56 to remote] DEBUG org.apache.http.wire - http-outgoing-0 << "HTTP/1.1 200 OK[\r][\n]"
10:16:39.640 [Forwarding findElements on session c3efacc14fdcc434caedc12ba53a5d56 to remote] DEBUG org.apache.http.wire - http-outgoing-0 << "Content-Length:661[\r][\n]"
10:16:39.640 [Forwarding findElements on session c3efacc14fdcc434caedc12ba53a5d56 to remote] DEBUG org.apache.http.wire - http-outgoing-0 << "Content-Type:application/json; charset=utf-8[\r][\n]"
10:16:39.640 [Forwarding findElements on session c3efacc14fdcc434caedc12ba53a5d56 to remote] DEBUG org.apache.http.wire - http-outgoing-0 << "[\r][\n]"
10:16:39.640 [Forwarding findElements on session c3efacc14fdcc434caedc12ba53a5d56 to remote] DEBUG org.apache.http.wire - http-outgoing-0 << "{"sessionId":"c3efacc14fdcc434caedc12ba53a5d56","status":0,"value":[{"ELEMENT":"0.15556683519043668-11"},{"ELEMENT":"0.15556683519043668-12"},{"ELEMENT":"0.15556683519043668-13"},{"ELEMENT":"0.15556683519043668-14"},{"ELEMENT":"0.15556683519043668-15"},{"ELEMENT":"0.15556683519043668-16"},{"ELEMENT":"0.15556683519043668-17"},{"ELEMENT":"0.15556683519043668-18"},{"ELEMENT":"0.15556683519043668-19"},{"ELEMENT":"0.15556683519043668-20"},{"ELEMENT":"0.15556683519043668-21"},{"ELEMENT":"0.15556683519043668-22"},{"ELEMENT":"0.15556683519043668-23"},{"ELEMENT":"0.15556683519043668-24"},{"ELEMENT":"0.15556683519043668-25"},{"ELEMENT":"0.15556683519043668-26"}]}"
10:16:39.640 [Forwarding findElements on session c3efacc14fdcc434caedc12ba53a5d56 to remote] DEBUG org.apache.http.headers - http-outgoing-0 << HTTP/1.1 200 OK
10:16:39.640 [Forwarding findElements on session c3efacc14fdcc434caedc12ba53a5d56 to remote] DEBUG org.apache.http.headers - http-outgoing-0 << Content-Length:661
10:16:39.640 [Forwarding findElements on session c3efacc14fdcc434caedc12ba53a5d56 to remote] DEBUG org.apache.http.headers - http-outgoing-0 << Content-Type:application/json; charset=utf-8
10:16:39.640 [Forwarding findElements on session c3efacc14fdcc434caedc12ba53a5d56 to remote] DEBUG org.apache.http.impl.execchain.MainClientExec - Connection can be kept alive indefinitely
10:16:39.640 [Forwarding findElements on session c3efacc14fdcc434caedc12ba53a5d56 to remote] DEBUG org.apache.http.impl.conn.PoolingHttpClientConnectionManager - Connection [id: 0][route: {}->http://localhost:38510] can be kept alive indefinitely
10:16:39.640 [Forwarding findElements on session c3efacc14fdcc434caedc12ba53a5d56 to remote] DEBUG org.apache.http.impl.conn.PoolingHttpClientConnectionManager - Connection released: [id: 0][route: {}->http://localhost:38510][total kept alive: 1; route allocated: 1 of 2000; total allocated: 1 of 2000]
10:16:39.642 [Forwarding clickElement on session c3efacc14fdcc434caedc12ba53a5d56 to remote] DEBUG org.apache.http.client.protocol.RequestAddCookies - CookieSpec selected: default
10:16:39.642 [Forwarding clickElement on session c3efacc14fdcc434caedc12ba53a5d56 to remote] DEBUG org.apache.http.client.protocol.RequestAuthCache - Auth cache not set in the context
10:16:39.642 [Forwarding clickElement on session c3efacc14fdcc434caedc12ba53a5d56 to remote] DEBUG org.apache.http.impl.conn.PoolingHttpClientConnectionManager - Connection request: [route: {}->http://localhost:38510][total kept alive: 1; route allocated: 1 of 2000; total allocated: 1 of 2000]
10:16:39.642 [Forwarding clickElement on session c3efacc14fdcc434caedc12ba53a5d56 to remote] DEBUG org.apache.http.impl.conn.PoolingHttpClientConnectionManager - Connection leased: [id: 0][route: {}->http://localhost:38510][total kept alive: 0; route allocated: 1 of 2000; total allocated: 1 of 2000]
10:16:39.642 [Forwarding clickElement on session c3efacc14fdcc434caedc12ba53a5d56 to remote] DEBUG org.apache.http.impl.execchain.MainClientExec - Stale connection check
10:16:39.650 [Forwarding clickElement on session c3efacc14fdcc434caedc12ba53a5d56 to remote] DEBUG org.apache.http.wire - http-outgoing-0 << "[read] I/O error: Read timed out"
10:16:39.650 [Forwarding clickElement on session c3efacc14fdcc434caedc12ba53a5d56 to remote] DEBUG org.apache.http.impl.conn.DefaultManagedHttpClientConnection - http-outgoing-0: set socket timeout to 10800000
10:16:39.650 [Forwarding clickElement on session c3efacc14fdcc434caedc12ba53a5d56 to remote] DEBUG org.apache.http.impl.execchain.MainClientExec - Executing request POST /session/c3efacc14fdcc434caedc12ba53a5d56/element/0.15556683519043668-15/click HTTP/1.1
10:16:39.650 [Forwarding clickElement on session c3efacc14fdcc434caedc12ba53a5d56 to remote] DEBUG org.apache.http.impl.execchain.MainClientExec - Target auth state: UNCHALLENGED
10:16:39.650 [Forwarding clickElement on session c3efacc14fdcc434caedc12ba53a5d56 to remote] DEBUG org.apache.http.impl.execchain.MainClientExec - Proxy auth state: UNCHALLENGED
10:16:39.650 [Forwarding clickElement on session c3efacc14fdcc434caedc12ba53a5d56 to remote] DEBUG org.apache.http.headers - http-outgoing-0 >> POST /session/c3efacc14fdcc434caedc12ba53a5d56/element/0.15556683519043668-15/click HTTP/1.1
10:16:39.650 [Forwarding clickElement on session c3efacc14fdcc434caedc12ba53a5d56 to remote] DEBUG org.apache.http.headers - http-outgoing-0 >> Content-Type: application/json; charset=utf-8
10:16:39.650 [Forwarding clickElement on session c3efacc14fdcc434caedc12ba53a5d56 to remote] DEBUG org.apache.http.headers - http-outgoing-0 >> Content-Length: 31
10:16:39.650 [Forwarding clickElement on session c3efacc14fdcc434caedc12ba53a5d56 to remote] DEBUG org.apache.http.headers - http-outgoing-0 >> Host: localhost:38510
10:16:39.650 [Forwarding clickElement on session c3efacc14fdcc434caedc12ba53a5d56 to remote] DEBUG org.apache.http.headers - http-outgoing-0 >> Connection: Keep-Alive
10:16:39.650 [Forwarding clickElement on session c3efacc14fdcc434caedc12ba53a5d56 to remote] DEBUG org.apache.http.headers - http-outgoing-0 >> User-Agent: Apache-HttpClient/4.5.2 (Java/1.8.0_162)
10:16:39.650 [Forwarding clickElement on session c3efacc14fdcc434caedc12ba53a5d56 to remote] DEBUG org.apache.http.headers - http-outgoing-0 >> Accept-Encoding: gzip,deflate
10:16:39.650 [Forwarding clickElement on session c3efacc14fdcc434caedc12ba53a5d56 to remote] DEBUG org.apache.http.wire - http-outgoing-0 >> "POST /session/c3efacc14fdcc434caedc12ba53a5d56/element/0.15556683519043668-15/click HTTP/1.1[\r][\n]"
10:16:39.650 [Forwarding clickElement on session c3efacc14fdcc434caedc12ba53a5d56 to remote] DEBUG org.apache.http.wire - http-outgoing-0 >> "Content-Type: application/json; charset=utf-8[\r][\n]"
10:16:39.650 [Forwarding clickElement on session c3efacc14fdcc434caedc12ba53a5d56 to remote] DEBUG org.apache.http.wire - http-outgoing-0 >> "Content-Length: 31[\r][\n]"
10:16:39.650 [Forwarding clickElement on session c3efacc14fdcc434caedc12ba53a5d56 to remote] DEBUG org.apache.http.wire - http-outgoing-0 >> "Host: localhost:38510[\r][\n]"
10:16:39.650 [Forwarding clickElement on session c3efacc14fdcc434caedc12ba53a5d56 to remote] DEBUG org.apache.http.wire - http-outgoing-0 >> "Connection: Keep-Alive[\r][\n]"
10:16:39.650 [Forwarding clickElement on session c3efacc14fdcc434caedc12ba53a5d56 to remote] DEBUG org.apache.http.wire - http-outgoing-0 >> "User-Agent: Apache-HttpClient/4.5.2 (Java/1.8.0_162)[\r][\n]"
10:16:39.650 [Forwarding clickElement on session c3efacc14fdcc434caedc12ba53a5d56 to remote] DEBUG org.apache.http.wire - http-outgoing-0 >> "Accept-Encoding: gzip,deflate[\r][\n]"
10:16:39.650 [Forwarding clickElement on session c3efacc14fdcc434caedc12ba53a5d56 to remote] DEBUG org.apache.http.wire - http-outgoing-0 >> "[\r][\n]"
10:16:39.650 [Forwarding clickElement on session c3efacc14fdcc434caedc12ba53a5d56 to remote] DEBUG org.apache.http.wire - http-outgoing-0 >> "{"id":"0.15556683519043668-15"}"
10:16:39.695 [Forwarding clickElement on session c3efacc14fdcc434caedc12ba53a5d56 to remote] DEBUG org.apache.http.wire - http-outgoing-0 << "HTTP/1.1 200 OK[\r][\n]"
10:16:39.695 [Forwarding clickElement on session c3efacc14fdcc434caedc12ba53a5d56 to remote] DEBUG org.apache.http.wire - http-outgoing-0 << "Content-Length:72[\r][\n]"
10:16:39.695 [Forwarding clickElement on session c3efacc14fdcc434caedc12ba53a5d56 to remote] DEBUG org.apache.http.wire - http-outgoing-0 << "Content-Type:application/json; charset=utf-8[\r][\n]"
10:16:39.695 [Forwarding clickElement on session c3efacc14fdcc434caedc12ba53a5d56 to remote] DEBUG org.apache.http.wire - http-outgoing-0 << "[\r][\n]"
10:16:39.695 [Forwarding clickElement on session c3efacc14fdcc434caedc12ba53a5d56 to remote] DEBUG org.apache.http.wire - http-outgoing-0 << "{"sessionId":"c3efacc14fdcc434caedc12ba53a5d56","status":0,"value":null}"
10:16:39.695 [Forwarding clickElement on session c3efacc14fdcc434caedc12ba53a5d56 to remote] DEBUG org.apache.http.headers - http-outgoing-0 << HTTP/1.1 200 OK
10:16:39.695 [Forwarding clickElement on session c3efacc14fdcc434caedc12ba53a5d56 to remote] DEBUG org.apache.http.headers - http-outgoing-0 << Content-Length:72
10:16:39.695 [Forwarding clickElement on session c3efacc14fdcc434caedc12ba53a5d56 to remote] DEBUG org.apache.http.headers - http-outgoing-0 << Content-Type:application/json; charset=utf-8
10:16:39.695 [Forwarding clickElement on session c3efacc14fdcc434caedc12ba53a5d56 to remote] DEBUG org.apache.http.impl.execchain.MainClientExec - Connection can be kept alive indefinitely
10:16:39.695 [Forwarding clickElement on session c3efacc14fdcc434caedc12ba53a5d56 to remote] DEBUG org.apache.http.impl.conn.PoolingHttpClientConnectionManager - Connection [id: 0][route: {}->http://localhost:38510] can be kept alive indefinitely
10:16:39.695 [Forwarding clickElement on session c3efacc14fdcc434caedc12ba53a5d56 to remote] DEBUG org.apache.http.impl.conn.PoolingHttpClientConnectionManager - Connection released: [id: 0][route: {}->http://localhost:38510][total kept alive: 1; route allocated: 1 of 2000; total allocated: 1 of 2000]
10:16:39.696 [Forwarding findElements on session c3efacc14fdcc434caedc12ba53a5d56 to remote] DEBUG org.apache.http.client.protocol.RequestAddCookies - CookieSpec selected: default
10:16:39.696 [Forwarding findElements on session c3efacc14fdcc434caedc12ba53a5d56 to remote] DEBUG org.apache.http.client.protocol.RequestAuthCache - Auth cache not set in the context
10:16:39.696 [Forwarding findElements on session c3efacc14fdcc434caedc12ba53a5d56 to remote] DEBUG org.apache.http.impl.conn.PoolingHttpClientConnectionManager - Connection request: [route: {}->http://localhost:38510][total kept alive: 1; route allocated: 1 of 2000; total allocated: 1 of 2000]
10:16:39.696 [Forwarding findElements on session c3efacc14fdcc434caedc12ba53a5d56 to remote] DEBUG org.apache.http.impl.conn.PoolingHttpClientConnectionManager - Connection leased: [id: 0][route: {}->http://localhost:38510][total kept alive: 0; route allocated: 1 of 2000; total allocated: 1 of 2000]
10:16:39.696 [Forwarding findElements on session c3efacc14fdcc434caedc12ba53a5d56 to remote] DEBUG org.apache.http.impl.execchain.MainClientExec - Stale connection check
10:16:39.698 [Forwarding findElements on session c3efacc14fdcc434caedc12ba53a5d56 to remote] DEBUG org.apache.http.wire - http-outgoing-0 << "[read] I/O error: Read timed out"
10:16:39.698 [Forwarding findElements on session c3efacc14fdcc434caedc12ba53a5d56 to remote] DEBUG org.apache.http.impl.conn.DefaultManagedHttpClientConnection - http-outgoing-0: set socket timeout to 10800000
10:16:39.698 [Forwarding findElements on session c3efacc14fdcc434caedc12ba53a5d56 to remote] DEBUG org.apache.http.impl.execchain.MainClientExec - Executing request POST /session/c3efacc14fdcc434caedc12ba53a5d56/elements HTTP/1.1
10:16:39.698 [Forwarding findElements on session c3efacc14fdcc434caedc12ba53a5d56 to remote] DEBUG org.apache.http.impl.execchain.MainClientExec - Target auth state: UNCHALLENGED
10:16:39.698 [Forwarding findElements on session c3efacc14fdcc434caedc12ba53a5d56 to remote] DEBUG org.apache.http.impl.execchain.MainClientExec - Proxy auth state: UNCHALLENGED
10:16:39.698 [Forwarding findElements on session c3efacc14fdcc434caedc12ba53a5d56 to remote] DEBUG org.apache.http.headers - http-outgoing-0 >> POST /session/c3efacc14fdcc434caedc12ba53a5d56/elements HTTP/1.1
10:16:39.698 [Forwarding findElements on session c3efacc14fdcc434caedc12ba53a5d56 to remote] DEBUG org.apache.http.headers - http-outgoing-0 >> Content-Type: application/json; charset=utf-8
10:16:39.698 [Forwarding findElements on session c3efacc14fdcc434caedc12ba53a5d56 to remote] DEBUG org.apache.http.headers - http-outgoing-0 >> Content-Length: 52
10:16:39.698 [Forwarding findElements on session c3efacc14fdcc434caedc12ba53a5d56 to remote] DEBUG org.apache.http.headers - http-outgoing-0 >> Host: localhost:38510
10:16:39.698 [Forwarding findElements on session c3efacc14fdcc434caedc12ba53a5d56 to remote] DEBUG org.apache.http.headers - http-outgoing-0 >> Connection: Keep-Alive
10:16:39.698 [Forwarding findElements on session c3efacc14fdcc434caedc12ba53a5d56 to remote] DEBUG org.apache.http.headers - http-outgoing-0 >> User-Agent: Apache-HttpClient/4.5.2 (Java/1.8.0_162)
10:16:39.698 [Forwarding findElements on session c3efacc14fdcc434caedc12ba53a5d56 to remote] DEBUG org.apache.http.headers - http-outgoing-0 >> Accept-Encoding: gzip,deflate
10:16:39.698 [Forwarding findElements on session c3efacc14fdcc434caedc12ba53a5d56 to remote] DEBUG org.apache.http.wire - http-outgoing-0 >> "POST /session/c3efacc14fdcc434caedc12ba53a5d56/elements HTTP/1.1[\r][\n]"
10:16:39.698 [Forwarding findElements on session c3efacc14fdcc434caedc12ba53a5d56 to remote] DEBUG org.apache.http.wire - http-outgoing-0 >> "Content-Type: application/json; charset=utf-8[\r][\n]"
10:16:39.698 [Forwarding findElements on session c3efacc14fdcc434caedc12ba53a5d56 to remote] DEBUG org.apache.http.wire - http-outgoing-0 >> "Content-Length: 52[\r][\n]"
10:16:39.698 [Forwarding findElements on session c3efacc14fdcc434caedc12ba53a5d56 to remote] DEBUG org.apache.http.wire - http-outgoing-0 >> "Host: localhost:38510[\r][\n]"
10:16:39.698 [Forwarding findElements on session c3efacc14fdcc434caedc12ba53a5d56 to remote] DEBUG org.apache.http.wire - http-outgoing-0 >> "Connection: Keep-Alive[\r][\n]"
10:16:39.698 [Forwarding findElements on session c3efacc14fdcc434caedc12ba53a5d56 to remote] DEBUG org.apache.http.wire - http-outgoing-0 >> "User-Agent: Apache-HttpClient/4.5.2 (Java/1.8.0_162)[\r][\n]"
10:16:39.698 [Forwarding findElements on session c3efacc14fdcc434caedc12ba53a5d56 to remote] DEBUG org.apache.http.wire - http-outgoing-0 >> "Accept-Encoding: gzip,deflate[\r][\n]"
10:16:39.698 [Forwarding findElements on session c3efacc14fdcc434caedc12ba53a5d56 to remote] DEBUG org.apache.http.wire - http-outgoing-0 >> "[\r][\n]"
10:16:39.698 [Forwarding findElements on session c3efacc14fdcc434caedc12ba53a5d56 to remote] DEBUG org.apache.http.wire - http-outgoing-0 >> "{"using":"class name","value":"content-layout-item"}"
10:16:39.705 [Forwarding findElements on session c3efacc14fdcc434caedc12ba53a5d56 to remote] DEBUG org.apache.http.wire - http-outgoing-0 << "HTTP/1.1 200 OK[\r][\n]"
10:16:39.705 [Forwarding findElements on session c3efacc14fdcc434caedc12ba53a5d56 to remote] DEBUG org.apache.http.wire - http-outgoing-0 << "Content-Length:439[\r][\n]"
10:16:39.705 [Forwarding findElements on session c3efacc14fdcc434caedc12ba53a5d56 to remote] DEBUG org.apache.http.wire - http-outgoing-0 << "Content-Type:application/json; charset=utf-8[\r][\n]"
10:16:39.705 [Forwarding findElements on session c3efacc14fdcc434caedc12ba53a5d56 to remote] DEBUG org.apache.http.wire - http-outgoing-0 << "[\r][\n]"
10:16:39.705 [Forwarding findElements on session c3efacc14fdcc434caedc12ba53a5d56 to remote] DEBUG org.apache.http.wire - http-outgoing-0 << "{"sessionId":"c3efacc14fdcc434caedc12ba53a5d56","status":0,"value":[{"ELEMENT":"0.15556683519043668-27"},{"ELEMENT":"0.15556683519043668-28"},{"ELEMENT":"0.15556683519043668-29"},{"ELEMENT":"0.15556683519043668-30"},{"ELEMENT":"0.15556683519043668-31"},{"ELEMENT":"0.15556683519043668-32"},{"ELEMENT":"0.15556683519043668-33"},{"ELEMENT":"0.15556683519043668-34"},{"ELEMENT":"0.15556683519043668-35"},{"ELEMENT":"0.15556683519043668-36"}]}"
10:16:39.706 [Forwarding findElements on session c3efacc14fdcc434caedc12ba53a5d56 to remote] DEBUG org.apache.http.headers - http-outgoing-0 << HTTP/1.1 200 OK
10:16:39.706 [Forwarding findElements on session c3efacc14fdcc434caedc12ba53a5d56 to remote] DEBUG org.apache.http.headers - http-outgoing-0 << Content-Length:439
10:16:39.706 [Forwarding findElements on session c3efacc14fdcc434caedc12ba53a5d56 to remote] DEBUG org.apache.http.headers - http-outgoing-0 << Content-Type:application/json; charset=utf-8
10:16:39.706 [Forwarding findElements on session c3efacc14fdcc434caedc12ba53a5d56 to remote] DEBUG org.apache.http.impl.execchain.MainClientExec - Connection can be kept alive indefinitely
10:16:39.706 [Forwarding findElements on session c3efacc14fdcc434caedc12ba53a5d56 to remote] DEBUG org.apache.http.impl.conn.PoolingHttpClientConnectionManager - Connection [id: 0][route: {}->http://localhost:38510] can be kept alive indefinitely
10:16:39.706 [Forwarding findElements on session c3efacc14fdcc434caedc12ba53a5d56 to remote] DEBUG org.apache.http.impl.conn.PoolingHttpClientConnectionManager - Connection released: [id: 0][route: {}->http://localhost:38510][total kept alive: 1; route allocated: 1 of 2000; total allocated: 1 of 2000]
10:16:39.707 [Forwarding findElements on session c3efacc14fdcc434caedc12ba53a5d56 to remote] DEBUG org.apache.http.client.protocol.RequestAddCookies - CookieSpec selected: default
10:16:39.707 [Forwarding findElements on session c3efacc14fdcc434caedc12ba53a5d56 to remote] DEBUG org.apache.http.client.protocol.RequestAuthCache - Auth cache not set in the context
10:16:39.707 [Forwarding findElements on session c3efacc14fdcc434caedc12ba53a5d56 to remote] DEBUG org.apache.http.impl.conn.PoolingHttpClientConnectionManager - Connection request: [route: {}->http://localhost:38510][total kept alive: 1; route allocated: 1 of 2000; total allocated: 1 of 2000]
10:16:39.707 [Forwarding findElements on session c3efacc14fdcc434caedc12ba53a5d56 to remote] DEBUG org.apache.http.impl.conn.PoolingHttpClientConnectionManager - Connection leased: [id: 0][route: {}->http://localhost:38510][total kept alive: 0; route allocated: 1 of 2000; total allocated: 1 of 2000]
10:16:39.707 [Forwarding findElements on session c3efacc14fdcc434caedc12ba53a5d56 to remote] DEBUG org.apache.http.impl.execchain.MainClientExec - Stale connection check
10:16:39.714 [Forwarding findElements on session c3efacc14fdcc434caedc12ba53a5d56 to remote] DEBUG org.apache.http.wire - http-outgoing-0 << "[read] I/O error: Read timed out"
10:16:39.714 [Forwarding findElements on session c3efacc14fdcc434caedc12ba53a5d56 to remote] DEBUG org.apache.http.impl.conn.DefaultManagedHttpClientConnection - http-outgoing-0: set socket timeout to 10800000
10:16:39.714 [Forwarding findElements on session c3efacc14fdcc434caedc12ba53a5d56 to remote] DEBUG org.apache.http.impl.execchain.MainClientExec - Executing request POST /session/c3efacc14fdcc434caedc12ba53a5d56/elements HTTP/1.1
10:16:39.714 [Forwarding findElements on session c3efacc14fdcc434caedc12ba53a5d56 to remote] DEBUG org.apache.http.impl.execchain.MainClientExec - Target auth state: UNCHALLENGED
10:16:39.714 [Forwarding findElements on session c3efacc14fdcc434caedc12ba53a5d56 to remote] DEBUG org.apache.http.impl.execchain.MainClientExec - Proxy auth state: UNCHALLENGED
10:16:39.714 [Forwarding findElements on session c3efacc14fdcc434caedc12ba53a5d56 to remote] DEBUG org.apache.http.headers - http-outgoing-0 >> POST /session/c3efacc14fdcc434caedc12ba53a5d56/elements HTTP/1.1
10:16:39.714 [Forwarding findElements on session c3efacc14fdcc434caedc12ba53a5d56 to remote] DEBUG org.apache.http.headers - http-outgoing-0 >> Content-Type: application/json; charset=utf-8
10:16:39.714 [Forwarding findElements on session c3efacc14fdcc434caedc12ba53a5d56 to remote] DEBUG org.apache.http.headers - http-outgoing-0 >> Content-Length: 52
10:16:39.714 [Forwarding findElements on session c3efacc14fdcc434caedc12ba53a5d56 to remote] DEBUG org.apache.http.headers - http-outgoing-0 >> Host: localhost:38510
10:16:39.714 [Forwarding findElements on session c3efacc14fdcc434caedc12ba53a5d56 to remote] DEBUG org.apache.http.headers - http-outgoing-0 >> Connection: Keep-Alive
10:16:39.714 [Forwarding findElements on session c3efacc14fdcc434caedc12ba53a5d56 to remote] DEBUG org.apache.http.headers - http-outgoing-0 >> User-Agent: Apache-HttpClient/4.5.2 (Java/1.8.0_162)
10:16:39.714 [Forwarding findElements on session c3efacc14fdcc434caedc12ba53a5d56 to remote] DEBUG org.apache.http.headers - http-outgoing-0 >> Accept-Encoding: gzip,deflate
10:16:39.714 [Forwarding findElements on session c3efacc14fdcc434caedc12ba53a5d56 to remote] DEBUG org.apache.http.wire - http-outgoing-0 >> "POST /session/c3efacc14fdcc434caedc12ba53a5d56/elements HTTP/1.1[\r][\n]"
10:16:39.714 [Forwarding findElements on session c3efacc14fdcc434caedc12ba53a5d56 to remote] DEBUG org.apache.http.wire - http-outgoing-0 >> "Content-Type: application/json; charset=utf-8[\r][\n]"
10:16:39.714 [Forwarding findElements on session c3efacc14fdcc434caedc12ba53a5d56 to remote] DEBUG org.apache.http.wire - http-outgoing-0 >> "Content-Length: 52[\r][\n]"
10:16:39.714 [Forwarding findElements on session c3efacc14fdcc434caedc12ba53a5d56 to remote] DEBUG org.apache.http.wire - http-outgoing-0 >> "Host: localhost:38510[\r][\n]"
10:16:39.714 [Forwarding findElements on session c3efacc14fdcc434caedc12ba53a5d56 to remote] DEBUG org.apache.http.wire - http-outgoing-0 >> "Connection: Keep-Alive[\r][\n]"
10:16:39.714 [Forwarding findElements on session c3efacc14fdcc434caedc12ba53a5d56 to remote] DEBUG org.apache.http.wire - http-outgoing-0 >> "User-Agent: Apache-HttpClient/4.5.2 (Java/1.8.0_162)[\r][\n]"
10:16:39.714 [Forwarding findElements on session c3efacc14fdcc434caedc12ba53a5d56 to remote] DEBUG org.apache.http.wire - http-outgoing-0 >> "Accept-Encoding: gzip,deflate[\r][\n]"
10:16:39.714 [Forwarding findElements on session c3efacc14fdcc434caedc12ba53a5d56 to remote] DEBUG org.apache.http.wire - http-outgoing-0 >> "[\r][\n]"
10:16:39.714 [Forwarding findElements on session c3efacc14fdcc434caedc12ba53a5d56 to remote] DEBUG org.apache.http.wire - http-outgoing-0 >> "{"using":"class name","value":"content-layout-item"}"
10:16:39.718 [Forwarding findElements on session c3efacc14fdcc434caedc12ba53a5d56 to remote] DEBUG org.apache.http.wire - http-outgoing-0 << "HTTP/1.1 200 OK[\r][\n]"
10:16:39.718 [Forwarding findElements on session c3efacc14fdcc434caedc12ba53a5d56 to remote] DEBUG org.apache.http.wire - http-outgoing-0 << "Content-Length:439[\r][\n]"
10:16:39.718 [Forwarding findElements on session c3efacc14fdcc434caedc12ba53a5d56 to remote] DEBUG org.apache.http.wire - http-outgoing-0 << "Content-Type:application/json; charset=utf-8[\r][\n]"
10:16:39.718 [Forwarding findElements on session c3efacc14fdcc434caedc12ba53a5d56 to remote] DEBUG org.apache.http.wire - http-outgoing-0 << "[\r][\n]"
10:16:39.718 [Forwarding findElements on session c3efacc14fdcc434caedc12ba53a5d56 to remote] DEBUG org.apache.http.wire - http-outgoing-0 << "{"sessionId":"c3efacc14fdcc434caedc12ba53a5d56","status":0,"value":[{"ELEMENT":"0.15556683519043668-27"},{"ELEMENT":"0.15556683519043668-28"},{"ELEMENT":"0.15556683519043668-29"},{"ELEMENT":"0.15556683519043668-30"},{"ELEMENT":"0.15556683519043668-31"},{"ELEMENT":"0.15556683519043668-32"},{"ELEMENT":"0.15556683519043668-33"},{"ELEMENT":"0.15556683519043668-34"},{"ELEMENT":"0.15556683519043668-35"},{"ELEMENT":"0.15556683519043668-36"}]}"
10:16:39.718 [Forwarding findElements on session c3efacc14fdcc434caedc12ba53a5d56 to remote] DEBUG org.apache.http.headers - http-outgoing-0 << HTTP/1.1 200 OK
10:16:39.718 [Forwarding findElements on session c3efacc14fdcc434caedc12ba53a5d56 to remote] DEBUG org.apache.http.headers - http-outgoing-0 << Content-Length:439
10:16:39.718 [Forwarding findElements on session c3efacc14fdcc434caedc12ba53a5d56 to remote] DEBUG org.apache.http.headers - http-outgoing-0 << Content-Type:application/json; charset=utf-8
10:16:39.718 [Forwarding findElements on session c3efacc14fdcc434caedc12ba53a5d56 to remote] DEBUG org.apache.http.impl.execchain.MainClientExec - Connection can be kept alive indefinitely
10:16:39.719 [Forwarding findElements on session c3efacc14fdcc434caedc12ba53a5d56 to remote] DEBUG org.apache.http.impl.conn.PoolingHttpClientConnectionManager - Connection [id: 0][route: {}->http://localhost:38510] can be kept alive indefinitely
10:16:39.719 [Forwarding findElements on session c3efacc14fdcc434caedc12ba53a5d56 to remote] DEBUG org.apache.http.impl.conn.PoolingHttpClientConnectionManager - Connection released: [id: 0][route: {}->http://localhost:38510][total kept alive: 1; route allocated: 1 of 2000; total allocated: 1 of 2000]
10:16:39.720 [Forwarding clickElement on session c3efacc14fdcc434caedc12ba53a5d56 to remote] DEBUG org.apache.http.client.protocol.RequestAddCookies - CookieSpec selected: default
10:16:39.720 [Forwarding clickElement on session c3efacc14fdcc434caedc12ba53a5d56 to remote] DEBUG org.apache.http.client.protocol.RequestAuthCache - Auth cache not set in the context
10:16:39.720 [Forwarding clickElement on session c3efacc14fdcc434caedc12ba53a5d56 to remote] DEBUG org.apache.http.impl.conn.PoolingHttpClientConnectionManager - Connection request: [route: {}->http://localhost:38510][total kept alive: 1; route allocated: 1 of 2000; total allocated: 1 of 2000]
10:16:39.720 [Forwarding clickElement on session c3efacc14fdcc434caedc12ba53a5d56 to remote] DEBUG org.apache.http.impl.conn.PoolingHttpClientConnectionManager - Connection leased: [id: 0][route: {}->http://localhost:38510][total kept alive: 0; route allocated: 1 of 2000; total allocated: 1 of 2000]
10:16:39.720 [Forwarding clickElement on session c3efacc14fdcc434caedc12ba53a5d56 to remote] DEBUG org.apache.http.impl.execchain.MainClientExec - Stale connection check
10:16:39.730 [Forwarding clickElement on session c3efacc14fdcc434caedc12ba53a5d56 to remote] DEBUG org.apache.http.wire - http-outgoing-0 << "[read] I/O error: Read timed out"
10:16:39.730 [Forwarding clickElement on session c3efacc14fdcc434caedc12ba53a5d56 to remote] DEBUG org.apache.http.impl.conn.DefaultManagedHttpClientConnection - http-outgoing-0: set socket timeout to 10800000
10:16:39.730 [Forwarding clickElement on session c3efacc14fdcc434caedc12ba53a5d56 to remote] DEBUG org.apache.http.impl.execchain.MainClientExec - Executing request POST /session/c3efacc14fdcc434caedc12ba53a5d56/element/0.15556683519043668-32/click HTTP/1.1
10:16:39.730 [Forwarding clickElement on session c3efacc14fdcc434caedc12ba53a5d56 to remote] DEBUG org.apache.http.impl.execchain.MainClientExec - Target auth state: UNCHALLENGED
10:16:39.730 [Forwarding clickElement on session c3efacc14fdcc434caedc12ba53a5d56 to remote] DEBUG org.apache.http.impl.execchain.MainClientExec - Proxy auth state: UNCHALLENGED
10:16:39.730 [Forwarding clickElement on session c3efacc14fdcc434caedc12ba53a5d56 to remote] DEBUG org.apache.http.headers - http-outgoing-0 >> POST /session/c3efacc14fdcc434caedc12ba53a5d56/element/0.15556683519043668-32/click HTTP/1.1
10:16:39.730 [Forwarding clickElement on session c3efacc14fdcc434caedc12ba53a5d56 to remote] DEBUG org.apache.http.headers - http-outgoing-0 >> Content-Type: application/json; charset=utf-8
10:16:39.730 [Forwarding clickElement on session c3efacc14fdcc434caedc12ba53a5d56 to remote] DEBUG org.apache.http.headers - http-outgoing-0 >> Content-Length: 31
10:16:39.730 [Forwarding clickElement on session c3efacc14fdcc434caedc12ba53a5d56 to remote] DEBUG org.apache.http.headers - http-outgoing-0 >> Host: localhost:38510
10:16:39.730 [Forwarding clickElement on session c3efacc14fdcc434caedc12ba53a5d56 to remote] DEBUG org.apache.http.headers - http-outgoing-0 >> Connection: Keep-Alive
10:16:39.730 [Forwarding clickElement on session c3efacc14fdcc434caedc12ba53a5d56 to remote] DEBUG org.apache.http.headers - http-outgoing-0 >> User-Agent: Apache-HttpClient/4.5.2 (Java/1.8.0_162)
10:16:39.730 [Forwarding clickElement on session c3efacc14fdcc434caedc12ba53a5d56 to remote] DEBUG org.apache.http.headers - http-outgoing-0 >> Accept-Encoding: gzip,deflate
10:16:39.730 [Forwarding clickElement on session c3efacc14fdcc434caedc12ba53a5d56 to remote] DEBUG org.apache.http.wire - http-outgoing-0 >> "POST /session/c3efacc14fdcc434caedc12ba53a5d56/element/0.15556683519043668-32/click HTTP/1.1[\r][\n]"
10:16:39.730 [Forwarding clickElement on session c3efacc14fdcc434caedc12ba53a5d56 to remote] DEBUG org.apache.http.wire - http-outgoing-0 >> "Content-Type: application/json; charset=utf-8[\r][\n]"
10:16:39.730 [Forwarding clickElement on session c3efacc14fdcc434caedc12ba53a5d56 to remote] DEBUG org.apache.http.wire - http-outgoing-0 >> "Content-Length: 31[\r][\n]"
10:16:39.730 [Forwarding clickElement on session c3efacc14fdcc434caedc12ba53a5d56 to remote] DEBUG org.apache.http.wire - http-outgoing-0 >> "Host: localhost:38510[\r][\n]"
10:16:39.730 [Forwarding clickElement on session c3efacc14fdcc434caedc12ba53a5d56 to remote] DEBUG org.apache.http.wire - http-outgoing-0 >> "Connection: Keep-Alive[\r][\n]"
10:16:39.730 [Forwarding clickElement on session c3efacc14fdcc434caedc12ba53a5d56 to remote] DEBUG org.apache.http.wire - http-outgoing-0 >> "User-Agent: Apache-HttpClient/4.5.2 (Java/1.8.0_162)[\r][\n]"
10:16:39.730 [Forwarding clickElement on session c3efacc14fdcc434caedc12ba53a5d56 to remote] DEBUG org.apache.http.wire - http-outgoing-0 >> "Accept-Encoding: gzip,deflate[\r][\n]"
10:16:39.730 [Forwarding clickElement on session c3efacc14fdcc434caedc12ba53a5d56 to remote] DEBUG org.apache.http.wire - http-outgoing-0 >> "[\r][\n]"
10:16:39.730 [Forwarding clickElement on session c3efacc14fdcc434caedc12ba53a5d56 to remote] DEBUG org.apache.http.wire - http-outgoing-0 >> "{"id":"0.15556683519043668-32"}"
10:16:39.790 [Forwarding clickElement on session c3efacc14fdcc434caedc12ba53a5d56 to remote] DEBUG org.apache.http.wire - http-outgoing-0 << "HTTP/1.1 200 OK[\r][\n]"
10:16:39.790 [Forwarding clickElement on session c3efacc14fdcc434caedc12ba53a5d56 to remote] DEBUG org.apache.http.wire - http-outgoing-0 << "Content-Length:72[\r][\n]"
10:16:39.790 [Forwarding clickElement on session c3efacc14fdcc434caedc12ba53a5d56 to remote] DEBUG org.apache.http.wire - http-outgoing-0 << "Content-Type:application/json; charset=utf-8[\r][\n]"
10:16:39.790 [Forwarding clickElement on session c3efacc14fdcc434caedc12ba53a5d56 to remote] DEBUG org.apache.http.wire - http-outgoing-0 << "[\r][\n]"
10:16:39.790 [Forwarding clickElement on session c3efacc14fdcc434caedc12ba53a5d56 to remote] DEBUG org.apache.http.wire - http-outgoing-0 << "{"sessionId":"c3efacc14fdcc434caedc12ba53a5d56","status":0,"value":null}"
10:16:39.790 [Forwarding clickElement on session c3efacc14fdcc434caedc12ba53a5d56 to remote] DEBUG org.apache.http.headers - http-outgoing-0 << HTTP/1.1 200 OK
10:16:39.790 [Forwarding clickElement on session c3efacc14fdcc434caedc12ba53a5d56 to remote] DEBUG org.apache.http.headers - http-outgoing-0 << Content-Length:72
10:16:39.790 [Forwarding clickElement on session c3efacc14fdcc434caedc12ba53a5d56 to remote] DEBUG org.apache.http.headers - http-outgoing-0 << Content-Type:application/json; charset=utf-8
10:16:39.790 [Forwarding clickElement on session c3efacc14fdcc434caedc12ba53a5d56 to remote] DEBUG org.apache.http.impl.execchain.MainClientExec - Connection can be kept alive indefinitely
10:16:39.790 [Forwarding clickElement on session c3efacc14fdcc434caedc12ba53a5d56 to remote] DEBUG org.apache.http.impl.conn.PoolingHttpClientConnectionManager - Connection [id: 0][route: {}->http://localhost:38510] can be kept alive indefinitely
10:16:39.790 [Forwarding clickElement on session c3efacc14fdcc434caedc12ba53a5d56 to remote] DEBUG org.apache.http.impl.conn.PoolingHttpClientConnectionManager - Connection released: [id: 0][route: {}->http://localhost:38510][total kept alive: 1; route allocated: 1 of 2000; total allocated: 1 of 2000]
10:16:39.791 [Forwarding findElement on session c3efacc14fdcc434caedc12ba53a5d56 to remote] DEBUG org.apache.http.client.protocol.RequestAddCookies - CookieSpec selected: default
10:16:39.791 [Forwarding findElement on session c3efacc14fdcc434caedc12ba53a5d56 to remote] DEBUG org.apache.http.client.protocol.RequestAuthCache - Auth cache not set in the context
10:16:39.791 [Forwarding findElement on session c3efacc14fdcc434caedc12ba53a5d56 to remote] DEBUG org.apache.http.impl.conn.PoolingHttpClientConnectionManager - Connection request: [route: {}->http://localhost:38510][total kept alive: 1; route allocated: 1 of 2000; total allocated: 1 of 2000]
10:16:39.791 [Forwarding findElement on session c3efacc14fdcc434caedc12ba53a5d56 to remote] DEBUG org.apache.http.impl.conn.PoolingHttpClientConnectionManager - Connection leased: [id: 0][route: {}->http://localhost:38510][total kept alive: 0; route allocated: 1 of 2000; total allocated: 1 of 2000]
10:16:39.791 [Forwarding findElement on session c3efacc14fdcc434caedc12ba53a5d56 to remote] DEBUG org.apache.http.impl.execchain.MainClientExec - Stale connection check
10:16:39.808 [Forwarding findElement on session c3efacc14fdcc434caedc12ba53a5d56 to remote] DEBUG org.apache.http.wire - http-outgoing-0 << "[read] I/O error: Read timed out"
10:16:39.808 [Forwarding findElement on session c3efacc14fdcc434caedc12ba53a5d56 to remote] DEBUG org.apache.http.impl.conn.DefaultManagedHttpClientConnection - http-outgoing-0: set socket timeout to 10800000
10:16:39.808 [Forwarding findElement on session c3efacc14fdcc434caedc12ba53a5d56 to remote] DEBUG org.apache.http.impl.execchain.MainClientExec - Executing request POST /session/c3efacc14fdcc434caedc12ba53a5d56/element HTTP/1.1
10:16:39.808 [Forwarding findElement on session c3efacc14fdcc434caedc12ba53a5d56 to remote] DEBUG org.apache.http.impl.execchain.MainClientExec - Target auth state: UNCHALLENGED
10:16:39.808 [Forwarding findElement on session c3efacc14fdcc434caedc12ba53a5d56 to remote] DEBUG org.apache.http.impl.execchain.MainClientExec - Proxy auth state: UNCHALLENGED
10:16:39.808 [Forwarding findElement on session c3efacc14fdcc434caedc12ba53a5d56 to remote] DEBUG org.apache.http.headers - http-outgoing-0 >> POST /session/c3efacc14fdcc434caedc12ba53a5d56/element HTTP/1.1
10:16:39.808 [Forwarding findElement on session c3efacc14fdcc434caedc12ba53a5d56 to remote] DEBUG org.apache.http.headers - http-outgoing-0 >> Content-Type: application/json; charset=utf-8
10:16:39.808 [Forwarding findElement on session c3efacc14fdcc434caedc12ba53a5d56 to remote] DEBUG org.apache.http.headers - http-outgoing-0 >> Content-Length: 86
10:16:39.808 [Forwarding findElement on session c3efacc14fdcc434caedc12ba53a5d56 to remote] DEBUG org.apache.http.headers - http-outgoing-0 >> Host: localhost:38510
10:16:39.808 [Forwarding findElement on session c3efacc14fdcc434caedc12ba53a5d56 to remote] DEBUG org.apache.http.headers - http-outgoing-0 >> Connection: Keep-Alive
10:16:39.808 [Forwarding findElement on session c3efacc14fdcc434caedc12ba53a5d56 to remote] DEBUG org.apache.http.headers - http-outgoing-0 >> User-Agent: Apache-HttpClient/4.5.2 (Java/1.8.0_162)
10:16:39.808 [Forwarding findElement on session c3efacc14fdcc434caedc12ba53a5d56 to remote] DEBUG org.apache.http.headers - http-outgoing-0 >> Accept-Encoding: gzip,deflate
10:16:39.808 [Forwarding findElement on session c3efacc14fdcc434caedc12ba53a5d56 to remote] DEBUG org.apache.http.wire - http-outgoing-0 >> "POST /session/c3efacc14fdcc434caedc12ba53a5d56/element HTTP/1.1[\r][\n]"
10:16:39.808 [Forwarding findElement on session c3efacc14fdcc434caedc12ba53a5d56 to remote] DEBUG org.apache.http.wire - http-outgoing-0 >> "Content-Type: application/json; charset=utf-8[\r][\n]"
10:16:39.808 [Forwarding findElement on session c3efacc14fdcc434caedc12ba53a5d56 to remote] DEBUG org.apache.http.wire - http-outgoing-0 >> "Content-Length: 86[\r][\n]"
10:16:39.808 [Forwarding findElement on session c3efacc14fdcc434caedc12ba53a5d56 to remote] DEBUG org.apache.http.wire - http-outgoing-0 >> "Host: localhost:38510[\r][\n]"
10:16:39.808 [Forwarding findElement on session c3efacc14fdcc434caedc12ba53a5d56 to remote] DEBUG org.apache.http.wire - http-outgoing-0 >> "Connection: Keep-Alive[\r][\n]"
10:16:39.808 [Forwarding findElement on session c3efacc14fdcc434caedc12ba53a5d56 to remote] DEBUG org.apache.http.wire - http-outgoing-0 >> "User-Agent: Apache-HttpClient/4.5.2 (Java/1.8.0_162)[\r][\n]"
10:16:39.808 [Forwarding findElement on session c3efacc14fdcc434caedc12ba53a5d56 to remote] DEBUG org.apache.http.wire - http-outgoing-0 >> "Accept-Encoding: gzip,deflate[\r][\n]"
10:16:39.808 [Forwarding findElement on session c3efacc14fdcc434caedc12ba53a5d56 to remote] DEBUG org.apache.http.wire - http-outgoing-0 >> "[\r][\n]"
10:16:39.808 [Forwarding findElement on session c3efacc14fdcc434caedc12ba53a5d56 to remote] DEBUG org.apache.http.wire - http-outgoing-0 >> "{"using":"xpath","value":"//button[@class=\"ivu-btn ivu-btn-primary ivu-btn-large\"]"}"
10:16:39.816 [Forwarding findElement on session c3efacc14fdcc434caedc12ba53a5d56 to remote] DEBUG org.apache.http.wire - http-outgoing-0 << "HTTP/1.1 200 OK[\r][\n]"
10:16:39.816 [Forwarding findElement on session c3efacc14fdcc434caedc12ba53a5d56 to remote] DEBUG org.apache.http.wire - http-outgoing-0 << "Content-Length:104[\r][\n]"
10:16:39.816 [Forwarding findElement on session c3efacc14fdcc434caedc12ba53a5d56 to remote] DEBUG org.apache.http.wire - http-outgoing-0 << "Content-Type:application/json; charset=utf-8[\r][\n]"
10:16:39.816 [Forwarding findElement on session c3efacc14fdcc434caedc12ba53a5d56 to remote] DEBUG org.apache.http.wire - http-outgoing-0 << "[\r][\n]"
10:16:39.816 [Forwarding findElement on session c3efacc14fdcc434caedc12ba53a5d56 to remote] DEBUG org.apache.http.wire - http-outgoing-0 << "{"sessionId":"c3efacc14fdcc434caedc12ba53a5d56","status":0,"value":{"ELEMENT":"0.15556683519043668-37"}}"
10:16:39.816 [Forwarding findElement on session c3efacc14fdcc434caedc12ba53a5d56 to remote] DEBUG org.apache.http.headers - http-outgoing-0 << HTTP/1.1 200 OK
10:16:39.816 [Forwarding findElement on session c3efacc14fdcc434caedc12ba53a5d56 to remote] DEBUG org.apache.http.headers - http-outgoing-0 << Content-Length:104
10:16:39.816 [Forwarding findElement on session c3efacc14fdcc434caedc12ba53a5d56 to remote] DEBUG org.apache.http.headers - http-outgoing-0 << Content-Type:application/json; charset=utf-8
10:16:39.816 [Forwarding findElement on session c3efacc14fdcc434caedc12ba53a5d56 to remote] DEBUG org.apache.http.impl.execchain.MainClientExec - Connection can be kept alive indefinitely
10:16:39.816 [Forwarding findElement on session c3efacc14fdcc434caedc12ba53a5d56 to remote] DEBUG org.apache.http.impl.conn.PoolingHttpClientConnectionManager - Connection [id: 0][route: {}->http://localhost:38510] can be kept alive indefinitely
10:16:39.816 [Forwarding findElement on session c3efacc14fdcc434caedc12ba53a5d56 to remote] DEBUG org.apache.http.impl.conn.PoolingHttpClientConnectionManager - Connection released: [id: 0][route: {}->http://localhost:38510][total kept alive: 1; route allocated: 1 of 2000; total allocated: 1 of 2000]
10:16:39.817 [Forwarding clickElement on session c3efacc14fdcc434caedc12ba53a5d56 to remote] DEBUG org.apache.http.client.protocol.RequestAddCookies - CookieSpec selected: default
10:16:39.817 [Forwarding clickElement on session c3efacc14fdcc434caedc12ba53a5d56 to remote] DEBUG org.apache.http.client.protocol.RequestAuthCache - Auth cache not set in the context
10:16:39.817 [Forwarding clickElement on session c3efacc14fdcc434caedc12ba53a5d56 to remote] DEBUG org.apache.http.impl.conn.PoolingHttpClientConnectionManager - Connection request: [route: {}->http://localhost:38510][total kept alive: 1; route allocated: 1 of 2000; total allocated: 1 of 2000]
10:16:39.817 [Forwarding clickElement on session c3efacc14fdcc434caedc12ba53a5d56 to remote] DEBUG org.apache.http.impl.conn.PoolingHttpClientConnectionManager - Connection leased: [id: 0][route: {}->http://localhost:38510][total kept alive: 0; route allocated: 1 of 2000; total allocated: 1 of 2000]
10:16:39.817 [Forwarding clickElement on session c3efacc14fdcc434caedc12ba53a5d56 to remote] DEBUG org.apache.http.impl.execchain.MainClientExec - Stale connection check
10:16:39.823 [Forwarding clickElement on session c3efacc14fdcc434caedc12ba53a5d56 to remote] DEBUG org.apache.http.wire - http-outgoing-0 << "[read] I/O error: Read timed out"
10:16:39.823 [Forwarding clickElement on session c3efacc14fdcc434caedc12ba53a5d56 to remote] DEBUG org.apache.http.impl.conn.DefaultManagedHttpClientConnection - http-outgoing-0: set socket timeout to 10800000
10:16:39.823 [Forwarding clickElement on session c3efacc14fdcc434caedc12ba53a5d56 to remote] DEBUG org.apache.http.impl.execchain.MainClientExec - Executing request POST /session/c3efacc14fdcc434caedc12ba53a5d56/element/0.15556683519043668-37/click HTTP/1.1
10:16:39.823 [Forwarding clickElement on session c3efacc14fdcc434caedc12ba53a5d56 to remote] DEBUG org.apache.http.impl.execchain.MainClientExec - Target auth state: UNCHALLENGED
10:16:39.823 [Forwarding clickElement on session c3efacc14fdcc434caedc12ba53a5d56 to remote] DEBUG org.apache.http.impl.execchain.MainClientExec - Proxy auth state: UNCHALLENGED
10:16:39.823 [Forwarding clickElement on session c3efacc14fdcc434caedc12ba53a5d56 to remote] DEBUG org.apache.http.headers - http-outgoing-0 >> POST /session/c3efacc14fdcc434caedc12ba53a5d56/element/0.15556683519043668-37/click HTTP/1.1
10:16:39.823 [Forwarding clickElement on session c3efacc14fdcc434caedc12ba53a5d56 to remote] DEBUG org.apache.http.headers - http-outgoing-0 >> Content-Type: application/json; charset=utf-8
10:16:39.823 [Forwarding clickElement on session c3efacc14fdcc434caedc12ba53a5d56 to remote] DEBUG org.apache.http.headers - http-outgoing-0 >> Content-Length: 31
10:16:39.823 [Forwarding clickElement on session c3efacc14fdcc434caedc12ba53a5d56 to remote] DEBUG org.apache.http.headers - http-outgoing-0 >> Host: localhost:38510
10:16:39.823 [Forwarding clickElement on session c3efacc14fdcc434caedc12ba53a5d56 to remote] DEBUG org.apache.http.headers - http-outgoing-0 >> Connection: Keep-Alive
10:16:39.823 [Forwarding clickElement on session c3efacc14fdcc434caedc12ba53a5d56 to remote] DEBUG org.apache.http.headers - http-outgoing-0 >> User-Agent: Apache-HttpClient/4.5.2 (Java/1.8.0_162)
10:16:39.823 [Forwarding clickElement on session c3efacc14fdcc434caedc12ba53a5d56 to remote] DEBUG org.apache.http.headers - http-outgoing-0 >> Accept-Encoding: gzip,deflate
10:16:39.823 [Forwarding clickElement on session c3efacc14fdcc434caedc12ba53a5d56 to remote] DEBUG org.apache.http.wire - http-outgoing-0 >> "POST /session/c3efacc14fdcc434caedc12ba53a5d56/element/0.15556683519043668-37/click HTTP/1.1[\r][\n]"
10:16:39.823 [Forwarding clickElement on session c3efacc14fdcc434caedc12ba53a5d56 to remote] DEBUG org.apache.http.wire - http-outgoing-0 >> "Content-Type: application/json; charset=utf-8[\r][\n]"
10:16:39.823 [Forwarding clickElement on session c3efacc14fdcc434caedc12ba53a5d56 to remote] DEBUG org.apache.http.wire - http-outgoing-0 >> "Content-Length: 31[\r][\n]"
10:16:39.823 [Forwarding clickElement on session c3efacc14fdcc434caedc12ba53a5d56 to remote] DEBUG org.apache.http.wire - http-outgoing-0 >> "Host: localhost:38510[\r][\n]"
10:16:39.823 [Forwarding clickElement on session c3efacc14fdcc434caedc12ba53a5d56 to remote] DEBUG org.apache.http.wire - http-outgoing-0 >> "Connection: Keep-Alive[\r][\n]"
10:16:39.823 [Forwarding clickElement on session c3efacc14fdcc434caedc12ba53a5d56 to remote] DEBUG org.apache.http.wire - http-outgoing-0 >> "User-Agent: Apache-HttpClient/4.5.2 (Java/1.8.0_162)[\r][\n]"
10:16:39.823 [Forwarding clickElement on session c3efacc14fdcc434caedc12ba53a5d56 to remote] DEBUG org.apache.http.wire - http-outgoing-0 >> "Accept-Encoding: gzip,deflate[\r][\n]"
10:16:39.823 [Forwarding clickElement on session c3efacc14fdcc434caedc12ba53a5d56 to remote] DEBUG org.apache.http.wire - http-outgoing-0 >> "[\r][\n]"
10:16:39.823 [Forwarding clickElement on session c3efacc14fdcc434caedc12ba53a5d56 to remote] DEBUG org.apache.http.wire - http-outgoing-0 >> "{"id":"0.15556683519043668-37"}"
10:16:40.922 [Forwarding clickElement on session c3efacc14fdcc434caedc12ba53a5d56 to remote] DEBUG org.apache.http.wire - http-outgoing-0 << "HTTP/1.1 200 OK[\r][\n]"
10:16:40.922 [Forwarding clickElement on session c3efacc14fdcc434caedc12ba53a5d56 to remote] DEBUG org.apache.http.wire - http-outgoing-0 << "Content-Length:737[\r][\n]"
10:16:40.922 [Forwarding clickElement on session c3efacc14fdcc434caedc12ba53a5d56 to remote] DEBUG org.apache.http.wire - http-outgoing-0 << "Content-Type:application/json; charset=utf-8[\r][\n]"
10:16:40.922 [Forwarding clickElement on session c3efacc14fdcc434caedc12ba53a5d56 to remote] DEBUG org.apache.http.wire - http-outgoing-0 << "[\r][\n]"
10:16:40.922 [Forwarding clickElement on session c3efacc14fdcc434caedc12ba53a5d56 to remote] DEBUG org.apache.http.wire - http-outgoing-0 << "{"sessionId":"c3efacc14fdcc434caedc12ba53a5d56","status":64,"value":{"message":"element click intercepted: Element \u003Ciframe src=\"/webapps/v2/GCCM/GCCM01/index.html?bole-v=1.1.0&amp;formKey=GCCM01&amp;formName=%E6%B7%BB%E5%8A%A0%E5%AE%A2%E6%88%B7&amp;lang=zh&amp;windowId=WID948390736983882\" frameborder=\"0\" id=\"GCCM01\" class=\"active_page\" cd_frame_id_=\"1118c3ff72efa9d23a1c1522040f2478\">\u003C/iframe> is not clickable at point (679, 590). Other element would receive the click: \u003Cdiv class=\"popUp_footer\">...\u003C/div>\n  (Session info: chrome=98.0.4758.82)\n  (Driver info: chromedriver=98.0.4758.80 (7f0488e8ba0d8e019187c6325a16c29d9b7f4989-refs/branch-heads/4758@{#972}),platform=Windows NT 10.0.19043 x86_64)"}}"
10:16:40.922 [Forwarding clickElement on session c3efacc14fdcc434caedc12ba53a5d56 to remote] DEBUG org.apache.http.headers - http-outgoing-0 << HTTP/1.1 200 OK
10:16:40.922 [Forwarding clickElement on session c3efacc14fdcc434caedc12ba53a5d56 to remote] DEBUG org.apache.http.headers - http-outgoing-0 << Content-Length:737
10:16:40.922 [Forwarding clickElement on session c3efacc14fdcc434caedc12ba53a5d56 to remote] DEBUG org.apache.http.headers - http-outgoing-0 << Content-Type:application/json; charset=utf-8
10:16:40.922 [Forwarding clickElement on session c3efacc14fdcc434caedc12ba53a5d56 to remote] DEBUG org.apache.http.impl.execchain.MainClientExec - Connection can be kept alive indefinitely
10:16:40.922 [Forwarding clickElement on session c3efacc14fdcc434caedc12ba53a5d56 to remote] DEBUG org.apache.http.impl.conn.PoolingHttpClientConnectionManager - Connection [id: 0][route: {}->http://localhost:38510] can be kept alive indefinitely
10:16:40.922 [Forwarding clickElement on session c3efacc14fdcc434caedc12ba53a5d56 to remote] DEBUG org.apache.http.impl.conn.PoolingHttpClientConnectionManager - Connection released: [id: 0][route: {}->http://localhost:38510][total kept alive: 1; route allocated: 1 of 2000; total allocated: 1 of 2000]
]]></system-out>
    <system-err><![CDATA[Starting ChromeDriver 98.0.4758.80 (7f0488e8ba0d8e019187c6325a16c29d9b7f4989-refs/branch-heads/4758@{#972}) on port 38510
Only local connections are allowed.
Please see https://chromedriver.chromium.org/security-considerations for suggestions on keeping ChromeDriver safe.
ChromeDriver was started successfully.
]]></system-err>
  </testcase>
  <testcase name="test" classname="com.beilie.test.bole.cases.客户部.我的客户._02GC01_创建草稿合同" time="31.882"/>
  <testcase name="test" classname="com.beilie.test.bole.cases.客户部.我的客户._03GC12提交合同" time="30.722">
    <failure message="element click intercepted: Element &lt;iframe src=&quot;/webapps/v2/GC/GC14/index.html?bole-v=1.1.0&amp;amp;formKey=GC14&amp;amp;formName=%E6%88%91%E7%9A%84%E5%90%88%E5%90%8C&amp;amp;lang=zh&amp;amp;windowId=WID4161580338219792&quot; frameborder=&quot;0&quot; id=&quot;GC14&quot; class=&quot;active_page&quot; cd_frame_id_=&quot;19dabcab94b7a027b5bfe7be40eba80a&quot;&gt;&lt;/iframe&gt; is not clickable at point (448, 204). Other element would receive the click: &lt;iframe src=&quot;/webapps/v2/GC/GC12/index.html?modalWidth=90%25&amp;amp;modalHeight=90%25&amp;amp;modalType=Window&amp;amp;bole-v=1.1.0&amp;amp;contractId=1019914789096263680&amp;amp;windowId=WID902201967900834&amp;amp;formKey=GC12&amp;amp;formName=%E5%88%9B%E5%BB%BA%E5%90%88%E5%90%8C&amp;amp;lang=zh&amp;amp;dark=1&quot; frameborder=&quot;0&quot; id=&quot;WID902201967900834&quot; cd_frame_id_=&quot;882541989fb096ccd4a4dd49185a9b23&quot;&gt;&lt;/iframe&gt;&#10;  (Session info: chrome=98.0.4758.82)&#10;  (Driver info: chromedriver=98.0.4758.80 (7f0488e8ba0d8e019187c6325a16c29d9b7f4989-refs/branch-heads/4758@{#972}),platform=Windows NT 10.0.19043 x86_64) (WARNING: The server did not provide any stacktrace information)&#10;Command duration or timeout: 1.07 seconds&#10;Build info: version: &apos;2.53.1&apos;, revision: &apos;a36b8b1cd5757287168e54b817830adce9b0158d&apos;, time: &apos;2016-06-30 19:26:09&apos;&#10;System info: host: &apos;DESKTOP-FJ710P4&apos;, ip: &apos;192.168.5.36&apos;, os.name: &apos;Windows 10&apos;, os.arch: &apos;amd64&apos;, os.version: &apos;10.0&apos;, java.version: &apos;1.8.0_162&apos;&#10;Driver info: org.openqa.selenium.chrome.ChromeDriver&#10;Capabilities [{mobileEmulationEnabled=false, timeouts={implicit=0, pageLoad=300000, script=30000}, hasTouchScreen=false, platform=XP, acceptSslCerts=false, goog:chromeOptions={debuggerAddress=localhost:60197}, webauthn:extension:credBlob=true, acceptInsecureCerts=false, webStorageEnabled=true, browserName=chrome, takesScreenshot=true, javascriptEnabled=true, setWindowRect=true, webauthn:extension:largeBlob=true, unexpectedAlertBehaviour=ignore, rotatable=false, networkConnectionEnabled=false, chrome={chromedriverVersion=98.0.4758.80 (7f0488e8ba0d8e019187c6325a16c29d9b7f4989-refs/branch-heads/4758@{#972}), userDataDir=C:\Users\86182\AppData\Local\Temp\scoped_dir12040_429974679}, takesHeapSnapshot=true, pageLoadStrategy=normal, strictFileInteractability=false, databaseEnabled=false, handlesAlerts=true, version=98.0.4758.82, browserConnectionEnabled=false, proxy={}, nativeEvents=true, locationContextEnabled=true, cssSelectorsEnabled=true, webauthn:virtualAuthenticators=true}]&#10;Session ID: c2c9e5df695e5c1a4290eacba5ee9727" type="org.openqa.selenium.WebDriverException"><![CDATA[org.openqa.selenium.WebDriverException: element click intercepted: Element <iframe src="/webapps/v2/GC/GC14/index.html?bole-v=1.1.0&amp;formKey=GC14&amp;formName=%E6%88%91%E7%9A%84%E5%90%88%E5%90%8C&amp;lang=zh&amp;windowId=WID4161580338219792" frameborder="0" id="GC14" class="active_page" cd_frame_id_="19dabcab94b7a027b5bfe7be40eba80a"></iframe> is not clickable at point (448, 204). Other element would receive the click: <iframe src="/webapps/v2/GC/GC12/index.html?modalWidth=90%25&amp;modalHeight=90%25&amp;modalType=Window&amp;bole-v=1.1.0&amp;contractId=1019914789096263680&amp;windowId=WID902201967900834&amp;formKey=GC12&amp;formName=%E5%88%9B%E5%BB%BA%E5%90%88%E5%90%8C&amp;lang=zh&amp;dark=1" frameborder="0" id="WID902201967900834" cd_frame_id_="882541989fb096ccd4a4dd49185a9b23"></iframe>
  (Session info: chrome=98.0.4758.82)
  (Driver info: chromedriver=98.0.4758.80 (7f0488e8ba0d8e019187c6325a16c29d9b7f4989-refs/branch-heads/4758@{#972}),platform=Windows NT 10.0.19043 x86_64) (WARNING: The server did not provide any stacktrace information)
Command duration or timeout: 1.07 seconds
Build info: version: '2.53.1', revision: 'a36b8b1cd5757287168e54b817830adce9b0158d', time: '2016-06-30 19:26:09'
System info: host: 'DESKTOP-FJ710P4', ip: '192.168.5.36', os.name: 'Windows 10', os.arch: 'amd64', os.version: '10.0', java.version: '1.8.0_162'
Driver info: org.openqa.selenium.chrome.ChromeDriver
Capabilities [{mobileEmulationEnabled=false, timeouts={implicit=0, pageLoad=300000, script=30000}, hasTouchScreen=false, platform=XP, acceptSslCerts=false, goog:chromeOptions={debuggerAddress=localhost:60197}, webauthn:extension:credBlob=true, acceptInsecureCerts=false, webStorageEnabled=true, browserName=chrome, takesScreenshot=true, javascriptEnabled=true, setWindowRect=true, webauthn:extension:largeBlob=true, unexpectedAlertBehaviour=ignore, rotatable=false, networkConnectionEnabled=false, chrome={chromedriverVersion=98.0.4758.80 (7f0488e8ba0d8e019187c6325a16c29d9b7f4989-refs/branch-heads/4758@{#972}), userDataDir=C:\Users\86182\AppData\Local\Temp\scoped_dir12040_429974679}, takesHeapSnapshot=true, pageLoadStrategy=normal, strictFileInteractability=false, databaseEnabled=false, handlesAlerts=true, version=98.0.4758.82, browserConnectionEnabled=false, proxy={}, nativeEvents=true, locationContextEnabled=true, cssSelectorsEnabled=true, webauthn:virtualAuthenticators=true}]
Session ID: c2c9e5df695e5c1a4290eacba5ee9727
	at sun.reflect.NativeConstructorAccessorImpl.newInstance0(Native Method)
	at sun.reflect.NativeConstructorAccessorImpl.newInstance(NativeConstructorAccessorImpl.java:62)
	at sun.reflect.DelegatingConstructorAccessorImpl.newInstance(DelegatingConstructorAccessorImpl.java:45)
	at java.lang.reflect.Constructor.newInstance(Constructor.java:423)
	at org.openqa.selenium.remote.ErrorHandler.createThrowable(ErrorHandler.java:206)
	at org.openqa.selenium.remote.ErrorHandler.throwIfResponseFailed(ErrorHandler.java:158)
	at org.openqa.selenium.remote.RemoteWebDriver.execute(RemoteWebDriver.java:678)
	at org.openqa.selenium.remote.RemoteWebElement.execute(RemoteWebElement.java:327)
	at org.openqa.selenium.remote.RemoteWebElement.click(RemoteWebElement.java:85)
	at com.beilie.test.seleniums.core.sealed.WebElementVendor.click(WebElementVendor.java:39)
	at com.beilie.test.seleniums.core.UIElement.click(UIElement.java:10)
	at com.beilie.test.open.PublicClass.Public.iClass_click(Public.java:131)
	at com.beilie.test.bole.pages.GC.GC14Page.checkContract_submit(GC14Page.java:31)
	at com.beilie.test.bole.cases.客户部.我的客户._03GC12提交合同.test(_03GC12提交合同.java:39)
]]></failure>
    <system-out><![CDATA[10:17:15.919 [Forwarding quit on session b4609bdb7aeaf62b85359adc151e8df5 to remote] DEBUG org.apache.http.client.protocol.RequestAddCookies - CookieSpec selected: default
10:17:15.919 [Forwarding quit on session b4609bdb7aeaf62b85359adc151e8df5 to remote] DEBUG org.apache.http.client.protocol.RequestAuthCache - Auth cache not set in the context
10:17:15.919 [Forwarding quit on session b4609bdb7aeaf62b85359adc151e8df5 to remote] DEBUG org.apache.http.impl.conn.PoolingHttpClientConnectionManager - Connection request: [route: {}->http://localhost:14317][total kept alive: 1; route allocated: 1 of 2000; total allocated: 1 of 2000]
10:17:15.934 [Forwarding quit on session b4609bdb7aeaf62b85359adc151e8df5 to remote] DEBUG org.apache.http.wire - http-outgoing-1 << "[read] I/O error: Read timed out"
10:17:15.934 [Forwarding quit on session b4609bdb7aeaf62b85359adc151e8df5 to remote] DEBUG org.apache.http.impl.conn.PoolingHttpClientConnectionManager - Connection leased: [id: 1][route: {}->http://localhost:14317][total kept alive: 0; route allocated: 1 of 2000; total allocated: 1 of 2000]
10:17:15.934 [Forwarding quit on session b4609bdb7aeaf62b85359adc151e8df5 to remote] DEBUG org.apache.http.impl.execchain.MainClientExec - Stale connection check
10:17:15.949 [Forwarding quit on session b4609bdb7aeaf62b85359adc151e8df5 to remote] DEBUG org.apache.http.wire - http-outgoing-1 << "[read] I/O error: Read timed out"
10:17:15.949 [Forwarding quit on session b4609bdb7aeaf62b85359adc151e8df5 to remote] DEBUG org.apache.http.impl.conn.DefaultManagedHttpClientConnection - http-outgoing-1: set socket timeout to 10800000
10:17:15.949 [Forwarding quit on session b4609bdb7aeaf62b85359adc151e8df5 to remote] DEBUG org.apache.http.impl.execchain.MainClientExec - Executing request DELETE /session/b4609bdb7aeaf62b85359adc151e8df5 HTTP/1.1
10:17:15.949 [Forwarding quit on session b4609bdb7aeaf62b85359adc151e8df5 to remote] DEBUG org.apache.http.impl.execchain.MainClientExec - Target auth state: UNCHALLENGED
10:17:15.949 [Forwarding quit on session b4609bdb7aeaf62b85359adc151e8df5 to remote] DEBUG org.apache.http.impl.execchain.MainClientExec - Proxy auth state: UNCHALLENGED
10:17:15.949 [Forwarding quit on session b4609bdb7aeaf62b85359adc151e8df5 to remote] DEBUG org.apache.http.headers - http-outgoing-1 >> DELETE /session/b4609bdb7aeaf62b85359adc151e8df5 HTTP/1.1
10:17:15.949 [Forwarding quit on session b4609bdb7aeaf62b85359adc151e8df5 to remote] DEBUG org.apache.http.headers - http-outgoing-1 >> Host: localhost:14317
10:17:15.949 [Forwarding quit on session b4609bdb7aeaf62b85359adc151e8df5 to remote] DEBUG org.apache.http.headers - http-outgoing-1 >> Connection: Keep-Alive
10:17:15.949 [Forwarding quit on session b4609bdb7aeaf62b85359adc151e8df5 to remote] DEBUG org.apache.http.headers - http-outgoing-1 >> User-Agent: Apache-HttpClient/4.5.2 (Java/1.8.0_162)
10:17:15.949 [Forwarding quit on session b4609bdb7aeaf62b85359adc151e8df5 to remote] DEBUG org.apache.http.headers - http-outgoing-1 >> Accept-Encoding: gzip,deflate
10:17:15.949 [Forwarding quit on session b4609bdb7aeaf62b85359adc151e8df5 to remote] DEBUG org.apache.http.wire - http-outgoing-1 >> "DELETE /session/b4609bdb7aeaf62b85359adc151e8df5 HTTP/1.1[\r][\n]"
10:17:15.949 [Forwarding quit on session b4609bdb7aeaf62b85359adc151e8df5 to remote] DEBUG org.apache.http.wire - http-outgoing-1 >> "Host: localhost:14317[\r][\n]"
10:17:15.949 [Forwarding quit on session b4609bdb7aeaf62b85359adc151e8df5 to remote] DEBUG org.apache.http.wire - http-outgoing-1 >> "Connection: Keep-Alive[\r][\n]"
10:17:15.949 [Forwarding quit on session b4609bdb7aeaf62b85359adc151e8df5 to remote] DEBUG org.apache.http.wire - http-outgoing-1 >> "User-Agent: Apache-HttpClient/4.5.2 (Java/1.8.0_162)[\r][\n]"
10:17:15.949 [Forwarding quit on session b4609bdb7aeaf62b85359adc151e8df5 to remote] DEBUG org.apache.http.wire - http-outgoing-1 >> "Accept-Encoding: gzip,deflate[\r][\n]"
10:17:15.949 [Forwarding quit on session b4609bdb7aeaf62b85359adc151e8df5 to remote] DEBUG org.apache.http.wire - http-outgoing-1 >> "[\r][\n]"
10:17:16.428 [Forwarding quit on session b4609bdb7aeaf62b85359adc151e8df5 to remote] DEBUG org.apache.http.wire - http-outgoing-1 << "HTTP/1.1 200 OK[\r][\n]"
10:17:16.428 [Forwarding quit on session b4609bdb7aeaf62b85359adc151e8df5 to remote] DEBUG org.apache.http.wire - http-outgoing-1 << "Content-Length:72[\r][\n]"
10:17:16.428 [Forwarding quit on session b4609bdb7aeaf62b85359adc151e8df5 to remote] DEBUG org.apache.http.wire - http-outgoing-1 << "Content-Type:application/json; charset=utf-8[\r][\n]"
10:17:16.428 [Forwarding quit on session b4609bdb7aeaf62b85359adc151e8df5 to remote] DEBUG org.apache.http.wire - http-outgoing-1 << "[\r][\n]"
10:17:16.428 [Forwarding quit on session b4609bdb7aeaf62b85359adc151e8df5 to remote] DEBUG org.apache.http.wire - http-outgoing-1 << "{"sessionId":"b4609bdb7aeaf62b85359adc151e8df5","status":0,"value":null}"
10:17:16.428 [Forwarding quit on session b4609bdb7aeaf62b85359adc151e8df5 to remote] DEBUG org.apache.http.headers - http-outgoing-1 << HTTP/1.1 200 OK
10:17:16.428 [Forwarding quit on session b4609bdb7aeaf62b85359adc151e8df5 to remote] DEBUG org.apache.http.headers - http-outgoing-1 << Content-Length:72
10:17:16.428 [Forwarding quit on session b4609bdb7aeaf62b85359adc151e8df5 to remote] DEBUG org.apache.http.headers - http-outgoing-1 << Content-Type:application/json; charset=utf-8
10:17:16.429 [Forwarding quit on session b4609bdb7aeaf62b85359adc151e8df5 to remote] DEBUG org.apache.http.impl.execchain.MainClientExec - Connection can be kept alive indefinitely
10:17:16.429 [Forwarding quit on session b4609bdb7aeaf62b85359adc151e8df5 to remote] DEBUG org.apache.http.impl.conn.PoolingHttpClientConnectionManager - Connection [id: 1][route: {}->http://localhost:14317] can be kept alive indefinitely
10:17:16.429 [Forwarding quit on session b4609bdb7aeaf62b85359adc151e8df5 to remote] DEBUG org.apache.http.impl.conn.PoolingHttpClientConnectionManager - Connection released: [id: 1][route: {}->http://localhost:14317][total kept alive: 1; route allocated: 1 of 2000; total allocated: 1 of 2000]
10:17:16.429 [Forwarding quit on session b4609bdb7aeaf62b85359adc151e8df5 to remote] DEBUG org.apache.http.impl.conn.PoolingHttpClientConnectionManager - Closing connections idle longer than 0 SECONDS
10:17:16.429 [Forwarding quit on session b4609bdb7aeaf62b85359adc151e8df5 to remote] DEBUG org.apache.http.impl.conn.DefaultManagedHttpClientConnection - http-outgoing-1: Close connection
10:17:18.074 [Forwarding newSession on session null to remote] DEBUG org.apache.http.client.protocol.RequestAddCookies - CookieSpec selected: default
10:17:18.074 [Forwarding newSession on session null to remote] DEBUG org.apache.http.client.protocol.RequestAuthCache - Auth cache not set in the context
10:17:18.074 [Forwarding newSession on session null to remote] DEBUG org.apache.http.impl.conn.PoolingHttpClientConnectionManager - Connection request: [route: {}->http://localhost:36428][total kept alive: 0; route allocated: 0 of 2000; total allocated: 0 of 2000]
10:17:18.074 [Forwarding newSession on session null to remote] DEBUG org.apache.http.impl.conn.PoolingHttpClientConnectionManager - Connection leased: [id: 2][route: {}->http://localhost:36428][total kept alive: 0; route allocated: 1 of 2000; total allocated: 1 of 2000]
10:17:18.074 [Forwarding newSession on session null to remote] DEBUG org.apache.http.impl.execchain.MainClientExec - Opening connection {}->http://localhost:36428
10:17:18.074 [Forwarding newSession on session null to remote] DEBUG org.apache.http.impl.conn.DefaultHttpClientConnectionOperator - Connecting to localhost/127.0.0.1:36428
10:17:18.075 [Forwarding newSession on session null to remote] DEBUG org.apache.http.impl.conn.DefaultHttpClientConnectionOperator - Connection established 127.0.0.1:60196<->127.0.0.1:36428
10:17:18.075 [Forwarding newSession on session null to remote] DEBUG org.apache.http.impl.conn.DefaultManagedHttpClientConnection - http-outgoing-2: set socket timeout to 10800000
10:17:18.075 [Forwarding newSession on session null to remote] DEBUG org.apache.http.impl.execchain.MainClientExec - Executing request POST /session HTTP/1.1
10:17:18.075 [Forwarding newSession on session null to remote] DEBUG org.apache.http.impl.execchain.MainClientExec - Target auth state: UNCHALLENGED
10:17:18.075 [Forwarding newSession on session null to remote] DEBUG org.apache.http.impl.execchain.MainClientExec - Proxy auth state: UNCHALLENGED
10:17:18.075 [Forwarding newSession on session null to remote] DEBUG org.apache.http.headers - http-outgoing-2 >> POST /session HTTP/1.1
10:17:18.075 [Forwarding newSession on session null to remote] DEBUG org.apache.http.headers - http-outgoing-2 >> Content-Type: application/json; charset=utf-8
10:17:18.075 [Forwarding newSession on session null to remote] DEBUG org.apache.http.headers - http-outgoing-2 >> Content-Length: 141
10:17:18.075 [Forwarding newSession on session null to remote] DEBUG org.apache.http.headers - http-outgoing-2 >> Host: localhost:36428
10:17:18.075 [Forwarding newSession on session null to remote] DEBUG org.apache.http.headers - http-outgoing-2 >> Connection: Keep-Alive
10:17:18.075 [Forwarding newSession on session null to remote] DEBUG org.apache.http.headers - http-outgoing-2 >> User-Agent: Apache-HttpClient/4.5.2 (Java/1.8.0_162)
10:17:18.075 [Forwarding newSession on session null to remote] DEBUG org.apache.http.headers - http-outgoing-2 >> Accept-Encoding: gzip,deflate
10:17:18.075 [Forwarding newSession on session null to remote] DEBUG org.apache.http.wire - http-outgoing-2 >> "POST /session HTTP/1.1[\r][\n]"
10:17:18.075 [Forwarding newSession on session null to remote] DEBUG org.apache.http.wire - http-outgoing-2 >> "Content-Type: application/json; charset=utf-8[\r][\n]"
10:17:18.075 [Forwarding newSession on session null to remote] DEBUG org.apache.http.wire - http-outgoing-2 >> "Content-Length: 141[\r][\n]"
10:17:18.075 [Forwarding newSession on session null to remote] DEBUG org.apache.http.wire - http-outgoing-2 >> "Host: localhost:36428[\r][\n]"
10:17:18.075 [Forwarding newSession on session null to remote] DEBUG org.apache.http.wire - http-outgoing-2 >> "Connection: Keep-Alive[\r][\n]"
10:17:18.075 [Forwarding newSession on session null to remote] DEBUG org.apache.http.wire - http-outgoing-2 >> "User-Agent: Apache-HttpClient/4.5.2 (Java/1.8.0_162)[\r][\n]"
10:17:18.075 [Forwarding newSession on session null to remote] DEBUG org.apache.http.wire - http-outgoing-2 >> "Accept-Encoding: gzip,deflate[\r][\n]"
10:17:18.075 [Forwarding newSession on session null to remote] DEBUG org.apache.http.wire - http-outgoing-2 >> "[\r][\n]"
10:17:18.075 [Forwarding newSession on session null to remote] DEBUG org.apache.http.wire - http-outgoing-2 >> "{"desiredCapabilities":{"browserName":"chrome","chromeOptions":{"args":["--start-maximized"],"extensions":[]},"version":"","platform":"ANY"}}"
10:17:20.013 [Forwarding newSession on session null to remote] DEBUG org.apache.http.wire - http-outgoing-2 << "HTTP/1.1 200 OK[\r][\n]"
10:17:20.013 [Forwarding newSession on session null to remote] DEBUG org.apache.http.wire - http-outgoing-2 << "Content-Length:1107[\r][\n]"
10:17:20.013 [Forwarding newSession on session null to remote] DEBUG org.apache.http.wire - http-outgoing-2 << "Content-Type:application/json; charset=utf-8[\r][\n]"
10:17:20.013 [Forwarding newSession on session null to remote] DEBUG org.apache.http.wire - http-outgoing-2 << "[\r][\n]"
10:17:20.013 [Forwarding newSession on session null to remote] DEBUG org.apache.http.wire - http-outgoing-2 << "{"sessionId":"c2c9e5df695e5c1a4290eacba5ee9727","status":0,"value":{"acceptInsecureCerts":false,"acceptSslCerts":false,"browserConnectionEnabled":false,"browserName":"chrome","chrome":{"chromedriverVersion":"98.0.4758.80 (7f0488e8ba0d8e019187c6325a16c29d9b7f4989-refs/branch-heads/4758@{#972})","userDataDir":"C:\\Users\\86182\\AppData\\Local\\Temp\\scoped_dir12040_429974679"},"cssSelectorsEnabled":true,"databaseEnabled":false,"goog:chromeOptions":{"debuggerAddress":"localhost:60197"},"handlesAlerts":true,"hasTouchScreen":false,"javascriptEnabled":true,"locationContextEnabled":true,"mobileEmulationEnabled":false,"nativeEvents":true,"networkConnectionEnabled":false,"pageLoadStrategy":"normal","platform":"Windows","proxy":{},"rotatable":false,"setWindowRect":true,"strictFileInteractability":false,"takesHeapSnapshot":true,"takesScreenshot":true,"timeouts":{"implicit":0,"pageLoad":300000,"script":30000},"unexpectedAlertBehaviour":"ignore","version":"98.0.4758.82","webStorageEnabled":true,"webauthn:extension:credBlob":true,"webauthn:extension:largeBlob":true,"webauthn:virtualAuthenticators":true}}"
10:17:20.013 [Forwarding newSession on session null to remote] DEBUG org.apache.http.headers - http-outgoing-2 << HTTP/1.1 200 OK
10:17:20.013 [Forwarding newSession on session null to remote] DEBUG org.apache.http.headers - http-outgoing-2 << Content-Length:1107
10:17:20.013 [Forwarding newSession on session null to remote] DEBUG org.apache.http.headers - http-outgoing-2 << Content-Type:application/json; charset=utf-8
10:17:20.013 [Forwarding newSession on session null to remote] DEBUG org.apache.http.impl.execchain.MainClientExec - Connection can be kept alive indefinitely
10:17:20.014 [Forwarding newSession on session null to remote] DEBUG org.apache.http.impl.conn.PoolingHttpClientConnectionManager - Connection [id: 2][route: {}->http://localhost:36428] can be kept alive indefinitely
10:17:20.014 [Forwarding newSession on session null to remote] DEBUG org.apache.http.impl.conn.PoolingHttpClientConnectionManager - Connection released: [id: 2][route: {}->http://localhost:36428][total kept alive: 1; route allocated: 1 of 2000; total allocated: 1 of 2000]
10:17:20.015 [Forwarding get on session c2c9e5df695e5c1a4290eacba5ee9727 to remote] DEBUG org.apache.http.client.protocol.RequestAddCookies - CookieSpec selected: default
10:17:20.015 [Forwarding get on session c2c9e5df695e5c1a4290eacba5ee9727 to remote] DEBUG org.apache.http.client.protocol.RequestAuthCache - Auth cache not set in the context
10:17:20.015 [Forwarding get on session c2c9e5df695e5c1a4290eacba5ee9727 to remote] DEBUG org.apache.http.impl.conn.PoolingHttpClientConnectionManager - Connection request: [route: {}->http://localhost:36428][total kept alive: 1; route allocated: 1 of 2000; total allocated: 1 of 2000]
10:17:20.015 [Forwarding get on session c2c9e5df695e5c1a4290eacba5ee9727 to remote] DEBUG org.apache.http.impl.conn.PoolingHttpClientConnectionManager - Connection leased: [id: 2][route: {}->http://localhost:36428][total kept alive: 0; route allocated: 1 of 2000; total allocated: 1 of 2000]
10:17:20.015 [Forwarding get on session c2c9e5df695e5c1a4290eacba5ee9727 to remote] DEBUG org.apache.http.impl.execchain.MainClientExec - Stale connection check
10:17:20.019 [Forwarding get on session c2c9e5df695e5c1a4290eacba5ee9727 to remote] DEBUG org.apache.http.wire - http-outgoing-2 << "[read] I/O error: Read timed out"
10:17:20.019 [Forwarding get on session c2c9e5df695e5c1a4290eacba5ee9727 to remote] DEBUG org.apache.http.impl.conn.DefaultManagedHttpClientConnection - http-outgoing-2: set socket timeout to 10800000
10:17:20.019 [Forwarding get on session c2c9e5df695e5c1a4290eacba5ee9727 to remote] DEBUG org.apache.http.impl.execchain.MainClientExec - Executing request POST /session/c2c9e5df695e5c1a4290eacba5ee9727/url HTTP/1.1
10:17:20.019 [Forwarding get on session c2c9e5df695e5c1a4290eacba5ee9727 to remote] DEBUG org.apache.http.impl.execchain.MainClientExec - Target auth state: UNCHALLENGED
10:17:20.019 [Forwarding get on session c2c9e5df695e5c1a4290eacba5ee9727 to remote] DEBUG org.apache.http.impl.execchain.MainClientExec - Proxy auth state: UNCHALLENGED
10:17:20.019 [Forwarding get on session c2c9e5df695e5c1a4290eacba5ee9727 to remote] DEBUG org.apache.http.headers - http-outgoing-2 >> POST /session/c2c9e5df695e5c1a4290eacba5ee9727/url HTTP/1.1
10:17:20.019 [Forwarding get on session c2c9e5df695e5c1a4290eacba5ee9727 to remote] DEBUG org.apache.http.headers - http-outgoing-2 >> Content-Type: application/json; charset=utf-8
10:17:20.019 [Forwarding get on session c2c9e5df695e5c1a4290eacba5ee9727 to remote] DEBUG org.apache.http.headers - http-outgoing-2 >> Content-Length: 37
10:17:20.019 [Forwarding get on session c2c9e5df695e5c1a4290eacba5ee9727 to remote] DEBUG org.apache.http.headers - http-outgoing-2 >> Host: localhost:36428
10:17:20.019 [Forwarding get on session c2c9e5df695e5c1a4290eacba5ee9727 to remote] DEBUG org.apache.http.headers - http-outgoing-2 >> Connection: Keep-Alive
10:17:20.019 [Forwarding get on session c2c9e5df695e5c1a4290eacba5ee9727 to remote] DEBUG org.apache.http.headers - http-outgoing-2 >> User-Agent: Apache-HttpClient/4.5.2 (Java/1.8.0_162)
10:17:20.019 [Forwarding get on session c2c9e5df695e5c1a4290eacba5ee9727 to remote] DEBUG org.apache.http.headers - http-outgoing-2 >> Accept-Encoding: gzip,deflate
10:17:20.019 [Forwarding get on session c2c9e5df695e5c1a4290eacba5ee9727 to remote] DEBUG org.apache.http.wire - http-outgoing-2 >> "POST /session/c2c9e5df695e5c1a4290eacba5ee9727/url HTTP/1.1[\r][\n]"
10:17:20.019 [Forwarding get on session c2c9e5df695e5c1a4290eacba5ee9727 to remote] DEBUG org.apache.http.wire - http-outgoing-2 >> "Content-Type: application/json; charset=utf-8[\r][\n]"
10:17:20.019 [Forwarding get on session c2c9e5df695e5c1a4290eacba5ee9727 to remote] DEBUG org.apache.http.wire - http-outgoing-2 >> "Content-Length: 37[\r][\n]"
10:17:20.019 [Forwarding get on session c2c9e5df695e5c1a4290eacba5ee9727 to remote] DEBUG org.apache.http.wire - http-outgoing-2 >> "Host: localhost:36428[\r][\n]"
10:17:20.019 [Forwarding get on session c2c9e5df695e5c1a4290eacba5ee9727 to remote] DEBUG org.apache.http.wire - http-outgoing-2 >> "Connection: Keep-Alive[\r][\n]"
10:17:20.019 [Forwarding get on session c2c9e5df695e5c1a4290eacba5ee9727 to remote] DEBUG org.apache.http.wire - http-outgoing-2 >> "User-Agent: Apache-HttpClient/4.5.2 (Java/1.8.0_162)[\r][\n]"
10:17:20.019 [Forwarding get on session c2c9e5df695e5c1a4290eacba5ee9727 to remote] DEBUG org.apache.http.wire - http-outgoing-2 >> "Accept-Encoding: gzip,deflate[\r][\n]"
10:17:20.019 [Forwarding get on session c2c9e5df695e5c1a4290eacba5ee9727 to remote] DEBUG org.apache.http.wire - http-outgoing-2 >> "[\r][\n]"
10:17:20.019 [Forwarding get on session c2c9e5df695e5c1a4290eacba5ee9727 to remote] DEBUG org.apache.http.wire - http-outgoing-2 >> "{"url":"http://192.168.5.215/#/home"}"
10:17:24.211 [Forwarding get on session c2c9e5df695e5c1a4290eacba5ee9727 to remote] DEBUG org.apache.http.wire - http-outgoing-2 << "HTTP/1.1 200 OK[\r][\n]"
10:17:24.211 [Forwarding get on session c2c9e5df695e5c1a4290eacba5ee9727 to remote] DEBUG org.apache.http.wire - http-outgoing-2 << "Content-Length:72[\r][\n]"
10:17:24.211 [Forwarding get on session c2c9e5df695e5c1a4290eacba5ee9727 to remote] DEBUG org.apache.http.wire - http-outgoing-2 << "Content-Type:application/json; charset=utf-8[\r][\n]"
10:17:24.211 [Forwarding get on session c2c9e5df695e5c1a4290eacba5ee9727 to remote] DEBUG org.apache.http.wire - http-outgoing-2 << "[\r][\n]"
10:17:24.211 [Forwarding get on session c2c9e5df695e5c1a4290eacba5ee9727 to remote] DEBUG org.apache.http.wire - http-outgoing-2 << "{"sessionId":"c2c9e5df695e5c1a4290eacba5ee9727","status":0,"value":null}"
10:17:24.211 [Forwarding get on session c2c9e5df695e5c1a4290eacba5ee9727 to remote] DEBUG org.apache.http.headers - http-outgoing-2 << HTTP/1.1 200 OK
10:17:24.211 [Forwarding get on session c2c9e5df695e5c1a4290eacba5ee9727 to remote] DEBUG org.apache.http.headers - http-outgoing-2 << Content-Length:72
10:17:24.211 [Forwarding get on session c2c9e5df695e5c1a4290eacba5ee9727 to remote] DEBUG org.apache.http.headers - http-outgoing-2 << Content-Type:application/json; charset=utf-8
10:17:24.211 [Forwarding get on session c2c9e5df695e5c1a4290eacba5ee9727 to remote] DEBUG org.apache.http.impl.execchain.MainClientExec - Connection can be kept alive indefinitely
10:17:24.212 [Forwarding get on session c2c9e5df695e5c1a4290eacba5ee9727 to remote] DEBUG org.apache.http.impl.conn.PoolingHttpClientConnectionManager - Connection [id: 2][route: {}->http://localhost:36428] can be kept alive indefinitely
10:17:24.212 [Forwarding get on session c2c9e5df695e5c1a4290eacba5ee9727 to remote] DEBUG org.apache.http.impl.conn.PoolingHttpClientConnectionManager - Connection released: [id: 2][route: {}->http://localhost:36428][total kept alive: 1; route allocated: 1 of 2000; total allocated: 1 of 2000]
10:17:24.212 [Forwarding findElement on session c2c9e5df695e5c1a4290eacba5ee9727 to remote] DEBUG org.apache.http.client.protocol.RequestAddCookies - CookieSpec selected: default
10:17:24.212 [Forwarding findElement on session c2c9e5df695e5c1a4290eacba5ee9727 to remote] DEBUG org.apache.http.client.protocol.RequestAuthCache - Auth cache not set in the context
10:17:24.212 [Forwarding findElement on session c2c9e5df695e5c1a4290eacba5ee9727 to remote] DEBUG org.apache.http.impl.conn.PoolingHttpClientConnectionManager - Connection request: [route: {}->http://localhost:36428][total kept alive: 1; route allocated: 1 of 2000; total allocated: 1 of 2000]
10:17:24.212 [Forwarding findElement on session c2c9e5df695e5c1a4290eacba5ee9727 to remote] DEBUG org.apache.http.impl.conn.PoolingHttpClientConnectionManager - Connection leased: [id: 2][route: {}->http://localhost:36428][total kept alive: 0; route allocated: 1 of 2000; total allocated: 1 of 2000]
10:17:24.212 [Forwarding findElement on session c2c9e5df695e5c1a4290eacba5ee9727 to remote] DEBUG org.apache.http.impl.execchain.MainClientExec - Stale connection check
10:17:24.225 [Forwarding findElement on session c2c9e5df695e5c1a4290eacba5ee9727 to remote] DEBUG org.apache.http.wire - http-outgoing-2 << "[read] I/O error: Read timed out"
10:17:24.225 [Forwarding findElement on session c2c9e5df695e5c1a4290eacba5ee9727 to remote] DEBUG org.apache.http.impl.conn.DefaultManagedHttpClientConnection - http-outgoing-2: set socket timeout to 10800000
10:17:24.225 [Forwarding findElement on session c2c9e5df695e5c1a4290eacba5ee9727 to remote] DEBUG org.apache.http.impl.execchain.MainClientExec - Executing request POST /session/c2c9e5df695e5c1a4290eacba5ee9727/element HTTP/1.1
10:17:24.225 [Forwarding findElement on session c2c9e5df695e5c1a4290eacba5ee9727 to remote] DEBUG org.apache.http.impl.execchain.MainClientExec - Target auth state: UNCHALLENGED
10:17:24.225 [Forwarding findElement on session c2c9e5df695e5c1a4290eacba5ee9727 to remote] DEBUG org.apache.http.impl.execchain.MainClientExec - Proxy auth state: UNCHALLENGED
10:17:24.225 [Forwarding findElement on session c2c9e5df695e5c1a4290eacba5ee9727 to remote] DEBUG org.apache.http.headers - http-outgoing-2 >> POST /session/c2c9e5df695e5c1a4290eacba5ee9727/element HTTP/1.1
10:17:24.225 [Forwarding findElement on session c2c9e5df695e5c1a4290eacba5ee9727 to remote] DEBUG org.apache.http.headers - http-outgoing-2 >> Content-Type: application/json; charset=utf-8
10:17:24.225 [Forwarding findElement on session c2c9e5df695e5c1a4290eacba5ee9727 to remote] DEBUG org.apache.http.headers - http-outgoing-2 >> Content-Length: 37
10:17:24.225 [Forwarding findElement on session c2c9e5df695e5c1a4290eacba5ee9727 to remote] DEBUG org.apache.http.headers - http-outgoing-2 >> Host: localhost:36428
10:17:24.225 [Forwarding findElement on session c2c9e5df695e5c1a4290eacba5ee9727 to remote] DEBUG org.apache.http.headers - http-outgoing-2 >> Connection: Keep-Alive
10:17:24.225 [Forwarding findElement on session c2c9e5df695e5c1a4290eacba5ee9727 to remote] DEBUG org.apache.http.headers - http-outgoing-2 >> User-Agent: Apache-HttpClient/4.5.2 (Java/1.8.0_162)
10:17:24.225 [Forwarding findElement on session c2c9e5df695e5c1a4290eacba5ee9727 to remote] DEBUG org.apache.http.headers - http-outgoing-2 >> Accept-Encoding: gzip,deflate
10:17:24.225 [Forwarding findElement on session c2c9e5df695e5c1a4290eacba5ee9727 to remote] DEBUG org.apache.http.wire - http-outgoing-2 >> "POST /session/c2c9e5df695e5c1a4290eacba5ee9727/element HTTP/1.1[\r][\n]"
10:17:24.225 [Forwarding findElement on session c2c9e5df695e5c1a4290eacba5ee9727 to remote] DEBUG org.apache.http.wire - http-outgoing-2 >> "Content-Type: application/json; charset=utf-8[\r][\n]"
10:17:24.225 [Forwarding findElement on session c2c9e5df695e5c1a4290eacba5ee9727 to remote] DEBUG org.apache.http.wire - http-outgoing-2 >> "Content-Length: 37[\r][\n]"
10:17:24.225 [Forwarding findElement on session c2c9e5df695e5c1a4290eacba5ee9727 to remote] DEBUG org.apache.http.wire - http-outgoing-2 >> "Host: localhost:36428[\r][\n]"
10:17:24.225 [Forwarding findElement on session c2c9e5df695e5c1a4290eacba5ee9727 to remote] DEBUG org.apache.http.wire - http-outgoing-2 >> "Connection: Keep-Alive[\r][\n]"
10:17:24.225 [Forwarding findElement on session c2c9e5df695e5c1a4290eacba5ee9727 to remote] DEBUG org.apache.http.wire - http-outgoing-2 >> "User-Agent: Apache-HttpClient/4.5.2 (Java/1.8.0_162)[\r][\n]"
10:17:24.225 [Forwarding findElement on session c2c9e5df695e5c1a4290eacba5ee9727 to remote] DEBUG org.apache.http.wire - http-outgoing-2 >> "Accept-Encoding: gzip,deflate[\r][\n]"
10:17:24.225 [Forwarding findElement on session c2c9e5df695e5c1a4290eacba5ee9727 to remote] DEBUG org.apache.http.wire - http-outgoing-2 >> "[\r][\n]"
10:17:24.225 [Forwarding findElement on session c2c9e5df695e5c1a4290eacba5ee9727 to remote] DEBUG org.apache.http.wire - http-outgoing-2 >> "{"using":"id","value":"accountLogin"}"
10:17:24.233 [Forwarding findElement on session c2c9e5df695e5c1a4290eacba5ee9727 to remote] DEBUG org.apache.http.wire - http-outgoing-2 << "HTTP/1.1 200 OK[\r][\n]"
10:17:24.233 [Forwarding findElement on session c2c9e5df695e5c1a4290eacba5ee9727 to remote] DEBUG org.apache.http.wire - http-outgoing-2 << "Content-Length:102[\r][\n]"
10:17:24.233 [Forwarding findElement on session c2c9e5df695e5c1a4290eacba5ee9727 to remote] DEBUG org.apache.http.wire - http-outgoing-2 << "Content-Type:application/json; charset=utf-8[\r][\n]"
10:17:24.233 [Forwarding findElement on session c2c9e5df695e5c1a4290eacba5ee9727 to remote] DEBUG org.apache.http.wire - http-outgoing-2 << "[\r][\n]"
10:17:24.233 [Forwarding findElement on session c2c9e5df695e5c1a4290eacba5ee9727 to remote] DEBUG org.apache.http.wire - http-outgoing-2 << "{"sessionId":"c2c9e5df695e5c1a4290eacba5ee9727","status":0,"value":{"ELEMENT":"0.2975540146139324-1"}}"
10:17:24.233 [Forwarding findElement on session c2c9e5df695e5c1a4290eacba5ee9727 to remote] DEBUG org.apache.http.headers - http-outgoing-2 << HTTP/1.1 200 OK
10:17:24.233 [Forwarding findElement on session c2c9e5df695e5c1a4290eacba5ee9727 to remote] DEBUG org.apache.http.headers - http-outgoing-2 << Content-Length:102
10:17:24.233 [Forwarding findElement on session c2c9e5df695e5c1a4290eacba5ee9727 to remote] DEBUG org.apache.http.headers - http-outgoing-2 << Content-Type:application/json; charset=utf-8
10:17:24.233 [Forwarding findElement on session c2c9e5df695e5c1a4290eacba5ee9727 to remote] DEBUG org.apache.http.impl.execchain.MainClientExec - Connection can be kept alive indefinitely
10:17:24.233 [Forwarding findElement on session c2c9e5df695e5c1a4290eacba5ee9727 to remote] DEBUG org.apache.http.impl.conn.PoolingHttpClientConnectionManager - Connection [id: 2][route: {}->http://localhost:36428] can be kept alive indefinitely
10:17:24.233 [Forwarding findElement on session c2c9e5df695e5c1a4290eacba5ee9727 to remote] DEBUG org.apache.http.impl.conn.PoolingHttpClientConnectionManager - Connection released: [id: 2][route: {}->http://localhost:36428][total kept alive: 1; route allocated: 1 of 2000; total allocated: 1 of 2000]
10:17:24.233 [Forwarding clickElement on session c2c9e5df695e5c1a4290eacba5ee9727 to remote] DEBUG org.apache.http.client.protocol.RequestAddCookies - CookieSpec selected: default
10:17:24.233 [Forwarding clickElement on session c2c9e5df695e5c1a4290eacba5ee9727 to remote] DEBUG org.apache.http.client.protocol.RequestAuthCache - Auth cache not set in the context
10:17:24.233 [Forwarding clickElement on session c2c9e5df695e5c1a4290eacba5ee9727 to remote] DEBUG org.apache.http.impl.conn.PoolingHttpClientConnectionManager - Connection request: [route: {}->http://localhost:36428][total kept alive: 1; route allocated: 1 of 2000; total allocated: 1 of 2000]
10:17:24.233 [Forwarding clickElement on session c2c9e5df695e5c1a4290eacba5ee9727 to remote] DEBUG org.apache.http.impl.conn.PoolingHttpClientConnectionManager - Connection leased: [id: 2][route: {}->http://localhost:36428][total kept alive: 0; route allocated: 1 of 2000; total allocated: 1 of 2000]
10:17:24.233 [Forwarding clickElement on session c2c9e5df695e5c1a4290eacba5ee9727 to remote] DEBUG org.apache.http.impl.execchain.MainClientExec - Stale connection check
10:17:24.240 [Forwarding clickElement on session c2c9e5df695e5c1a4290eacba5ee9727 to remote] DEBUG org.apache.http.wire - http-outgoing-2 << "[read] I/O error: Read timed out"
10:17:24.240 [Forwarding clickElement on session c2c9e5df695e5c1a4290eacba5ee9727 to remote] DEBUG org.apache.http.impl.conn.DefaultManagedHttpClientConnection - http-outgoing-2: set socket timeout to 10800000
10:17:24.240 [Forwarding clickElement on session c2c9e5df695e5c1a4290eacba5ee9727 to remote] DEBUG org.apache.http.impl.execchain.MainClientExec - Executing request POST /session/c2c9e5df695e5c1a4290eacba5ee9727/element/0.2975540146139324-1/click HTTP/1.1
10:17:24.240 [Forwarding clickElement on session c2c9e5df695e5c1a4290eacba5ee9727 to remote] DEBUG org.apache.http.impl.execchain.MainClientExec - Target auth state: UNCHALLENGED
10:17:24.240 [Forwarding clickElement on session c2c9e5df695e5c1a4290eacba5ee9727 to remote] DEBUG org.apache.http.impl.execchain.MainClientExec - Proxy auth state: UNCHALLENGED
10:17:24.240 [Forwarding clickElement on session c2c9e5df695e5c1a4290eacba5ee9727 to remote] DEBUG org.apache.http.headers - http-outgoing-2 >> POST /session/c2c9e5df695e5c1a4290eacba5ee9727/element/0.2975540146139324-1/click HTTP/1.1
10:17:24.240 [Forwarding clickElement on session c2c9e5df695e5c1a4290eacba5ee9727 to remote] DEBUG org.apache.http.headers - http-outgoing-2 >> Content-Type: application/json; charset=utf-8
10:17:24.240 [Forwarding clickElement on session c2c9e5df695e5c1a4290eacba5ee9727 to remote] DEBUG org.apache.http.headers - http-outgoing-2 >> Content-Length: 29
10:17:24.240 [Forwarding clickElement on session c2c9e5df695e5c1a4290eacba5ee9727 to remote] DEBUG org.apache.http.headers - http-outgoing-2 >> Host: localhost:36428
10:17:24.240 [Forwarding clickElement on session c2c9e5df695e5c1a4290eacba5ee9727 to remote] DEBUG org.apache.http.headers - http-outgoing-2 >> Connection: Keep-Alive
10:17:24.240 [Forwarding clickElement on session c2c9e5df695e5c1a4290eacba5ee9727 to remote] DEBUG org.apache.http.headers - http-outgoing-2 >> User-Agent: Apache-HttpClient/4.5.2 (Java/1.8.0_162)
10:17:24.240 [Forwarding clickElement on session c2c9e5df695e5c1a4290eacba5ee9727 to remote] DEBUG org.apache.http.headers - http-outgoing-2 >> Accept-Encoding: gzip,deflate
10:17:24.240 [Forwarding clickElement on session c2c9e5df695e5c1a4290eacba5ee9727 to remote] DEBUG org.apache.http.wire - http-outgoing-2 >> "POST /session/c2c9e5df695e5c1a4290eacba5ee9727/element/0.2975540146139324-1/click HTTP/1.1[\r][\n]"
10:17:24.240 [Forwarding clickElement on session c2c9e5df695e5c1a4290eacba5ee9727 to remote] DEBUG org.apache.http.wire - http-outgoing-2 >> "Content-Type: application/json; charset=utf-8[\r][\n]"
10:17:24.240 [Forwarding clickElement on session c2c9e5df695e5c1a4290eacba5ee9727 to remote] DEBUG org.apache.http.wire - http-outgoing-2 >> "Content-Length: 29[\r][\n]"
10:17:24.240 [Forwarding clickElement on session c2c9e5df695e5c1a4290eacba5ee9727 to remote] DEBUG org.apache.http.wire - http-outgoing-2 >> "Host: localhost:36428[\r][\n]"
10:17:24.240 [Forwarding clickElement on session c2c9e5df695e5c1a4290eacba5ee9727 to remote] DEBUG org.apache.http.wire - http-outgoing-2 >> "Connection: Keep-Alive[\r][\n]"
10:17:24.240 [Forwarding clickElement on session c2c9e5df695e5c1a4290eacba5ee9727 to remote] DEBUG org.apache.http.wire - http-outgoing-2 >> "User-Agent: Apache-HttpClient/4.5.2 (Java/1.8.0_162)[\r][\n]"
10:17:24.240 [Forwarding clickElement on session c2c9e5df695e5c1a4290eacba5ee9727 to remote] DEBUG org.apache.http.wire - http-outgoing-2 >> "Accept-Encoding: gzip,deflate[\r][\n]"
10:17:24.240 [Forwarding clickElement on session c2c9e5df695e5c1a4290eacba5ee9727 to remote] DEBUG org.apache.http.wire - http-outgoing-2 >> "[\r][\n]"
10:17:24.240 [Forwarding clickElement on session c2c9e5df695e5c1a4290eacba5ee9727 to remote] DEBUG org.apache.http.wire - http-outgoing-2 >> "{"id":"0.2975540146139324-1"}"
10:17:24.472 [Forwarding clickElement on session c2c9e5df695e5c1a4290eacba5ee9727 to remote] DEBUG org.apache.http.wire - http-outgoing-2 << "HTTP/1.1 200 OK[\r][\n]"
10:17:24.472 [Forwarding clickElement on session c2c9e5df695e5c1a4290eacba5ee9727 to remote] DEBUG org.apache.http.wire - http-outgoing-2 << "Content-Length:72[\r][\n]"
10:17:24.472 [Forwarding clickElement on session c2c9e5df695e5c1a4290eacba5ee9727 to remote] DEBUG org.apache.http.wire - http-outgoing-2 << "Content-Type:application/json; charset=utf-8[\r][\n]"
10:17:24.472 [Forwarding clickElement on session c2c9e5df695e5c1a4290eacba5ee9727 to remote] DEBUG org.apache.http.wire - http-outgoing-2 << "[\r][\n]"
10:17:24.472 [Forwarding clickElement on session c2c9e5df695e5c1a4290eacba5ee9727 to remote] DEBUG org.apache.http.wire - http-outgoing-2 << "{"sessionId":"c2c9e5df695e5c1a4290eacba5ee9727","status":0,"value":null}"
10:17:24.472 [Forwarding clickElement on session c2c9e5df695e5c1a4290eacba5ee9727 to remote] DEBUG org.apache.http.headers - http-outgoing-2 << HTTP/1.1 200 OK
10:17:24.472 [Forwarding clickElement on session c2c9e5df695e5c1a4290eacba5ee9727 to remote] DEBUG org.apache.http.headers - http-outgoing-2 << Content-Length:72
10:17:24.472 [Forwarding clickElement on session c2c9e5df695e5c1a4290eacba5ee9727 to remote] DEBUG org.apache.http.headers - http-outgoing-2 << Content-Type:application/json; charset=utf-8
10:17:24.472 [Forwarding clickElement on session c2c9e5df695e5c1a4290eacba5ee9727 to remote] DEBUG org.apache.http.impl.execchain.MainClientExec - Connection can be kept alive indefinitely
10:17:24.472 [Forwarding clickElement on session c2c9e5df695e5c1a4290eacba5ee9727 to remote] DEBUG org.apache.http.impl.conn.PoolingHttpClientConnectionManager - Connection [id: 2][route: {}->http://localhost:36428] can be kept alive indefinitely
10:17:24.472 [Forwarding clickElement on session c2c9e5df695e5c1a4290eacba5ee9727 to remote] DEBUG org.apache.http.impl.conn.PoolingHttpClientConnectionManager - Connection released: [id: 2][route: {}->http://localhost:36428][total kept alive: 1; route allocated: 1 of 2000; total allocated: 1 of 2000]
10:17:25.488 [Forwarding findElement on session c2c9e5df695e5c1a4290eacba5ee9727 to remote] DEBUG org.apache.http.client.protocol.RequestAddCookies - CookieSpec selected: default
10:17:25.488 [Forwarding findElement on session c2c9e5df695e5c1a4290eacba5ee9727 to remote] DEBUG org.apache.http.client.protocol.RequestAuthCache - Auth cache not set in the context
10:17:25.488 [Forwarding findElement on session c2c9e5df695e5c1a4290eacba5ee9727 to remote] DEBUG org.apache.http.impl.conn.PoolingHttpClientConnectionManager - Connection request: [route: {}->http://localhost:36428][total kept alive: 1; route allocated: 1 of 2000; total allocated: 1 of 2000]
10:17:25.489 [Forwarding findElement on session c2c9e5df695e5c1a4290eacba5ee9727 to remote] DEBUG org.apache.http.impl.conn.PoolingHttpClientConnectionManager - Connection leased: [id: 2][route: {}->http://localhost:36428][total kept alive: 0; route allocated: 1 of 2000; total allocated: 1 of 2000]
10:17:25.489 [Forwarding findElement on session c2c9e5df695e5c1a4290eacba5ee9727 to remote] DEBUG org.apache.http.impl.execchain.MainClientExec - Stale connection check
10:17:25.503 [Forwarding findElement on session c2c9e5df695e5c1a4290eacba5ee9727 to remote] DEBUG org.apache.http.wire - http-outgoing-2 << "[read] I/O error: Read timed out"
10:17:25.503 [Forwarding findElement on session c2c9e5df695e5c1a4290eacba5ee9727 to remote] DEBUG org.apache.http.impl.conn.DefaultManagedHttpClientConnection - http-outgoing-2: set socket timeout to 10800000
10:17:25.503 [Forwarding findElement on session c2c9e5df695e5c1a4290eacba5ee9727 to remote] DEBUG org.apache.http.impl.execchain.MainClientExec - Executing request POST /session/c2c9e5df695e5c1a4290eacba5ee9727/element HTTP/1.1
10:17:25.503 [Forwarding findElement on session c2c9e5df695e5c1a4290eacba5ee9727 to remote] DEBUG org.apache.http.impl.execchain.MainClientExec - Target auth state: UNCHALLENGED
10:17:25.503 [Forwarding findElement on session c2c9e5df695e5c1a4290eacba5ee9727 to remote] DEBUG org.apache.http.impl.execchain.MainClientExec - Proxy auth state: UNCHALLENGED
10:17:25.503 [Forwarding findElement on session c2c9e5df695e5c1a4290eacba5ee9727 to remote] DEBUG org.apache.http.headers - http-outgoing-2 >> POST /session/c2c9e5df695e5c1a4290eacba5ee9727/element HTTP/1.1
10:17:25.503 [Forwarding findElement on session c2c9e5df695e5c1a4290eacba5ee9727 to remote] DEBUG org.apache.http.headers - http-outgoing-2 >> Content-Type: application/json; charset=utf-8
10:17:25.503 [Forwarding findElement on session c2c9e5df695e5c1a4290eacba5ee9727 to remote] DEBUG org.apache.http.headers - http-outgoing-2 >> Content-Length: 33
10:17:25.503 [Forwarding findElement on session c2c9e5df695e5c1a4290eacba5ee9727 to remote] DEBUG org.apache.http.headers - http-outgoing-2 >> Host: localhost:36428
10:17:25.503 [Forwarding findElement on session c2c9e5df695e5c1a4290eacba5ee9727 to remote] DEBUG org.apache.http.headers - http-outgoing-2 >> Connection: Keep-Alive
10:17:25.503 [Forwarding findElement on session c2c9e5df695e5c1a4290eacba5ee9727 to remote] DEBUG org.apache.http.headers - http-outgoing-2 >> User-Agent: Apache-HttpClient/4.5.2 (Java/1.8.0_162)
10:17:25.503 [Forwarding findElement on session c2c9e5df695e5c1a4290eacba5ee9727 to remote] DEBUG org.apache.http.headers - http-outgoing-2 >> Accept-Encoding: gzip,deflate
10:17:25.503 [Forwarding findElement on session c2c9e5df695e5c1a4290eacba5ee9727 to remote] DEBUG org.apache.http.wire - http-outgoing-2 >> "POST /session/c2c9e5df695e5c1a4290eacba5ee9727/element HTTP/1.1[\r][\n]"
10:17:25.503 [Forwarding findElement on session c2c9e5df695e5c1a4290eacba5ee9727 to remote] DEBUG org.apache.http.wire - http-outgoing-2 >> "Content-Type: application/json; charset=utf-8[\r][\n]"
10:17:25.503 [Forwarding findElement on session c2c9e5df695e5c1a4290eacba5ee9727 to remote] DEBUG org.apache.http.wire - http-outgoing-2 >> "Content-Length: 33[\r][\n]"
10:17:25.503 [Forwarding findElement on session c2c9e5df695e5c1a4290eacba5ee9727 to remote] DEBUG org.apache.http.wire - http-outgoing-2 >> "Host: localhost:36428[\r][\n]"
10:17:25.503 [Forwarding findElement on session c2c9e5df695e5c1a4290eacba5ee9727 to remote] DEBUG org.apache.http.wire - http-outgoing-2 >> "Connection: Keep-Alive[\r][\n]"
10:17:25.503 [Forwarding findElement on session c2c9e5df695e5c1a4290eacba5ee9727 to remote] DEBUG org.apache.http.wire - http-outgoing-2 >> "User-Agent: Apache-HttpClient/4.5.2 (Java/1.8.0_162)[\r][\n]"
10:17:25.503 [Forwarding findElement on session c2c9e5df695e5c1a4290eacba5ee9727 to remote] DEBUG org.apache.http.wire - http-outgoing-2 >> "Accept-Encoding: gzip,deflate[\r][\n]"
10:17:25.503 [Forwarding findElement on session c2c9e5df695e5c1a4290eacba5ee9727 to remote] DEBUG org.apache.http.wire - http-outgoing-2 >> "[\r][\n]"
10:17:25.503 [Forwarding findElement on session c2c9e5df695e5c1a4290eacba5ee9727 to remote] DEBUG org.apache.http.wire - http-outgoing-2 >> "{"using":"id","value":"username"}"
10:17:25.512 [Forwarding findElement on session c2c9e5df695e5c1a4290eacba5ee9727 to remote] DEBUG org.apache.http.wire - http-outgoing-2 << "HTTP/1.1 200 OK[\r][\n]"
10:17:25.512 [Forwarding findElement on session c2c9e5df695e5c1a4290eacba5ee9727 to remote] DEBUG org.apache.http.wire - http-outgoing-2 << "Content-Length:102[\r][\n]"
10:17:25.512 [Forwarding findElement on session c2c9e5df695e5c1a4290eacba5ee9727 to remote] DEBUG org.apache.http.wire - http-outgoing-2 << "Content-Type:application/json; charset=utf-8[\r][\n]"
10:17:25.512 [Forwarding findElement on session c2c9e5df695e5c1a4290eacba5ee9727 to remote] DEBUG org.apache.http.wire - http-outgoing-2 << "[\r][\n]"
10:17:25.512 [Forwarding findElement on session c2c9e5df695e5c1a4290eacba5ee9727 to remote] DEBUG org.apache.http.wire - http-outgoing-2 << "{"sessionId":"c2c9e5df695e5c1a4290eacba5ee9727","status":0,"value":{"ELEMENT":"0.6718478164558619-1"}}"
10:17:25.512 [Forwarding findElement on session c2c9e5df695e5c1a4290eacba5ee9727 to remote] DEBUG org.apache.http.headers - http-outgoing-2 << HTTP/1.1 200 OK
10:17:25.512 [Forwarding findElement on session c2c9e5df695e5c1a4290eacba5ee9727 to remote] DEBUG org.apache.http.headers - http-outgoing-2 << Content-Length:102
10:17:25.512 [Forwarding findElement on session c2c9e5df695e5c1a4290eacba5ee9727 to remote] DEBUG org.apache.http.headers - http-outgoing-2 << Content-Type:application/json; charset=utf-8
10:17:25.512 [Forwarding findElement on session c2c9e5df695e5c1a4290eacba5ee9727 to remote] DEBUG org.apache.http.impl.execchain.MainClientExec - Connection can be kept alive indefinitely
10:17:25.512 [Forwarding findElement on session c2c9e5df695e5c1a4290eacba5ee9727 to remote] DEBUG org.apache.http.impl.conn.PoolingHttpClientConnectionManager - Connection [id: 2][route: {}->http://localhost:36428] can be kept alive indefinitely
10:17:25.512 [Forwarding findElement on session c2c9e5df695e5c1a4290eacba5ee9727 to remote] DEBUG org.apache.http.impl.conn.PoolingHttpClientConnectionManager - Connection released: [id: 2][route: {}->http://localhost:36428][total kept alive: 1; route allocated: 1 of 2000; total allocated: 1 of 2000]
10:17:25.513 [Forwarding sendKeysToElement on session c2c9e5df695e5c1a4290eacba5ee9727 to remote] DEBUG org.apache.http.client.protocol.RequestAddCookies - CookieSpec selected: default
10:17:25.513 [Forwarding sendKeysToElement on session c2c9e5df695e5c1a4290eacba5ee9727 to remote] DEBUG org.apache.http.client.protocol.RequestAuthCache - Auth cache not set in the context
10:17:25.513 [Forwarding sendKeysToElement on session c2c9e5df695e5c1a4290eacba5ee9727 to remote] DEBUG org.apache.http.impl.conn.PoolingHttpClientConnectionManager - Connection request: [route: {}->http://localhost:36428][total kept alive: 1; route allocated: 1 of 2000; total allocated: 1 of 2000]
10:17:25.513 [Forwarding sendKeysToElement on session c2c9e5df695e5c1a4290eacba5ee9727 to remote] DEBUG org.apache.http.impl.conn.PoolingHttpClientConnectionManager - Connection leased: [id: 2][route: {}->http://localhost:36428][total kept alive: 0; route allocated: 1 of 2000; total allocated: 1 of 2000]
10:17:25.513 [Forwarding sendKeysToElement on session c2c9e5df695e5c1a4290eacba5ee9727 to remote] DEBUG org.apache.http.impl.execchain.MainClientExec - Stale connection check
10:17:25.518 [Forwarding sendKeysToElement on session c2c9e5df695e5c1a4290eacba5ee9727 to remote] DEBUG org.apache.http.wire - http-outgoing-2 << "[read] I/O error: Read timed out"
10:17:25.518 [Forwarding sendKeysToElement on session c2c9e5df695e5c1a4290eacba5ee9727 to remote] DEBUG org.apache.http.impl.conn.DefaultManagedHttpClientConnection - http-outgoing-2: set socket timeout to 10800000
10:17:25.518 [Forwarding sendKeysToElement on session c2c9e5df695e5c1a4290eacba5ee9727 to remote] DEBUG org.apache.http.impl.execchain.MainClientExec - Executing request POST /session/c2c9e5df695e5c1a4290eacba5ee9727/element/0.6718478164558619-1/value HTTP/1.1
10:17:25.518 [Forwarding sendKeysToElement on session c2c9e5df695e5c1a4290eacba5ee9727 to remote] DEBUG org.apache.http.impl.execchain.MainClientExec - Target auth state: UNCHALLENGED
10:17:25.518 [Forwarding sendKeysToElement on session c2c9e5df695e5c1a4290eacba5ee9727 to remote] DEBUG org.apache.http.impl.execchain.MainClientExec - Proxy auth state: UNCHALLENGED
10:17:25.518 [Forwarding sendKeysToElement on session c2c9e5df695e5c1a4290eacba5ee9727 to remote] DEBUG org.apache.http.headers - http-outgoing-2 >> POST /session/c2c9e5df695e5c1a4290eacba5ee9727/element/0.6718478164558619-1/value HTTP/1.1
10:17:25.518 [Forwarding sendKeysToElement on session c2c9e5df695e5c1a4290eacba5ee9727 to remote] DEBUG org.apache.http.headers - http-outgoing-2 >> Content-Type: application/json; charset=utf-8
10:17:25.518 [Forwarding sendKeysToElement on session c2c9e5df695e5c1a4290eacba5ee9727 to remote] DEBUG org.apache.http.headers - http-outgoing-2 >> Content-Length: 50
10:17:25.518 [Forwarding sendKeysToElement on session c2c9e5df695e5c1a4290eacba5ee9727 to remote] DEBUG org.apache.http.headers - http-outgoing-2 >> Host: localhost:36428
10:17:25.518 [Forwarding sendKeysToElement on session c2c9e5df695e5c1a4290eacba5ee9727 to remote] DEBUG org.apache.http.headers - http-outgoing-2 >> Connection: Keep-Alive
10:17:25.518 [Forwarding sendKeysToElement on session c2c9e5df695e5c1a4290eacba5ee9727 to remote] DEBUG org.apache.http.headers - http-outgoing-2 >> User-Agent: Apache-HttpClient/4.5.2 (Java/1.8.0_162)
10:17:25.518 [Forwarding sendKeysToElement on session c2c9e5df695e5c1a4290eacba5ee9727 to remote] DEBUG org.apache.http.headers - http-outgoing-2 >> Accept-Encoding: gzip,deflate
10:17:25.518 [Forwarding sendKeysToElement on session c2c9e5df695e5c1a4290eacba5ee9727 to remote] DEBUG org.apache.http.wire - http-outgoing-2 >> "POST /session/c2c9e5df695e5c1a4290eacba5ee9727/element/0.6718478164558619-1/value HTTP/1.1[\r][\n]"
10:17:25.518 [Forwarding sendKeysToElement on session c2c9e5df695e5c1a4290eacba5ee9727 to remote] DEBUG org.apache.http.wire - http-outgoing-2 >> "Content-Type: application/json; charset=utf-8[\r][\n]"
10:17:25.518 [Forwarding sendKeysToElement on session c2c9e5df695e5c1a4290eacba5ee9727 to remote] DEBUG org.apache.http.wire - http-outgoing-2 >> "Content-Length: 50[\r][\n]"
10:17:25.518 [Forwarding sendKeysToElement on session c2c9e5df695e5c1a4290eacba5ee9727 to remote] DEBUG org.apache.http.wire - http-outgoing-2 >> "Host: localhost:36428[\r][\n]"
10:17:25.518 [Forwarding sendKeysToElement on session c2c9e5df695e5c1a4290eacba5ee9727 to remote] DEBUG org.apache.http.wire - http-outgoing-2 >> "Connection: Keep-Alive[\r][\n]"
10:17:25.518 [Forwarding sendKeysToElement on session c2c9e5df695e5c1a4290eacba5ee9727 to remote] DEBUG org.apache.http.wire - http-outgoing-2 >> "User-Agent: Apache-HttpClient/4.5.2 (Java/1.8.0_162)[\r][\n]"
10:17:25.518 [Forwarding sendKeysToElement on session c2c9e5df695e5c1a4290eacba5ee9727 to remote] DEBUG org.apache.http.wire - http-outgoing-2 >> "Accept-Encoding: gzip,deflate[\r][\n]"
10:17:25.518 [Forwarding sendKeysToElement on session c2c9e5df695e5c1a4290eacba5ee9727 to remote] DEBUG org.apache.http.wire - http-outgoing-2 >> "[\r][\n]"
10:17:25.518 [Forwarding sendKeysToElement on session c2c9e5df695e5c1a4290eacba5ee9727 to remote] DEBUG org.apache.http.wire - http-outgoing-2 >> "{"id":"0.6718478164558619-1","value":["68659105"]}"
10:17:25.543 [Forwarding sendKeysToElement on session c2c9e5df695e5c1a4290eacba5ee9727 to remote] DEBUG org.apache.http.wire - http-outgoing-2 << "HTTP/1.1 200 OK[\r][\n]"
10:17:25.543 [Forwarding sendKeysToElement on session c2c9e5df695e5c1a4290eacba5ee9727 to remote] DEBUG org.apache.http.wire - http-outgoing-2 << "Content-Length:72[\r][\n]"
10:17:25.543 [Forwarding sendKeysToElement on session c2c9e5df695e5c1a4290eacba5ee9727 to remote] DEBUG org.apache.http.wire - http-outgoing-2 << "Content-Type:application/json; charset=utf-8[\r][\n]"
10:17:25.543 [Forwarding sendKeysToElement on session c2c9e5df695e5c1a4290eacba5ee9727 to remote] DEBUG org.apache.http.wire - http-outgoing-2 << "[\r][\n]"
10:17:25.543 [Forwarding sendKeysToElement on session c2c9e5df695e5c1a4290eacba5ee9727 to remote] DEBUG org.apache.http.wire - http-outgoing-2 << "{"sessionId":"c2c9e5df695e5c1a4290eacba5ee9727","status":0,"value":null}"
10:17:25.543 [Forwarding sendKeysToElement on session c2c9e5df695e5c1a4290eacba5ee9727 to remote] DEBUG org.apache.http.headers - http-outgoing-2 << HTTP/1.1 200 OK
10:17:25.543 [Forwarding sendKeysToElement on session c2c9e5df695e5c1a4290eacba5ee9727 to remote] DEBUG org.apache.http.headers - http-outgoing-2 << Content-Length:72
10:17:25.543 [Forwarding sendKeysToElement on session c2c9e5df695e5c1a4290eacba5ee9727 to remote] DEBUG org.apache.http.headers - http-outgoing-2 << Content-Type:application/json; charset=utf-8
10:17:25.543 [Forwarding sendKeysToElement on session c2c9e5df695e5c1a4290eacba5ee9727 to remote] DEBUG org.apache.http.impl.execchain.MainClientExec - Connection can be kept alive indefinitely
10:17:25.543 [Forwarding sendKeysToElement on session c2c9e5df695e5c1a4290eacba5ee9727 to remote] DEBUG org.apache.http.impl.conn.PoolingHttpClientConnectionManager - Connection [id: 2][route: {}->http://localhost:36428] can be kept alive indefinitely
10:17:25.543 [Forwarding sendKeysToElement on session c2c9e5df695e5c1a4290eacba5ee9727 to remote] DEBUG org.apache.http.impl.conn.PoolingHttpClientConnectionManager - Connection released: [id: 2][route: {}->http://localhost:36428][total kept alive: 1; route allocated: 1 of 2000; total allocated: 1 of 2000]
10:17:25.543 [Forwarding findElement on session c2c9e5df695e5c1a4290eacba5ee9727 to remote] DEBUG org.apache.http.client.protocol.RequestAddCookies - CookieSpec selected: default
10:17:25.543 [Forwarding findElement on session c2c9e5df695e5c1a4290eacba5ee9727 to remote] DEBUG org.apache.http.client.protocol.RequestAuthCache - Auth cache not set in the context
10:17:25.543 [Forwarding findElement on session c2c9e5df695e5c1a4290eacba5ee9727 to remote] DEBUG org.apache.http.impl.conn.PoolingHttpClientConnectionManager - Connection request: [route: {}->http://localhost:36428][total kept alive: 1; route allocated: 1 of 2000; total allocated: 1 of 2000]
10:17:25.543 [Forwarding findElement on session c2c9e5df695e5c1a4290eacba5ee9727 to remote] DEBUG org.apache.http.impl.conn.PoolingHttpClientConnectionManager - Connection leased: [id: 2][route: {}->http://localhost:36428][total kept alive: 0; route allocated: 1 of 2000; total allocated: 1 of 2000]
10:17:25.543 [Forwarding findElement on session c2c9e5df695e5c1a4290eacba5ee9727 to remote] DEBUG org.apache.http.impl.execchain.MainClientExec - Stale connection check
10:17:25.550 [Forwarding findElement on session c2c9e5df695e5c1a4290eacba5ee9727 to remote] DEBUG org.apache.http.wire - http-outgoing-2 << "[read] I/O error: Read timed out"
10:17:25.550 [Forwarding findElement on session c2c9e5df695e5c1a4290eacba5ee9727 to remote] DEBUG org.apache.http.impl.conn.DefaultManagedHttpClientConnection - http-outgoing-2: set socket timeout to 10800000
10:17:25.550 [Forwarding findElement on session c2c9e5df695e5c1a4290eacba5ee9727 to remote] DEBUG org.apache.http.impl.execchain.MainClientExec - Executing request POST /session/c2c9e5df695e5c1a4290eacba5ee9727/element HTTP/1.1
10:17:25.550 [Forwarding findElement on session c2c9e5df695e5c1a4290eacba5ee9727 to remote] DEBUG org.apache.http.impl.execchain.MainClientExec - Target auth state: UNCHALLENGED
10:17:25.550 [Forwarding findElement on session c2c9e5df695e5c1a4290eacba5ee9727 to remote] DEBUG org.apache.http.impl.execchain.MainClientExec - Proxy auth state: UNCHALLENGED
10:17:25.550 [Forwarding findElement on session c2c9e5df695e5c1a4290eacba5ee9727 to remote] DEBUG org.apache.http.headers - http-outgoing-2 >> POST /session/c2c9e5df695e5c1a4290eacba5ee9727/element HTTP/1.1
10:17:25.550 [Forwarding findElement on session c2c9e5df695e5c1a4290eacba5ee9727 to remote] DEBUG org.apache.http.headers - http-outgoing-2 >> Content-Type: application/json; charset=utf-8
10:17:25.550 [Forwarding findElement on session c2c9e5df695e5c1a4290eacba5ee9727 to remote] DEBUG org.apache.http.headers - http-outgoing-2 >> Content-Length: 33
10:17:25.550 [Forwarding findElement on session c2c9e5df695e5c1a4290eacba5ee9727 to remote] DEBUG org.apache.http.headers - http-outgoing-2 >> Host: localhost:36428
10:17:25.550 [Forwarding findElement on session c2c9e5df695e5c1a4290eacba5ee9727 to remote] DEBUG org.apache.http.headers - http-outgoing-2 >> Connection: Keep-Alive
10:17:25.550 [Forwarding findElement on session c2c9e5df695e5c1a4290eacba5ee9727 to remote] DEBUG org.apache.http.headers - http-outgoing-2 >> User-Agent: Apache-HttpClient/4.5.2 (Java/1.8.0_162)
10:17:25.550 [Forwarding findElement on session c2c9e5df695e5c1a4290eacba5ee9727 to remote] DEBUG org.apache.http.headers - http-outgoing-2 >> Accept-Encoding: gzip,deflate
10:17:25.550 [Forwarding findElement on session c2c9e5df695e5c1a4290eacba5ee9727 to remote] DEBUG org.apache.http.wire - http-outgoing-2 >> "POST /session/c2c9e5df695e5c1a4290eacba5ee9727/element HTTP/1.1[\r][\n]"
10:17:25.550 [Forwarding findElement on session c2c9e5df695e5c1a4290eacba5ee9727 to remote] DEBUG org.apache.http.wire - http-outgoing-2 >> "Content-Type: application/json; charset=utf-8[\r][\n]"
10:17:25.550 [Forwarding findElement on session c2c9e5df695e5c1a4290eacba5ee9727 to remote] DEBUG org.apache.http.wire - http-outgoing-2 >> "Content-Length: 33[\r][\n]"
10:17:25.550 [Forwarding findElement on session c2c9e5df695e5c1a4290eacba5ee9727 to remote] DEBUG org.apache.http.wire - http-outgoing-2 >> "Host: localhost:36428[\r][\n]"
10:17:25.550 [Forwarding findElement on session c2c9e5df695e5c1a4290eacba5ee9727 to remote] DEBUG org.apache.http.wire - http-outgoing-2 >> "Connection: Keep-Alive[\r][\n]"
10:17:25.550 [Forwarding findElement on session c2c9e5df695e5c1a4290eacba5ee9727 to remote] DEBUG org.apache.http.wire - http-outgoing-2 >> "User-Agent: Apache-HttpClient/4.5.2 (Java/1.8.0_162)[\r][\n]"
10:17:25.550 [Forwarding findElement on session c2c9e5df695e5c1a4290eacba5ee9727 to remote] DEBUG org.apache.http.wire - http-outgoing-2 >> "Accept-Encoding: gzip,deflate[\r][\n]"
10:17:25.550 [Forwarding findElement on session c2c9e5df695e5c1a4290eacba5ee9727 to remote] DEBUG org.apache.http.wire - http-outgoing-2 >> "[\r][\n]"
10:17:25.550 [Forwarding findElement on session c2c9e5df695e5c1a4290eacba5ee9727 to remote] DEBUG org.apache.http.wire - http-outgoing-2 >> "{"using":"id","value":"password"}"
10:17:25.572 [Forwarding findElement on session c2c9e5df695e5c1a4290eacba5ee9727 to remote] DEBUG org.apache.http.wire - http-outgoing-2 << "HTTP/1.1 200 OK[\r][\n]"
10:17:25.572 [Forwarding findElement on session c2c9e5df695e5c1a4290eacba5ee9727 to remote] DEBUG org.apache.http.wire - http-outgoing-2 << "Content-Length:102[\r][\n]"
10:17:25.572 [Forwarding findElement on session c2c9e5df695e5c1a4290eacba5ee9727 to remote] DEBUG org.apache.http.wire - http-outgoing-2 << "Content-Type:application/json; charset=utf-8[\r][\n]"
10:17:25.572 [Forwarding findElement on session c2c9e5df695e5c1a4290eacba5ee9727 to remote] DEBUG org.apache.http.wire - http-outgoing-2 << "[\r][\n]"
10:17:25.572 [Forwarding findElement on session c2c9e5df695e5c1a4290eacba5ee9727 to remote] DEBUG org.apache.http.wire - http-outgoing-2 << "{"sessionId":"c2c9e5df695e5c1a4290eacba5ee9727","status":0,"value":{"ELEMENT":"0.6718478164558619-2"}}"
10:17:25.572 [Forwarding findElement on session c2c9e5df695e5c1a4290eacba5ee9727 to remote] DEBUG org.apache.http.headers - http-outgoing-2 << HTTP/1.1 200 OK
10:17:25.572 [Forwarding findElement on session c2c9e5df695e5c1a4290eacba5ee9727 to remote] DEBUG org.apache.http.headers - http-outgoing-2 << Content-Length:102
10:17:25.572 [Forwarding findElement on session c2c9e5df695e5c1a4290eacba5ee9727 to remote] DEBUG org.apache.http.headers - http-outgoing-2 << Content-Type:application/json; charset=utf-8
10:17:25.572 [Forwarding findElement on session c2c9e5df695e5c1a4290eacba5ee9727 to remote] DEBUG org.apache.http.impl.execchain.MainClientExec - Connection can be kept alive indefinitely
10:17:25.572 [Forwarding findElement on session c2c9e5df695e5c1a4290eacba5ee9727 to remote] DEBUG org.apache.http.impl.conn.PoolingHttpClientConnectionManager - Connection [id: 2][route: {}->http://localhost:36428] can be kept alive indefinitely
10:17:25.572 [Forwarding findElement on session c2c9e5df695e5c1a4290eacba5ee9727 to remote] DEBUG org.apache.http.impl.conn.PoolingHttpClientConnectionManager - Connection released: [id: 2][route: {}->http://localhost:36428][total kept alive: 1; route allocated: 1 of 2000; total allocated: 1 of 2000]
10:17:25.572 [Forwarding sendKeysToElement on session c2c9e5df695e5c1a4290eacba5ee9727 to remote] DEBUG org.apache.http.client.protocol.RequestAddCookies - CookieSpec selected: default
10:17:25.573 [Forwarding sendKeysToElement on session c2c9e5df695e5c1a4290eacba5ee9727 to remote] DEBUG org.apache.http.client.protocol.RequestAuthCache - Auth cache not set in the context
10:17:25.573 [Forwarding sendKeysToElement on session c2c9e5df695e5c1a4290eacba5ee9727 to remote] DEBUG org.apache.http.impl.conn.PoolingHttpClientConnectionManager - Connection request: [route: {}->http://localhost:36428][total kept alive: 1; route allocated: 1 of 2000; total allocated: 1 of 2000]
10:17:25.573 [Forwarding sendKeysToElement on session c2c9e5df695e5c1a4290eacba5ee9727 to remote] DEBUG org.apache.http.impl.conn.PoolingHttpClientConnectionManager - Connection leased: [id: 2][route: {}->http://localhost:36428][total kept alive: 0; route allocated: 1 of 2000; total allocated: 1 of 2000]
10:17:25.573 [Forwarding sendKeysToElement on session c2c9e5df695e5c1a4290eacba5ee9727 to remote] DEBUG org.apache.http.impl.execchain.MainClientExec - Stale connection check
10:17:25.582 [Forwarding sendKeysToElement on session c2c9e5df695e5c1a4290eacba5ee9727 to remote] DEBUG org.apache.http.wire - http-outgoing-2 << "[read] I/O error: Read timed out"
10:17:25.582 [Forwarding sendKeysToElement on session c2c9e5df695e5c1a4290eacba5ee9727 to remote] DEBUG org.apache.http.impl.conn.DefaultManagedHttpClientConnection - http-outgoing-2: set socket timeout to 10800000
10:17:25.582 [Forwarding sendKeysToElement on session c2c9e5df695e5c1a4290eacba5ee9727 to remote] DEBUG org.apache.http.impl.execchain.MainClientExec - Executing request POST /session/c2c9e5df695e5c1a4290eacba5ee9727/element/0.6718478164558619-2/value HTTP/1.1
10:17:25.582 [Forwarding sendKeysToElement on session c2c9e5df695e5c1a4290eacba5ee9727 to remote] DEBUG org.apache.http.impl.execchain.MainClientExec - Target auth state: UNCHALLENGED
10:17:25.582 [Forwarding sendKeysToElement on session c2c9e5df695e5c1a4290eacba5ee9727 to remote] DEBUG org.apache.http.impl.execchain.MainClientExec - Proxy auth state: UNCHALLENGED
10:17:25.582 [Forwarding sendKeysToElement on session c2c9e5df695e5c1a4290eacba5ee9727 to remote] DEBUG org.apache.http.headers - http-outgoing-2 >> POST /session/c2c9e5df695e5c1a4290eacba5ee9727/element/0.6718478164558619-2/value HTTP/1.1
10:17:25.582 [Forwarding sendKeysToElement on session c2c9e5df695e5c1a4290eacba5ee9727 to remote] DEBUG org.apache.http.headers - http-outgoing-2 >> Content-Type: application/json; charset=utf-8
10:17:25.582 [Forwarding sendKeysToElement on session c2c9e5df695e5c1a4290eacba5ee9727 to remote] DEBUG org.apache.http.headers - http-outgoing-2 >> Content-Length: 48
10:17:25.582 [Forwarding sendKeysToElement on session c2c9e5df695e5c1a4290eacba5ee9727 to remote] DEBUG org.apache.http.headers - http-outgoing-2 >> Host: localhost:36428
10:17:25.582 [Forwarding sendKeysToElement on session c2c9e5df695e5c1a4290eacba5ee9727 to remote] DEBUG org.apache.http.headers - http-outgoing-2 >> Connection: Keep-Alive
10:17:25.582 [Forwarding sendKeysToElement on session c2c9e5df695e5c1a4290eacba5ee9727 to remote] DEBUG org.apache.http.headers - http-outgoing-2 >> User-Agent: Apache-HttpClient/4.5.2 (Java/1.8.0_162)
10:17:25.582 [Forwarding sendKeysToElement on session c2c9e5df695e5c1a4290eacba5ee9727 to remote] DEBUG org.apache.http.headers - http-outgoing-2 >> Accept-Encoding: gzip,deflate
10:17:25.582 [Forwarding sendKeysToElement on session c2c9e5df695e5c1a4290eacba5ee9727 to remote] DEBUG org.apache.http.wire - http-outgoing-2 >> "POST /session/c2c9e5df695e5c1a4290eacba5ee9727/element/0.6718478164558619-2/value HTTP/1.1[\r][\n]"
10:17:25.582 [Forwarding sendKeysToElement on session c2c9e5df695e5c1a4290eacba5ee9727 to remote] DEBUG org.apache.http.wire - http-outgoing-2 >> "Content-Type: application/json; charset=utf-8[\r][\n]"
10:17:25.582 [Forwarding sendKeysToElement on session c2c9e5df695e5c1a4290eacba5ee9727 to remote] DEBUG org.apache.http.wire - http-outgoing-2 >> "Content-Length: 48[\r][\n]"
10:17:25.582 [Forwarding sendKeysToElement on session c2c9e5df695e5c1a4290eacba5ee9727 to remote] DEBUG org.apache.http.wire - http-outgoing-2 >> "Host: localhost:36428[\r][\n]"
10:17:25.582 [Forwarding sendKeysToElement on session c2c9e5df695e5c1a4290eacba5ee9727 to remote] DEBUG org.apache.http.wire - http-outgoing-2 >> "Connection: Keep-Alive[\r][\n]"
10:17:25.582 [Forwarding sendKeysToElement on session c2c9e5df695e5c1a4290eacba5ee9727 to remote] DEBUG org.apache.http.wire - http-outgoing-2 >> "User-Agent: Apache-HttpClient/4.5.2 (Java/1.8.0_162)[\r][\n]"
10:17:25.582 [Forwarding sendKeysToElement on session c2c9e5df695e5c1a4290eacba5ee9727 to remote] DEBUG org.apache.http.wire - http-outgoing-2 >> "Accept-Encoding: gzip,deflate[\r][\n]"
10:17:25.582 [Forwarding sendKeysToElement on session c2c9e5df695e5c1a4290eacba5ee9727 to remote] DEBUG org.apache.http.wire - http-outgoing-2 >> "[\r][\n]"
10:17:25.582 [Forwarding sendKeysToElement on session c2c9e5df695e5c1a4290eacba5ee9727 to remote] DEBUG org.apache.http.wire - http-outgoing-2 >> "{"id":"0.6718478164558619-2","value":["888888"]}"
10:17:25.614 [Forwarding sendKeysToElement on session c2c9e5df695e5c1a4290eacba5ee9727 to remote] DEBUG org.apache.http.wire - http-outgoing-2 << "HTTP/1.1 200 OK[\r][\n]"
10:17:25.614 [Forwarding sendKeysToElement on session c2c9e5df695e5c1a4290eacba5ee9727 to remote] DEBUG org.apache.http.wire - http-outgoing-2 << "Content-Length:72[\r][\n]"
10:17:25.614 [Forwarding sendKeysToElement on session c2c9e5df695e5c1a4290eacba5ee9727 to remote] DEBUG org.apache.http.wire - http-outgoing-2 << "Content-Type:application/json; charset=utf-8[\r][\n]"
10:17:25.614 [Forwarding sendKeysToElement on session c2c9e5df695e5c1a4290eacba5ee9727 to remote] DEBUG org.apache.http.wire - http-outgoing-2 << "[\r][\n]"
10:17:25.614 [Forwarding sendKeysToElement on session c2c9e5df695e5c1a4290eacba5ee9727 to remote] DEBUG org.apache.http.wire - http-outgoing-2 << "{"sessionId":"c2c9e5df695e5c1a4290eacba5ee9727","status":0,"value":null}"
10:17:25.614 [Forwarding sendKeysToElement on session c2c9e5df695e5c1a4290eacba5ee9727 to remote] DEBUG org.apache.http.headers - http-outgoing-2 << HTTP/1.1 200 OK
10:17:25.614 [Forwarding sendKeysToElement on session c2c9e5df695e5c1a4290eacba5ee9727 to remote] DEBUG org.apache.http.headers - http-outgoing-2 << Content-Length:72
10:17:25.614 [Forwarding sendKeysToElement on session c2c9e5df695e5c1a4290eacba5ee9727 to remote] DEBUG org.apache.http.headers - http-outgoing-2 << Content-Type:application/json; charset=utf-8
10:17:25.614 [Forwarding sendKeysToElement on session c2c9e5df695e5c1a4290eacba5ee9727 to remote] DEBUG org.apache.http.impl.execchain.MainClientExec - Connection can be kept alive indefinitely
10:17:25.614 [Forwarding sendKeysToElement on session c2c9e5df695e5c1a4290eacba5ee9727 to remote] DEBUG org.apache.http.impl.conn.PoolingHttpClientConnectionManager - Connection [id: 2][route: {}->http://localhost:36428] can be kept alive indefinitely
10:17:25.614 [Forwarding sendKeysToElement on session c2c9e5df695e5c1a4290eacba5ee9727 to remote] DEBUG org.apache.http.impl.conn.PoolingHttpClientConnectionManager - Connection released: [id: 2][route: {}->http://localhost:36428][total kept alive: 1; route allocated: 1 of 2000; total allocated: 1 of 2000]
10:17:25.615 [Forwarding findElement on session c2c9e5df695e5c1a4290eacba5ee9727 to remote] DEBUG org.apache.http.client.protocol.RequestAddCookies - CookieSpec selected: default
10:17:25.615 [Forwarding findElement on session c2c9e5df695e5c1a4290eacba5ee9727 to remote] DEBUG org.apache.http.client.protocol.RequestAuthCache - Auth cache not set in the context
10:17:25.615 [Forwarding findElement on session c2c9e5df695e5c1a4290eacba5ee9727 to remote] DEBUG org.apache.http.impl.conn.PoolingHttpClientConnectionManager - Connection request: [route: {}->http://localhost:36428][total kept alive: 1; route allocated: 1 of 2000; total allocated: 1 of 2000]
10:17:25.615 [Forwarding findElement on session c2c9e5df695e5c1a4290eacba5ee9727 to remote] DEBUG org.apache.http.impl.conn.PoolingHttpClientConnectionManager - Connection leased: [id: 2][route: {}->http://localhost:36428][total kept alive: 0; route allocated: 1 of 2000; total allocated: 1 of 2000]
10:17:25.615 [Forwarding findElement on session c2c9e5df695e5c1a4290eacba5ee9727 to remote] DEBUG org.apache.http.impl.execchain.MainClientExec - Stale connection check
10:17:25.628 [Forwarding findElement on session c2c9e5df695e5c1a4290eacba5ee9727 to remote] DEBUG org.apache.http.wire - http-outgoing-2 << "[read] I/O error: Read timed out"
10:17:25.628 [Forwarding findElement on session c2c9e5df695e5c1a4290eacba5ee9727 to remote] DEBUG org.apache.http.impl.conn.DefaultManagedHttpClientConnection - http-outgoing-2: set socket timeout to 10800000
10:17:25.628 [Forwarding findElement on session c2c9e5df695e5c1a4290eacba5ee9727 to remote] DEBUG org.apache.http.impl.execchain.MainClientExec - Executing request POST /session/c2c9e5df695e5c1a4290eacba5ee9727/element HTTP/1.1
10:17:25.628 [Forwarding findElement on session c2c9e5df695e5c1a4290eacba5ee9727 to remote] DEBUG org.apache.http.impl.execchain.MainClientExec - Target auth state: UNCHALLENGED
10:17:25.628 [Forwarding findElement on session c2c9e5df695e5c1a4290eacba5ee9727 to remote] DEBUG org.apache.http.impl.execchain.MainClientExec - Proxy auth state: UNCHALLENGED
10:17:25.628 [Forwarding findElement on session c2c9e5df695e5c1a4290eacba5ee9727 to remote] DEBUG org.apache.http.headers - http-outgoing-2 >> POST /session/c2c9e5df695e5c1a4290eacba5ee9727/element HTTP/1.1
10:17:25.628 [Forwarding findElement on session c2c9e5df695e5c1a4290eacba5ee9727 to remote] DEBUG org.apache.http.headers - http-outgoing-2 >> Content-Type: application/json; charset=utf-8
10:17:25.628 [Forwarding findElement on session c2c9e5df695e5c1a4290eacba5ee9727 to remote] DEBUG org.apache.http.headers - http-outgoing-2 >> Content-Length: 32
10:17:25.628 [Forwarding findElement on session c2c9e5df695e5c1a4290eacba5ee9727 to remote] DEBUG org.apache.http.headers - http-outgoing-2 >> Host: localhost:36428
10:17:25.628 [Forwarding findElement on session c2c9e5df695e5c1a4290eacba5ee9727 to remote] DEBUG org.apache.http.headers - http-outgoing-2 >> Connection: Keep-Alive
10:17:25.628 [Forwarding findElement on session c2c9e5df695e5c1a4290eacba5ee9727 to remote] DEBUG org.apache.http.headers - http-outgoing-2 >> User-Agent: Apache-HttpClient/4.5.2 (Java/1.8.0_162)
10:17:25.628 [Forwarding findElement on session c2c9e5df695e5c1a4290eacba5ee9727 to remote] DEBUG org.apache.http.headers - http-outgoing-2 >> Accept-Encoding: gzip,deflate
10:17:25.628 [Forwarding findElement on session c2c9e5df695e5c1a4290eacba5ee9727 to remote] DEBUG org.apache.http.wire - http-outgoing-2 >> "POST /session/c2c9e5df695e5c1a4290eacba5ee9727/element HTTP/1.1[\r][\n]"
10:17:25.628 [Forwarding findElement on session c2c9e5df695e5c1a4290eacba5ee9727 to remote] DEBUG org.apache.http.wire - http-outgoing-2 >> "Content-Type: application/json; charset=utf-8[\r][\n]"
10:17:25.628 [Forwarding findElement on session c2c9e5df695e5c1a4290eacba5ee9727 to remote] DEBUG org.apache.http.wire - http-outgoing-2 >> "Content-Length: 32[\r][\n]"
10:17:25.628 [Forwarding findElement on session c2c9e5df695e5c1a4290eacba5ee9727 to remote] DEBUG org.apache.http.wire - http-outgoing-2 >> "Host: localhost:36428[\r][\n]"
10:17:25.628 [Forwarding findElement on session c2c9e5df695e5c1a4290eacba5ee9727 to remote] DEBUG org.apache.http.wire - http-outgoing-2 >> "Connection: Keep-Alive[\r][\n]"
10:17:25.628 [Forwarding findElement on session c2c9e5df695e5c1a4290eacba5ee9727 to remote] DEBUG org.apache.http.wire - http-outgoing-2 >> "User-Agent: Apache-HttpClient/4.5.2 (Java/1.8.0_162)[\r][\n]"
10:17:25.628 [Forwarding findElement on session c2c9e5df695e5c1a4290eacba5ee9727 to remote] DEBUG org.apache.http.wire - http-outgoing-2 >> "Accept-Encoding: gzip,deflate[\r][\n]"
10:17:25.628 [Forwarding findElement on session c2c9e5df695e5c1a4290eacba5ee9727 to remote] DEBUG org.apache.http.wire - http-outgoing-2 >> "[\r][\n]"
10:17:25.628 [Forwarding findElement on session c2c9e5df695e5c1a4290eacba5ee9727 to remote] DEBUG org.apache.http.wire - http-outgoing-2 >> "{"using":"id","value":"captcha"}"
10:17:25.636 [Forwarding findElement on session c2c9e5df695e5c1a4290eacba5ee9727 to remote] DEBUG org.apache.http.wire - http-outgoing-2 << "HTTP/1.1 200 OK[\r][\n]"
10:17:25.636 [Forwarding findElement on session c2c9e5df695e5c1a4290eacba5ee9727 to remote] DEBUG org.apache.http.wire - http-outgoing-2 << "Content-Length:102[\r][\n]"
10:17:25.636 [Forwarding findElement on session c2c9e5df695e5c1a4290eacba5ee9727 to remote] DEBUG org.apache.http.wire - http-outgoing-2 << "Content-Type:application/json; charset=utf-8[\r][\n]"
10:17:25.636 [Forwarding findElement on session c2c9e5df695e5c1a4290eacba5ee9727 to remote] DEBUG org.apache.http.wire - http-outgoing-2 << "[\r][\n]"
10:17:25.636 [Forwarding findElement on session c2c9e5df695e5c1a4290eacba5ee9727 to remote] DEBUG org.apache.http.wire - http-outgoing-2 << "{"sessionId":"c2c9e5df695e5c1a4290eacba5ee9727","status":0,"value":{"ELEMENT":"0.6718478164558619-3"}}"
10:17:25.636 [Forwarding findElement on session c2c9e5df695e5c1a4290eacba5ee9727 to remote] DEBUG org.apache.http.headers - http-outgoing-2 << HTTP/1.1 200 OK
10:17:25.636 [Forwarding findElement on session c2c9e5df695e5c1a4290eacba5ee9727 to remote] DEBUG org.apache.http.headers - http-outgoing-2 << Content-Length:102
10:17:25.636 [Forwarding findElement on session c2c9e5df695e5c1a4290eacba5ee9727 to remote] DEBUG org.apache.http.headers - http-outgoing-2 << Content-Type:application/json; charset=utf-8
10:17:25.636 [Forwarding findElement on session c2c9e5df695e5c1a4290eacba5ee9727 to remote] DEBUG org.apache.http.impl.execchain.MainClientExec - Connection can be kept alive indefinitely
10:17:25.636 [Forwarding findElement on session c2c9e5df695e5c1a4290eacba5ee9727 to remote] DEBUG org.apache.http.impl.conn.PoolingHttpClientConnectionManager - Connection [id: 2][route: {}->http://localhost:36428] can be kept alive indefinitely
10:17:25.636 [Forwarding findElement on session c2c9e5df695e5c1a4290eacba5ee9727 to remote] DEBUG org.apache.http.impl.conn.PoolingHttpClientConnectionManager - Connection released: [id: 2][route: {}->http://localhost:36428][total kept alive: 1; route allocated: 1 of 2000; total allocated: 1 of 2000]
10:17:25.637 [Forwarding sendKeysToElement on session c2c9e5df695e5c1a4290eacba5ee9727 to remote] DEBUG org.apache.http.client.protocol.RequestAddCookies - CookieSpec selected: default
10:17:25.637 [Forwarding sendKeysToElement on session c2c9e5df695e5c1a4290eacba5ee9727 to remote] DEBUG org.apache.http.client.protocol.RequestAuthCache - Auth cache not set in the context
10:17:25.637 [Forwarding sendKeysToElement on session c2c9e5df695e5c1a4290eacba5ee9727 to remote] DEBUG org.apache.http.impl.conn.PoolingHttpClientConnectionManager - Connection request: [route: {}->http://localhost:36428][total kept alive: 1; route allocated: 1 of 2000; total allocated: 1 of 2000]
10:17:25.637 [Forwarding sendKeysToElement on session c2c9e5df695e5c1a4290eacba5ee9727 to remote] DEBUG org.apache.http.impl.conn.PoolingHttpClientConnectionManager - Connection leased: [id: 2][route: {}->http://localhost:36428][total kept alive: 0; route allocated: 1 of 2000; total allocated: 1 of 2000]
10:17:25.637 [Forwarding sendKeysToElement on session c2c9e5df695e5c1a4290eacba5ee9727 to remote] DEBUG org.apache.http.impl.execchain.MainClientExec - Stale connection check
10:17:25.644 [Forwarding sendKeysToElement on session c2c9e5df695e5c1a4290eacba5ee9727 to remote] DEBUG org.apache.http.wire - http-outgoing-2 << "[read] I/O error: Read timed out"
10:17:25.644 [Forwarding sendKeysToElement on session c2c9e5df695e5c1a4290eacba5ee9727 to remote] DEBUG org.apache.http.impl.conn.DefaultManagedHttpClientConnection - http-outgoing-2: set socket timeout to 10800000
10:17:25.644 [Forwarding sendKeysToElement on session c2c9e5df695e5c1a4290eacba5ee9727 to remote] DEBUG org.apache.http.impl.execchain.MainClientExec - Executing request POST /session/c2c9e5df695e5c1a4290eacba5ee9727/element/0.6718478164558619-3/value HTTP/1.1
10:17:25.644 [Forwarding sendKeysToElement on session c2c9e5df695e5c1a4290eacba5ee9727 to remote] DEBUG org.apache.http.impl.execchain.MainClientExec - Target auth state: UNCHALLENGED
10:17:25.644 [Forwarding sendKeysToElement on session c2c9e5df695e5c1a4290eacba5ee9727 to remote] DEBUG org.apache.http.impl.execchain.MainClientExec - Proxy auth state: UNCHALLENGED
10:17:25.644 [Forwarding sendKeysToElement on session c2c9e5df695e5c1a4290eacba5ee9727 to remote] DEBUG org.apache.http.headers - http-outgoing-2 >> POST /session/c2c9e5df695e5c1a4290eacba5ee9727/element/0.6718478164558619-3/value HTTP/1.1
10:17:25.644 [Forwarding sendKeysToElement on session c2c9e5df695e5c1a4290eacba5ee9727 to remote] DEBUG org.apache.http.headers - http-outgoing-2 >> Content-Type: application/json; charset=utf-8
10:17:25.644 [Forwarding sendKeysToElement on session c2c9e5df695e5c1a4290eacba5ee9727 to remote] DEBUG org.apache.http.headers - http-outgoing-2 >> Content-Length: 46
10:17:25.644 [Forwarding sendKeysToElement on session c2c9e5df695e5c1a4290eacba5ee9727 to remote] DEBUG org.apache.http.headers - http-outgoing-2 >> Host: localhost:36428
10:17:25.644 [Forwarding sendKeysToElement on session c2c9e5df695e5c1a4290eacba5ee9727 to remote] DEBUG org.apache.http.headers - http-outgoing-2 >> Connection: Keep-Alive
10:17:25.644 [Forwarding sendKeysToElement on session c2c9e5df695e5c1a4290eacba5ee9727 to remote] DEBUG org.apache.http.headers - http-outgoing-2 >> User-Agent: Apache-HttpClient/4.5.2 (Java/1.8.0_162)
10:17:25.644 [Forwarding sendKeysToElement on session c2c9e5df695e5c1a4290eacba5ee9727 to remote] DEBUG org.apache.http.headers - http-outgoing-2 >> Accept-Encoding: gzip,deflate
10:17:25.644 [Forwarding sendKeysToElement on session c2c9e5df695e5c1a4290eacba5ee9727 to remote] DEBUG org.apache.http.wire - http-outgoing-2 >> "POST /session/c2c9e5df695e5c1a4290eacba5ee9727/element/0.6718478164558619-3/value HTTP/1.1[\r][\n]"
10:17:25.644 [Forwarding sendKeysToElement on session c2c9e5df695e5c1a4290eacba5ee9727 to remote] DEBUG org.apache.http.wire - http-outgoing-2 >> "Content-Type: application/json; charset=utf-8[\r][\n]"
10:17:25.644 [Forwarding sendKeysToElement on session c2c9e5df695e5c1a4290eacba5ee9727 to remote] DEBUG org.apache.http.wire - http-outgoing-2 >> "Content-Length: 46[\r][\n]"
10:17:25.644 [Forwarding sendKeysToElement on session c2c9e5df695e5c1a4290eacba5ee9727 to remote] DEBUG org.apache.http.wire - http-outgoing-2 >> "Host: localhost:36428[\r][\n]"
10:17:25.644 [Forwarding sendKeysToElement on session c2c9e5df695e5c1a4290eacba5ee9727 to remote] DEBUG org.apache.http.wire - http-outgoing-2 >> "Connection: Keep-Alive[\r][\n]"
10:17:25.644 [Forwarding sendKeysToElement on session c2c9e5df695e5c1a4290eacba5ee9727 to remote] DEBUG org.apache.http.wire - http-outgoing-2 >> "User-Agent: Apache-HttpClient/4.5.2 (Java/1.8.0_162)[\r][\n]"
10:17:25.644 [Forwarding sendKeysToElement on session c2c9e5df695e5c1a4290eacba5ee9727 to remote] DEBUG org.apache.http.wire - http-outgoing-2 >> "Accept-Encoding: gzip,deflate[\r][\n]"
10:17:25.644 [Forwarding sendKeysToElement on session c2c9e5df695e5c1a4290eacba5ee9727 to remote] DEBUG org.apache.http.wire - http-outgoing-2 >> "[\r][\n]"
10:17:25.644 [Forwarding sendKeysToElement on session c2c9e5df695e5c1a4290eacba5ee9727 to remote] DEBUG org.apache.http.wire - http-outgoing-2 >> "{"id":"0.6718478164558619-3","value":["1234"]}"
10:17:25.696 [Forwarding sendKeysToElement on session c2c9e5df695e5c1a4290eacba5ee9727 to remote] DEBUG org.apache.http.wire - http-outgoing-2 << "HTTP/1.1 200 OK[\r][\n]"
10:17:25.696 [Forwarding sendKeysToElement on session c2c9e5df695e5c1a4290eacba5ee9727 to remote] DEBUG org.apache.http.wire - http-outgoing-2 << "Content-Length:72[\r][\n]"
10:17:25.696 [Forwarding sendKeysToElement on session c2c9e5df695e5c1a4290eacba5ee9727 to remote] DEBUG org.apache.http.wire - http-outgoing-2 << "Content-Type:application/json; charset=utf-8[\r][\n]"
10:17:25.696 [Forwarding sendKeysToElement on session c2c9e5df695e5c1a4290eacba5ee9727 to remote] DEBUG org.apache.http.wire - http-outgoing-2 << "[\r][\n]"
10:17:25.696 [Forwarding sendKeysToElement on session c2c9e5df695e5c1a4290eacba5ee9727 to remote] DEBUG org.apache.http.wire - http-outgoing-2 << "{"sessionId":"c2c9e5df695e5c1a4290eacba5ee9727","status":0,"value":null}"
10:17:25.696 [Forwarding sendKeysToElement on session c2c9e5df695e5c1a4290eacba5ee9727 to remote] DEBUG org.apache.http.headers - http-outgoing-2 << HTTP/1.1 200 OK
10:17:25.696 [Forwarding sendKeysToElement on session c2c9e5df695e5c1a4290eacba5ee9727 to remote] DEBUG org.apache.http.headers - http-outgoing-2 << Content-Length:72
10:17:25.696 [Forwarding sendKeysToElement on session c2c9e5df695e5c1a4290eacba5ee9727 to remote] DEBUG org.apache.http.headers - http-outgoing-2 << Content-Type:application/json; charset=utf-8
10:17:25.696 [Forwarding sendKeysToElement on session c2c9e5df695e5c1a4290eacba5ee9727 to remote] DEBUG org.apache.http.impl.execchain.MainClientExec - Connection can be kept alive indefinitely
10:17:25.696 [Forwarding sendKeysToElement on session c2c9e5df695e5c1a4290eacba5ee9727 to remote] DEBUG org.apache.http.impl.conn.PoolingHttpClientConnectionManager - Connection [id: 2][route: {}->http://localhost:36428] can be kept alive indefinitely
10:17:25.696 [Forwarding sendKeysToElement on session c2c9e5df695e5c1a4290eacba5ee9727 to remote] DEBUG org.apache.http.impl.conn.PoolingHttpClientConnectionManager - Connection released: [id: 2][route: {}->http://localhost:36428][total kept alive: 1; route allocated: 1 of 2000; total allocated: 1 of 2000]
10:17:25.696 [Forwarding findElement on session c2c9e5df695e5c1a4290eacba5ee9727 to remote] DEBUG org.apache.http.client.protocol.RequestAddCookies - CookieSpec selected: default
10:17:25.696 [Forwarding findElement on session c2c9e5df695e5c1a4290eacba5ee9727 to remote] DEBUG org.apache.http.client.protocol.RequestAuthCache - Auth cache not set in the context
10:17:25.696 [Forwarding findElement on session c2c9e5df695e5c1a4290eacba5ee9727 to remote] DEBUG org.apache.http.impl.conn.PoolingHttpClientConnectionManager - Connection request: [route: {}->http://localhost:36428][total kept alive: 1; route allocated: 1 of 2000; total allocated: 1 of 2000]
10:17:25.696 [Forwarding findElement on session c2c9e5df695e5c1a4290eacba5ee9727 to remote] DEBUG org.apache.http.impl.conn.PoolingHttpClientConnectionManager - Connection leased: [id: 2][route: {}->http://localhost:36428][total kept alive: 0; route allocated: 1 of 2000; total allocated: 1 of 2000]
10:17:25.696 [Forwarding findElement on session c2c9e5df695e5c1a4290eacba5ee9727 to remote] DEBUG org.apache.http.impl.execchain.MainClientExec - Stale connection check
10:17:25.706 [Forwarding findElement on session c2c9e5df695e5c1a4290eacba5ee9727 to remote] DEBUG org.apache.http.wire - http-outgoing-2 << "[read] I/O error: Read timed out"
10:17:25.706 [Forwarding findElement on session c2c9e5df695e5c1a4290eacba5ee9727 to remote] DEBUG org.apache.http.impl.conn.DefaultManagedHttpClientConnection - http-outgoing-2: set socket timeout to 10800000
10:17:25.706 [Forwarding findElement on session c2c9e5df695e5c1a4290eacba5ee9727 to remote] DEBUG org.apache.http.impl.execchain.MainClientExec - Executing request POST /session/c2c9e5df695e5c1a4290eacba5ee9727/element HTTP/1.1
10:17:25.706 [Forwarding findElement on session c2c9e5df695e5c1a4290eacba5ee9727 to remote] DEBUG org.apache.http.impl.execchain.MainClientExec - Target auth state: UNCHALLENGED
10:17:25.706 [Forwarding findElement on session c2c9e5df695e5c1a4290eacba5ee9727 to remote] DEBUG org.apache.http.impl.execchain.MainClientExec - Proxy auth state: UNCHALLENGED
10:17:25.706 [Forwarding findElement on session c2c9e5df695e5c1a4290eacba5ee9727 to remote] DEBUG org.apache.http.headers - http-outgoing-2 >> POST /session/c2c9e5df695e5c1a4290eacba5ee9727/element HTTP/1.1
10:17:25.706 [Forwarding findElement on session c2c9e5df695e5c1a4290eacba5ee9727 to remote] DEBUG org.apache.http.headers - http-outgoing-2 >> Content-Type: application/json; charset=utf-8
10:17:25.706 [Forwarding findElement on session c2c9e5df695e5c1a4290eacba5ee9727 to remote] DEBUG org.apache.http.headers - http-outgoing-2 >> Content-Length: 41
10:17:25.706 [Forwarding findElement on session c2c9e5df695e5c1a4290eacba5ee9727 to remote] DEBUG org.apache.http.headers - http-outgoing-2 >> Host: localhost:36428
10:17:25.706 [Forwarding findElement on session c2c9e5df695e5c1a4290eacba5ee9727 to remote] DEBUG org.apache.http.headers - http-outgoing-2 >> Connection: Keep-Alive
10:17:25.706 [Forwarding findElement on session c2c9e5df695e5c1a4290eacba5ee9727 to remote] DEBUG org.apache.http.headers - http-outgoing-2 >> User-Agent: Apache-HttpClient/4.5.2 (Java/1.8.0_162)
10:17:25.706 [Forwarding findElement on session c2c9e5df695e5c1a4290eacba5ee9727 to remote] DEBUG org.apache.http.headers - http-outgoing-2 >> Accept-Encoding: gzip,deflate
10:17:25.706 [Forwarding findElement on session c2c9e5df695e5c1a4290eacba5ee9727 to remote] DEBUG org.apache.http.wire - http-outgoing-2 >> "POST /session/c2c9e5df695e5c1a4290eacba5ee9727/element HTTP/1.1[\r][\n]"
10:17:25.706 [Forwarding findElement on session c2c9e5df695e5c1a4290eacba5ee9727 to remote] DEBUG org.apache.http.wire - http-outgoing-2 >> "Content-Type: application/json; charset=utf-8[\r][\n]"
10:17:25.706 [Forwarding findElement on session c2c9e5df695e5c1a4290eacba5ee9727 to remote] DEBUG org.apache.http.wire - http-outgoing-2 >> "Content-Length: 41[\r][\n]"
10:17:25.706 [Forwarding findElement on session c2c9e5df695e5c1a4290eacba5ee9727 to remote] DEBUG org.apache.http.wire - http-outgoing-2 >> "Host: localhost:36428[\r][\n]"
10:17:25.706 [Forwarding findElement on session c2c9e5df695e5c1a4290eacba5ee9727 to remote] DEBUG org.apache.http.wire - http-outgoing-2 >> "Connection: Keep-Alive[\r][\n]"
10:17:25.706 [Forwarding findElement on session c2c9e5df695e5c1a4290eacba5ee9727 to remote] DEBUG org.apache.http.wire - http-outgoing-2 >> "User-Agent: Apache-HttpClient/4.5.2 (Java/1.8.0_162)[\r][\n]"
10:17:25.706 [Forwarding findElement on session c2c9e5df695e5c1a4290eacba5ee9727 to remote] DEBUG org.apache.http.wire - http-outgoing-2 >> "Accept-Encoding: gzip,deflate[\r][\n]"
10:17:25.706 [Forwarding findElement on session c2c9e5df695e5c1a4290eacba5ee9727 to remote] DEBUG org.apache.http.wire - http-outgoing-2 >> "[\r][\n]"
10:17:25.706 [Forwarding findElement on session c2c9e5df695e5c1a4290eacba5ee9727 to remote] DEBUG org.apache.http.wire - http-outgoing-2 >> "{"using":"class name","value":"loginBtn"}"
10:17:25.713 [Forwarding findElement on session c2c9e5df695e5c1a4290eacba5ee9727 to remote] DEBUG org.apache.http.wire - http-outgoing-2 << "HTTP/1.1 200 OK[\r][\n]"
10:17:25.713 [Forwarding findElement on session c2c9e5df695e5c1a4290eacba5ee9727 to remote] DEBUG org.apache.http.wire - http-outgoing-2 << "Content-Length:102[\r][\n]"
10:17:25.713 [Forwarding findElement on session c2c9e5df695e5c1a4290eacba5ee9727 to remote] DEBUG org.apache.http.wire - http-outgoing-2 << "Content-Type:application/json; charset=utf-8[\r][\n]"
10:17:25.713 [Forwarding findElement on session c2c9e5df695e5c1a4290eacba5ee9727 to remote] DEBUG org.apache.http.wire - http-outgoing-2 << "[\r][\n]"
10:17:25.713 [Forwarding findElement on session c2c9e5df695e5c1a4290eacba5ee9727 to remote] DEBUG org.apache.http.wire - http-outgoing-2 << "{"sessionId":"c2c9e5df695e5c1a4290eacba5ee9727","status":0,"value":{"ELEMENT":"0.6718478164558619-4"}}"
10:17:25.713 [Forwarding findElement on session c2c9e5df695e5c1a4290eacba5ee9727 to remote] DEBUG org.apache.http.headers - http-outgoing-2 << HTTP/1.1 200 OK
10:17:25.713 [Forwarding findElement on session c2c9e5df695e5c1a4290eacba5ee9727 to remote] DEBUG org.apache.http.headers - http-outgoing-2 << Content-Length:102
10:17:25.713 [Forwarding findElement on session c2c9e5df695e5c1a4290eacba5ee9727 to remote] DEBUG org.apache.http.headers - http-outgoing-2 << Content-Type:application/json; charset=utf-8
10:17:25.713 [Forwarding findElement on session c2c9e5df695e5c1a4290eacba5ee9727 to remote] DEBUG org.apache.http.impl.execchain.MainClientExec - Connection can be kept alive indefinitely
10:17:25.713 [Forwarding findElement on session c2c9e5df695e5c1a4290eacba5ee9727 to remote] DEBUG org.apache.http.impl.conn.PoolingHttpClientConnectionManager - Connection [id: 2][route: {}->http://localhost:36428] can be kept alive indefinitely
10:17:25.713 [Forwarding findElement on session c2c9e5df695e5c1a4290eacba5ee9727 to remote] DEBUG org.apache.http.impl.conn.PoolingHttpClientConnectionManager - Connection released: [id: 2][route: {}->http://localhost:36428][total kept alive: 1; route allocated: 1 of 2000; total allocated: 1 of 2000]
10:17:25.714 [Forwarding submitElement on session c2c9e5df695e5c1a4290eacba5ee9727 to remote] DEBUG org.apache.http.client.protocol.RequestAddCookies - CookieSpec selected: default
10:17:25.714 [Forwarding submitElement on session c2c9e5df695e5c1a4290eacba5ee9727 to remote] DEBUG org.apache.http.client.protocol.RequestAuthCache - Auth cache not set in the context
10:17:25.714 [Forwarding submitElement on session c2c9e5df695e5c1a4290eacba5ee9727 to remote] DEBUG org.apache.http.impl.conn.PoolingHttpClientConnectionManager - Connection request: [route: {}->http://localhost:36428][total kept alive: 1; route allocated: 1 of 2000; total allocated: 1 of 2000]
10:17:25.714 [Forwarding submitElement on session c2c9e5df695e5c1a4290eacba5ee9727 to remote] DEBUG org.apache.http.impl.conn.PoolingHttpClientConnectionManager - Connection leased: [id: 2][route: {}->http://localhost:36428][total kept alive: 0; route allocated: 1 of 2000; total allocated: 1 of 2000]
10:17:25.714 [Forwarding submitElement on session c2c9e5df695e5c1a4290eacba5ee9727 to remote] DEBUG org.apache.http.impl.execchain.MainClientExec - Stale connection check
10:17:25.721 [Forwarding submitElement on session c2c9e5df695e5c1a4290eacba5ee9727 to remote] DEBUG org.apache.http.wire - http-outgoing-2 << "[read] I/O error: Read timed out"
10:17:25.721 [Forwarding submitElement on session c2c9e5df695e5c1a4290eacba5ee9727 to remote] DEBUG org.apache.http.impl.conn.DefaultManagedHttpClientConnection - http-outgoing-2: set socket timeout to 10800000
10:17:25.721 [Forwarding submitElement on session c2c9e5df695e5c1a4290eacba5ee9727 to remote] DEBUG org.apache.http.impl.execchain.MainClientExec - Executing request POST /session/c2c9e5df695e5c1a4290eacba5ee9727/element/0.6718478164558619-4/submit HTTP/1.1
10:17:25.721 [Forwarding submitElement on session c2c9e5df695e5c1a4290eacba5ee9727 to remote] DEBUG org.apache.http.impl.execchain.MainClientExec - Target auth state: UNCHALLENGED
10:17:25.721 [Forwarding submitElement on session c2c9e5df695e5c1a4290eacba5ee9727 to remote] DEBUG org.apache.http.impl.execchain.MainClientExec - Proxy auth state: UNCHALLENGED
10:17:25.721 [Forwarding submitElement on session c2c9e5df695e5c1a4290eacba5ee9727 to remote] DEBUG org.apache.http.headers - http-outgoing-2 >> POST /session/c2c9e5df695e5c1a4290eacba5ee9727/element/0.6718478164558619-4/submit HTTP/1.1
10:17:25.721 [Forwarding submitElement on session c2c9e5df695e5c1a4290eacba5ee9727 to remote] DEBUG org.apache.http.headers - http-outgoing-2 >> Content-Type: application/json; charset=utf-8
10:17:25.721 [Forwarding submitElement on session c2c9e5df695e5c1a4290eacba5ee9727 to remote] DEBUG org.apache.http.headers - http-outgoing-2 >> Content-Length: 29
10:17:25.721 [Forwarding submitElement on session c2c9e5df695e5c1a4290eacba5ee9727 to remote] DEBUG org.apache.http.headers - http-outgoing-2 >> Host: localhost:36428
10:17:25.721 [Forwarding submitElement on session c2c9e5df695e5c1a4290eacba5ee9727 to remote] DEBUG org.apache.http.headers - http-outgoing-2 >> Connection: Keep-Alive
10:17:25.721 [Forwarding submitElement on session c2c9e5df695e5c1a4290eacba5ee9727 to remote] DEBUG org.apache.http.headers - http-outgoing-2 >> User-Agent: Apache-HttpClient/4.5.2 (Java/1.8.0_162)
10:17:25.721 [Forwarding submitElement on session c2c9e5df695e5c1a4290eacba5ee9727 to remote] DEBUG org.apache.http.headers - http-outgoing-2 >> Accept-Encoding: gzip,deflate
10:17:25.721 [Forwarding submitElement on session c2c9e5df695e5c1a4290eacba5ee9727 to remote] DEBUG org.apache.http.wire - http-outgoing-2 >> "POST /session/c2c9e5df695e5c1a4290eacba5ee9727/element/0.6718478164558619-4/submit HTTP/1.1[\r][\n]"
10:17:25.721 [Forwarding submitElement on session c2c9e5df695e5c1a4290eacba5ee9727 to remote] DEBUG org.apache.http.wire - http-outgoing-2 >> "Content-Type: application/json; charset=utf-8[\r][\n]"
10:17:25.721 [Forwarding submitElement on session c2c9e5df695e5c1a4290eacba5ee9727 to remote] DEBUG org.apache.http.wire - http-outgoing-2 >> "Content-Length: 29[\r][\n]"
10:17:25.721 [Forwarding submitElement on session c2c9e5df695e5c1a4290eacba5ee9727 to remote] DEBUG org.apache.http.wire - http-outgoing-2 >> "Host: localhost:36428[\r][\n]"
10:17:25.721 [Forwarding submitElement on session c2c9e5df695e5c1a4290eacba5ee9727 to remote] DEBUG org.apache.http.wire - http-outgoing-2 >> "Connection: Keep-Alive[\r][\n]"
10:17:25.721 [Forwarding submitElement on session c2c9e5df695e5c1a4290eacba5ee9727 to remote] DEBUG org.apache.http.wire - http-outgoing-2 >> "User-Agent: Apache-HttpClient/4.5.2 (Java/1.8.0_162)[\r][\n]"
10:17:25.721 [Forwarding submitElement on session c2c9e5df695e5c1a4290eacba5ee9727 to remote] DEBUG org.apache.http.wire - http-outgoing-2 >> "Accept-Encoding: gzip,deflate[\r][\n]"
10:17:25.721 [Forwarding submitElement on session c2c9e5df695e5c1a4290eacba5ee9727 to remote] DEBUG org.apache.http.wire - http-outgoing-2 >> "[\r][\n]"
10:17:25.721 [Forwarding submitElement on session c2c9e5df695e5c1a4290eacba5ee9727 to remote] DEBUG org.apache.http.wire - http-outgoing-2 >> "{"id":"0.6718478164558619-4"}"
10:17:26.217 [Forwarding submitElement on session c2c9e5df695e5c1a4290eacba5ee9727 to remote] DEBUG org.apache.http.wire - http-outgoing-2 << "HTTP/1.1 200 OK[\r][\n]"
10:17:26.217 [Forwarding submitElement on session c2c9e5df695e5c1a4290eacba5ee9727 to remote] DEBUG org.apache.http.wire - http-outgoing-2 << "Content-Length:72[\r][\n]"
10:17:26.217 [Forwarding submitElement on session c2c9e5df695e5c1a4290eacba5ee9727 to remote] DEBUG org.apache.http.wire - http-outgoing-2 << "Content-Type:application/json; charset=utf-8[\r][\n]"
10:17:26.217 [Forwarding submitElement on session c2c9e5df695e5c1a4290eacba5ee9727 to remote] DEBUG org.apache.http.wire - http-outgoing-2 << "[\r][\n]"
10:17:26.217 [Forwarding submitElement on session c2c9e5df695e5c1a4290eacba5ee9727 to remote] DEBUG org.apache.http.wire - http-outgoing-2 << "{"sessionId":"c2c9e5df695e5c1a4290eacba5ee9727","status":0,"value":null}"
10:17:26.217 [Forwarding submitElement on session c2c9e5df695e5c1a4290eacba5ee9727 to remote] DEBUG org.apache.http.headers - http-outgoing-2 << HTTP/1.1 200 OK
10:17:26.217 [Forwarding submitElement on session c2c9e5df695e5c1a4290eacba5ee9727 to remote] DEBUG org.apache.http.headers - http-outgoing-2 << Content-Length:72
10:17:26.217 [Forwarding submitElement on session c2c9e5df695e5c1a4290eacba5ee9727 to remote] DEBUG org.apache.http.headers - http-outgoing-2 << Content-Type:application/json; charset=utf-8
10:17:26.217 [Forwarding submitElement on session c2c9e5df695e5c1a4290eacba5ee9727 to remote] DEBUG org.apache.http.impl.execchain.MainClientExec - Connection can be kept alive indefinitely
10:17:26.217 [Forwarding submitElement on session c2c9e5df695e5c1a4290eacba5ee9727 to remote] DEBUG org.apache.http.impl.conn.PoolingHttpClientConnectionManager - Connection [id: 2][route: {}->http://localhost:36428] can be kept alive indefinitely
10:17:26.217 [Forwarding submitElement on session c2c9e5df695e5c1a4290eacba5ee9727 to remote] DEBUG org.apache.http.impl.conn.PoolingHttpClientConnectionManager - Connection released: [id: 2][route: {}->http://localhost:36428][total kept alive: 1; route allocated: 1 of 2000; total allocated: 1 of 2000]
10:17:29.229 [Forwarding findElement on session c2c9e5df695e5c1a4290eacba5ee9727 to remote] DEBUG org.apache.http.client.protocol.RequestAddCookies - CookieSpec selected: default
10:17:29.229 [Forwarding findElement on session c2c9e5df695e5c1a4290eacba5ee9727 to remote] DEBUG org.apache.http.client.protocol.RequestAuthCache - Auth cache not set in the context
10:17:29.229 [Forwarding findElement on session c2c9e5df695e5c1a4290eacba5ee9727 to remote] DEBUG org.apache.http.impl.conn.PoolingHttpClientConnectionManager - Connection request: [route: {}->http://localhost:36428][total kept alive: 1; route allocated: 1 of 2000; total allocated: 1 of 2000]
10:17:29.245 [Forwarding findElement on session c2c9e5df695e5c1a4290eacba5ee9727 to remote] DEBUG org.apache.http.wire - http-outgoing-2 << "[read] I/O error: Read timed out"
10:17:29.245 [Forwarding findElement on session c2c9e5df695e5c1a4290eacba5ee9727 to remote] DEBUG org.apache.http.impl.conn.PoolingHttpClientConnectionManager - Connection leased: [id: 2][route: {}->http://localhost:36428][total kept alive: 0; route allocated: 1 of 2000; total allocated: 1 of 2000]
10:17:29.245 [Forwarding findElement on session c2c9e5df695e5c1a4290eacba5ee9727 to remote] DEBUG org.apache.http.impl.execchain.MainClientExec - Stale connection check
10:17:29.260 [Forwarding findElement on session c2c9e5df695e5c1a4290eacba5ee9727 to remote] DEBUG org.apache.http.wire - http-outgoing-2 << "[read] I/O error: Read timed out"
10:17:29.260 [Forwarding findElement on session c2c9e5df695e5c1a4290eacba5ee9727 to remote] DEBUG org.apache.http.impl.conn.DefaultManagedHttpClientConnection - http-outgoing-2: set socket timeout to 10800000
10:17:29.260 [Forwarding findElement on session c2c9e5df695e5c1a4290eacba5ee9727 to remote] DEBUG org.apache.http.impl.execchain.MainClientExec - Executing request POST /session/c2c9e5df695e5c1a4290eacba5ee9727/element HTTP/1.1
10:17:29.260 [Forwarding findElement on session c2c9e5df695e5c1a4290eacba5ee9727 to remote] DEBUG org.apache.http.impl.execchain.MainClientExec - Target auth state: UNCHALLENGED
10:17:29.260 [Forwarding findElement on session c2c9e5df695e5c1a4290eacba5ee9727 to remote] DEBUG org.apache.http.impl.execchain.MainClientExec - Proxy auth state: UNCHALLENGED
10:17:29.260 [Forwarding findElement on session c2c9e5df695e5c1a4290eacba5ee9727 to remote] DEBUG org.apache.http.headers - http-outgoing-2 >> POST /session/c2c9e5df695e5c1a4290eacba5ee9727/element HTTP/1.1
10:17:29.260 [Forwarding findElement on session c2c9e5df695e5c1a4290eacba5ee9727 to remote] DEBUG org.apache.http.headers - http-outgoing-2 >> Content-Type: application/json; charset=utf-8
10:17:29.260 [Forwarding findElement on session c2c9e5df695e5c1a4290eacba5ee9727 to remote] DEBUG org.apache.http.headers - http-outgoing-2 >> Content-Length: 72
10:17:29.260 [Forwarding findElement on session c2c9e5df695e5c1a4290eacba5ee9727 to remote] DEBUG org.apache.http.headers - http-outgoing-2 >> Host: localhost:36428
10:17:29.260 [Forwarding findElement on session c2c9e5df695e5c1a4290eacba5ee9727 to remote] DEBUG org.apache.http.headers - http-outgoing-2 >> Connection: Keep-Alive
10:17:29.260 [Forwarding findElement on session c2c9e5df695e5c1a4290eacba5ee9727 to remote] DEBUG org.apache.http.headers - http-outgoing-2 >> User-Agent: Apache-HttpClient/4.5.2 (Java/1.8.0_162)
10:17:29.260 [Forwarding findElement on session c2c9e5df695e5c1a4290eacba5ee9727 to remote] DEBUG org.apache.http.headers - http-outgoing-2 >> Accept-Encoding: gzip,deflate
10:17:29.260 [Forwarding findElement on session c2c9e5df695e5c1a4290eacba5ee9727 to remote] DEBUG org.apache.http.wire - http-outgoing-2 >> "POST /session/c2c9e5df695e5c1a4290eacba5ee9727/element HTTP/1.1[\r][\n]"
10:17:29.260 [Forwarding findElement on session c2c9e5df695e5c1a4290eacba5ee9727 to remote] DEBUG org.apache.http.wire - http-outgoing-2 >> "Content-Type: application/json; charset=utf-8[\r][\n]"
10:17:29.260 [Forwarding findElement on session c2c9e5df695e5c1a4290eacba5ee9727 to remote] DEBUG org.apache.http.wire - http-outgoing-2 >> "Content-Length: 72[\r][\n]"
10:17:29.260 [Forwarding findElement on session c2c9e5df695e5c1a4290eacba5ee9727 to remote] DEBUG org.apache.http.wire - http-outgoing-2 >> "Host: localhost:36428[\r][\n]"
10:17:29.260 [Forwarding findElement on session c2c9e5df695e5c1a4290eacba5ee9727 to remote] DEBUG org.apache.http.wire - http-outgoing-2 >> "Connection: Keep-Alive[\r][\n]"
10:17:29.260 [Forwarding findElement on session c2c9e5df695e5c1a4290eacba5ee9727 to remote] DEBUG org.apache.http.wire - http-outgoing-2 >> "User-Agent: Apache-HttpClient/4.5.2 (Java/1.8.0_162)[\r][\n]"
10:17:29.260 [Forwarding findElement on session c2c9e5df695e5c1a4290eacba5ee9727 to remote] DEBUG org.apache.http.wire - http-outgoing-2 >> "Accept-Encoding: gzip,deflate[\r][\n]"
10:17:29.260 [Forwarding findElement on session c2c9e5df695e5c1a4290eacba5ee9727 to remote] DEBUG org.apache.http.wire - http-outgoing-2 >> "[\r][\n]"
10:17:29.260 [Forwarding findElement on session c2c9e5df695e5c1a4290eacba5ee9727 to remote] DEBUG org.apache.http.wire - http-outgoing-2 >> "{"using":"xpath","value":"//div[@class=\"ef-modal v-transfer-dom\"]//i"}"
10:17:29.274 [Forwarding findElement on session c2c9e5df695e5c1a4290eacba5ee9727 to remote] DEBUG org.apache.http.wire - http-outgoing-2 << "HTTP/1.1 200 OK[\r][\n]"
10:17:29.274 [Forwarding findElement on session c2c9e5df695e5c1a4290eacba5ee9727 to remote] DEBUG org.apache.http.wire - http-outgoing-2 << "Content-Length:102[\r][\n]"
10:17:29.274 [Forwarding findElement on session c2c9e5df695e5c1a4290eacba5ee9727 to remote] DEBUG org.apache.http.wire - http-outgoing-2 << "Content-Type:application/json; charset=utf-8[\r][\n]"
10:17:29.274 [Forwarding findElement on session c2c9e5df695e5c1a4290eacba5ee9727 to remote] DEBUG org.apache.http.wire - http-outgoing-2 << "[\r][\n]"
10:17:29.274 [Forwarding findElement on session c2c9e5df695e5c1a4290eacba5ee9727 to remote] DEBUG org.apache.http.wire - http-outgoing-2 << "{"sessionId":"c2c9e5df695e5c1a4290eacba5ee9727","status":0,"value":{"ELEMENT":"0.2454053411895556-1"}}"
10:17:29.274 [Forwarding findElement on session c2c9e5df695e5c1a4290eacba5ee9727 to remote] DEBUG org.apache.http.headers - http-outgoing-2 << HTTP/1.1 200 OK
10:17:29.274 [Forwarding findElement on session c2c9e5df695e5c1a4290eacba5ee9727 to remote] DEBUG org.apache.http.headers - http-outgoing-2 << Content-Length:102
10:17:29.274 [Forwarding findElement on session c2c9e5df695e5c1a4290eacba5ee9727 to remote] DEBUG org.apache.http.headers - http-outgoing-2 << Content-Type:application/json; charset=utf-8
10:17:29.274 [Forwarding findElement on session c2c9e5df695e5c1a4290eacba5ee9727 to remote] DEBUG org.apache.http.impl.execchain.MainClientExec - Connection can be kept alive indefinitely
10:17:29.274 [Forwarding findElement on session c2c9e5df695e5c1a4290eacba5ee9727 to remote] DEBUG org.apache.http.impl.conn.PoolingHttpClientConnectionManager - Connection [id: 2][route: {}->http://localhost:36428] can be kept alive indefinitely
10:17:29.274 [Forwarding findElement on session c2c9e5df695e5c1a4290eacba5ee9727 to remote] DEBUG org.apache.http.impl.conn.PoolingHttpClientConnectionManager - Connection released: [id: 2][route: {}->http://localhost:36428][total kept alive: 1; route allocated: 1 of 2000; total allocated: 1 of 2000]
10:17:29.274 [Forwarding clickElement on session c2c9e5df695e5c1a4290eacba5ee9727 to remote] DEBUG org.apache.http.client.protocol.RequestAddCookies - CookieSpec selected: default
10:17:29.274 [Forwarding clickElement on session c2c9e5df695e5c1a4290eacba5ee9727 to remote] DEBUG org.apache.http.client.protocol.RequestAuthCache - Auth cache not set in the context
10:17:29.274 [Forwarding clickElement on session c2c9e5df695e5c1a4290eacba5ee9727 to remote] DEBUG org.apache.http.impl.conn.PoolingHttpClientConnectionManager - Connection request: [route: {}->http://localhost:36428][total kept alive: 1; route allocated: 1 of 2000; total allocated: 1 of 2000]
10:17:29.274 [Forwarding clickElement on session c2c9e5df695e5c1a4290eacba5ee9727 to remote] DEBUG org.apache.http.impl.conn.PoolingHttpClientConnectionManager - Connection leased: [id: 2][route: {}->http://localhost:36428][total kept alive: 0; route allocated: 1 of 2000; total allocated: 1 of 2000]
10:17:29.274 [Forwarding clickElement on session c2c9e5df695e5c1a4290eacba5ee9727 to remote] DEBUG org.apache.http.impl.execchain.MainClientExec - Stale connection check
10:17:29.276 [Forwarding clickElement on session c2c9e5df695e5c1a4290eacba5ee9727 to remote] DEBUG org.apache.http.wire - http-outgoing-2 << "[read] I/O error: Read timed out"
10:17:29.276 [Forwarding clickElement on session c2c9e5df695e5c1a4290eacba5ee9727 to remote] DEBUG org.apache.http.impl.conn.DefaultManagedHttpClientConnection - http-outgoing-2: set socket timeout to 10800000
10:17:29.276 [Forwarding clickElement on session c2c9e5df695e5c1a4290eacba5ee9727 to remote] DEBUG org.apache.http.impl.execchain.MainClientExec - Executing request POST /session/c2c9e5df695e5c1a4290eacba5ee9727/element/0.2454053411895556-1/click HTTP/1.1
10:17:29.276 [Forwarding clickElement on session c2c9e5df695e5c1a4290eacba5ee9727 to remote] DEBUG org.apache.http.impl.execchain.MainClientExec - Target auth state: UNCHALLENGED
10:17:29.276 [Forwarding clickElement on session c2c9e5df695e5c1a4290eacba5ee9727 to remote] DEBUG org.apache.http.impl.execchain.MainClientExec - Proxy auth state: UNCHALLENGED
10:17:29.276 [Forwarding clickElement on session c2c9e5df695e5c1a4290eacba5ee9727 to remote] DEBUG org.apache.http.headers - http-outgoing-2 >> POST /session/c2c9e5df695e5c1a4290eacba5ee9727/element/0.2454053411895556-1/click HTTP/1.1
10:17:29.276 [Forwarding clickElement on session c2c9e5df695e5c1a4290eacba5ee9727 to remote] DEBUG org.apache.http.headers - http-outgoing-2 >> Content-Type: application/json; charset=utf-8
10:17:29.276 [Forwarding clickElement on session c2c9e5df695e5c1a4290eacba5ee9727 to remote] DEBUG org.apache.http.headers - http-outgoing-2 >> Content-Length: 29
10:17:29.276 [Forwarding clickElement on session c2c9e5df695e5c1a4290eacba5ee9727 to remote] DEBUG org.apache.http.headers - http-outgoing-2 >> Host: localhost:36428
10:17:29.276 [Forwarding clickElement on session c2c9e5df695e5c1a4290eacba5ee9727 to remote] DEBUG org.apache.http.headers - http-outgoing-2 >> Connection: Keep-Alive
10:17:29.276 [Forwarding clickElement on session c2c9e5df695e5c1a4290eacba5ee9727 to remote] DEBUG org.apache.http.headers - http-outgoing-2 >> User-Agent: Apache-HttpClient/4.5.2 (Java/1.8.0_162)
10:17:29.276 [Forwarding clickElement on session c2c9e5df695e5c1a4290eacba5ee9727 to remote] DEBUG org.apache.http.headers - http-outgoing-2 >> Accept-Encoding: gzip,deflate
10:17:29.276 [Forwarding clickElement on session c2c9e5df695e5c1a4290eacba5ee9727 to remote] DEBUG org.apache.http.wire - http-outgoing-2 >> "POST /session/c2c9e5df695e5c1a4290eacba5ee9727/element/0.2454053411895556-1/click HTTP/1.1[\r][\n]"
10:17:29.276 [Forwarding clickElement on session c2c9e5df695e5c1a4290eacba5ee9727 to remote] DEBUG org.apache.http.wire - http-outgoing-2 >> "Content-Type: application/json; charset=utf-8[\r][\n]"
10:17:29.276 [Forwarding clickElement on session c2c9e5df695e5c1a4290eacba5ee9727 to remote] DEBUG org.apache.http.wire - http-outgoing-2 >> "Content-Length: 29[\r][\n]"
10:17:29.276 [Forwarding clickElement on session c2c9e5df695e5c1a4290eacba5ee9727 to remote] DEBUG org.apache.http.wire - http-outgoing-2 >> "Host: localhost:36428[\r][\n]"
10:17:29.276 [Forwarding clickElement on session c2c9e5df695e5c1a4290eacba5ee9727 to remote] DEBUG org.apache.http.wire - http-outgoing-2 >> "Connection: Keep-Alive[\r][\n]"
10:17:29.276 [Forwarding clickElement on session c2c9e5df695e5c1a4290eacba5ee9727 to remote] DEBUG org.apache.http.wire - http-outgoing-2 >> "User-Agent: Apache-HttpClient/4.5.2 (Java/1.8.0_162)[\r][\n]"
10:17:29.276 [Forwarding clickElement on session c2c9e5df695e5c1a4290eacba5ee9727 to remote] DEBUG org.apache.http.wire - http-outgoing-2 >> "Accept-Encoding: gzip,deflate[\r][\n]"
10:17:29.276 [Forwarding clickElement on session c2c9e5df695e5c1a4290eacba5ee9727 to remote] DEBUG org.apache.http.wire - http-outgoing-2 >> "[\r][\n]"
10:17:29.276 [Forwarding clickElement on session c2c9e5df695e5c1a4290eacba5ee9727 to remote] DEBUG org.apache.http.wire - http-outgoing-2 >> "{"id":"0.2454053411895556-1"}"
10:17:29.314 [Forwarding clickElement on session c2c9e5df695e5c1a4290eacba5ee9727 to remote] DEBUG org.apache.http.wire - http-outgoing-2 << "HTTP/1.1 200 OK[\r][\n]"
10:17:29.315 [Forwarding clickElement on session c2c9e5df695e5c1a4290eacba5ee9727 to remote] DEBUG org.apache.http.wire - http-outgoing-2 << "Content-Length:72[\r][\n]"
10:17:29.315 [Forwarding clickElement on session c2c9e5df695e5c1a4290eacba5ee9727 to remote] DEBUG org.apache.http.wire - http-outgoing-2 << "Content-Type:application/json; charset=utf-8[\r][\n]"
10:17:29.315 [Forwarding clickElement on session c2c9e5df695e5c1a4290eacba5ee9727 to remote] DEBUG org.apache.http.wire - http-outgoing-2 << "[\r][\n]"
10:17:29.315 [Forwarding clickElement on session c2c9e5df695e5c1a4290eacba5ee9727 to remote] DEBUG org.apache.http.wire - http-outgoing-2 << "{"sessionId":"c2c9e5df695e5c1a4290eacba5ee9727","status":0,"value":null}"
10:17:29.315 [Forwarding clickElement on session c2c9e5df695e5c1a4290eacba5ee9727 to remote] DEBUG org.apache.http.headers - http-outgoing-2 << HTTP/1.1 200 OK
10:17:29.315 [Forwarding clickElement on session c2c9e5df695e5c1a4290eacba5ee9727 to remote] DEBUG org.apache.http.headers - http-outgoing-2 << Content-Length:72
10:17:29.315 [Forwarding clickElement on session c2c9e5df695e5c1a4290eacba5ee9727 to remote] DEBUG org.apache.http.headers - http-outgoing-2 << Content-Type:application/json; charset=utf-8
10:17:29.315 [Forwarding clickElement on session c2c9e5df695e5c1a4290eacba5ee9727 to remote] DEBUG org.apache.http.impl.execchain.MainClientExec - Connection can be kept alive indefinitely
10:17:29.315 [Forwarding clickElement on session c2c9e5df695e5c1a4290eacba5ee9727 to remote] DEBUG org.apache.http.impl.conn.PoolingHttpClientConnectionManager - Connection [id: 2][route: {}->http://localhost:36428] can be kept alive indefinitely
10:17:29.315 [Forwarding clickElement on session c2c9e5df695e5c1a4290eacba5ee9727 to remote] DEBUG org.apache.http.impl.conn.PoolingHttpClientConnectionManager - Connection released: [id: 2][route: {}->http://localhost:36428][total kept alive: 1; route allocated: 1 of 2000; total allocated: 1 of 2000]
10:17:29.315 [Forwarding findElement on session c2c9e5df695e5c1a4290eacba5ee9727 to remote] DEBUG org.apache.http.client.protocol.RequestAddCookies - CookieSpec selected: default
10:17:29.315 [Forwarding findElement on session c2c9e5df695e5c1a4290eacba5ee9727 to remote] DEBUG org.apache.http.client.protocol.RequestAuthCache - Auth cache not set in the context
10:17:29.315 [Forwarding findElement on session c2c9e5df695e5c1a4290eacba5ee9727 to remote] DEBUG org.apache.http.impl.conn.PoolingHttpClientConnectionManager - Connection request: [route: {}->http://localhost:36428][total kept alive: 1; route allocated: 1 of 2000; total allocated: 1 of 2000]
10:17:29.315 [Forwarding findElement on session c2c9e5df695e5c1a4290eacba5ee9727 to remote] DEBUG org.apache.http.impl.conn.PoolingHttpClientConnectionManager - Connection leased: [id: 2][route: {}->http://localhost:36428][total kept alive: 0; route allocated: 1 of 2000; total allocated: 1 of 2000]
10:17:29.315 [Forwarding findElement on session c2c9e5df695e5c1a4290eacba5ee9727 to remote] DEBUG org.apache.http.impl.execchain.MainClientExec - Stale connection check
10:17:29.323 [Forwarding findElement on session c2c9e5df695e5c1a4290eacba5ee9727 to remote] DEBUG org.apache.http.wire - http-outgoing-2 << "[read] I/O error: Read timed out"
10:17:29.323 [Forwarding findElement on session c2c9e5df695e5c1a4290eacba5ee9727 to remote] DEBUG org.apache.http.impl.conn.DefaultManagedHttpClientConnection - http-outgoing-2: set socket timeout to 10800000
10:17:29.323 [Forwarding findElement on session c2c9e5df695e5c1a4290eacba5ee9727 to remote] DEBUG org.apache.http.impl.execchain.MainClientExec - Executing request POST /session/c2c9e5df695e5c1a4290eacba5ee9727/element HTTP/1.1
10:17:29.323 [Forwarding findElement on session c2c9e5df695e5c1a4290eacba5ee9727 to remote] DEBUG org.apache.http.impl.execchain.MainClientExec - Target auth state: UNCHALLENGED
10:17:29.323 [Forwarding findElement on session c2c9e5df695e5c1a4290eacba5ee9727 to remote] DEBUG org.apache.http.impl.execchain.MainClientExec - Proxy auth state: UNCHALLENGED
10:17:29.323 [Forwarding findElement on session c2c9e5df695e5c1a4290eacba5ee9727 to remote] DEBUG org.apache.http.headers - http-outgoing-2 >> POST /session/c2c9e5df695e5c1a4290eacba5ee9727/element HTTP/1.1
10:17:29.323 [Forwarding findElement on session c2c9e5df695e5c1a4290eacba5ee9727 to remote] DEBUG org.apache.http.headers - http-outgoing-2 >> Content-Type: application/json; charset=utf-8
10:17:29.323 [Forwarding findElement on session c2c9e5df695e5c1a4290eacba5ee9727 to remote] DEBUG org.apache.http.headers - http-outgoing-2 >> Content-Length: 60
10:17:29.323 [Forwarding findElement on session c2c9e5df695e5c1a4290eacba5ee9727 to remote] DEBUG org.apache.http.headers - http-outgoing-2 >> Host: localhost:36428
10:17:29.323 [Forwarding findElement on session c2c9e5df695e5c1a4290eacba5ee9727 to remote] DEBUG org.apache.http.headers - http-outgoing-2 >> Connection: Keep-Alive
10:17:29.323 [Forwarding findElement on session c2c9e5df695e5c1a4290eacba5ee9727 to remote] DEBUG org.apache.http.headers - http-outgoing-2 >> User-Agent: Apache-HttpClient/4.5.2 (Java/1.8.0_162)
10:17:29.323 [Forwarding findElement on session c2c9e5df695e5c1a4290eacba5ee9727 to remote] DEBUG org.apache.http.headers - http-outgoing-2 >> Accept-Encoding: gzip,deflate
10:17:29.323 [Forwarding findElement on session c2c9e5df695e5c1a4290eacba5ee9727 to remote] DEBUG org.apache.http.wire - http-outgoing-2 >> "POST /session/c2c9e5df695e5c1a4290eacba5ee9727/element HTTP/1.1[\r][\n]"
10:17:29.323 [Forwarding findElement on session c2c9e5df695e5c1a4290eacba5ee9727 to remote] DEBUG org.apache.http.wire - http-outgoing-2 >> "Content-Type: application/json; charset=utf-8[\r][\n]"
10:17:29.323 [Forwarding findElement on session c2c9e5df695e5c1a4290eacba5ee9727 to remote] DEBUG org.apache.http.wire - http-outgoing-2 >> "Content-Length: 60[\r][\n]"
10:17:29.323 [Forwarding findElement on session c2c9e5df695e5c1a4290eacba5ee9727 to remote] DEBUG org.apache.http.wire - http-outgoing-2 >> "Host: localhost:36428[\r][\n]"
10:17:29.323 [Forwarding findElement on session c2c9e5df695e5c1a4290eacba5ee9727 to remote] DEBUG org.apache.http.wire - http-outgoing-2 >> "Connection: Keep-Alive[\r][\n]"
10:17:29.323 [Forwarding findElement on session c2c9e5df695e5c1a4290eacba5ee9727 to remote] DEBUG org.apache.http.wire - http-outgoing-2 >> "User-Agent: Apache-HttpClient/4.5.2 (Java/1.8.0_162)[\r][\n]"
10:17:29.323 [Forwarding findElement on session c2c9e5df695e5c1a4290eacba5ee9727 to remote] DEBUG org.apache.http.wire - http-outgoing-2 >> "Accept-Encoding: gzip,deflate[\r][\n]"
10:17:29.323 [Forwarding findElement on session c2c9e5df695e5c1a4290eacba5ee9727 to remote] DEBUG org.apache.http.wire - http-outgoing-2 >> "[\r][\n]"
10:17:29.323 [Forwarding findElement on session c2c9e5df695e5c1a4290eacba5ee9727 to remote] DEBUG org.apache.http.wire - http-outgoing-2 >> "{"using":"xpath","value":"//span[text()=\" [0xe5][0xae][0xa2][0xe6][0x88][0xb7][0xe5][0x90][0x88][0xe5][0x90][0x8c]\"]"}"
10:17:29.333 [Forwarding findElement on session c2c9e5df695e5c1a4290eacba5ee9727 to remote] DEBUG org.apache.http.wire - http-outgoing-2 << "HTTP/1.1 200 OK[\r][\n]"
10:17:29.333 [Forwarding findElement on session c2c9e5df695e5c1a4290eacba5ee9727 to remote] DEBUG org.apache.http.wire - http-outgoing-2 << "Content-Length:102[\r][\n]"
10:17:29.333 [Forwarding findElement on session c2c9e5df695e5c1a4290eacba5ee9727 to remote] DEBUG org.apache.http.wire - http-outgoing-2 << "Content-Type:application/json; charset=utf-8[\r][\n]"
10:17:29.333 [Forwarding findElement on session c2c9e5df695e5c1a4290eacba5ee9727 to remote] DEBUG org.apache.http.wire - http-outgoing-2 << "[\r][\n]"
10:17:29.333 [Forwarding findElement on session c2c9e5df695e5c1a4290eacba5ee9727 to remote] DEBUG org.apache.http.wire - http-outgoing-2 << "{"sessionId":"c2c9e5df695e5c1a4290eacba5ee9727","status":0,"value":{"ELEMENT":"0.2454053411895556-2"}}"
10:17:29.333 [Forwarding findElement on session c2c9e5df695e5c1a4290eacba5ee9727 to remote] DEBUG org.apache.http.headers - http-outgoing-2 << HTTP/1.1 200 OK
10:17:29.333 [Forwarding findElement on session c2c9e5df695e5c1a4290eacba5ee9727 to remote] DEBUG org.apache.http.headers - http-outgoing-2 << Content-Length:102
10:17:29.333 [Forwarding findElement on session c2c9e5df695e5c1a4290eacba5ee9727 to remote] DEBUG org.apache.http.headers - http-outgoing-2 << Content-Type:application/json; charset=utf-8
10:17:29.333 [Forwarding findElement on session c2c9e5df695e5c1a4290eacba5ee9727 to remote] DEBUG org.apache.http.impl.execchain.MainClientExec - Connection can be kept alive indefinitely
10:17:29.333 [Forwarding findElement on session c2c9e5df695e5c1a4290eacba5ee9727 to remote] DEBUG org.apache.http.impl.conn.PoolingHttpClientConnectionManager - Connection [id: 2][route: {}->http://localhost:36428] can be kept alive indefinitely
10:17:29.333 [Forwarding findElement on session c2c9e5df695e5c1a4290eacba5ee9727 to remote] DEBUG org.apache.http.impl.conn.PoolingHttpClientConnectionManager - Connection released: [id: 2][route: {}->http://localhost:36428][total kept alive: 1; route allocated: 1 of 2000; total allocated: 1 of 2000]
10:17:29.333 [Forwarding clickElement on session c2c9e5df695e5c1a4290eacba5ee9727 to remote] DEBUG org.apache.http.client.protocol.RequestAddCookies - CookieSpec selected: default
10:17:29.333 [Forwarding clickElement on session c2c9e5df695e5c1a4290eacba5ee9727 to remote] DEBUG org.apache.http.client.protocol.RequestAuthCache - Auth cache not set in the context
10:17:29.333 [Forwarding clickElement on session c2c9e5df695e5c1a4290eacba5ee9727 to remote] DEBUG org.apache.http.impl.conn.PoolingHttpClientConnectionManager - Connection request: [route: {}->http://localhost:36428][total kept alive: 1; route allocated: 1 of 2000; total allocated: 1 of 2000]
10:17:29.333 [Forwarding clickElement on session c2c9e5df695e5c1a4290eacba5ee9727 to remote] DEBUG org.apache.http.impl.conn.PoolingHttpClientConnectionManager - Connection leased: [id: 2][route: {}->http://localhost:36428][total kept alive: 0; route allocated: 1 of 2000; total allocated: 1 of 2000]
10:17:29.333 [Forwarding clickElement on session c2c9e5df695e5c1a4290eacba5ee9727 to remote] DEBUG org.apache.http.impl.execchain.MainClientExec - Stale connection check
10:17:29.339 [Forwarding clickElement on session c2c9e5df695e5c1a4290eacba5ee9727 to remote] DEBUG org.apache.http.wire - http-outgoing-2 << "[read] I/O error: Read timed out"
10:17:29.339 [Forwarding clickElement on session c2c9e5df695e5c1a4290eacba5ee9727 to remote] DEBUG org.apache.http.impl.conn.DefaultManagedHttpClientConnection - http-outgoing-2: set socket timeout to 10800000
10:17:29.339 [Forwarding clickElement on session c2c9e5df695e5c1a4290eacba5ee9727 to remote] DEBUG org.apache.http.impl.execchain.MainClientExec - Executing request POST /session/c2c9e5df695e5c1a4290eacba5ee9727/element/0.2454053411895556-2/click HTTP/1.1
10:17:29.339 [Forwarding clickElement on session c2c9e5df695e5c1a4290eacba5ee9727 to remote] DEBUG org.apache.http.impl.execchain.MainClientExec - Target auth state: UNCHALLENGED
10:17:29.339 [Forwarding clickElement on session c2c9e5df695e5c1a4290eacba5ee9727 to remote] DEBUG org.apache.http.impl.execchain.MainClientExec - Proxy auth state: UNCHALLENGED
10:17:29.339 [Forwarding clickElement on session c2c9e5df695e5c1a4290eacba5ee9727 to remote] DEBUG org.apache.http.headers - http-outgoing-2 >> POST /session/c2c9e5df695e5c1a4290eacba5ee9727/element/0.2454053411895556-2/click HTTP/1.1
10:17:29.339 [Forwarding clickElement on session c2c9e5df695e5c1a4290eacba5ee9727 to remote] DEBUG org.apache.http.headers - http-outgoing-2 >> Content-Type: application/json; charset=utf-8
10:17:29.339 [Forwarding clickElement on session c2c9e5df695e5c1a4290eacba5ee9727 to remote] DEBUG org.apache.http.headers - http-outgoing-2 >> Content-Length: 29
10:17:29.339 [Forwarding clickElement on session c2c9e5df695e5c1a4290eacba5ee9727 to remote] DEBUG org.apache.http.headers - http-outgoing-2 >> Host: localhost:36428
10:17:29.339 [Forwarding clickElement on session c2c9e5df695e5c1a4290eacba5ee9727 to remote] DEBUG org.apache.http.headers - http-outgoing-2 >> Connection: Keep-Alive
10:17:29.339 [Forwarding clickElement on session c2c9e5df695e5c1a4290eacba5ee9727 to remote] DEBUG org.apache.http.headers - http-outgoing-2 >> User-Agent: Apache-HttpClient/4.5.2 (Java/1.8.0_162)
10:17:29.339 [Forwarding clickElement on session c2c9e5df695e5c1a4290eacba5ee9727 to remote] DEBUG org.apache.http.headers - http-outgoing-2 >> Accept-Encoding: gzip,deflate
10:17:29.339 [Forwarding clickElement on session c2c9e5df695e5c1a4290eacba5ee9727 to remote] DEBUG org.apache.http.wire - http-outgoing-2 >> "POST /session/c2c9e5df695e5c1a4290eacba5ee9727/element/0.2454053411895556-2/click HTTP/1.1[\r][\n]"
10:17:29.339 [Forwarding clickElement on session c2c9e5df695e5c1a4290eacba5ee9727 to remote] DEBUG org.apache.http.wire - http-outgoing-2 >> "Content-Type: application/json; charset=utf-8[\r][\n]"
10:17:29.339 [Forwarding clickElement on session c2c9e5df695e5c1a4290eacba5ee9727 to remote] DEBUG org.apache.http.wire - http-outgoing-2 >> "Content-Length: 29[\r][\n]"
10:17:29.339 [Forwarding clickElement on session c2c9e5df695e5c1a4290eacba5ee9727 to remote] DEBUG org.apache.http.wire - http-outgoing-2 >> "Host: localhost:36428[\r][\n]"
10:17:29.339 [Forwarding clickElement on session c2c9e5df695e5c1a4290eacba5ee9727 to remote] DEBUG org.apache.http.wire - http-outgoing-2 >> "Connection: Keep-Alive[\r][\n]"
10:17:29.339 [Forwarding clickElement on session c2c9e5df695e5c1a4290eacba5ee9727 to remote] DEBUG org.apache.http.wire - http-outgoing-2 >> "User-Agent: Apache-HttpClient/4.5.2 (Java/1.8.0_162)[\r][\n]"
10:17:29.339 [Forwarding clickElement on session c2c9e5df695e5c1a4290eacba5ee9727 to remote] DEBUG org.apache.http.wire - http-outgoing-2 >> "Accept-Encoding: gzip,deflate[\r][\n]"
10:17:29.339 [Forwarding clickElement on session c2c9e5df695e5c1a4290eacba5ee9727 to remote] DEBUG org.apache.http.wire - http-outgoing-2 >> "[\r][\n]"
10:17:29.339 [Forwarding clickElement on session c2c9e5df695e5c1a4290eacba5ee9727 to remote] DEBUG org.apache.http.wire - http-outgoing-2 >> "{"id":"0.2454053411895556-2"}"
10:17:29.670 [Forwarding clickElement on session c2c9e5df695e5c1a4290eacba5ee9727 to remote] DEBUG org.apache.http.wire - http-outgoing-2 << "HTTP/1.1 200 OK[\r][\n]"
10:17:29.670 [Forwarding clickElement on session c2c9e5df695e5c1a4290eacba5ee9727 to remote] DEBUG org.apache.http.wire - http-outgoing-2 << "Content-Length:72[\r][\n]"
10:17:29.670 [Forwarding clickElement on session c2c9e5df695e5c1a4290eacba5ee9727 to remote] DEBUG org.apache.http.wire - http-outgoing-2 << "Content-Type:application/json; charset=utf-8[\r][\n]"
10:17:29.670 [Forwarding clickElement on session c2c9e5df695e5c1a4290eacba5ee9727 to remote] DEBUG org.apache.http.wire - http-outgoing-2 << "[\r][\n]"
10:17:29.670 [Forwarding clickElement on session c2c9e5df695e5c1a4290eacba5ee9727 to remote] DEBUG org.apache.http.wire - http-outgoing-2 << "{"sessionId":"c2c9e5df695e5c1a4290eacba5ee9727","status":0,"value":null}"
10:17:29.670 [Forwarding clickElement on session c2c9e5df695e5c1a4290eacba5ee9727 to remote] DEBUG org.apache.http.headers - http-outgoing-2 << HTTP/1.1 200 OK
10:17:29.670 [Forwarding clickElement on session c2c9e5df695e5c1a4290eacba5ee9727 to remote] DEBUG org.apache.http.headers - http-outgoing-2 << Content-Length:72
10:17:29.670 [Forwarding clickElement on session c2c9e5df695e5c1a4290eacba5ee9727 to remote] DEBUG org.apache.http.headers - http-outgoing-2 << Content-Type:application/json; charset=utf-8
10:17:29.670 [Forwarding clickElement on session c2c9e5df695e5c1a4290eacba5ee9727 to remote] DEBUG org.apache.http.impl.execchain.MainClientExec - Connection can be kept alive indefinitely
10:17:29.670 [Forwarding clickElement on session c2c9e5df695e5c1a4290eacba5ee9727 to remote] DEBUG org.apache.http.impl.conn.PoolingHttpClientConnectionManager - Connection [id: 2][route: {}->http://localhost:36428] can be kept alive indefinitely
10:17:29.671 [Forwarding clickElement on session c2c9e5df695e5c1a4290eacba5ee9727 to remote] DEBUG org.apache.http.impl.conn.PoolingHttpClientConnectionManager - Connection released: [id: 2][route: {}->http://localhost:36428][total kept alive: 1; route allocated: 1 of 2000; total allocated: 1 of 2000]
10:17:30.678 [Forwarding findElement on session c2c9e5df695e5c1a4290eacba5ee9727 to remote] DEBUG org.apache.http.client.protocol.RequestAddCookies - CookieSpec selected: default
10:17:30.678 [Forwarding findElement on session c2c9e5df695e5c1a4290eacba5ee9727 to remote] DEBUG org.apache.http.client.protocol.RequestAuthCache - Auth cache not set in the context
10:17:30.679 [Forwarding findElement on session c2c9e5df695e5c1a4290eacba5ee9727 to remote] DEBUG org.apache.http.impl.conn.PoolingHttpClientConnectionManager - Connection request: [route: {}->http://localhost:36428][total kept alive: 1; route allocated: 1 of 2000; total allocated: 1 of 2000]
10:17:30.679 [Forwarding findElement on session c2c9e5df695e5c1a4290eacba5ee9727 to remote] DEBUG org.apache.http.impl.conn.PoolingHttpClientConnectionManager - Connection leased: [id: 2][route: {}->http://localhost:36428][total kept alive: 0; route allocated: 1 of 2000; total allocated: 1 of 2000]
10:17:30.679 [Forwarding findElement on session c2c9e5df695e5c1a4290eacba5ee9727 to remote] DEBUG org.apache.http.impl.execchain.MainClientExec - Stale connection check
10:17:30.692 [Forwarding findElement on session c2c9e5df695e5c1a4290eacba5ee9727 to remote] DEBUG org.apache.http.wire - http-outgoing-2 << "[read] I/O error: Read timed out"
10:17:30.692 [Forwarding findElement on session c2c9e5df695e5c1a4290eacba5ee9727 to remote] DEBUG org.apache.http.impl.conn.DefaultManagedHttpClientConnection - http-outgoing-2: set socket timeout to 10800000
10:17:30.692 [Forwarding findElement on session c2c9e5df695e5c1a4290eacba5ee9727 to remote] DEBUG org.apache.http.impl.execchain.MainClientExec - Executing request POST /session/c2c9e5df695e5c1a4290eacba5ee9727/element HTTP/1.1
10:17:30.692 [Forwarding findElement on session c2c9e5df695e5c1a4290eacba5ee9727 to remote] DEBUG org.apache.http.impl.execchain.MainClientExec - Target auth state: UNCHALLENGED
10:17:30.692 [Forwarding findElement on session c2c9e5df695e5c1a4290eacba5ee9727 to remote] DEBUG org.apache.http.impl.execchain.MainClientExec - Proxy auth state: UNCHALLENGED
10:17:30.692 [Forwarding findElement on session c2c9e5df695e5c1a4290eacba5ee9727 to remote] DEBUG org.apache.http.headers - http-outgoing-2 >> POST /session/c2c9e5df695e5c1a4290eacba5ee9727/element HTTP/1.1
10:17:30.692 [Forwarding findElement on session c2c9e5df695e5c1a4290eacba5ee9727 to remote] DEBUG org.apache.http.headers - http-outgoing-2 >> Content-Type: application/json; charset=utf-8
10:17:30.692 [Forwarding findElement on session c2c9e5df695e5c1a4290eacba5ee9727 to remote] DEBUG org.apache.http.headers - http-outgoing-2 >> Content-Length: 56
10:17:30.692 [Forwarding findElement on session c2c9e5df695e5c1a4290eacba5ee9727 to remote] DEBUG org.apache.http.headers - http-outgoing-2 >> Host: localhost:36428
10:17:30.692 [Forwarding findElement on session c2c9e5df695e5c1a4290eacba5ee9727 to remote] DEBUG org.apache.http.headers - http-outgoing-2 >> Connection: Keep-Alive
10:17:30.692 [Forwarding findElement on session c2c9e5df695e5c1a4290eacba5ee9727 to remote] DEBUG org.apache.http.headers - http-outgoing-2 >> User-Agent: Apache-HttpClient/4.5.2 (Java/1.8.0_162)
10:17:30.692 [Forwarding findElement on session c2c9e5df695e5c1a4290eacba5ee9727 to remote] DEBUG org.apache.http.headers - http-outgoing-2 >> Accept-Encoding: gzip,deflate
10:17:30.692 [Forwarding findElement on session c2c9e5df695e5c1a4290eacba5ee9727 to remote] DEBUG org.apache.http.wire - http-outgoing-2 >> "POST /session/c2c9e5df695e5c1a4290eacba5ee9727/element HTTP/1.1[\r][\n]"
10:17:30.692 [Forwarding findElement on session c2c9e5df695e5c1a4290eacba5ee9727 to remote] DEBUG org.apache.http.wire - http-outgoing-2 >> "Content-Type: application/json; charset=utf-8[\r][\n]"
10:17:30.692 [Forwarding findElement on session c2c9e5df695e5c1a4290eacba5ee9727 to remote] DEBUG org.apache.http.wire - http-outgoing-2 >> "Content-Length: 56[\r][\n]"
10:17:30.692 [Forwarding findElement on session c2c9e5df695e5c1a4290eacba5ee9727 to remote] DEBUG org.apache.http.wire - http-outgoing-2 >> "Host: localhost:36428[\r][\n]"
10:17:30.692 [Forwarding findElement on session c2c9e5df695e5c1a4290eacba5ee9727 to remote] DEBUG org.apache.http.wire - http-outgoing-2 >> "Connection: Keep-Alive[\r][\n]"
10:17:30.692 [Forwarding findElement on session c2c9e5df695e5c1a4290eacba5ee9727 to remote] DEBUG org.apache.http.wire - http-outgoing-2 >> "User-Agent: Apache-HttpClient/4.5.2 (Java/1.8.0_162)[\r][\n]"
10:17:30.692 [Forwarding findElement on session c2c9e5df695e5c1a4290eacba5ee9727 to remote] DEBUG org.apache.http.wire - http-outgoing-2 >> "Accept-Encoding: gzip,deflate[\r][\n]"
10:17:30.692 [Forwarding findElement on session c2c9e5df695e5c1a4290eacba5ee9727 to remote] DEBUG org.apache.http.wire - http-outgoing-2 >> "[\r][\n]"
10:17:30.692 [Forwarding findElement on session c2c9e5df695e5c1a4290eacba5ee9727 to remote] DEBUG org.apache.http.wire - http-outgoing-2 >> "{"using":"xpath","value":"//a[text()=\"[0xe6][0x88][0x91][0xe7][0x9a][0x84][0xe5][0x90][0x88][0xe5][0x90][0x8c]\"]"}"
10:17:30.700 [Forwarding findElement on session c2c9e5df695e5c1a4290eacba5ee9727 to remote] DEBUG org.apache.http.wire - http-outgoing-2 << "HTTP/1.1 200 OK[\r][\n]"
10:17:30.700 [Forwarding findElement on session c2c9e5df695e5c1a4290eacba5ee9727 to remote] DEBUG org.apache.http.wire - http-outgoing-2 << "Content-Length:102[\r][\n]"
10:17:30.700 [Forwarding findElement on session c2c9e5df695e5c1a4290eacba5ee9727 to remote] DEBUG org.apache.http.wire - http-outgoing-2 << "Content-Type:application/json; charset=utf-8[\r][\n]"
10:17:30.700 [Forwarding findElement on session c2c9e5df695e5c1a4290eacba5ee9727 to remote] DEBUG org.apache.http.wire - http-outgoing-2 << "[\r][\n]"
10:17:30.700 [Forwarding findElement on session c2c9e5df695e5c1a4290eacba5ee9727 to remote] DEBUG org.apache.http.wire - http-outgoing-2 << "{"sessionId":"c2c9e5df695e5c1a4290eacba5ee9727","status":0,"value":{"ELEMENT":"0.2454053411895556-3"}}"
10:17:30.700 [Forwarding findElement on session c2c9e5df695e5c1a4290eacba5ee9727 to remote] DEBUG org.apache.http.headers - http-outgoing-2 << HTTP/1.1 200 OK
10:17:30.700 [Forwarding findElement on session c2c9e5df695e5c1a4290eacba5ee9727 to remote] DEBUG org.apache.http.headers - http-outgoing-2 << Content-Length:102
10:17:30.700 [Forwarding findElement on session c2c9e5df695e5c1a4290eacba5ee9727 to remote] DEBUG org.apache.http.headers - http-outgoing-2 << Content-Type:application/json; charset=utf-8
10:17:30.700 [Forwarding findElement on session c2c9e5df695e5c1a4290eacba5ee9727 to remote] DEBUG org.apache.http.impl.execchain.MainClientExec - Connection can be kept alive indefinitely
10:17:30.700 [Forwarding findElement on session c2c9e5df695e5c1a4290eacba5ee9727 to remote] DEBUG org.apache.http.impl.conn.PoolingHttpClientConnectionManager - Connection [id: 2][route: {}->http://localhost:36428] can be kept alive indefinitely
10:17:30.700 [Forwarding findElement on session c2c9e5df695e5c1a4290eacba5ee9727 to remote] DEBUG org.apache.http.impl.conn.PoolingHttpClientConnectionManager - Connection released: [id: 2][route: {}->http://localhost:36428][total kept alive: 1; route allocated: 1 of 2000; total allocated: 1 of 2000]
10:17:30.701 [Forwarding clickElement on session c2c9e5df695e5c1a4290eacba5ee9727 to remote] DEBUG org.apache.http.client.protocol.RequestAddCookies - CookieSpec selected: default
10:17:30.701 [Forwarding clickElement on session c2c9e5df695e5c1a4290eacba5ee9727 to remote] DEBUG org.apache.http.client.protocol.RequestAuthCache - Auth cache not set in the context
10:17:30.701 [Forwarding clickElement on session c2c9e5df695e5c1a4290eacba5ee9727 to remote] DEBUG org.apache.http.impl.conn.PoolingHttpClientConnectionManager - Connection request: [route: {}->http://localhost:36428][total kept alive: 1; route allocated: 1 of 2000; total allocated: 1 of 2000]
10:17:30.701 [Forwarding clickElement on session c2c9e5df695e5c1a4290eacba5ee9727 to remote] DEBUG org.apache.http.impl.conn.PoolingHttpClientConnectionManager - Connection leased: [id: 2][route: {}->http://localhost:36428][total kept alive: 0; route allocated: 1 of 2000; total allocated: 1 of 2000]
10:17:30.701 [Forwarding clickElement on session c2c9e5df695e5c1a4290eacba5ee9727 to remote] DEBUG org.apache.http.impl.execchain.MainClientExec - Stale connection check
10:17:30.708 [Forwarding clickElement on session c2c9e5df695e5c1a4290eacba5ee9727 to remote] DEBUG org.apache.http.wire - http-outgoing-2 << "[read] I/O error: Read timed out"
10:17:30.708 [Forwarding clickElement on session c2c9e5df695e5c1a4290eacba5ee9727 to remote] DEBUG org.apache.http.impl.conn.DefaultManagedHttpClientConnection - http-outgoing-2: set socket timeout to 10800000
10:17:30.708 [Forwarding clickElement on session c2c9e5df695e5c1a4290eacba5ee9727 to remote] DEBUG org.apache.http.impl.execchain.MainClientExec - Executing request POST /session/c2c9e5df695e5c1a4290eacba5ee9727/element/0.2454053411895556-3/click HTTP/1.1
10:17:30.708 [Forwarding clickElement on session c2c9e5df695e5c1a4290eacba5ee9727 to remote] DEBUG org.apache.http.impl.execchain.MainClientExec - Target auth state: UNCHALLENGED
10:17:30.708 [Forwarding clickElement on session c2c9e5df695e5c1a4290eacba5ee9727 to remote] DEBUG org.apache.http.impl.execchain.MainClientExec - Proxy auth state: UNCHALLENGED
10:17:30.708 [Forwarding clickElement on session c2c9e5df695e5c1a4290eacba5ee9727 to remote] DEBUG org.apache.http.headers - http-outgoing-2 >> POST /session/c2c9e5df695e5c1a4290eacba5ee9727/element/0.2454053411895556-3/click HTTP/1.1
10:17:30.708 [Forwarding clickElement on session c2c9e5df695e5c1a4290eacba5ee9727 to remote] DEBUG org.apache.http.headers - http-outgoing-2 >> Content-Type: application/json; charset=utf-8
10:17:30.708 [Forwarding clickElement on session c2c9e5df695e5c1a4290eacba5ee9727 to remote] DEBUG org.apache.http.headers - http-outgoing-2 >> Content-Length: 29
10:17:30.708 [Forwarding clickElement on session c2c9e5df695e5c1a4290eacba5ee9727 to remote] DEBUG org.apache.http.headers - http-outgoing-2 >> Host: localhost:36428
10:17:30.708 [Forwarding clickElement on session c2c9e5df695e5c1a4290eacba5ee9727 to remote] DEBUG org.apache.http.headers - http-outgoing-2 >> Connection: Keep-Alive
10:17:30.708 [Forwarding clickElement on session c2c9e5df695e5c1a4290eacba5ee9727 to remote] DEBUG org.apache.http.headers - http-outgoing-2 >> User-Agent: Apache-HttpClient/4.5.2 (Java/1.8.0_162)
10:17:30.708 [Forwarding clickElement on session c2c9e5df695e5c1a4290eacba5ee9727 to remote] DEBUG org.apache.http.headers - http-outgoing-2 >> Accept-Encoding: gzip,deflate
10:17:30.708 [Forwarding clickElement on session c2c9e5df695e5c1a4290eacba5ee9727 to remote] DEBUG org.apache.http.wire - http-outgoing-2 >> "POST /session/c2c9e5df695e5c1a4290eacba5ee9727/element/0.2454053411895556-3/click HTTP/1.1[\r][\n]"
10:17:30.708 [Forwarding clickElement on session c2c9e5df695e5c1a4290eacba5ee9727 to remote] DEBUG org.apache.http.wire - http-outgoing-2 >> "Content-Type: application/json; charset=utf-8[\r][\n]"
10:17:30.708 [Forwarding clickElement on session c2c9e5df695e5c1a4290eacba5ee9727 to remote] DEBUG org.apache.http.wire - http-outgoing-2 >> "Content-Length: 29[\r][\n]"
10:17:30.708 [Forwarding clickElement on session c2c9e5df695e5c1a4290eacba5ee9727 to remote] DEBUG org.apache.http.wire - http-outgoing-2 >> "Host: localhost:36428[\r][\n]"
10:17:30.708 [Forwarding clickElement on session c2c9e5df695e5c1a4290eacba5ee9727 to remote] DEBUG org.apache.http.wire - http-outgoing-2 >> "Connection: Keep-Alive[\r][\n]"
10:17:30.708 [Forwarding clickElement on session c2c9e5df695e5c1a4290eacba5ee9727 to remote] DEBUG org.apache.http.wire - http-outgoing-2 >> "User-Agent: Apache-HttpClient/4.5.2 (Java/1.8.0_162)[\r][\n]"
10:17:30.708 [Forwarding clickElement on session c2c9e5df695e5c1a4290eacba5ee9727 to remote] DEBUG org.apache.http.wire - http-outgoing-2 >> "Accept-Encoding: gzip,deflate[\r][\n]"
10:17:30.708 [Forwarding clickElement on session c2c9e5df695e5c1a4290eacba5ee9727 to remote] DEBUG org.apache.http.wire - http-outgoing-2 >> "[\r][\n]"
10:17:30.708 [Forwarding clickElement on session c2c9e5df695e5c1a4290eacba5ee9727 to remote] DEBUG org.apache.http.wire - http-outgoing-2 >> "{"id":"0.2454053411895556-3"}"
10:17:30.742 [Forwarding clickElement on session c2c9e5df695e5c1a4290eacba5ee9727 to remote] DEBUG org.apache.http.wire - http-outgoing-2 << "HTTP/1.1 200 OK[\r][\n]"
10:17:30.742 [Forwarding clickElement on session c2c9e5df695e5c1a4290eacba5ee9727 to remote] DEBUG org.apache.http.wire - http-outgoing-2 << "Content-Length:72[\r][\n]"
10:17:30.742 [Forwarding clickElement on session c2c9e5df695e5c1a4290eacba5ee9727 to remote] DEBUG org.apache.http.wire - http-outgoing-2 << "Content-Type:application/json; charset=utf-8[\r][\n]"
10:17:30.742 [Forwarding clickElement on session c2c9e5df695e5c1a4290eacba5ee9727 to remote] DEBUG org.apache.http.wire - http-outgoing-2 << "[\r][\n]"
10:17:30.742 [Forwarding clickElement on session c2c9e5df695e5c1a4290eacba5ee9727 to remote] DEBUG org.apache.http.wire - http-outgoing-2 << "{"sessionId":"c2c9e5df695e5c1a4290eacba5ee9727","status":0,"value":null}"
10:17:30.742 [Forwarding clickElement on session c2c9e5df695e5c1a4290eacba5ee9727 to remote] DEBUG org.apache.http.headers - http-outgoing-2 << HTTP/1.1 200 OK
10:17:30.742 [Forwarding clickElement on session c2c9e5df695e5c1a4290eacba5ee9727 to remote] DEBUG org.apache.http.headers - http-outgoing-2 << Content-Length:72
10:17:30.742 [Forwarding clickElement on session c2c9e5df695e5c1a4290eacba5ee9727 to remote] DEBUG org.apache.http.headers - http-outgoing-2 << Content-Type:application/json; charset=utf-8
10:17:30.742 [Forwarding clickElement on session c2c9e5df695e5c1a4290eacba5ee9727 to remote] DEBUG org.apache.http.impl.execchain.MainClientExec - Connection can be kept alive indefinitely
10:17:30.743 [Forwarding clickElement on session c2c9e5df695e5c1a4290eacba5ee9727 to remote] DEBUG org.apache.http.impl.conn.PoolingHttpClientConnectionManager - Connection [id: 2][route: {}->http://localhost:36428] can be kept alive indefinitely
10:17:30.743 [Forwarding clickElement on session c2c9e5df695e5c1a4290eacba5ee9727 to remote] DEBUG org.apache.http.impl.conn.PoolingHttpClientConnectionManager - Connection released: [id: 2][route: {}->http://localhost:36428][total kept alive: 1; route allocated: 1 of 2000; total allocated: 1 of 2000]
10:17:30.788 [Forwarding switchToFrame on session c2c9e5df695e5c1a4290eacba5ee9727 to remote] DEBUG org.apache.http.client.protocol.RequestAddCookies - CookieSpec selected: default
10:17:30.788 [Forwarding switchToFrame on session c2c9e5df695e5c1a4290eacba5ee9727 to remote] DEBUG org.apache.http.client.protocol.RequestAuthCache - Auth cache not set in the context
10:17:30.788 [Forwarding switchToFrame on session c2c9e5df695e5c1a4290eacba5ee9727 to remote] DEBUG org.apache.http.impl.conn.PoolingHttpClientConnectionManager - Connection request: [route: {}->http://localhost:36428][total kept alive: 1; route allocated: 1 of 2000; total allocated: 1 of 2000]
10:17:30.788 [Forwarding switchToFrame on session c2c9e5df695e5c1a4290eacba5ee9727 to remote] DEBUG org.apache.http.impl.conn.PoolingHttpClientConnectionManager - Connection leased: [id: 2][route: {}->http://localhost:36428][total kept alive: 0; route allocated: 1 of 2000; total allocated: 1 of 2000]
10:17:30.788 [Forwarding switchToFrame on session c2c9e5df695e5c1a4290eacba5ee9727 to remote] DEBUG org.apache.http.impl.execchain.MainClientExec - Stale connection check
10:17:30.802 [Forwarding switchToFrame on session c2c9e5df695e5c1a4290eacba5ee9727 to remote] DEBUG org.apache.http.wire - http-outgoing-2 << "[read] I/O error: Read timed out"
10:17:30.802 [Forwarding switchToFrame on session c2c9e5df695e5c1a4290eacba5ee9727 to remote] DEBUG org.apache.http.impl.conn.DefaultManagedHttpClientConnection - http-outgoing-2: set socket timeout to 10800000
10:17:30.802 [Forwarding switchToFrame on session c2c9e5df695e5c1a4290eacba5ee9727 to remote] DEBUG org.apache.http.impl.execchain.MainClientExec - Executing request POST /session/c2c9e5df695e5c1a4290eacba5ee9727/frame HTTP/1.1
10:17:30.802 [Forwarding switchToFrame on session c2c9e5df695e5c1a4290eacba5ee9727 to remote] DEBUG org.apache.http.impl.execchain.MainClientExec - Target auth state: UNCHALLENGED
10:17:30.802 [Forwarding switchToFrame on session c2c9e5df695e5c1a4290eacba5ee9727 to remote] DEBUG org.apache.http.impl.execchain.MainClientExec - Proxy auth state: UNCHALLENGED
10:17:30.802 [Forwarding switchToFrame on session c2c9e5df695e5c1a4290eacba5ee9727 to remote] DEBUG org.apache.http.headers - http-outgoing-2 >> POST /session/c2c9e5df695e5c1a4290eacba5ee9727/frame HTTP/1.1
10:17:30.802 [Forwarding switchToFrame on session c2c9e5df695e5c1a4290eacba5ee9727 to remote] DEBUG org.apache.http.headers - http-outgoing-2 >> Content-Type: application/json; charset=utf-8
10:17:30.802 [Forwarding switchToFrame on session c2c9e5df695e5c1a4290eacba5ee9727 to remote] DEBUG org.apache.http.headers - http-outgoing-2 >> Content-Length: 11
10:17:30.802 [Forwarding switchToFrame on session c2c9e5df695e5c1a4290eacba5ee9727 to remote] DEBUG org.apache.http.headers - http-outgoing-2 >> Host: localhost:36428
10:17:30.802 [Forwarding switchToFrame on session c2c9e5df695e5c1a4290eacba5ee9727 to remote] DEBUG org.apache.http.headers - http-outgoing-2 >> Connection: Keep-Alive
10:17:30.802 [Forwarding switchToFrame on session c2c9e5df695e5c1a4290eacba5ee9727 to remote] DEBUG org.apache.http.headers - http-outgoing-2 >> User-Agent: Apache-HttpClient/4.5.2 (Java/1.8.0_162)
10:17:30.802 [Forwarding switchToFrame on session c2c9e5df695e5c1a4290eacba5ee9727 to remote] DEBUG org.apache.http.headers - http-outgoing-2 >> Accept-Encoding: gzip,deflate
10:17:30.802 [Forwarding switchToFrame on session c2c9e5df695e5c1a4290eacba5ee9727 to remote] DEBUG org.apache.http.wire - http-outgoing-2 >> "POST /session/c2c9e5df695e5c1a4290eacba5ee9727/frame HTTP/1.1[\r][\n]"
10:17:30.802 [Forwarding switchToFrame on session c2c9e5df695e5c1a4290eacba5ee9727 to remote] DEBUG org.apache.http.wire - http-outgoing-2 >> "Content-Type: application/json; charset=utf-8[\r][\n]"
10:17:30.802 [Forwarding switchToFrame on session c2c9e5df695e5c1a4290eacba5ee9727 to remote] DEBUG org.apache.http.wire - http-outgoing-2 >> "Content-Length: 11[\r][\n]"
10:17:30.802 [Forwarding switchToFrame on session c2c9e5df695e5c1a4290eacba5ee9727 to remote] DEBUG org.apache.http.wire - http-outgoing-2 >> "Host: localhost:36428[\r][\n]"
10:17:30.802 [Forwarding switchToFrame on session c2c9e5df695e5c1a4290eacba5ee9727 to remote] DEBUG org.apache.http.wire - http-outgoing-2 >> "Connection: Keep-Alive[\r][\n]"
10:17:30.802 [Forwarding switchToFrame on session c2c9e5df695e5c1a4290eacba5ee9727 to remote] DEBUG org.apache.http.wire - http-outgoing-2 >> "User-Agent: Apache-HttpClient/4.5.2 (Java/1.8.0_162)[\r][\n]"
10:17:30.802 [Forwarding switchToFrame on session c2c9e5df695e5c1a4290eacba5ee9727 to remote] DEBUG org.apache.http.wire - http-outgoing-2 >> "Accept-Encoding: gzip,deflate[\r][\n]"
10:17:30.802 [Forwarding switchToFrame on session c2c9e5df695e5c1a4290eacba5ee9727 to remote] DEBUG org.apache.http.wire - http-outgoing-2 >> "[\r][\n]"
10:17:30.802 [Forwarding switchToFrame on session c2c9e5df695e5c1a4290eacba5ee9727 to remote] DEBUG org.apache.http.wire - http-outgoing-2 >> "{"id":null}"
10:17:30.804 [Forwarding switchToFrame on session c2c9e5df695e5c1a4290eacba5ee9727 to remote] DEBUG org.apache.http.wire - http-outgoing-2 << "HTTP/1.1 200 OK[\r][\n]"
10:17:30.804 [Forwarding switchToFrame on session c2c9e5df695e5c1a4290eacba5ee9727 to remote] DEBUG org.apache.http.wire - http-outgoing-2 << "Content-Length:72[\r][\n]"
10:17:30.804 [Forwarding switchToFrame on session c2c9e5df695e5c1a4290eacba5ee9727 to remote] DEBUG org.apache.http.wire - http-outgoing-2 << "Content-Type:application/json; charset=utf-8[\r][\n]"
10:17:30.804 [Forwarding switchToFrame on session c2c9e5df695e5c1a4290eacba5ee9727 to remote] DEBUG org.apache.http.wire - http-outgoing-2 << "[\r][\n]"
10:17:30.804 [Forwarding switchToFrame on session c2c9e5df695e5c1a4290eacba5ee9727 to remote] DEBUG org.apache.http.wire - http-outgoing-2 << "{"sessionId":"c2c9e5df695e5c1a4290eacba5ee9727","status":0,"value":null}"
10:17:30.804 [Forwarding switchToFrame on session c2c9e5df695e5c1a4290eacba5ee9727 to remote] DEBUG org.apache.http.headers - http-outgoing-2 << HTTP/1.1 200 OK
10:17:30.804 [Forwarding switchToFrame on session c2c9e5df695e5c1a4290eacba5ee9727 to remote] DEBUG org.apache.http.headers - http-outgoing-2 << Content-Length:72
10:17:30.804 [Forwarding switchToFrame on session c2c9e5df695e5c1a4290eacba5ee9727 to remote] DEBUG org.apache.http.headers - http-outgoing-2 << Content-Type:application/json; charset=utf-8
10:17:30.804 [Forwarding switchToFrame on session c2c9e5df695e5c1a4290eacba5ee9727 to remote] DEBUG org.apache.http.impl.execchain.MainClientExec - Connection can be kept alive indefinitely
10:17:30.804 [Forwarding switchToFrame on session c2c9e5df695e5c1a4290eacba5ee9727 to remote] DEBUG org.apache.http.impl.conn.PoolingHttpClientConnectionManager - Connection [id: 2][route: {}->http://localhost:36428] can be kept alive indefinitely
10:17:30.804 [Forwarding switchToFrame on session c2c9e5df695e5c1a4290eacba5ee9727 to remote] DEBUG org.apache.http.impl.conn.PoolingHttpClientConnectionManager - Connection released: [id: 2][route: {}->http://localhost:36428][total kept alive: 1; route allocated: 1 of 2000; total allocated: 1 of 2000]
10:17:31.820 [Forwarding findElements on session c2c9e5df695e5c1a4290eacba5ee9727 to remote] DEBUG org.apache.http.client.protocol.RequestAddCookies - CookieSpec selected: default
10:17:31.820 [Forwarding findElements on session c2c9e5df695e5c1a4290eacba5ee9727 to remote] DEBUG org.apache.http.client.protocol.RequestAuthCache - Auth cache not set in the context
10:17:31.820 [Forwarding findElements on session c2c9e5df695e5c1a4290eacba5ee9727 to remote] DEBUG org.apache.http.impl.conn.PoolingHttpClientConnectionManager - Connection request: [route: {}->http://localhost:36428][total kept alive: 1; route allocated: 1 of 2000; total allocated: 1 of 2000]
10:17:31.820 [Forwarding findElements on session c2c9e5df695e5c1a4290eacba5ee9727 to remote] DEBUG org.apache.http.impl.conn.PoolingHttpClientConnectionManager - Connection leased: [id: 2][route: {}->http://localhost:36428][total kept alive: 0; route allocated: 1 of 2000; total allocated: 1 of 2000]
10:17:31.820 [Forwarding findElements on session c2c9e5df695e5c1a4290eacba5ee9727 to remote] DEBUG org.apache.http.impl.execchain.MainClientExec - Stale connection check
10:17:31.835 [Forwarding findElements on session c2c9e5df695e5c1a4290eacba5ee9727 to remote] DEBUG org.apache.http.wire - http-outgoing-2 << "[read] I/O error: Read timed out"
10:17:31.835 [Forwarding findElements on session c2c9e5df695e5c1a4290eacba5ee9727 to remote] DEBUG org.apache.http.impl.conn.DefaultManagedHttpClientConnection - http-outgoing-2: set socket timeout to 10800000
10:17:31.835 [Forwarding findElements on session c2c9e5df695e5c1a4290eacba5ee9727 to remote] DEBUG org.apache.http.impl.execchain.MainClientExec - Executing request POST /session/c2c9e5df695e5c1a4290eacba5ee9727/elements HTTP/1.1
10:17:31.835 [Forwarding findElements on session c2c9e5df695e5c1a4290eacba5ee9727 to remote] DEBUG org.apache.http.impl.execchain.MainClientExec - Target auth state: UNCHALLENGED
10:17:31.835 [Forwarding findElements on session c2c9e5df695e5c1a4290eacba5ee9727 to remote] DEBUG org.apache.http.impl.execchain.MainClientExec - Proxy auth state: UNCHALLENGED
10:17:31.835 [Forwarding findElements on session c2c9e5df695e5c1a4290eacba5ee9727 to remote] DEBUG org.apache.http.headers - http-outgoing-2 >> POST /session/c2c9e5df695e5c1a4290eacba5ee9727/elements HTTP/1.1
10:17:31.835 [Forwarding findElements on session c2c9e5df695e5c1a4290eacba5ee9727 to remote] DEBUG org.apache.http.headers - http-outgoing-2 >> Content-Type: application/json; charset=utf-8
10:17:31.835 [Forwarding findElements on session c2c9e5df695e5c1a4290eacba5ee9727 to remote] DEBUG org.apache.http.headers - http-outgoing-2 >> Content-Length: 73
10:17:31.835 [Forwarding findElements on session c2c9e5df695e5c1a4290eacba5ee9727 to remote] DEBUG org.apache.http.headers - http-outgoing-2 >> Host: localhost:36428
10:17:31.835 [Forwarding findElements on session c2c9e5df695e5c1a4290eacba5ee9727 to remote] DEBUG org.apache.http.headers - http-outgoing-2 >> Connection: Keep-Alive
10:17:31.835 [Forwarding findElements on session c2c9e5df695e5c1a4290eacba5ee9727 to remote] DEBUG org.apache.http.headers - http-outgoing-2 >> User-Agent: Apache-HttpClient/4.5.2 (Java/1.8.0_162)
10:17:31.835 [Forwarding findElements on session c2c9e5df695e5c1a4290eacba5ee9727 to remote] DEBUG org.apache.http.headers - http-outgoing-2 >> Accept-Encoding: gzip,deflate
10:17:31.835 [Forwarding findElements on session c2c9e5df695e5c1a4290eacba5ee9727 to remote] DEBUG org.apache.http.wire - http-outgoing-2 >> "POST /session/c2c9e5df695e5c1a4290eacba5ee9727/elements HTTP/1.1[\r][\n]"
10:17:31.835 [Forwarding findElements on session c2c9e5df695e5c1a4290eacba5ee9727 to remote] DEBUG org.apache.http.wire - http-outgoing-2 >> "Content-Type: application/json; charset=utf-8[\r][\n]"
10:17:31.835 [Forwarding findElements on session c2c9e5df695e5c1a4290eacba5ee9727 to remote] DEBUG org.apache.http.wire - http-outgoing-2 >> "Content-Length: 73[\r][\n]"
10:17:31.835 [Forwarding findElements on session c2c9e5df695e5c1a4290eacba5ee9727 to remote] DEBUG org.apache.http.wire - http-outgoing-2 >> "Host: localhost:36428[\r][\n]"
10:17:31.835 [Forwarding findElements on session c2c9e5df695e5c1a4290eacba5ee9727 to remote] DEBUG org.apache.http.wire - http-outgoing-2 >> "Connection: Keep-Alive[\r][\n]"
10:17:31.835 [Forwarding findElements on session c2c9e5df695e5c1a4290eacba5ee9727 to remote] DEBUG org.apache.http.wire - http-outgoing-2 >> "User-Agent: Apache-HttpClient/4.5.2 (Java/1.8.0_162)[\r][\n]"
10:17:31.835 [Forwarding findElements on session c2c9e5df695e5c1a4290eacba5ee9727 to remote] DEBUG org.apache.http.wire - http-outgoing-2 >> "Accept-Encoding: gzip,deflate[\r][\n]"
10:17:31.835 [Forwarding findElements on session c2c9e5df695e5c1a4290eacba5ee9727 to remote] DEBUG org.apache.http.wire - http-outgoing-2 >> "[\r][\n]"
10:17:31.835 [Forwarding findElements on session c2c9e5df695e5c1a4290eacba5ee9727 to remote] DEBUG org.apache.http.wire - http-outgoing-2 >> "{"using":"css selector","value":"frame[name='GC14'],iframe[name='GC14']"}"
10:17:31.843 [Forwarding findElements on session c2c9e5df695e5c1a4290eacba5ee9727 to remote] DEBUG org.apache.http.wire - http-outgoing-2 << "HTTP/1.1 200 OK[\r][\n]"
10:17:31.843 [Forwarding findElements on session c2c9e5df695e5c1a4290eacba5ee9727 to remote] DEBUG org.apache.http.wire - http-outgoing-2 << "Content-Length:70[\r][\n]"
10:17:31.843 [Forwarding findElements on session c2c9e5df695e5c1a4290eacba5ee9727 to remote] DEBUG org.apache.http.wire - http-outgoing-2 << "Content-Type:application/json; charset=utf-8[\r][\n]"
10:17:31.843 [Forwarding findElements on session c2c9e5df695e5c1a4290eacba5ee9727 to remote] DEBUG org.apache.http.wire - http-outgoing-2 << "[\r][\n]"
10:17:31.843 [Forwarding findElements on session c2c9e5df695e5c1a4290eacba5ee9727 to remote] DEBUG org.apache.http.wire - http-outgoing-2 << "{"sessionId":"c2c9e5df695e5c1a4290eacba5ee9727","status":0,"value":[]}"
10:17:31.843 [Forwarding findElements on session c2c9e5df695e5c1a4290eacba5ee9727 to remote] DEBUG org.apache.http.headers - http-outgoing-2 << HTTP/1.1 200 OK
10:17:31.843 [Forwarding findElements on session c2c9e5df695e5c1a4290eacba5ee9727 to remote] DEBUG org.apache.http.headers - http-outgoing-2 << Content-Length:70
10:17:31.843 [Forwarding findElements on session c2c9e5df695e5c1a4290eacba5ee9727 to remote] DEBUG org.apache.http.headers - http-outgoing-2 << Content-Type:application/json; charset=utf-8
10:17:31.843 [Forwarding findElements on session c2c9e5df695e5c1a4290eacba5ee9727 to remote] DEBUG org.apache.http.impl.execchain.MainClientExec - Connection can be kept alive indefinitely
10:17:31.843 [Forwarding findElements on session c2c9e5df695e5c1a4290eacba5ee9727 to remote] DEBUG org.apache.http.impl.conn.PoolingHttpClientConnectionManager - Connection [id: 2][route: {}->http://localhost:36428] can be kept alive indefinitely
10:17:31.843 [Forwarding findElements on session c2c9e5df695e5c1a4290eacba5ee9727 to remote] DEBUG org.apache.http.impl.conn.PoolingHttpClientConnectionManager - Connection released: [id: 2][route: {}->http://localhost:36428][total kept alive: 1; route allocated: 1 of 2000; total allocated: 1 of 2000]
10:17:31.843 [Forwarding findElements on session c2c9e5df695e5c1a4290eacba5ee9727 to remote] DEBUG org.apache.http.client.protocol.RequestAddCookies - CookieSpec selected: default
10:17:31.843 [Forwarding findElements on session c2c9e5df695e5c1a4290eacba5ee9727 to remote] DEBUG org.apache.http.client.protocol.RequestAuthCache - Auth cache not set in the context
10:17:31.843 [Forwarding findElements on session c2c9e5df695e5c1a4290eacba5ee9727 to remote] DEBUG org.apache.http.impl.conn.PoolingHttpClientConnectionManager - Connection request: [route: {}->http://localhost:36428][total kept alive: 1; route allocated: 1 of 2000; total allocated: 1 of 2000]
10:17:31.843 [Forwarding findElements on session c2c9e5df695e5c1a4290eacba5ee9727 to remote] DEBUG org.apache.http.impl.conn.PoolingHttpClientConnectionManager - Connection leased: [id: 2][route: {}->http://localhost:36428][total kept alive: 0; route allocated: 1 of 2000; total allocated: 1 of 2000]
10:17:31.843 [Forwarding findElements on session c2c9e5df695e5c1a4290eacba5ee9727 to remote] DEBUG org.apache.http.impl.execchain.MainClientExec - Stale connection check
10:17:31.850 [Forwarding findElements on session c2c9e5df695e5c1a4290eacba5ee9727 to remote] DEBUG org.apache.http.wire - http-outgoing-2 << "[read] I/O error: Read timed out"
10:17:31.850 [Forwarding findElements on session c2c9e5df695e5c1a4290eacba5ee9727 to remote] DEBUG org.apache.http.impl.conn.DefaultManagedHttpClientConnection - http-outgoing-2: set socket timeout to 10800000
10:17:31.850 [Forwarding findElements on session c2c9e5df695e5c1a4290eacba5ee9727 to remote] DEBUG org.apache.http.impl.execchain.MainClientExec - Executing request POST /session/c2c9e5df695e5c1a4290eacba5ee9727/elements HTTP/1.1
10:17:31.850 [Forwarding findElements on session c2c9e5df695e5c1a4290eacba5ee9727 to remote] DEBUG org.apache.http.impl.execchain.MainClientExec - Target auth state: UNCHALLENGED
10:17:31.850 [Forwarding findElements on session c2c9e5df695e5c1a4290eacba5ee9727 to remote] DEBUG org.apache.http.impl.execchain.MainClientExec - Proxy auth state: UNCHALLENGED
10:17:31.850 [Forwarding findElements on session c2c9e5df695e5c1a4290eacba5ee9727 to remote] DEBUG org.apache.http.headers - http-outgoing-2 >> POST /session/c2c9e5df695e5c1a4290eacba5ee9727/elements HTTP/1.1
10:17:31.850 [Forwarding findElements on session c2c9e5df695e5c1a4290eacba5ee9727 to remote] DEBUG org.apache.http.headers - http-outgoing-2 >> Content-Type: application/json; charset=utf-8
10:17:31.850 [Forwarding findElements on session c2c9e5df695e5c1a4290eacba5ee9727 to remote] DEBUG org.apache.http.headers - http-outgoing-2 >> Content-Length: 57
10:17:31.850 [Forwarding findElements on session c2c9e5df695e5c1a4290eacba5ee9727 to remote] DEBUG org.apache.http.headers - http-outgoing-2 >> Host: localhost:36428
10:17:31.850 [Forwarding findElements on session c2c9e5df695e5c1a4290eacba5ee9727 to remote] DEBUG org.apache.http.headers - http-outgoing-2 >> Connection: Keep-Alive
10:17:31.850 [Forwarding findElements on session c2c9e5df695e5c1a4290eacba5ee9727 to remote] DEBUG org.apache.http.headers - http-outgoing-2 >> User-Agent: Apache-HttpClient/4.5.2 (Java/1.8.0_162)
10:17:31.850 [Forwarding findElements on session c2c9e5df695e5c1a4290eacba5ee9727 to remote] DEBUG org.apache.http.headers - http-outgoing-2 >> Accept-Encoding: gzip,deflate
10:17:31.850 [Forwarding findElements on session c2c9e5df695e5c1a4290eacba5ee9727 to remote] DEBUG org.apache.http.wire - http-outgoing-2 >> "POST /session/c2c9e5df695e5c1a4290eacba5ee9727/elements HTTP/1.1[\r][\n]"
10:17:31.850 [Forwarding findElements on session c2c9e5df695e5c1a4290eacba5ee9727 to remote] DEBUG org.apache.http.wire - http-outgoing-2 >> "Content-Type: application/json; charset=utf-8[\r][\n]"
10:17:31.850 [Forwarding findElements on session c2c9e5df695e5c1a4290eacba5ee9727 to remote] DEBUG org.apache.http.wire - http-outgoing-2 >> "Content-Length: 57[\r][\n]"
10:17:31.850 [Forwarding findElements on session c2c9e5df695e5c1a4290eacba5ee9727 to remote] DEBUG org.apache.http.wire - http-outgoing-2 >> "Host: localhost:36428[\r][\n]"
10:17:31.850 [Forwarding findElements on session c2c9e5df695e5c1a4290eacba5ee9727 to remote] DEBUG org.apache.http.wire - http-outgoing-2 >> "Connection: Keep-Alive[\r][\n]"
10:17:31.850 [Forwarding findElements on session c2c9e5df695e5c1a4290eacba5ee9727 to remote] DEBUG org.apache.http.wire - http-outgoing-2 >> "User-Agent: Apache-HttpClient/4.5.2 (Java/1.8.0_162)[\r][\n]"
10:17:31.850 [Forwarding findElements on session c2c9e5df695e5c1a4290eacba5ee9727 to remote] DEBUG org.apache.http.wire - http-outgoing-2 >> "Accept-Encoding: gzip,deflate[\r][\n]"
10:17:31.850 [Forwarding findElements on session c2c9e5df695e5c1a4290eacba5ee9727 to remote] DEBUG org.apache.http.wire - http-outgoing-2 >> "[\r][\n]"
10:17:31.850 [Forwarding findElements on session c2c9e5df695e5c1a4290eacba5ee9727 to remote] DEBUG org.apache.http.wire - http-outgoing-2 >> "{"using":"css selector","value":"frame#GC14,iframe#GC14"}"
10:17:31.858 [Forwarding findElements on session c2c9e5df695e5c1a4290eacba5ee9727 to remote] DEBUG org.apache.http.wire - http-outgoing-2 << "HTTP/1.1 200 OK[\r][\n]"
10:17:31.858 [Forwarding findElements on session c2c9e5df695e5c1a4290eacba5ee9727 to remote] DEBUG org.apache.http.wire - http-outgoing-2 << "Content-Length:104[\r][\n]"
10:17:31.858 [Forwarding findElements on session c2c9e5df695e5c1a4290eacba5ee9727 to remote] DEBUG org.apache.http.wire - http-outgoing-2 << "Content-Type:application/json; charset=utf-8[\r][\n]"
10:17:31.858 [Forwarding findElements on session c2c9e5df695e5c1a4290eacba5ee9727 to remote] DEBUG org.apache.http.wire - http-outgoing-2 << "[\r][\n]"
10:17:31.858 [Forwarding findElements on session c2c9e5df695e5c1a4290eacba5ee9727 to remote] DEBUG org.apache.http.wire - http-outgoing-2 << "{"sessionId":"c2c9e5df695e5c1a4290eacba5ee9727","status":0,"value":[{"ELEMENT":"0.2454053411895556-4"}]}"
10:17:31.858 [Forwarding findElements on session c2c9e5df695e5c1a4290eacba5ee9727 to remote] DEBUG org.apache.http.headers - http-outgoing-2 << HTTP/1.1 200 OK
10:17:31.858 [Forwarding findElements on session c2c9e5df695e5c1a4290eacba5ee9727 to remote] DEBUG org.apache.http.headers - http-outgoing-2 << Content-Length:104
10:17:31.858 [Forwarding findElements on session c2c9e5df695e5c1a4290eacba5ee9727 to remote] DEBUG org.apache.http.headers - http-outgoing-2 << Content-Type:application/json; charset=utf-8
10:17:31.858 [Forwarding findElements on session c2c9e5df695e5c1a4290eacba5ee9727 to remote] DEBUG org.apache.http.impl.execchain.MainClientExec - Connection can be kept alive indefinitely
10:17:31.858 [Forwarding findElements on session c2c9e5df695e5c1a4290eacba5ee9727 to remote] DEBUG org.apache.http.impl.conn.PoolingHttpClientConnectionManager - Connection [id: 2][route: {}->http://localhost:36428] can be kept alive indefinitely
10:17:31.858 [Forwarding findElements on session c2c9e5df695e5c1a4290eacba5ee9727 to remote] DEBUG org.apache.http.impl.conn.PoolingHttpClientConnectionManager - Connection released: [id: 2][route: {}->http://localhost:36428][total kept alive: 1; route allocated: 1 of 2000; total allocated: 1 of 2000]
10:17:31.859 [Forwarding switchToFrame on session c2c9e5df695e5c1a4290eacba5ee9727 to remote] DEBUG org.apache.http.client.protocol.RequestAddCookies - CookieSpec selected: default
10:17:31.859 [Forwarding switchToFrame on session c2c9e5df695e5c1a4290eacba5ee9727 to remote] DEBUG org.apache.http.client.protocol.RequestAuthCache - Auth cache not set in the context
10:17:31.859 [Forwarding switchToFrame on session c2c9e5df695e5c1a4290eacba5ee9727 to remote] DEBUG org.apache.http.impl.conn.PoolingHttpClientConnectionManager - Connection request: [route: {}->http://localhost:36428][total kept alive: 1; route allocated: 1 of 2000; total allocated: 1 of 2000]
10:17:31.859 [Forwarding switchToFrame on session c2c9e5df695e5c1a4290eacba5ee9727 to remote] DEBUG org.apache.http.impl.conn.PoolingHttpClientConnectionManager - Connection leased: [id: 2][route: {}->http://localhost:36428][total kept alive: 0; route allocated: 1 of 2000; total allocated: 1 of 2000]
10:17:31.859 [Forwarding switchToFrame on session c2c9e5df695e5c1a4290eacba5ee9727 to remote] DEBUG org.apache.http.impl.execchain.MainClientExec - Stale connection check
10:17:31.866 [Forwarding switchToFrame on session c2c9e5df695e5c1a4290eacba5ee9727 to remote] DEBUG org.apache.http.wire - http-outgoing-2 << "[read] I/O error: Read timed out"
10:17:31.866 [Forwarding switchToFrame on session c2c9e5df695e5c1a4290eacba5ee9727 to remote] DEBUG org.apache.http.impl.conn.DefaultManagedHttpClientConnection - http-outgoing-2: set socket timeout to 10800000
10:17:31.866 [Forwarding switchToFrame on session c2c9e5df695e5c1a4290eacba5ee9727 to remote] DEBUG org.apache.http.impl.execchain.MainClientExec - Executing request POST /session/c2c9e5df695e5c1a4290eacba5ee9727/frame HTTP/1.1
10:17:31.866 [Forwarding switchToFrame on session c2c9e5df695e5c1a4290eacba5ee9727 to remote] DEBUG org.apache.http.impl.execchain.MainClientExec - Target auth state: UNCHALLENGED
10:17:31.866 [Forwarding switchToFrame on session c2c9e5df695e5c1a4290eacba5ee9727 to remote] DEBUG org.apache.http.impl.execchain.MainClientExec - Proxy auth state: UNCHALLENGED
10:17:31.866 [Forwarding switchToFrame on session c2c9e5df695e5c1a4290eacba5ee9727 to remote] DEBUG org.apache.http.headers - http-outgoing-2 >> POST /session/c2c9e5df695e5c1a4290eacba5ee9727/frame HTTP/1.1
10:17:31.866 [Forwarding switchToFrame on session c2c9e5df695e5c1a4290eacba5ee9727 to remote] DEBUG org.apache.http.headers - http-outgoing-2 >> Content-Type: application/json; charset=utf-8
10:17:31.866 [Forwarding switchToFrame on session c2c9e5df695e5c1a4290eacba5ee9727 to remote] DEBUG org.apache.http.headers - http-outgoing-2 >> Content-Length: 102
10:17:31.866 [Forwarding switchToFrame on session c2c9e5df695e5c1a4290eacba5ee9727 to remote] DEBUG org.apache.http.headers - http-outgoing-2 >> Host: localhost:36428
10:17:31.866 [Forwarding switchToFrame on session c2c9e5df695e5c1a4290eacba5ee9727 to remote] DEBUG org.apache.http.headers - http-outgoing-2 >> Connection: Keep-Alive
10:17:31.866 [Forwarding switchToFrame on session c2c9e5df695e5c1a4290eacba5ee9727 to remote] DEBUG org.apache.http.headers - http-outgoing-2 >> User-Agent: Apache-HttpClient/4.5.2 (Java/1.8.0_162)
10:17:31.866 [Forwarding switchToFrame on session c2c9e5df695e5c1a4290eacba5ee9727 to remote] DEBUG org.apache.http.headers - http-outgoing-2 >> Accept-Encoding: gzip,deflate
10:17:31.866 [Forwarding switchToFrame on session c2c9e5df695e5c1a4290eacba5ee9727 to remote] DEBUG org.apache.http.wire - http-outgoing-2 >> "POST /session/c2c9e5df695e5c1a4290eacba5ee9727/frame HTTP/1.1[\r][\n]"
10:17:31.866 [Forwarding switchToFrame on session c2c9e5df695e5c1a4290eacba5ee9727 to remote] DEBUG org.apache.http.wire - http-outgoing-2 >> "Content-Type: application/json; charset=utf-8[\r][\n]"
10:17:31.866 [Forwarding switchToFrame on session c2c9e5df695e5c1a4290eacba5ee9727 to remote] DEBUG org.apache.http.wire - http-outgoing-2 >> "Content-Length: 102[\r][\n]"
10:17:31.866 [Forwarding switchToFrame on session c2c9e5df695e5c1a4290eacba5ee9727 to remote] DEBUG org.apache.http.wire - http-outgoing-2 >> "Host: localhost:36428[\r][\n]"
10:17:31.866 [Forwarding switchToFrame on session c2c9e5df695e5c1a4290eacba5ee9727 to remote] DEBUG org.apache.http.wire - http-outgoing-2 >> "Connection: Keep-Alive[\r][\n]"
10:17:31.866 [Forwarding switchToFrame on session c2c9e5df695e5c1a4290eacba5ee9727 to remote] DEBUG org.apache.http.wire - http-outgoing-2 >> "User-Agent: Apache-HttpClient/4.5.2 (Java/1.8.0_162)[\r][\n]"
10:17:31.866 [Forwarding switchToFrame on session c2c9e5df695e5c1a4290eacba5ee9727 to remote] DEBUG org.apache.http.wire - http-outgoing-2 >> "Accept-Encoding: gzip,deflate[\r][\n]"
10:17:31.866 [Forwarding switchToFrame on session c2c9e5df695e5c1a4290eacba5ee9727 to remote] DEBUG org.apache.http.wire - http-outgoing-2 >> "[\r][\n]"
10:17:31.866 [Forwarding switchToFrame on session c2c9e5df695e5c1a4290eacba5ee9727 to remote] DEBUG org.apache.http.wire - http-outgoing-2 >> "{"id":{"ELEMENT":"0.2454053411895556-4","element-6066-11e4-a52e-4f735466cecf":"0.2454053411895556-4"}}"
10:17:31.879 [Forwarding switchToFrame on session c2c9e5df695e5c1a4290eacba5ee9727 to remote] DEBUG org.apache.http.wire - http-outgoing-2 << "HTTP/1.1 200 OK[\r][\n]"
10:17:31.879 [Forwarding switchToFrame on session c2c9e5df695e5c1a4290eacba5ee9727 to remote] DEBUG org.apache.http.wire - http-outgoing-2 << "Content-Length:72[\r][\n]"
10:17:31.879 [Forwarding switchToFrame on session c2c9e5df695e5c1a4290eacba5ee9727 to remote] DEBUG org.apache.http.wire - http-outgoing-2 << "Content-Type:application/json; charset=utf-8[\r][\n]"
10:17:31.879 [Forwarding switchToFrame on session c2c9e5df695e5c1a4290eacba5ee9727 to remote] DEBUG org.apache.http.wire - http-outgoing-2 << "[\r][\n]"
10:17:31.879 [Forwarding switchToFrame on session c2c9e5df695e5c1a4290eacba5ee9727 to remote] DEBUG org.apache.http.wire - http-outgoing-2 << "{"sessionId":"c2c9e5df695e5c1a4290eacba5ee9727","status":0,"value":null}"
10:17:31.879 [Forwarding switchToFrame on session c2c9e5df695e5c1a4290eacba5ee9727 to remote] DEBUG org.apache.http.headers - http-outgoing-2 << HTTP/1.1 200 OK
10:17:31.879 [Forwarding switchToFrame on session c2c9e5df695e5c1a4290eacba5ee9727 to remote] DEBUG org.apache.http.headers - http-outgoing-2 << Content-Length:72
10:17:31.879 [Forwarding switchToFrame on session c2c9e5df695e5c1a4290eacba5ee9727 to remote] DEBUG org.apache.http.headers - http-outgoing-2 << Content-Type:application/json; charset=utf-8
10:17:31.879 [Forwarding switchToFrame on session c2c9e5df695e5c1a4290eacba5ee9727 to remote] DEBUG org.apache.http.impl.execchain.MainClientExec - Connection can be kept alive indefinitely
10:17:31.879 [Forwarding switchToFrame on session c2c9e5df695e5c1a4290eacba5ee9727 to remote] DEBUG org.apache.http.impl.conn.PoolingHttpClientConnectionManager - Connection [id: 2][route: {}->http://localhost:36428] can be kept alive indefinitely
10:17:31.879 [Forwarding switchToFrame on session c2c9e5df695e5c1a4290eacba5ee9727 to remote] DEBUG org.apache.http.impl.conn.PoolingHttpClientConnectionManager - Connection released: [id: 2][route: {}->http://localhost:36428][total kept alive: 1; route allocated: 1 of 2000; total allocated: 1 of 2000]
10:17:32.894 [Forwarding findElements on session c2c9e5df695e5c1a4290eacba5ee9727 to remote] DEBUG org.apache.http.client.protocol.RequestAddCookies - CookieSpec selected: default
10:17:32.894 [Forwarding findElements on session c2c9e5df695e5c1a4290eacba5ee9727 to remote] DEBUG org.apache.http.client.protocol.RequestAuthCache - Auth cache not set in the context
10:17:32.894 [Forwarding findElements on session c2c9e5df695e5c1a4290eacba5ee9727 to remote] DEBUG org.apache.http.impl.conn.PoolingHttpClientConnectionManager - Connection request: [route: {}->http://localhost:36428][total kept alive: 1; route allocated: 1 of 2000; total allocated: 1 of 2000]
10:17:32.894 [Forwarding findElements on session c2c9e5df695e5c1a4290eacba5ee9727 to remote] DEBUG org.apache.http.impl.conn.PoolingHttpClientConnectionManager - Connection leased: [id: 2][route: {}->http://localhost:36428][total kept alive: 0; route allocated: 1 of 2000; total allocated: 1 of 2000]
10:17:32.894 [Forwarding findElements on session c2c9e5df695e5c1a4290eacba5ee9727 to remote] DEBUG org.apache.http.impl.execchain.MainClientExec - Stale connection check
10:17:32.909 [Forwarding findElements on session c2c9e5df695e5c1a4290eacba5ee9727 to remote] DEBUG org.apache.http.wire - http-outgoing-2 << "[read] I/O error: Read timed out"
10:17:32.909 [Forwarding findElements on session c2c9e5df695e5c1a4290eacba5ee9727 to remote] DEBUG org.apache.http.impl.conn.DefaultManagedHttpClientConnection - http-outgoing-2: set socket timeout to 10800000
10:17:32.909 [Forwarding findElements on session c2c9e5df695e5c1a4290eacba5ee9727 to remote] DEBUG org.apache.http.impl.execchain.MainClientExec - Executing request POST /session/c2c9e5df695e5c1a4290eacba5ee9727/elements HTTP/1.1
10:17:32.909 [Forwarding findElements on session c2c9e5df695e5c1a4290eacba5ee9727 to remote] DEBUG org.apache.http.impl.execchain.MainClientExec - Target auth state: UNCHALLENGED
10:17:32.909 [Forwarding findElements on session c2c9e5df695e5c1a4290eacba5ee9727 to remote] DEBUG org.apache.http.impl.execchain.MainClientExec - Proxy auth state: UNCHALLENGED
10:17:32.909 [Forwarding findElements on session c2c9e5df695e5c1a4290eacba5ee9727 to remote] DEBUG org.apache.http.headers - http-outgoing-2 >> POST /session/c2c9e5df695e5c1a4290eacba5ee9727/elements HTTP/1.1
10:17:32.909 [Forwarding findElements on session c2c9e5df695e5c1a4290eacba5ee9727 to remote] DEBUG org.apache.http.headers - http-outgoing-2 >> Content-Type: application/json; charset=utf-8
10:17:32.909 [Forwarding findElements on session c2c9e5df695e5c1a4290eacba5ee9727 to remote] DEBUG org.apache.http.headers - http-outgoing-2 >> Content-Length: 41
10:17:32.909 [Forwarding findElements on session c2c9e5df695e5c1a4290eacba5ee9727 to remote] DEBUG org.apache.http.headers - http-outgoing-2 >> Host: localhost:36428
10:17:32.909 [Forwarding findElements on session c2c9e5df695e5c1a4290eacba5ee9727 to remote] DEBUG org.apache.http.headers - http-outgoing-2 >> Connection: Keep-Alive
10:17:32.909 [Forwarding findElements on session c2c9e5df695e5c1a4290eacba5ee9727 to remote] DEBUG org.apache.http.headers - http-outgoing-2 >> User-Agent: Apache-HttpClient/4.5.2 (Java/1.8.0_162)
10:17:32.909 [Forwarding findElements on session c2c9e5df695e5c1a4290eacba5ee9727 to remote] DEBUG org.apache.http.headers - http-outgoing-2 >> Accept-Encoding: gzip,deflate
10:17:32.909 [Forwarding findElements on session c2c9e5df695e5c1a4290eacba5ee9727 to remote] DEBUG org.apache.http.wire - http-outgoing-2 >> "POST /session/c2c9e5df695e5c1a4290eacba5ee9727/elements HTTP/1.1[\r][\n]"
10:17:32.909 [Forwarding findElements on session c2c9e5df695e5c1a4290eacba5ee9727 to remote] DEBUG org.apache.http.wire - http-outgoing-2 >> "Content-Type: application/json; charset=utf-8[\r][\n]"
10:17:32.909 [Forwarding findElements on session c2c9e5df695e5c1a4290eacba5ee9727 to remote] DEBUG org.apache.http.wire - http-outgoing-2 >> "Content-Length: 41[\r][\n]"
10:17:32.909 [Forwarding findElements on session c2c9e5df695e5c1a4290eacba5ee9727 to remote] DEBUG org.apache.http.wire - http-outgoing-2 >> "Host: localhost:36428[\r][\n]"
10:17:32.909 [Forwarding findElements on session c2c9e5df695e5c1a4290eacba5ee9727 to remote] DEBUG org.apache.http.wire - http-outgoing-2 >> "Connection: Keep-Alive[\r][\n]"
10:17:32.909 [Forwarding findElements on session c2c9e5df695e5c1a4290eacba5ee9727 to remote] DEBUG org.apache.http.wire - http-outgoing-2 >> "User-Agent: Apache-HttpClient/4.5.2 (Java/1.8.0_162)[\r][\n]"
10:17:32.909 [Forwarding findElements on session c2c9e5df695e5c1a4290eacba5ee9727 to remote] DEBUG org.apache.http.wire - http-outgoing-2 >> "Accept-Encoding: gzip,deflate[\r][\n]"
10:17:32.909 [Forwarding findElements on session c2c9e5df695e5c1a4290eacba5ee9727 to remote] DEBUG org.apache.http.wire - http-outgoing-2 >> "[\r][\n]"
10:17:32.909 [Forwarding findElements on session c2c9e5df695e5c1a4290eacba5ee9727 to remote] DEBUG org.apache.http.wire - http-outgoing-2 >> "{"using":"class name","value":"rowstyle"}"
10:17:32.922 [Forwarding findElements on session c2c9e5df695e5c1a4290eacba5ee9727 to remote] DEBUG org.apache.http.wire - http-outgoing-2 << "HTTP/1.1 200 OK[\r][\n]"
10:17:32.922 [Forwarding findElements on session c2c9e5df695e5c1a4290eacba5ee9727 to remote] DEBUG org.apache.http.wire - http-outgoing-2 << "Content-Length:141[\r][\n]"
10:17:32.922 [Forwarding findElements on session c2c9e5df695e5c1a4290eacba5ee9727 to remote] DEBUG org.apache.http.wire - http-outgoing-2 << "Content-Type:application/json; charset=utf-8[\r][\n]"
10:17:32.922 [Forwarding findElements on session c2c9e5df695e5c1a4290eacba5ee9727 to remote] DEBUG org.apache.http.wire - http-outgoing-2 << "[\r][\n]"
10:17:32.922 [Forwarding findElements on session c2c9e5df695e5c1a4290eacba5ee9727 to remote] DEBUG org.apache.http.wire - http-outgoing-2 << "{"sessionId":"c2c9e5df695e5c1a4290eacba5ee9727","status":0,"value":[{"ELEMENT":"0.30301688751973765-1"},{"ELEMENT":"0.30301688751973765-2"}]}"
10:17:32.922 [Forwarding findElements on session c2c9e5df695e5c1a4290eacba5ee9727 to remote] DEBUG org.apache.http.headers - http-outgoing-2 << HTTP/1.1 200 OK
10:17:32.922 [Forwarding findElements on session c2c9e5df695e5c1a4290eacba5ee9727 to remote] DEBUG org.apache.http.headers - http-outgoing-2 << Content-Length:141
10:17:32.922 [Forwarding findElements on session c2c9e5df695e5c1a4290eacba5ee9727 to remote] DEBUG org.apache.http.headers - http-outgoing-2 << Content-Type:application/json; charset=utf-8
10:17:32.922 [Forwarding findElements on session c2c9e5df695e5c1a4290eacba5ee9727 to remote] DEBUG org.apache.http.impl.execchain.MainClientExec - Connection can be kept alive indefinitely
10:17:32.922 [Forwarding findElements on session c2c9e5df695e5c1a4290eacba5ee9727 to remote] DEBUG org.apache.http.impl.conn.PoolingHttpClientConnectionManager - Connection [id: 2][route: {}->http://localhost:36428] can be kept alive indefinitely
10:17:32.922 [Forwarding findElements on session c2c9e5df695e5c1a4290eacba5ee9727 to remote] DEBUG org.apache.http.impl.conn.PoolingHttpClientConnectionManager - Connection released: [id: 2][route: {}->http://localhost:36428][total kept alive: 1; route allocated: 1 of 2000; total allocated: 1 of 2000]
10:17:32.923 [Forwarding findChildElements on session c2c9e5df695e5c1a4290eacba5ee9727 to remote] DEBUG org.apache.http.client.protocol.RequestAddCookies - CookieSpec selected: default
10:17:32.923 [Forwarding findChildElements on session c2c9e5df695e5c1a4290eacba5ee9727 to remote] DEBUG org.apache.http.client.protocol.RequestAuthCache - Auth cache not set in the context
10:17:32.923 [Forwarding findChildElements on session c2c9e5df695e5c1a4290eacba5ee9727 to remote] DEBUG org.apache.http.impl.conn.PoolingHttpClientConnectionManager - Connection request: [route: {}->http://localhost:36428][total kept alive: 1; route allocated: 1 of 2000; total allocated: 1 of 2000]
10:17:32.923 [Forwarding findChildElements on session c2c9e5df695e5c1a4290eacba5ee9727 to remote] DEBUG org.apache.http.impl.conn.PoolingHttpClientConnectionManager - Connection leased: [id: 2][route: {}->http://localhost:36428][total kept alive: 0; route allocated: 1 of 2000; total allocated: 1 of 2000]
10:17:32.923 [Forwarding findChildElements on session c2c9e5df695e5c1a4290eacba5ee9727 to remote] DEBUG org.apache.http.impl.execchain.MainClientExec - Stale connection check
10:17:32.925 [Forwarding findChildElements on session c2c9e5df695e5c1a4290eacba5ee9727 to remote] DEBUG org.apache.http.wire - http-outgoing-2 << "[read] I/O error: Read timed out"
10:17:32.925 [Forwarding findChildElements on session c2c9e5df695e5c1a4290eacba5ee9727 to remote] DEBUG org.apache.http.impl.conn.DefaultManagedHttpClientConnection - http-outgoing-2: set socket timeout to 10800000
10:17:32.925 [Forwarding findChildElements on session c2c9e5df695e5c1a4290eacba5ee9727 to remote] DEBUG org.apache.http.impl.execchain.MainClientExec - Executing request POST /session/c2c9e5df695e5c1a4290eacba5ee9727/element/0.30301688751973765-1/elements HTTP/1.1
10:17:32.925 [Forwarding findChildElements on session c2c9e5df695e5c1a4290eacba5ee9727 to remote] DEBUG org.apache.http.impl.execchain.MainClientExec - Target auth state: UNCHALLENGED
10:17:32.925 [Forwarding findChildElements on session c2c9e5df695e5c1a4290eacba5ee9727 to remote] DEBUG org.apache.http.impl.execchain.MainClientExec - Proxy auth state: UNCHALLENGED
10:17:32.925 [Forwarding findChildElements on session c2c9e5df695e5c1a4290eacba5ee9727 to remote] DEBUG org.apache.http.headers - http-outgoing-2 >> POST /session/c2c9e5df695e5c1a4290eacba5ee9727/element/0.30301688751973765-1/elements HTTP/1.1
10:17:32.925 [Forwarding findChildElements on session c2c9e5df695e5c1a4290eacba5ee9727 to remote] DEBUG org.apache.http.headers - http-outgoing-2 >> Content-Type: application/json; charset=utf-8
10:17:32.925 [Forwarding findChildElements on session c2c9e5df695e5c1a4290eacba5ee9727 to remote] DEBUG org.apache.http.headers - http-outgoing-2 >> Content-Length: 61
10:17:32.925 [Forwarding findChildElements on session c2c9e5df695e5c1a4290eacba5ee9727 to remote] DEBUG org.apache.http.headers - http-outgoing-2 >> Host: localhost:36428
10:17:32.925 [Forwarding findChildElements on session c2c9e5df695e5c1a4290eacba5ee9727 to remote] DEBUG org.apache.http.headers - http-outgoing-2 >> Connection: Keep-Alive
10:17:32.925 [Forwarding findChildElements on session c2c9e5df695e5c1a4290eacba5ee9727 to remote] DEBUG org.apache.http.headers - http-outgoing-2 >> User-Agent: Apache-HttpClient/4.5.2 (Java/1.8.0_162)
10:17:32.925 [Forwarding findChildElements on session c2c9e5df695e5c1a4290eacba5ee9727 to remote] DEBUG org.apache.http.headers - http-outgoing-2 >> Accept-Encoding: gzip,deflate
10:17:32.925 [Forwarding findChildElements on session c2c9e5df695e5c1a4290eacba5ee9727 to remote] DEBUG org.apache.http.wire - http-outgoing-2 >> "POST /session/c2c9e5df695e5c1a4290eacba5ee9727/element/0.30301688751973765-1/elements HTTP/1.1[\r][\n]"
10:17:32.925 [Forwarding findChildElements on session c2c9e5df695e5c1a4290eacba5ee9727 to remote] DEBUG org.apache.http.wire - http-outgoing-2 >> "Content-Type: application/json; charset=utf-8[\r][\n]"
10:17:32.925 [Forwarding findChildElements on session c2c9e5df695e5c1a4290eacba5ee9727 to remote] DEBUG org.apache.http.wire - http-outgoing-2 >> "Content-Length: 61[\r][\n]"
10:17:32.925 [Forwarding findChildElements on session c2c9e5df695e5c1a4290eacba5ee9727 to remote] DEBUG org.apache.http.wire - http-outgoing-2 >> "Host: localhost:36428[\r][\n]"
10:17:32.925 [Forwarding findChildElements on session c2c9e5df695e5c1a4290eacba5ee9727 to remote] DEBUG org.apache.http.wire - http-outgoing-2 >> "Connection: Keep-Alive[\r][\n]"
10:17:32.925 [Forwarding findChildElements on session c2c9e5df695e5c1a4290eacba5ee9727 to remote] DEBUG org.apache.http.wire - http-outgoing-2 >> "User-Agent: Apache-HttpClient/4.5.2 (Java/1.8.0_162)[\r][\n]"
10:17:32.925 [Forwarding findChildElements on session c2c9e5df695e5c1a4290eacba5ee9727 to remote] DEBUG org.apache.http.wire - http-outgoing-2 >> "Accept-Encoding: gzip,deflate[\r][\n]"
10:17:32.925 [Forwarding findChildElements on session c2c9e5df695e5c1a4290eacba5ee9727 to remote] DEBUG org.apache.http.wire - http-outgoing-2 >> "[\r][\n]"
10:17:32.925 [Forwarding findChildElements on session c2c9e5df695e5c1a4290eacba5ee9727 to remote] DEBUG org.apache.http.wire - http-outgoing-2 >> "{"id":"0.30301688751973765-1","using":"tag name","value":"a"}"
10:17:32.933 [Forwarding findChildElements on session c2c9e5df695e5c1a4290eacba5ee9727 to remote] DEBUG org.apache.http.wire - http-outgoing-2 << "HTTP/1.1 200 OK[\r][\n]"
10:17:32.933 [Forwarding findChildElements on session c2c9e5df695e5c1a4290eacba5ee9727 to remote] DEBUG org.apache.http.wire - http-outgoing-2 << "Content-Length:249[\r][\n]"
10:17:32.933 [Forwarding findChildElements on session c2c9e5df695e5c1a4290eacba5ee9727 to remote] DEBUG org.apache.http.wire - http-outgoing-2 << "Content-Type:application/json; charset=utf-8[\r][\n]"
10:17:32.933 [Forwarding findChildElements on session c2c9e5df695e5c1a4290eacba5ee9727 to remote] DEBUG org.apache.http.wire - http-outgoing-2 << "[\r][\n]"
10:17:32.933 [Forwarding findChildElements on session c2c9e5df695e5c1a4290eacba5ee9727 to remote] DEBUG org.apache.http.wire - http-outgoing-2 << "{"sessionId":"c2c9e5df695e5c1a4290eacba5ee9727","status":0,"value":[{"ELEMENT":"0.30301688751973765-3"},{"ELEMENT":"0.30301688751973765-4"},{"ELEMENT":"0.30301688751973765-5"},{"ELEMENT":"0.30301688751973765-6"},{"ELEMENT":"0.30301688751973765-7"}]}"
10:17:32.933 [Forwarding findChildElements on session c2c9e5df695e5c1a4290eacba5ee9727 to remote] DEBUG org.apache.http.headers - http-outgoing-2 << HTTP/1.1 200 OK
10:17:32.933 [Forwarding findChildElements on session c2c9e5df695e5c1a4290eacba5ee9727 to remote] DEBUG org.apache.http.headers - http-outgoing-2 << Content-Length:249
10:17:32.933 [Forwarding findChildElements on session c2c9e5df695e5c1a4290eacba5ee9727 to remote] DEBUG org.apache.http.headers - http-outgoing-2 << Content-Type:application/json; charset=utf-8
10:17:32.933 [Forwarding findChildElements on session c2c9e5df695e5c1a4290eacba5ee9727 to remote] DEBUG org.apache.http.impl.execchain.MainClientExec - Connection can be kept alive indefinitely
10:17:32.933 [Forwarding findChildElements on session c2c9e5df695e5c1a4290eacba5ee9727 to remote] DEBUG org.apache.http.impl.conn.PoolingHttpClientConnectionManager - Connection [id: 2][route: {}->http://localhost:36428] can be kept alive indefinitely
10:17:32.933 [Forwarding findChildElements on session c2c9e5df695e5c1a4290eacba5ee9727 to remote] DEBUG org.apache.http.impl.conn.PoolingHttpClientConnectionManager - Connection released: [id: 2][route: {}->http://localhost:36428][total kept alive: 1; route allocated: 1 of 2000; total allocated: 1 of 2000]
10:17:32.933 [Forwarding clickElement on session c2c9e5df695e5c1a4290eacba5ee9727 to remote] DEBUG org.apache.http.client.protocol.RequestAddCookies - CookieSpec selected: default
10:17:32.933 [Forwarding clickElement on session c2c9e5df695e5c1a4290eacba5ee9727 to remote] DEBUG org.apache.http.client.protocol.RequestAuthCache - Auth cache not set in the context
10:17:32.933 [Forwarding clickElement on session c2c9e5df695e5c1a4290eacba5ee9727 to remote] DEBUG org.apache.http.impl.conn.PoolingHttpClientConnectionManager - Connection request: [route: {}->http://localhost:36428][total kept alive: 1; route allocated: 1 of 2000; total allocated: 1 of 2000]
10:17:32.933 [Forwarding clickElement on session c2c9e5df695e5c1a4290eacba5ee9727 to remote] DEBUG org.apache.http.impl.conn.PoolingHttpClientConnectionManager - Connection leased: [id: 2][route: {}->http://localhost:36428][total kept alive: 0; route allocated: 1 of 2000; total allocated: 1 of 2000]
10:17:32.933 [Forwarding clickElement on session c2c9e5df695e5c1a4290eacba5ee9727 to remote] DEBUG org.apache.http.impl.execchain.MainClientExec - Stale connection check
10:17:32.940 [Forwarding clickElement on session c2c9e5df695e5c1a4290eacba5ee9727 to remote] DEBUG org.apache.http.wire - http-outgoing-2 << "[read] I/O error: Read timed out"
10:17:32.940 [Forwarding clickElement on session c2c9e5df695e5c1a4290eacba5ee9727 to remote] DEBUG org.apache.http.impl.conn.DefaultManagedHttpClientConnection - http-outgoing-2: set socket timeout to 10800000
10:17:32.940 [Forwarding clickElement on session c2c9e5df695e5c1a4290eacba5ee9727 to remote] DEBUG org.apache.http.impl.execchain.MainClientExec - Executing request POST /session/c2c9e5df695e5c1a4290eacba5ee9727/element/0.30301688751973765-6/click HTTP/1.1
10:17:32.940 [Forwarding clickElement on session c2c9e5df695e5c1a4290eacba5ee9727 to remote] DEBUG org.apache.http.impl.execchain.MainClientExec - Target auth state: UNCHALLENGED
10:17:32.940 [Forwarding clickElement on session c2c9e5df695e5c1a4290eacba5ee9727 to remote] DEBUG org.apache.http.impl.execchain.MainClientExec - Proxy auth state: UNCHALLENGED
10:17:32.940 [Forwarding clickElement on session c2c9e5df695e5c1a4290eacba5ee9727 to remote] DEBUG org.apache.http.headers - http-outgoing-2 >> POST /session/c2c9e5df695e5c1a4290eacba5ee9727/element/0.30301688751973765-6/click HTTP/1.1
10:17:32.940 [Forwarding clickElement on session c2c9e5df695e5c1a4290eacba5ee9727 to remote] DEBUG org.apache.http.headers - http-outgoing-2 >> Content-Type: application/json; charset=utf-8
10:17:32.940 [Forwarding clickElement on session c2c9e5df695e5c1a4290eacba5ee9727 to remote] DEBUG org.apache.http.headers - http-outgoing-2 >> Content-Length: 30
10:17:32.940 [Forwarding clickElement on session c2c9e5df695e5c1a4290eacba5ee9727 to remote] DEBUG org.apache.http.headers - http-outgoing-2 >> Host: localhost:36428
10:17:32.940 [Forwarding clickElement on session c2c9e5df695e5c1a4290eacba5ee9727 to remote] DEBUG org.apache.http.headers - http-outgoing-2 >> Connection: Keep-Alive
10:17:32.940 [Forwarding clickElement on session c2c9e5df695e5c1a4290eacba5ee9727 to remote] DEBUG org.apache.http.headers - http-outgoing-2 >> User-Agent: Apache-HttpClient/4.5.2 (Java/1.8.0_162)
10:17:32.940 [Forwarding clickElement on session c2c9e5df695e5c1a4290eacba5ee9727 to remote] DEBUG org.apache.http.headers - http-outgoing-2 >> Accept-Encoding: gzip,deflate
10:17:32.940 [Forwarding clickElement on session c2c9e5df695e5c1a4290eacba5ee9727 to remote] DEBUG org.apache.http.wire - http-outgoing-2 >> "POST /session/c2c9e5df695e5c1a4290eacba5ee9727/element/0.30301688751973765-6/click HTTP/1.1[\r][\n]"
10:17:32.940 [Forwarding clickElement on session c2c9e5df695e5c1a4290eacba5ee9727 to remote] DEBUG org.apache.http.wire - http-outgoing-2 >> "Content-Type: application/json; charset=utf-8[\r][\n]"
10:17:32.940 [Forwarding clickElement on session c2c9e5df695e5c1a4290eacba5ee9727 to remote] DEBUG org.apache.http.wire - http-outgoing-2 >> "Content-Length: 30[\r][\n]"
10:17:32.940 [Forwarding clickElement on session c2c9e5df695e5c1a4290eacba5ee9727 to remote] DEBUG org.apache.http.wire - http-outgoing-2 >> "Host: localhost:36428[\r][\n]"
10:17:32.940 [Forwarding clickElement on session c2c9e5df695e5c1a4290eacba5ee9727 to remote] DEBUG org.apache.http.wire - http-outgoing-2 >> "Connection: Keep-Alive[\r][\n]"
10:17:32.940 [Forwarding clickElement on session c2c9e5df695e5c1a4290eacba5ee9727 to remote] DEBUG org.apache.http.wire - http-outgoing-2 >> "User-Agent: Apache-HttpClient/4.5.2 (Java/1.8.0_162)[\r][\n]"
10:17:32.940 [Forwarding clickElement on session c2c9e5df695e5c1a4290eacba5ee9727 to remote] DEBUG org.apache.http.wire - http-outgoing-2 >> "Accept-Encoding: gzip,deflate[\r][\n]"
10:17:32.940 [Forwarding clickElement on session c2c9e5df695e5c1a4290eacba5ee9727 to remote] DEBUG org.apache.http.wire - http-outgoing-2 >> "[\r][\n]"
10:17:32.940 [Forwarding clickElement on session c2c9e5df695e5c1a4290eacba5ee9727 to remote] DEBUG org.apache.http.wire - http-outgoing-2 >> "{"id":"0.30301688751973765-6"}"
10:17:33.022 [Forwarding clickElement on session c2c9e5df695e5c1a4290eacba5ee9727 to remote] DEBUG org.apache.http.wire - http-outgoing-2 << "HTTP/1.1 200 OK[\r][\n]"
10:17:33.022 [Forwarding clickElement on session c2c9e5df695e5c1a4290eacba5ee9727 to remote] DEBUG org.apache.http.wire - http-outgoing-2 << "Content-Length:72[\r][\n]"
10:17:33.022 [Forwarding clickElement on session c2c9e5df695e5c1a4290eacba5ee9727 to remote] DEBUG org.apache.http.wire - http-outgoing-2 << "Content-Type:application/json; charset=utf-8[\r][\n]"
10:17:33.022 [Forwarding clickElement on session c2c9e5df695e5c1a4290eacba5ee9727 to remote] DEBUG org.apache.http.wire - http-outgoing-2 << "[\r][\n]"
10:17:33.022 [Forwarding clickElement on session c2c9e5df695e5c1a4290eacba5ee9727 to remote] DEBUG org.apache.http.wire - http-outgoing-2 << "{"sessionId":"c2c9e5df695e5c1a4290eacba5ee9727","status":0,"value":null}"
10:17:33.022 [Forwarding clickElement on session c2c9e5df695e5c1a4290eacba5ee9727 to remote] DEBUG org.apache.http.headers - http-outgoing-2 << HTTP/1.1 200 OK
10:17:33.022 [Forwarding clickElement on session c2c9e5df695e5c1a4290eacba5ee9727 to remote] DEBUG org.apache.http.headers - http-outgoing-2 << Content-Length:72
10:17:33.022 [Forwarding clickElement on session c2c9e5df695e5c1a4290eacba5ee9727 to remote] DEBUG org.apache.http.headers - http-outgoing-2 << Content-Type:application/json; charset=utf-8
10:17:33.022 [Forwarding clickElement on session c2c9e5df695e5c1a4290eacba5ee9727 to remote] DEBUG org.apache.http.impl.execchain.MainClientExec - Connection can be kept alive indefinitely
10:17:33.022 [Forwarding clickElement on session c2c9e5df695e5c1a4290eacba5ee9727 to remote] DEBUG org.apache.http.impl.conn.PoolingHttpClientConnectionManager - Connection [id: 2][route: {}->http://localhost:36428] can be kept alive indefinitely
10:17:33.022 [Forwarding clickElement on session c2c9e5df695e5c1a4290eacba5ee9727 to remote] DEBUG org.apache.http.impl.conn.PoolingHttpClientConnectionManager - Connection released: [id: 2][route: {}->http://localhost:36428][total kept alive: 1; route allocated: 1 of 2000; total allocated: 1 of 2000]
10:17:34.032 [Forwarding findElement on session c2c9e5df695e5c1a4290eacba5ee9727 to remote] DEBUG org.apache.http.client.protocol.RequestAddCookies - CookieSpec selected: default
10:17:34.032 [Forwarding findElement on session c2c9e5df695e5c1a4290eacba5ee9727 to remote] DEBUG org.apache.http.client.protocol.RequestAuthCache - Auth cache not set in the context
10:17:34.032 [Forwarding findElement on session c2c9e5df695e5c1a4290eacba5ee9727 to remote] DEBUG org.apache.http.impl.conn.PoolingHttpClientConnectionManager - Connection request: [route: {}->http://localhost:36428][total kept alive: 1; route allocated: 1 of 2000; total allocated: 1 of 2000]
10:17:34.032 [Forwarding findElement on session c2c9e5df695e5c1a4290eacba5ee9727 to remote] DEBUG org.apache.http.impl.conn.PoolingHttpClientConnectionManager - Connection leased: [id: 2][route: {}->http://localhost:36428][total kept alive: 0; route allocated: 1 of 2000; total allocated: 1 of 2000]
10:17:34.032 [Forwarding findElement on session c2c9e5df695e5c1a4290eacba5ee9727 to remote] DEBUG org.apache.http.impl.execchain.MainClientExec - Stale connection check
10:17:34.047 [Forwarding findElement on session c2c9e5df695e5c1a4290eacba5ee9727 to remote] DEBUG org.apache.http.wire - http-outgoing-2 << "[read] I/O error: Read timed out"
10:17:34.047 [Forwarding findElement on session c2c9e5df695e5c1a4290eacba5ee9727 to remote] DEBUG org.apache.http.impl.conn.DefaultManagedHttpClientConnection - http-outgoing-2: set socket timeout to 10800000
10:17:34.047 [Forwarding findElement on session c2c9e5df695e5c1a4290eacba5ee9727 to remote] DEBUG org.apache.http.impl.execchain.MainClientExec - Executing request POST /session/c2c9e5df695e5c1a4290eacba5ee9727/element HTTP/1.1
10:17:34.047 [Forwarding findElement on session c2c9e5df695e5c1a4290eacba5ee9727 to remote] DEBUG org.apache.http.impl.execchain.MainClientExec - Target auth state: UNCHALLENGED
10:17:34.047 [Forwarding findElement on session c2c9e5df695e5c1a4290eacba5ee9727 to remote] DEBUG org.apache.http.impl.execchain.MainClientExec - Proxy auth state: UNCHALLENGED
10:17:34.047 [Forwarding findElement on session c2c9e5df695e5c1a4290eacba5ee9727 to remote] DEBUG org.apache.http.headers - http-outgoing-2 >> POST /session/c2c9e5df695e5c1a4290eacba5ee9727/element HTTP/1.1
10:17:34.047 [Forwarding findElement on session c2c9e5df695e5c1a4290eacba5ee9727 to remote] DEBUG org.apache.http.headers - http-outgoing-2 >> Content-Type: application/json; charset=utf-8
10:17:34.047 [Forwarding findElement on session c2c9e5df695e5c1a4290eacba5ee9727 to remote] DEBUG org.apache.http.headers - http-outgoing-2 >> Content-Length: 48
10:17:34.047 [Forwarding findElement on session c2c9e5df695e5c1a4290eacba5ee9727 to remote] DEBUG org.apache.http.headers - http-outgoing-2 >> Host: localhost:36428
10:17:34.047 [Forwarding findElement on session c2c9e5df695e5c1a4290eacba5ee9727 to remote] DEBUG org.apache.http.headers - http-outgoing-2 >> Connection: Keep-Alive
10:17:34.047 [Forwarding findElement on session c2c9e5df695e5c1a4290eacba5ee9727 to remote] DEBUG org.apache.http.headers - http-outgoing-2 >> User-Agent: Apache-HttpClient/4.5.2 (Java/1.8.0_162)
10:17:34.047 [Forwarding findElement on session c2c9e5df695e5c1a4290eacba5ee9727 to remote] DEBUG org.apache.http.headers - http-outgoing-2 >> Accept-Encoding: gzip,deflate
10:17:34.047 [Forwarding findElement on session c2c9e5df695e5c1a4290eacba5ee9727 to remote] DEBUG org.apache.http.wire - http-outgoing-2 >> "POST /session/c2c9e5df695e5c1a4290eacba5ee9727/element HTTP/1.1[\r][\n]"
10:17:34.047 [Forwarding findElement on session c2c9e5df695e5c1a4290eacba5ee9727 to remote] DEBUG org.apache.http.wire - http-outgoing-2 >> "Content-Type: application/json; charset=utf-8[\r][\n]"
10:17:34.047 [Forwarding findElement on session c2c9e5df695e5c1a4290eacba5ee9727 to remote] DEBUG org.apache.http.wire - http-outgoing-2 >> "Content-Length: 48[\r][\n]"
10:17:34.047 [Forwarding findElement on session c2c9e5df695e5c1a4290eacba5ee9727 to remote] DEBUG org.apache.http.wire - http-outgoing-2 >> "Host: localhost:36428[\r][\n]"
10:17:34.047 [Forwarding findElement on session c2c9e5df695e5c1a4290eacba5ee9727 to remote] DEBUG org.apache.http.wire - http-outgoing-2 >> "Connection: Keep-Alive[\r][\n]"
10:17:34.047 [Forwarding findElement on session c2c9e5df695e5c1a4290eacba5ee9727 to remote] DEBUG org.apache.http.wire - http-outgoing-2 >> "User-Agent: Apache-HttpClient/4.5.2 (Java/1.8.0_162)[\r][\n]"
10:17:34.047 [Forwarding findElement on session c2c9e5df695e5c1a4290eacba5ee9727 to remote] DEBUG org.apache.http.wire - http-outgoing-2 >> "Accept-Encoding: gzip,deflate[\r][\n]"
10:17:34.047 [Forwarding findElement on session c2c9e5df695e5c1a4290eacba5ee9727 to remote] DEBUG org.apache.http.wire - http-outgoing-2 >> "[\r][\n]"
10:17:34.047 [Forwarding findElement on session c2c9e5df695e5c1a4290eacba5ee9727 to remote] DEBUG org.apache.http.wire - http-outgoing-2 >> "{"using":"class name","value":"ivu-table-tbody"}"
10:17:34.055 [Forwarding findElement on session c2c9e5df695e5c1a4290eacba5ee9727 to remote] DEBUG org.apache.http.wire - http-outgoing-2 << "HTTP/1.1 200 OK[\r][\n]"
10:17:34.055 [Forwarding findElement on session c2c9e5df695e5c1a4290eacba5ee9727 to remote] DEBUG org.apache.http.wire - http-outgoing-2 << "Content-Length:103[\r][\n]"
10:17:34.055 [Forwarding findElement on session c2c9e5df695e5c1a4290eacba5ee9727 to remote] DEBUG org.apache.http.wire - http-outgoing-2 << "Content-Type:application/json; charset=utf-8[\r][\n]"
10:17:34.055 [Forwarding findElement on session c2c9e5df695e5c1a4290eacba5ee9727 to remote] DEBUG org.apache.http.wire - http-outgoing-2 << "[\r][\n]"
10:17:34.055 [Forwarding findElement on session c2c9e5df695e5c1a4290eacba5ee9727 to remote] DEBUG org.apache.http.wire - http-outgoing-2 << "{"sessionId":"c2c9e5df695e5c1a4290eacba5ee9727","status":0,"value":{"ELEMENT":"0.30301688751973765-8"}}"
10:17:34.055 [Forwarding findElement on session c2c9e5df695e5c1a4290eacba5ee9727 to remote] DEBUG org.apache.http.headers - http-outgoing-2 << HTTP/1.1 200 OK
10:17:34.055 [Forwarding findElement on session c2c9e5df695e5c1a4290eacba5ee9727 to remote] DEBUG org.apache.http.headers - http-outgoing-2 << Content-Length:103
10:17:34.055 [Forwarding findElement on session c2c9e5df695e5c1a4290eacba5ee9727 to remote] DEBUG org.apache.http.headers - http-outgoing-2 << Content-Type:application/json; charset=utf-8
10:17:34.055 [Forwarding findElement on session c2c9e5df695e5c1a4290eacba5ee9727 to remote] DEBUG org.apache.http.impl.execchain.MainClientExec - Connection can be kept alive indefinitely
10:17:34.055 [Forwarding findElement on session c2c9e5df695e5c1a4290eacba5ee9727 to remote] DEBUG org.apache.http.impl.conn.PoolingHttpClientConnectionManager - Connection [id: 2][route: {}->http://localhost:36428] can be kept alive indefinitely
10:17:34.055 [Forwarding findElement on session c2c9e5df695e5c1a4290eacba5ee9727 to remote] DEBUG org.apache.http.impl.conn.PoolingHttpClientConnectionManager - Connection released: [id: 2][route: {}->http://localhost:36428][total kept alive: 1; route allocated: 1 of 2000; total allocated: 1 of 2000]
10:17:34.055 [Forwarding findChildElement on session c2c9e5df695e5c1a4290eacba5ee9727 to remote] DEBUG org.apache.http.client.protocol.RequestAddCookies - CookieSpec selected: default
10:17:34.056 [Forwarding findChildElement on session c2c9e5df695e5c1a4290eacba5ee9727 to remote] DEBUG org.apache.http.client.protocol.RequestAuthCache - Auth cache not set in the context
10:17:34.056 [Forwarding findChildElement on session c2c9e5df695e5c1a4290eacba5ee9727 to remote] DEBUG org.apache.http.impl.conn.PoolingHttpClientConnectionManager - Connection request: [route: {}->http://localhost:36428][total kept alive: 1; route allocated: 1 of 2000; total allocated: 1 of 2000]
10:17:34.056 [Forwarding findChildElement on session c2c9e5df695e5c1a4290eacba5ee9727 to remote] DEBUG org.apache.http.impl.conn.PoolingHttpClientConnectionManager - Connection leased: [id: 2][route: {}->http://localhost:36428][total kept alive: 0; route allocated: 1 of 2000; total allocated: 1 of 2000]
10:17:34.056 [Forwarding findChildElement on session c2c9e5df695e5c1a4290eacba5ee9727 to remote] DEBUG org.apache.http.impl.execchain.MainClientExec - Stale connection check
10:17:34.063 [Forwarding findChildElement on session c2c9e5df695e5c1a4290eacba5ee9727 to remote] DEBUG org.apache.http.wire - http-outgoing-2 << "[read] I/O error: Read timed out"
10:17:34.063 [Forwarding findChildElement on session c2c9e5df695e5c1a4290eacba5ee9727 to remote] DEBUG org.apache.http.impl.conn.DefaultManagedHttpClientConnection - http-outgoing-2: set socket timeout to 10800000
10:17:34.063 [Forwarding findChildElement on session c2c9e5df695e5c1a4290eacba5ee9727 to remote] DEBUG org.apache.http.impl.execchain.MainClientExec - Executing request POST /session/c2c9e5df695e5c1a4290eacba5ee9727/element/0.30301688751973765-8/element HTTP/1.1
10:17:34.063 [Forwarding findChildElement on session c2c9e5df695e5c1a4290eacba5ee9727 to remote] DEBUG org.apache.http.impl.execchain.MainClientExec - Target auth state: UNCHALLENGED
10:17:34.063 [Forwarding findChildElement on session c2c9e5df695e5c1a4290eacba5ee9727 to remote] DEBUG org.apache.http.impl.execchain.MainClientExec - Proxy auth state: UNCHALLENGED
10:17:34.063 [Forwarding findChildElement on session c2c9e5df695e5c1a4290eacba5ee9727 to remote] DEBUG org.apache.http.headers - http-outgoing-2 >> POST /session/c2c9e5df695e5c1a4290eacba5ee9727/element/0.30301688751973765-8/element HTTP/1.1
10:17:34.063 [Forwarding findChildElement on session c2c9e5df695e5c1a4290eacba5ee9727 to remote] DEBUG org.apache.http.headers - http-outgoing-2 >> Content-Type: application/json; charset=utf-8
10:17:34.063 [Forwarding findChildElement on session c2c9e5df695e5c1a4290eacba5ee9727 to remote] DEBUG org.apache.http.headers - http-outgoing-2 >> Content-Length: 62
10:17:34.063 [Forwarding findChildElement on session c2c9e5df695e5c1a4290eacba5ee9727 to remote] DEBUG org.apache.http.headers - http-outgoing-2 >> Host: localhost:36428
10:17:34.063 [Forwarding findChildElement on session c2c9e5df695e5c1a4290eacba5ee9727 to remote] DEBUG org.apache.http.headers - http-outgoing-2 >> Connection: Keep-Alive
10:17:34.063 [Forwarding findChildElement on session c2c9e5df695e5c1a4290eacba5ee9727 to remote] DEBUG org.apache.http.headers - http-outgoing-2 >> User-Agent: Apache-HttpClient/4.5.2 (Java/1.8.0_162)
10:17:34.063 [Forwarding findChildElement on session c2c9e5df695e5c1a4290eacba5ee9727 to remote] DEBUG org.apache.http.headers - http-outgoing-2 >> Accept-Encoding: gzip,deflate
10:17:34.063 [Forwarding findChildElement on session c2c9e5df695e5c1a4290eacba5ee9727 to remote] DEBUG org.apache.http.wire - http-outgoing-2 >> "POST /session/c2c9e5df695e5c1a4290eacba5ee9727/element/0.30301688751973765-8/element HTTP/1.1[\r][\n]"
10:17:34.063 [Forwarding findChildElement on session c2c9e5df695e5c1a4290eacba5ee9727 to remote] DEBUG org.apache.http.wire - http-outgoing-2 >> "Content-Type: application/json; charset=utf-8[\r][\n]"
10:17:34.063 [Forwarding findChildElement on session c2c9e5df695e5c1a4290eacba5ee9727 to remote] DEBUG org.apache.http.wire - http-outgoing-2 >> "Content-Length: 62[\r][\n]"
10:17:34.063 [Forwarding findChildElement on session c2c9e5df695e5c1a4290eacba5ee9727 to remote] DEBUG org.apache.http.wire - http-outgoing-2 >> "Host: localhost:36428[\r][\n]"
10:17:34.063 [Forwarding findChildElement on session c2c9e5df695e5c1a4290eacba5ee9727 to remote] DEBUG org.apache.http.wire - http-outgoing-2 >> "Connection: Keep-Alive[\r][\n]"
10:17:34.063 [Forwarding findChildElement on session c2c9e5df695e5c1a4290eacba5ee9727 to remote] DEBUG org.apache.http.wire - http-outgoing-2 >> "User-Agent: Apache-HttpClient/4.5.2 (Java/1.8.0_162)[\r][\n]"
10:17:34.063 [Forwarding findChildElement on session c2c9e5df695e5c1a4290eacba5ee9727 to remote] DEBUG org.apache.http.wire - http-outgoing-2 >> "Accept-Encoding: gzip,deflate[\r][\n]"
10:17:34.063 [Forwarding findChildElement on session c2c9e5df695e5c1a4290eacba5ee9727 to remote] DEBUG org.apache.http.wire - http-outgoing-2 >> "[\r][\n]"
10:17:34.063 [Forwarding findChildElement on session c2c9e5df695e5c1a4290eacba5ee9727 to remote] DEBUG org.apache.http.wire - http-outgoing-2 >> "{"id":"0.30301688751973765-8","using":"tag name","value":"tr"}"
10:17:34.070 [Forwarding findChildElement on session c2c9e5df695e5c1a4290eacba5ee9727 to remote] DEBUG org.apache.http.wire - http-outgoing-2 << "HTTP/1.1 200 OK[\r][\n]"
10:17:34.071 [Forwarding findChildElement on session c2c9e5df695e5c1a4290eacba5ee9727 to remote] DEBUG org.apache.http.wire - http-outgoing-2 << "Content-Length:103[\r][\n]"
10:17:34.071 [Forwarding findChildElement on session c2c9e5df695e5c1a4290eacba5ee9727 to remote] DEBUG org.apache.http.wire - http-outgoing-2 << "Content-Type:application/json; charset=utf-8[\r][\n]"
10:17:34.071 [Forwarding findChildElement on session c2c9e5df695e5c1a4290eacba5ee9727 to remote] DEBUG org.apache.http.wire - http-outgoing-2 << "[\r][\n]"
10:17:34.071 [Forwarding findChildElement on session c2c9e5df695e5c1a4290eacba5ee9727 to remote] DEBUG org.apache.http.wire - http-outgoing-2 << "{"sessionId":"c2c9e5df695e5c1a4290eacba5ee9727","status":0,"value":{"ELEMENT":"0.30301688751973765-9"}}"
10:17:34.071 [Forwarding findChildElement on session c2c9e5df695e5c1a4290eacba5ee9727 to remote] DEBUG org.apache.http.headers - http-outgoing-2 << HTTP/1.1 200 OK
10:17:34.071 [Forwarding findChildElement on session c2c9e5df695e5c1a4290eacba5ee9727 to remote] DEBUG org.apache.http.headers - http-outgoing-2 << Content-Length:103
10:17:34.071 [Forwarding findChildElement on session c2c9e5df695e5c1a4290eacba5ee9727 to remote] DEBUG org.apache.http.headers - http-outgoing-2 << Content-Type:application/json; charset=utf-8
10:17:34.071 [Forwarding findChildElement on session c2c9e5df695e5c1a4290eacba5ee9727 to remote] DEBUG org.apache.http.impl.execchain.MainClientExec - Connection can be kept alive indefinitely
10:17:34.071 [Forwarding findChildElement on session c2c9e5df695e5c1a4290eacba5ee9727 to remote] DEBUG org.apache.http.impl.conn.PoolingHttpClientConnectionManager - Connection [id: 2][route: {}->http://localhost:36428] can be kept alive indefinitely
10:17:34.071 [Forwarding findChildElement on session c2c9e5df695e5c1a4290eacba5ee9727 to remote] DEBUG org.apache.http.impl.conn.PoolingHttpClientConnectionManager - Connection released: [id: 2][route: {}->http://localhost:36428][total kept alive: 1; route allocated: 1 of 2000; total allocated: 1 of 2000]
10:17:34.071 [Forwarding findChildElements on session c2c9e5df695e5c1a4290eacba5ee9727 to remote] DEBUG org.apache.http.client.protocol.RequestAddCookies - CookieSpec selected: default
10:17:34.071 [Forwarding findChildElements on session c2c9e5df695e5c1a4290eacba5ee9727 to remote] DEBUG org.apache.http.client.protocol.RequestAuthCache - Auth cache not set in the context
10:17:34.071 [Forwarding findChildElements on session c2c9e5df695e5c1a4290eacba5ee9727 to remote] DEBUG org.apache.http.impl.conn.PoolingHttpClientConnectionManager - Connection request: [route: {}->http://localhost:36428][total kept alive: 1; route allocated: 1 of 2000; total allocated: 1 of 2000]
10:17:34.071 [Forwarding findChildElements on session c2c9e5df695e5c1a4290eacba5ee9727 to remote] DEBUG org.apache.http.impl.conn.PoolingHttpClientConnectionManager - Connection leased: [id: 2][route: {}->http://localhost:36428][total kept alive: 0; route allocated: 1 of 2000; total allocated: 1 of 2000]
10:17:34.071 [Forwarding findChildElements on session c2c9e5df695e5c1a4290eacba5ee9727 to remote] DEBUG org.apache.http.impl.execchain.MainClientExec - Stale connection check
10:17:34.079 [Forwarding findChildElements on session c2c9e5df695e5c1a4290eacba5ee9727 to remote] DEBUG org.apache.http.wire - http-outgoing-2 << "[read] I/O error: Read timed out"
10:17:34.079 [Forwarding findChildElements on session c2c9e5df695e5c1a4290eacba5ee9727 to remote] DEBUG org.apache.http.impl.conn.DefaultManagedHttpClientConnection - http-outgoing-2: set socket timeout to 10800000
10:17:34.079 [Forwarding findChildElements on session c2c9e5df695e5c1a4290eacba5ee9727 to remote] DEBUG org.apache.http.impl.execchain.MainClientExec - Executing request POST /session/c2c9e5df695e5c1a4290eacba5ee9727/element/0.30301688751973765-9/elements HTTP/1.1
10:17:34.079 [Forwarding findChildElements on session c2c9e5df695e5c1a4290eacba5ee9727 to remote] DEBUG org.apache.http.impl.execchain.MainClientExec - Target auth state: UNCHALLENGED
10:17:34.079 [Forwarding findChildElements on session c2c9e5df695e5c1a4290eacba5ee9727 to remote] DEBUG org.apache.http.impl.execchain.MainClientExec - Proxy auth state: UNCHALLENGED
10:17:34.079 [Forwarding findChildElements on session c2c9e5df695e5c1a4290eacba5ee9727 to remote] DEBUG org.apache.http.headers - http-outgoing-2 >> POST /session/c2c9e5df695e5c1a4290eacba5ee9727/element/0.30301688751973765-9/elements HTTP/1.1
10:17:34.079 [Forwarding findChildElements on session c2c9e5df695e5c1a4290eacba5ee9727 to remote] DEBUG org.apache.http.headers - http-outgoing-2 >> Content-Type: application/json; charset=utf-8
10:17:34.079 [Forwarding findChildElements on session c2c9e5df695e5c1a4290eacba5ee9727 to remote] DEBUG org.apache.http.headers - http-outgoing-2 >> Content-Length: 62
10:17:34.079 [Forwarding findChildElements on session c2c9e5df695e5c1a4290eacba5ee9727 to remote] DEBUG org.apache.http.headers - http-outgoing-2 >> Host: localhost:36428
10:17:34.079 [Forwarding findChildElements on session c2c9e5df695e5c1a4290eacba5ee9727 to remote] DEBUG org.apache.http.headers - http-outgoing-2 >> Connection: Keep-Alive
10:17:34.079 [Forwarding findChildElements on session c2c9e5df695e5c1a4290eacba5ee9727 to remote] DEBUG org.apache.http.headers - http-outgoing-2 >> User-Agent: Apache-HttpClient/4.5.2 (Java/1.8.0_162)
10:17:34.079 [Forwarding findChildElements on session c2c9e5df695e5c1a4290eacba5ee9727 to remote] DEBUG org.apache.http.headers - http-outgoing-2 >> Accept-Encoding: gzip,deflate
10:17:34.079 [Forwarding findChildElements on session c2c9e5df695e5c1a4290eacba5ee9727 to remote] DEBUG org.apache.http.wire - http-outgoing-2 >> "POST /session/c2c9e5df695e5c1a4290eacba5ee9727/element/0.30301688751973765-9/elements HTTP/1.1[\r][\n]"
10:17:34.079 [Forwarding findChildElements on session c2c9e5df695e5c1a4290eacba5ee9727 to remote] DEBUG org.apache.http.wire - http-outgoing-2 >> "Content-Type: application/json; charset=utf-8[\r][\n]"
10:17:34.079 [Forwarding findChildElements on session c2c9e5df695e5c1a4290eacba5ee9727 to remote] DEBUG org.apache.http.wire - http-outgoing-2 >> "Content-Length: 62[\r][\n]"
10:17:34.079 [Forwarding findChildElements on session c2c9e5df695e5c1a4290eacba5ee9727 to remote] DEBUG org.apache.http.wire - http-outgoing-2 >> "Host: localhost:36428[\r][\n]"
10:17:34.079 [Forwarding findChildElements on session c2c9e5df695e5c1a4290eacba5ee9727 to remote] DEBUG org.apache.http.wire - http-outgoing-2 >> "Connection: Keep-Alive[\r][\n]"
10:17:34.079 [Forwarding findChildElements on session c2c9e5df695e5c1a4290eacba5ee9727 to remote] DEBUG org.apache.http.wire - http-outgoing-2 >> "User-Agent: Apache-HttpClient/4.5.2 (Java/1.8.0_162)[\r][\n]"
10:17:34.079 [Forwarding findChildElements on session c2c9e5df695e5c1a4290eacba5ee9727 to remote] DEBUG org.apache.http.wire - http-outgoing-2 >> "Accept-Encoding: gzip,deflate[\r][\n]"
10:17:34.079 [Forwarding findChildElements on session c2c9e5df695e5c1a4290eacba5ee9727 to remote] DEBUG org.apache.http.wire - http-outgoing-2 >> "[\r][\n]"
10:17:34.079 [Forwarding findChildElements on session c2c9e5df695e5c1a4290eacba5ee9727 to remote] DEBUG org.apache.http.wire - http-outgoing-2 >> "{"id":"0.30301688751973765-9","using":"tag name","value":"td"}"
10:17:34.086 [Forwarding findChildElements on session c2c9e5df695e5c1a4290eacba5ee9727 to remote] DEBUG org.apache.http.wire - http-outgoing-2 << "HTTP/1.1 200 OK[\r][\n]"
10:17:34.086 [Forwarding findChildElements on session c2c9e5df695e5c1a4290eacba5ee9727 to remote] DEBUG org.apache.http.wire - http-outgoing-2 << "Content-Length:365[\r][\n]"
10:17:34.086 [Forwarding findChildElements on session c2c9e5df695e5c1a4290eacba5ee9727 to remote] DEBUG org.apache.http.wire - http-outgoing-2 << "Content-Type:application/json; charset=utf-8[\r][\n]"
10:17:34.086 [Forwarding findChildElements on session c2c9e5df695e5c1a4290eacba5ee9727 to remote] DEBUG org.apache.http.wire - http-outgoing-2 << "[\r][\n]"
10:17:34.086 [Forwarding findChildElements on session c2c9e5df695e5c1a4290eacba5ee9727 to remote] DEBUG org.apache.http.wire - http-outgoing-2 << "{"sessionId":"c2c9e5df695e5c1a4290eacba5ee9727","status":0,"value":[{"ELEMENT":"0.30301688751973765-10"},{"ELEMENT":"0.30301688751973765-11"},{"ELEMENT":"0.30301688751973765-12"},{"ELEMENT":"0.30301688751973765-13"},{"ELEMENT":"0.30301688751973765-14"},{"ELEMENT":"0.30301688751973765-15"},{"ELEMENT":"0.30301688751973765-16"},{"ELEMENT":"0.30301688751973765-17"}]}"
10:17:34.086 [Forwarding findChildElements on session c2c9e5df695e5c1a4290eacba5ee9727 to remote] DEBUG org.apache.http.headers - http-outgoing-2 << HTTP/1.1 200 OK
10:17:34.086 [Forwarding findChildElements on session c2c9e5df695e5c1a4290eacba5ee9727 to remote] DEBUG org.apache.http.headers - http-outgoing-2 << Content-Length:365
10:17:34.086 [Forwarding findChildElements on session c2c9e5df695e5c1a4290eacba5ee9727 to remote] DEBUG org.apache.http.headers - http-outgoing-2 << Content-Type:application/json; charset=utf-8
10:17:34.086 [Forwarding findChildElements on session c2c9e5df695e5c1a4290eacba5ee9727 to remote] DEBUG org.apache.http.impl.execchain.MainClientExec - Connection can be kept alive indefinitely
10:17:34.086 [Forwarding findChildElements on session c2c9e5df695e5c1a4290eacba5ee9727 to remote] DEBUG org.apache.http.impl.conn.PoolingHttpClientConnectionManager - Connection [id: 2][route: {}->http://localhost:36428] can be kept alive indefinitely
10:17:34.086 [Forwarding findChildElements on session c2c9e5df695e5c1a4290eacba5ee9727 to remote] DEBUG org.apache.http.impl.conn.PoolingHttpClientConnectionManager - Connection released: [id: 2][route: {}->http://localhost:36428][total kept alive: 1; route allocated: 1 of 2000; total allocated: 1 of 2000]
10:17:34.087 [Forwarding clickElement on session c2c9e5df695e5c1a4290eacba5ee9727 to remote] DEBUG org.apache.http.client.protocol.RequestAddCookies - CookieSpec selected: default
10:17:34.087 [Forwarding clickElement on session c2c9e5df695e5c1a4290eacba5ee9727 to remote] DEBUG org.apache.http.client.protocol.RequestAuthCache - Auth cache not set in the context
10:17:34.087 [Forwarding clickElement on session c2c9e5df695e5c1a4290eacba5ee9727 to remote] DEBUG org.apache.http.impl.conn.PoolingHttpClientConnectionManager - Connection request: [route: {}->http://localhost:36428][total kept alive: 1; route allocated: 1 of 2000; total allocated: 1 of 2000]
10:17:34.087 [Forwarding clickElement on session c2c9e5df695e5c1a4290eacba5ee9727 to remote] DEBUG org.apache.http.impl.conn.PoolingHttpClientConnectionManager - Connection leased: [id: 2][route: {}->http://localhost:36428][total kept alive: 0; route allocated: 1 of 2000; total allocated: 1 of 2000]
10:17:34.087 [Forwarding clickElement on session c2c9e5df695e5c1a4290eacba5ee9727 to remote] DEBUG org.apache.http.impl.execchain.MainClientExec - Stale connection check
10:17:34.094 [Forwarding clickElement on session c2c9e5df695e5c1a4290eacba5ee9727 to remote] DEBUG org.apache.http.wire - http-outgoing-2 << "[read] I/O error: Read timed out"
10:17:34.094 [Forwarding clickElement on session c2c9e5df695e5c1a4290eacba5ee9727 to remote] DEBUG org.apache.http.impl.conn.DefaultManagedHttpClientConnection - http-outgoing-2: set socket timeout to 10800000
10:17:34.094 [Forwarding clickElement on session c2c9e5df695e5c1a4290eacba5ee9727 to remote] DEBUG org.apache.http.impl.execchain.MainClientExec - Executing request POST /session/c2c9e5df695e5c1a4290eacba5ee9727/element/0.30301688751973765-10/click HTTP/1.1
10:17:34.094 [Forwarding clickElement on session c2c9e5df695e5c1a4290eacba5ee9727 to remote] DEBUG org.apache.http.impl.execchain.MainClientExec - Target auth state: UNCHALLENGED
10:17:34.094 [Forwarding clickElement on session c2c9e5df695e5c1a4290eacba5ee9727 to remote] DEBUG org.apache.http.impl.execchain.MainClientExec - Proxy auth state: UNCHALLENGED
10:17:34.094 [Forwarding clickElement on session c2c9e5df695e5c1a4290eacba5ee9727 to remote] DEBUG org.apache.http.headers - http-outgoing-2 >> POST /session/c2c9e5df695e5c1a4290eacba5ee9727/element/0.30301688751973765-10/click HTTP/1.1
10:17:34.094 [Forwarding clickElement on session c2c9e5df695e5c1a4290eacba5ee9727 to remote] DEBUG org.apache.http.headers - http-outgoing-2 >> Content-Type: application/json; charset=utf-8
10:17:34.094 [Forwarding clickElement on session c2c9e5df695e5c1a4290eacba5ee9727 to remote] DEBUG org.apache.http.headers - http-outgoing-2 >> Content-Length: 31
10:17:34.094 [Forwarding clickElement on session c2c9e5df695e5c1a4290eacba5ee9727 to remote] DEBUG org.apache.http.headers - http-outgoing-2 >> Host: localhost:36428
10:17:34.094 [Forwarding clickElement on session c2c9e5df695e5c1a4290eacba5ee9727 to remote] DEBUG org.apache.http.headers - http-outgoing-2 >> Connection: Keep-Alive
10:17:34.094 [Forwarding clickElement on session c2c9e5df695e5c1a4290eacba5ee9727 to remote] DEBUG org.apache.http.headers - http-outgoing-2 >> User-Agent: Apache-HttpClient/4.5.2 (Java/1.8.0_162)
10:17:34.094 [Forwarding clickElement on session c2c9e5df695e5c1a4290eacba5ee9727 to remote] DEBUG org.apache.http.headers - http-outgoing-2 >> Accept-Encoding: gzip,deflate
10:17:34.094 [Forwarding clickElement on session c2c9e5df695e5c1a4290eacba5ee9727 to remote] DEBUG org.apache.http.wire - http-outgoing-2 >> "POST /session/c2c9e5df695e5c1a4290eacba5ee9727/element/0.30301688751973765-10/click HTTP/1.1[\r][\n]"
10:17:34.094 [Forwarding clickElement on session c2c9e5df695e5c1a4290eacba5ee9727 to remote] DEBUG org.apache.http.wire - http-outgoing-2 >> "Content-Type: application/json; charset=utf-8[\r][\n]"
10:17:34.094 [Forwarding clickElement on session c2c9e5df695e5c1a4290eacba5ee9727 to remote] DEBUG org.apache.http.wire - http-outgoing-2 >> "Content-Length: 31[\r][\n]"
10:17:34.094 [Forwarding clickElement on session c2c9e5df695e5c1a4290eacba5ee9727 to remote] DEBUG org.apache.http.wire - http-outgoing-2 >> "Host: localhost:36428[\r][\n]"
10:17:34.094 [Forwarding clickElement on session c2c9e5df695e5c1a4290eacba5ee9727 to remote] DEBUG org.apache.http.wire - http-outgoing-2 >> "Connection: Keep-Alive[\r][\n]"
10:17:34.094 [Forwarding clickElement on session c2c9e5df695e5c1a4290eacba5ee9727 to remote] DEBUG org.apache.http.wire - http-outgoing-2 >> "User-Agent: Apache-HttpClient/4.5.2 (Java/1.8.0_162)[\r][\n]"
10:17:34.094 [Forwarding clickElement on session c2c9e5df695e5c1a4290eacba5ee9727 to remote] DEBUG org.apache.http.wire - http-outgoing-2 >> "Accept-Encoding: gzip,deflate[\r][\n]"
10:17:34.094 [Forwarding clickElement on session c2c9e5df695e5c1a4290eacba5ee9727 to remote] DEBUG org.apache.http.wire - http-outgoing-2 >> "[\r][\n]"
10:17:34.094 [Forwarding clickElement on session c2c9e5df695e5c1a4290eacba5ee9727 to remote] DEBUG org.apache.http.wire - http-outgoing-2 >> "{"id":"0.30301688751973765-10"}"
10:17:34.137 [Forwarding clickElement on session c2c9e5df695e5c1a4290eacba5ee9727 to remote] DEBUG org.apache.http.wire - http-outgoing-2 << "HTTP/1.1 200 OK[\r][\n]"
10:17:34.137 [Forwarding clickElement on session c2c9e5df695e5c1a4290eacba5ee9727 to remote] DEBUG org.apache.http.wire - http-outgoing-2 << "Content-Length:72[\r][\n]"
10:17:34.137 [Forwarding clickElement on session c2c9e5df695e5c1a4290eacba5ee9727 to remote] DEBUG org.apache.http.wire - http-outgoing-2 << "Content-Type:application/json; charset=utf-8[\r][\n]"
10:17:34.137 [Forwarding clickElement on session c2c9e5df695e5c1a4290eacba5ee9727 to remote] DEBUG org.apache.http.wire - http-outgoing-2 << "[\r][\n]"
10:17:34.137 [Forwarding clickElement on session c2c9e5df695e5c1a4290eacba5ee9727 to remote] DEBUG org.apache.http.wire - http-outgoing-2 << "{"sessionId":"c2c9e5df695e5c1a4290eacba5ee9727","status":0,"value":null}"
10:17:34.138 [Forwarding clickElement on session c2c9e5df695e5c1a4290eacba5ee9727 to remote] DEBUG org.apache.http.headers - http-outgoing-2 << HTTP/1.1 200 OK
10:17:34.138 [Forwarding clickElement on session c2c9e5df695e5c1a4290eacba5ee9727 to remote] DEBUG org.apache.http.headers - http-outgoing-2 << Content-Length:72
10:17:34.138 [Forwarding clickElement on session c2c9e5df695e5c1a4290eacba5ee9727 to remote] DEBUG org.apache.http.headers - http-outgoing-2 << Content-Type:application/json; charset=utf-8
10:17:34.138 [Forwarding clickElement on session c2c9e5df695e5c1a4290eacba5ee9727 to remote] DEBUG org.apache.http.impl.execchain.MainClientExec - Connection can be kept alive indefinitely
10:17:34.138 [Forwarding clickElement on session c2c9e5df695e5c1a4290eacba5ee9727 to remote] DEBUG org.apache.http.impl.conn.PoolingHttpClientConnectionManager - Connection [id: 2][route: {}->http://localhost:36428] can be kept alive indefinitely
10:17:34.138 [Forwarding clickElement on session c2c9e5df695e5c1a4290eacba5ee9727 to remote] DEBUG org.apache.http.impl.conn.PoolingHttpClientConnectionManager - Connection released: [id: 2][route: {}->http://localhost:36428][total kept alive: 1; route allocated: 1 of 2000; total allocated: 1 of 2000]
10:17:34.332 [Forwarding switchToFrame on session c2c9e5df695e5c1a4290eacba5ee9727 to remote] DEBUG org.apache.http.client.protocol.RequestAddCookies - CookieSpec selected: default
10:17:34.332 [Forwarding switchToFrame on session c2c9e5df695e5c1a4290eacba5ee9727 to remote] DEBUG org.apache.http.client.protocol.RequestAuthCache - Auth cache not set in the context
10:17:34.332 [Forwarding switchToFrame on session c2c9e5df695e5c1a4290eacba5ee9727 to remote] DEBUG org.apache.http.impl.conn.PoolingHttpClientConnectionManager - Connection request: [route: {}->http://localhost:36428][total kept alive: 1; route allocated: 1 of 2000; total allocated: 1 of 2000]
10:17:34.332 [Forwarding switchToFrame on session c2c9e5df695e5c1a4290eacba5ee9727 to remote] DEBUG org.apache.http.impl.conn.PoolingHttpClientConnectionManager - Connection leased: [id: 2][route: {}->http://localhost:36428][total kept alive: 0; route allocated: 1 of 2000; total allocated: 1 of 2000]
10:17:34.332 [Forwarding switchToFrame on session c2c9e5df695e5c1a4290eacba5ee9727 to remote] DEBUG org.apache.http.impl.execchain.MainClientExec - Stale connection check
10:17:34.344 [Forwarding switchToFrame on session c2c9e5df695e5c1a4290eacba5ee9727 to remote] DEBUG org.apache.http.wire - http-outgoing-2 << "[read] I/O error: Read timed out"
10:17:34.344 [Forwarding switchToFrame on session c2c9e5df695e5c1a4290eacba5ee9727 to remote] DEBUG org.apache.http.impl.conn.DefaultManagedHttpClientConnection - http-outgoing-2: set socket timeout to 10800000
10:17:34.344 [Forwarding switchToFrame on session c2c9e5df695e5c1a4290eacba5ee9727 to remote] DEBUG org.apache.http.impl.execchain.MainClientExec - Executing request POST /session/c2c9e5df695e5c1a4290eacba5ee9727/frame HTTP/1.1
10:17:34.344 [Forwarding switchToFrame on session c2c9e5df695e5c1a4290eacba5ee9727 to remote] DEBUG org.apache.http.impl.execchain.MainClientExec - Target auth state: UNCHALLENGED
10:17:34.344 [Forwarding switchToFrame on session c2c9e5df695e5c1a4290eacba5ee9727 to remote] DEBUG org.apache.http.impl.execchain.MainClientExec - Proxy auth state: UNCHALLENGED
10:17:34.345 [Forwarding switchToFrame on session c2c9e5df695e5c1a4290eacba5ee9727 to remote] DEBUG org.apache.http.headers - http-outgoing-2 >> POST /session/c2c9e5df695e5c1a4290eacba5ee9727/frame HTTP/1.1
10:17:34.345 [Forwarding switchToFrame on session c2c9e5df695e5c1a4290eacba5ee9727 to remote] DEBUG org.apache.http.headers - http-outgoing-2 >> Content-Type: application/json; charset=utf-8
10:17:34.345 [Forwarding switchToFrame on session c2c9e5df695e5c1a4290eacba5ee9727 to remote] DEBUG org.apache.http.headers - http-outgoing-2 >> Content-Length: 11
10:17:34.345 [Forwarding switchToFrame on session c2c9e5df695e5c1a4290eacba5ee9727 to remote] DEBUG org.apache.http.headers - http-outgoing-2 >> Host: localhost:36428
10:17:34.345 [Forwarding switchToFrame on session c2c9e5df695e5c1a4290eacba5ee9727 to remote] DEBUG org.apache.http.headers - http-outgoing-2 >> Connection: Keep-Alive
10:17:34.345 [Forwarding switchToFrame on session c2c9e5df695e5c1a4290eacba5ee9727 to remote] DEBUG org.apache.http.headers - http-outgoing-2 >> User-Agent: Apache-HttpClient/4.5.2 (Java/1.8.0_162)
10:17:34.345 [Forwarding switchToFrame on session c2c9e5df695e5c1a4290eacba5ee9727 to remote] DEBUG org.apache.http.headers - http-outgoing-2 >> Accept-Encoding: gzip,deflate
10:17:34.345 [Forwarding switchToFrame on session c2c9e5df695e5c1a4290eacba5ee9727 to remote] DEBUG org.apache.http.wire - http-outgoing-2 >> "POST /session/c2c9e5df695e5c1a4290eacba5ee9727/frame HTTP/1.1[\r][\n]"
10:17:34.345 [Forwarding switchToFrame on session c2c9e5df695e5c1a4290eacba5ee9727 to remote] DEBUG org.apache.http.wire - http-outgoing-2 >> "Content-Type: application/json; charset=utf-8[\r][\n]"
10:17:34.345 [Forwarding switchToFrame on session c2c9e5df695e5c1a4290eacba5ee9727 to remote] DEBUG org.apache.http.wire - http-outgoing-2 >> "Content-Length: 11[\r][\n]"
10:17:34.345 [Forwarding switchToFrame on session c2c9e5df695e5c1a4290eacba5ee9727 to remote] DEBUG org.apache.http.wire - http-outgoing-2 >> "Host: localhost:36428[\r][\n]"
10:17:34.345 [Forwarding switchToFrame on session c2c9e5df695e5c1a4290eacba5ee9727 to remote] DEBUG org.apache.http.wire - http-outgoing-2 >> "Connection: Keep-Alive[\r][\n]"
10:17:34.345 [Forwarding switchToFrame on session c2c9e5df695e5c1a4290eacba5ee9727 to remote] DEBUG org.apache.http.wire - http-outgoing-2 >> "User-Agent: Apache-HttpClient/4.5.2 (Java/1.8.0_162)[\r][\n]"
10:17:34.345 [Forwarding switchToFrame on session c2c9e5df695e5c1a4290eacba5ee9727 to remote] DEBUG org.apache.http.wire - http-outgoing-2 >> "Accept-Encoding: gzip,deflate[\r][\n]"
10:17:34.345 [Forwarding switchToFrame on session c2c9e5df695e5c1a4290eacba5ee9727 to remote] DEBUG org.apache.http.wire - http-outgoing-2 >> "[\r][\n]"
10:17:34.345 [Forwarding switchToFrame on session c2c9e5df695e5c1a4290eacba5ee9727 to remote] DEBUG org.apache.http.wire - http-outgoing-2 >> "{"id":null}"
10:17:34.347 [Forwarding switchToFrame on session c2c9e5df695e5c1a4290eacba5ee9727 to remote] DEBUG org.apache.http.wire - http-outgoing-2 << "HTTP/1.1 200 OK[\r][\n]"
10:17:34.347 [Forwarding switchToFrame on session c2c9e5df695e5c1a4290eacba5ee9727 to remote] DEBUG org.apache.http.wire - http-outgoing-2 << "Content-Length:72[\r][\n]"
10:17:34.347 [Forwarding switchToFrame on session c2c9e5df695e5c1a4290eacba5ee9727 to remote] DEBUG org.apache.http.wire - http-outgoing-2 << "Content-Type:application/json; charset=utf-8[\r][\n]"
10:17:34.347 [Forwarding switchToFrame on session c2c9e5df695e5c1a4290eacba5ee9727 to remote] DEBUG org.apache.http.wire - http-outgoing-2 << "[\r][\n]"
10:17:34.347 [Forwarding switchToFrame on session c2c9e5df695e5c1a4290eacba5ee9727 to remote] DEBUG org.apache.http.wire - http-outgoing-2 << "{"sessionId":"c2c9e5df695e5c1a4290eacba5ee9727","status":0,"value":null}"
10:17:34.347 [Forwarding switchToFrame on session c2c9e5df695e5c1a4290eacba5ee9727 to remote] DEBUG org.apache.http.headers - http-outgoing-2 << HTTP/1.1 200 OK
10:17:34.347 [Forwarding switchToFrame on session c2c9e5df695e5c1a4290eacba5ee9727 to remote] DEBUG org.apache.http.headers - http-outgoing-2 << Content-Length:72
10:17:34.347 [Forwarding switchToFrame on session c2c9e5df695e5c1a4290eacba5ee9727 to remote] DEBUG org.apache.http.headers - http-outgoing-2 << Content-Type:application/json; charset=utf-8
10:17:34.347 [Forwarding switchToFrame on session c2c9e5df695e5c1a4290eacba5ee9727 to remote] DEBUG org.apache.http.impl.execchain.MainClientExec - Connection can be kept alive indefinitely
10:17:34.347 [Forwarding switchToFrame on session c2c9e5df695e5c1a4290eacba5ee9727 to remote] DEBUG org.apache.http.impl.conn.PoolingHttpClientConnectionManager - Connection [id: 2][route: {}->http://localhost:36428] can be kept alive indefinitely
10:17:34.347 [Forwarding switchToFrame on session c2c9e5df695e5c1a4290eacba5ee9727 to remote] DEBUG org.apache.http.impl.conn.PoolingHttpClientConnectionManager - Connection released: [id: 2][route: {}->http://localhost:36428][total kept alive: 1; route allocated: 1 of 2000; total allocated: 1 of 2000]
10:17:35.360 [Forwarding findElement on session c2c9e5df695e5c1a4290eacba5ee9727 to remote] DEBUG org.apache.http.client.protocol.RequestAddCookies - CookieSpec selected: default
10:17:35.360 [Forwarding findElement on session c2c9e5df695e5c1a4290eacba5ee9727 to remote] DEBUG org.apache.http.client.protocol.RequestAuthCache - Auth cache not set in the context
10:17:35.360 [Forwarding findElement on session c2c9e5df695e5c1a4290eacba5ee9727 to remote] DEBUG org.apache.http.impl.conn.PoolingHttpClientConnectionManager - Connection request: [route: {}->http://localhost:36428][total kept alive: 1; route allocated: 1 of 2000; total allocated: 1 of 2000]
10:17:35.360 [Forwarding findElement on session c2c9e5df695e5c1a4290eacba5ee9727 to remote] DEBUG org.apache.http.impl.conn.PoolingHttpClientConnectionManager - Connection leased: [id: 2][route: {}->http://localhost:36428][total kept alive: 0; route allocated: 1 of 2000; total allocated: 1 of 2000]
10:17:35.360 [Forwarding findElement on session c2c9e5df695e5c1a4290eacba5ee9727 to remote] DEBUG org.apache.http.impl.execchain.MainClientExec - Stale connection check
10:17:35.375 [Forwarding findElement on session c2c9e5df695e5c1a4290eacba5ee9727 to remote] DEBUG org.apache.http.wire - http-outgoing-2 << "[read] I/O error: Read timed out"
10:17:35.375 [Forwarding findElement on session c2c9e5df695e5c1a4290eacba5ee9727 to remote] DEBUG org.apache.http.impl.conn.DefaultManagedHttpClientConnection - http-outgoing-2: set socket timeout to 10800000
10:17:35.375 [Forwarding findElement on session c2c9e5df695e5c1a4290eacba5ee9727 to remote] DEBUG org.apache.http.impl.execchain.MainClientExec - Executing request POST /session/c2c9e5df695e5c1a4290eacba5ee9727/element HTTP/1.1
10:17:35.375 [Forwarding findElement on session c2c9e5df695e5c1a4290eacba5ee9727 to remote] DEBUG org.apache.http.impl.execchain.MainClientExec - Target auth state: UNCHALLENGED
10:17:35.375 [Forwarding findElement on session c2c9e5df695e5c1a4290eacba5ee9727 to remote] DEBUG org.apache.http.impl.execchain.MainClientExec - Proxy auth state: UNCHALLENGED
10:17:35.375 [Forwarding findElement on session c2c9e5df695e5c1a4290eacba5ee9727 to remote] DEBUG org.apache.http.headers - http-outgoing-2 >> POST /session/c2c9e5df695e5c1a4290eacba5ee9727/element HTTP/1.1
10:17:35.375 [Forwarding findElement on session c2c9e5df695e5c1a4290eacba5ee9727 to remote] DEBUG org.apache.http.headers - http-outgoing-2 >> Content-Type: application/json; charset=utf-8
10:17:35.375 [Forwarding findElement on session c2c9e5df695e5c1a4290eacba5ee9727 to remote] DEBUG org.apache.http.headers - http-outgoing-2 >> Content-Length: 49
10:17:35.375 [Forwarding findElement on session c2c9e5df695e5c1a4290eacba5ee9727 to remote] DEBUG org.apache.http.headers - http-outgoing-2 >> Host: localhost:36428
10:17:35.375 [Forwarding findElement on session c2c9e5df695e5c1a4290eacba5ee9727 to remote] DEBUG org.apache.http.headers - http-outgoing-2 >> Connection: Keep-Alive
10:17:35.375 [Forwarding findElement on session c2c9e5df695e5c1a4290eacba5ee9727 to remote] DEBUG org.apache.http.headers - http-outgoing-2 >> User-Agent: Apache-HttpClient/4.5.2 (Java/1.8.0_162)
10:17:35.375 [Forwarding findElement on session c2c9e5df695e5c1a4290eacba5ee9727 to remote] DEBUG org.apache.http.headers - http-outgoing-2 >> Accept-Encoding: gzip,deflate
10:17:35.375 [Forwarding findElement on session c2c9e5df695e5c1a4290eacba5ee9727 to remote] DEBUG org.apache.http.wire - http-outgoing-2 >> "POST /session/c2c9e5df695e5c1a4290eacba5ee9727/element HTTP/1.1[\r][\n]"
10:17:35.375 [Forwarding findElement on session c2c9e5df695e5c1a4290eacba5ee9727 to remote] DEBUG org.apache.http.wire - http-outgoing-2 >> "Content-Type: application/json; charset=utf-8[\r][\n]"
10:17:35.375 [Forwarding findElement on session c2c9e5df695e5c1a4290eacba5ee9727 to remote] DEBUG org.apache.http.wire - http-outgoing-2 >> "Content-Length: 49[\r][\n]"
10:17:35.375 [Forwarding findElement on session c2c9e5df695e5c1a4290eacba5ee9727 to remote] DEBUG org.apache.http.wire - http-outgoing-2 >> "Host: localhost:36428[\r][\n]"
10:17:35.375 [Forwarding findElement on session c2c9e5df695e5c1a4290eacba5ee9727 to remote] DEBUG org.apache.http.wire - http-outgoing-2 >> "Connection: Keep-Alive[\r][\n]"
10:17:35.375 [Forwarding findElement on session c2c9e5df695e5c1a4290eacba5ee9727 to remote] DEBUG org.apache.http.wire - http-outgoing-2 >> "User-Agent: Apache-HttpClient/4.5.2 (Java/1.8.0_162)[\r][\n]"
10:17:35.375 [Forwarding findElement on session c2c9e5df695e5c1a4290eacba5ee9727 to remote] DEBUG org.apache.http.wire - http-outgoing-2 >> "Accept-Encoding: gzip,deflate[\r][\n]"
10:17:35.375 [Forwarding findElement on session c2c9e5df695e5c1a4290eacba5ee9727 to remote] DEBUG org.apache.http.wire - http-outgoing-2 >> "[\r][\n]"
10:17:35.375 [Forwarding findElement on session c2c9e5df695e5c1a4290eacba5ee9727 to remote] DEBUG org.apache.http.wire - http-outgoing-2 >> "{"using":"css selector","value":"#gaohr_windows"}"
10:17:35.383 [Forwarding findElement on session c2c9e5df695e5c1a4290eacba5ee9727 to remote] DEBUG org.apache.http.wire - http-outgoing-2 << "HTTP/1.1 200 OK[\r][\n]"
10:17:35.383 [Forwarding findElement on session c2c9e5df695e5c1a4290eacba5ee9727 to remote] DEBUG org.apache.http.wire - http-outgoing-2 << "Content-Length:102[\r][\n]"
10:17:35.383 [Forwarding findElement on session c2c9e5df695e5c1a4290eacba5ee9727 to remote] DEBUG org.apache.http.wire - http-outgoing-2 << "Content-Type:application/json; charset=utf-8[\r][\n]"
10:17:35.383 [Forwarding findElement on session c2c9e5df695e5c1a4290eacba5ee9727 to remote] DEBUG org.apache.http.wire - http-outgoing-2 << "[\r][\n]"
10:17:35.383 [Forwarding findElement on session c2c9e5df695e5c1a4290eacba5ee9727 to remote] DEBUG org.apache.http.wire - http-outgoing-2 << "{"sessionId":"c2c9e5df695e5c1a4290eacba5ee9727","status":0,"value":{"ELEMENT":"0.2454053411895556-5"}}"
10:17:35.383 [Forwarding findElement on session c2c9e5df695e5c1a4290eacba5ee9727 to remote] DEBUG org.apache.http.headers - http-outgoing-2 << HTTP/1.1 200 OK
10:17:35.383 [Forwarding findElement on session c2c9e5df695e5c1a4290eacba5ee9727 to remote] DEBUG org.apache.http.headers - http-outgoing-2 << Content-Length:102
10:17:35.383 [Forwarding findElement on session c2c9e5df695e5c1a4290eacba5ee9727 to remote] DEBUG org.apache.http.headers - http-outgoing-2 << Content-Type:application/json; charset=utf-8
10:17:35.383 [Forwarding findElement on session c2c9e5df695e5c1a4290eacba5ee9727 to remote] DEBUG org.apache.http.impl.execchain.MainClientExec - Connection can be kept alive indefinitely
10:17:35.384 [Forwarding findElement on session c2c9e5df695e5c1a4290eacba5ee9727 to remote] DEBUG org.apache.http.impl.conn.PoolingHttpClientConnectionManager - Connection [id: 2][route: {}->http://localhost:36428] can be kept alive indefinitely
10:17:35.384 [Forwarding findElement on session c2c9e5df695e5c1a4290eacba5ee9727 to remote] DEBUG org.apache.http.impl.conn.PoolingHttpClientConnectionManager - Connection released: [id: 2][route: {}->http://localhost:36428][total kept alive: 1; route allocated: 1 of 2000; total allocated: 1 of 2000]
10:17:35.384 [Forwarding findChildElements on session c2c9e5df695e5c1a4290eacba5ee9727 to remote] DEBUG org.apache.http.client.protocol.RequestAddCookies - CookieSpec selected: default
10:17:35.384 [Forwarding findChildElements on session c2c9e5df695e5c1a4290eacba5ee9727 to remote] DEBUG org.apache.http.client.protocol.RequestAuthCache - Auth cache not set in the context
10:17:35.384 [Forwarding findChildElements on session c2c9e5df695e5c1a4290eacba5ee9727 to remote] DEBUG org.apache.http.impl.conn.PoolingHttpClientConnectionManager - Connection request: [route: {}->http://localhost:36428][total kept alive: 1; route allocated: 1 of 2000; total allocated: 1 of 2000]
10:17:35.384 [Forwarding findChildElements on session c2c9e5df695e5c1a4290eacba5ee9727 to remote] DEBUG org.apache.http.impl.conn.PoolingHttpClientConnectionManager - Connection leased: [id: 2][route: {}->http://localhost:36428][total kept alive: 0; route allocated: 1 of 2000; total allocated: 1 of 2000]
10:17:35.384 [Forwarding findChildElements on session c2c9e5df695e5c1a4290eacba5ee9727 to remote] DEBUG org.apache.http.impl.execchain.MainClientExec - Stale connection check
10:17:35.391 [Forwarding findChildElements on session c2c9e5df695e5c1a4290eacba5ee9727 to remote] DEBUG org.apache.http.wire - http-outgoing-2 << "[read] I/O error: Read timed out"
10:17:35.391 [Forwarding findChildElements on session c2c9e5df695e5c1a4290eacba5ee9727 to remote] DEBUG org.apache.http.impl.conn.DefaultManagedHttpClientConnection - http-outgoing-2: set socket timeout to 10800000
10:17:35.391 [Forwarding findChildElements on session c2c9e5df695e5c1a4290eacba5ee9727 to remote] DEBUG org.apache.http.impl.execchain.MainClientExec - Executing request POST /session/c2c9e5df695e5c1a4290eacba5ee9727/element/0.2454053411895556-5/elements HTTP/1.1
10:17:35.391 [Forwarding findChildElements on session c2c9e5df695e5c1a4290eacba5ee9727 to remote] DEBUG org.apache.http.impl.execchain.MainClientExec - Target auth state: UNCHALLENGED
10:17:35.391 [Forwarding findChildElements on session c2c9e5df695e5c1a4290eacba5ee9727 to remote] DEBUG org.apache.http.impl.execchain.MainClientExec - Proxy auth state: UNCHALLENGED
10:17:35.391 [Forwarding findChildElements on session c2c9e5df695e5c1a4290eacba5ee9727 to remote] DEBUG org.apache.http.headers - http-outgoing-2 >> POST /session/c2c9e5df695e5c1a4290eacba5ee9727/element/0.2454053411895556-5/elements HTTP/1.1
10:17:35.391 [Forwarding findChildElements on session c2c9e5df695e5c1a4290eacba5ee9727 to remote] DEBUG org.apache.http.headers - http-outgoing-2 >> Content-Type: application/json; charset=utf-8
10:17:35.391 [Forwarding findChildElements on session c2c9e5df695e5c1a4290eacba5ee9727 to remote] DEBUG org.apache.http.headers - http-outgoing-2 >> Content-Length: 65
10:17:35.391 [Forwarding findChildElements on session c2c9e5df695e5c1a4290eacba5ee9727 to remote] DEBUG org.apache.http.headers - http-outgoing-2 >> Host: localhost:36428
10:17:35.391 [Forwarding findChildElements on session c2c9e5df695e5c1a4290eacba5ee9727 to remote] DEBUG org.apache.http.headers - http-outgoing-2 >> Connection: Keep-Alive
10:17:35.391 [Forwarding findChildElements on session c2c9e5df695e5c1a4290eacba5ee9727 to remote] DEBUG org.apache.http.headers - http-outgoing-2 >> User-Agent: Apache-HttpClient/4.5.2 (Java/1.8.0_162)
10:17:35.391 [Forwarding findChildElements on session c2c9e5df695e5c1a4290eacba5ee9727 to remote] DEBUG org.apache.http.headers - http-outgoing-2 >> Accept-Encoding: gzip,deflate
10:17:35.391 [Forwarding findChildElements on session c2c9e5df695e5c1a4290eacba5ee9727 to remote] DEBUG org.apache.http.wire - http-outgoing-2 >> "POST /session/c2c9e5df695e5c1a4290eacba5ee9727/element/0.2454053411895556-5/elements HTTP/1.1[\r][\n]"
10:17:35.391 [Forwarding findChildElements on session c2c9e5df695e5c1a4290eacba5ee9727 to remote] DEBUG org.apache.http.wire - http-outgoing-2 >> "Content-Type: application/json; charset=utf-8[\r][\n]"
10:17:35.391 [Forwarding findChildElements on session c2c9e5df695e5c1a4290eacba5ee9727 to remote] DEBUG org.apache.http.wire - http-outgoing-2 >> "Content-Length: 65[\r][\n]"
10:17:35.391 [Forwarding findChildElements on session c2c9e5df695e5c1a4290eacba5ee9727 to remote] DEBUG org.apache.http.wire - http-outgoing-2 >> "Host: localhost:36428[\r][\n]"
10:17:35.391 [Forwarding findChildElements on session c2c9e5df695e5c1a4290eacba5ee9727 to remote] DEBUG org.apache.http.wire - http-outgoing-2 >> "Connection: Keep-Alive[\r][\n]"
10:17:35.391 [Forwarding findChildElements on session c2c9e5df695e5c1a4290eacba5ee9727 to remote] DEBUG org.apache.http.wire - http-outgoing-2 >> "User-Agent: Apache-HttpClient/4.5.2 (Java/1.8.0_162)[\r][\n]"
10:17:35.391 [Forwarding findChildElements on session c2c9e5df695e5c1a4290eacba5ee9727 to remote] DEBUG org.apache.http.wire - http-outgoing-2 >> "Accept-Encoding: gzip,deflate[\r][\n]"
10:17:35.391 [Forwarding findChildElements on session c2c9e5df695e5c1a4290eacba5ee9727 to remote] DEBUG org.apache.http.wire - http-outgoing-2 >> "[\r][\n]"
10:17:35.391 [Forwarding findChildElements on session c2c9e5df695e5c1a4290eacba5ee9727 to remote] DEBUG org.apache.http.wire - http-outgoing-2 >> "{"id":"0.2454053411895556-5","using":"tag name","value":"iframe"}"
10:17:35.398 [Forwarding findChildElements on session c2c9e5df695e5c1a4290eacba5ee9727 to remote] DEBUG org.apache.http.wire - http-outgoing-2 << "HTTP/1.1 200 OK[\r][\n]"
10:17:35.398 [Forwarding findChildElements on session c2c9e5df695e5c1a4290eacba5ee9727 to remote] DEBUG org.apache.http.wire - http-outgoing-2 << "Content-Length:104[\r][\n]"
10:17:35.398 [Forwarding findChildElements on session c2c9e5df695e5c1a4290eacba5ee9727 to remote] DEBUG org.apache.http.wire - http-outgoing-2 << "Content-Type:application/json; charset=utf-8[\r][\n]"
10:17:35.398 [Forwarding findChildElements on session c2c9e5df695e5c1a4290eacba5ee9727 to remote] DEBUG org.apache.http.wire - http-outgoing-2 << "[\r][\n]"
10:17:35.398 [Forwarding findChildElements on session c2c9e5df695e5c1a4290eacba5ee9727 to remote] DEBUG org.apache.http.wire - http-outgoing-2 << "{"sessionId":"c2c9e5df695e5c1a4290eacba5ee9727","status":0,"value":[{"ELEMENT":"0.2454053411895556-6"}]}"
10:17:35.398 [Forwarding findChildElements on session c2c9e5df695e5c1a4290eacba5ee9727 to remote] DEBUG org.apache.http.headers - http-outgoing-2 << HTTP/1.1 200 OK
10:17:35.398 [Forwarding findChildElements on session c2c9e5df695e5c1a4290eacba5ee9727 to remote] DEBUG org.apache.http.headers - http-outgoing-2 << Content-Length:104
10:17:35.398 [Forwarding findChildElements on session c2c9e5df695e5c1a4290eacba5ee9727 to remote] DEBUG org.apache.http.headers - http-outgoing-2 << Content-Type:application/json; charset=utf-8
10:17:35.398 [Forwarding findChildElements on session c2c9e5df695e5c1a4290eacba5ee9727 to remote] DEBUG org.apache.http.impl.execchain.MainClientExec - Connection can be kept alive indefinitely
10:17:35.398 [Forwarding findChildElements on session c2c9e5df695e5c1a4290eacba5ee9727 to remote] DEBUG org.apache.http.impl.conn.PoolingHttpClientConnectionManager - Connection [id: 2][route: {}->http://localhost:36428] can be kept alive indefinitely
10:17:35.398 [Forwarding findChildElements on session c2c9e5df695e5c1a4290eacba5ee9727 to remote] DEBUG org.apache.http.impl.conn.PoolingHttpClientConnectionManager - Connection released: [id: 2][route: {}->http://localhost:36428][total kept alive: 1; route allocated: 1 of 2000; total allocated: 1 of 2000]
10:17:35.398 [Forwarding getElementAttribute on session c2c9e5df695e5c1a4290eacba5ee9727 to remote] DEBUG org.apache.http.client.protocol.RequestAddCookies - CookieSpec selected: default
10:17:35.398 [Forwarding getElementAttribute on session c2c9e5df695e5c1a4290eacba5ee9727 to remote] DEBUG org.apache.http.client.protocol.RequestAuthCache - Auth cache not set in the context
10:17:35.398 [Forwarding getElementAttribute on session c2c9e5df695e5c1a4290eacba5ee9727 to remote] DEBUG org.apache.http.impl.conn.PoolingHttpClientConnectionManager - Connection request: [route: {}->http://localhost:36428][total kept alive: 1; route allocated: 1 of 2000; total allocated: 1 of 2000]
10:17:35.398 [Forwarding getElementAttribute on session c2c9e5df695e5c1a4290eacba5ee9727 to remote] DEBUG org.apache.http.impl.conn.PoolingHttpClientConnectionManager - Connection leased: [id: 2][route: {}->http://localhost:36428][total kept alive: 0; route allocated: 1 of 2000; total allocated: 1 of 2000]
10:17:35.398 [Forwarding getElementAttribute on session c2c9e5df695e5c1a4290eacba5ee9727 to remote] DEBUG org.apache.http.impl.execchain.MainClientExec - Stale connection check
10:17:35.407 [Forwarding getElementAttribute on session c2c9e5df695e5c1a4290eacba5ee9727 to remote] DEBUG org.apache.http.wire - http-outgoing-2 << "[read] I/O error: Read timed out"
10:17:35.407 [Forwarding getElementAttribute on session c2c9e5df695e5c1a4290eacba5ee9727 to remote] DEBUG org.apache.http.impl.conn.DefaultManagedHttpClientConnection - http-outgoing-2: set socket timeout to 10800000
10:17:35.407 [Forwarding getElementAttribute on session c2c9e5df695e5c1a4290eacba5ee9727 to remote] DEBUG org.apache.http.impl.execchain.MainClientExec - Executing request GET /session/c2c9e5df695e5c1a4290eacba5ee9727/element/0.2454053411895556-6/attribute/id HTTP/1.1
10:17:35.407 [Forwarding getElementAttribute on session c2c9e5df695e5c1a4290eacba5ee9727 to remote] DEBUG org.apache.http.impl.execchain.MainClientExec - Target auth state: UNCHALLENGED
10:17:35.407 [Forwarding getElementAttribute on session c2c9e5df695e5c1a4290eacba5ee9727 to remote] DEBUG org.apache.http.impl.execchain.MainClientExec - Proxy auth state: UNCHALLENGED
10:17:35.407 [Forwarding getElementAttribute on session c2c9e5df695e5c1a4290eacba5ee9727 to remote] DEBUG org.apache.http.headers - http-outgoing-2 >> GET /session/c2c9e5df695e5c1a4290eacba5ee9727/element/0.2454053411895556-6/attribute/id HTTP/1.1
10:17:35.407 [Forwarding getElementAttribute on session c2c9e5df695e5c1a4290eacba5ee9727 to remote] DEBUG org.apache.http.headers - http-outgoing-2 >> Cache-Control: no-cache
10:17:35.407 [Forwarding getElementAttribute on session c2c9e5df695e5c1a4290eacba5ee9727 to remote] DEBUG org.apache.http.headers - http-outgoing-2 >> Host: localhost:36428
10:17:35.407 [Forwarding getElementAttribute on session c2c9e5df695e5c1a4290eacba5ee9727 to remote] DEBUG org.apache.http.headers - http-outgoing-2 >> Connection: Keep-Alive
10:17:35.407 [Forwarding getElementAttribute on session c2c9e5df695e5c1a4290eacba5ee9727 to remote] DEBUG org.apache.http.headers - http-outgoing-2 >> User-Agent: Apache-HttpClient/4.5.2 (Java/1.8.0_162)
10:17:35.407 [Forwarding getElementAttribute on session c2c9e5df695e5c1a4290eacba5ee9727 to remote] DEBUG org.apache.http.headers - http-outgoing-2 >> Accept-Encoding: gzip,deflate
10:17:35.407 [Forwarding getElementAttribute on session c2c9e5df695e5c1a4290eacba5ee9727 to remote] DEBUG org.apache.http.wire - http-outgoing-2 >> "GET /session/c2c9e5df695e5c1a4290eacba5ee9727/element/0.2454053411895556-6/attribute/id HTTP/1.1[\r][\n]"
10:17:35.407 [Forwarding getElementAttribute on session c2c9e5df695e5c1a4290eacba5ee9727 to remote] DEBUG org.apache.http.wire - http-outgoing-2 >> "Cache-Control: no-cache[\r][\n]"
10:17:35.407 [Forwarding getElementAttribute on session c2c9e5df695e5c1a4290eacba5ee9727 to remote] DEBUG org.apache.http.wire - http-outgoing-2 >> "Host: localhost:36428[\r][\n]"
10:17:35.407 [Forwarding getElementAttribute on session c2c9e5df695e5c1a4290eacba5ee9727 to remote] DEBUG org.apache.http.wire - http-outgoing-2 >> "Connection: Keep-Alive[\r][\n]"
10:17:35.407 [Forwarding getElementAttribute on session c2c9e5df695e5c1a4290eacba5ee9727 to remote] DEBUG org.apache.http.wire - http-outgoing-2 >> "User-Agent: Apache-HttpClient/4.5.2 (Java/1.8.0_162)[\r][\n]"
10:17:35.407 [Forwarding getElementAttribute on session c2c9e5df695e5c1a4290eacba5ee9727 to remote] DEBUG org.apache.http.wire - http-outgoing-2 >> "Accept-Encoding: gzip,deflate[\r][\n]"
10:17:35.407 [Forwarding getElementAttribute on session c2c9e5df695e5c1a4290eacba5ee9727 to remote] DEBUG org.apache.http.wire - http-outgoing-2 >> "[\r][\n]"
10:17:35.412 [Forwarding getElementAttribute on session c2c9e5df695e5c1a4290eacba5ee9727 to remote] DEBUG org.apache.http.wire - http-outgoing-2 << "HTTP/1.1 200 OK[\r][\n]"
10:17:35.412 [Forwarding getElementAttribute on session c2c9e5df695e5c1a4290eacba5ee9727 to remote] DEBUG org.apache.http.wire - http-outgoing-2 << "Content-Length:88[\r][\n]"
10:17:35.412 [Forwarding getElementAttribute on session c2c9e5df695e5c1a4290eacba5ee9727 to remote] DEBUG org.apache.http.wire - http-outgoing-2 << "Content-Type:application/json; charset=utf-8[\r][\n]"
10:17:35.412 [Forwarding getElementAttribute on session c2c9e5df695e5c1a4290eacba5ee9727 to remote] DEBUG org.apache.http.wire - http-outgoing-2 << "[\r][\n]"
10:17:35.412 [Forwarding getElementAttribute on session c2c9e5df695e5c1a4290eacba5ee9727 to remote] DEBUG org.apache.http.wire - http-outgoing-2 << "{"sessionId":"c2c9e5df695e5c1a4290eacba5ee9727","status":0,"value":"WID902201967900834"}"
10:17:35.412 [Forwarding getElementAttribute on session c2c9e5df695e5c1a4290eacba5ee9727 to remote] DEBUG org.apache.http.headers - http-outgoing-2 << HTTP/1.1 200 OK
10:17:35.412 [Forwarding getElementAttribute on session c2c9e5df695e5c1a4290eacba5ee9727 to remote] DEBUG org.apache.http.headers - http-outgoing-2 << Content-Length:88
10:17:35.412 [Forwarding getElementAttribute on session c2c9e5df695e5c1a4290eacba5ee9727 to remote] DEBUG org.apache.http.headers - http-outgoing-2 << Content-Type:application/json; charset=utf-8
10:17:35.412 [Forwarding getElementAttribute on session c2c9e5df695e5c1a4290eacba5ee9727 to remote] DEBUG org.apache.http.impl.execchain.MainClientExec - Connection can be kept alive indefinitely
10:17:35.413 [Forwarding getElementAttribute on session c2c9e5df695e5c1a4290eacba5ee9727 to remote] DEBUG org.apache.http.impl.conn.PoolingHttpClientConnectionManager - Connection [id: 2][route: {}->http://localhost:36428] can be kept alive indefinitely
10:17:35.413 [Forwarding getElementAttribute on session c2c9e5df695e5c1a4290eacba5ee9727 to remote] DEBUG org.apache.http.impl.conn.PoolingHttpClientConnectionManager - Connection released: [id: 2][route: {}->http://localhost:36428][total kept alive: 1; route allocated: 1 of 2000; total allocated: 1 of 2000]
10:17:35.413 [Forwarding findElements on session c2c9e5df695e5c1a4290eacba5ee9727 to remote] DEBUG org.apache.http.client.protocol.RequestAddCookies - CookieSpec selected: default
10:17:35.413 [Forwarding findElements on session c2c9e5df695e5c1a4290eacba5ee9727 to remote] DEBUG org.apache.http.client.protocol.RequestAuthCache - Auth cache not set in the context
10:17:35.413 [Forwarding findElements on session c2c9e5df695e5c1a4290eacba5ee9727 to remote] DEBUG org.apache.http.impl.conn.PoolingHttpClientConnectionManager - Connection request: [route: {}->http://localhost:36428][total kept alive: 1; route allocated: 1 of 2000; total allocated: 1 of 2000]
10:17:35.413 [Forwarding findElements on session c2c9e5df695e5c1a4290eacba5ee9727 to remote] DEBUG org.apache.http.impl.conn.PoolingHttpClientConnectionManager - Connection leased: [id: 2][route: {}->http://localhost:36428][total kept alive: 0; route allocated: 1 of 2000; total allocated: 1 of 2000]
10:17:35.413 [Forwarding findElements on session c2c9e5df695e5c1a4290eacba5ee9727 to remote] DEBUG org.apache.http.impl.execchain.MainClientExec - Stale connection check
10:17:35.423 [Forwarding findElements on session c2c9e5df695e5c1a4290eacba5ee9727 to remote] DEBUG org.apache.http.wire - http-outgoing-2 << "[read] I/O error: Read timed out"
10:17:35.423 [Forwarding findElements on session c2c9e5df695e5c1a4290eacba5ee9727 to remote] DEBUG org.apache.http.impl.conn.DefaultManagedHttpClientConnection - http-outgoing-2: set socket timeout to 10800000
10:17:35.423 [Forwarding findElements on session c2c9e5df695e5c1a4290eacba5ee9727 to remote] DEBUG org.apache.http.impl.execchain.MainClientExec - Executing request POST /session/c2c9e5df695e5c1a4290eacba5ee9727/elements HTTP/1.1
10:17:35.423 [Forwarding findElements on session c2c9e5df695e5c1a4290eacba5ee9727 to remote] DEBUG org.apache.http.impl.execchain.MainClientExec - Target auth state: UNCHALLENGED
10:17:35.423 [Forwarding findElements on session c2c9e5df695e5c1a4290eacba5ee9727 to remote] DEBUG org.apache.http.impl.execchain.MainClientExec - Proxy auth state: UNCHALLENGED
10:17:35.423 [Forwarding findElements on session c2c9e5df695e5c1a4290eacba5ee9727 to remote] DEBUG org.apache.http.headers - http-outgoing-2 >> POST /session/c2c9e5df695e5c1a4290eacba5ee9727/elements HTTP/1.1
10:17:35.423 [Forwarding findElements on session c2c9e5df695e5c1a4290eacba5ee9727 to remote] DEBUG org.apache.http.headers - http-outgoing-2 >> Content-Type: application/json; charset=utf-8
10:17:35.423 [Forwarding findElements on session c2c9e5df695e5c1a4290eacba5ee9727 to remote] DEBUG org.apache.http.headers - http-outgoing-2 >> Content-Length: 101
10:17:35.423 [Forwarding findElements on session c2c9e5df695e5c1a4290eacba5ee9727 to remote] DEBUG org.apache.http.headers - http-outgoing-2 >> Host: localhost:36428
10:17:35.423 [Forwarding findElements on session c2c9e5df695e5c1a4290eacba5ee9727 to remote] DEBUG org.apache.http.headers - http-outgoing-2 >> Connection: Keep-Alive
10:17:35.423 [Forwarding findElements on session c2c9e5df695e5c1a4290eacba5ee9727 to remote] DEBUG org.apache.http.headers - http-outgoing-2 >> User-Agent: Apache-HttpClient/4.5.2 (Java/1.8.0_162)
10:17:35.423 [Forwarding findElements on session c2c9e5df695e5c1a4290eacba5ee9727 to remote] DEBUG org.apache.http.headers - http-outgoing-2 >> Accept-Encoding: gzip,deflate
10:17:35.423 [Forwarding findElements on session c2c9e5df695e5c1a4290eacba5ee9727 to remote] DEBUG org.apache.http.wire - http-outgoing-2 >> "POST /session/c2c9e5df695e5c1a4290eacba5ee9727/elements HTTP/1.1[\r][\n]"
10:17:35.423 [Forwarding findElements on session c2c9e5df695e5c1a4290eacba5ee9727 to remote] DEBUG org.apache.http.wire - http-outgoing-2 >> "Content-Type: application/json; charset=utf-8[\r][\n]"
10:17:35.423 [Forwarding findElements on session c2c9e5df695e5c1a4290eacba5ee9727 to remote] DEBUG org.apache.http.wire - http-outgoing-2 >> "Content-Length: 101[\r][\n]"
10:17:35.423 [Forwarding findElements on session c2c9e5df695e5c1a4290eacba5ee9727 to remote] DEBUG org.apache.http.wire - http-outgoing-2 >> "Host: localhost:36428[\r][\n]"
10:17:35.423 [Forwarding findElements on session c2c9e5df695e5c1a4290eacba5ee9727 to remote] DEBUG org.apache.http.wire - http-outgoing-2 >> "Connection: Keep-Alive[\r][\n]"
10:17:35.423 [Forwarding findElements on session c2c9e5df695e5c1a4290eacba5ee9727 to remote] DEBUG org.apache.http.wire - http-outgoing-2 >> "User-Agent: Apache-HttpClient/4.5.2 (Java/1.8.0_162)[\r][\n]"
10:17:35.423 [Forwarding findElements on session c2c9e5df695e5c1a4290eacba5ee9727 to remote] DEBUG org.apache.http.wire - http-outgoing-2 >> "Accept-Encoding: gzip,deflate[\r][\n]"
10:17:35.423 [Forwarding findElements on session c2c9e5df695e5c1a4290eacba5ee9727 to remote] DEBUG org.apache.http.wire - http-outgoing-2 >> "[\r][\n]"
10:17:35.423 [Forwarding findElements on session c2c9e5df695e5c1a4290eacba5ee9727 to remote] DEBUG org.apache.http.wire - http-outgoing-2 >> "{"using":"css selector","value":"frame[name='WID902201967900834'],iframe[name='WID902201967900834']"}"
10:17:35.431 [Forwarding findElements on session c2c9e5df695e5c1a4290eacba5ee9727 to remote] DEBUG org.apache.http.wire - http-outgoing-2 << "HTTP/1.1 200 OK[\r][\n]"
10:17:35.431 [Forwarding findElements on session c2c9e5df695e5c1a4290eacba5ee9727 to remote] DEBUG org.apache.http.wire - http-outgoing-2 << "Content-Length:70[\r][\n]"
10:17:35.431 [Forwarding findElements on session c2c9e5df695e5c1a4290eacba5ee9727 to remote] DEBUG org.apache.http.wire - http-outgoing-2 << "Content-Type:application/json; charset=utf-8[\r][\n]"
10:17:35.431 [Forwarding findElements on session c2c9e5df695e5c1a4290eacba5ee9727 to remote] DEBUG org.apache.http.wire - http-outgoing-2 << "[\r][\n]"
10:17:35.431 [Forwarding findElements on session c2c9e5df695e5c1a4290eacba5ee9727 to remote] DEBUG org.apache.http.wire - http-outgoing-2 << "{"sessionId":"c2c9e5df695e5c1a4290eacba5ee9727","status":0,"value":[]}"
10:17:35.431 [Forwarding findElements on session c2c9e5df695e5c1a4290eacba5ee9727 to remote] DEBUG org.apache.http.headers - http-outgoing-2 << HTTP/1.1 200 OK
10:17:35.431 [Forwarding findElements on session c2c9e5df695e5c1a4290eacba5ee9727 to remote] DEBUG org.apache.http.headers - http-outgoing-2 << Content-Length:70
10:17:35.431 [Forwarding findElements on session c2c9e5df695e5c1a4290eacba5ee9727 to remote] DEBUG org.apache.http.headers - http-outgoing-2 << Content-Type:application/json; charset=utf-8
10:17:35.431 [Forwarding findElements on session c2c9e5df695e5c1a4290eacba5ee9727 to remote] DEBUG org.apache.http.impl.execchain.MainClientExec - Connection can be kept alive indefinitely
10:17:35.431 [Forwarding findElements on session c2c9e5df695e5c1a4290eacba5ee9727 to remote] DEBUG org.apache.http.impl.conn.PoolingHttpClientConnectionManager - Connection [id: 2][route: {}->http://localhost:36428] can be kept alive indefinitely
10:17:35.431 [Forwarding findElements on session c2c9e5df695e5c1a4290eacba5ee9727 to remote] DEBUG org.apache.http.impl.conn.PoolingHttpClientConnectionManager - Connection released: [id: 2][route: {}->http://localhost:36428][total kept alive: 1; route allocated: 1 of 2000; total allocated: 1 of 2000]
10:17:35.431 [Forwarding findElements on session c2c9e5df695e5c1a4290eacba5ee9727 to remote] DEBUG org.apache.http.client.protocol.RequestAddCookies - CookieSpec selected: default
10:17:35.431 [Forwarding findElements on session c2c9e5df695e5c1a4290eacba5ee9727 to remote] DEBUG org.apache.http.client.protocol.RequestAuthCache - Auth cache not set in the context
10:17:35.431 [Forwarding findElements on session c2c9e5df695e5c1a4290eacba5ee9727 to remote] DEBUG org.apache.http.impl.conn.PoolingHttpClientConnectionManager - Connection request: [route: {}->http://localhost:36428][total kept alive: 1; route allocated: 1 of 2000; total allocated: 1 of 2000]
10:17:35.431 [Forwarding findElements on session c2c9e5df695e5c1a4290eacba5ee9727 to remote] DEBUG org.apache.http.impl.conn.PoolingHttpClientConnectionManager - Connection leased: [id: 2][route: {}->http://localhost:36428][total kept alive: 0; route allocated: 1 of 2000; total allocated: 1 of 2000]
10:17:35.431 [Forwarding findElements on session c2c9e5df695e5c1a4290eacba5ee9727 to remote] DEBUG org.apache.http.impl.execchain.MainClientExec - Stale connection check
10:17:35.438 [Forwarding findElements on session c2c9e5df695e5c1a4290eacba5ee9727 to remote] DEBUG org.apache.http.wire - http-outgoing-2 << "[read] I/O error: Read timed out"
10:17:35.438 [Forwarding findElements on session c2c9e5df695e5c1a4290eacba5ee9727 to remote] DEBUG org.apache.http.impl.conn.DefaultManagedHttpClientConnection - http-outgoing-2: set socket timeout to 10800000
10:17:35.438 [Forwarding findElements on session c2c9e5df695e5c1a4290eacba5ee9727 to remote] DEBUG org.apache.http.impl.execchain.MainClientExec - Executing request POST /session/c2c9e5df695e5c1a4290eacba5ee9727/elements HTTP/1.1
10:17:35.438 [Forwarding findElements on session c2c9e5df695e5c1a4290eacba5ee9727 to remote] DEBUG org.apache.http.impl.execchain.MainClientExec - Target auth state: UNCHALLENGED
10:17:35.438 [Forwarding findElements on session c2c9e5df695e5c1a4290eacba5ee9727 to remote] DEBUG org.apache.http.impl.execchain.MainClientExec - Proxy auth state: UNCHALLENGED
10:17:35.438 [Forwarding findElements on session c2c9e5df695e5c1a4290eacba5ee9727 to remote] DEBUG org.apache.http.headers - http-outgoing-2 >> POST /session/c2c9e5df695e5c1a4290eacba5ee9727/elements HTTP/1.1
10:17:35.438 [Forwarding findElements on session c2c9e5df695e5c1a4290eacba5ee9727 to remote] DEBUG org.apache.http.headers - http-outgoing-2 >> Content-Type: application/json; charset=utf-8
10:17:35.438 [Forwarding findElements on session c2c9e5df695e5c1a4290eacba5ee9727 to remote] DEBUG org.apache.http.headers - http-outgoing-2 >> Content-Length: 85
10:17:35.438 [Forwarding findElements on session c2c9e5df695e5c1a4290eacba5ee9727 to remote] DEBUG org.apache.http.headers - http-outgoing-2 >> Host: localhost:36428
10:17:35.438 [Forwarding findElements on session c2c9e5df695e5c1a4290eacba5ee9727 to remote] DEBUG org.apache.http.headers - http-outgoing-2 >> Connection: Keep-Alive
10:17:35.438 [Forwarding findElements on session c2c9e5df695e5c1a4290eacba5ee9727 to remote] DEBUG org.apache.http.headers - http-outgoing-2 >> User-Agent: Apache-HttpClient/4.5.2 (Java/1.8.0_162)
10:17:35.438 [Forwarding findElements on session c2c9e5df695e5c1a4290eacba5ee9727 to remote] DEBUG org.apache.http.headers - http-outgoing-2 >> Accept-Encoding: gzip,deflate
10:17:35.438 [Forwarding findElements on session c2c9e5df695e5c1a4290eacba5ee9727 to remote] DEBUG org.apache.http.wire - http-outgoing-2 >> "POST /session/c2c9e5df695e5c1a4290eacba5ee9727/elements HTTP/1.1[\r][\n]"
10:17:35.438 [Forwarding findElements on session c2c9e5df695e5c1a4290eacba5ee9727 to remote] DEBUG org.apache.http.wire - http-outgoing-2 >> "Content-Type: application/json; charset=utf-8[\r][\n]"
10:17:35.438 [Forwarding findElements on session c2c9e5df695e5c1a4290eacba5ee9727 to remote] DEBUG org.apache.http.wire - http-outgoing-2 >> "Content-Length: 85[\r][\n]"
10:17:35.438 [Forwarding findElements on session c2c9e5df695e5c1a4290eacba5ee9727 to remote] DEBUG org.apache.http.wire - http-outgoing-2 >> "Host: localhost:36428[\r][\n]"
10:17:35.438 [Forwarding findElements on session c2c9e5df695e5c1a4290eacba5ee9727 to remote] DEBUG org.apache.http.wire - http-outgoing-2 >> "Connection: Keep-Alive[\r][\n]"
10:17:35.438 [Forwarding findElements on session c2c9e5df695e5c1a4290eacba5ee9727 to remote] DEBUG org.apache.http.wire - http-outgoing-2 >> "User-Agent: Apache-HttpClient/4.5.2 (Java/1.8.0_162)[\r][\n]"
10:17:35.438 [Forwarding findElements on session c2c9e5df695e5c1a4290eacba5ee9727 to remote] DEBUG org.apache.http.wire - http-outgoing-2 >> "Accept-Encoding: gzip,deflate[\r][\n]"
10:17:35.438 [Forwarding findElements on session c2c9e5df695e5c1a4290eacba5ee9727 to remote] DEBUG org.apache.http.wire - http-outgoing-2 >> "[\r][\n]"
10:17:35.438 [Forwarding findElements on session c2c9e5df695e5c1a4290eacba5ee9727 to remote] DEBUG org.apache.http.wire - http-outgoing-2 >> "{"using":"css selector","value":"frame#WID902201967900834,iframe#WID902201967900834"}"
10:17:35.445 [Forwarding findElements on session c2c9e5df695e5c1a4290eacba5ee9727 to remote] DEBUG org.apache.http.wire - http-outgoing-2 << "HTTP/1.1 200 OK[\r][\n]"
10:17:35.445 [Forwarding findElements on session c2c9e5df695e5c1a4290eacba5ee9727 to remote] DEBUG org.apache.http.wire - http-outgoing-2 << "Content-Length:104[\r][\n]"
10:17:35.445 [Forwarding findElements on session c2c9e5df695e5c1a4290eacba5ee9727 to remote] DEBUG org.apache.http.wire - http-outgoing-2 << "Content-Type:application/json; charset=utf-8[\r][\n]"
10:17:35.445 [Forwarding findElements on session c2c9e5df695e5c1a4290eacba5ee9727 to remote] DEBUG org.apache.http.wire - http-outgoing-2 << "[\r][\n]"
10:17:35.445 [Forwarding findElements on session c2c9e5df695e5c1a4290eacba5ee9727 to remote] DEBUG org.apache.http.wire - http-outgoing-2 << "{"sessionId":"c2c9e5df695e5c1a4290eacba5ee9727","status":0,"value":[{"ELEMENT":"0.2454053411895556-6"}]}"
10:17:35.445 [Forwarding findElements on session c2c9e5df695e5c1a4290eacba5ee9727 to remote] DEBUG org.apache.http.headers - http-outgoing-2 << HTTP/1.1 200 OK
10:17:35.445 [Forwarding findElements on session c2c9e5df695e5c1a4290eacba5ee9727 to remote] DEBUG org.apache.http.headers - http-outgoing-2 << Content-Length:104
10:17:35.445 [Forwarding findElements on session c2c9e5df695e5c1a4290eacba5ee9727 to remote] DEBUG org.apache.http.headers - http-outgoing-2 << Content-Type:application/json; charset=utf-8
10:17:35.445 [Forwarding findElements on session c2c9e5df695e5c1a4290eacba5ee9727 to remote] DEBUG org.apache.http.impl.execchain.MainClientExec - Connection can be kept alive indefinitely
10:17:35.446 [Forwarding findElements on session c2c9e5df695e5c1a4290eacba5ee9727 to remote] DEBUG org.apache.http.impl.conn.PoolingHttpClientConnectionManager - Connection [id: 2][route: {}->http://localhost:36428] can be kept alive indefinitely
10:17:35.446 [Forwarding findElements on session c2c9e5df695e5c1a4290eacba5ee9727 to remote] DEBUG org.apache.http.impl.conn.PoolingHttpClientConnectionManager - Connection released: [id: 2][route: {}->http://localhost:36428][total kept alive: 1; route allocated: 1 of 2000; total allocated: 1 of 2000]
10:17:35.446 [Forwarding switchToFrame on session c2c9e5df695e5c1a4290eacba5ee9727 to remote] DEBUG org.apache.http.client.protocol.RequestAddCookies - CookieSpec selected: default
10:17:35.446 [Forwarding switchToFrame on session c2c9e5df695e5c1a4290eacba5ee9727 to remote] DEBUG org.apache.http.client.protocol.RequestAuthCache - Auth cache not set in the context
10:17:35.446 [Forwarding switchToFrame on session c2c9e5df695e5c1a4290eacba5ee9727 to remote] DEBUG org.apache.http.impl.conn.PoolingHttpClientConnectionManager - Connection request: [route: {}->http://localhost:36428][total kept alive: 1; route allocated: 1 of 2000; total allocated: 1 of 2000]
10:17:35.446 [Forwarding switchToFrame on session c2c9e5df695e5c1a4290eacba5ee9727 to remote] DEBUG org.apache.http.impl.conn.PoolingHttpClientConnectionManager - Connection leased: [id: 2][route: {}->http://localhost:36428][total kept alive: 0; route allocated: 1 of 2000; total allocated: 1 of 2000]
10:17:35.446 [Forwarding switchToFrame on session c2c9e5df695e5c1a4290eacba5ee9727 to remote] DEBUG org.apache.http.impl.execchain.MainClientExec - Stale connection check
10:17:35.454 [Forwarding switchToFrame on session c2c9e5df695e5c1a4290eacba5ee9727 to remote] DEBUG org.apache.http.wire - http-outgoing-2 << "[read] I/O error: Read timed out"
10:17:35.454 [Forwarding switchToFrame on session c2c9e5df695e5c1a4290eacba5ee9727 to remote] DEBUG org.apache.http.impl.conn.DefaultManagedHttpClientConnection - http-outgoing-2: set socket timeout to 10800000
10:17:35.454 [Forwarding switchToFrame on session c2c9e5df695e5c1a4290eacba5ee9727 to remote] DEBUG org.apache.http.impl.execchain.MainClientExec - Executing request POST /session/c2c9e5df695e5c1a4290eacba5ee9727/frame HTTP/1.1
10:17:35.454 [Forwarding switchToFrame on session c2c9e5df695e5c1a4290eacba5ee9727 to remote] DEBUG org.apache.http.impl.execchain.MainClientExec - Target auth state: UNCHALLENGED
10:17:35.454 [Forwarding switchToFrame on session c2c9e5df695e5c1a4290eacba5ee9727 to remote] DEBUG org.apache.http.impl.execchain.MainClientExec - Proxy auth state: UNCHALLENGED
10:17:35.454 [Forwarding switchToFrame on session c2c9e5df695e5c1a4290eacba5ee9727 to remote] DEBUG org.apache.http.headers - http-outgoing-2 >> POST /session/c2c9e5df695e5c1a4290eacba5ee9727/frame HTTP/1.1
10:17:35.454 [Forwarding switchToFrame on session c2c9e5df695e5c1a4290eacba5ee9727 to remote] DEBUG org.apache.http.headers - http-outgoing-2 >> Content-Type: application/json; charset=utf-8
10:17:35.454 [Forwarding switchToFrame on session c2c9e5df695e5c1a4290eacba5ee9727 to remote] DEBUG org.apache.http.headers - http-outgoing-2 >> Content-Length: 102
10:17:35.454 [Forwarding switchToFrame on session c2c9e5df695e5c1a4290eacba5ee9727 to remote] DEBUG org.apache.http.headers - http-outgoing-2 >> Host: localhost:36428
10:17:35.454 [Forwarding switchToFrame on session c2c9e5df695e5c1a4290eacba5ee9727 to remote] DEBUG org.apache.http.headers - http-outgoing-2 >> Connection: Keep-Alive
10:17:35.454 [Forwarding switchToFrame on session c2c9e5df695e5c1a4290eacba5ee9727 to remote] DEBUG org.apache.http.headers - http-outgoing-2 >> User-Agent: Apache-HttpClient/4.5.2 (Java/1.8.0_162)
10:17:35.454 [Forwarding switchToFrame on session c2c9e5df695e5c1a4290eacba5ee9727 to remote] DEBUG org.apache.http.headers - http-outgoing-2 >> Accept-Encoding: gzip,deflate
10:17:35.454 [Forwarding switchToFrame on session c2c9e5df695e5c1a4290eacba5ee9727 to remote] DEBUG org.apache.http.wire - http-outgoing-2 >> "POST /session/c2c9e5df695e5c1a4290eacba5ee9727/frame HTTP/1.1[\r][\n]"
10:17:35.454 [Forwarding switchToFrame on session c2c9e5df695e5c1a4290eacba5ee9727 to remote] DEBUG org.apache.http.wire - http-outgoing-2 >> "Content-Type: application/json; charset=utf-8[\r][\n]"
10:17:35.454 [Forwarding switchToFrame on session c2c9e5df695e5c1a4290eacba5ee9727 to remote] DEBUG org.apache.http.wire - http-outgoing-2 >> "Content-Length: 102[\r][\n]"
10:17:35.454 [Forwarding switchToFrame on session c2c9e5df695e5c1a4290eacba5ee9727 to remote] DEBUG org.apache.http.wire - http-outgoing-2 >> "Host: localhost:36428[\r][\n]"
10:17:35.454 [Forwarding switchToFrame on session c2c9e5df695e5c1a4290eacba5ee9727 to remote] DEBUG org.apache.http.wire - http-outgoing-2 >> "Connection: Keep-Alive[\r][\n]"
10:17:35.454 [Forwarding switchToFrame on session c2c9e5df695e5c1a4290eacba5ee9727 to remote] DEBUG org.apache.http.wire - http-outgoing-2 >> "User-Agent: Apache-HttpClient/4.5.2 (Java/1.8.0_162)[\r][\n]"
10:17:35.454 [Forwarding switchToFrame on session c2c9e5df695e5c1a4290eacba5ee9727 to remote] DEBUG org.apache.http.wire - http-outgoing-2 >> "Accept-Encoding: gzip,deflate[\r][\n]"
10:17:35.454 [Forwarding switchToFrame on session c2c9e5df695e5c1a4290eacba5ee9727 to remote] DEBUG org.apache.http.wire - http-outgoing-2 >> "[\r][\n]"
10:17:35.454 [Forwarding switchToFrame on session c2c9e5df695e5c1a4290eacba5ee9727 to remote] DEBUG org.apache.http.wire - http-outgoing-2 >> "{"id":{"ELEMENT":"0.2454053411895556-6","element-6066-11e4-a52e-4f735466cecf":"0.2454053411895556-6"}}"
10:17:35.467 [Forwarding switchToFrame on session c2c9e5df695e5c1a4290eacba5ee9727 to remote] DEBUG org.apache.http.wire - http-outgoing-2 << "HTTP/1.1 200 OK[\r][\n]"
10:17:35.467 [Forwarding switchToFrame on session c2c9e5df695e5c1a4290eacba5ee9727 to remote] DEBUG org.apache.http.wire - http-outgoing-2 << "Content-Length:72[\r][\n]"
10:17:35.467 [Forwarding switchToFrame on session c2c9e5df695e5c1a4290eacba5ee9727 to remote] DEBUG org.apache.http.wire - http-outgoing-2 << "Content-Type:application/json; charset=utf-8[\r][\n]"
10:17:35.467 [Forwarding switchToFrame on session c2c9e5df695e5c1a4290eacba5ee9727 to remote] DEBUG org.apache.http.wire - http-outgoing-2 << "[\r][\n]"
10:17:35.467 [Forwarding switchToFrame on session c2c9e5df695e5c1a4290eacba5ee9727 to remote] DEBUG org.apache.http.wire - http-outgoing-2 << "{"sessionId":"c2c9e5df695e5c1a4290eacba5ee9727","status":0,"value":null}"
10:17:35.467 [Forwarding switchToFrame on session c2c9e5df695e5c1a4290eacba5ee9727 to remote] DEBUG org.apache.http.headers - http-outgoing-2 << HTTP/1.1 200 OK
10:17:35.467 [Forwarding switchToFrame on session c2c9e5df695e5c1a4290eacba5ee9727 to remote] DEBUG org.apache.http.headers - http-outgoing-2 << Content-Length:72
10:17:35.467 [Forwarding switchToFrame on session c2c9e5df695e5c1a4290eacba5ee9727 to remote] DEBUG org.apache.http.headers - http-outgoing-2 << Content-Type:application/json; charset=utf-8
10:17:35.467 [Forwarding switchToFrame on session c2c9e5df695e5c1a4290eacba5ee9727 to remote] DEBUG org.apache.http.impl.execchain.MainClientExec - Connection can be kept alive indefinitely
10:17:35.467 [Forwarding switchToFrame on session c2c9e5df695e5c1a4290eacba5ee9727 to remote] DEBUG org.apache.http.impl.conn.PoolingHttpClientConnectionManager - Connection [id: 2][route: {}->http://localhost:36428] can be kept alive indefinitely
10:17:35.467 [Forwarding switchToFrame on session c2c9e5df695e5c1a4290eacba5ee9727 to remote] DEBUG org.apache.http.impl.conn.PoolingHttpClientConnectionManager - Connection released: [id: 2][route: {}->http://localhost:36428][total kept alive: 1; route allocated: 1 of 2000; total allocated: 1 of 2000]
10:17:36.469 [Forwarding findElement on session c2c9e5df695e5c1a4290eacba5ee9727 to remote] DEBUG org.apache.http.client.protocol.RequestAddCookies - CookieSpec selected: default
10:17:36.469 [Forwarding findElement on session c2c9e5df695e5c1a4290eacba5ee9727 to remote] DEBUG org.apache.http.client.protocol.RequestAuthCache - Auth cache not set in the context
10:17:36.469 [Forwarding findElement on session c2c9e5df695e5c1a4290eacba5ee9727 to remote] DEBUG org.apache.http.impl.conn.PoolingHttpClientConnectionManager - Connection request: [route: {}->http://localhost:36428][total kept alive: 1; route allocated: 1 of 2000; total allocated: 1 of 2000]
10:17:36.469 [Forwarding findElement on session c2c9e5df695e5c1a4290eacba5ee9727 to remote] DEBUG org.apache.http.impl.conn.PoolingHttpClientConnectionManager - Connection leased: [id: 2][route: {}->http://localhost:36428][total kept alive: 0; route allocated: 1 of 2000; total allocated: 1 of 2000]
10:17:36.469 [Forwarding findElement on session c2c9e5df695e5c1a4290eacba5ee9727 to remote] DEBUG org.apache.http.impl.execchain.MainClientExec - Stale connection check
10:17:36.485 [Forwarding findElement on session c2c9e5df695e5c1a4290eacba5ee9727 to remote] DEBUG org.apache.http.wire - http-outgoing-2 << "[read] I/O error: Read timed out"
10:17:36.485 [Forwarding findElement on session c2c9e5df695e5c1a4290eacba5ee9727 to remote] DEBUG org.apache.http.impl.conn.DefaultManagedHttpClientConnection - http-outgoing-2: set socket timeout to 10800000
10:17:36.485 [Forwarding findElement on session c2c9e5df695e5c1a4290eacba5ee9727 to remote] DEBUG org.apache.http.impl.execchain.MainClientExec - Executing request POST /session/c2c9e5df695e5c1a4290eacba5ee9727/element HTTP/1.1
10:17:36.485 [Forwarding findElement on session c2c9e5df695e5c1a4290eacba5ee9727 to remote] DEBUG org.apache.http.impl.execchain.MainClientExec - Target auth state: UNCHALLENGED
10:17:36.485 [Forwarding findElement on session c2c9e5df695e5c1a4290eacba5ee9727 to remote] DEBUG org.apache.http.impl.execchain.MainClientExec - Proxy auth state: UNCHALLENGED
10:17:36.485 [Forwarding findElement on session c2c9e5df695e5c1a4290eacba5ee9727 to remote] DEBUG org.apache.http.headers - http-outgoing-2 >> POST /session/c2c9e5df695e5c1a4290eacba5ee9727/element HTTP/1.1
10:17:36.485 [Forwarding findElement on session c2c9e5df695e5c1a4290eacba5ee9727 to remote] DEBUG org.apache.http.headers - http-outgoing-2 >> Content-Type: application/json; charset=utf-8
10:17:36.485 [Forwarding findElement on session c2c9e5df695e5c1a4290eacba5ee9727 to remote] DEBUG org.apache.http.headers - http-outgoing-2 >> Content-Length: 80
10:17:36.485 [Forwarding findElement on session c2c9e5df695e5c1a4290eacba5ee9727 to remote] DEBUG org.apache.http.headers - http-outgoing-2 >> Host: localhost:36428
10:17:36.485 [Forwarding findElement on session c2c9e5df695e5c1a4290eacba5ee9727 to remote] DEBUG org.apache.http.headers - http-outgoing-2 >> Connection: Keep-Alive
10:17:36.485 [Forwarding findElement on session c2c9e5df695e5c1a4290eacba5ee9727 to remote] DEBUG org.apache.http.headers - http-outgoing-2 >> User-Agent: Apache-HttpClient/4.5.2 (Java/1.8.0_162)
10:17:36.485 [Forwarding findElement on session c2c9e5df695e5c1a4290eacba5ee9727 to remote] DEBUG org.apache.http.headers - http-outgoing-2 >> Accept-Encoding: gzip,deflate
10:17:36.485 [Forwarding findElement on session c2c9e5df695e5c1a4290eacba5ee9727 to remote] DEBUG org.apache.http.wire - http-outgoing-2 >> "POST /session/c2c9e5df695e5c1a4290eacba5ee9727/element HTTP/1.1[\r][\n]"
10:17:36.485 [Forwarding findElement on session c2c9e5df695e5c1a4290eacba5ee9727 to remote] DEBUG org.apache.http.wire - http-outgoing-2 >> "Content-Type: application/json; charset=utf-8[\r][\n]"
10:17:36.485 [Forwarding findElement on session c2c9e5df695e5c1a4290eacba5ee9727 to remote] DEBUG org.apache.http.wire - http-outgoing-2 >> "Content-Length: 80[\r][\n]"
10:17:36.485 [Forwarding findElement on session c2c9e5df695e5c1a4290eacba5ee9727 to remote] DEBUG org.apache.http.wire - http-outgoing-2 >> "Host: localhost:36428[\r][\n]"
10:17:36.485 [Forwarding findElement on session c2c9e5df695e5c1a4290eacba5ee9727 to remote] DEBUG org.apache.http.wire - http-outgoing-2 >> "Connection: Keep-Alive[\r][\n]"
10:17:36.485 [Forwarding findElement on session c2c9e5df695e5c1a4290eacba5ee9727 to remote] DEBUG org.apache.http.wire - http-outgoing-2 >> "User-Agent: Apache-HttpClient/4.5.2 (Java/1.8.0_162)[\r][\n]"
10:17:36.485 [Forwarding findElement on session c2c9e5df695e5c1a4290eacba5ee9727 to remote] DEBUG org.apache.http.wire - http-outgoing-2 >> "Accept-Encoding: gzip,deflate[\r][\n]"
10:17:36.485 [Forwarding findElement on session c2c9e5df695e5c1a4290eacba5ee9727 to remote] DEBUG org.apache.http.wire - http-outgoing-2 >> "[\r][\n]"
10:17:36.485 [Forwarding findElement on session c2c9e5df695e5c1a4290eacba5ee9727 to remote] DEBUG org.apache.http.wire - http-outgoing-2 >> "{"using":"xpath","value":"//label[text()=\"[0xe5][0x90][0x88][0xe5][0x90][0x8c][0xe7][0xbc][0x96][0xe5][0x8f][0xb7][0xef][0xbc][0x9a]\"]/parent::div//div"}"
10:17:36.494 [Forwarding findElement on session c2c9e5df695e5c1a4290eacba5ee9727 to remote] DEBUG org.apache.http.wire - http-outgoing-2 << "HTTP/1.1 200 OK[\r][\n]"
10:17:36.494 [Forwarding findElement on session c2c9e5df695e5c1a4290eacba5ee9727 to remote] DEBUG org.apache.http.wire - http-outgoing-2 << "Content-Length:102[\r][\n]"
10:17:36.494 [Forwarding findElement on session c2c9e5df695e5c1a4290eacba5ee9727 to remote] DEBUG org.apache.http.wire - http-outgoing-2 << "Content-Type:application/json; charset=utf-8[\r][\n]"
10:17:36.494 [Forwarding findElement on session c2c9e5df695e5c1a4290eacba5ee9727 to remote] DEBUG org.apache.http.wire - http-outgoing-2 << "[\r][\n]"
10:17:36.494 [Forwarding findElement on session c2c9e5df695e5c1a4290eacba5ee9727 to remote] DEBUG org.apache.http.wire - http-outgoing-2 << "{"sessionId":"c2c9e5df695e5c1a4290eacba5ee9727","status":0,"value":{"ELEMENT":"0.5604591143034019-1"}}"
10:17:36.495 [Forwarding findElement on session c2c9e5df695e5c1a4290eacba5ee9727 to remote] DEBUG org.apache.http.headers - http-outgoing-2 << HTTP/1.1 200 OK
10:17:36.495 [Forwarding findElement on session c2c9e5df695e5c1a4290eacba5ee9727 to remote] DEBUG org.apache.http.headers - http-outgoing-2 << Content-Length:102
10:17:36.495 [Forwarding findElement on session c2c9e5df695e5c1a4290eacba5ee9727 to remote] DEBUG org.apache.http.headers - http-outgoing-2 << Content-Type:application/json; charset=utf-8
10:17:36.495 [Forwarding findElement on session c2c9e5df695e5c1a4290eacba5ee9727 to remote] DEBUG org.apache.http.impl.execchain.MainClientExec - Connection can be kept alive indefinitely
10:17:36.495 [Forwarding findElement on session c2c9e5df695e5c1a4290eacba5ee9727 to remote] DEBUG org.apache.http.impl.conn.PoolingHttpClientConnectionManager - Connection [id: 2][route: {}->http://localhost:36428] can be kept alive indefinitely
10:17:36.495 [Forwarding findElement on session c2c9e5df695e5c1a4290eacba5ee9727 to remote] DEBUG org.apache.http.impl.conn.PoolingHttpClientConnectionManager - Connection released: [id: 2][route: {}->http://localhost:36428][total kept alive: 1; route allocated: 1 of 2000; total allocated: 1 of 2000]
10:17:36.495 [Forwarding getElementText on session c2c9e5df695e5c1a4290eacba5ee9727 to remote] DEBUG org.apache.http.client.protocol.RequestAddCookies - CookieSpec selected: default
10:17:36.495 [Forwarding getElementText on session c2c9e5df695e5c1a4290eacba5ee9727 to remote] DEBUG org.apache.http.client.protocol.RequestAuthCache - Auth cache not set in the context
10:17:36.495 [Forwarding getElementText on session c2c9e5df695e5c1a4290eacba5ee9727 to remote] DEBUG org.apache.http.impl.conn.PoolingHttpClientConnectionManager - Connection request: [route: {}->http://localhost:36428][total kept alive: 1; route allocated: 1 of 2000; total allocated: 1 of 2000]
10:17:36.495 [Forwarding getElementText on session c2c9e5df695e5c1a4290eacba5ee9727 to remote] DEBUG org.apache.http.impl.conn.PoolingHttpClientConnectionManager - Connection leased: [id: 2][route: {}->http://localhost:36428][total kept alive: 0; route allocated: 1 of 2000; total allocated: 1 of 2000]
10:17:36.495 [Forwarding getElementText on session c2c9e5df695e5c1a4290eacba5ee9727 to remote] DEBUG org.apache.http.impl.execchain.MainClientExec - Stale connection check
10:17:36.500 [Forwarding getElementText on session c2c9e5df695e5c1a4290eacba5ee9727 to remote] DEBUG org.apache.http.wire - http-outgoing-2 << "[read] I/O error: Read timed out"
10:17:36.500 [Forwarding getElementText on session c2c9e5df695e5c1a4290eacba5ee9727 to remote] DEBUG org.apache.http.impl.conn.DefaultManagedHttpClientConnection - http-outgoing-2: set socket timeout to 10800000
10:17:36.500 [Forwarding getElementText on session c2c9e5df695e5c1a4290eacba5ee9727 to remote] DEBUG org.apache.http.impl.execchain.MainClientExec - Executing request GET /session/c2c9e5df695e5c1a4290eacba5ee9727/element/0.5604591143034019-1/text HTTP/1.1
10:17:36.500 [Forwarding getElementText on session c2c9e5df695e5c1a4290eacba5ee9727 to remote] DEBUG org.apache.http.impl.execchain.MainClientExec - Target auth state: UNCHALLENGED
10:17:36.500 [Forwarding getElementText on session c2c9e5df695e5c1a4290eacba5ee9727 to remote] DEBUG org.apache.http.impl.execchain.MainClientExec - Proxy auth state: UNCHALLENGED
10:17:36.500 [Forwarding getElementText on session c2c9e5df695e5c1a4290eacba5ee9727 to remote] DEBUG org.apache.http.headers - http-outgoing-2 >> GET /session/c2c9e5df695e5c1a4290eacba5ee9727/element/0.5604591143034019-1/text HTTP/1.1
10:17:36.500 [Forwarding getElementText on session c2c9e5df695e5c1a4290eacba5ee9727 to remote] DEBUG org.apache.http.headers - http-outgoing-2 >> Cache-Control: no-cache
10:17:36.500 [Forwarding getElementText on session c2c9e5df695e5c1a4290eacba5ee9727 to remote] DEBUG org.apache.http.headers - http-outgoing-2 >> Host: localhost:36428
10:17:36.500 [Forwarding getElementText on session c2c9e5df695e5c1a4290eacba5ee9727 to remote] DEBUG org.apache.http.headers - http-outgoing-2 >> Connection: Keep-Alive
10:17:36.500 [Forwarding getElementText on session c2c9e5df695e5c1a4290eacba5ee9727 to remote] DEBUG org.apache.http.headers - http-outgoing-2 >> User-Agent: Apache-HttpClient/4.5.2 (Java/1.8.0_162)
10:17:36.500 [Forwarding getElementText on session c2c9e5df695e5c1a4290eacba5ee9727 to remote] DEBUG org.apache.http.headers - http-outgoing-2 >> Accept-Encoding: gzip,deflate
10:17:36.500 [Forwarding getElementText on session c2c9e5df695e5c1a4290eacba5ee9727 to remote] DEBUG org.apache.http.wire - http-outgoing-2 >> "GET /session/c2c9e5df695e5c1a4290eacba5ee9727/element/0.5604591143034019-1/text HTTP/1.1[\r][\n]"
10:17:36.500 [Forwarding getElementText on session c2c9e5df695e5c1a4290eacba5ee9727 to remote] DEBUG org.apache.http.wire - http-outgoing-2 >> "Cache-Control: no-cache[\r][\n]"
10:17:36.500 [Forwarding getElementText on session c2c9e5df695e5c1a4290eacba5ee9727 to remote] DEBUG org.apache.http.wire - http-outgoing-2 >> "Host: localhost:36428[\r][\n]"
10:17:36.500 [Forwarding getElementText on session c2c9e5df695e5c1a4290eacba5ee9727 to remote] DEBUG org.apache.http.wire - http-outgoing-2 >> "Connection: Keep-Alive[\r][\n]"
10:17:36.500 [Forwarding getElementText on session c2c9e5df695e5c1a4290eacba5ee9727 to remote] DEBUG org.apache.http.wire - http-outgoing-2 >> "User-Agent: Apache-HttpClient/4.5.2 (Java/1.8.0_162)[\r][\n]"
10:17:36.500 [Forwarding getElementText on session c2c9e5df695e5c1a4290eacba5ee9727 to remote] DEBUG org.apache.http.wire - http-outgoing-2 >> "Accept-Encoding: gzip,deflate[\r][\n]"
10:17:36.500 [Forwarding getElementText on session c2c9e5df695e5c1a4290eacba5ee9727 to remote] DEBUG org.apache.http.wire - http-outgoing-2 >> "[\r][\n]"
10:17:36.509 [Forwarding getElementText on session c2c9e5df695e5c1a4290eacba5ee9727 to remote] DEBUG org.apache.http.wire - http-outgoing-2 << "HTTP/1.1 200 OK[\r][\n]"
10:17:36.509 [Forwarding getElementText on session c2c9e5df695e5c1a4290eacba5ee9727 to remote] DEBUG org.apache.http.wire - http-outgoing-2 << "Content-Length:89[\r][\n]"
10:17:36.509 [Forwarding getElementText on session c2c9e5df695e5c1a4290eacba5ee9727 to remote] DEBUG org.apache.http.wire - http-outgoing-2 << "Content-Type:application/json; charset=utf-8[\r][\n]"
10:17:36.509 [Forwarding getElementText on session c2c9e5df695e5c1a4290eacba5ee9727 to remote] DEBUG org.apache.http.wire - http-outgoing-2 << "[\r][\n]"
10:17:36.509 [Forwarding getElementText on session c2c9e5df695e5c1a4290eacba5ee9727 to remote] DEBUG org.apache.http.wire - http-outgoing-2 << "{"sessionId":"c2c9e5df695e5c1a4290eacba5ee9727","status":0,"value":"1019914789096263680"}"
10:17:36.509 [Forwarding getElementText on session c2c9e5df695e5c1a4290eacba5ee9727 to remote] DEBUG org.apache.http.headers - http-outgoing-2 << HTTP/1.1 200 OK
10:17:36.509 [Forwarding getElementText on session c2c9e5df695e5c1a4290eacba5ee9727 to remote] DEBUG org.apache.http.headers - http-outgoing-2 << Content-Length:89
10:17:36.509 [Forwarding getElementText on session c2c9e5df695e5c1a4290eacba5ee9727 to remote] DEBUG org.apache.http.headers - http-outgoing-2 << Content-Type:application/json; charset=utf-8
10:17:36.509 [Forwarding getElementText on session c2c9e5df695e5c1a4290eacba5ee9727 to remote] DEBUG org.apache.http.impl.execchain.MainClientExec - Connection can be kept alive indefinitely
10:17:36.509 [Forwarding getElementText on session c2c9e5df695e5c1a4290eacba5ee9727 to remote] DEBUG org.apache.http.impl.conn.PoolingHttpClientConnectionManager - Connection [id: 2][route: {}->http://localhost:36428] can be kept alive indefinitely
10:17:36.509 [Forwarding getElementText on session c2c9e5df695e5c1a4290eacba5ee9727 to remote] DEBUG org.apache.http.impl.conn.PoolingHttpClientConnectionManager - Connection released: [id: 2][route: {}->http://localhost:36428][total kept alive: 1; route allocated: 1 of 2000; total allocated: 1 of 2000]
10:17:36.510 [Forwarding findElement on session c2c9e5df695e5c1a4290eacba5ee9727 to remote] DEBUG org.apache.http.client.protocol.RequestAddCookies - CookieSpec selected: default
10:17:36.510 [Forwarding findElement on session c2c9e5df695e5c1a4290eacba5ee9727 to remote] DEBUG org.apache.http.client.protocol.RequestAuthCache - Auth cache not set in the context
10:17:36.510 [Forwarding findElement on session c2c9e5df695e5c1a4290eacba5ee9727 to remote] DEBUG org.apache.http.impl.conn.PoolingHttpClientConnectionManager - Connection request: [route: {}->http://localhost:36428][total kept alive: 1; route allocated: 1 of 2000; total allocated: 1 of 2000]
10:17:36.510 [Forwarding findElement on session c2c9e5df695e5c1a4290eacba5ee9727 to remote] DEBUG org.apache.http.impl.conn.PoolingHttpClientConnectionManager - Connection leased: [id: 2][route: {}->http://localhost:36428][total kept alive: 0; route allocated: 1 of 2000; total allocated: 1 of 2000]
10:17:36.510 [Forwarding findElement on session c2c9e5df695e5c1a4290eacba5ee9727 to remote] DEBUG org.apache.http.impl.execchain.MainClientExec - Stale connection check
10:17:36.515 [Forwarding findElement on session c2c9e5df695e5c1a4290eacba5ee9727 to remote] DEBUG org.apache.http.wire - http-outgoing-2 << "[read] I/O error: Read timed out"
10:17:36.515 [Forwarding findElement on session c2c9e5df695e5c1a4290eacba5ee9727 to remote] DEBUG org.apache.http.impl.conn.DefaultManagedHttpClientConnection - http-outgoing-2: set socket timeout to 10800000
10:17:36.515 [Forwarding findElement on session c2c9e5df695e5c1a4290eacba5ee9727 to remote] DEBUG org.apache.http.impl.execchain.MainClientExec - Executing request POST /session/c2c9e5df695e5c1a4290eacba5ee9727/element HTTP/1.1
10:17:36.515 [Forwarding findElement on session c2c9e5df695e5c1a4290eacba5ee9727 to remote] DEBUG org.apache.http.impl.execchain.MainClientExec - Target auth state: UNCHALLENGED
10:17:36.515 [Forwarding findElement on session c2c9e5df695e5c1a4290eacba5ee9727 to remote] DEBUG org.apache.http.impl.execchain.MainClientExec - Proxy auth state: UNCHALLENGED
10:17:36.515 [Forwarding findElement on session c2c9e5df695e5c1a4290eacba5ee9727 to remote] DEBUG org.apache.http.headers - http-outgoing-2 >> POST /session/c2c9e5df695e5c1a4290eacba5ee9727/element HTTP/1.1
10:17:36.515 [Forwarding findElement on session c2c9e5df695e5c1a4290eacba5ee9727 to remote] DEBUG org.apache.http.headers - http-outgoing-2 >> Content-Type: application/json; charset=utf-8
10:17:36.515 [Forwarding findElement on session c2c9e5df695e5c1a4290eacba5ee9727 to remote] DEBUG org.apache.http.headers - http-outgoing-2 >> Content-Length: 80
10:17:36.515 [Forwarding findElement on session c2c9e5df695e5c1a4290eacba5ee9727 to remote] DEBUG org.apache.http.headers - http-outgoing-2 >> Host: localhost:36428
10:17:36.515 [Forwarding findElement on session c2c9e5df695e5c1a4290eacba5ee9727 to remote] DEBUG org.apache.http.headers - http-outgoing-2 >> Connection: Keep-Alive
10:17:36.515 [Forwarding findElement on session c2c9e5df695e5c1a4290eacba5ee9727 to remote] DEBUG org.apache.http.headers - http-outgoing-2 >> User-Agent: Apache-HttpClient/4.5.2 (Java/1.8.0_162)
10:17:36.515 [Forwarding findElement on session c2c9e5df695e5c1a4290eacba5ee9727 to remote] DEBUG org.apache.http.headers - http-outgoing-2 >> Accept-Encoding: gzip,deflate
10:17:36.515 [Forwarding findElement on session c2c9e5df695e5c1a4290eacba5ee9727 to remote] DEBUG org.apache.http.wire - http-outgoing-2 >> "POST /session/c2c9e5df695e5c1a4290eacba5ee9727/element HTTP/1.1[\r][\n]"
10:17:36.515 [Forwarding findElement on session c2c9e5df695e5c1a4290eacba5ee9727 to remote] DEBUG org.apache.http.wire - http-outgoing-2 >> "Content-Type: application/json; charset=utf-8[\r][\n]"
10:17:36.515 [Forwarding findElement on session c2c9e5df695e5c1a4290eacba5ee9727 to remote] DEBUG org.apache.http.wire - http-outgoing-2 >> "Content-Length: 80[\r][\n]"
10:17:36.515 [Forwarding findElement on session c2c9e5df695e5c1a4290eacba5ee9727 to remote] DEBUG org.apache.http.wire - http-outgoing-2 >> "Host: localhost:36428[\r][\n]"
10:17:36.515 [Forwarding findElement on session c2c9e5df695e5c1a4290eacba5ee9727 to remote] DEBUG org.apache.http.wire - http-outgoing-2 >> "Connection: Keep-Alive[\r][\n]"
10:17:36.515 [Forwarding findElement on session c2c9e5df695e5c1a4290eacba5ee9727 to remote] DEBUG org.apache.http.wire - http-outgoing-2 >> "User-Agent: Apache-HttpClient/4.5.2 (Java/1.8.0_162)[\r][\n]"
10:17:36.515 [Forwarding findElement on session c2c9e5df695e5c1a4290eacba5ee9727 to remote] DEBUG org.apache.http.wire - http-outgoing-2 >> "Accept-Encoding: gzip,deflate[\r][\n]"
10:17:36.515 [Forwarding findElement on session c2c9e5df695e5c1a4290eacba5ee9727 to remote] DEBUG org.apache.http.wire - http-outgoing-2 >> "[\r][\n]"
10:17:36.515 [Forwarding findElement on session c2c9e5df695e5c1a4290eacba5ee9727 to remote] DEBUG org.apache.http.wire - http-outgoing-2 >> "{"using":"xpath","value":"//label[text()=\"[0xe5][0xae][0xa2][0xe6][0x88][0xb7][0xe5][0x90][0x8d][0xe7][0xa7][0xb0][0xef][0xbc][0x9a]\"]/parent::div//div"}"
10:17:36.524 [Forwarding findElement on session c2c9e5df695e5c1a4290eacba5ee9727 to remote] DEBUG org.apache.http.wire - http-outgoing-2 << "HTTP/1.1 200 OK[\r][\n]"
10:17:36.524 [Forwarding findElement on session c2c9e5df695e5c1a4290eacba5ee9727 to remote] DEBUG org.apache.http.wire - http-outgoing-2 << "Content-Length:102[\r][\n]"
10:17:36.524 [Forwarding findElement on session c2c9e5df695e5c1a4290eacba5ee9727 to remote] DEBUG org.apache.http.wire - http-outgoing-2 << "Content-Type:application/json; charset=utf-8[\r][\n]"
10:17:36.524 [Forwarding findElement on session c2c9e5df695e5c1a4290eacba5ee9727 to remote] DEBUG org.apache.http.wire - http-outgoing-2 << "[\r][\n]"
10:17:36.524 [Forwarding findElement on session c2c9e5df695e5c1a4290eacba5ee9727 to remote] DEBUG org.apache.http.wire - http-outgoing-2 << "{"sessionId":"c2c9e5df695e5c1a4290eacba5ee9727","status":0,"value":{"ELEMENT":"0.5604591143034019-2"}}"
10:17:36.524 [Forwarding findElement on session c2c9e5df695e5c1a4290eacba5ee9727 to remote] DEBUG org.apache.http.headers - http-outgoing-2 << HTTP/1.1 200 OK
10:17:36.524 [Forwarding findElement on session c2c9e5df695e5c1a4290eacba5ee9727 to remote] DEBUG org.apache.http.headers - http-outgoing-2 << Content-Length:102
10:17:36.524 [Forwarding findElement on session c2c9e5df695e5c1a4290eacba5ee9727 to remote] DEBUG org.apache.http.headers - http-outgoing-2 << Content-Type:application/json; charset=utf-8
10:17:36.524 [Forwarding findElement on session c2c9e5df695e5c1a4290eacba5ee9727 to remote] DEBUG org.apache.http.impl.execchain.MainClientExec - Connection can be kept alive indefinitely
10:17:36.524 [Forwarding findElement on session c2c9e5df695e5c1a4290eacba5ee9727 to remote] DEBUG org.apache.http.impl.conn.PoolingHttpClientConnectionManager - Connection [id: 2][route: {}->http://localhost:36428] can be kept alive indefinitely
10:17:36.524 [Forwarding findElement on session c2c9e5df695e5c1a4290eacba5ee9727 to remote] DEBUG org.apache.http.impl.conn.PoolingHttpClientConnectionManager - Connection released: [id: 2][route: {}->http://localhost:36428][total kept alive: 1; route allocated: 1 of 2000; total allocated: 1 of 2000]
10:17:36.524 [Forwarding getElementText on session c2c9e5df695e5c1a4290eacba5ee9727 to remote] DEBUG org.apache.http.client.protocol.RequestAddCookies - CookieSpec selected: default
10:17:36.524 [Forwarding getElementText on session c2c9e5df695e5c1a4290eacba5ee9727 to remote] DEBUG org.apache.http.client.protocol.RequestAuthCache - Auth cache not set in the context
10:17:36.524 [Forwarding getElementText on session c2c9e5df695e5c1a4290eacba5ee9727 to remote] DEBUG org.apache.http.impl.conn.PoolingHttpClientConnectionManager - Connection request: [route: {}->http://localhost:36428][total kept alive: 1; route allocated: 1 of 2000; total allocated: 1 of 2000]
10:17:36.524 [Forwarding getElementText on session c2c9e5df695e5c1a4290eacba5ee9727 to remote] DEBUG org.apache.http.impl.conn.PoolingHttpClientConnectionManager - Connection leased: [id: 2][route: {}->http://localhost:36428][total kept alive: 0; route allocated: 1 of 2000; total allocated: 1 of 2000]
10:17:36.524 [Forwarding getElementText on session c2c9e5df695e5c1a4290eacba5ee9727 to remote] DEBUG org.apache.http.impl.execchain.MainClientExec - Stale connection check
10:17:36.531 [Forwarding getElementText on session c2c9e5df695e5c1a4290eacba5ee9727 to remote] DEBUG org.apache.http.wire - http-outgoing-2 << "[read] I/O error: Read timed out"
10:17:36.531 [Forwarding getElementText on session c2c9e5df695e5c1a4290eacba5ee9727 to remote] DEBUG org.apache.http.impl.conn.DefaultManagedHttpClientConnection - http-outgoing-2: set socket timeout to 10800000
10:17:36.531 [Forwarding getElementText on session c2c9e5df695e5c1a4290eacba5ee9727 to remote] DEBUG org.apache.http.impl.execchain.MainClientExec - Executing request GET /session/c2c9e5df695e5c1a4290eacba5ee9727/element/0.5604591143034019-2/text HTTP/1.1
10:17:36.531 [Forwarding getElementText on session c2c9e5df695e5c1a4290eacba5ee9727 to remote] DEBUG org.apache.http.impl.execchain.MainClientExec - Target auth state: UNCHALLENGED
10:17:36.531 [Forwarding getElementText on session c2c9e5df695e5c1a4290eacba5ee9727 to remote] DEBUG org.apache.http.impl.execchain.MainClientExec - Proxy auth state: UNCHALLENGED
10:17:36.531 [Forwarding getElementText on session c2c9e5df695e5c1a4290eacba5ee9727 to remote] DEBUG org.apache.http.headers - http-outgoing-2 >> GET /session/c2c9e5df695e5c1a4290eacba5ee9727/element/0.5604591143034019-2/text HTTP/1.1
10:17:36.531 [Forwarding getElementText on session c2c9e5df695e5c1a4290eacba5ee9727 to remote] DEBUG org.apache.http.headers - http-outgoing-2 >> Cache-Control: no-cache
10:17:36.531 [Forwarding getElementText on session c2c9e5df695e5c1a4290eacba5ee9727 to remote] DEBUG org.apache.http.headers - http-outgoing-2 >> Host: localhost:36428
10:17:36.531 [Forwarding getElementText on session c2c9e5df695e5c1a4290eacba5ee9727 to remote] DEBUG org.apache.http.headers - http-outgoing-2 >> Connection: Keep-Alive
10:17:36.531 [Forwarding getElementText on session c2c9e5df695e5c1a4290eacba5ee9727 to remote] DEBUG org.apache.http.headers - http-outgoing-2 >> User-Agent: Apache-HttpClient/4.5.2 (Java/1.8.0_162)
10:17:36.531 [Forwarding getElementText on session c2c9e5df695e5c1a4290eacba5ee9727 to remote] DEBUG org.apache.http.headers - http-outgoing-2 >> Accept-Encoding: gzip,deflate
10:17:36.531 [Forwarding getElementText on session c2c9e5df695e5c1a4290eacba5ee9727 to remote] DEBUG org.apache.http.wire - http-outgoing-2 >> "GET /session/c2c9e5df695e5c1a4290eacba5ee9727/element/0.5604591143034019-2/text HTTP/1.1[\r][\n]"
10:17:36.531 [Forwarding getElementText on session c2c9e5df695e5c1a4290eacba5ee9727 to remote] DEBUG org.apache.http.wire - http-outgoing-2 >> "Cache-Control: no-cache[\r][\n]"
10:17:36.531 [Forwarding getElementText on session c2c9e5df695e5c1a4290eacba5ee9727 to remote] DEBUG org.apache.http.wire - http-outgoing-2 >> "Host: localhost:36428[\r][\n]"
10:17:36.531 [Forwarding getElementText on session c2c9e5df695e5c1a4290eacba5ee9727 to remote] DEBUG org.apache.http.wire - http-outgoing-2 >> "Connection: Keep-Alive[\r][\n]"
10:17:36.531 [Forwarding getElementText on session c2c9e5df695e5c1a4290eacba5ee9727 to remote] DEBUG org.apache.http.wire - http-outgoing-2 >> "User-Agent: Apache-HttpClient/4.5.2 (Java/1.8.0_162)[\r][\n]"
10:17:36.531 [Forwarding getElementText on session c2c9e5df695e5c1a4290eacba5ee9727 to remote] DEBUG org.apache.http.wire - http-outgoing-2 >> "Accept-Encoding: gzip,deflate[\r][\n]"
10:17:36.531 [Forwarding getElementText on session c2c9e5df695e5c1a4290eacba5ee9727 to remote] DEBUG org.apache.http.wire - http-outgoing-2 >> "[\r][\n]"
10:17:36.540 [Forwarding getElementText on session c2c9e5df695e5c1a4290eacba5ee9727 to remote] DEBUG org.apache.http.wire - http-outgoing-2 << "HTTP/1.1 200 OK[\r][\n]"
10:17:36.540 [Forwarding getElementText on session c2c9e5df695e5c1a4290eacba5ee9727 to remote] DEBUG org.apache.http.wire - http-outgoing-2 << "Content-Length:112[\r][\n]"
10:17:36.540 [Forwarding getElementText on session c2c9e5df695e5c1a4290eacba5ee9727 to remote] DEBUG org.apache.http.wire - http-outgoing-2 << "Content-Type:application/json; charset=utf-8[\r][\n]"
10:17:36.540 [Forwarding getElementText on session c2c9e5df695e5c1a4290eacba5ee9727 to remote] DEBUG org.apache.http.wire - http-outgoing-2 << "[\r][\n]"
10:17:36.540 [Forwarding getElementText on session c2c9e5df695e5c1a4290eacba5ee9727 to remote] DEBUG org.apache.http.wire - http-outgoing-2 << "{"sessionId":"c2c9e5df695e5c1a4290eacba5ee9727","status":0,"value":"[0xe4][0xb8][0x8a][0xe6][0xb5][0xb7][0xe5][0x8f][0x8b][0xe5][0x96][0x84][0xe5][0x85][0xac][0xe5][0x8f][0xb8][0xef][0xbd][0x8a][0xef][0xbd][0x86][0xef][0xbc][0xa6][0xef][0xbc][0xa9][0xef][0xbd][0x82][0xef][0xbc][0xa1][0xef][0xbd][0x8e][0xef][0xbc][0x92]"}"
10:17:36.540 [Forwarding getElementText on session c2c9e5df695e5c1a4290eacba5ee9727 to remote] DEBUG org.apache.http.headers - http-outgoing-2 << HTTP/1.1 200 OK
10:17:36.540 [Forwarding getElementText on session c2c9e5df695e5c1a4290eacba5ee9727 to remote] DEBUG org.apache.http.headers - http-outgoing-2 << Content-Length:112
10:17:36.540 [Forwarding getElementText on session c2c9e5df695e5c1a4290eacba5ee9727 to remote] DEBUG org.apache.http.headers - http-outgoing-2 << Content-Type:application/json; charset=utf-8
10:17:36.540 [Forwarding getElementText on session c2c9e5df695e5c1a4290eacba5ee9727 to remote] DEBUG org.apache.http.impl.execchain.MainClientExec - Connection can be kept alive indefinitely
10:17:36.540 [Forwarding getElementText on session c2c9e5df695e5c1a4290eacba5ee9727 to remote] DEBUG org.apache.http.impl.conn.PoolingHttpClientConnectionManager - Connection [id: 2][route: {}->http://localhost:36428] can be kept alive indefinitely
10:17:36.540 [Forwarding getElementText on session c2c9e5df695e5c1a4290eacba5ee9727 to remote] DEBUG org.apache.http.impl.conn.PoolingHttpClientConnectionManager - Connection released: [id: 2][route: {}->http://localhost:36428][total kept alive: 1; route allocated: 1 of 2000; total allocated: 1 of 2000]
10:17:36.541 [Forwarding findElement on session c2c9e5df695e5c1a4290eacba5ee9727 to remote] DEBUG org.apache.http.client.protocol.RequestAddCookies - CookieSpec selected: default
10:17:36.541 [Forwarding findElement on session c2c9e5df695e5c1a4290eacba5ee9727 to remote] DEBUG org.apache.http.client.protocol.RequestAuthCache - Auth cache not set in the context
10:17:36.541 [Forwarding findElement on session c2c9e5df695e5c1a4290eacba5ee9727 to remote] DEBUG org.apache.http.impl.conn.PoolingHttpClientConnectionManager - Connection request: [route: {}->http://localhost:36428][total kept alive: 1; route allocated: 1 of 2000; total allocated: 1 of 2000]
10:17:36.541 [Forwarding findElement on session c2c9e5df695e5c1a4290eacba5ee9727 to remote] DEBUG org.apache.http.impl.conn.PoolingHttpClientConnectionManager - Connection leased: [id: 2][route: {}->http://localhost:36428][total kept alive: 0; route allocated: 1 of 2000; total allocated: 1 of 2000]
10:17:36.541 [Forwarding findElement on session c2c9e5df695e5c1a4290eacba5ee9727 to remote] DEBUG org.apache.http.impl.execchain.MainClientExec - Stale connection check
10:17:36.547 [Forwarding findElement on session c2c9e5df695e5c1a4290eacba5ee9727 to remote] DEBUG org.apache.http.wire - http-outgoing-2 << "[read] I/O error: Read timed out"
10:17:36.547 [Forwarding findElement on session c2c9e5df695e5c1a4290eacba5ee9727 to remote] DEBUG org.apache.http.impl.conn.DefaultManagedHttpClientConnection - http-outgoing-2: set socket timeout to 10800000
10:17:36.547 [Forwarding findElement on session c2c9e5df695e5c1a4290eacba5ee9727 to remote] DEBUG org.apache.http.impl.execchain.MainClientExec - Executing request POST /session/c2c9e5df695e5c1a4290eacba5ee9727/element HTTP/1.1
10:17:36.547 [Forwarding findElement on session c2c9e5df695e5c1a4290eacba5ee9727 to remote] DEBUG org.apache.http.impl.execchain.MainClientExec - Target auth state: UNCHALLENGED
10:17:36.547 [Forwarding findElement on session c2c9e5df695e5c1a4290eacba5ee9727 to remote] DEBUG org.apache.http.impl.execchain.MainClientExec - Proxy auth state: UNCHALLENGED
10:17:36.547 [Forwarding findElement on session c2c9e5df695e5c1a4290eacba5ee9727 to remote] DEBUG org.apache.http.headers - http-outgoing-2 >> POST /session/c2c9e5df695e5c1a4290eacba5ee9727/element HTTP/1.1
10:17:36.547 [Forwarding findElement on session c2c9e5df695e5c1a4290eacba5ee9727 to remote] DEBUG org.apache.http.headers - http-outgoing-2 >> Content-Type: application/json; charset=utf-8
10:17:36.547 [Forwarding findElement on session c2c9e5df695e5c1a4290eacba5ee9727 to remote] DEBUG org.apache.http.headers - http-outgoing-2 >> Content-Length: 81
10:17:36.547 [Forwarding findElement on session c2c9e5df695e5c1a4290eacba5ee9727 to remote] DEBUG org.apache.http.headers - http-outgoing-2 >> Host: localhost:36428
10:17:36.547 [Forwarding findElement on session c2c9e5df695e5c1a4290eacba5ee9727 to remote] DEBUG org.apache.http.headers - http-outgoing-2 >> Connection: Keep-Alive
10:17:36.547 [Forwarding findElement on session c2c9e5df695e5c1a4290eacba5ee9727 to remote] DEBUG org.apache.http.headers - http-outgoing-2 >> User-Agent: Apache-HttpClient/4.5.2 (Java/1.8.0_162)
10:17:36.547 [Forwarding findElement on session c2c9e5df695e5c1a4290eacba5ee9727 to remote] DEBUG org.apache.http.headers - http-outgoing-2 >> Accept-Encoding: gzip,deflate
10:17:36.547 [Forwarding findElement on session c2c9e5df695e5c1a4290eacba5ee9727 to remote] DEBUG org.apache.http.wire - http-outgoing-2 >> "POST /session/c2c9e5df695e5c1a4290eacba5ee9727/element HTTP/1.1[\r][\n]"
10:17:36.547 [Forwarding findElement on session c2c9e5df695e5c1a4290eacba5ee9727 to remote] DEBUG org.apache.http.wire - http-outgoing-2 >> "Content-Type: application/json; charset=utf-8[\r][\n]"
10:17:36.547 [Forwarding findElement on session c2c9e5df695e5c1a4290eacba5ee9727 to remote] DEBUG org.apache.http.wire - http-outgoing-2 >> "Content-Length: 81[\r][\n]"
10:17:36.547 [Forwarding findElement on session c2c9e5df695e5c1a4290eacba5ee9727 to remote] DEBUG org.apache.http.wire - http-outgoing-2 >> "Host: localhost:36428[\r][\n]"
10:17:36.547 [Forwarding findElement on session c2c9e5df695e5c1a4290eacba5ee9727 to remote] DEBUG org.apache.http.wire - http-outgoing-2 >> "Connection: Keep-Alive[\r][\n]"
10:17:36.547 [Forwarding findElement on session c2c9e5df695e5c1a4290eacba5ee9727 to remote] DEBUG org.apache.http.wire - http-outgoing-2 >> "User-Agent: Apache-HttpClient/4.5.2 (Java/1.8.0_162)[\r][\n]"
10:17:36.547 [Forwarding findElement on session c2c9e5df695e5c1a4290eacba5ee9727 to remote] DEBUG org.apache.http.wire - http-outgoing-2 >> "Accept-Encoding: gzip,deflate[\r][\n]"
10:17:36.547 [Forwarding findElement on session c2c9e5df695e5c1a4290eacba5ee9727 to remote] DEBUG org.apache.http.wire - http-outgoing-2 >> "[\r][\n]"
10:17:36.547 [Forwarding findElement on session c2c9e5df695e5c1a4290eacba5ee9727 to remote] DEBUG org.apache.http.wire - http-outgoing-2 >> "{"using":"xpath","value":"//input[@placeholder=\"[0xe8][0xaf][0xb7][0xe8][0xbe][0x93][0xe5][0x85][0xa5][0xe7][0x94][0xb2][0xe6][0x96][0xb9][0xe5][0x85][0xac][0xe5][0x8f][0xb8][0xe5][0x90][0x8d][0xe7][0xa7][0xb0]\"]"}"
10:17:36.555 [Forwarding findElement on session c2c9e5df695e5c1a4290eacba5ee9727 to remote] DEBUG org.apache.http.wire - http-outgoing-2 << "HTTP/1.1 200 OK[\r][\n]"
10:17:36.555 [Forwarding findElement on session c2c9e5df695e5c1a4290eacba5ee9727 to remote] DEBUG org.apache.http.wire - http-outgoing-2 << "Content-Length:102[\r][\n]"
10:17:36.555 [Forwarding findElement on session c2c9e5df695e5c1a4290eacba5ee9727 to remote] DEBUG org.apache.http.wire - http-outgoing-2 << "Content-Type:application/json; charset=utf-8[\r][\n]"
10:17:36.555 [Forwarding findElement on session c2c9e5df695e5c1a4290eacba5ee9727 to remote] DEBUG org.apache.http.wire - http-outgoing-2 << "[\r][\n]"
10:17:36.555 [Forwarding findElement on session c2c9e5df695e5c1a4290eacba5ee9727 to remote] DEBUG org.apache.http.wire - http-outgoing-2 << "{"sessionId":"c2c9e5df695e5c1a4290eacba5ee9727","status":0,"value":{"ELEMENT":"0.5604591143034019-3"}}"
10:17:36.555 [Forwarding findElement on session c2c9e5df695e5c1a4290eacba5ee9727 to remote] DEBUG org.apache.http.headers - http-outgoing-2 << HTTP/1.1 200 OK
10:17:36.555 [Forwarding findElement on session c2c9e5df695e5c1a4290eacba5ee9727 to remote] DEBUG org.apache.http.headers - http-outgoing-2 << Content-Length:102
10:17:36.555 [Forwarding findElement on session c2c9e5df695e5c1a4290eacba5ee9727 to remote] DEBUG org.apache.http.headers - http-outgoing-2 << Content-Type:application/json; charset=utf-8
10:17:36.555 [Forwarding findElement on session c2c9e5df695e5c1a4290eacba5ee9727 to remote] DEBUG org.apache.http.impl.execchain.MainClientExec - Connection can be kept alive indefinitely
10:17:36.555 [Forwarding findElement on session c2c9e5df695e5c1a4290eacba5ee9727 to remote] DEBUG org.apache.http.impl.conn.PoolingHttpClientConnectionManager - Connection [id: 2][route: {}->http://localhost:36428] can be kept alive indefinitely
10:17:36.556 [Forwarding findElement on session c2c9e5df695e5c1a4290eacba5ee9727 to remote] DEBUG org.apache.http.impl.conn.PoolingHttpClientConnectionManager - Connection released: [id: 2][route: {}->http://localhost:36428][total kept alive: 1; route allocated: 1 of 2000; total allocated: 1 of 2000]
10:17:36.556 [Forwarding sendKeysToElement on session c2c9e5df695e5c1a4290eacba5ee9727 to remote] DEBUG org.apache.http.client.protocol.RequestAddCookies - CookieSpec selected: default
10:17:36.556 [Forwarding sendKeysToElement on session c2c9e5df695e5c1a4290eacba5ee9727 to remote] DEBUG org.apache.http.client.protocol.RequestAuthCache - Auth cache not set in the context
10:17:36.556 [Forwarding sendKeysToElement on session c2c9e5df695e5c1a4290eacba5ee9727 to remote] DEBUG org.apache.http.impl.conn.PoolingHttpClientConnectionManager - Connection request: [route: {}->http://localhost:36428][total kept alive: 1; route allocated: 1 of 2000; total allocated: 1 of 2000]
10:17:36.556 [Forwarding sendKeysToElement on session c2c9e5df695e5c1a4290eacba5ee9727 to remote] DEBUG org.apache.http.impl.conn.PoolingHttpClientConnectionManager - Connection leased: [id: 2][route: {}->http://localhost:36428][total kept alive: 0; route allocated: 1 of 2000; total allocated: 1 of 2000]
10:17:36.556 [Forwarding sendKeysToElement on session c2c9e5df695e5c1a4290eacba5ee9727 to remote] DEBUG org.apache.http.impl.execchain.MainClientExec - Stale connection check
10:17:36.563 [Forwarding sendKeysToElement on session c2c9e5df695e5c1a4290eacba5ee9727 to remote] DEBUG org.apache.http.wire - http-outgoing-2 << "[read] I/O error: Read timed out"
10:17:36.563 [Forwarding sendKeysToElement on session c2c9e5df695e5c1a4290eacba5ee9727 to remote] DEBUG org.apache.http.impl.conn.DefaultManagedHttpClientConnection - http-outgoing-2: set socket timeout to 10800000
10:17:36.563 [Forwarding sendKeysToElement on session c2c9e5df695e5c1a4290eacba5ee9727 to remote] DEBUG org.apache.http.impl.execchain.MainClientExec - Executing request POST /session/c2c9e5df695e5c1a4290eacba5ee9727/element/0.5604591143034019-3/value HTTP/1.1
10:17:36.563 [Forwarding sendKeysToElement on session c2c9e5df695e5c1a4290eacba5ee9727 to remote] DEBUG org.apache.http.impl.execchain.MainClientExec - Target auth state: UNCHALLENGED
10:17:36.563 [Forwarding sendKeysToElement on session c2c9e5df695e5c1a4290eacba5ee9727 to remote] DEBUG org.apache.http.impl.execchain.MainClientExec - Proxy auth state: UNCHALLENGED
10:17:36.563 [Forwarding sendKeysToElement on session c2c9e5df695e5c1a4290eacba5ee9727 to remote] DEBUG org.apache.http.headers - http-outgoing-2 >> POST /session/c2c9e5df695e5c1a4290eacba5ee9727/element/0.5604591143034019-3/value HTTP/1.1
10:17:36.563 [Forwarding sendKeysToElement on session c2c9e5df695e5c1a4290eacba5ee9727 to remote] DEBUG org.apache.http.headers - http-outgoing-2 >> Content-Type: application/json; charset=utf-8
10:17:36.563 [Forwarding sendKeysToElement on session c2c9e5df695e5c1a4290eacba5ee9727 to remote] DEBUG org.apache.http.headers - http-outgoing-2 >> Content-Length: 60
10:17:36.563 [Forwarding sendKeysToElement on session c2c9e5df695e5c1a4290eacba5ee9727 to remote] DEBUG org.apache.http.headers - http-outgoing-2 >> Host: localhost:36428
10:17:36.563 [Forwarding sendKeysToElement on session c2c9e5df695e5c1a4290eacba5ee9727 to remote] DEBUG org.apache.http.headers - http-outgoing-2 >> Connection: Keep-Alive
10:17:36.563 [Forwarding sendKeysToElement on session c2c9e5df695e5c1a4290eacba5ee9727 to remote] DEBUG org.apache.http.headers - http-outgoing-2 >> User-Agent: Apache-HttpClient/4.5.2 (Java/1.8.0_162)
10:17:36.563 [Forwarding sendKeysToElement on session c2c9e5df695e5c1a4290eacba5ee9727 to remote] DEBUG org.apache.http.headers - http-outgoing-2 >> Accept-Encoding: gzip,deflate
10:17:36.563 [Forwarding sendKeysToElement on session c2c9e5df695e5c1a4290eacba5ee9727 to remote] DEBUG org.apache.http.wire - http-outgoing-2 >> "POST /session/c2c9e5df695e5c1a4290eacba5ee9727/element/0.5604591143034019-3/value HTTP/1.1[\r][\n]"
10:17:36.563 [Forwarding sendKeysToElement on session c2c9e5df695e5c1a4290eacba5ee9727 to remote] DEBUG org.apache.http.wire - http-outgoing-2 >> "Content-Type: application/json; charset=utf-8[\r][\n]"
10:17:36.563 [Forwarding sendKeysToElement on session c2c9e5df695e5c1a4290eacba5ee9727 to remote] DEBUG org.apache.http.wire - http-outgoing-2 >> "Content-Length: 60[\r][\n]"
10:17:36.563 [Forwarding sendKeysToElement on session c2c9e5df695e5c1a4290eacba5ee9727 to remote] DEBUG org.apache.http.wire - http-outgoing-2 >> "Host: localhost:36428[\r][\n]"
10:17:36.563 [Forwarding sendKeysToElement on session c2c9e5df695e5c1a4290eacba5ee9727 to remote] DEBUG org.apache.http.wire - http-outgoing-2 >> "Connection: Keep-Alive[\r][\n]"
10:17:36.563 [Forwarding sendKeysToElement on session c2c9e5df695e5c1a4290eacba5ee9727 to remote] DEBUG org.apache.http.wire - http-outgoing-2 >> "User-Agent: Apache-HttpClient/4.5.2 (Java/1.8.0_162)[\r][\n]"
10:17:36.563 [Forwarding sendKeysToElement on session c2c9e5df695e5c1a4290eacba5ee9727 to remote] DEBUG org.apache.http.wire - http-outgoing-2 >> "Accept-Encoding: gzip,deflate[\r][\n]"
10:17:36.563 [Forwarding sendKeysToElement on session c2c9e5df695e5c1a4290eacba5ee9727 to remote] DEBUG org.apache.http.wire - http-outgoing-2 >> "[\r][\n]"
10:17:36.563 [Forwarding sendKeysToElement on session c2c9e5df695e5c1a4290eacba5ee9727 to remote] DEBUG org.apache.http.wire - http-outgoing-2 >> "{"id":"0.5604591143034019-3","value":["[0xe4][0xb8][0x8a][0xe6][0xb5][0xb7][0xe7][0x94][0xb2][0xe6][0x96][0xb9][0xe5][0x85][0xac][0xe5][0x8f][0xb8]"]}"
10:17:36.615 [Forwarding sendKeysToElement on session c2c9e5df695e5c1a4290eacba5ee9727 to remote] DEBUG org.apache.http.wire - http-outgoing-2 << "HTTP/1.1 200 OK[\r][\n]"
10:17:36.615 [Forwarding sendKeysToElement on session c2c9e5df695e5c1a4290eacba5ee9727 to remote] DEBUG org.apache.http.wire - http-outgoing-2 << "Content-Length:72[\r][\n]"
10:17:36.615 [Forwarding sendKeysToElement on session c2c9e5df695e5c1a4290eacba5ee9727 to remote] DEBUG org.apache.http.wire - http-outgoing-2 << "Content-Type:application/json; charset=utf-8[\r][\n]"
10:17:36.615 [Forwarding sendKeysToElement on session c2c9e5df695e5c1a4290eacba5ee9727 to remote] DEBUG org.apache.http.wire - http-outgoing-2 << "[\r][\n]"
10:17:36.615 [Forwarding sendKeysToElement on session c2c9e5df695e5c1a4290eacba5ee9727 to remote] DEBUG org.apache.http.wire - http-outgoing-2 << "{"sessionId":"c2c9e5df695e5c1a4290eacba5ee9727","status":0,"value":null}"
10:17:36.615 [Forwarding sendKeysToElement on session c2c9e5df695e5c1a4290eacba5ee9727 to remote] DEBUG org.apache.http.headers - http-outgoing-2 << HTTP/1.1 200 OK
10:17:36.615 [Forwarding sendKeysToElement on session c2c9e5df695e5c1a4290eacba5ee9727 to remote] DEBUG org.apache.http.headers - http-outgoing-2 << Content-Length:72
10:17:36.615 [Forwarding sendKeysToElement on session c2c9e5df695e5c1a4290eacba5ee9727 to remote] DEBUG org.apache.http.headers - http-outgoing-2 << Content-Type:application/json; charset=utf-8
10:17:36.615 [Forwarding sendKeysToElement on session c2c9e5df695e5c1a4290eacba5ee9727 to remote] DEBUG org.apache.http.impl.execchain.MainClientExec - Connection can be kept alive indefinitely
10:17:36.615 [Forwarding sendKeysToElement on session c2c9e5df695e5c1a4290eacba5ee9727 to remote] DEBUG org.apache.http.impl.conn.PoolingHttpClientConnectionManager - Connection [id: 2][route: {}->http://localhost:36428] can be kept alive indefinitely
10:17:36.615 [Forwarding sendKeysToElement on session c2c9e5df695e5c1a4290eacba5ee9727 to remote] DEBUG org.apache.http.impl.conn.PoolingHttpClientConnectionManager - Connection released: [id: 2][route: {}->http://localhost:36428][total kept alive: 1; route allocated: 1 of 2000; total allocated: 1 of 2000]
10:17:36.615 [Forwarding findElement on session c2c9e5df695e5c1a4290eacba5ee9727 to remote] DEBUG org.apache.http.client.protocol.RequestAddCookies - CookieSpec selected: default
10:17:36.615 [Forwarding findElement on session c2c9e5df695e5c1a4290eacba5ee9727 to remote] DEBUG org.apache.http.client.protocol.RequestAuthCache - Auth cache not set in the context
10:17:36.615 [Forwarding findElement on session c2c9e5df695e5c1a4290eacba5ee9727 to remote] DEBUG org.apache.http.impl.conn.PoolingHttpClientConnectionManager - Connection request: [route: {}->http://localhost:36428][total kept alive: 1; route allocated: 1 of 2000; total allocated: 1 of 2000]
10:17:36.616 [Forwarding findElement on session c2c9e5df695e5c1a4290eacba5ee9727 to remote] DEBUG org.apache.http.impl.conn.PoolingHttpClientConnectionManager - Connection leased: [id: 2][route: {}->http://localhost:36428][total kept alive: 0; route allocated: 1 of 2000; total allocated: 1 of 2000]
10:17:36.616 [Forwarding findElement on session c2c9e5df695e5c1a4290eacba5ee9727 to remote] DEBUG org.apache.http.impl.execchain.MainClientExec - Stale connection check
10:17:36.623 [Forwarding findElement on session c2c9e5df695e5c1a4290eacba5ee9727 to remote] DEBUG org.apache.http.wire - http-outgoing-2 << "[read] I/O error: Read timed out"
10:17:36.623 [Forwarding findElement on session c2c9e5df695e5c1a4290eacba5ee9727 to remote] DEBUG org.apache.http.impl.conn.DefaultManagedHttpClientConnection - http-outgoing-2: set socket timeout to 10800000
10:17:36.623 [Forwarding findElement on session c2c9e5df695e5c1a4290eacba5ee9727 to remote] DEBUG org.apache.http.impl.execchain.MainClientExec - Executing request POST /session/c2c9e5df695e5c1a4290eacba5ee9727/element HTTP/1.1
10:17:36.623 [Forwarding findElement on session c2c9e5df695e5c1a4290eacba5ee9727 to remote] DEBUG org.apache.http.impl.execchain.MainClientExec - Target auth state: UNCHALLENGED
10:17:36.623 [Forwarding findElement on session c2c9e5df695e5c1a4290eacba5ee9727 to remote] DEBUG org.apache.http.impl.execchain.MainClientExec - Proxy auth state: UNCHALLENGED
10:17:36.623 [Forwarding findElement on session c2c9e5df695e5c1a4290eacba5ee9727 to remote] DEBUG org.apache.http.headers - http-outgoing-2 >> POST /session/c2c9e5df695e5c1a4290eacba5ee9727/element HTTP/1.1
10:17:36.623 [Forwarding findElement on session c2c9e5df695e5c1a4290eacba5ee9727 to remote] DEBUG org.apache.http.headers - http-outgoing-2 >> Content-Type: application/json; charset=utf-8
10:17:36.623 [Forwarding findElement on session c2c9e5df695e5c1a4290eacba5ee9727 to remote] DEBUG org.apache.http.headers - http-outgoing-2 >> Content-Length: 81
10:17:36.623 [Forwarding findElement on session c2c9e5df695e5c1a4290eacba5ee9727 to remote] DEBUG org.apache.http.headers - http-outgoing-2 >> Host: localhost:36428
10:17:36.623 [Forwarding findElement on session c2c9e5df695e5c1a4290eacba5ee9727 to remote] DEBUG org.apache.http.headers - http-outgoing-2 >> Connection: Keep-Alive
10:17:36.623 [Forwarding findElement on session c2c9e5df695e5c1a4290eacba5ee9727 to remote] DEBUG org.apache.http.headers - http-outgoing-2 >> User-Agent: Apache-HttpClient/4.5.2 (Java/1.8.0_162)
10:17:36.623 [Forwarding findElement on session c2c9e5df695e5c1a4290eacba5ee9727 to remote] DEBUG org.apache.http.headers - http-outgoing-2 >> Accept-Encoding: gzip,deflate
10:17:36.623 [Forwarding findElement on session c2c9e5df695e5c1a4290eacba5ee9727 to remote] DEBUG org.apache.http.wire - http-outgoing-2 >> "POST /session/c2c9e5df695e5c1a4290eacba5ee9727/element HTTP/1.1[\r][\n]"
10:17:36.623 [Forwarding findElement on session c2c9e5df695e5c1a4290eacba5ee9727 to remote] DEBUG org.apache.http.wire - http-outgoing-2 >> "Content-Type: application/json; charset=utf-8[\r][\n]"
10:17:36.623 [Forwarding findElement on session c2c9e5df695e5c1a4290eacba5ee9727 to remote] DEBUG org.apache.http.wire - http-outgoing-2 >> "Content-Length: 81[\r][\n]"
10:17:36.623 [Forwarding findElement on session c2c9e5df695e5c1a4290eacba5ee9727 to remote] DEBUG org.apache.http.wire - http-outgoing-2 >> "Host: localhost:36428[\r][\n]"
10:17:36.623 [Forwarding findElement on session c2c9e5df695e5c1a4290eacba5ee9727 to remote] DEBUG org.apache.http.wire - http-outgoing-2 >> "Connection: Keep-Alive[\r][\n]"
10:17:36.623 [Forwarding findElement on session c2c9e5df695e5c1a4290eacba5ee9727 to remote] DEBUG org.apache.http.wire - http-outgoing-2 >> "User-Agent: Apache-HttpClient/4.5.2 (Java/1.8.0_162)[\r][\n]"
10:17:36.623 [Forwarding findElement on session c2c9e5df695e5c1a4290eacba5ee9727 to remote] DEBUG org.apache.http.wire - http-outgoing-2 >> "Accept-Encoding: gzip,deflate[\r][\n]"
10:17:36.623 [Forwarding findElement on session c2c9e5df695e5c1a4290eacba5ee9727 to remote] DEBUG org.apache.http.wire - http-outgoing-2 >> "[\r][\n]"
10:17:36.623 [Forwarding findElement on session c2c9e5df695e5c1a4290eacba5ee9727 to remote] DEBUG org.apache.http.wire - http-outgoing-2 >> "{"using":"xpath","value":"//input[@placeholder=\"[0xe8][0xaf][0xb7][0xe8][0xbe][0x93][0xe5][0x85][0xa5][0xe4][0xb9][0x99][0xe6][0x96][0xb9][0xe5][0x85][0xac][0xe5][0x8f][0xb8][0xe5][0x90][0x8d][0xe7][0xa7][0xb0]\"]"}"
10:17:36.632 [Forwarding findElement on session c2c9e5df695e5c1a4290eacba5ee9727 to remote] DEBUG org.apache.http.wire - http-outgoing-2 << "HTTP/1.1 200 OK[\r][\n]"
10:17:36.632 [Forwarding findElement on session c2c9e5df695e5c1a4290eacba5ee9727 to remote] DEBUG org.apache.http.wire - http-outgoing-2 << "Content-Length:102[\r][\n]"
10:17:36.632 [Forwarding findElement on session c2c9e5df695e5c1a4290eacba5ee9727 to remote] DEBUG org.apache.http.wire - http-outgoing-2 << "Content-Type:application/json; charset=utf-8[\r][\n]"
10:17:36.632 [Forwarding findElement on session c2c9e5df695e5c1a4290eacba5ee9727 to remote] DEBUG org.apache.http.wire - http-outgoing-2 << "[\r][\n]"
10:17:36.632 [Forwarding findElement on session c2c9e5df695e5c1a4290eacba5ee9727 to remote] DEBUG org.apache.http.wire - http-outgoing-2 << "{"sessionId":"c2c9e5df695e5c1a4290eacba5ee9727","status":0,"value":{"ELEMENT":"0.5604591143034019-5"}}"
10:17:36.632 [Forwarding findElement on session c2c9e5df695e5c1a4290eacba5ee9727 to remote] DEBUG org.apache.http.headers - http-outgoing-2 << HTTP/1.1 200 OK
10:17:36.632 [Forwarding findElement on session c2c9e5df695e5c1a4290eacba5ee9727 to remote] DEBUG org.apache.http.headers - http-outgoing-2 << Content-Length:102
10:17:36.632 [Forwarding findElement on session c2c9e5df695e5c1a4290eacba5ee9727 to remote] DEBUG org.apache.http.headers - http-outgoing-2 << Content-Type:application/json; charset=utf-8
10:17:36.632 [Forwarding findElement on session c2c9e5df695e5c1a4290eacba5ee9727 to remote] DEBUG org.apache.http.impl.execchain.MainClientExec - Connection can be kept alive indefinitely
10:17:36.632 [Forwarding findElement on session c2c9e5df695e5c1a4290eacba5ee9727 to remote] DEBUG org.apache.http.impl.conn.PoolingHttpClientConnectionManager - Connection [id: 2][route: {}->http://localhost:36428] can be kept alive indefinitely
10:17:36.632 [Forwarding findElement on session c2c9e5df695e5c1a4290eacba5ee9727 to remote] DEBUG org.apache.http.impl.conn.PoolingHttpClientConnectionManager - Connection released: [id: 2][route: {}->http://localhost:36428][total kept alive: 1; route allocated: 1 of 2000; total allocated: 1 of 2000]
10:17:36.633 [Forwarding sendKeysToElement on session c2c9e5df695e5c1a4290eacba5ee9727 to remote] DEBUG org.apache.http.client.protocol.RequestAddCookies - CookieSpec selected: default
10:17:36.633 [Forwarding sendKeysToElement on session c2c9e5df695e5c1a4290eacba5ee9727 to remote] DEBUG org.apache.http.client.protocol.RequestAuthCache - Auth cache not set in the context
10:17:36.633 [Forwarding sendKeysToElement on session c2c9e5df695e5c1a4290eacba5ee9727 to remote] DEBUG org.apache.http.impl.conn.PoolingHttpClientConnectionManager - Connection request: [route: {}->http://localhost:36428][total kept alive: 1; route allocated: 1 of 2000; total allocated: 1 of 2000]
10:17:36.633 [Forwarding sendKeysToElement on session c2c9e5df695e5c1a4290eacba5ee9727 to remote] DEBUG org.apache.http.impl.conn.PoolingHttpClientConnectionManager - Connection leased: [id: 2][route: {}->http://localhost:36428][total kept alive: 0; route allocated: 1 of 2000; total allocated: 1 of 2000]
10:17:36.633 [Forwarding sendKeysToElement on session c2c9e5df695e5c1a4290eacba5ee9727 to remote] DEBUG org.apache.http.impl.execchain.MainClientExec - Stale connection check
10:17:36.639 [Forwarding sendKeysToElement on session c2c9e5df695e5c1a4290eacba5ee9727 to remote] DEBUG org.apache.http.wire - http-outgoing-2 << "[read] I/O error: Read timed out"
10:17:36.639 [Forwarding sendKeysToElement on session c2c9e5df695e5c1a4290eacba5ee9727 to remote] DEBUG org.apache.http.impl.conn.DefaultManagedHttpClientConnection - http-outgoing-2: set socket timeout to 10800000
10:17:36.639 [Forwarding sendKeysToElement on session c2c9e5df695e5c1a4290eacba5ee9727 to remote] DEBUG org.apache.http.impl.execchain.MainClientExec - Executing request POST /session/c2c9e5df695e5c1a4290eacba5ee9727/element/0.5604591143034019-5/value HTTP/1.1
10:17:36.639 [Forwarding sendKeysToElement on session c2c9e5df695e5c1a4290eacba5ee9727 to remote] DEBUG org.apache.http.impl.execchain.MainClientExec - Target auth state: UNCHALLENGED
10:17:36.639 [Forwarding sendKeysToElement on session c2c9e5df695e5c1a4290eacba5ee9727 to remote] DEBUG org.apache.http.impl.execchain.MainClientExec - Proxy auth state: UNCHALLENGED
10:17:36.639 [Forwarding sendKeysToElement on session c2c9e5df695e5c1a4290eacba5ee9727 to remote] DEBUG org.apache.http.headers - http-outgoing-2 >> POST /session/c2c9e5df695e5c1a4290eacba5ee9727/element/0.5604591143034019-5/value HTTP/1.1
10:17:36.639 [Forwarding sendKeysToElement on session c2c9e5df695e5c1a4290eacba5ee9727 to remote] DEBUG org.apache.http.headers - http-outgoing-2 >> Content-Type: application/json; charset=utf-8
10:17:36.639 [Forwarding sendKeysToElement on session c2c9e5df695e5c1a4290eacba5ee9727 to remote] DEBUG org.apache.http.headers - http-outgoing-2 >> Content-Length: 60
10:17:36.639 [Forwarding sendKeysToElement on session c2c9e5df695e5c1a4290eacba5ee9727 to remote] DEBUG org.apache.http.headers - http-outgoing-2 >> Host: localhost:36428
10:17:36.639 [Forwarding sendKeysToElement on session c2c9e5df695e5c1a4290eacba5ee9727 to remote] DEBUG org.apache.http.headers - http-outgoing-2 >> Connection: Keep-Alive
10:17:36.639 [Forwarding sendKeysToElement on session c2c9e5df695e5c1a4290eacba5ee9727 to remote] DEBUG org.apache.http.headers - http-outgoing-2 >> User-Agent: Apache-HttpClient/4.5.2 (Java/1.8.0_162)
10:17:36.639 [Forwarding sendKeysToElement on session c2c9e5df695e5c1a4290eacba5ee9727 to remote] DEBUG org.apache.http.headers - http-outgoing-2 >> Accept-Encoding: gzip,deflate
10:17:36.639 [Forwarding sendKeysToElement on session c2c9e5df695e5c1a4290eacba5ee9727 to remote] DEBUG org.apache.http.wire - http-outgoing-2 >> "POST /session/c2c9e5df695e5c1a4290eacba5ee9727/element/0.5604591143034019-5/value HTTP/1.1[\r][\n]"
10:17:36.639 [Forwarding sendKeysToElement on session c2c9e5df695e5c1a4290eacba5ee9727 to remote] DEBUG org.apache.http.wire - http-outgoing-2 >> "Content-Type: application/json; charset=utf-8[\r][\n]"
10:17:36.639 [Forwarding sendKeysToElement on session c2c9e5df695e5c1a4290eacba5ee9727 to remote] DEBUG org.apache.http.wire - http-outgoing-2 >> "Content-Length: 60[\r][\n]"
10:17:36.639 [Forwarding sendKeysToElement on session c2c9e5df695e5c1a4290eacba5ee9727 to remote] DEBUG org.apache.http.wire - http-outgoing-2 >> "Host: localhost:36428[\r][\n]"
10:17:36.639 [Forwarding sendKeysToElement on session c2c9e5df695e5c1a4290eacba5ee9727 to remote] DEBUG org.apache.http.wire - http-outgoing-2 >> "Connection: Keep-Alive[\r][\n]"
10:17:36.639 [Forwarding sendKeysToElement on session c2c9e5df695e5c1a4290eacba5ee9727 to remote] DEBUG org.apache.http.wire - http-outgoing-2 >> "User-Agent: Apache-HttpClient/4.5.2 (Java/1.8.0_162)[\r][\n]"
10:17:36.639 [Forwarding sendKeysToElement on session c2c9e5df695e5c1a4290eacba5ee9727 to remote] DEBUG org.apache.http.wire - http-outgoing-2 >> "Accept-Encoding: gzip,deflate[\r][\n]"
10:17:36.639 [Forwarding sendKeysToElement on session c2c9e5df695e5c1a4290eacba5ee9727 to remote] DEBUG org.apache.http.wire - http-outgoing-2 >> "[\r][\n]"
10:17:36.639 [Forwarding sendKeysToElement on session c2c9e5df695e5c1a4290eacba5ee9727 to remote] DEBUG org.apache.http.wire - http-outgoing-2 >> "{"id":"0.5604591143034019-5","value":["[0xe4][0xb8][0x8a][0xe6][0xb5][0xb7][0xe4][0xb9][0x99][0xe6][0x96][0xb9][0xe5][0x85][0xac][0xe5][0x8f][0xb8]"]}"
10:17:36.703 [Forwarding sendKeysToElement on session c2c9e5df695e5c1a4290eacba5ee9727 to remote] DEBUG org.apache.http.wire - http-outgoing-2 << "HTTP/1.1 200 OK[\r][\n]"
10:17:36.703 [Forwarding sendKeysToElement on session c2c9e5df695e5c1a4290eacba5ee9727 to remote] DEBUG org.apache.http.wire - http-outgoing-2 << "Content-Length:72[\r][\n]"
10:17:36.703 [Forwarding sendKeysToElement on session c2c9e5df695e5c1a4290eacba5ee9727 to remote] DEBUG org.apache.http.wire - http-outgoing-2 << "Content-Type:application/json; charset=utf-8[\r][\n]"
10:17:36.703 [Forwarding sendKeysToElement on session c2c9e5df695e5c1a4290eacba5ee9727 to remote] DEBUG org.apache.http.wire - http-outgoing-2 << "[\r][\n]"
10:17:36.703 [Forwarding sendKeysToElement on session c2c9e5df695e5c1a4290eacba5ee9727 to remote] DEBUG org.apache.http.wire - http-outgoing-2 << "{"sessionId":"c2c9e5df695e5c1a4290eacba5ee9727","status":0,"value":null}"
10:17:36.703 [Forwarding sendKeysToElement on session c2c9e5df695e5c1a4290eacba5ee9727 to remote] DEBUG org.apache.http.headers - http-outgoing-2 << HTTP/1.1 200 OK
10:17:36.703 [Forwarding sendKeysToElement on session c2c9e5df695e5c1a4290eacba5ee9727 to remote] DEBUG org.apache.http.headers - http-outgoing-2 << Content-Length:72
10:17:36.703 [Forwarding sendKeysToElement on session c2c9e5df695e5c1a4290eacba5ee9727 to remote] DEBUG org.apache.http.headers - http-outgoing-2 << Content-Type:application/json; charset=utf-8
10:17:36.703 [Forwarding sendKeysToElement on session c2c9e5df695e5c1a4290eacba5ee9727 to remote] DEBUG org.apache.http.impl.execchain.MainClientExec - Connection can be kept alive indefinitely
10:17:36.703 [Forwarding sendKeysToElement on session c2c9e5df695e5c1a4290eacba5ee9727 to remote] DEBUG org.apache.http.impl.conn.PoolingHttpClientConnectionManager - Connection [id: 2][route: {}->http://localhost:36428] can be kept alive indefinitely
10:17:36.703 [Forwarding sendKeysToElement on session c2c9e5df695e5c1a4290eacba5ee9727 to remote] DEBUG org.apache.http.impl.conn.PoolingHttpClientConnectionManager - Connection released: [id: 2][route: {}->http://localhost:36428][total kept alive: 1; route allocated: 1 of 2000; total allocated: 1 of 2000]
10:17:36.704 [Forwarding findElement on session c2c9e5df695e5c1a4290eacba5ee9727 to remote] DEBUG org.apache.http.client.protocol.RequestAddCookies - CookieSpec selected: default
10:17:36.704 [Forwarding findElement on session c2c9e5df695e5c1a4290eacba5ee9727 to remote] DEBUG org.apache.http.client.protocol.RequestAuthCache - Auth cache not set in the context
10:17:36.704 [Forwarding findElement on session c2c9e5df695e5c1a4290eacba5ee9727 to remote] DEBUG org.apache.http.impl.conn.PoolingHttpClientConnectionManager - Connection request: [route: {}->http://localhost:36428][total kept alive: 1; route allocated: 1 of 2000; total allocated: 1 of 2000]
10:17:36.704 [Forwarding findElement on session c2c9e5df695e5c1a4290eacba5ee9727 to remote] DEBUG org.apache.http.impl.conn.PoolingHttpClientConnectionManager - Connection leased: [id: 2][route: {}->http://localhost:36428][total kept alive: 0; route allocated: 1 of 2000; total allocated: 1 of 2000]
10:17:36.704 [Forwarding findElement on session c2c9e5df695e5c1a4290eacba5ee9727 to remote] DEBUG org.apache.http.impl.execchain.MainClientExec - Stale connection check
10:17:36.717 [Forwarding findElement on session c2c9e5df695e5c1a4290eacba5ee9727 to remote] DEBUG org.apache.http.wire - http-outgoing-2 << "[read] I/O error: Read timed out"
10:17:36.717 [Forwarding findElement on session c2c9e5df695e5c1a4290eacba5ee9727 to remote] DEBUG org.apache.http.impl.conn.DefaultManagedHttpClientConnection - http-outgoing-2: set socket timeout to 10800000
10:17:36.717 [Forwarding findElement on session c2c9e5df695e5c1a4290eacba5ee9727 to remote] DEBUG org.apache.http.impl.execchain.MainClientExec - Executing request POST /session/c2c9e5df695e5c1a4290eacba5ee9727/element HTTP/1.1
10:17:36.717 [Forwarding findElement on session c2c9e5df695e5c1a4290eacba5ee9727 to remote] DEBUG org.apache.http.impl.execchain.MainClientExec - Target auth state: UNCHALLENGED
10:17:36.717 [Forwarding findElement on session c2c9e5df695e5c1a4290eacba5ee9727 to remote] DEBUG org.apache.http.impl.execchain.MainClientExec - Proxy auth state: UNCHALLENGED
10:17:36.717 [Forwarding findElement on session c2c9e5df695e5c1a4290eacba5ee9727 to remote] DEBUG org.apache.http.headers - http-outgoing-2 >> POST /session/c2c9e5df695e5c1a4290eacba5ee9727/element HTTP/1.1
10:17:36.717 [Forwarding findElement on session c2c9e5df695e5c1a4290eacba5ee9727 to remote] DEBUG org.apache.http.headers - http-outgoing-2 >> Content-Type: application/json; charset=utf-8
10:17:36.717 [Forwarding findElement on session c2c9e5df695e5c1a4290eacba5ee9727 to remote] DEBUG org.apache.http.headers - http-outgoing-2 >> Content-Length: 119
10:17:36.717 [Forwarding findElement on session c2c9e5df695e5c1a4290eacba5ee9727 to remote] DEBUG org.apache.http.headers - http-outgoing-2 >> Host: localhost:36428
10:17:36.717 [Forwarding findElement on session c2c9e5df695e5c1a4290eacba5ee9727 to remote] DEBUG org.apache.http.headers - http-outgoing-2 >> Connection: Keep-Alive
10:17:36.717 [Forwarding findElement on session c2c9e5df695e5c1a4290eacba5ee9727 to remote] DEBUG org.apache.http.headers - http-outgoing-2 >> User-Agent: Apache-HttpClient/4.5.2 (Java/1.8.0_162)
10:17:36.717 [Forwarding findElement on session c2c9e5df695e5c1a4290eacba5ee9727 to remote] DEBUG org.apache.http.headers - http-outgoing-2 >> Accept-Encoding: gzip,deflate
10:17:36.717 [Forwarding findElement on session c2c9e5df695e5c1a4290eacba5ee9727 to remote] DEBUG org.apache.http.wire - http-outgoing-2 >> "POST /session/c2c9e5df695e5c1a4290eacba5ee9727/element HTTP/1.1[\r][\n]"
10:17:36.717 [Forwarding findElement on session c2c9e5df695e5c1a4290eacba5ee9727 to remote] DEBUG org.apache.http.wire - http-outgoing-2 >> "Content-Type: application/json; charset=utf-8[\r][\n]"
10:17:36.717 [Forwarding findElement on session c2c9e5df695e5c1a4290eacba5ee9727 to remote] DEBUG org.apache.http.wire - http-outgoing-2 >> "Content-Length: 119[\r][\n]"
10:17:36.717 [Forwarding findElement on session c2c9e5df695e5c1a4290eacba5ee9727 to remote] DEBUG org.apache.http.wire - http-outgoing-2 >> "Host: localhost:36428[\r][\n]"
10:17:36.717 [Forwarding findElement on session c2c9e5df695e5c1a4290eacba5ee9727 to remote] DEBUG org.apache.http.wire - http-outgoing-2 >> "Connection: Keep-Alive[\r][\n]"
10:17:36.717 [Forwarding findElement on session c2c9e5df695e5c1a4290eacba5ee9727 to remote] DEBUG org.apache.http.wire - http-outgoing-2 >> "User-Agent: Apache-HttpClient/4.5.2 (Java/1.8.0_162)[\r][\n]"
10:17:36.717 [Forwarding findElement on session c2c9e5df695e5c1a4290eacba5ee9727 to remote] DEBUG org.apache.http.wire - http-outgoing-2 >> "Accept-Encoding: gzip,deflate[\r][\n]"
10:17:36.717 [Forwarding findElement on session c2c9e5df695e5c1a4290eacba5ee9727 to remote] DEBUG org.apache.http.wire - http-outgoing-2 >> "[\r][\n]"
10:17:36.717 [Forwarding findElement on session c2c9e5df695e5c1a4290eacba5ee9727 to remote] DEBUG org.apache.http.wire - http-outgoing-2 >> "{"using":"xpath","value":"//i[@class=\"ivu-icon ivu-icon-ios-calendar-outline ivu-input-icon ivu-input-icon-normal\"]"}"
10:17:36.727 [Forwarding findElement on session c2c9e5df695e5c1a4290eacba5ee9727 to remote] DEBUG org.apache.http.wire - http-outgoing-2 << "HTTP/1.1 200 OK[\r][\n]"
10:17:36.727 [Forwarding findElement on session c2c9e5df695e5c1a4290eacba5ee9727 to remote] DEBUG org.apache.http.wire - http-outgoing-2 << "Content-Length:102[\r][\n]"
10:17:36.727 [Forwarding findElement on session c2c9e5df695e5c1a4290eacba5ee9727 to remote] DEBUG org.apache.http.wire - http-outgoing-2 << "Content-Type:application/json; charset=utf-8[\r][\n]"
10:17:36.727 [Forwarding findElement on session c2c9e5df695e5c1a4290eacba5ee9727 to remote] DEBUG org.apache.http.wire - http-outgoing-2 << "[\r][\n]"
10:17:36.727 [Forwarding findElement on session c2c9e5df695e5c1a4290eacba5ee9727 to remote] DEBUG org.apache.http.wire - http-outgoing-2 << "{"sessionId":"c2c9e5df695e5c1a4290eacba5ee9727","status":0,"value":{"ELEMENT":"0.5604591143034019-6"}}"
10:17:36.727 [Forwarding findElement on session c2c9e5df695e5c1a4290eacba5ee9727 to remote] DEBUG org.apache.http.headers - http-outgoing-2 << HTTP/1.1 200 OK
10:17:36.727 [Forwarding findElement on session c2c9e5df695e5c1a4290eacba5ee9727 to remote] DEBUG org.apache.http.headers - http-outgoing-2 << Content-Length:102
10:17:36.727 [Forwarding findElement on session c2c9e5df695e5c1a4290eacba5ee9727 to remote] DEBUG org.apache.http.headers - http-outgoing-2 << Content-Type:application/json; charset=utf-8
10:17:36.727 [Forwarding findElement on session c2c9e5df695e5c1a4290eacba5ee9727 to remote] DEBUG org.apache.http.impl.execchain.MainClientExec - Connection can be kept alive indefinitely
10:17:36.727 [Forwarding findElement on session c2c9e5df695e5c1a4290eacba5ee9727 to remote] DEBUG org.apache.http.impl.conn.PoolingHttpClientConnectionManager - Connection [id: 2][route: {}->http://localhost:36428] can be kept alive indefinitely
10:17:36.727 [Forwarding findElement on session c2c9e5df695e5c1a4290eacba5ee9727 to remote] DEBUG org.apache.http.impl.conn.PoolingHttpClientConnectionManager - Connection released: [id: 2][route: {}->http://localhost:36428][total kept alive: 1; route allocated: 1 of 2000; total allocated: 1 of 2000]
10:17:36.728 [Forwarding clickElement on session c2c9e5df695e5c1a4290eacba5ee9727 to remote] DEBUG org.apache.http.client.protocol.RequestAddCookies - CookieSpec selected: default
10:17:36.728 [Forwarding clickElement on session c2c9e5df695e5c1a4290eacba5ee9727 to remote] DEBUG org.apache.http.client.protocol.RequestAuthCache - Auth cache not set in the context
10:17:36.728 [Forwarding clickElement on session c2c9e5df695e5c1a4290eacba5ee9727 to remote] DEBUG org.apache.http.impl.conn.PoolingHttpClientConnectionManager - Connection request: [route: {}->http://localhost:36428][total kept alive: 1; route allocated: 1 of 2000; total allocated: 1 of 2000]
10:17:36.728 [Forwarding clickElement on session c2c9e5df695e5c1a4290eacba5ee9727 to remote] DEBUG org.apache.http.impl.conn.PoolingHttpClientConnectionManager - Connection leased: [id: 2][route: {}->http://localhost:36428][total kept alive: 0; route allocated: 1 of 2000; total allocated: 1 of 2000]
10:17:36.728 [Forwarding clickElement on session c2c9e5df695e5c1a4290eacba5ee9727 to remote] DEBUG org.apache.http.impl.execchain.MainClientExec - Stale connection check
10:17:36.732 [Forwarding clickElement on session c2c9e5df695e5c1a4290eacba5ee9727 to remote] DEBUG org.apache.http.wire - http-outgoing-2 << "[read] I/O error: Read timed out"
10:17:36.732 [Forwarding clickElement on session c2c9e5df695e5c1a4290eacba5ee9727 to remote] DEBUG org.apache.http.impl.conn.DefaultManagedHttpClientConnection - http-outgoing-2: set socket timeout to 10800000
10:17:36.732 [Forwarding clickElement on session c2c9e5df695e5c1a4290eacba5ee9727 to remote] DEBUG org.apache.http.impl.execchain.MainClientExec - Executing request POST /session/c2c9e5df695e5c1a4290eacba5ee9727/element/0.5604591143034019-6/click HTTP/1.1
10:17:36.732 [Forwarding clickElement on session c2c9e5df695e5c1a4290eacba5ee9727 to remote] DEBUG org.apache.http.impl.execchain.MainClientExec - Target auth state: UNCHALLENGED
10:17:36.732 [Forwarding clickElement on session c2c9e5df695e5c1a4290eacba5ee9727 to remote] DEBUG org.apache.http.impl.execchain.MainClientExec - Proxy auth state: UNCHALLENGED
10:17:36.732 [Forwarding clickElement on session c2c9e5df695e5c1a4290eacba5ee9727 to remote] DEBUG org.apache.http.headers - http-outgoing-2 >> POST /session/c2c9e5df695e5c1a4290eacba5ee9727/element/0.5604591143034019-6/click HTTP/1.1
10:17:36.732 [Forwarding clickElement on session c2c9e5df695e5c1a4290eacba5ee9727 to remote] DEBUG org.apache.http.headers - http-outgoing-2 >> Content-Type: application/json; charset=utf-8
10:17:36.732 [Forwarding clickElement on session c2c9e5df695e5c1a4290eacba5ee9727 to remote] DEBUG org.apache.http.headers - http-outgoing-2 >> Content-Length: 29
10:17:36.732 [Forwarding clickElement on session c2c9e5df695e5c1a4290eacba5ee9727 to remote] DEBUG org.apache.http.headers - http-outgoing-2 >> Host: localhost:36428
10:17:36.732 [Forwarding clickElement on session c2c9e5df695e5c1a4290eacba5ee9727 to remote] DEBUG org.apache.http.headers - http-outgoing-2 >> Connection: Keep-Alive
10:17:36.732 [Forwarding clickElement on session c2c9e5df695e5c1a4290eacba5ee9727 to remote] DEBUG org.apache.http.headers - http-outgoing-2 >> User-Agent: Apache-HttpClient/4.5.2 (Java/1.8.0_162)
10:17:36.732 [Forwarding clickElement on session c2c9e5df695e5c1a4290eacba5ee9727 to remote] DEBUG org.apache.http.headers - http-outgoing-2 >> Accept-Encoding: gzip,deflate
10:17:36.732 [Forwarding clickElement on session c2c9e5df695e5c1a4290eacba5ee9727 to remote] DEBUG org.apache.http.wire - http-outgoing-2 >> "POST /session/c2c9e5df695e5c1a4290eacba5ee9727/element/0.5604591143034019-6/click HTTP/1.1[\r][\n]"
10:17:36.732 [Forwarding clickElement on session c2c9e5df695e5c1a4290eacba5ee9727 to remote] DEBUG org.apache.http.wire - http-outgoing-2 >> "Content-Type: application/json; charset=utf-8[\r][\n]"
10:17:36.732 [Forwarding clickElement on session c2c9e5df695e5c1a4290eacba5ee9727 to remote] DEBUG org.apache.http.wire - http-outgoing-2 >> "Content-Length: 29[\r][\n]"
10:17:36.732 [Forwarding clickElement on session c2c9e5df695e5c1a4290eacba5ee9727 to remote] DEBUG org.apache.http.wire - http-outgoing-2 >> "Host: localhost:36428[\r][\n]"
10:17:36.732 [Forwarding clickElement on session c2c9e5df695e5c1a4290eacba5ee9727 to remote] DEBUG org.apache.http.wire - http-outgoing-2 >> "Connection: Keep-Alive[\r][\n]"
10:17:36.732 [Forwarding clickElement on session c2c9e5df695e5c1a4290eacba5ee9727 to remote] DEBUG org.apache.http.wire - http-outgoing-2 >> "User-Agent: Apache-HttpClient/4.5.2 (Java/1.8.0_162)[\r][\n]"
10:17:36.732 [Forwarding clickElement on session c2c9e5df695e5c1a4290eacba5ee9727 to remote] DEBUG org.apache.http.wire - http-outgoing-2 >> "Accept-Encoding: gzip,deflate[\r][\n]"
10:17:36.732 [Forwarding clickElement on session c2c9e5df695e5c1a4290eacba5ee9727 to remote] DEBUG org.apache.http.wire - http-outgoing-2 >> "[\r][\n]"
10:17:36.732 [Forwarding clickElement on session c2c9e5df695e5c1a4290eacba5ee9727 to remote] DEBUG org.apache.http.wire - http-outgoing-2 >> "{"id":"0.5604591143034019-6"}"
10:17:36.796 [Forwarding clickElement on session c2c9e5df695e5c1a4290eacba5ee9727 to remote] DEBUG org.apache.http.wire - http-outgoing-2 << "HTTP/1.1 200 OK[\r][\n]"
10:17:36.796 [Forwarding clickElement on session c2c9e5df695e5c1a4290eacba5ee9727 to remote] DEBUG org.apache.http.wire - http-outgoing-2 << "Content-Length:72[\r][\n]"
10:17:36.796 [Forwarding clickElement on session c2c9e5df695e5c1a4290eacba5ee9727 to remote] DEBUG org.apache.http.wire - http-outgoing-2 << "Content-Type:application/json; charset=utf-8[\r][\n]"
10:17:36.796 [Forwarding clickElement on session c2c9e5df695e5c1a4290eacba5ee9727 to remote] DEBUG org.apache.http.wire - http-outgoing-2 << "[\r][\n]"
10:17:36.796 [Forwarding clickElement on session c2c9e5df695e5c1a4290eacba5ee9727 to remote] DEBUG org.apache.http.wire - http-outgoing-2 << "{"sessionId":"c2c9e5df695e5c1a4290eacba5ee9727","status":0,"value":null}"
10:17:36.796 [Forwarding clickElement on session c2c9e5df695e5c1a4290eacba5ee9727 to remote] DEBUG org.apache.http.headers - http-outgoing-2 << HTTP/1.1 200 OK
10:17:36.796 [Forwarding clickElement on session c2c9e5df695e5c1a4290eacba5ee9727 to remote] DEBUG org.apache.http.headers - http-outgoing-2 << Content-Length:72
10:17:36.796 [Forwarding clickElement on session c2c9e5df695e5c1a4290eacba5ee9727 to remote] DEBUG org.apache.http.headers - http-outgoing-2 << Content-Type:application/json; charset=utf-8
10:17:36.796 [Forwarding clickElement on session c2c9e5df695e5c1a4290eacba5ee9727 to remote] DEBUG org.apache.http.impl.execchain.MainClientExec - Connection can be kept alive indefinitely
10:17:36.796 [Forwarding clickElement on session c2c9e5df695e5c1a4290eacba5ee9727 to remote] DEBUG org.apache.http.impl.conn.PoolingHttpClientConnectionManager - Connection [id: 2][route: {}->http://localhost:36428] can be kept alive indefinitely
10:17:36.796 [Forwarding clickElement on session c2c9e5df695e5c1a4290eacba5ee9727 to remote] DEBUG org.apache.http.impl.conn.PoolingHttpClientConnectionManager - Connection released: [id: 2][route: {}->http://localhost:36428][total kept alive: 1; route allocated: 1 of 2000; total allocated: 1 of 2000]
10:17:37.805 [Forwarding findElement on session c2c9e5df695e5c1a4290eacba5ee9727 to remote] DEBUG org.apache.http.client.protocol.RequestAddCookies - CookieSpec selected: default
10:17:37.805 [Forwarding findElement on session c2c9e5df695e5c1a4290eacba5ee9727 to remote] DEBUG org.apache.http.client.protocol.RequestAuthCache - Auth cache not set in the context
10:17:37.805 [Forwarding findElement on session c2c9e5df695e5c1a4290eacba5ee9727 to remote] DEBUG org.apache.http.impl.conn.PoolingHttpClientConnectionManager - Connection request: [route: {}->http://localhost:36428][total kept alive: 1; route allocated: 1 of 2000; total allocated: 1 of 2000]
10:17:37.805 [Forwarding findElement on session c2c9e5df695e5c1a4290eacba5ee9727 to remote] DEBUG org.apache.http.impl.conn.PoolingHttpClientConnectionManager - Connection leased: [id: 2][route: {}->http://localhost:36428][total kept alive: 0; route allocated: 1 of 2000; total allocated: 1 of 2000]
10:17:37.805 [Forwarding findElement on session c2c9e5df695e5c1a4290eacba5ee9727 to remote] DEBUG org.apache.http.impl.execchain.MainClientExec - Stale connection check
10:17:37.821 [Forwarding findElement on session c2c9e5df695e5c1a4290eacba5ee9727 to remote] DEBUG org.apache.http.wire - http-outgoing-2 << "[read] I/O error: Read timed out"
10:17:37.821 [Forwarding findElement on session c2c9e5df695e5c1a4290eacba5ee9727 to remote] DEBUG org.apache.http.impl.conn.DefaultManagedHttpClientConnection - http-outgoing-2: set socket timeout to 10800000
10:17:37.821 [Forwarding findElement on session c2c9e5df695e5c1a4290eacba5ee9727 to remote] DEBUG org.apache.http.impl.execchain.MainClientExec - Executing request POST /session/c2c9e5df695e5c1a4290eacba5ee9727/element HTTP/1.1
10:17:37.821 [Forwarding findElement on session c2c9e5df695e5c1a4290eacba5ee9727 to remote] DEBUG org.apache.http.impl.execchain.MainClientExec - Target auth state: UNCHALLENGED
10:17:37.821 [Forwarding findElement on session c2c9e5df695e5c1a4290eacba5ee9727 to remote] DEBUG org.apache.http.impl.execchain.MainClientExec - Proxy auth state: UNCHALLENGED
10:17:37.821 [Forwarding findElement on session c2c9e5df695e5c1a4290eacba5ee9727 to remote] DEBUG org.apache.http.headers - http-outgoing-2 >> POST /session/c2c9e5df695e5c1a4290eacba5ee9727/element HTTP/1.1
10:17:37.821 [Forwarding findElement on session c2c9e5df695e5c1a4290eacba5ee9727 to remote] DEBUG org.apache.http.headers - http-outgoing-2 >> Content-Type: application/json; charset=utf-8
10:17:37.821 [Forwarding findElement on session c2c9e5df695e5c1a4290eacba5ee9727 to remote] DEBUG org.apache.http.headers - http-outgoing-2 >> Content-Length: 59
10:17:37.821 [Forwarding findElement on session c2c9e5df695e5c1a4290eacba5ee9727 to remote] DEBUG org.apache.http.headers - http-outgoing-2 >> Host: localhost:36428
10:17:37.821 [Forwarding findElement on session c2c9e5df695e5c1a4290eacba5ee9727 to remote] DEBUG org.apache.http.headers - http-outgoing-2 >> Connection: Keep-Alive
10:17:37.821 [Forwarding findElement on session c2c9e5df695e5c1a4290eacba5ee9727 to remote] DEBUG org.apache.http.headers - http-outgoing-2 >> User-Agent: Apache-HttpClient/4.5.2 (Java/1.8.0_162)
10:17:37.821 [Forwarding findElement on session c2c9e5df695e5c1a4290eacba5ee9727 to remote] DEBUG org.apache.http.headers - http-outgoing-2 >> Accept-Encoding: gzip,deflate
10:17:37.821 [Forwarding findElement on session c2c9e5df695e5c1a4290eacba5ee9727 to remote] DEBUG org.apache.http.wire - http-outgoing-2 >> "POST /session/c2c9e5df695e5c1a4290eacba5ee9727/element HTTP/1.1[\r][\n]"
10:17:37.821 [Forwarding findElement on session c2c9e5df695e5c1a4290eacba5ee9727 to remote] DEBUG org.apache.http.wire - http-outgoing-2 >> "Content-Type: application/json; charset=utf-8[\r][\n]"
10:17:37.821 [Forwarding findElement on session c2c9e5df695e5c1a4290eacba5ee9727 to remote] DEBUG org.apache.http.wire - http-outgoing-2 >> "Content-Length: 59[\r][\n]"
10:17:37.821 [Forwarding findElement on session c2c9e5df695e5c1a4290eacba5ee9727 to remote] DEBUG org.apache.http.wire - http-outgoing-2 >> "Host: localhost:36428[\r][\n]"
10:17:37.821 [Forwarding findElement on session c2c9e5df695e5c1a4290eacba5ee9727 to remote] DEBUG org.apache.http.wire - http-outgoing-2 >> "Connection: Keep-Alive[\r][\n]"
10:17:37.821 [Forwarding findElement on session c2c9e5df695e5c1a4290eacba5ee9727 to remote] DEBUG org.apache.http.wire - http-outgoing-2 >> "User-Agent: Apache-HttpClient/4.5.2 (Java/1.8.0_162)[\r][\n]"
10:17:37.821 [Forwarding findElement on session c2c9e5df695e5c1a4290eacba5ee9727 to remote] DEBUG org.apache.http.wire - http-outgoing-2 >> "Accept-Encoding: gzip,deflate[\r][\n]"
10:17:37.821 [Forwarding findElement on session c2c9e5df695e5c1a4290eacba5ee9727 to remote] DEBUG org.apache.http.wire - http-outgoing-2 >> "[\r][\n]"
10:17:37.821 [Forwarding findElement on session c2c9e5df695e5c1a4290eacba5ee9727 to remote] DEBUG org.apache.http.wire - http-outgoing-2 >> "{"using":"class name","value":"ivu-date-picker-cells-cell"}"
10:17:37.830 [Forwarding findElement on session c2c9e5df695e5c1a4290eacba5ee9727 to remote] DEBUG org.apache.http.wire - http-outgoing-2 << "HTTP/1.1 200 OK[\r][\n]"
10:17:37.830 [Forwarding findElement on session c2c9e5df695e5c1a4290eacba5ee9727 to remote] DEBUG org.apache.http.wire - http-outgoing-2 << "Content-Length:102[\r][\n]"
10:17:37.830 [Forwarding findElement on session c2c9e5df695e5c1a4290eacba5ee9727 to remote] DEBUG org.apache.http.wire - http-outgoing-2 << "Content-Type:application/json; charset=utf-8[\r][\n]"
10:17:37.830 [Forwarding findElement on session c2c9e5df695e5c1a4290eacba5ee9727 to remote] DEBUG org.apache.http.wire - http-outgoing-2 << "[\r][\n]"
10:17:37.830 [Forwarding findElement on session c2c9e5df695e5c1a4290eacba5ee9727 to remote] DEBUG org.apache.http.wire - http-outgoing-2 << "{"sessionId":"c2c9e5df695e5c1a4290eacba5ee9727","status":0,"value":{"ELEMENT":"0.5604591143034019-7"}}"
10:17:37.830 [Forwarding findElement on session c2c9e5df695e5c1a4290eacba5ee9727 to remote] DEBUG org.apache.http.headers - http-outgoing-2 << HTTP/1.1 200 OK
10:17:37.830 [Forwarding findElement on session c2c9e5df695e5c1a4290eacba5ee9727 to remote] DEBUG org.apache.http.headers - http-outgoing-2 << Content-Length:102
10:17:37.830 [Forwarding findElement on session c2c9e5df695e5c1a4290eacba5ee9727 to remote] DEBUG org.apache.http.headers - http-outgoing-2 << Content-Type:application/json; charset=utf-8
10:17:37.830 [Forwarding findElement on session c2c9e5df695e5c1a4290eacba5ee9727 to remote] DEBUG org.apache.http.impl.execchain.MainClientExec - Connection can be kept alive indefinitely
10:17:37.830 [Forwarding findElement on session c2c9e5df695e5c1a4290eacba5ee9727 to remote] DEBUG org.apache.http.impl.conn.PoolingHttpClientConnectionManager - Connection [id: 2][route: {}->http://localhost:36428] can be kept alive indefinitely
10:17:37.830 [Forwarding findElement on session c2c9e5df695e5c1a4290eacba5ee9727 to remote] DEBUG org.apache.http.impl.conn.PoolingHttpClientConnectionManager - Connection released: [id: 2][route: {}->http://localhost:36428][total kept alive: 1; route allocated: 1 of 2000; total allocated: 1 of 2000]
10:17:37.831 [Forwarding clickElement on session c2c9e5df695e5c1a4290eacba5ee9727 to remote] DEBUG org.apache.http.client.protocol.RequestAddCookies - CookieSpec selected: default
10:17:37.831 [Forwarding clickElement on session c2c9e5df695e5c1a4290eacba5ee9727 to remote] DEBUG org.apache.http.client.protocol.RequestAuthCache - Auth cache not set in the context
10:17:37.831 [Forwarding clickElement on session c2c9e5df695e5c1a4290eacba5ee9727 to remote] DEBUG org.apache.http.impl.conn.PoolingHttpClientConnectionManager - Connection request: [route: {}->http://localhost:36428][total kept alive: 1; route allocated: 1 of 2000; total allocated: 1 of 2000]
10:17:37.831 [Forwarding clickElement on session c2c9e5df695e5c1a4290eacba5ee9727 to remote] DEBUG org.apache.http.impl.conn.PoolingHttpClientConnectionManager - Connection leased: [id: 2][route: {}->http://localhost:36428][total kept alive: 0; route allocated: 1 of 2000; total allocated: 1 of 2000]
10:17:37.831 [Forwarding clickElement on session c2c9e5df695e5c1a4290eacba5ee9727 to remote] DEBUG org.apache.http.impl.execchain.MainClientExec - Stale connection check
10:17:37.837 [Forwarding clickElement on session c2c9e5df695e5c1a4290eacba5ee9727 to remote] DEBUG org.apache.http.wire - http-outgoing-2 << "[read] I/O error: Read timed out"
10:17:37.837 [Forwarding clickElement on session c2c9e5df695e5c1a4290eacba5ee9727 to remote] DEBUG org.apache.http.impl.conn.DefaultManagedHttpClientConnection - http-outgoing-2: set socket timeout to 10800000
10:17:37.837 [Forwarding clickElement on session c2c9e5df695e5c1a4290eacba5ee9727 to remote] DEBUG org.apache.http.impl.execchain.MainClientExec - Executing request POST /session/c2c9e5df695e5c1a4290eacba5ee9727/element/0.5604591143034019-7/click HTTP/1.1
10:17:37.837 [Forwarding clickElement on session c2c9e5df695e5c1a4290eacba5ee9727 to remote] DEBUG org.apache.http.impl.execchain.MainClientExec - Target auth state: UNCHALLENGED
10:17:37.837 [Forwarding clickElement on session c2c9e5df695e5c1a4290eacba5ee9727 to remote] DEBUG org.apache.http.impl.execchain.MainClientExec - Proxy auth state: UNCHALLENGED
10:17:37.837 [Forwarding clickElement on session c2c9e5df695e5c1a4290eacba5ee9727 to remote] DEBUG org.apache.http.headers - http-outgoing-2 >> POST /session/c2c9e5df695e5c1a4290eacba5ee9727/element/0.5604591143034019-7/click HTTP/1.1
10:17:37.837 [Forwarding clickElement on session c2c9e5df695e5c1a4290eacba5ee9727 to remote] DEBUG org.apache.http.headers - http-outgoing-2 >> Content-Type: application/json; charset=utf-8
10:17:37.837 [Forwarding clickElement on session c2c9e5df695e5c1a4290eacba5ee9727 to remote] DEBUG org.apache.http.headers - http-outgoing-2 >> Content-Length: 29
10:17:37.837 [Forwarding clickElement on session c2c9e5df695e5c1a4290eacba5ee9727 to remote] DEBUG org.apache.http.headers - http-outgoing-2 >> Host: localhost:36428
10:17:37.837 [Forwarding clickElement on session c2c9e5df695e5c1a4290eacba5ee9727 to remote] DEBUG org.apache.http.headers - http-outgoing-2 >> Connection: Keep-Alive
10:17:37.837 [Forwarding clickElement on session c2c9e5df695e5c1a4290eacba5ee9727 to remote] DEBUG org.apache.http.headers - http-outgoing-2 >> User-Agent: Apache-HttpClient/4.5.2 (Java/1.8.0_162)
10:17:37.837 [Forwarding clickElement on session c2c9e5df695e5c1a4290eacba5ee9727 to remote] DEBUG org.apache.http.headers - http-outgoing-2 >> Accept-Encoding: gzip,deflate
10:17:37.837 [Forwarding clickElement on session c2c9e5df695e5c1a4290eacba5ee9727 to remote] DEBUG org.apache.http.wire - http-outgoing-2 >> "POST /session/c2c9e5df695e5c1a4290eacba5ee9727/element/0.5604591143034019-7/click HTTP/1.1[\r][\n]"
10:17:37.837 [Forwarding clickElement on session c2c9e5df695e5c1a4290eacba5ee9727 to remote] DEBUG org.apache.http.wire - http-outgoing-2 >> "Content-Type: application/json; charset=utf-8[\r][\n]"
10:17:37.837 [Forwarding clickElement on session c2c9e5df695e5c1a4290eacba5ee9727 to remote] DEBUG org.apache.http.wire - http-outgoing-2 >> "Content-Length: 29[\r][\n]"
10:17:37.837 [Forwarding clickElement on session c2c9e5df695e5c1a4290eacba5ee9727 to remote] DEBUG org.apache.http.wire - http-outgoing-2 >> "Host: localhost:36428[\r][\n]"
10:17:37.837 [Forwarding clickElement on session c2c9e5df695e5c1a4290eacba5ee9727 to remote] DEBUG org.apache.http.wire - http-outgoing-2 >> "Connection: Keep-Alive[\r][\n]"
10:17:37.837 [Forwarding clickElement on session c2c9e5df695e5c1a4290eacba5ee9727 to remote] DEBUG org.apache.http.wire - http-outgoing-2 >> "User-Agent: Apache-HttpClient/4.5.2 (Java/1.8.0_162)[\r][\n]"
10:17:37.837 [Forwarding clickElement on session c2c9e5df695e5c1a4290eacba5ee9727 to remote] DEBUG org.apache.http.wire - http-outgoing-2 >> "Accept-Encoding: gzip,deflate[\r][\n]"
10:17:37.837 [Forwarding clickElement on session c2c9e5df695e5c1a4290eacba5ee9727 to remote] DEBUG org.apache.http.wire - http-outgoing-2 >> "[\r][\n]"
10:17:37.837 [Forwarding clickElement on session c2c9e5df695e5c1a4290eacba5ee9727 to remote] DEBUG org.apache.http.wire - http-outgoing-2 >> "{"id":"0.5604591143034019-7"}"
10:17:37.921 [Forwarding clickElement on session c2c9e5df695e5c1a4290eacba5ee9727 to remote] DEBUG org.apache.http.wire - http-outgoing-2 << "HTTP/1.1 200 OK[\r][\n]"
10:17:37.921 [Forwarding clickElement on session c2c9e5df695e5c1a4290eacba5ee9727 to remote] DEBUG org.apache.http.wire - http-outgoing-2 << "Content-Length:72[\r][\n]"
10:17:37.921 [Forwarding clickElement on session c2c9e5df695e5c1a4290eacba5ee9727 to remote] DEBUG org.apache.http.wire - http-outgoing-2 << "Content-Type:application/json; charset=utf-8[\r][\n]"
10:17:37.921 [Forwarding clickElement on session c2c9e5df695e5c1a4290eacba5ee9727 to remote] DEBUG org.apache.http.wire - http-outgoing-2 << "[\r][\n]"
10:17:37.921 [Forwarding clickElement on session c2c9e5df695e5c1a4290eacba5ee9727 to remote] DEBUG org.apache.http.wire - http-outgoing-2 << "{"sessionId":"c2c9e5df695e5c1a4290eacba5ee9727","status":0,"value":null}"
10:17:37.921 [Forwarding clickElement on session c2c9e5df695e5c1a4290eacba5ee9727 to remote] DEBUG org.apache.http.headers - http-outgoing-2 << HTTP/1.1 200 OK
10:17:37.921 [Forwarding clickElement on session c2c9e5df695e5c1a4290eacba5ee9727 to remote] DEBUG org.apache.http.headers - http-outgoing-2 << Content-Length:72
10:17:37.921 [Forwarding clickElement on session c2c9e5df695e5c1a4290eacba5ee9727 to remote] DEBUG org.apache.http.headers - http-outgoing-2 << Content-Type:application/json; charset=utf-8
10:17:37.921 [Forwarding clickElement on session c2c9e5df695e5c1a4290eacba5ee9727 to remote] DEBUG org.apache.http.impl.execchain.MainClientExec - Connection can be kept alive indefinitely
10:17:37.921 [Forwarding clickElement on session c2c9e5df695e5c1a4290eacba5ee9727 to remote] DEBUG org.apache.http.impl.conn.PoolingHttpClientConnectionManager - Connection [id: 2][route: {}->http://localhost:36428] can be kept alive indefinitely
10:17:37.921 [Forwarding clickElement on session c2c9e5df695e5c1a4290eacba5ee9727 to remote] DEBUG org.apache.http.impl.conn.PoolingHttpClientConnectionManager - Connection released: [id: 2][route: {}->http://localhost:36428][total kept alive: 1; route allocated: 1 of 2000; total allocated: 1 of 2000]
10:17:37.921 [Forwarding findElement on session c2c9e5df695e5c1a4290eacba5ee9727 to remote] DEBUG org.apache.http.client.protocol.RequestAddCookies - CookieSpec selected: default
10:17:37.921 [Forwarding findElement on session c2c9e5df695e5c1a4290eacba5ee9727 to remote] DEBUG org.apache.http.client.protocol.RequestAuthCache - Auth cache not set in the context
10:17:37.921 [Forwarding findElement on session c2c9e5df695e5c1a4290eacba5ee9727 to remote] DEBUG org.apache.http.impl.conn.PoolingHttpClientConnectionManager - Connection request: [route: {}->http://localhost:36428][total kept alive: 1; route allocated: 1 of 2000; total allocated: 1 of 2000]
10:17:37.922 [Forwarding findElement on session c2c9e5df695e5c1a4290eacba5ee9727 to remote] DEBUG org.apache.http.impl.conn.PoolingHttpClientConnectionManager - Connection leased: [id: 2][route: {}->http://localhost:36428][total kept alive: 0; route allocated: 1 of 2000; total allocated: 1 of 2000]
10:17:37.922 [Forwarding findElement on session c2c9e5df695e5c1a4290eacba5ee9727 to remote] DEBUG org.apache.http.impl.execchain.MainClientExec - Stale connection check
10:17:37.931 [Forwarding findElement on session c2c9e5df695e5c1a4290eacba5ee9727 to remote] DEBUG org.apache.http.wire - http-outgoing-2 << "[read] I/O error: Read timed out"
10:17:37.931 [Forwarding findElement on session c2c9e5df695e5c1a4290eacba5ee9727 to remote] DEBUG org.apache.http.impl.conn.DefaultManagedHttpClientConnection - http-outgoing-2: set socket timeout to 10800000
10:17:37.931 [Forwarding findElement on session c2c9e5df695e5c1a4290eacba5ee9727 to remote] DEBUG org.apache.http.impl.execchain.MainClientExec - Executing request POST /session/c2c9e5df695e5c1a4290eacba5ee9727/element HTTP/1.1
10:17:37.931 [Forwarding findElement on session c2c9e5df695e5c1a4290eacba5ee9727 to remote] DEBUG org.apache.http.impl.execchain.MainClientExec - Target auth state: UNCHALLENGED
10:17:37.931 [Forwarding findElement on session c2c9e5df695e5c1a4290eacba5ee9727 to remote] DEBUG org.apache.http.impl.execchain.MainClientExec - Proxy auth state: UNCHALLENGED
10:17:37.931 [Forwarding findElement on session c2c9e5df695e5c1a4290eacba5ee9727 to remote] DEBUG org.apache.http.headers - http-outgoing-2 >> POST /session/c2c9e5df695e5c1a4290eacba5ee9727/element HTTP/1.1
10:17:37.931 [Forwarding findElement on session c2c9e5df695e5c1a4290eacba5ee9727 to remote] DEBUG org.apache.http.headers - http-outgoing-2 >> Content-Type: application/json; charset=utf-8
10:17:37.931 [Forwarding findElement on session c2c9e5df695e5c1a4290eacba5ee9727 to remote] DEBUG org.apache.http.headers - http-outgoing-2 >> Content-Length: 69
10:17:37.931 [Forwarding findElement on session c2c9e5df695e5c1a4290eacba5ee9727 to remote] DEBUG org.apache.http.headers - http-outgoing-2 >> Host: localhost:36428
10:17:37.931 [Forwarding findElement on session c2c9e5df695e5c1a4290eacba5ee9727 to remote] DEBUG org.apache.http.headers - http-outgoing-2 >> Connection: Keep-Alive
10:17:37.931 [Forwarding findElement on session c2c9e5df695e5c1a4290eacba5ee9727 to remote] DEBUG org.apache.http.headers - http-outgoing-2 >> User-Agent: Apache-HttpClient/4.5.2 (Java/1.8.0_162)
10:17:37.931 [Forwarding findElement on session c2c9e5df695e5c1a4290eacba5ee9727 to remote] DEBUG org.apache.http.headers - http-outgoing-2 >> Accept-Encoding: gzip,deflate
10:17:37.931 [Forwarding findElement on session c2c9e5df695e5c1a4290eacba5ee9727 to remote] DEBUG org.apache.http.wire - http-outgoing-2 >> "POST /session/c2c9e5df695e5c1a4290eacba5ee9727/element HTTP/1.1[\r][\n]"
10:17:37.931 [Forwarding findElement on session c2c9e5df695e5c1a4290eacba5ee9727 to remote] DEBUG org.apache.http.wire - http-outgoing-2 >> "Content-Type: application/json; charset=utf-8[\r][\n]"
10:17:37.931 [Forwarding findElement on session c2c9e5df695e5c1a4290eacba5ee9727 to remote] DEBUG org.apache.http.wire - http-outgoing-2 >> "Content-Length: 69[\r][\n]"
10:17:37.931 [Forwarding findElement on session c2c9e5df695e5c1a4290eacba5ee9727 to remote] DEBUG org.apache.http.wire - http-outgoing-2 >> "Host: localhost:36428[\r][\n]"
10:17:37.931 [Forwarding findElement on session c2c9e5df695e5c1a4290eacba5ee9727 to remote] DEBUG org.apache.http.wire - http-outgoing-2 >> "Connection: Keep-Alive[\r][\n]"
10:17:37.931 [Forwarding findElement on session c2c9e5df695e5c1a4290eacba5ee9727 to remote] DEBUG org.apache.http.wire - http-outgoing-2 >> "User-Agent: Apache-HttpClient/4.5.2 (Java/1.8.0_162)[\r][\n]"
10:17:37.931 [Forwarding findElement on session c2c9e5df695e5c1a4290eacba5ee9727 to remote] DEBUG org.apache.http.wire - http-outgoing-2 >> "Accept-Encoding: gzip,deflate[\r][\n]"
10:17:37.931 [Forwarding findElement on session c2c9e5df695e5c1a4290eacba5ee9727 to remote] DEBUG org.apache.http.wire - http-outgoing-2 >> "[\r][\n]"
10:17:37.931 [Forwarding findElement on session c2c9e5df695e5c1a4290eacba5ee9727 to remote] DEBUG org.apache.http.wire - http-outgoing-2 >> "{"using":"xpath","value":"//input[@placeholder=\"[0xe8][0xaf][0xb7][0xe8][0xbe][0x93][0xe5][0x85][0xa5][0xe6][0xb3][0x95][0xe4][0xba][0xba]\"]"}"
10:17:37.940 [Forwarding findElement on session c2c9e5df695e5c1a4290eacba5ee9727 to remote] DEBUG org.apache.http.wire - http-outgoing-2 << "HTTP/1.1 200 OK[\r][\n]"
10:17:37.940 [Forwarding findElement on session c2c9e5df695e5c1a4290eacba5ee9727 to remote] DEBUG org.apache.http.wire - http-outgoing-2 << "Content-Length:102[\r][\n]"
10:17:37.940 [Forwarding findElement on session c2c9e5df695e5c1a4290eacba5ee9727 to remote] DEBUG org.apache.http.wire - http-outgoing-2 << "Content-Type:application/json; charset=utf-8[\r][\n]"
10:17:37.940 [Forwarding findElement on session c2c9e5df695e5c1a4290eacba5ee9727 to remote] DEBUG org.apache.http.wire - http-outgoing-2 << "[\r][\n]"
10:17:37.940 [Forwarding findElement on session c2c9e5df695e5c1a4290eacba5ee9727 to remote] DEBUG org.apache.http.wire - http-outgoing-2 << "{"sessionId":"c2c9e5df695e5c1a4290eacba5ee9727","status":0,"value":{"ELEMENT":"0.5604591143034019-8"}}"
10:17:37.940 [Forwarding findElement on session c2c9e5df695e5c1a4290eacba5ee9727 to remote] DEBUG org.apache.http.headers - http-outgoing-2 << HTTP/1.1 200 OK
10:17:37.940 [Forwarding findElement on session c2c9e5df695e5c1a4290eacba5ee9727 to remote] DEBUG org.apache.http.headers - http-outgoing-2 << Content-Length:102
10:17:37.940 [Forwarding findElement on session c2c9e5df695e5c1a4290eacba5ee9727 to remote] DEBUG org.apache.http.headers - http-outgoing-2 << Content-Type:application/json; charset=utf-8
10:17:37.940 [Forwarding findElement on session c2c9e5df695e5c1a4290eacba5ee9727 to remote] DEBUG org.apache.http.impl.execchain.MainClientExec - Connection can be kept alive indefinitely
10:17:37.941 [Forwarding findElement on session c2c9e5df695e5c1a4290eacba5ee9727 to remote] DEBUG org.apache.http.impl.conn.PoolingHttpClientConnectionManager - Connection [id: 2][route: {}->http://localhost:36428] can be kept alive indefinitely
10:17:37.941 [Forwarding findElement on session c2c9e5df695e5c1a4290eacba5ee9727 to remote] DEBUG org.apache.http.impl.conn.PoolingHttpClientConnectionManager - Connection released: [id: 2][route: {}->http://localhost:36428][total kept alive: 1; route allocated: 1 of 2000; total allocated: 1 of 2000]
10:17:37.941 [Forwarding sendKeysToElement on session c2c9e5df695e5c1a4290eacba5ee9727 to remote] DEBUG org.apache.http.client.protocol.RequestAddCookies - CookieSpec selected: default
10:17:37.941 [Forwarding sendKeysToElement on session c2c9e5df695e5c1a4290eacba5ee9727 to remote] DEBUG org.apache.http.client.protocol.RequestAuthCache - Auth cache not set in the context
10:17:37.941 [Forwarding sendKeysToElement on session c2c9e5df695e5c1a4290eacba5ee9727 to remote] DEBUG org.apache.http.impl.conn.PoolingHttpClientConnectionManager - Connection request: [route: {}->http://localhost:36428][total kept alive: 1; route allocated: 1 of 2000; total allocated: 1 of 2000]
10:17:37.941 [Forwarding sendKeysToElement on session c2c9e5df695e5c1a4290eacba5ee9727 to remote] DEBUG org.apache.http.impl.conn.PoolingHttpClientConnectionManager - Connection leased: [id: 2][route: {}->http://localhost:36428][total kept alive: 0; route allocated: 1 of 2000; total allocated: 1 of 2000]
10:17:37.941 [Forwarding sendKeysToElement on session c2c9e5df695e5c1a4290eacba5ee9727 to remote] DEBUG org.apache.http.impl.execchain.MainClientExec - Stale connection check
10:17:37.947 [Forwarding sendKeysToElement on session c2c9e5df695e5c1a4290eacba5ee9727 to remote] DEBUG org.apache.http.wire - http-outgoing-2 << "[read] I/O error: Read timed out"
10:17:37.947 [Forwarding sendKeysToElement on session c2c9e5df695e5c1a4290eacba5ee9727 to remote] DEBUG org.apache.http.impl.conn.DefaultManagedHttpClientConnection - http-outgoing-2: set socket timeout to 10800000
10:17:37.947 [Forwarding sendKeysToElement on session c2c9e5df695e5c1a4290eacba5ee9727 to remote] DEBUG org.apache.http.impl.execchain.MainClientExec - Executing request POST /session/c2c9e5df695e5c1a4290eacba5ee9727/element/0.5604591143034019-8/value HTTP/1.1
10:17:37.947 [Forwarding sendKeysToElement on session c2c9e5df695e5c1a4290eacba5ee9727 to remote] DEBUG org.apache.http.impl.execchain.MainClientExec - Target auth state: UNCHALLENGED
10:17:37.947 [Forwarding sendKeysToElement on session c2c9e5df695e5c1a4290eacba5ee9727 to remote] DEBUG org.apache.http.impl.execchain.MainClientExec - Proxy auth state: UNCHALLENGED
10:17:37.947 [Forwarding sendKeysToElement on session c2c9e5df695e5c1a4290eacba5ee9727 to remote] DEBUG org.apache.http.headers - http-outgoing-2 >> POST /session/c2c9e5df695e5c1a4290eacba5ee9727/element/0.5604591143034019-8/value HTTP/1.1
10:17:37.947 [Forwarding sendKeysToElement on session c2c9e5df695e5c1a4290eacba5ee9727 to remote] DEBUG org.apache.http.headers - http-outgoing-2 >> Content-Type: application/json; charset=utf-8
10:17:37.947 [Forwarding sendKeysToElement on session c2c9e5df695e5c1a4290eacba5ee9727 to remote] DEBUG org.apache.http.headers - http-outgoing-2 >> Content-Length: 54
10:17:37.947 [Forwarding sendKeysToElement on session c2c9e5df695e5c1a4290eacba5ee9727 to remote] DEBUG org.apache.http.headers - http-outgoing-2 >> Host: localhost:36428
10:17:37.947 [Forwarding sendKeysToElement on session c2c9e5df695e5c1a4290eacba5ee9727 to remote] DEBUG org.apache.http.headers - http-outgoing-2 >> Connection: Keep-Alive
10:17:37.947 [Forwarding sendKeysToElement on session c2c9e5df695e5c1a4290eacba5ee9727 to remote] DEBUG org.apache.http.headers - http-outgoing-2 >> User-Agent: Apache-HttpClient/4.5.2 (Java/1.8.0_162)
10:17:37.947 [Forwarding sendKeysToElement on session c2c9e5df695e5c1a4290eacba5ee9727 to remote] DEBUG org.apache.http.headers - http-outgoing-2 >> Accept-Encoding: gzip,deflate
10:17:37.947 [Forwarding sendKeysToElement on session c2c9e5df695e5c1a4290eacba5ee9727 to remote] DEBUG org.apache.http.wire - http-outgoing-2 >> "POST /session/c2c9e5df695e5c1a4290eacba5ee9727/element/0.5604591143034019-8/value HTTP/1.1[\r][\n]"
10:17:37.947 [Forwarding sendKeysToElement on session c2c9e5df695e5c1a4290eacba5ee9727 to remote] DEBUG org.apache.http.wire - http-outgoing-2 >> "Content-Type: application/json; charset=utf-8[\r][\n]"
10:17:37.947 [Forwarding sendKeysToElement on session c2c9e5df695e5c1a4290eacba5ee9727 to remote] DEBUG org.apache.http.wire - http-outgoing-2 >> "Content-Length: 54[\r][\n]"
10:17:37.947 [Forwarding sendKeysToElement on session c2c9e5df695e5c1a4290eacba5ee9727 to remote] DEBUG org.apache.http.wire - http-outgoing-2 >> "Host: localhost:36428[\r][\n]"
10:17:37.947 [Forwarding sendKeysToElement on session c2c9e5df695e5c1a4290eacba5ee9727 to remote] DEBUG org.apache.http.wire - http-outgoing-2 >> "Connection: Keep-Alive[\r][\n]"
10:17:37.947 [Forwarding sendKeysToElement on session c2c9e5df695e5c1a4290eacba5ee9727 to remote] DEBUG org.apache.http.wire - http-outgoing-2 >> "User-Agent: Apache-HttpClient/4.5.2 (Java/1.8.0_162)[\r][\n]"
10:17:37.947 [Forwarding sendKeysToElement on session c2c9e5df695e5c1a4290eacba5ee9727 to remote] DEBUG org.apache.http.wire - http-outgoing-2 >> "Accept-Encoding: gzip,deflate[\r][\n]"
10:17:37.947 [Forwarding sendKeysToElement on session c2c9e5df695e5c1a4290eacba5ee9727 to remote] DEBUG org.apache.http.wire - http-outgoing-2 >> "[\r][\n]"
10:17:37.947 [Forwarding sendKeysToElement on session c2c9e5df695e5c1a4290eacba5ee9727 to remote] DEBUG org.apache.http.wire - http-outgoing-2 >> "{"id":"0.5604591143034019-8","value":["[0xe9][0xa9][0xac][0xe4][0xba][0x91][0xe6][0xb3][0x95][0xe4][0xba][0xba]"]}"
10:17:37.998 [Forwarding sendKeysToElement on session c2c9e5df695e5c1a4290eacba5ee9727 to remote] DEBUG org.apache.http.wire - http-outgoing-2 << "HTTP/1.1 200 OK[\r][\n]"
10:17:37.998 [Forwarding sendKeysToElement on session c2c9e5df695e5c1a4290eacba5ee9727 to remote] DEBUG org.apache.http.wire - http-outgoing-2 << "Content-Length:72[\r][\n]"
10:17:37.998 [Forwarding sendKeysToElement on session c2c9e5df695e5c1a4290eacba5ee9727 to remote] DEBUG org.apache.http.wire - http-outgoing-2 << "Content-Type:application/json; charset=utf-8[\r][\n]"
10:17:37.998 [Forwarding sendKeysToElement on session c2c9e5df695e5c1a4290eacba5ee9727 to remote] DEBUG org.apache.http.wire - http-outgoing-2 << "[\r][\n]"
10:17:37.998 [Forwarding sendKeysToElement on session c2c9e5df695e5c1a4290eacba5ee9727 to remote] DEBUG org.apache.http.wire - http-outgoing-2 << "{"sessionId":"c2c9e5df695e5c1a4290eacba5ee9727","status":0,"value":null}"
10:17:37.998 [Forwarding sendKeysToElement on session c2c9e5df695e5c1a4290eacba5ee9727 to remote] DEBUG org.apache.http.headers - http-outgoing-2 << HTTP/1.1 200 OK
10:17:37.998 [Forwarding sendKeysToElement on session c2c9e5df695e5c1a4290eacba5ee9727 to remote] DEBUG org.apache.http.headers - http-outgoing-2 << Content-Length:72
10:17:37.998 [Forwarding sendKeysToElement on session c2c9e5df695e5c1a4290eacba5ee9727 to remote] DEBUG org.apache.http.headers - http-outgoing-2 << Content-Type:application/json; charset=utf-8
10:17:37.998 [Forwarding sendKeysToElement on session c2c9e5df695e5c1a4290eacba5ee9727 to remote] DEBUG org.apache.http.impl.execchain.MainClientExec - Connection can be kept alive indefinitely
10:17:37.998 [Forwarding sendKeysToElement on session c2c9e5df695e5c1a4290eacba5ee9727 to remote] DEBUG org.apache.http.impl.conn.PoolingHttpClientConnectionManager - Connection [id: 2][route: {}->http://localhost:36428] can be kept alive indefinitely
10:17:37.998 [Forwarding sendKeysToElement on session c2c9e5df695e5c1a4290eacba5ee9727 to remote] DEBUG org.apache.http.impl.conn.PoolingHttpClientConnectionManager - Connection released: [id: 2][route: {}->http://localhost:36428][total kept alive: 1; route allocated: 1 of 2000; total allocated: 1 of 2000]
10:17:37.998 [Forwarding findElement on session c2c9e5df695e5c1a4290eacba5ee9727 to remote] DEBUG org.apache.http.client.protocol.RequestAddCookies - CookieSpec selected: default
10:17:37.998 [Forwarding findElement on session c2c9e5df695e5c1a4290eacba5ee9727 to remote] DEBUG org.apache.http.client.protocol.RequestAuthCache - Auth cache not set in the context
10:17:37.998 [Forwarding findElement on session c2c9e5df695e5c1a4290eacba5ee9727 to remote] DEBUG org.apache.http.impl.conn.PoolingHttpClientConnectionManager - Connection request: [route: {}->http://localhost:36428][total kept alive: 1; route allocated: 1 of 2000; total allocated: 1 of 2000]
10:17:37.998 [Forwarding findElement on session c2c9e5df695e5c1a4290eacba5ee9727 to remote] DEBUG org.apache.http.impl.conn.PoolingHttpClientConnectionManager - Connection leased: [id: 2][route: {}->http://localhost:36428][total kept alive: 0; route allocated: 1 of 2000; total allocated: 1 of 2000]
10:17:37.998 [Forwarding findElement on session c2c9e5df695e5c1a4290eacba5ee9727 to remote] DEBUG org.apache.http.impl.execchain.MainClientExec - Stale connection check
10:17:38.009 [Forwarding findElement on session c2c9e5df695e5c1a4290eacba5ee9727 to remote] DEBUG org.apache.http.wire - http-outgoing-2 << "[read] I/O error: Read timed out"
10:17:38.009 [Forwarding findElement on session c2c9e5df695e5c1a4290eacba5ee9727 to remote] DEBUG org.apache.http.impl.conn.DefaultManagedHttpClientConnection - http-outgoing-2: set socket timeout to 10800000
10:17:38.009 [Forwarding findElement on session c2c9e5df695e5c1a4290eacba5ee9727 to remote] DEBUG org.apache.http.impl.execchain.MainClientExec - Executing request POST /session/c2c9e5df695e5c1a4290eacba5ee9727/element HTTP/1.1
10:17:38.009 [Forwarding findElement on session c2c9e5df695e5c1a4290eacba5ee9727 to remote] DEBUG org.apache.http.impl.execchain.MainClientExec - Target auth state: UNCHALLENGED
10:17:38.009 [Forwarding findElement on session c2c9e5df695e5c1a4290eacba5ee9727 to remote] DEBUG org.apache.http.impl.execchain.MainClientExec - Proxy auth state: UNCHALLENGED
10:17:38.009 [Forwarding findElement on session c2c9e5df695e5c1a4290eacba5ee9727 to remote] DEBUG org.apache.http.headers - http-outgoing-2 >> POST /session/c2c9e5df695e5c1a4290eacba5ee9727/element HTTP/1.1
10:17:38.009 [Forwarding findElement on session c2c9e5df695e5c1a4290eacba5ee9727 to remote] DEBUG org.apache.http.headers - http-outgoing-2 >> Content-Type: application/json; charset=utf-8
10:17:38.009 [Forwarding findElement on session c2c9e5df695e5c1a4290eacba5ee9727 to remote] DEBUG org.apache.http.headers - http-outgoing-2 >> Content-Length: 56
10:17:38.009 [Forwarding findElement on session c2c9e5df695e5c1a4290eacba5ee9727 to remote] DEBUG org.apache.http.headers - http-outgoing-2 >> Host: localhost:36428
10:17:38.009 [Forwarding findElement on session c2c9e5df695e5c1a4290eacba5ee9727 to remote] DEBUG org.apache.http.headers - http-outgoing-2 >> Connection: Keep-Alive
10:17:38.009 [Forwarding findElement on session c2c9e5df695e5c1a4290eacba5ee9727 to remote] DEBUG org.apache.http.headers - http-outgoing-2 >> User-Agent: Apache-HttpClient/4.5.2 (Java/1.8.0_162)
10:17:38.009 [Forwarding findElement on session c2c9e5df695e5c1a4290eacba5ee9727 to remote] DEBUG org.apache.http.headers - http-outgoing-2 >> Accept-Encoding: gzip,deflate
10:17:38.009 [Forwarding findElement on session c2c9e5df695e5c1a4290eacba5ee9727 to remote] DEBUG org.apache.http.wire - http-outgoing-2 >> "POST /session/c2c9e5df695e5c1a4290eacba5ee9727/element HTTP/1.1[\r][\n]"
10:17:38.009 [Forwarding findElement on session c2c9e5df695e5c1a4290eacba5ee9727 to remote] DEBUG org.apache.http.wire - http-outgoing-2 >> "Content-Type: application/json; charset=utf-8[\r][\n]"
10:17:38.009 [Forwarding findElement on session c2c9e5df695e5c1a4290eacba5ee9727 to remote] DEBUG org.apache.http.wire - http-outgoing-2 >> "Content-Length: 56[\r][\n]"
10:17:38.009 [Forwarding findElement on session c2c9e5df695e5c1a4290eacba5ee9727 to remote] DEBUG org.apache.http.wire - http-outgoing-2 >> "Host: localhost:36428[\r][\n]"
10:17:38.009 [Forwarding findElement on session c2c9e5df695e5c1a4290eacba5ee9727 to remote] DEBUG org.apache.http.wire - http-outgoing-2 >> "Connection: Keep-Alive[\r][\n]"
10:17:38.009 [Forwarding findElement on session c2c9e5df695e5c1a4290eacba5ee9727 to remote] DEBUG org.apache.http.wire - http-outgoing-2 >> "User-Agent: Apache-HttpClient/4.5.2 (Java/1.8.0_162)[\r][\n]"
10:17:38.009 [Forwarding findElement on session c2c9e5df695e5c1a4290eacba5ee9727 to remote] DEBUG org.apache.http.wire - http-outgoing-2 >> "Accept-Encoding: gzip,deflate[\r][\n]"
10:17:38.009 [Forwarding findElement on session c2c9e5df695e5c1a4290eacba5ee9727 to remote] DEBUG org.apache.http.wire - http-outgoing-2 >> "[\r][\n]"
10:17:38.009 [Forwarding findElement on session c2c9e5df695e5c1a4290eacba5ee9727 to remote] DEBUG org.apache.http.wire - http-outgoing-2 >> "{"using":"xpath","value":"//span[text()=\"[0xe8][0xaf][0xb7][0xe9][0x80][0x89][0xe6][0x8b][0xa9]\"]"}"
10:17:38.017 [Forwarding findElement on session c2c9e5df695e5c1a4290eacba5ee9727 to remote] DEBUG org.apache.http.wire - http-outgoing-2 << "HTTP/1.1 200 OK[\r][\n]"
10:17:38.017 [Forwarding findElement on session c2c9e5df695e5c1a4290eacba5ee9727 to remote] DEBUG org.apache.http.wire - http-outgoing-2 << "Content-Length:102[\r][\n]"
10:17:38.017 [Forwarding findElement on session c2c9e5df695e5c1a4290eacba5ee9727 to remote] DEBUG org.apache.http.wire - http-outgoing-2 << "Content-Type:application/json; charset=utf-8[\r][\n]"
10:17:38.017 [Forwarding findElement on session c2c9e5df695e5c1a4290eacba5ee9727 to remote] DEBUG org.apache.http.wire - http-outgoing-2 << "[\r][\n]"
10:17:38.017 [Forwarding findElement on session c2c9e5df695e5c1a4290eacba5ee9727 to remote] DEBUG org.apache.http.wire - http-outgoing-2 << "{"sessionId":"c2c9e5df695e5c1a4290eacba5ee9727","status":0,"value":{"ELEMENT":"0.5604591143034019-9"}}"
10:17:38.018 [Forwarding findElement on session c2c9e5df695e5c1a4290eacba5ee9727 to remote] DEBUG org.apache.http.headers - http-outgoing-2 << HTTP/1.1 200 OK
10:17:38.018 [Forwarding findElement on session c2c9e5df695e5c1a4290eacba5ee9727 to remote] DEBUG org.apache.http.headers - http-outgoing-2 << Content-Length:102
10:17:38.018 [Forwarding findElement on session c2c9e5df695e5c1a4290eacba5ee9727 to remote] DEBUG org.apache.http.headers - http-outgoing-2 << Content-Type:application/json; charset=utf-8
10:17:38.018 [Forwarding findElement on session c2c9e5df695e5c1a4290eacba5ee9727 to remote] DEBUG org.apache.http.impl.execchain.MainClientExec - Connection can be kept alive indefinitely
10:17:38.018 [Forwarding findElement on session c2c9e5df695e5c1a4290eacba5ee9727 to remote] DEBUG org.apache.http.impl.conn.PoolingHttpClientConnectionManager - Connection [id: 2][route: {}->http://localhost:36428] can be kept alive indefinitely
10:17:38.018 [Forwarding findElement on session c2c9e5df695e5c1a4290eacba5ee9727 to remote] DEBUG org.apache.http.impl.conn.PoolingHttpClientConnectionManager - Connection released: [id: 2][route: {}->http://localhost:36428][total kept alive: 1; route allocated: 1 of 2000; total allocated: 1 of 2000]
10:17:38.018 [Forwarding clickElement on session c2c9e5df695e5c1a4290eacba5ee9727 to remote] DEBUG org.apache.http.client.protocol.RequestAddCookies - CookieSpec selected: default
10:17:38.018 [Forwarding clickElement on session c2c9e5df695e5c1a4290eacba5ee9727 to remote] DEBUG org.apache.http.client.protocol.RequestAuthCache - Auth cache not set in the context
10:17:38.018 [Forwarding clickElement on session c2c9e5df695e5c1a4290eacba5ee9727 to remote] DEBUG org.apache.http.impl.conn.PoolingHttpClientConnectionManager - Connection request: [route: {}->http://localhost:36428][total kept alive: 1; route allocated: 1 of 2000; total allocated: 1 of 2000]
10:17:38.018 [Forwarding clickElement on session c2c9e5df695e5c1a4290eacba5ee9727 to remote] DEBUG org.apache.http.impl.conn.PoolingHttpClientConnectionManager - Connection leased: [id: 2][route: {}->http://localhost:36428][total kept alive: 0; route allocated: 1 of 2000; total allocated: 1 of 2000]
10:17:38.018 [Forwarding clickElement on session c2c9e5df695e5c1a4290eacba5ee9727 to remote] DEBUG org.apache.http.impl.execchain.MainClientExec - Stale connection check
10:17:38.025 [Forwarding clickElement on session c2c9e5df695e5c1a4290eacba5ee9727 to remote] DEBUG org.apache.http.wire - http-outgoing-2 << "[read] I/O error: Read timed out"
10:17:38.025 [Forwarding clickElement on session c2c9e5df695e5c1a4290eacba5ee9727 to remote] DEBUG org.apache.http.impl.conn.DefaultManagedHttpClientConnection - http-outgoing-2: set socket timeout to 10800000
10:17:38.025 [Forwarding clickElement on session c2c9e5df695e5c1a4290eacba5ee9727 to remote] DEBUG org.apache.http.impl.execchain.MainClientExec - Executing request POST /session/c2c9e5df695e5c1a4290eacba5ee9727/element/0.5604591143034019-9/click HTTP/1.1
10:17:38.025 [Forwarding clickElement on session c2c9e5df695e5c1a4290eacba5ee9727 to remote] DEBUG org.apache.http.impl.execchain.MainClientExec - Target auth state: UNCHALLENGED
10:17:38.025 [Forwarding clickElement on session c2c9e5df695e5c1a4290eacba5ee9727 to remote] DEBUG org.apache.http.impl.execchain.MainClientExec - Proxy auth state: UNCHALLENGED
10:17:38.025 [Forwarding clickElement on session c2c9e5df695e5c1a4290eacba5ee9727 to remote] DEBUG org.apache.http.headers - http-outgoing-2 >> POST /session/c2c9e5df695e5c1a4290eacba5ee9727/element/0.5604591143034019-9/click HTTP/1.1
10:17:38.025 [Forwarding clickElement on session c2c9e5df695e5c1a4290eacba5ee9727 to remote] DEBUG org.apache.http.headers - http-outgoing-2 >> Content-Type: application/json; charset=utf-8
10:17:38.025 [Forwarding clickElement on session c2c9e5df695e5c1a4290eacba5ee9727 to remote] DEBUG org.apache.http.headers - http-outgoing-2 >> Content-Length: 29
10:17:38.025 [Forwarding clickElement on session c2c9e5df695e5c1a4290eacba5ee9727 to remote] DEBUG org.apache.http.headers - http-outgoing-2 >> Host: localhost:36428
10:17:38.025 [Forwarding clickElement on session c2c9e5df695e5c1a4290eacba5ee9727 to remote] DEBUG org.apache.http.headers - http-outgoing-2 >> Connection: Keep-Alive
10:17:38.025 [Forwarding clickElement on session c2c9e5df695e5c1a4290eacba5ee9727 to remote] DEBUG org.apache.http.headers - http-outgoing-2 >> User-Agent: Apache-HttpClient/4.5.2 (Java/1.8.0_162)
10:17:38.025 [Forwarding clickElement on session c2c9e5df695e5c1a4290eacba5ee9727 to remote] DEBUG org.apache.http.headers - http-outgoing-2 >> Accept-Encoding: gzip,deflate
10:17:38.025 [Forwarding clickElement on session c2c9e5df695e5c1a4290eacba5ee9727 to remote] DEBUG org.apache.http.wire - http-outgoing-2 >> "POST /session/c2c9e5df695e5c1a4290eacba5ee9727/element/0.5604591143034019-9/click HTTP/1.1[\r][\n]"
10:17:38.025 [Forwarding clickElement on session c2c9e5df695e5c1a4290eacba5ee9727 to remote] DEBUG org.apache.http.wire - http-outgoing-2 >> "Content-Type: application/json; charset=utf-8[\r][\n]"
10:17:38.025 [Forwarding clickElement on session c2c9e5df695e5c1a4290eacba5ee9727 to remote] DEBUG org.apache.http.wire - http-outgoing-2 >> "Content-Length: 29[\r][\n]"
10:17:38.025 [Forwarding clickElement on session c2c9e5df695e5c1a4290eacba5ee9727 to remote] DEBUG org.apache.http.wire - http-outgoing-2 >> "Host: localhost:36428[\r][\n]"
10:17:38.025 [Forwarding clickElement on session c2c9e5df695e5c1a4290eacba5ee9727 to remote] DEBUG org.apache.http.wire - http-outgoing-2 >> "Connection: Keep-Alive[\r][\n]"
10:17:38.025 [Forwarding clickElement on session c2c9e5df695e5c1a4290eacba5ee9727 to remote] DEBUG org.apache.http.wire - http-outgoing-2 >> "User-Agent: Apache-HttpClient/4.5.2 (Java/1.8.0_162)[\r][\n]"
10:17:38.025 [Forwarding clickElement on session c2c9e5df695e5c1a4290eacba5ee9727 to remote] DEBUG org.apache.http.wire - http-outgoing-2 >> "Accept-Encoding: gzip,deflate[\r][\n]"
10:17:38.025 [Forwarding clickElement on session c2c9e5df695e5c1a4290eacba5ee9727 to remote] DEBUG org.apache.http.wire - http-outgoing-2 >> "[\r][\n]"
10:17:38.025 [Forwarding clickElement on session c2c9e5df695e5c1a4290eacba5ee9727 to remote] DEBUG org.apache.http.wire - http-outgoing-2 >> "{"id":"0.5604591143034019-9"}"
10:17:38.262 [Forwarding clickElement on session c2c9e5df695e5c1a4290eacba5ee9727 to remote] DEBUG org.apache.http.wire - http-outgoing-2 << "HTTP/1.1 200 OK[\r][\n]"
10:17:38.262 [Forwarding clickElement on session c2c9e5df695e5c1a4290eacba5ee9727 to remote] DEBUG org.apache.http.wire - http-outgoing-2 << "Content-Length:72[\r][\n]"
10:17:38.262 [Forwarding clickElement on session c2c9e5df695e5c1a4290eacba5ee9727 to remote] DEBUG org.apache.http.wire - http-outgoing-2 << "Content-Type:application/json; charset=utf-8[\r][\n]"
10:17:38.262 [Forwarding clickElement on session c2c9e5df695e5c1a4290eacba5ee9727 to remote] DEBUG org.apache.http.wire - http-outgoing-2 << "[\r][\n]"
10:17:38.262 [Forwarding clickElement on session c2c9e5df695e5c1a4290eacba5ee9727 to remote] DEBUG org.apache.http.wire - http-outgoing-2 << "{"sessionId":"c2c9e5df695e5c1a4290eacba5ee9727","status":0,"value":null}"
10:17:38.262 [Forwarding clickElement on session c2c9e5df695e5c1a4290eacba5ee9727 to remote] DEBUG org.apache.http.headers - http-outgoing-2 << HTTP/1.1 200 OK
10:17:38.262 [Forwarding clickElement on session c2c9e5df695e5c1a4290eacba5ee9727 to remote] DEBUG org.apache.http.headers - http-outgoing-2 << Content-Length:72
10:17:38.262 [Forwarding clickElement on session c2c9e5df695e5c1a4290eacba5ee9727 to remote] DEBUG org.apache.http.headers - http-outgoing-2 << Content-Type:application/json; charset=utf-8
10:17:38.262 [Forwarding clickElement on session c2c9e5df695e5c1a4290eacba5ee9727 to remote] DEBUG org.apache.http.impl.execchain.MainClientExec - Connection can be kept alive indefinitely
10:17:38.262 [Forwarding clickElement on session c2c9e5df695e5c1a4290eacba5ee9727 to remote] DEBUG org.apache.http.impl.conn.PoolingHttpClientConnectionManager - Connection [id: 2][route: {}->http://localhost:36428] can be kept alive indefinitely
10:17:38.262 [Forwarding clickElement on session c2c9e5df695e5c1a4290eacba5ee9727 to remote] DEBUG org.apache.http.impl.conn.PoolingHttpClientConnectionManager - Connection released: [id: 2][route: {}->http://localhost:36428][total kept alive: 1; route allocated: 1 of 2000; total allocated: 1 of 2000]
10:17:39.266 [Forwarding findElement on session c2c9e5df695e5c1a4290eacba5ee9727 to remote] DEBUG org.apache.http.client.protocol.RequestAddCookies - CookieSpec selected: default
10:17:39.266 [Forwarding findElement on session c2c9e5df695e5c1a4290eacba5ee9727 to remote] DEBUG org.apache.http.client.protocol.RequestAuthCache - Auth cache not set in the context
10:17:39.266 [Forwarding findElement on session c2c9e5df695e5c1a4290eacba5ee9727 to remote] DEBUG org.apache.http.impl.conn.PoolingHttpClientConnectionManager - Connection request: [route: {}->http://localhost:36428][total kept alive: 1; route allocated: 1 of 2000; total allocated: 1 of 2000]
10:17:39.266 [Forwarding findElement on session c2c9e5df695e5c1a4290eacba5ee9727 to remote] DEBUG org.apache.http.impl.conn.PoolingHttpClientConnectionManager - Connection leased: [id: 2][route: {}->http://localhost:36428][total kept alive: 0; route allocated: 1 of 2000; total allocated: 1 of 2000]
10:17:39.266 [Forwarding findElement on session c2c9e5df695e5c1a4290eacba5ee9727 to remote] DEBUG org.apache.http.impl.execchain.MainClientExec - Stale connection check
10:17:39.282 [Forwarding findElement on session c2c9e5df695e5c1a4290eacba5ee9727 to remote] DEBUG org.apache.http.wire - http-outgoing-2 << "[read] I/O error: Read timed out"
10:17:39.282 [Forwarding findElement on session c2c9e5df695e5c1a4290eacba5ee9727 to remote] DEBUG org.apache.http.impl.conn.DefaultManagedHttpClientConnection - http-outgoing-2: set socket timeout to 10800000
10:17:39.282 [Forwarding findElement on session c2c9e5df695e5c1a4290eacba5ee9727 to remote] DEBUG org.apache.http.impl.execchain.MainClientExec - Executing request POST /session/c2c9e5df695e5c1a4290eacba5ee9727/element HTTP/1.1
10:17:39.282 [Forwarding findElement on session c2c9e5df695e5c1a4290eacba5ee9727 to remote] DEBUG org.apache.http.impl.execchain.MainClientExec - Target auth state: UNCHALLENGED
10:17:39.282 [Forwarding findElement on session c2c9e5df695e5c1a4290eacba5ee9727 to remote] DEBUG org.apache.http.impl.execchain.MainClientExec - Proxy auth state: UNCHALLENGED
10:17:39.282 [Forwarding findElement on session c2c9e5df695e5c1a4290eacba5ee9727 to remote] DEBUG org.apache.http.headers - http-outgoing-2 >> POST /session/c2c9e5df695e5c1a4290eacba5ee9727/element HTTP/1.1
10:17:39.282 [Forwarding findElement on session c2c9e5df695e5c1a4290eacba5ee9727 to remote] DEBUG org.apache.http.headers - http-outgoing-2 >> Content-Type: application/json; charset=utf-8
10:17:39.282 [Forwarding findElement on session c2c9e5df695e5c1a4290eacba5ee9727 to remote] DEBUG org.apache.http.headers - http-outgoing-2 >> Content-Length: 149
10:17:39.282 [Forwarding findElement on session c2c9e5df695e5c1a4290eacba5ee9727 to remote] DEBUG org.apache.http.headers - http-outgoing-2 >> Host: localhost:36428
10:17:39.282 [Forwarding findElement on session c2c9e5df695e5c1a4290eacba5ee9727 to remote] DEBUG org.apache.http.headers - http-outgoing-2 >> Connection: Keep-Alive
10:17:39.282 [Forwarding findElement on session c2c9e5df695e5c1a4290eacba5ee9727 to remote] DEBUG org.apache.http.headers - http-outgoing-2 >> User-Agent: Apache-HttpClient/4.5.2 (Java/1.8.0_162)
10:17:39.282 [Forwarding findElement on session c2c9e5df695e5c1a4290eacba5ee9727 to remote] DEBUG org.apache.http.headers - http-outgoing-2 >> Accept-Encoding: gzip,deflate
10:17:39.282 [Forwarding findElement on session c2c9e5df695e5c1a4290eacba5ee9727 to remote] DEBUG org.apache.http.wire - http-outgoing-2 >> "POST /session/c2c9e5df695e5c1a4290eacba5ee9727/element HTTP/1.1[\r][\n]"
10:17:39.282 [Forwarding findElement on session c2c9e5df695e5c1a4290eacba5ee9727 to remote] DEBUG org.apache.http.wire - http-outgoing-2 >> "Content-Type: application/json; charset=utf-8[\r][\n]"
10:17:39.282 [Forwarding findElement on session c2c9e5df695e5c1a4290eacba5ee9727 to remote] DEBUG org.apache.http.wire - http-outgoing-2 >> "Content-Length: 149[\r][\n]"
10:17:39.282 [Forwarding findElement on session c2c9e5df695e5c1a4290eacba5ee9727 to remote] DEBUG org.apache.http.wire - http-outgoing-2 >> "Host: localhost:36428[\r][\n]"
10:17:39.282 [Forwarding findElement on session c2c9e5df695e5c1a4290eacba5ee9727 to remote] DEBUG org.apache.http.wire - http-outgoing-2 >> "Connection: Keep-Alive[\r][\n]"
10:17:39.282 [Forwarding findElement on session c2c9e5df695e5c1a4290eacba5ee9727 to remote] DEBUG org.apache.http.wire - http-outgoing-2 >> "User-Agent: Apache-HttpClient/4.5.2 (Java/1.8.0_162)[\r][\n]"
10:17:39.282 [Forwarding findElement on session c2c9e5df695e5c1a4290eacba5ee9727 to remote] DEBUG org.apache.http.wire - http-outgoing-2 >> "Accept-Encoding: gzip,deflate[\r][\n]"
10:17:39.282 [Forwarding findElement on session c2c9e5df695e5c1a4290eacba5ee9727 to remote] DEBUG org.apache.http.wire - http-outgoing-2 >> "[\r][\n]"
10:17:39.282 [Forwarding findElement on session c2c9e5df695e5c1a4290eacba5ee9727 to remote] DEBUG org.apache.http.wire - http-outgoing-2 >> "{"using":"xpath","value":"//div[@class=\"w340 ivu-select ivu-select-visible ivu-select-single ivu-select-default\"]//li[@class=\"ivu-select-item\"]"}"
10:17:39.305 [Forwarding findElement on session c2c9e5df695e5c1a4290eacba5ee9727 to remote] DEBUG org.apache.http.wire - http-outgoing-2 << "HTTP/1.1 200 OK[\r][\n]"
10:17:39.305 [Forwarding findElement on session c2c9e5df695e5c1a4290eacba5ee9727 to remote] DEBUG org.apache.http.wire - http-outgoing-2 << "Content-Length:103[\r][\n]"
10:17:39.305 [Forwarding findElement on session c2c9e5df695e5c1a4290eacba5ee9727 to remote] DEBUG org.apache.http.wire - http-outgoing-2 << "Content-Type:application/json; charset=utf-8[\r][\n]"
10:17:39.305 [Forwarding findElement on session c2c9e5df695e5c1a4290eacba5ee9727 to remote] DEBUG org.apache.http.wire - http-outgoing-2 << "[\r][\n]"
10:17:39.305 [Forwarding findElement on session c2c9e5df695e5c1a4290eacba5ee9727 to remote] DEBUG org.apache.http.wire - http-outgoing-2 << "{"sessionId":"c2c9e5df695e5c1a4290eacba5ee9727","status":0,"value":{"ELEMENT":"0.5604591143034019-10"}}"
10:17:39.305 [Forwarding findElement on session c2c9e5df695e5c1a4290eacba5ee9727 to remote] DEBUG org.apache.http.headers - http-outgoing-2 << HTTP/1.1 200 OK
10:17:39.305 [Forwarding findElement on session c2c9e5df695e5c1a4290eacba5ee9727 to remote] DEBUG org.apache.http.headers - http-outgoing-2 << Content-Length:103
10:17:39.305 [Forwarding findElement on session c2c9e5df695e5c1a4290eacba5ee9727 to remote] DEBUG org.apache.http.headers - http-outgoing-2 << Content-Type:application/json; charset=utf-8
10:17:39.305 [Forwarding findElement on session c2c9e5df695e5c1a4290eacba5ee9727 to remote] DEBUG org.apache.http.impl.execchain.MainClientExec - Connection can be kept alive indefinitely
10:17:39.305 [Forwarding findElement on session c2c9e5df695e5c1a4290eacba5ee9727 to remote] DEBUG org.apache.http.impl.conn.PoolingHttpClientConnectionManager - Connection [id: 2][route: {}->http://localhost:36428] can be kept alive indefinitely
10:17:39.305 [Forwarding findElement on session c2c9e5df695e5c1a4290eacba5ee9727 to remote] DEBUG org.apache.http.impl.conn.PoolingHttpClientConnectionManager - Connection released: [id: 2][route: {}->http://localhost:36428][total kept alive: 1; route allocated: 1 of 2000; total allocated: 1 of 2000]
10:17:39.306 [Forwarding clickElement on session c2c9e5df695e5c1a4290eacba5ee9727 to remote] DEBUG org.apache.http.client.protocol.RequestAddCookies - CookieSpec selected: default
10:17:39.306 [Forwarding clickElement on session c2c9e5df695e5c1a4290eacba5ee9727 to remote] DEBUG org.apache.http.client.protocol.RequestAuthCache - Auth cache not set in the context
10:17:39.306 [Forwarding clickElement on session c2c9e5df695e5c1a4290eacba5ee9727 to remote] DEBUG org.apache.http.impl.conn.PoolingHttpClientConnectionManager - Connection request: [route: {}->http://localhost:36428][total kept alive: 1; route allocated: 1 of 2000; total allocated: 1 of 2000]
10:17:39.306 [Forwarding clickElement on session c2c9e5df695e5c1a4290eacba5ee9727 to remote] DEBUG org.apache.http.impl.conn.PoolingHttpClientConnectionManager - Connection leased: [id: 2][route: {}->http://localhost:36428][total kept alive: 0; route allocated: 1 of 2000; total allocated: 1 of 2000]
10:17:39.306 [Forwarding clickElement on session c2c9e5df695e5c1a4290eacba5ee9727 to remote] DEBUG org.apache.http.impl.execchain.MainClientExec - Stale connection check
10:17:39.313 [Forwarding clickElement on session c2c9e5df695e5c1a4290eacba5ee9727 to remote] DEBUG org.apache.http.wire - http-outgoing-2 << "[read] I/O error: Read timed out"
10:17:39.313 [Forwarding clickElement on session c2c9e5df695e5c1a4290eacba5ee9727 to remote] DEBUG org.apache.http.impl.conn.DefaultManagedHttpClientConnection - http-outgoing-2: set socket timeout to 10800000
10:17:39.313 [Forwarding clickElement on session c2c9e5df695e5c1a4290eacba5ee9727 to remote] DEBUG org.apache.http.impl.execchain.MainClientExec - Executing request POST /session/c2c9e5df695e5c1a4290eacba5ee9727/element/0.5604591143034019-10/click HTTP/1.1
10:17:39.313 [Forwarding clickElement on session c2c9e5df695e5c1a4290eacba5ee9727 to remote] DEBUG org.apache.http.impl.execchain.MainClientExec - Target auth state: UNCHALLENGED
10:17:39.313 [Forwarding clickElement on session c2c9e5df695e5c1a4290eacba5ee9727 to remote] DEBUG org.apache.http.impl.execchain.MainClientExec - Proxy auth state: UNCHALLENGED
10:17:39.313 [Forwarding clickElement on session c2c9e5df695e5c1a4290eacba5ee9727 to remote] DEBUG org.apache.http.headers - http-outgoing-2 >> POST /session/c2c9e5df695e5c1a4290eacba5ee9727/element/0.5604591143034019-10/click HTTP/1.1
10:17:39.313 [Forwarding clickElement on session c2c9e5df695e5c1a4290eacba5ee9727 to remote] DEBUG org.apache.http.headers - http-outgoing-2 >> Content-Type: application/json; charset=utf-8
10:17:39.313 [Forwarding clickElement on session c2c9e5df695e5c1a4290eacba5ee9727 to remote] DEBUG org.apache.http.headers - http-outgoing-2 >> Content-Length: 30
10:17:39.313 [Forwarding clickElement on session c2c9e5df695e5c1a4290eacba5ee9727 to remote] DEBUG org.apache.http.headers - http-outgoing-2 >> Host: localhost:36428
10:17:39.313 [Forwarding clickElement on session c2c9e5df695e5c1a4290eacba5ee9727 to remote] DEBUG org.apache.http.headers - http-outgoing-2 >> Connection: Keep-Alive
10:17:39.313 [Forwarding clickElement on session c2c9e5df695e5c1a4290eacba5ee9727 to remote] DEBUG org.apache.http.headers - http-outgoing-2 >> User-Agent: Apache-HttpClient/4.5.2 (Java/1.8.0_162)
10:17:39.313 [Forwarding clickElement on session c2c9e5df695e5c1a4290eacba5ee9727 to remote] DEBUG org.apache.http.headers - http-outgoing-2 >> Accept-Encoding: gzip,deflate
10:17:39.313 [Forwarding clickElement on session c2c9e5df695e5c1a4290eacba5ee9727 to remote] DEBUG org.apache.http.wire - http-outgoing-2 >> "POST /session/c2c9e5df695e5c1a4290eacba5ee9727/element/0.5604591143034019-10/click HTTP/1.1[\r][\n]"
10:17:39.313 [Forwarding clickElement on session c2c9e5df695e5c1a4290eacba5ee9727 to remote] DEBUG org.apache.http.wire - http-outgoing-2 >> "Content-Type: application/json; charset=utf-8[\r][\n]"
10:17:39.313 [Forwarding clickElement on session c2c9e5df695e5c1a4290eacba5ee9727 to remote] DEBUG org.apache.http.wire - http-outgoing-2 >> "Content-Length: 30[\r][\n]"
10:17:39.313 [Forwarding clickElement on session c2c9e5df695e5c1a4290eacba5ee9727 to remote] DEBUG org.apache.http.wire - http-outgoing-2 >> "Host: localhost:36428[\r][\n]"
10:17:39.313 [Forwarding clickElement on session c2c9e5df695e5c1a4290eacba5ee9727 to remote] DEBUG org.apache.http.wire - http-outgoing-2 >> "Connection: Keep-Alive[\r][\n]"
10:17:39.313 [Forwarding clickElement on session c2c9e5df695e5c1a4290eacba5ee9727 to remote] DEBUG org.apache.http.wire - http-outgoing-2 >> "User-Agent: Apache-HttpClient/4.5.2 (Java/1.8.0_162)[\r][\n]"
10:17:39.313 [Forwarding clickElement on session c2c9e5df695e5c1a4290eacba5ee9727 to remote] DEBUG org.apache.http.wire - http-outgoing-2 >> "Accept-Encoding: gzip,deflate[\r][\n]"
10:17:39.313 [Forwarding clickElement on session c2c9e5df695e5c1a4290eacba5ee9727 to remote] DEBUG org.apache.http.wire - http-outgoing-2 >> "[\r][\n]"
10:17:39.313 [Forwarding clickElement on session c2c9e5df695e5c1a4290eacba5ee9727 to remote] DEBUG org.apache.http.wire - http-outgoing-2 >> "{"id":"0.5604591143034019-10"}"
10:17:39.377 [Forwarding clickElement on session c2c9e5df695e5c1a4290eacba5ee9727 to remote] DEBUG org.apache.http.wire - http-outgoing-2 << "HTTP/1.1 200 OK[\r][\n]"
10:17:39.377 [Forwarding clickElement on session c2c9e5df695e5c1a4290eacba5ee9727 to remote] DEBUG org.apache.http.wire - http-outgoing-2 << "Content-Length:72[\r][\n]"
10:17:39.377 [Forwarding clickElement on session c2c9e5df695e5c1a4290eacba5ee9727 to remote] DEBUG org.apache.http.wire - http-outgoing-2 << "Content-Type:application/json; charset=utf-8[\r][\n]"
10:17:39.377 [Forwarding clickElement on session c2c9e5df695e5c1a4290eacba5ee9727 to remote] DEBUG org.apache.http.wire - http-outgoing-2 << "[\r][\n]"
10:17:39.377 [Forwarding clickElement on session c2c9e5df695e5c1a4290eacba5ee9727 to remote] DEBUG org.apache.http.wire - http-outgoing-2 << "{"sessionId":"c2c9e5df695e5c1a4290eacba5ee9727","status":0,"value":null}"
10:17:39.377 [Forwarding clickElement on session c2c9e5df695e5c1a4290eacba5ee9727 to remote] DEBUG org.apache.http.headers - http-outgoing-2 << HTTP/1.1 200 OK
10:17:39.377 [Forwarding clickElement on session c2c9e5df695e5c1a4290eacba5ee9727 to remote] DEBUG org.apache.http.headers - http-outgoing-2 << Content-Length:72
10:17:39.377 [Forwarding clickElement on session c2c9e5df695e5c1a4290eacba5ee9727 to remote] DEBUG org.apache.http.headers - http-outgoing-2 << Content-Type:application/json; charset=utf-8
10:17:39.377 [Forwarding clickElement on session c2c9e5df695e5c1a4290eacba5ee9727 to remote] DEBUG org.apache.http.impl.execchain.MainClientExec - Connection can be kept alive indefinitely
10:17:39.377 [Forwarding clickElement on session c2c9e5df695e5c1a4290eacba5ee9727 to remote] DEBUG org.apache.http.impl.conn.PoolingHttpClientConnectionManager - Connection [id: 2][route: {}->http://localhost:36428] can be kept alive indefinitely
10:17:39.377 [Forwarding clickElement on session c2c9e5df695e5c1a4290eacba5ee9727 to remote] DEBUG org.apache.http.impl.conn.PoolingHttpClientConnectionManager - Connection released: [id: 2][route: {}->http://localhost:36428][total kept alive: 1; route allocated: 1 of 2000; total allocated: 1 of 2000]
10:17:39.378 [Forwarding findElement on session c2c9e5df695e5c1a4290eacba5ee9727 to remote] DEBUG org.apache.http.client.protocol.RequestAddCookies - CookieSpec selected: default
10:17:39.378 [Forwarding findElement on session c2c9e5df695e5c1a4290eacba5ee9727 to remote] DEBUG org.apache.http.client.protocol.RequestAuthCache - Auth cache not set in the context
10:17:39.378 [Forwarding findElement on session c2c9e5df695e5c1a4290eacba5ee9727 to remote] DEBUG org.apache.http.impl.conn.PoolingHttpClientConnectionManager - Connection request: [route: {}->http://localhost:36428][total kept alive: 1; route allocated: 1 of 2000; total allocated: 1 of 2000]
10:17:39.378 [Forwarding findElement on session c2c9e5df695e5c1a4290eacba5ee9727 to remote] DEBUG org.apache.http.impl.conn.PoolingHttpClientConnectionManager - Connection leased: [id: 2][route: {}->http://localhost:36428][total kept alive: 0; route allocated: 1 of 2000; total allocated: 1 of 2000]
10:17:39.378 [Forwarding findElement on session c2c9e5df695e5c1a4290eacba5ee9727 to remote] DEBUG org.apache.http.impl.execchain.MainClientExec - Stale connection check
10:17:39.391 [Forwarding findElement on session c2c9e5df695e5c1a4290eacba5ee9727 to remote] DEBUG org.apache.http.wire - http-outgoing-2 << "[read] I/O error: Read timed out"
10:17:39.391 [Forwarding findElement on session c2c9e5df695e5c1a4290eacba5ee9727 to remote] DEBUG org.apache.http.impl.conn.DefaultManagedHttpClientConnection - http-outgoing-2: set socket timeout to 10800000
10:17:39.391 [Forwarding findElement on session c2c9e5df695e5c1a4290eacba5ee9727 to remote] DEBUG org.apache.http.impl.execchain.MainClientExec - Executing request POST /session/c2c9e5df695e5c1a4290eacba5ee9727/element HTTP/1.1
10:17:39.391 [Forwarding findElement on session c2c9e5df695e5c1a4290eacba5ee9727 to remote] DEBUG org.apache.http.impl.execchain.MainClientExec - Target auth state: UNCHALLENGED
10:17:39.391 [Forwarding findElement on session c2c9e5df695e5c1a4290eacba5ee9727 to remote] DEBUG org.apache.http.impl.execchain.MainClientExec - Proxy auth state: UNCHALLENGED
10:17:39.391 [Forwarding findElement on session c2c9e5df695e5c1a4290eacba5ee9727 to remote] DEBUG org.apache.http.headers - http-outgoing-2 >> POST /session/c2c9e5df695e5c1a4290eacba5ee9727/element HTTP/1.1
10:17:39.391 [Forwarding findElement on session c2c9e5df695e5c1a4290eacba5ee9727 to remote] DEBUG org.apache.http.headers - http-outgoing-2 >> Content-Type: application/json; charset=utf-8
10:17:39.391 [Forwarding findElement on session c2c9e5df695e5c1a4290eacba5ee9727 to remote] DEBUG org.apache.http.headers - http-outgoing-2 >> Content-Length: 77
10:17:39.391 [Forwarding findElement on session c2c9e5df695e5c1a4290eacba5ee9727 to remote] DEBUG org.apache.http.headers - http-outgoing-2 >> Host: localhost:36428
10:17:39.391 [Forwarding findElement on session c2c9e5df695e5c1a4290eacba5ee9727 to remote] DEBUG org.apache.http.headers - http-outgoing-2 >> Connection: Keep-Alive
10:17:39.391 [Forwarding findElement on session c2c9e5df695e5c1a4290eacba5ee9727 to remote] DEBUG org.apache.http.headers - http-outgoing-2 >> User-Agent: Apache-HttpClient/4.5.2 (Java/1.8.0_162)
10:17:39.391 [Forwarding findElement on session c2c9e5df695e5c1a4290eacba5ee9727 to remote] DEBUG org.apache.http.headers - http-outgoing-2 >> Accept-Encoding: gzip,deflate
10:17:39.391 [Forwarding findElement on session c2c9e5df695e5c1a4290eacba5ee9727 to remote] DEBUG org.apache.http.wire - http-outgoing-2 >> "POST /session/c2c9e5df695e5c1a4290eacba5ee9727/element HTTP/1.1[\r][\n]"
10:17:39.391 [Forwarding findElement on session c2c9e5df695e5c1a4290eacba5ee9727 to remote] DEBUG org.apache.http.wire - http-outgoing-2 >> "Content-Type: application/json; charset=utf-8[\r][\n]"
10:17:39.391 [Forwarding findElement on session c2c9e5df695e5c1a4290eacba5ee9727 to remote] DEBUG org.apache.http.wire - http-outgoing-2 >> "Content-Length: 77[\r][\n]"
10:17:39.391 [Forwarding findElement on session c2c9e5df695e5c1a4290eacba5ee9727 to remote] DEBUG org.apache.http.wire - http-outgoing-2 >> "Host: localhost:36428[\r][\n]"
10:17:39.391 [Forwarding findElement on session c2c9e5df695e5c1a4290eacba5ee9727 to remote] DEBUG org.apache.http.wire - http-outgoing-2 >> "Connection: Keep-Alive[\r][\n]"
10:17:39.391 [Forwarding findElement on session c2c9e5df695e5c1a4290eacba5ee9727 to remote] DEBUG org.apache.http.wire - http-outgoing-2 >> "User-Agent: Apache-HttpClient/4.5.2 (Java/1.8.0_162)[\r][\n]"
10:17:39.391 [Forwarding findElement on session c2c9e5df695e5c1a4290eacba5ee9727 to remote] DEBUG org.apache.http.wire - http-outgoing-2 >> "Accept-Encoding: gzip,deflate[\r][\n]"
10:17:39.391 [Forwarding findElement on session c2c9e5df695e5c1a4290eacba5ee9727 to remote] DEBUG org.apache.http.wire - http-outgoing-2 >> "[\r][\n]"
10:17:39.391 [Forwarding findElement on session c2c9e5df695e5c1a4290eacba5ee9727 to remote] DEBUG org.apache.http.wire - http-outgoing-2 >> "{"using":"xpath","value":"//input[@placeholder=\"[0xe5][0x8c][0xba][0xe5][0x8f][0xb7]-[0xe5][0xba][0xa7][0xe6][0x9c][0xba][0xe5][0x8f][0xb7]-[0xe5][0x88][0x86][0xe6][0x9c][0xba]\"]"}"
10:17:39.400 [Forwarding findElement on session c2c9e5df695e5c1a4290eacba5ee9727 to remote] DEBUG org.apache.http.wire - http-outgoing-2 << "HTTP/1.1 200 OK[\r][\n]"
10:17:39.400 [Forwarding findElement on session c2c9e5df695e5c1a4290eacba5ee9727 to remote] DEBUG org.apache.http.wire - http-outgoing-2 << "Content-Length:103[\r][\n]"
10:17:39.400 [Forwarding findElement on session c2c9e5df695e5c1a4290eacba5ee9727 to remote] DEBUG org.apache.http.wire - http-outgoing-2 << "Content-Type:application/json; charset=utf-8[\r][\n]"
10:17:39.400 [Forwarding findElement on session c2c9e5df695e5c1a4290eacba5ee9727 to remote] DEBUG org.apache.http.wire - http-outgoing-2 << "[\r][\n]"
10:17:39.400 [Forwarding findElement on session c2c9e5df695e5c1a4290eacba5ee9727 to remote] DEBUG org.apache.http.wire - http-outgoing-2 << "{"sessionId":"c2c9e5df695e5c1a4290eacba5ee9727","status":0,"value":{"ELEMENT":"0.5604591143034019-11"}}"
10:17:39.400 [Forwarding findElement on session c2c9e5df695e5c1a4290eacba5ee9727 to remote] DEBUG org.apache.http.headers - http-outgoing-2 << HTTP/1.1 200 OK
10:17:39.400 [Forwarding findElement on session c2c9e5df695e5c1a4290eacba5ee9727 to remote] DEBUG org.apache.http.headers - http-outgoing-2 << Content-Length:103
10:17:39.400 [Forwarding findElement on session c2c9e5df695e5c1a4290eacba5ee9727 to remote] DEBUG org.apache.http.headers - http-outgoing-2 << Content-Type:application/json; charset=utf-8
10:17:39.400 [Forwarding findElement on session c2c9e5df695e5c1a4290eacba5ee9727 to remote] DEBUG org.apache.http.impl.execchain.MainClientExec - Connection can be kept alive indefinitely
10:17:39.400 [Forwarding findElement on session c2c9e5df695e5c1a4290eacba5ee9727 to remote] DEBUG org.apache.http.impl.conn.PoolingHttpClientConnectionManager - Connection [id: 2][route: {}->http://localhost:36428] can be kept alive indefinitely
10:17:39.400 [Forwarding findElement on session c2c9e5df695e5c1a4290eacba5ee9727 to remote] DEBUG org.apache.http.impl.conn.PoolingHttpClientConnectionManager - Connection released: [id: 2][route: {}->http://localhost:36428][total kept alive: 1; route allocated: 1 of 2000; total allocated: 1 of 2000]
10:17:39.401 [Forwarding sendKeysToElement on session c2c9e5df695e5c1a4290eacba5ee9727 to remote] DEBUG org.apache.http.client.protocol.RequestAddCookies - CookieSpec selected: default
10:17:39.401 [Forwarding sendKeysToElement on session c2c9e5df695e5c1a4290eacba5ee9727 to remote] DEBUG org.apache.http.client.protocol.RequestAuthCache - Auth cache not set in the context
10:17:39.401 [Forwarding sendKeysToElement on session c2c9e5df695e5c1a4290eacba5ee9727 to remote] DEBUG org.apache.http.impl.conn.PoolingHttpClientConnectionManager - Connection request: [route: {}->http://localhost:36428][total kept alive: 1; route allocated: 1 of 2000; total allocated: 1 of 2000]
10:17:39.401 [Forwarding sendKeysToElement on session c2c9e5df695e5c1a4290eacba5ee9727 to remote] DEBUG org.apache.http.impl.conn.PoolingHttpClientConnectionManager - Connection leased: [id: 2][route: {}->http://localhost:36428][total kept alive: 0; route allocated: 1 of 2000; total allocated: 1 of 2000]
10:17:39.401 [Forwarding sendKeysToElement on session c2c9e5df695e5c1a4290eacba5ee9727 to remote] DEBUG org.apache.http.impl.execchain.MainClientExec - Stale connection check
10:17:39.406 [Forwarding sendKeysToElement on session c2c9e5df695e5c1a4290eacba5ee9727 to remote] DEBUG org.apache.http.wire - http-outgoing-2 << "[read] I/O error: Read timed out"
10:17:39.406 [Forwarding sendKeysToElement on session c2c9e5df695e5c1a4290eacba5ee9727 to remote] DEBUG org.apache.http.impl.conn.DefaultManagedHttpClientConnection - http-outgoing-2: set socket timeout to 10800000
10:17:39.406 [Forwarding sendKeysToElement on session c2c9e5df695e5c1a4290eacba5ee9727 to remote] DEBUG org.apache.http.impl.execchain.MainClientExec - Executing request POST /session/c2c9e5df695e5c1a4290eacba5ee9727/element/0.5604591143034019-11/value HTTP/1.1
10:17:39.406 [Forwarding sendKeysToElement on session c2c9e5df695e5c1a4290eacba5ee9727 to remote] DEBUG org.apache.http.impl.execchain.MainClientExec - Target auth state: UNCHALLENGED
10:17:39.406 [Forwarding sendKeysToElement on session c2c9e5df695e5c1a4290eacba5ee9727 to remote] DEBUG org.apache.http.impl.execchain.MainClientExec - Proxy auth state: UNCHALLENGED
10:17:39.406 [Forwarding sendKeysToElement on session c2c9e5df695e5c1a4290eacba5ee9727 to remote] DEBUG org.apache.http.headers - http-outgoing-2 >> POST /session/c2c9e5df695e5c1a4290eacba5ee9727/element/0.5604591143034019-11/value HTTP/1.1
10:17:39.406 [Forwarding sendKeysToElement on session c2c9e5df695e5c1a4290eacba5ee9727 to remote] DEBUG org.apache.http.headers - http-outgoing-2 >> Content-Type: application/json; charset=utf-8
10:17:39.406 [Forwarding sendKeysToElement on session c2c9e5df695e5c1a4290eacba5ee9727 to remote] DEBUG org.apache.http.headers - http-outgoing-2 >> Content-Length: 57
10:17:39.406 [Forwarding sendKeysToElement on session c2c9e5df695e5c1a4290eacba5ee9727 to remote] DEBUG org.apache.http.headers - http-outgoing-2 >> Host: localhost:36428
10:17:39.406 [Forwarding sendKeysToElement on session c2c9e5df695e5c1a4290eacba5ee9727 to remote] DEBUG org.apache.http.headers - http-outgoing-2 >> Connection: Keep-Alive
10:17:39.406 [Forwarding sendKeysToElement on session c2c9e5df695e5c1a4290eacba5ee9727 to remote] DEBUG org.apache.http.headers - http-outgoing-2 >> User-Agent: Apache-HttpClient/4.5.2 (Java/1.8.0_162)
10:17:39.406 [Forwarding sendKeysToElement on session c2c9e5df695e5c1a4290eacba5ee9727 to remote] DEBUG org.apache.http.headers - http-outgoing-2 >> Accept-Encoding: gzip,deflate
10:17:39.406 [Forwarding sendKeysToElement on session c2c9e5df695e5c1a4290eacba5ee9727 to remote] DEBUG org.apache.http.wire - http-outgoing-2 >> "POST /session/c2c9e5df695e5c1a4290eacba5ee9727/element/0.5604591143034019-11/value HTTP/1.1[\r][\n]"
10:17:39.406 [Forwarding sendKeysToElement on session c2c9e5df695e5c1a4290eacba5ee9727 to remote] DEBUG org.apache.http.wire - http-outgoing-2 >> "Content-Type: application/json; charset=utf-8[\r][\n]"
10:17:39.406 [Forwarding sendKeysToElement on session c2c9e5df695e5c1a4290eacba5ee9727 to remote] DEBUG org.apache.http.wire - http-outgoing-2 >> "Content-Length: 57[\r][\n]"
10:17:39.406 [Forwarding sendKeysToElement on session c2c9e5df695e5c1a4290eacba5ee9727 to remote] DEBUG org.apache.http.wire - http-outgoing-2 >> "Host: localhost:36428[\r][\n]"
10:17:39.406 [Forwarding sendKeysToElement on session c2c9e5df695e5c1a4290eacba5ee9727 to remote] DEBUG org.apache.http.wire - http-outgoing-2 >> "Connection: Keep-Alive[\r][\n]"
10:17:39.406 [Forwarding sendKeysToElement on session c2c9e5df695e5c1a4290eacba5ee9727 to remote] DEBUG org.apache.http.wire - http-outgoing-2 >> "User-Agent: Apache-HttpClient/4.5.2 (Java/1.8.0_162)[\r][\n]"
10:17:39.406 [Forwarding sendKeysToElement on session c2c9e5df695e5c1a4290eacba5ee9727 to remote] DEBUG org.apache.http.wire - http-outgoing-2 >> "Accept-Encoding: gzip,deflate[\r][\n]"
10:17:39.406 [Forwarding sendKeysToElement on session c2c9e5df695e5c1a4290eacba5ee9727 to remote] DEBUG org.apache.http.wire - http-outgoing-2 >> "[\r][\n]"
10:17:39.406 [Forwarding sendKeysToElement on session c2c9e5df695e5c1a4290eacba5ee9727 to remote] DEBUG org.apache.http.wire - http-outgoing-2 >> "{"id":"0.5604591143034019-11","value":["021-1234ARqcM5"]}"
10:17:39.614 [Forwarding sendKeysToElement on session c2c9e5df695e5c1a4290eacba5ee9727 to remote] DEBUG org.apache.http.wire - http-outgoing-2 << "HTTP/1.1 200 OK[\r][\n]"
10:17:39.614 [Forwarding sendKeysToElement on session c2c9e5df695e5c1a4290eacba5ee9727 to remote] DEBUG org.apache.http.wire - http-outgoing-2 << "Content-Length:72[\r][\n]"
10:17:39.614 [Forwarding sendKeysToElement on session c2c9e5df695e5c1a4290eacba5ee9727 to remote] DEBUG org.apache.http.wire - http-outgoing-2 << "Content-Type:application/json; charset=utf-8[\r][\n]"
10:17:39.614 [Forwarding sendKeysToElement on session c2c9e5df695e5c1a4290eacba5ee9727 to remote] DEBUG org.apache.http.wire - http-outgoing-2 << "[\r][\n]"
10:17:39.614 [Forwarding sendKeysToElement on session c2c9e5df695e5c1a4290eacba5ee9727 to remote] DEBUG org.apache.http.wire - http-outgoing-2 << "{"sessionId":"c2c9e5df695e5c1a4290eacba5ee9727","status":0,"value":null}"
10:17:39.614 [Forwarding sendKeysToElement on session c2c9e5df695e5c1a4290eacba5ee9727 to remote] DEBUG org.apache.http.headers - http-outgoing-2 << HTTP/1.1 200 OK
10:17:39.614 [Forwarding sendKeysToElement on session c2c9e5df695e5c1a4290eacba5ee9727 to remote] DEBUG org.apache.http.headers - http-outgoing-2 << Content-Length:72
10:17:39.614 [Forwarding sendKeysToElement on session c2c9e5df695e5c1a4290eacba5ee9727 to remote] DEBUG org.apache.http.headers - http-outgoing-2 << Content-Type:application/json; charset=utf-8
10:17:39.614 [Forwarding sendKeysToElement on session c2c9e5df695e5c1a4290eacba5ee9727 to remote] DEBUG org.apache.http.impl.execchain.MainClientExec - Connection can be kept alive indefinitely
10:17:39.614 [Forwarding sendKeysToElement on session c2c9e5df695e5c1a4290eacba5ee9727 to remote] DEBUG org.apache.http.impl.conn.PoolingHttpClientConnectionManager - Connection [id: 2][route: {}->http://localhost:36428] can be kept alive indefinitely
10:17:39.614 [Forwarding sendKeysToElement on session c2c9e5df695e5c1a4290eacba5ee9727 to remote] DEBUG org.apache.http.impl.conn.PoolingHttpClientConnectionManager - Connection released: [id: 2][route: {}->http://localhost:36428][total kept alive: 1; route allocated: 1 of 2000; total allocated: 1 of 2000]
10:17:40.629 [Forwarding findElement on session c2c9e5df695e5c1a4290eacba5ee9727 to remote] DEBUG org.apache.http.client.protocol.RequestAddCookies - CookieSpec selected: default
10:17:40.629 [Forwarding findElement on session c2c9e5df695e5c1a4290eacba5ee9727 to remote] DEBUG org.apache.http.client.protocol.RequestAuthCache - Auth cache not set in the context
10:17:40.629 [Forwarding findElement on session c2c9e5df695e5c1a4290eacba5ee9727 to remote] DEBUG org.apache.http.impl.conn.PoolingHttpClientConnectionManager - Connection request: [route: {}->http://localhost:36428][total kept alive: 1; route allocated: 1 of 2000; total allocated: 1 of 2000]
10:17:40.629 [Forwarding findElement on session c2c9e5df695e5c1a4290eacba5ee9727 to remote] DEBUG org.apache.http.impl.conn.PoolingHttpClientConnectionManager - Connection leased: [id: 2][route: {}->http://localhost:36428][total kept alive: 0; route allocated: 1 of 2000; total allocated: 1 of 2000]
10:17:40.629 [Forwarding findElement on session c2c9e5df695e5c1a4290eacba5ee9727 to remote] DEBUG org.apache.http.impl.execchain.MainClientExec - Stale connection check
10:17:40.645 [Forwarding findElement on session c2c9e5df695e5c1a4290eacba5ee9727 to remote] DEBUG org.apache.http.wire - http-outgoing-2 << "[read] I/O error: Read timed out"
10:17:40.645 [Forwarding findElement on session c2c9e5df695e5c1a4290eacba5ee9727 to remote] DEBUG org.apache.http.impl.conn.DefaultManagedHttpClientConnection - http-outgoing-2: set socket timeout to 10800000
10:17:40.645 [Forwarding findElement on session c2c9e5df695e5c1a4290eacba5ee9727 to remote] DEBUG org.apache.http.impl.execchain.MainClientExec - Executing request POST /session/c2c9e5df695e5c1a4290eacba5ee9727/element HTTP/1.1
10:17:40.645 [Forwarding findElement on session c2c9e5df695e5c1a4290eacba5ee9727 to remote] DEBUG org.apache.http.impl.execchain.MainClientExec - Target auth state: UNCHALLENGED
10:17:40.645 [Forwarding findElement on session c2c9e5df695e5c1a4290eacba5ee9727 to remote] DEBUG org.apache.http.impl.execchain.MainClientExec - Proxy auth state: UNCHALLENGED
10:17:40.645 [Forwarding findElement on session c2c9e5df695e5c1a4290eacba5ee9727 to remote] DEBUG org.apache.http.headers - http-outgoing-2 >> POST /session/c2c9e5df695e5c1a4290eacba5ee9727/element HTTP/1.1
10:17:40.645 [Forwarding findElement on session c2c9e5df695e5c1a4290eacba5ee9727 to remote] DEBUG org.apache.http.headers - http-outgoing-2 >> Content-Type: application/json; charset=utf-8
10:17:40.645 [Forwarding findElement on session c2c9e5df695e5c1a4290eacba5ee9727 to remote] DEBUG org.apache.http.headers - http-outgoing-2 >> Content-Length: 59
10:17:40.645 [Forwarding findElement on session c2c9e5df695e5c1a4290eacba5ee9727 to remote] DEBUG org.apache.http.headers - http-outgoing-2 >> Host: localhost:36428
10:17:40.645 [Forwarding findElement on session c2c9e5df695e5c1a4290eacba5ee9727 to remote] DEBUG org.apache.http.headers - http-outgoing-2 >> Connection: Keep-Alive
10:17:40.645 [Forwarding findElement on session c2c9e5df695e5c1a4290eacba5ee9727 to remote] DEBUG org.apache.http.headers - http-outgoing-2 >> User-Agent: Apache-HttpClient/4.5.2 (Java/1.8.0_162)
10:17:40.645 [Forwarding findElement on session c2c9e5df695e5c1a4290eacba5ee9727 to remote] DEBUG org.apache.http.headers - http-outgoing-2 >> Accept-Encoding: gzip,deflate
10:17:40.645 [Forwarding findElement on session c2c9e5df695e5c1a4290eacba5ee9727 to remote] DEBUG org.apache.http.wire - http-outgoing-2 >> "POST /session/c2c9e5df695e5c1a4290eacba5ee9727/element HTTP/1.1[\r][\n]"
10:17:40.645 [Forwarding findElement on session c2c9e5df695e5c1a4290eacba5ee9727 to remote] DEBUG org.apache.http.wire - http-outgoing-2 >> "Content-Type: application/json; charset=utf-8[\r][\n]"
10:17:40.645 [Forwarding findElement on session c2c9e5df695e5c1a4290eacba5ee9727 to remote] DEBUG org.apache.http.wire - http-outgoing-2 >> "Content-Length: 59[\r][\n]"
10:17:40.645 [Forwarding findElement on session c2c9e5df695e5c1a4290eacba5ee9727 to remote] DEBUG org.apache.http.wire - http-outgoing-2 >> "Host: localhost:36428[\r][\n]"
10:17:40.645 [Forwarding findElement on session c2c9e5df695e5c1a4290eacba5ee9727 to remote] DEBUG org.apache.http.wire - http-outgoing-2 >> "Connection: Keep-Alive[\r][\n]"
10:17:40.645 [Forwarding findElement on session c2c9e5df695e5c1a4290eacba5ee9727 to remote] DEBUG org.apache.http.wire - http-outgoing-2 >> "User-Agent: Apache-HttpClient/4.5.2 (Java/1.8.0_162)[\r][\n]"
10:17:40.645 [Forwarding findElement on session c2c9e5df695e5c1a4290eacba5ee9727 to remote] DEBUG org.apache.http.wire - http-outgoing-2 >> "Accept-Encoding: gzip,deflate[\r][\n]"
10:17:40.645 [Forwarding findElement on session c2c9e5df695e5c1a4290eacba5ee9727 to remote] DEBUG org.apache.http.wire - http-outgoing-2 >> "[\r][\n]"
10:17:40.645 [Forwarding findElement on session c2c9e5df695e5c1a4290eacba5ee9727 to remote] DEBUG org.apache.http.wire - http-outgoing-2 >> "{"using":"xpath","value":"//span[text()=\"[0xe6][0xb7][0xbb][0xe5][0x8a][0xa0][0xe5][0x9c][0xb0][0xe5][0x9d][0x80]\"]"}"
10:17:40.654 [Forwarding findElement on session c2c9e5df695e5c1a4290eacba5ee9727 to remote] DEBUG org.apache.http.wire - http-outgoing-2 << "HTTP/1.1 200 OK[\r][\n]"
10:17:40.654 [Forwarding findElement on session c2c9e5df695e5c1a4290eacba5ee9727 to remote] DEBUG org.apache.http.wire - http-outgoing-2 << "Content-Length:103[\r][\n]"
10:17:40.654 [Forwarding findElement on session c2c9e5df695e5c1a4290eacba5ee9727 to remote] DEBUG org.apache.http.wire - http-outgoing-2 << "Content-Type:application/json; charset=utf-8[\r][\n]"
10:17:40.654 [Forwarding findElement on session c2c9e5df695e5c1a4290eacba5ee9727 to remote] DEBUG org.apache.http.wire - http-outgoing-2 << "[\r][\n]"
10:17:40.654 [Forwarding findElement on session c2c9e5df695e5c1a4290eacba5ee9727 to remote] DEBUG org.apache.http.wire - http-outgoing-2 << "{"sessionId":"c2c9e5df695e5c1a4290eacba5ee9727","status":0,"value":{"ELEMENT":"0.5604591143034019-13"}}"
10:17:40.654 [Forwarding findElement on session c2c9e5df695e5c1a4290eacba5ee9727 to remote] DEBUG org.apache.http.headers - http-outgoing-2 << HTTP/1.1 200 OK
10:17:40.654 [Forwarding findElement on session c2c9e5df695e5c1a4290eacba5ee9727 to remote] DEBUG org.apache.http.headers - http-outgoing-2 << Content-Length:103
10:17:40.654 [Forwarding findElement on session c2c9e5df695e5c1a4290eacba5ee9727 to remote] DEBUG org.apache.http.headers - http-outgoing-2 << Content-Type:application/json; charset=utf-8
10:17:40.654 [Forwarding findElement on session c2c9e5df695e5c1a4290eacba5ee9727 to remote] DEBUG org.apache.http.impl.execchain.MainClientExec - Connection can be kept alive indefinitely
10:17:40.654 [Forwarding findElement on session c2c9e5df695e5c1a4290eacba5ee9727 to remote] DEBUG org.apache.http.impl.conn.PoolingHttpClientConnectionManager - Connection [id: 2][route: {}->http://localhost:36428] can be kept alive indefinitely
10:17:40.654 [Forwarding findElement on session c2c9e5df695e5c1a4290eacba5ee9727 to remote] DEBUG org.apache.http.impl.conn.PoolingHttpClientConnectionManager - Connection released: [id: 2][route: {}->http://localhost:36428][total kept alive: 1; route allocated: 1 of 2000; total allocated: 1 of 2000]
10:17:40.655 [Forwarding clickElement on session c2c9e5df695e5c1a4290eacba5ee9727 to remote] DEBUG org.apache.http.client.protocol.RequestAddCookies - CookieSpec selected: default
10:17:40.655 [Forwarding clickElement on session c2c9e5df695e5c1a4290eacba5ee9727 to remote] DEBUG org.apache.http.client.protocol.RequestAuthCache - Auth cache not set in the context
10:17:40.655 [Forwarding clickElement on session c2c9e5df695e5c1a4290eacba5ee9727 to remote] DEBUG org.apache.http.impl.conn.PoolingHttpClientConnectionManager - Connection request: [route: {}->http://localhost:36428][total kept alive: 1; route allocated: 1 of 2000; total allocated: 1 of 2000]
10:17:40.655 [Forwarding clickElement on session c2c9e5df695e5c1a4290eacba5ee9727 to remote] DEBUG org.apache.http.impl.conn.PoolingHttpClientConnectionManager - Connection leased: [id: 2][route: {}->http://localhost:36428][total kept alive: 0; route allocated: 1 of 2000; total allocated: 1 of 2000]
10:17:40.655 [Forwarding clickElement on session c2c9e5df695e5c1a4290eacba5ee9727 to remote] DEBUG org.apache.http.impl.execchain.MainClientExec - Stale connection check
10:17:40.661 [Forwarding clickElement on session c2c9e5df695e5c1a4290eacba5ee9727 to remote] DEBUG org.apache.http.wire - http-outgoing-2 << "[read] I/O error: Read timed out"
10:17:40.661 [Forwarding clickElement on session c2c9e5df695e5c1a4290eacba5ee9727 to remote] DEBUG org.apache.http.impl.conn.DefaultManagedHttpClientConnection - http-outgoing-2: set socket timeout to 10800000
10:17:40.661 [Forwarding clickElement on session c2c9e5df695e5c1a4290eacba5ee9727 to remote] DEBUG org.apache.http.impl.execchain.MainClientExec - Executing request POST /session/c2c9e5df695e5c1a4290eacba5ee9727/element/0.5604591143034019-13/click HTTP/1.1
10:17:40.661 [Forwarding clickElement on session c2c9e5df695e5c1a4290eacba5ee9727 to remote] DEBUG org.apache.http.impl.execchain.MainClientExec - Target auth state: UNCHALLENGED
10:17:40.661 [Forwarding clickElement on session c2c9e5df695e5c1a4290eacba5ee9727 to remote] DEBUG org.apache.http.impl.execchain.MainClientExec - Proxy auth state: UNCHALLENGED
10:17:40.661 [Forwarding clickElement on session c2c9e5df695e5c1a4290eacba5ee9727 to remote] DEBUG org.apache.http.headers - http-outgoing-2 >> POST /session/c2c9e5df695e5c1a4290eacba5ee9727/element/0.5604591143034019-13/click HTTP/1.1
10:17:40.661 [Forwarding clickElement on session c2c9e5df695e5c1a4290eacba5ee9727 to remote] DEBUG org.apache.http.headers - http-outgoing-2 >> Content-Type: application/json; charset=utf-8
10:17:40.661 [Forwarding clickElement on session c2c9e5df695e5c1a4290eacba5ee9727 to remote] DEBUG org.apache.http.headers - http-outgoing-2 >> Content-Length: 30
10:17:40.661 [Forwarding clickElement on session c2c9e5df695e5c1a4290eacba5ee9727 to remote] DEBUG org.apache.http.headers - http-outgoing-2 >> Host: localhost:36428
10:17:40.661 [Forwarding clickElement on session c2c9e5df695e5c1a4290eacba5ee9727 to remote] DEBUG org.apache.http.headers - http-outgoing-2 >> Connection: Keep-Alive
10:17:40.661 [Forwarding clickElement on session c2c9e5df695e5c1a4290eacba5ee9727 to remote] DEBUG org.apache.http.headers - http-outgoing-2 >> User-Agent: Apache-HttpClient/4.5.2 (Java/1.8.0_162)
10:17:40.661 [Forwarding clickElement on session c2c9e5df695e5c1a4290eacba5ee9727 to remote] DEBUG org.apache.http.headers - http-outgoing-2 >> Accept-Encoding: gzip,deflate
10:17:40.661 [Forwarding clickElement on session c2c9e5df695e5c1a4290eacba5ee9727 to remote] DEBUG org.apache.http.wire - http-outgoing-2 >> "POST /session/c2c9e5df695e5c1a4290eacba5ee9727/element/0.5604591143034019-13/click HTTP/1.1[\r][\n]"
10:17:40.661 [Forwarding clickElement on session c2c9e5df695e5c1a4290eacba5ee9727 to remote] DEBUG org.apache.http.wire - http-outgoing-2 >> "Content-Type: application/json; charset=utf-8[\r][\n]"
10:17:40.661 [Forwarding clickElement on session c2c9e5df695e5c1a4290eacba5ee9727 to remote] DEBUG org.apache.http.wire - http-outgoing-2 >> "Content-Length: 30[\r][\n]"
10:17:40.661 [Forwarding clickElement on session c2c9e5df695e5c1a4290eacba5ee9727 to remote] DEBUG org.apache.http.wire - http-outgoing-2 >> "Host: localhost:36428[\r][\n]"
10:17:40.661 [Forwarding clickElement on session c2c9e5df695e5c1a4290eacba5ee9727 to remote] DEBUG org.apache.http.wire - http-outgoing-2 >> "Connection: Keep-Alive[\r][\n]"
10:17:40.661 [Forwarding clickElement on session c2c9e5df695e5c1a4290eacba5ee9727 to remote] DEBUG org.apache.http.wire - http-outgoing-2 >> "User-Agent: Apache-HttpClient/4.5.2 (Java/1.8.0_162)[\r][\n]"
10:17:40.661 [Forwarding clickElement on session c2c9e5df695e5c1a4290eacba5ee9727 to remote] DEBUG org.apache.http.wire - http-outgoing-2 >> "Accept-Encoding: gzip,deflate[\r][\n]"
10:17:40.661 [Forwarding clickElement on session c2c9e5df695e5c1a4290eacba5ee9727 to remote] DEBUG org.apache.http.wire - http-outgoing-2 >> "[\r][\n]"
10:17:40.661 [Forwarding clickElement on session c2c9e5df695e5c1a4290eacba5ee9727 to remote] DEBUG org.apache.http.wire - http-outgoing-2 >> "{"id":"0.5604591143034019-13"}"
10:17:40.735 [Forwarding clickElement on session c2c9e5df695e5c1a4290eacba5ee9727 to remote] DEBUG org.apache.http.wire - http-outgoing-2 << "HTTP/1.1 200 OK[\r][\n]"
10:17:40.735 [Forwarding clickElement on session c2c9e5df695e5c1a4290eacba5ee9727 to remote] DEBUG org.apache.http.wire - http-outgoing-2 << "Content-Length:72[\r][\n]"
10:17:40.735 [Forwarding clickElement on session c2c9e5df695e5c1a4290eacba5ee9727 to remote] DEBUG org.apache.http.wire - http-outgoing-2 << "Content-Type:application/json; charset=utf-8[\r][\n]"
10:17:40.735 [Forwarding clickElement on session c2c9e5df695e5c1a4290eacba5ee9727 to remote] DEBUG org.apache.http.wire - http-outgoing-2 << "[\r][\n]"
10:17:40.735 [Forwarding clickElement on session c2c9e5df695e5c1a4290eacba5ee9727 to remote] DEBUG org.apache.http.wire - http-outgoing-2 << "{"sessionId":"c2c9e5df695e5c1a4290eacba5ee9727","status":0,"value":null}"
10:17:40.735 [Forwarding clickElement on session c2c9e5df695e5c1a4290eacba5ee9727 to remote] DEBUG org.apache.http.headers - http-outgoing-2 << HTTP/1.1 200 OK
10:17:40.735 [Forwarding clickElement on session c2c9e5df695e5c1a4290eacba5ee9727 to remote] DEBUG org.apache.http.headers - http-outgoing-2 << Content-Length:72
10:17:40.735 [Forwarding clickElement on session c2c9e5df695e5c1a4290eacba5ee9727 to remote] DEBUG org.apache.http.headers - http-outgoing-2 << Content-Type:application/json; charset=utf-8
10:17:40.735 [Forwarding clickElement on session c2c9e5df695e5c1a4290eacba5ee9727 to remote] DEBUG org.apache.http.impl.execchain.MainClientExec - Connection can be kept alive indefinitely
10:17:40.735 [Forwarding clickElement on session c2c9e5df695e5c1a4290eacba5ee9727 to remote] DEBUG org.apache.http.impl.conn.PoolingHttpClientConnectionManager - Connection [id: 2][route: {}->http://localhost:36428] can be kept alive indefinitely
10:17:40.735 [Forwarding clickElement on session c2c9e5df695e5c1a4290eacba5ee9727 to remote] DEBUG org.apache.http.impl.conn.PoolingHttpClientConnectionManager - Connection released: [id: 2][route: {}->http://localhost:36428][total kept alive: 1; route allocated: 1 of 2000; total allocated: 1 of 2000]
10:17:41.750 [Forwarding findElement on session c2c9e5df695e5c1a4290eacba5ee9727 to remote] DEBUG org.apache.http.client.protocol.RequestAddCookies - CookieSpec selected: default
10:17:41.750 [Forwarding findElement on session c2c9e5df695e5c1a4290eacba5ee9727 to remote] DEBUG org.apache.http.client.protocol.RequestAuthCache - Auth cache not set in the context
10:17:41.750 [Forwarding findElement on session c2c9e5df695e5c1a4290eacba5ee9727 to remote] DEBUG org.apache.http.impl.conn.PoolingHttpClientConnectionManager - Connection request: [route: {}->http://localhost:36428][total kept alive: 1; route allocated: 1 of 2000; total allocated: 1 of 2000]
10:17:41.750 [Forwarding findElement on session c2c9e5df695e5c1a4290eacba5ee9727 to remote] DEBUG org.apache.http.impl.conn.PoolingHttpClientConnectionManager - Connection leased: [id: 2][route: {}->http://localhost:36428][total kept alive: 0; route allocated: 1 of 2000; total allocated: 1 of 2000]
10:17:41.750 [Forwarding findElement on session c2c9e5df695e5c1a4290eacba5ee9727 to remote] DEBUG org.apache.http.impl.execchain.MainClientExec - Stale connection check
10:17:41.764 [Forwarding findElement on session c2c9e5df695e5c1a4290eacba5ee9727 to remote] DEBUG org.apache.http.wire - http-outgoing-2 << "[read] I/O error: Read timed out"
10:17:41.764 [Forwarding findElement on session c2c9e5df695e5c1a4290eacba5ee9727 to remote] DEBUG org.apache.http.impl.conn.DefaultManagedHttpClientConnection - http-outgoing-2: set socket timeout to 10800000
10:17:41.764 [Forwarding findElement on session c2c9e5df695e5c1a4290eacba5ee9727 to remote] DEBUG org.apache.http.impl.execchain.MainClientExec - Executing request POST /session/c2c9e5df695e5c1a4290eacba5ee9727/element HTTP/1.1
10:17:41.764 [Forwarding findElement on session c2c9e5df695e5c1a4290eacba5ee9727 to remote] DEBUG org.apache.http.impl.execchain.MainClientExec - Target auth state: UNCHALLENGED
10:17:41.764 [Forwarding findElement on session c2c9e5df695e5c1a4290eacba5ee9727 to remote] DEBUG org.apache.http.impl.execchain.MainClientExec - Proxy auth state: UNCHALLENGED
10:17:41.764 [Forwarding findElement on session c2c9e5df695e5c1a4290eacba5ee9727 to remote] DEBUG org.apache.http.headers - http-outgoing-2 >> POST /session/c2c9e5df695e5c1a4290eacba5ee9727/element HTTP/1.1
10:17:41.764 [Forwarding findElement on session c2c9e5df695e5c1a4290eacba5ee9727 to remote] DEBUG org.apache.http.headers - http-outgoing-2 >> Content-Type: application/json; charset=utf-8
10:17:41.764 [Forwarding findElement on session c2c9e5df695e5c1a4290eacba5ee9727 to remote] DEBUG org.apache.http.headers - http-outgoing-2 >> Content-Length: 48
10:17:41.764 [Forwarding findElement on session c2c9e5df695e5c1a4290eacba5ee9727 to remote] DEBUG org.apache.http.headers - http-outgoing-2 >> Host: localhost:36428
10:17:41.764 [Forwarding findElement on session c2c9e5df695e5c1a4290eacba5ee9727 to remote] DEBUG org.apache.http.headers - http-outgoing-2 >> Connection: Keep-Alive
10:17:41.764 [Forwarding findElement on session c2c9e5df695e5c1a4290eacba5ee9727 to remote] DEBUG org.apache.http.headers - http-outgoing-2 >> User-Agent: Apache-HttpClient/4.5.2 (Java/1.8.0_162)
10:17:41.764 [Forwarding findElement on session c2c9e5df695e5c1a4290eacba5ee9727 to remote] DEBUG org.apache.http.headers - http-outgoing-2 >> Accept-Encoding: gzip,deflate
10:17:41.764 [Forwarding findElement on session c2c9e5df695e5c1a4290eacba5ee9727 to remote] DEBUG org.apache.http.wire - http-outgoing-2 >> "POST /session/c2c9e5df695e5c1a4290eacba5ee9727/element HTTP/1.1[\r][\n]"
10:17:41.764 [Forwarding findElement on session c2c9e5df695e5c1a4290eacba5ee9727 to remote] DEBUG org.apache.http.wire - http-outgoing-2 >> "Content-Type: application/json; charset=utf-8[\r][\n]"
10:17:41.764 [Forwarding findElement on session c2c9e5df695e5c1a4290eacba5ee9727 to remote] DEBUG org.apache.http.wire - http-outgoing-2 >> "Content-Length: 48[\r][\n]"
10:17:41.764 [Forwarding findElement on session c2c9e5df695e5c1a4290eacba5ee9727 to remote] DEBUG org.apache.http.wire - http-outgoing-2 >> "Host: localhost:36428[\r][\n]"
10:17:41.764 [Forwarding findElement on session c2c9e5df695e5c1a4290eacba5ee9727 to remote] DEBUG org.apache.http.wire - http-outgoing-2 >> "Connection: Keep-Alive[\r][\n]"
10:17:41.764 [Forwarding findElement on session c2c9e5df695e5c1a4290eacba5ee9727 to remote] DEBUG org.apache.http.wire - http-outgoing-2 >> "User-Agent: Apache-HttpClient/4.5.2 (Java/1.8.0_162)[\r][\n]"
10:17:41.764 [Forwarding findElement on session c2c9e5df695e5c1a4290eacba5ee9727 to remote] DEBUG org.apache.http.wire - http-outgoing-2 >> "Accept-Encoding: gzip,deflate[\r][\n]"
10:17:41.764 [Forwarding findElement on session c2c9e5df695e5c1a4290eacba5ee9727 to remote] DEBUG org.apache.http.wire - http-outgoing-2 >> "[\r][\n]"
10:17:41.764 [Forwarding findElement on session c2c9e5df695e5c1a4290eacba5ee9727 to remote] DEBUG org.apache.http.wire - http-outgoing-2 >> "{"using":"class name","value":"ivu-radio-inner"}"
10:17:41.773 [Forwarding findElement on session c2c9e5df695e5c1a4290eacba5ee9727 to remote] DEBUG org.apache.http.wire - http-outgoing-2 << "HTTP/1.1 200 OK[\r][\n]"
10:17:41.773 [Forwarding findElement on session c2c9e5df695e5c1a4290eacba5ee9727 to remote] DEBUG org.apache.http.wire - http-outgoing-2 << "Content-Length:103[\r][\n]"
10:17:41.773 [Forwarding findElement on session c2c9e5df695e5c1a4290eacba5ee9727 to remote] DEBUG org.apache.http.wire - http-outgoing-2 << "Content-Type:application/json; charset=utf-8[\r][\n]"
10:17:41.773 [Forwarding findElement on session c2c9e5df695e5c1a4290eacba5ee9727 to remote] DEBUG org.apache.http.wire - http-outgoing-2 << "[\r][\n]"
10:17:41.773 [Forwarding findElement on session c2c9e5df695e5c1a4290eacba5ee9727 to remote] DEBUG org.apache.http.wire - http-outgoing-2 << "{"sessionId":"c2c9e5df695e5c1a4290eacba5ee9727","status":0,"value":{"ELEMENT":"0.5604591143034019-14"}}"
10:17:41.773 [Forwarding findElement on session c2c9e5df695e5c1a4290eacba5ee9727 to remote] DEBUG org.apache.http.headers - http-outgoing-2 << HTTP/1.1 200 OK
10:17:41.773 [Forwarding findElement on session c2c9e5df695e5c1a4290eacba5ee9727 to remote] DEBUG org.apache.http.headers - http-outgoing-2 << Content-Length:103
10:17:41.773 [Forwarding findElement on session c2c9e5df695e5c1a4290eacba5ee9727 to remote] DEBUG org.apache.http.headers - http-outgoing-2 << Content-Type:application/json; charset=utf-8
10:17:41.773 [Forwarding findElement on session c2c9e5df695e5c1a4290eacba5ee9727 to remote] DEBUG org.apache.http.impl.execchain.MainClientExec - Connection can be kept alive indefinitely
10:17:41.776 [Forwarding findElement on session c2c9e5df695e5c1a4290eacba5ee9727 to remote] DEBUG org.apache.http.impl.conn.PoolingHttpClientConnectionManager - Connection [id: 2][route: {}->http://localhost:36428] can be kept alive indefinitely
10:17:41.777 [Forwarding findElement on session c2c9e5df695e5c1a4290eacba5ee9727 to remote] DEBUG org.apache.http.impl.conn.PoolingHttpClientConnectionManager - Connection released: [id: 2][route: {}->http://localhost:36428][total kept alive: 1; route allocated: 1 of 2000; total allocated: 1 of 2000]
10:17:41.778 [Forwarding clickElement on session c2c9e5df695e5c1a4290eacba5ee9727 to remote] DEBUG org.apache.http.client.protocol.RequestAddCookies - CookieSpec selected: default
10:17:41.778 [Forwarding clickElement on session c2c9e5df695e5c1a4290eacba5ee9727 to remote] DEBUG org.apache.http.client.protocol.RequestAuthCache - Auth cache not set in the context
10:17:41.778 [Forwarding clickElement on session c2c9e5df695e5c1a4290eacba5ee9727 to remote] DEBUG org.apache.http.impl.conn.PoolingHttpClientConnectionManager - Connection request: [route: {}->http://localhost:36428][total kept alive: 1; route allocated: 1 of 2000; total allocated: 1 of 2000]
10:17:41.778 [Forwarding clickElement on session c2c9e5df695e5c1a4290eacba5ee9727 to remote] DEBUG org.apache.http.impl.conn.PoolingHttpClientConnectionManager - Connection leased: [id: 2][route: {}->http://localhost:36428][total kept alive: 0; route allocated: 1 of 2000; total allocated: 1 of 2000]
10:17:41.778 [Forwarding clickElement on session c2c9e5df695e5c1a4290eacba5ee9727 to remote] DEBUG org.apache.http.impl.execchain.MainClientExec - Stale connection check
10:17:41.780 [Forwarding clickElement on session c2c9e5df695e5c1a4290eacba5ee9727 to remote] DEBUG org.apache.http.wire - http-outgoing-2 << "[read] I/O error: Read timed out"
10:17:41.780 [Forwarding clickElement on session c2c9e5df695e5c1a4290eacba5ee9727 to remote] DEBUG org.apache.http.impl.conn.DefaultManagedHttpClientConnection - http-outgoing-2: set socket timeout to 10800000
10:17:41.780 [Forwarding clickElement on session c2c9e5df695e5c1a4290eacba5ee9727 to remote] DEBUG org.apache.http.impl.execchain.MainClientExec - Executing request POST /session/c2c9e5df695e5c1a4290eacba5ee9727/element/0.5604591143034019-14/click HTTP/1.1
10:17:41.780 [Forwarding clickElement on session c2c9e5df695e5c1a4290eacba5ee9727 to remote] DEBUG org.apache.http.impl.execchain.MainClientExec - Target auth state: UNCHALLENGED
10:17:41.780 [Forwarding clickElement on session c2c9e5df695e5c1a4290eacba5ee9727 to remote] DEBUG org.apache.http.impl.execchain.MainClientExec - Proxy auth state: UNCHALLENGED
10:17:41.780 [Forwarding clickElement on session c2c9e5df695e5c1a4290eacba5ee9727 to remote] DEBUG org.apache.http.headers - http-outgoing-2 >> POST /session/c2c9e5df695e5c1a4290eacba5ee9727/element/0.5604591143034019-14/click HTTP/1.1
10:17:41.780 [Forwarding clickElement on session c2c9e5df695e5c1a4290eacba5ee9727 to remote] DEBUG org.apache.http.headers - http-outgoing-2 >> Content-Type: application/json; charset=utf-8
10:17:41.780 [Forwarding clickElement on session c2c9e5df695e5c1a4290eacba5ee9727 to remote] DEBUG org.apache.http.headers - http-outgoing-2 >> Content-Length: 30
10:17:41.780 [Forwarding clickElement on session c2c9e5df695e5c1a4290eacba5ee9727 to remote] DEBUG org.apache.http.headers - http-outgoing-2 >> Host: localhost:36428
10:17:41.780 [Forwarding clickElement on session c2c9e5df695e5c1a4290eacba5ee9727 to remote] DEBUG org.apache.http.headers - http-outgoing-2 >> Connection: Keep-Alive
10:17:41.780 [Forwarding clickElement on session c2c9e5df695e5c1a4290eacba5ee9727 to remote] DEBUG org.apache.http.headers - http-outgoing-2 >> User-Agent: Apache-HttpClient/4.5.2 (Java/1.8.0_162)
10:17:41.780 [Forwarding clickElement on session c2c9e5df695e5c1a4290eacba5ee9727 to remote] DEBUG org.apache.http.headers - http-outgoing-2 >> Accept-Encoding: gzip,deflate
10:17:41.780 [Forwarding clickElement on session c2c9e5df695e5c1a4290eacba5ee9727 to remote] DEBUG org.apache.http.wire - http-outgoing-2 >> "POST /session/c2c9e5df695e5c1a4290eacba5ee9727/element/0.5604591143034019-14/click HTTP/1.1[\r][\n]"
10:17:41.780 [Forwarding clickElement on session c2c9e5df695e5c1a4290eacba5ee9727 to remote] DEBUG org.apache.http.wire - http-outgoing-2 >> "Content-Type: application/json; charset=utf-8[\r][\n]"
10:17:41.780 [Forwarding clickElement on session c2c9e5df695e5c1a4290eacba5ee9727 to remote] DEBUG org.apache.http.wire - http-outgoing-2 >> "Content-Length: 30[\r][\n]"
10:17:41.780 [Forwarding clickElement on session c2c9e5df695e5c1a4290eacba5ee9727 to remote] DEBUG org.apache.http.wire - http-outgoing-2 >> "Host: localhost:36428[\r][\n]"
10:17:41.780 [Forwarding clickElement on session c2c9e5df695e5c1a4290eacba5ee9727 to remote] DEBUG org.apache.http.wire - http-outgoing-2 >> "Connection: Keep-Alive[\r][\n]"
10:17:41.780 [Forwarding clickElement on session c2c9e5df695e5c1a4290eacba5ee9727 to remote] DEBUG org.apache.http.wire - http-outgoing-2 >> "User-Agent: Apache-HttpClient/4.5.2 (Java/1.8.0_162)[\r][\n]"
10:17:41.780 [Forwarding clickElement on session c2c9e5df695e5c1a4290eacba5ee9727 to remote] DEBUG org.apache.http.wire - http-outgoing-2 >> "Accept-Encoding: gzip,deflate[\r][\n]"
10:17:41.780 [Forwarding clickElement on session c2c9e5df695e5c1a4290eacba5ee9727 to remote] DEBUG org.apache.http.wire - http-outgoing-2 >> "[\r][\n]"
10:17:41.780 [Forwarding clickElement on session c2c9e5df695e5c1a4290eacba5ee9727 to remote] DEBUG org.apache.http.wire - http-outgoing-2 >> "{"id":"0.5604591143034019-14"}"
10:17:41.842 [Forwarding clickElement on session c2c9e5df695e5c1a4290eacba5ee9727 to remote] DEBUG org.apache.http.wire - http-outgoing-2 << "HTTP/1.1 200 OK[\r][\n]"
10:17:41.842 [Forwarding clickElement on session c2c9e5df695e5c1a4290eacba5ee9727 to remote] DEBUG org.apache.http.wire - http-outgoing-2 << "Content-Length:72[\r][\n]"
10:17:41.842 [Forwarding clickElement on session c2c9e5df695e5c1a4290eacba5ee9727 to remote] DEBUG org.apache.http.wire - http-outgoing-2 << "Content-Type:application/json; charset=utf-8[\r][\n]"
10:17:41.842 [Forwarding clickElement on session c2c9e5df695e5c1a4290eacba5ee9727 to remote] DEBUG org.apache.http.wire - http-outgoing-2 << "[\r][\n]"
10:17:41.842 [Forwarding clickElement on session c2c9e5df695e5c1a4290eacba5ee9727 to remote] DEBUG org.apache.http.wire - http-outgoing-2 << "{"sessionId":"c2c9e5df695e5c1a4290eacba5ee9727","status":0,"value":null}"
10:17:41.842 [Forwarding clickElement on session c2c9e5df695e5c1a4290eacba5ee9727 to remote] DEBUG org.apache.http.headers - http-outgoing-2 << HTTP/1.1 200 OK
10:17:41.842 [Forwarding clickElement on session c2c9e5df695e5c1a4290eacba5ee9727 to remote] DEBUG org.apache.http.headers - http-outgoing-2 << Content-Length:72
10:17:41.842 [Forwarding clickElement on session c2c9e5df695e5c1a4290eacba5ee9727 to remote] DEBUG org.apache.http.headers - http-outgoing-2 << Content-Type:application/json; charset=utf-8
10:17:41.842 [Forwarding clickElement on session c2c9e5df695e5c1a4290eacba5ee9727 to remote] DEBUG org.apache.http.impl.execchain.MainClientExec - Connection can be kept alive indefinitely
10:17:41.842 [Forwarding clickElement on session c2c9e5df695e5c1a4290eacba5ee9727 to remote] DEBUG org.apache.http.impl.conn.PoolingHttpClientConnectionManager - Connection [id: 2][route: {}->http://localhost:36428] can be kept alive indefinitely
10:17:41.842 [Forwarding clickElement on session c2c9e5df695e5c1a4290eacba5ee9727 to remote] DEBUG org.apache.http.impl.conn.PoolingHttpClientConnectionManager - Connection released: [id: 2][route: {}->http://localhost:36428][total kept alive: 1; route allocated: 1 of 2000; total allocated: 1 of 2000]
10:17:41.844 [Forwarding findElement on session c2c9e5df695e5c1a4290eacba5ee9727 to remote] DEBUG org.apache.http.client.protocol.RequestAddCookies - CookieSpec selected: default
10:17:41.844 [Forwarding findElement on session c2c9e5df695e5c1a4290eacba5ee9727 to remote] DEBUG org.apache.http.client.protocol.RequestAuthCache - Auth cache not set in the context
10:17:41.844 [Forwarding findElement on session c2c9e5df695e5c1a4290eacba5ee9727 to remote] DEBUG org.apache.http.impl.conn.PoolingHttpClientConnectionManager - Connection request: [route: {}->http://localhost:36428][total kept alive: 1; route allocated: 1 of 2000; total allocated: 1 of 2000]
10:17:41.844 [Forwarding findElement on session c2c9e5df695e5c1a4290eacba5ee9727 to remote] DEBUG org.apache.http.impl.conn.PoolingHttpClientConnectionManager - Connection leased: [id: 2][route: {}->http://localhost:36428][total kept alive: 0; route allocated: 1 of 2000; total allocated: 1 of 2000]
10:17:41.844 [Forwarding findElement on session c2c9e5df695e5c1a4290eacba5ee9727 to remote] DEBUG org.apache.http.impl.execchain.MainClientExec - Stale connection check
10:17:41.858 [Forwarding findElement on session c2c9e5df695e5c1a4290eacba5ee9727 to remote] DEBUG org.apache.http.wire - http-outgoing-2 << "[read] I/O error: Read timed out"
10:17:41.858 [Forwarding findElement on session c2c9e5df695e5c1a4290eacba5ee9727 to remote] DEBUG org.apache.http.impl.conn.DefaultManagedHttpClientConnection - http-outgoing-2: set socket timeout to 10800000
10:17:41.858 [Forwarding findElement on session c2c9e5df695e5c1a4290eacba5ee9727 to remote] DEBUG org.apache.http.impl.execchain.MainClientExec - Executing request POST /session/c2c9e5df695e5c1a4290eacba5ee9727/element HTTP/1.1
10:17:41.858 [Forwarding findElement on session c2c9e5df695e5c1a4290eacba5ee9727 to remote] DEBUG org.apache.http.impl.execchain.MainClientExec - Target auth state: UNCHALLENGED
10:17:41.858 [Forwarding findElement on session c2c9e5df695e5c1a4290eacba5ee9727 to remote] DEBUG org.apache.http.impl.execchain.MainClientExec - Proxy auth state: UNCHALLENGED
10:17:41.858 [Forwarding findElement on session c2c9e5df695e5c1a4290eacba5ee9727 to remote] DEBUG org.apache.http.headers - http-outgoing-2 >> POST /session/c2c9e5df695e5c1a4290eacba5ee9727/element HTTP/1.1
10:17:41.858 [Forwarding findElement on session c2c9e5df695e5c1a4290eacba5ee9727 to remote] DEBUG org.apache.http.headers - http-outgoing-2 >> Content-Type: application/json; charset=utf-8
10:17:41.858 [Forwarding findElement on session c2c9e5df695e5c1a4290eacba5ee9727 to remote] DEBUG org.apache.http.headers - http-outgoing-2 >> Content-Length: 94
10:17:41.858 [Forwarding findElement on session c2c9e5df695e5c1a4290eacba5ee9727 to remote] DEBUG org.apache.http.headers - http-outgoing-2 >> Host: localhost:36428
10:17:41.858 [Forwarding findElement on session c2c9e5df695e5c1a4290eacba5ee9727 to remote] DEBUG org.apache.http.headers - http-outgoing-2 >> Connection: Keep-Alive
10:17:41.858 [Forwarding findElement on session c2c9e5df695e5c1a4290eacba5ee9727 to remote] DEBUG org.apache.http.headers - http-outgoing-2 >> User-Agent: Apache-HttpClient/4.5.2 (Java/1.8.0_162)
10:17:41.858 [Forwarding findElement on session c2c9e5df695e5c1a4290eacba5ee9727 to remote] DEBUG org.apache.http.headers - http-outgoing-2 >> Accept-Encoding: gzip,deflate
10:17:41.858 [Forwarding findElement on session c2c9e5df695e5c1a4290eacba5ee9727 to remote] DEBUG org.apache.http.wire - http-outgoing-2 >> "POST /session/c2c9e5df695e5c1a4290eacba5ee9727/element HTTP/1.1[\r][\n]"
10:17:41.858 [Forwarding findElement on session c2c9e5df695e5c1a4290eacba5ee9727 to remote] DEBUG org.apache.http.wire - http-outgoing-2 >> "Content-Type: application/json; charset=utf-8[\r][\n]"
10:17:41.858 [Forwarding findElement on session c2c9e5df695e5c1a4290eacba5ee9727 to remote] DEBUG org.apache.http.wire - http-outgoing-2 >> "Content-Length: 94[\r][\n]"
10:17:41.858 [Forwarding findElement on session c2c9e5df695e5c1a4290eacba5ee9727 to remote] DEBUG org.apache.http.wire - http-outgoing-2 >> "Host: localhost:36428[\r][\n]"
10:17:41.858 [Forwarding findElement on session c2c9e5df695e5c1a4290eacba5ee9727 to remote] DEBUG org.apache.http.wire - http-outgoing-2 >> "Connection: Keep-Alive[\r][\n]"
10:17:41.858 [Forwarding findElement on session c2c9e5df695e5c1a4290eacba5ee9727 to remote] DEBUG org.apache.http.wire - http-outgoing-2 >> "User-Agent: Apache-HttpClient/4.5.2 (Java/1.8.0_162)[\r][\n]"
10:17:41.858 [Forwarding findElement on session c2c9e5df695e5c1a4290eacba5ee9727 to remote] DEBUG org.apache.http.wire - http-outgoing-2 >> "Accept-Encoding: gzip,deflate[\r][\n]"
10:17:41.858 [Forwarding findElement on session c2c9e5df695e5c1a4290eacba5ee9727 to remote] DEBUG org.apache.http.wire - http-outgoing-2 >> "[\r][\n]"
10:17:41.858 [Forwarding findElement on session c2c9e5df695e5c1a4290eacba5ee9727 to remote] DEBUG org.apache.http.wire - http-outgoing-2 >> "{"using":"xpath","value":"//div[text()=\"[0xe8][0xaf][0xb7][0xe9][0x80][0x89][0xe6][0x8b][0xa9][0xe5][0x9c][0xb0][0xe5][0x9d][0x80]\"]/parent::div/preceding-sibling::a"}"
10:17:41.867 [Forwarding findElement on session c2c9e5df695e5c1a4290eacba5ee9727 to remote] DEBUG org.apache.http.wire - http-outgoing-2 << "HTTP/1.1 200 OK[\r][\n]"
10:17:41.867 [Forwarding findElement on session c2c9e5df695e5c1a4290eacba5ee9727 to remote] DEBUG org.apache.http.wire - http-outgoing-2 << "Content-Length:103[\r][\n]"
10:17:41.867 [Forwarding findElement on session c2c9e5df695e5c1a4290eacba5ee9727 to remote] DEBUG org.apache.http.wire - http-outgoing-2 << "Content-Type:application/json; charset=utf-8[\r][\n]"
10:17:41.867 [Forwarding findElement on session c2c9e5df695e5c1a4290eacba5ee9727 to remote] DEBUG org.apache.http.wire - http-outgoing-2 << "[\r][\n]"
10:17:41.867 [Forwarding findElement on session c2c9e5df695e5c1a4290eacba5ee9727 to remote] DEBUG org.apache.http.wire - http-outgoing-2 << "{"sessionId":"c2c9e5df695e5c1a4290eacba5ee9727","status":0,"value":{"ELEMENT":"0.5604591143034019-15"}}"
10:17:41.867 [Forwarding findElement on session c2c9e5df695e5c1a4290eacba5ee9727 to remote] DEBUG org.apache.http.headers - http-outgoing-2 << HTTP/1.1 200 OK
10:17:41.867 [Forwarding findElement on session c2c9e5df695e5c1a4290eacba5ee9727 to remote] DEBUG org.apache.http.headers - http-outgoing-2 << Content-Length:103
10:17:41.867 [Forwarding findElement on session c2c9e5df695e5c1a4290eacba5ee9727 to remote] DEBUG org.apache.http.headers - http-outgoing-2 << Content-Type:application/json; charset=utf-8
10:17:41.867 [Forwarding findElement on session c2c9e5df695e5c1a4290eacba5ee9727 to remote] DEBUG org.apache.http.impl.execchain.MainClientExec - Connection can be kept alive indefinitely
10:17:41.867 [Forwarding findElement on session c2c9e5df695e5c1a4290eacba5ee9727 to remote] DEBUG org.apache.http.impl.conn.PoolingHttpClientConnectionManager - Connection [id: 2][route: {}->http://localhost:36428] can be kept alive indefinitely
10:17:41.867 [Forwarding findElement on session c2c9e5df695e5c1a4290eacba5ee9727 to remote] DEBUG org.apache.http.impl.conn.PoolingHttpClientConnectionManager - Connection released: [id: 2][route: {}->http://localhost:36428][total kept alive: 1; route allocated: 1 of 2000; total allocated: 1 of 2000]
10:17:41.868 [Forwarding clickElement on session c2c9e5df695e5c1a4290eacba5ee9727 to remote] DEBUG org.apache.http.client.protocol.RequestAddCookies - CookieSpec selected: default
10:17:41.868 [Forwarding clickElement on session c2c9e5df695e5c1a4290eacba5ee9727 to remote] DEBUG org.apache.http.client.protocol.RequestAuthCache - Auth cache not set in the context
10:17:41.868 [Forwarding clickElement on session c2c9e5df695e5c1a4290eacba5ee9727 to remote] DEBUG org.apache.http.impl.conn.PoolingHttpClientConnectionManager - Connection request: [route: {}->http://localhost:36428][total kept alive: 1; route allocated: 1 of 2000; total allocated: 1 of 2000]
10:17:41.868 [Forwarding clickElement on session c2c9e5df695e5c1a4290eacba5ee9727 to remote] DEBUG org.apache.http.impl.conn.PoolingHttpClientConnectionManager - Connection leased: [id: 2][route: {}->http://localhost:36428][total kept alive: 0; route allocated: 1 of 2000; total allocated: 1 of 2000]
10:17:41.868 [Forwarding clickElement on session c2c9e5df695e5c1a4290eacba5ee9727 to remote] DEBUG org.apache.http.impl.execchain.MainClientExec - Stale connection check
10:17:41.874 [Forwarding clickElement on session c2c9e5df695e5c1a4290eacba5ee9727 to remote] DEBUG org.apache.http.wire - http-outgoing-2 << "[read] I/O error: Read timed out"
10:17:41.874 [Forwarding clickElement on session c2c9e5df695e5c1a4290eacba5ee9727 to remote] DEBUG org.apache.http.impl.conn.DefaultManagedHttpClientConnection - http-outgoing-2: set socket timeout to 10800000
10:17:41.874 [Forwarding clickElement on session c2c9e5df695e5c1a4290eacba5ee9727 to remote] DEBUG org.apache.http.impl.execchain.MainClientExec - Executing request POST /session/c2c9e5df695e5c1a4290eacba5ee9727/element/0.5604591143034019-15/click HTTP/1.1
10:17:41.874 [Forwarding clickElement on session c2c9e5df695e5c1a4290eacba5ee9727 to remote] DEBUG org.apache.http.impl.execchain.MainClientExec - Target auth state: UNCHALLENGED
10:17:41.874 [Forwarding clickElement on session c2c9e5df695e5c1a4290eacba5ee9727 to remote] DEBUG org.apache.http.impl.execchain.MainClientExec - Proxy auth state: UNCHALLENGED
10:17:41.874 [Forwarding clickElement on session c2c9e5df695e5c1a4290eacba5ee9727 to remote] DEBUG org.apache.http.headers - http-outgoing-2 >> POST /session/c2c9e5df695e5c1a4290eacba5ee9727/element/0.5604591143034019-15/click HTTP/1.1
10:17:41.874 [Forwarding clickElement on session c2c9e5df695e5c1a4290eacba5ee9727 to remote] DEBUG org.apache.http.headers - http-outgoing-2 >> Content-Type: application/json; charset=utf-8
10:17:41.874 [Forwarding clickElement on session c2c9e5df695e5c1a4290eacba5ee9727 to remote] DEBUG org.apache.http.headers - http-outgoing-2 >> Content-Length: 30
10:17:41.874 [Forwarding clickElement on session c2c9e5df695e5c1a4290eacba5ee9727 to remote] DEBUG org.apache.http.headers - http-outgoing-2 >> Host: localhost:36428
10:17:41.874 [Forwarding clickElement on session c2c9e5df695e5c1a4290eacba5ee9727 to remote] DEBUG org.apache.http.headers - http-outgoing-2 >> Connection: Keep-Alive
10:17:41.874 [Forwarding clickElement on session c2c9e5df695e5c1a4290eacba5ee9727 to remote] DEBUG org.apache.http.headers - http-outgoing-2 >> User-Agent: Apache-HttpClient/4.5.2 (Java/1.8.0_162)
10:17:41.874 [Forwarding clickElement on session c2c9e5df695e5c1a4290eacba5ee9727 to remote] DEBUG org.apache.http.headers - http-outgoing-2 >> Accept-Encoding: gzip,deflate
10:17:41.874 [Forwarding clickElement on session c2c9e5df695e5c1a4290eacba5ee9727 to remote] DEBUG org.apache.http.wire - http-outgoing-2 >> "POST /session/c2c9e5df695e5c1a4290eacba5ee9727/element/0.5604591143034019-15/click HTTP/1.1[\r][\n]"
10:17:41.874 [Forwarding clickElement on session c2c9e5df695e5c1a4290eacba5ee9727 to remote] DEBUG org.apache.http.wire - http-outgoing-2 >> "Content-Type: application/json; charset=utf-8[\r][\n]"
10:17:41.874 [Forwarding clickElement on session c2c9e5df695e5c1a4290eacba5ee9727 to remote] DEBUG org.apache.http.wire - http-outgoing-2 >> "Content-Length: 30[\r][\n]"
10:17:41.874 [Forwarding clickElement on session c2c9e5df695e5c1a4290eacba5ee9727 to remote] DEBUG org.apache.http.wire - http-outgoing-2 >> "Host: localhost:36428[\r][\n]"
10:17:41.874 [Forwarding clickElement on session c2c9e5df695e5c1a4290eacba5ee9727 to remote] DEBUG org.apache.http.wire - http-outgoing-2 >> "Connection: Keep-Alive[\r][\n]"
10:17:41.874 [Forwarding clickElement on session c2c9e5df695e5c1a4290eacba5ee9727 to remote] DEBUG org.apache.http.wire - http-outgoing-2 >> "User-Agent: Apache-HttpClient/4.5.2 (Java/1.8.0_162)[\r][\n]"
10:17:41.874 [Forwarding clickElement on session c2c9e5df695e5c1a4290eacba5ee9727 to remote] DEBUG org.apache.http.wire - http-outgoing-2 >> "Accept-Encoding: gzip,deflate[\r][\n]"
10:17:41.874 [Forwarding clickElement on session c2c9e5df695e5c1a4290eacba5ee9727 to remote] DEBUG org.apache.http.wire - http-outgoing-2 >> "[\r][\n]"
10:17:41.874 [Forwarding clickElement on session c2c9e5df695e5c1a4290eacba5ee9727 to remote] DEBUG org.apache.http.wire - http-outgoing-2 >> "{"id":"0.5604591143034019-15"}"
10:17:41.934 [Forwarding clickElement on session c2c9e5df695e5c1a4290eacba5ee9727 to remote] DEBUG org.apache.http.wire - http-outgoing-2 << "HTTP/1.1 200 OK[\r][\n]"
10:17:41.934 [Forwarding clickElement on session c2c9e5df695e5c1a4290eacba5ee9727 to remote] DEBUG org.apache.http.wire - http-outgoing-2 << "Content-Length:72[\r][\n]"
10:17:41.934 [Forwarding clickElement on session c2c9e5df695e5c1a4290eacba5ee9727 to remote] DEBUG org.apache.http.wire - http-outgoing-2 << "Content-Type:application/json; charset=utf-8[\r][\n]"
10:17:41.934 [Forwarding clickElement on session c2c9e5df695e5c1a4290eacba5ee9727 to remote] DEBUG org.apache.http.wire - http-outgoing-2 << "[\r][\n]"
10:17:41.934 [Forwarding clickElement on session c2c9e5df695e5c1a4290eacba5ee9727 to remote] DEBUG org.apache.http.wire - http-outgoing-2 << "{"sessionId":"c2c9e5df695e5c1a4290eacba5ee9727","status":0,"value":null}"
10:17:41.934 [Forwarding clickElement on session c2c9e5df695e5c1a4290eacba5ee9727 to remote] DEBUG org.apache.http.headers - http-outgoing-2 << HTTP/1.1 200 OK
10:17:41.934 [Forwarding clickElement on session c2c9e5df695e5c1a4290eacba5ee9727 to remote] DEBUG org.apache.http.headers - http-outgoing-2 << Content-Length:72
10:17:41.934 [Forwarding clickElement on session c2c9e5df695e5c1a4290eacba5ee9727 to remote] DEBUG org.apache.http.headers - http-outgoing-2 << Content-Type:application/json; charset=utf-8
10:17:41.934 [Forwarding clickElement on session c2c9e5df695e5c1a4290eacba5ee9727 to remote] DEBUG org.apache.http.impl.execchain.MainClientExec - Connection can be kept alive indefinitely
10:17:41.935 [Forwarding clickElement on session c2c9e5df695e5c1a4290eacba5ee9727 to remote] DEBUG org.apache.http.impl.conn.PoolingHttpClientConnectionManager - Connection [id: 2][route: {}->http://localhost:36428] can be kept alive indefinitely
10:17:41.935 [Forwarding clickElement on session c2c9e5df695e5c1a4290eacba5ee9727 to remote] DEBUG org.apache.http.impl.conn.PoolingHttpClientConnectionManager - Connection released: [id: 2][route: {}->http://localhost:36428][total kept alive: 1; route allocated: 1 of 2000; total allocated: 1 of 2000]
10:17:41.935 [Forwarding findElement on session c2c9e5df695e5c1a4290eacba5ee9727 to remote] DEBUG org.apache.http.client.protocol.RequestAddCookies - CookieSpec selected: default
10:17:41.935 [Forwarding findElement on session c2c9e5df695e5c1a4290eacba5ee9727 to remote] DEBUG org.apache.http.client.protocol.RequestAuthCache - Auth cache not set in the context
10:17:41.935 [Forwarding findElement on session c2c9e5df695e5c1a4290eacba5ee9727 to remote] DEBUG org.apache.http.impl.conn.PoolingHttpClientConnectionManager - Connection request: [route: {}->http://localhost:36428][total kept alive: 1; route allocated: 1 of 2000; total allocated: 1 of 2000]
10:17:41.935 [Forwarding findElement on session c2c9e5df695e5c1a4290eacba5ee9727 to remote] DEBUG org.apache.http.impl.conn.PoolingHttpClientConnectionManager - Connection leased: [id: 2][route: {}->http://localhost:36428][total kept alive: 0; route allocated: 1 of 2000; total allocated: 1 of 2000]
10:17:41.935 [Forwarding findElement on session c2c9e5df695e5c1a4290eacba5ee9727 to remote] DEBUG org.apache.http.impl.execchain.MainClientExec - Stale connection check
10:17:41.937 [Forwarding findElement on session c2c9e5df695e5c1a4290eacba5ee9727 to remote] DEBUG org.apache.http.wire - http-outgoing-2 << "[read] I/O error: Read timed out"
10:17:41.937 [Forwarding findElement on session c2c9e5df695e5c1a4290eacba5ee9727 to remote] DEBUG org.apache.http.impl.conn.DefaultManagedHttpClientConnection - http-outgoing-2: set socket timeout to 10800000
10:17:41.937 [Forwarding findElement on session c2c9e5df695e5c1a4290eacba5ee9727 to remote] DEBUG org.apache.http.impl.execchain.MainClientExec - Executing request POST /session/c2c9e5df695e5c1a4290eacba5ee9727/element HTTP/1.1
10:17:41.937 [Forwarding findElement on session c2c9e5df695e5c1a4290eacba5ee9727 to remote] DEBUG org.apache.http.impl.execchain.MainClientExec - Target auth state: UNCHALLENGED
10:17:41.937 [Forwarding findElement on session c2c9e5df695e5c1a4290eacba5ee9727 to remote] DEBUG org.apache.http.impl.execchain.MainClientExec - Proxy auth state: UNCHALLENGED
10:17:41.937 [Forwarding findElement on session c2c9e5df695e5c1a4290eacba5ee9727 to remote] DEBUG org.apache.http.headers - http-outgoing-2 >> POST /session/c2c9e5df695e5c1a4290eacba5ee9727/element HTTP/1.1
10:17:41.937 [Forwarding findElement on session c2c9e5df695e5c1a4290eacba5ee9727 to remote] DEBUG org.apache.http.headers - http-outgoing-2 >> Content-Type: application/json; charset=utf-8
10:17:41.937 [Forwarding findElement on session c2c9e5df695e5c1a4290eacba5ee9727 to remote] DEBUG org.apache.http.headers - http-outgoing-2 >> Content-Length: 94
10:17:41.937 [Forwarding findElement on session c2c9e5df695e5c1a4290eacba5ee9727 to remote] DEBUG org.apache.http.headers - http-outgoing-2 >> Host: localhost:36428
10:17:41.937 [Forwarding findElement on session c2c9e5df695e5c1a4290eacba5ee9727 to remote] DEBUG org.apache.http.headers - http-outgoing-2 >> Connection: Keep-Alive
10:17:41.937 [Forwarding findElement on session c2c9e5df695e5c1a4290eacba5ee9727 to remote] DEBUG org.apache.http.headers - http-outgoing-2 >> User-Agent: Apache-HttpClient/4.5.2 (Java/1.8.0_162)
10:17:41.937 [Forwarding findElement on session c2c9e5df695e5c1a4290eacba5ee9727 to remote] DEBUG org.apache.http.headers - http-outgoing-2 >> Accept-Encoding: gzip,deflate
10:17:41.937 [Forwarding findElement on session c2c9e5df695e5c1a4290eacba5ee9727 to remote] DEBUG org.apache.http.wire - http-outgoing-2 >> "POST /session/c2c9e5df695e5c1a4290eacba5ee9727/element HTTP/1.1[\r][\n]"
10:17:41.937 [Forwarding findElement on session c2c9e5df695e5c1a4290eacba5ee9727 to remote] DEBUG org.apache.http.wire - http-outgoing-2 >> "Content-Type: application/json; charset=utf-8[\r][\n]"
10:17:41.937 [Forwarding findElement on session c2c9e5df695e5c1a4290eacba5ee9727 to remote] DEBUG org.apache.http.wire - http-outgoing-2 >> "Content-Length: 94[\r][\n]"
10:17:41.937 [Forwarding findElement on session c2c9e5df695e5c1a4290eacba5ee9727 to remote] DEBUG org.apache.http.wire - http-outgoing-2 >> "Host: localhost:36428[\r][\n]"
10:17:41.937 [Forwarding findElement on session c2c9e5df695e5c1a4290eacba5ee9727 to remote] DEBUG org.apache.http.wire - http-outgoing-2 >> "Connection: Keep-Alive[\r][\n]"
10:17:41.937 [Forwarding findElement on session c2c9e5df695e5c1a4290eacba5ee9727 to remote] DEBUG org.apache.http.wire - http-outgoing-2 >> "User-Agent: Apache-HttpClient/4.5.2 (Java/1.8.0_162)[\r][\n]"
10:17:41.937 [Forwarding findElement on session c2c9e5df695e5c1a4290eacba5ee9727 to remote] DEBUG org.apache.http.wire - http-outgoing-2 >> "Accept-Encoding: gzip,deflate[\r][\n]"
10:17:41.937 [Forwarding findElement on session c2c9e5df695e5c1a4290eacba5ee9727 to remote] DEBUG org.apache.http.wire - http-outgoing-2 >> "[\r][\n]"
10:17:41.937 [Forwarding findElement on session c2c9e5df695e5c1a4290eacba5ee9727 to remote] DEBUG org.apache.http.wire - http-outgoing-2 >> "{"using":"xpath","value":"//div[@data-placeholder=\"[0xe8][0xaf][0xb7][0xe8][0xbe][0x93][0xe5][0x85][0xa5][0xe6][0x94][0xb6][0xe8][0xb4][0xb9][0xe6][0xa0][0x87][0xe5][0x87][0x86][0xe4][0xb8][0x8d][0xe8][0xb6][0x85][0xe8][0xbf][0x87]1024[0xe5][0xad][0x97]\"]"}"
10:17:41.947 [Forwarding findElement on session c2c9e5df695e5c1a4290eacba5ee9727 to remote] DEBUG org.apache.http.wire - http-outgoing-2 << "HTTP/1.1 200 OK[\r][\n]"
10:17:41.947 [Forwarding findElement on session c2c9e5df695e5c1a4290eacba5ee9727 to remote] DEBUG org.apache.http.wire - http-outgoing-2 << "Content-Length:103[\r][\n]"
10:17:41.947 [Forwarding findElement on session c2c9e5df695e5c1a4290eacba5ee9727 to remote] DEBUG org.apache.http.wire - http-outgoing-2 << "Content-Type:application/json; charset=utf-8[\r][\n]"
10:17:41.947 [Forwarding findElement on session c2c9e5df695e5c1a4290eacba5ee9727 to remote] DEBUG org.apache.http.wire - http-outgoing-2 << "[\r][\n]"
10:17:41.947 [Forwarding findElement on session c2c9e5df695e5c1a4290eacba5ee9727 to remote] DEBUG org.apache.http.wire - http-outgoing-2 << "{"sessionId":"c2c9e5df695e5c1a4290eacba5ee9727","status":0,"value":{"ELEMENT":"0.5604591143034019-16"}}"
10:17:41.947 [Forwarding findElement on session c2c9e5df695e5c1a4290eacba5ee9727 to remote] DEBUG org.apache.http.headers - http-outgoing-2 << HTTP/1.1 200 OK
10:17:41.947 [Forwarding findElement on session c2c9e5df695e5c1a4290eacba5ee9727 to remote] DEBUG org.apache.http.headers - http-outgoing-2 << Content-Length:103
10:17:41.947 [Forwarding findElement on session c2c9e5df695e5c1a4290eacba5ee9727 to remote] DEBUG org.apache.http.headers - http-outgoing-2 << Content-Type:application/json; charset=utf-8
10:17:41.947 [Forwarding findElement on session c2c9e5df695e5c1a4290eacba5ee9727 to remote] DEBUG org.apache.http.impl.execchain.MainClientExec - Connection can be kept alive indefinitely
10:17:41.947 [Forwarding findElement on session c2c9e5df695e5c1a4290eacba5ee9727 to remote] DEBUG org.apache.http.impl.conn.PoolingHttpClientConnectionManager - Connection [id: 2][route: {}->http://localhost:36428] can be kept alive indefinitely
10:17:41.947 [Forwarding findElement on session c2c9e5df695e5c1a4290eacba5ee9727 to remote] DEBUG org.apache.http.impl.conn.PoolingHttpClientConnectionManager - Connection released: [id: 2][route: {}->http://localhost:36428][total kept alive: 1; route allocated: 1 of 2000; total allocated: 1 of 2000]
10:17:41.947 [Forwarding sendKeysToElement on session c2c9e5df695e5c1a4290eacba5ee9727 to remote] DEBUG org.apache.http.client.protocol.RequestAddCookies - CookieSpec selected: default
10:17:41.948 [Forwarding sendKeysToElement on session c2c9e5df695e5c1a4290eacba5ee9727 to remote] DEBUG org.apache.http.client.protocol.RequestAuthCache - Auth cache not set in the context
10:17:41.948 [Forwarding sendKeysToElement on session c2c9e5df695e5c1a4290eacba5ee9727 to remote] DEBUG org.apache.http.impl.conn.PoolingHttpClientConnectionManager - Connection request: [route: {}->http://localhost:36428][total kept alive: 1; route allocated: 1 of 2000; total allocated: 1 of 2000]
10:17:41.948 [Forwarding sendKeysToElement on session c2c9e5df695e5c1a4290eacba5ee9727 to remote] DEBUG org.apache.http.impl.conn.PoolingHttpClientConnectionManager - Connection leased: [id: 2][route: {}->http://localhost:36428][total kept alive: 0; route allocated: 1 of 2000; total allocated: 1 of 2000]
10:17:41.948 [Forwarding sendKeysToElement on session c2c9e5df695e5c1a4290eacba5ee9727 to remote] DEBUG org.apache.http.impl.execchain.MainClientExec - Stale connection check
10:17:41.953 [Forwarding sendKeysToElement on session c2c9e5df695e5c1a4290eacba5ee9727 to remote] DEBUG org.apache.http.wire - http-outgoing-2 << "[read] I/O error: Read timed out"
10:17:41.953 [Forwarding sendKeysToElement on session c2c9e5df695e5c1a4290eacba5ee9727 to remote] DEBUG org.apache.http.impl.conn.DefaultManagedHttpClientConnection - http-outgoing-2: set socket timeout to 10800000
10:17:41.953 [Forwarding sendKeysToElement on session c2c9e5df695e5c1a4290eacba5ee9727 to remote] DEBUG org.apache.http.impl.execchain.MainClientExec - Executing request POST /session/c2c9e5df695e5c1a4290eacba5ee9727/element/0.5604591143034019-16/value HTTP/1.1
10:17:41.953 [Forwarding sendKeysToElement on session c2c9e5df695e5c1a4290eacba5ee9727 to remote] DEBUG org.apache.http.impl.execchain.MainClientExec - Target auth state: UNCHALLENGED
10:17:41.953 [Forwarding sendKeysToElement on session c2c9e5df695e5c1a4290eacba5ee9727 to remote] DEBUG org.apache.http.impl.execchain.MainClientExec - Proxy auth state: UNCHALLENGED
10:17:41.953 [Forwarding sendKeysToElement on session c2c9e5df695e5c1a4290eacba5ee9727 to remote] DEBUG org.apache.http.headers - http-outgoing-2 >> POST /session/c2c9e5df695e5c1a4290eacba5ee9727/element/0.5604591143034019-16/value HTTP/1.1
10:17:41.953 [Forwarding sendKeysToElement on session c2c9e5df695e5c1a4290eacba5ee9727 to remote] DEBUG org.apache.http.headers - http-outgoing-2 >> Content-Type: application/json; charset=utf-8
10:17:41.953 [Forwarding sendKeysToElement on session c2c9e5df695e5c1a4290eacba5ee9727 to remote] DEBUG org.apache.http.headers - http-outgoing-2 >> Content-Length: 464
10:17:41.953 [Forwarding sendKeysToElement on session c2c9e5df695e5c1a4290eacba5ee9727 to remote] DEBUG org.apache.http.headers - http-outgoing-2 >> Host: localhost:36428
10:17:41.953 [Forwarding sendKeysToElement on session c2c9e5df695e5c1a4290eacba5ee9727 to remote] DEBUG org.apache.http.headers - http-outgoing-2 >> Connection: Keep-Alive
10:17:41.953 [Forwarding sendKeysToElement on session c2c9e5df695e5c1a4290eacba5ee9727 to remote] DEBUG org.apache.http.headers - http-outgoing-2 >> User-Agent: Apache-HttpClient/4.5.2 (Java/1.8.0_162)
10:17:41.953 [Forwarding sendKeysToElement on session c2c9e5df695e5c1a4290eacba5ee9727 to remote] DEBUG org.apache.http.headers - http-outgoing-2 >> Accept-Encoding: gzip,deflate
10:17:41.953 [Forwarding sendKeysToElement on session c2c9e5df695e5c1a4290eacba5ee9727 to remote] DEBUG org.apache.http.wire - http-outgoing-2 >> "POST /session/c2c9e5df695e5c1a4290eacba5ee9727/element/0.5604591143034019-16/value HTTP/1.1[\r][\n]"
10:17:41.953 [Forwarding sendKeysToElement on session c2c9e5df695e5c1a4290eacba5ee9727 to remote] DEBUG org.apache.http.wire - http-outgoing-2 >> "Content-Type: application/json; charset=utf-8[\r][\n]"
10:17:41.953 [Forwarding sendKeysToElement on session c2c9e5df695e5c1a4290eacba5ee9727 to remote] DEBUG org.apache.http.wire - http-outgoing-2 >> "Content-Length: 464[\r][\n]"
10:17:41.953 [Forwarding sendKeysToElement on session c2c9e5df695e5c1a4290eacba5ee9727 to remote] DEBUG org.apache.http.wire - http-outgoing-2 >> "Host: localhost:36428[\r][\n]"
10:17:41.953 [Forwarding sendKeysToElement on session c2c9e5df695e5c1a4290eacba5ee9727 to remote] DEBUG org.apache.http.wire - http-outgoing-2 >> "Connection: Keep-Alive[\r][\n]"
10:17:41.953 [Forwarding sendKeysToElement on session c2c9e5df695e5c1a4290eacba5ee9727 to remote] DEBUG org.apache.http.wire - http-outgoing-2 >> "User-Agent: Apache-HttpClient/4.5.2 (Java/1.8.0_162)[\r][\n]"
10:17:41.953 [Forwarding sendKeysToElement on session c2c9e5df695e5c1a4290eacba5ee9727 to remote] DEBUG org.apache.http.wire - http-outgoing-2 >> "Accept-Encoding: gzip,deflate[\r][\n]"
10:17:41.953 [Forwarding sendKeysToElement on session c2c9e5df695e5c1a4290eacba5ee9727 to remote] DEBUG org.apache.http.wire - http-outgoing-2 >> "[\r][\n]"
10:17:41.953 [Forwarding sendKeysToElement on session c2c9e5df695e5c1a4290eacba5ee9727 to remote] DEBUG org.apache.http.wire - http-outgoing-2 >> "{"id":"0.5604591143034019-16","value":["1[0xe6][0x94][0xb6][0xe8][0xb4][0xb9][0xe6][0xa0][0x87][0xe5][0x87][0x86][0xe6][0x94][0xb6][0xe8][0xb4][0xb9][0xe6][0xa0][0x87][0xe5][0x87][0x86][0xe6][0x94][0xb6][0xe8][0xb4][0xb9][0xe6][0xa0][0x87][0xe5][0x87][0x86][0xe6][0x94][0xb6][0xe8][0xb4][0xb9][0xe6][0xa0][0x87][0xe5][0x87][0x86][0xe6][0x94][0xb6][0xe8][0xb4][0xb9][0xe6][0xa0][0x87][0xe5][0x87][0x86][0xe6][0x94][0xb6][0xe8][0xb4][0xb9][0xe6][0xa0][0x87][0xe5][0x87][0x86][0xe6][0x94][0xb6][0xe8][0xb4][0xb9][0xe6][0xa0][0x87][0xe5][0x87][0x86][0xe6][0x94][0xb6][0xe8][0xb4][0xb9][0xe6][0xa0][0x87][0xe5][0x87][0x86][0xe6][0x94][0xb6][0xe8][0xb4][0xb9][0xe6][0xa0][0x87][0xe5][0x87][0x86][0xe6][0x94][0xb6][0xe8][0xb4][0xb9][0xe6][0xa0][0x87][0xe5][0x87][0x86][0xe6][0x94][0xb6][0xe8][0xb4][0xb9][0xe6][0xa0][0x87][0xe5][0x87][0x86][0xe6][0x94][0xb6][0xe8][0xb4][0xb9][0xe6][0xa0][0x87][0xe5][0x87][0x86][0xe6][0x94][0xb6][0xe8][0xb4][0xb9][0xe6][0xa0][0x87][0xe5][0x87][0x86][0xe6][0x94][0xb6][0xe8][0xb4][0xb9][0xe6][0xa0][0x87][0xe5][0x87][0x86][0xe6][0x94][0xb6][0xe8][0xb4][0xb9][0xe6][0xa0][0x87][0xe5][0x87][0x86][0xe6][0x94][0xb6][0xe8][0xb4][0xb9][0xe6][0xa0][0x87][0xe5][0x87][0x86][0xe6][0x94][0xb6][0xe8][0xb4][0xb9][0xe6][0xa0][0x87][0xe5][0x87][0x86][0xe6][0x94][0xb6][0xe8][0xb4][0xb9][0xe6][0xa0][0x87][0xe5][0x87][0x86][0xe6][0x94][0xb6][0xe8][0xb4][0xb9][0xe6][0xa0][0x87][0xe5][0x87][0x86][0xe6][0x94][0xb6][0xe8][0xb4][0xb9][0xe6][0xa0][0x87][0xe5][0x87][0x86][0xe6][0x94][0xb6][0xe8][0xb4][0xb9][0xe6][0xa0][0x87][0xe5][0x87][0x86][0xe6][0x94][0xb6][0xe8][0xb4][0xb9][0xe6][0xa0][0x87][0xe5][0x87][0x86][0xe6][0x94][0xb6][0xe8][0xb4][0xb9][0xe6][0xa0][0x87][0xe5][0x87][0x86][0xe6][0x94][0xb6][0xe8][0xb4][0xb9][0xe6][0xa0][0x87][0xe5][0x87][0x86][0xe6][0x94][0xb6][0xe8][0xb4][0xb9][0xe6][0xa0][0x87][0xe5][0x87][0x86][0xe6][0x94][0xb6][0xe8][0xb4][0xb9][0xe6][0xa0][0x87][0xe5][0x87][0x86][0xe6][0x94][0xb6][0xe8][0xb4][0xb9][0xe6][0xa0][0x87][0xe5][0x87][0x86][0xe6][0x94][0xb6][0xe8][0xb4][0xb9][0xe6][0xa0][0x87][0xe5][0x87][0x86][0xe6][0x94][0xb6][0xe8][0xb4][0xb9][0xe6][0xa0][0x87][0xe5][0x87][0x86][0xe6][0x94][0xb6][0xe8][0xb4][0xb9][0xe6][0xa0][0x87][0xe5][0x87][0x86][0xe6][0x94][0xb6][0xe8][0xb4][0xb9][0xe6][0xa0][0x87][0xe5][0x87][0x86][0xe6][0x94][0xb6][0xe8][0xb4][0xb9][0xe6][0xa0][0x87][0xe5][0x87][0x86][0xe6][0x94][0xb6][0xe8][0xb4][0xb9][0xe6][0xa0][0x87][0xe5][0x87][0x86][0xe6][0x94][0xb6][0xe8][0xb4][0xb9][0xe6][0xa0][0x87][0xe5][0x87][0x86][0xe6][0x94][0xb6][0xe8][0xb4][0xb9][0xe6][0xa0][0x87][0xe5][0x87][0x86]"]}"
10:17:42.027 [Forwarding sendKeysToElement on session c2c9e5df695e5c1a4290eacba5ee9727 to remote] DEBUG org.apache.http.wire - http-outgoing-2 << "HTTP/1.1 200 OK[\r][\n]"
10:17:42.027 [Forwarding sendKeysToElement on session c2c9e5df695e5c1a4290eacba5ee9727 to remote] DEBUG org.apache.http.wire - http-outgoing-2 << "Content-Length:72[\r][\n]"
10:17:42.027 [Forwarding sendKeysToElement on session c2c9e5df695e5c1a4290eacba5ee9727 to remote] DEBUG org.apache.http.wire - http-outgoing-2 << "Content-Type:application/json; charset=utf-8[\r][\n]"
10:17:42.027 [Forwarding sendKeysToElement on session c2c9e5df695e5c1a4290eacba5ee9727 to remote] DEBUG org.apache.http.wire - http-outgoing-2 << "[\r][\n]"
10:17:42.027 [Forwarding sendKeysToElement on session c2c9e5df695e5c1a4290eacba5ee9727 to remote] DEBUG org.apache.http.wire - http-outgoing-2 << "{"sessionId":"c2c9e5df695e5c1a4290eacba5ee9727","status":0,"value":null}"
10:17:42.027 [Forwarding sendKeysToElement on session c2c9e5df695e5c1a4290eacba5ee9727 to remote] DEBUG org.apache.http.headers - http-outgoing-2 << HTTP/1.1 200 OK
10:17:42.027 [Forwarding sendKeysToElement on session c2c9e5df695e5c1a4290eacba5ee9727 to remote] DEBUG org.apache.http.headers - http-outgoing-2 << Content-Length:72
10:17:42.027 [Forwarding sendKeysToElement on session c2c9e5df695e5c1a4290eacba5ee9727 to remote] DEBUG org.apache.http.headers - http-outgoing-2 << Content-Type:application/json; charset=utf-8
10:17:42.027 [Forwarding sendKeysToElement on session c2c9e5df695e5c1a4290eacba5ee9727 to remote] DEBUG org.apache.http.impl.execchain.MainClientExec - Connection can be kept alive indefinitely
10:17:42.027 [Forwarding sendKeysToElement on session c2c9e5df695e5c1a4290eacba5ee9727 to remote] DEBUG org.apache.http.impl.conn.PoolingHttpClientConnectionManager - Connection [id: 2][route: {}->http://localhost:36428] can be kept alive indefinitely
10:17:42.027 [Forwarding sendKeysToElement on session c2c9e5df695e5c1a4290eacba5ee9727 to remote] DEBUG org.apache.http.impl.conn.PoolingHttpClientConnectionManager - Connection released: [id: 2][route: {}->http://localhost:36428][total kept alive: 1; route allocated: 1 of 2000; total allocated: 1 of 2000]
10:17:42.028 [Forwarding findElement on session c2c9e5df695e5c1a4290eacba5ee9727 to remote] DEBUG org.apache.http.client.protocol.RequestAddCookies - CookieSpec selected: default
10:17:42.028 [Forwarding findElement on session c2c9e5df695e5c1a4290eacba5ee9727 to remote] DEBUG org.apache.http.client.protocol.RequestAuthCache - Auth cache not set in the context
10:17:42.028 [Forwarding findElement on session c2c9e5df695e5c1a4290eacba5ee9727 to remote] DEBUG org.apache.http.impl.conn.PoolingHttpClientConnectionManager - Connection request: [route: {}->http://localhost:36428][total kept alive: 1; route allocated: 1 of 2000; total allocated: 1 of 2000]
10:17:42.028 [Forwarding findElement on session c2c9e5df695e5c1a4290eacba5ee9727 to remote] DEBUG org.apache.http.impl.conn.PoolingHttpClientConnectionManager - Connection leased: [id: 2][route: {}->http://localhost:36428][total kept alive: 0; route allocated: 1 of 2000; total allocated: 1 of 2000]
10:17:42.028 [Forwarding findElement on session c2c9e5df695e5c1a4290eacba5ee9727 to remote] DEBUG org.apache.http.impl.execchain.MainClientExec - Stale connection check
10:17:42.033 [Forwarding findElement on session c2c9e5df695e5c1a4290eacba5ee9727 to remote] DEBUG org.apache.http.wire - http-outgoing-2 << "[read] I/O error: Read timed out"
10:17:42.033 [Forwarding findElement on session c2c9e5df695e5c1a4290eacba5ee9727 to remote] DEBUG org.apache.http.impl.conn.DefaultManagedHttpClientConnection - http-outgoing-2: set socket timeout to 10800000
10:17:42.033 [Forwarding findElement on session c2c9e5df695e5c1a4290eacba5ee9727 to remote] DEBUG org.apache.http.impl.execchain.MainClientExec - Executing request POST /session/c2c9e5df695e5c1a4290eacba5ee9727/element HTTP/1.1
10:17:42.033 [Forwarding findElement on session c2c9e5df695e5c1a4290eacba5ee9727 to remote] DEBUG org.apache.http.impl.execchain.MainClientExec - Target auth state: UNCHALLENGED
10:17:42.033 [Forwarding findElement on session c2c9e5df695e5c1a4290eacba5ee9727 to remote] DEBUG org.apache.http.impl.execchain.MainClientExec - Proxy auth state: UNCHALLENGED
10:17:42.033 [Forwarding findElement on session c2c9e5df695e5c1a4290eacba5ee9727 to remote] DEBUG org.apache.http.headers - http-outgoing-2 >> POST /session/c2c9e5df695e5c1a4290eacba5ee9727/element HTTP/1.1
10:17:42.033 [Forwarding findElement on session c2c9e5df695e5c1a4290eacba5ee9727 to remote] DEBUG org.apache.http.headers - http-outgoing-2 >> Content-Type: application/json; charset=utf-8
10:17:42.033 [Forwarding findElement on session c2c9e5df695e5c1a4290eacba5ee9727 to remote] DEBUG org.apache.http.headers - http-outgoing-2 >> Content-Length: 94
10:17:42.033 [Forwarding findElement on session c2c9e5df695e5c1a4290eacba5ee9727 to remote] DEBUG org.apache.http.headers - http-outgoing-2 >> Host: localhost:36428
10:17:42.033 [Forwarding findElement on session c2c9e5df695e5c1a4290eacba5ee9727 to remote] DEBUG org.apache.http.headers - http-outgoing-2 >> Connection: Keep-Alive
10:17:42.033 [Forwarding findElement on session c2c9e5df695e5c1a4290eacba5ee9727 to remote] DEBUG org.apache.http.headers - http-outgoing-2 >> User-Agent: Apache-HttpClient/4.5.2 (Java/1.8.0_162)
10:17:42.033 [Forwarding findElement on session c2c9e5df695e5c1a4290eacba5ee9727 to remote] DEBUG org.apache.http.headers - http-outgoing-2 >> Accept-Encoding: gzip,deflate
10:17:42.033 [Forwarding findElement on session c2c9e5df695e5c1a4290eacba5ee9727 to remote] DEBUG org.apache.http.wire - http-outgoing-2 >> "POST /session/c2c9e5df695e5c1a4290eacba5ee9727/element HTTP/1.1[\r][\n]"
10:17:42.033 [Forwarding findElement on session c2c9e5df695e5c1a4290eacba5ee9727 to remote] DEBUG org.apache.http.wire - http-outgoing-2 >> "Content-Type: application/json; charset=utf-8[\r][\n]"
10:17:42.033 [Forwarding findElement on session c2c9e5df695e5c1a4290eacba5ee9727 to remote] DEBUG org.apache.http.wire - http-outgoing-2 >> "Content-Length: 94[\r][\n]"
10:17:42.033 [Forwarding findElement on session c2c9e5df695e5c1a4290eacba5ee9727 to remote] DEBUG org.apache.http.wire - http-outgoing-2 >> "Host: localhost:36428[\r][\n]"
10:17:42.033 [Forwarding findElement on session c2c9e5df695e5c1a4290eacba5ee9727 to remote] DEBUG org.apache.http.wire - http-outgoing-2 >> "Connection: Keep-Alive[\r][\n]"
10:17:42.033 [Forwarding findElement on session c2c9e5df695e5c1a4290eacba5ee9727 to remote] DEBUG org.apache.http.wire - http-outgoing-2 >> "User-Agent: Apache-HttpClient/4.5.2 (Java/1.8.0_162)[\r][\n]"
10:17:42.033 [Forwarding findElement on session c2c9e5df695e5c1a4290eacba5ee9727 to remote] DEBUG org.apache.http.wire - http-outgoing-2 >> "Accept-Encoding: gzip,deflate[\r][\n]"
10:17:42.033 [Forwarding findElement on session c2c9e5df695e5c1a4290eacba5ee9727 to remote] DEBUG org.apache.http.wire - http-outgoing-2 >> "[\r][\n]"
10:17:42.033 [Forwarding findElement on session c2c9e5df695e5c1a4290eacba5ee9727 to remote] DEBUG org.apache.http.wire - http-outgoing-2 >> "{"using":"xpath","value":"//div[@data-placeholder=\"[0xe8][0xaf][0xb7][0xe8][0xbe][0x93][0xe5][0x85][0xa5][0xe5][0xb9][0xb4][0xe8][0x96][0xaa][0xe5][0xae][0x9a][0xe4][0xb9][0x89][0xe4][0xb8][0x8d][0xe8][0xb6][0x85][0xe8][0xbf][0x87]1024[0xe5][0xad][0x97]\"]"}"
10:17:42.043 [Forwarding findElement on session c2c9e5df695e5c1a4290eacba5ee9727 to remote] DEBUG org.apache.http.wire - http-outgoing-2 << "HTTP/1.1 200 OK[\r][\n]"
10:17:42.043 [Forwarding findElement on session c2c9e5df695e5c1a4290eacba5ee9727 to remote] DEBUG org.apache.http.wire - http-outgoing-2 << "Content-Length:103[\r][\n]"
10:17:42.043 [Forwarding findElement on session c2c9e5df695e5c1a4290eacba5ee9727 to remote] DEBUG org.apache.http.wire - http-outgoing-2 << "Content-Type:application/json; charset=utf-8[\r][\n]"
10:17:42.043 [Forwarding findElement on session c2c9e5df695e5c1a4290eacba5ee9727 to remote] DEBUG org.apache.http.wire - http-outgoing-2 << "[\r][\n]"
10:17:42.043 [Forwarding findElement on session c2c9e5df695e5c1a4290eacba5ee9727 to remote] DEBUG org.apache.http.wire - http-outgoing-2 << "{"sessionId":"c2c9e5df695e5c1a4290eacba5ee9727","status":0,"value":{"ELEMENT":"0.5604591143034019-17"}}"
10:17:42.043 [Forwarding findElement on session c2c9e5df695e5c1a4290eacba5ee9727 to remote] DEBUG org.apache.http.headers - http-outgoing-2 << HTTP/1.1 200 OK
10:17:42.043 [Forwarding findElement on session c2c9e5df695e5c1a4290eacba5ee9727 to remote] DEBUG org.apache.http.headers - http-outgoing-2 << Content-Length:103
10:17:42.043 [Forwarding findElement on session c2c9e5df695e5c1a4290eacba5ee9727 to remote] DEBUG org.apache.http.headers - http-outgoing-2 << Content-Type:application/json; charset=utf-8
10:17:42.043 [Forwarding findElement on session c2c9e5df695e5c1a4290eacba5ee9727 to remote] DEBUG org.apache.http.impl.execchain.MainClientExec - Connection can be kept alive indefinitely
10:17:42.043 [Forwarding findElement on session c2c9e5df695e5c1a4290eacba5ee9727 to remote] DEBUG org.apache.http.impl.conn.PoolingHttpClientConnectionManager - Connection [id: 2][route: {}->http://localhost:36428] can be kept alive indefinitely
10:17:42.043 [Forwarding findElement on session c2c9e5df695e5c1a4290eacba5ee9727 to remote] DEBUG org.apache.http.impl.conn.PoolingHttpClientConnectionManager - Connection released: [id: 2][route: {}->http://localhost:36428][total kept alive: 1; route allocated: 1 of 2000; total allocated: 1 of 2000]
10:17:42.044 [Forwarding sendKeysToElement on session c2c9e5df695e5c1a4290eacba5ee9727 to remote] DEBUG org.apache.http.client.protocol.RequestAddCookies - CookieSpec selected: default
10:17:42.044 [Forwarding sendKeysToElement on session c2c9e5df695e5c1a4290eacba5ee9727 to remote] DEBUG org.apache.http.client.protocol.RequestAuthCache - Auth cache not set in the context
10:17:42.044 [Forwarding sendKeysToElement on session c2c9e5df695e5c1a4290eacba5ee9727 to remote] DEBUG org.apache.http.impl.conn.PoolingHttpClientConnectionManager - Connection request: [route: {}->http://localhost:36428][total kept alive: 1; route allocated: 1 of 2000; total allocated: 1 of 2000]
10:17:42.044 [Forwarding sendKeysToElement on session c2c9e5df695e5c1a4290eacba5ee9727 to remote] DEBUG org.apache.http.impl.conn.PoolingHttpClientConnectionManager - Connection leased: [id: 2][route: {}->http://localhost:36428][total kept alive: 0; route allocated: 1 of 2000; total allocated: 1 of 2000]
10:17:42.044 [Forwarding sendKeysToElement on session c2c9e5df695e5c1a4290eacba5ee9727 to remote] DEBUG org.apache.http.impl.execchain.MainClientExec - Stale connection check
10:17:42.048 [Forwarding sendKeysToElement on session c2c9e5df695e5c1a4290eacba5ee9727 to remote] DEBUG org.apache.http.wire - http-outgoing-2 << "[read] I/O error: Read timed out"
10:17:42.048 [Forwarding sendKeysToElement on session c2c9e5df695e5c1a4290eacba5ee9727 to remote] DEBUG org.apache.http.impl.conn.DefaultManagedHttpClientConnection - http-outgoing-2: set socket timeout to 10800000
10:17:42.048 [Forwarding sendKeysToElement on session c2c9e5df695e5c1a4290eacba5ee9727 to remote] DEBUG org.apache.http.impl.execchain.MainClientExec - Executing request POST /session/c2c9e5df695e5c1a4290eacba5ee9727/element/0.5604591143034019-17/value HTTP/1.1
10:17:42.048 [Forwarding sendKeysToElement on session c2c9e5df695e5c1a4290eacba5ee9727 to remote] DEBUG org.apache.http.impl.execchain.MainClientExec - Target auth state: UNCHALLENGED
10:17:42.048 [Forwarding sendKeysToElement on session c2c9e5df695e5c1a4290eacba5ee9727 to remote] DEBUG org.apache.http.impl.execchain.MainClientExec - Proxy auth state: UNCHALLENGED
10:17:42.048 [Forwarding sendKeysToElement on session c2c9e5df695e5c1a4290eacba5ee9727 to remote] DEBUG org.apache.http.headers - http-outgoing-2 >> POST /session/c2c9e5df695e5c1a4290eacba5ee9727/element/0.5604591143034019-17/value HTTP/1.1
10:17:42.048 [Forwarding sendKeysToElement on session c2c9e5df695e5c1a4290eacba5ee9727 to remote] DEBUG org.apache.http.headers - http-outgoing-2 >> Content-Type: application/json; charset=utf-8
10:17:42.048 [Forwarding sendKeysToElement on session c2c9e5df695e5c1a4290eacba5ee9727 to remote] DEBUG org.apache.http.headers - http-outgoing-2 >> Content-Length: 464
10:17:42.048 [Forwarding sendKeysToElement on session c2c9e5df695e5c1a4290eacba5ee9727 to remote] DEBUG org.apache.http.headers - http-outgoing-2 >> Host: localhost:36428
10:17:42.048 [Forwarding sendKeysToElement on session c2c9e5df695e5c1a4290eacba5ee9727 to remote] DEBUG org.apache.http.headers - http-outgoing-2 >> Connection: Keep-Alive
10:17:42.048 [Forwarding sendKeysToElement on session c2c9e5df695e5c1a4290eacba5ee9727 to remote] DEBUG org.apache.http.headers - http-outgoing-2 >> User-Agent: Apache-HttpClient/4.5.2 (Java/1.8.0_162)
10:17:42.048 [Forwarding sendKeysToElement on session c2c9e5df695e5c1a4290eacba5ee9727 to remote] DEBUG org.apache.http.headers - http-outgoing-2 >> Accept-Encoding: gzip,deflate
10:17:42.048 [Forwarding sendKeysToElement on session c2c9e5df695e5c1a4290eacba5ee9727 to remote] DEBUG org.apache.http.wire - http-outgoing-2 >> "POST /session/c2c9e5df695e5c1a4290eacba5ee9727/element/0.5604591143034019-17/value HTTP/1.1[\r][\n]"
10:17:42.048 [Forwarding sendKeysToElement on session c2c9e5df695e5c1a4290eacba5ee9727 to remote] DEBUG org.apache.http.wire - http-outgoing-2 >> "Content-Type: application/json; charset=utf-8[\r][\n]"
10:17:42.048 [Forwarding sendKeysToElement on session c2c9e5df695e5c1a4290eacba5ee9727 to remote] DEBUG org.apache.http.wire - http-outgoing-2 >> "Content-Length: 464[\r][\n]"
10:17:42.048 [Forwarding sendKeysToElement on session c2c9e5df695e5c1a4290eacba5ee9727 to remote] DEBUG org.apache.http.wire - http-outgoing-2 >> "Host: localhost:36428[\r][\n]"
10:17:42.048 [Forwarding sendKeysToElement on session c2c9e5df695e5c1a4290eacba5ee9727 to remote] DEBUG org.apache.http.wire - http-outgoing-2 >> "Connection: Keep-Alive[\r][\n]"
10:17:42.048 [Forwarding sendKeysToElement on session c2c9e5df695e5c1a4290eacba5ee9727 to remote] DEBUG org.apache.http.wire - http-outgoing-2 >> "User-Agent: Apache-HttpClient/4.5.2 (Java/1.8.0_162)[\r][\n]"
10:17:42.048 [Forwarding sendKeysToElement on session c2c9e5df695e5c1a4290eacba5ee9727 to remote] DEBUG org.apache.http.wire - http-outgoing-2 >> "Accept-Encoding: gzip,deflate[\r][\n]"
10:17:42.048 [Forwarding sendKeysToElement on session c2c9e5df695e5c1a4290eacba5ee9727 to remote] DEBUG org.apache.http.wire - http-outgoing-2 >> "[\r][\n]"
10:17:42.048 [Forwarding sendKeysToElement on session c2c9e5df695e5c1a4290eacba5ee9727 to remote] DEBUG org.apache.http.wire - http-outgoing-2 >> "{"id":"0.5604591143034019-17","value":["2[0xe5][0xb9][0xb4][0xe8][0x96][0xaa][0xe5][0xae][0x9a][0xe4][0xb9][0x89][0xe5][0xb9][0xb4][0xe8][0x96][0xaa][0xe5][0xae][0x9a][0xe4][0xb9][0x89][0xe5][0xb9][0xb4][0xe8][0x96][0xaa][0xe5][0xae][0x9a][0xe4][0xb9][0x89][0xe5][0xb9][0xb4][0xe8][0x96][0xaa][0xe5][0xae][0x9a][0xe4][0xb9][0x89][0xe5][0xb9][0xb4][0xe8][0x96][0xaa][0xe5][0xae][0x9a][0xe4][0xb9][0x89][0xe5][0xb9][0xb4][0xe8][0x96][0xaa][0xe5][0xae][0x9a][0xe4][0xb9][0x89][0xe5][0xb9][0xb4][0xe8][0x96][0xaa][0xe5][0xae][0x9a][0xe4][0xb9][0x89][0xe5][0xb9][0xb4][0xe8][0x96][0xaa][0xe5][0xae][0x9a][0xe4][0xb9][0x89][0xe5][0xb9][0xb4][0xe8][0x96][0xaa][0xe5][0xae][0x9a][0xe4][0xb9][0x89][0xe5][0xb9][0xb4][0xe8][0x96][0xaa][0xe5][0xae][0x9a][0xe4][0xb9][0x89][0xe5][0xb9][0xb4][0xe8][0x96][0xaa][0xe5][0xae][0x9a][0xe4][0xb9][0x89][0xe5][0xb9][0xb4][0xe8][0x96][0xaa][0xe5][0xae][0x9a][0xe4][0xb9][0x89][0xe5][0xb9][0xb4][0xe8][0x96][0xaa][0xe5][0xae][0x9a][0xe4][0xb9][0x89][0xe5][0xb9][0xb4][0xe8][0x96][0xaa][0xe5][0xae][0x9a][0xe4][0xb9][0x89][0xe5][0xb9][0xb4][0xe8][0x96][0xaa][0xe5][0xae][0x9a][0xe4][0xb9][0x89][0xe5][0xb9][0xb4][0xe8][0x96][0xaa][0xe5][0xae][0x9a][0xe4][0xb9][0x89][0xe5][0xb9][0xb4][0xe8][0x96][0xaa][0xe5][0xae][0x9a][0xe4][0xb9][0x89][0xe5][0xb9][0xb4][0xe8][0x96][0xaa][0xe5][0xae][0x9a][0xe4][0xb9][0x89][0xe5][0xb9][0xb4][0xe8][0x96][0xaa][0xe5][0xae][0x9a][0xe4][0xb9][0x89][0xe5][0xb9][0xb4][0xe8][0x96][0xaa][0xe5][0xae][0x9a][0xe4][0xb9][0x89][0xe5][0xb9][0xb4][0xe8][0x96][0xaa][0xe5][0xae][0x9a][0xe4][0xb9][0x89][0xe5][0xb9][0xb4][0xe8][0x96][0xaa][0xe5][0xae][0x9a][0xe4][0xb9][0x89][0xe5][0xb9][0xb4][0xe8][0x96][0xaa][0xe5][0xae][0x9a][0xe4][0xb9][0x89][0xe5][0xb9][0xb4][0xe8][0x96][0xaa][0xe5][0xae][0x9a][0xe4][0xb9][0x89][0xe5][0xb9][0xb4][0xe8][0x96][0xaa][0xe5][0xae][0x9a][0xe4][0xb9][0x89][0xe5][0xb9][0xb4][0xe8][0x96][0xaa][0xe5][0xae][0x9a][0xe4][0xb9][0x89][0xe5][0xb9][0xb4][0xe8][0x96][0xaa][0xe5][0xae][0x9a][0xe4][0xb9][0x89][0xe5][0xb9][0xb4][0xe8][0x96][0xaa][0xe5][0xae][0x9a][0xe4][0xb9][0x89][0xe5][0xb9][0xb4][0xe8][0x96][0xaa][0xe5][0xae][0x9a][0xe4][0xb9][0x89][0xe5][0xb9][0xb4][0xe8][0x96][0xaa][0xe5][0xae][0x9a][0xe4][0xb9][0x89][0xe5][0xb9][0xb4][0xe8][0x96][0xaa][0xe5][0xae][0x9a][0xe4][0xb9][0x89][0xe5][0xb9][0xb4][0xe8][0x96][0xaa][0xe5][0xae][0x9a][0xe4][0xb9][0x89][0xe5][0xb9][0xb4][0xe8][0x96][0xaa][0xe5][0xae][0x9a][0xe4][0xb9][0x89][0xe5][0xb9][0xb4][0xe8][0x96][0xaa][0xe5][0xae][0x9a][0xe4][0xb9][0x89][0xe5][0xb9][0xb4][0xe8][0x96][0xaa][0xe5][0xae][0x9a][0xe4][0xb9][0x89]"]}"
10:17:42.114 [Forwarding sendKeysToElement on session c2c9e5df695e5c1a4290eacba5ee9727 to remote] DEBUG org.apache.http.wire - http-outgoing-2 << "HTTP/1.1 200 OK[\r][\n]"
10:17:42.114 [Forwarding sendKeysToElement on session c2c9e5df695e5c1a4290eacba5ee9727 to remote] DEBUG org.apache.http.wire - http-outgoing-2 << "Content-Length:72[\r][\n]"
10:17:42.114 [Forwarding sendKeysToElement on session c2c9e5df695e5c1a4290eacba5ee9727 to remote] DEBUG org.apache.http.wire - http-outgoing-2 << "Content-Type:application/json; charset=utf-8[\r][\n]"
10:17:42.114 [Forwarding sendKeysToElement on session c2c9e5df695e5c1a4290eacba5ee9727 to remote] DEBUG org.apache.http.wire - http-outgoing-2 << "[\r][\n]"
10:17:42.114 [Forwarding sendKeysToElement on session c2c9e5df695e5c1a4290eacba5ee9727 to remote] DEBUG org.apache.http.wire - http-outgoing-2 << "{"sessionId":"c2c9e5df695e5c1a4290eacba5ee9727","status":0,"value":null}"
10:17:42.114 [Forwarding sendKeysToElement on session c2c9e5df695e5c1a4290eacba5ee9727 to remote] DEBUG org.apache.http.headers - http-outgoing-2 << HTTP/1.1 200 OK
10:17:42.114 [Forwarding sendKeysToElement on session c2c9e5df695e5c1a4290eacba5ee9727 to remote] DEBUG org.apache.http.headers - http-outgoing-2 << Content-Length:72
10:17:42.114 [Forwarding sendKeysToElement on session c2c9e5df695e5c1a4290eacba5ee9727 to remote] DEBUG org.apache.http.headers - http-outgoing-2 << Content-Type:application/json; charset=utf-8
10:17:42.114 [Forwarding sendKeysToElement on session c2c9e5df695e5c1a4290eacba5ee9727 to remote] DEBUG org.apache.http.impl.execchain.MainClientExec - Connection can be kept alive indefinitely
10:17:42.114 [Forwarding sendKeysToElement on session c2c9e5df695e5c1a4290eacba5ee9727 to remote] DEBUG org.apache.http.impl.conn.PoolingHttpClientConnectionManager - Connection [id: 2][route: {}->http://localhost:36428] can be kept alive indefinitely
10:17:42.114 [Forwarding sendKeysToElement on session c2c9e5df695e5c1a4290eacba5ee9727 to remote] DEBUG org.apache.http.impl.conn.PoolingHttpClientConnectionManager - Connection released: [id: 2][route: {}->http://localhost:36428][total kept alive: 1; route allocated: 1 of 2000; total allocated: 1 of 2000]
10:17:42.114 [Forwarding findElement on session c2c9e5df695e5c1a4290eacba5ee9727 to remote] DEBUG org.apache.http.client.protocol.RequestAddCookies - CookieSpec selected: default
10:17:42.114 [Forwarding findElement on session c2c9e5df695e5c1a4290eacba5ee9727 to remote] DEBUG org.apache.http.client.protocol.RequestAuthCache - Auth cache not set in the context
10:17:42.114 [Forwarding findElement on session c2c9e5df695e5c1a4290eacba5ee9727 to remote] DEBUG org.apache.http.impl.conn.PoolingHttpClientConnectionManager - Connection request: [route: {}->http://localhost:36428][total kept alive: 1; route allocated: 1 of 2000; total allocated: 1 of 2000]
10:17:42.114 [Forwarding findElement on session c2c9e5df695e5c1a4290eacba5ee9727 to remote] DEBUG org.apache.http.impl.conn.PoolingHttpClientConnectionManager - Connection leased: [id: 2][route: {}->http://localhost:36428][total kept alive: 0; route allocated: 1 of 2000; total allocated: 1 of 2000]
10:17:42.114 [Forwarding findElement on session c2c9e5df695e5c1a4290eacba5ee9727 to remote] DEBUG org.apache.http.impl.execchain.MainClientExec - Stale connection check
10:17:42.125 [Forwarding findElement on session c2c9e5df695e5c1a4290eacba5ee9727 to remote] DEBUG org.apache.http.wire - http-outgoing-2 << "[read] I/O error: Read timed out"
10:17:42.125 [Forwarding findElement on session c2c9e5df695e5c1a4290eacba5ee9727 to remote] DEBUG org.apache.http.impl.conn.DefaultManagedHttpClientConnection - http-outgoing-2: set socket timeout to 10800000
10:17:42.125 [Forwarding findElement on session c2c9e5df695e5c1a4290eacba5ee9727 to remote] DEBUG org.apache.http.impl.execchain.MainClientExec - Executing request POST /session/c2c9e5df695e5c1a4290eacba5ee9727/element HTTP/1.1
10:17:42.125 [Forwarding findElement on session c2c9e5df695e5c1a4290eacba5ee9727 to remote] DEBUG org.apache.http.impl.execchain.MainClientExec - Target auth state: UNCHALLENGED
10:17:42.125 [Forwarding findElement on session c2c9e5df695e5c1a4290eacba5ee9727 to remote] DEBUG org.apache.http.impl.execchain.MainClientExec - Proxy auth state: UNCHALLENGED
10:17:42.125 [Forwarding findElement on session c2c9e5df695e5c1a4290eacba5ee9727 to remote] DEBUG org.apache.http.headers - http-outgoing-2 >> POST /session/c2c9e5df695e5c1a4290eacba5ee9727/element HTTP/1.1
10:17:42.125 [Forwarding findElement on session c2c9e5df695e5c1a4290eacba5ee9727 to remote] DEBUG org.apache.http.headers - http-outgoing-2 >> Content-Type: application/json; charset=utf-8
10:17:42.125 [Forwarding findElement on session c2c9e5df695e5c1a4290eacba5ee9727 to remote] DEBUG org.apache.http.headers - http-outgoing-2 >> Content-Length: 94
10:17:42.125 [Forwarding findElement on session c2c9e5df695e5c1a4290eacba5ee9727 to remote] DEBUG org.apache.http.headers - http-outgoing-2 >> Host: localhost:36428
10:17:42.125 [Forwarding findElement on session c2c9e5df695e5c1a4290eacba5ee9727 to remote] DEBUG org.apache.http.headers - http-outgoing-2 >> Connection: Keep-Alive
10:17:42.125 [Forwarding findElement on session c2c9e5df695e5c1a4290eacba5ee9727 to remote] DEBUG org.apache.http.headers - http-outgoing-2 >> User-Agent: Apache-HttpClient/4.5.2 (Java/1.8.0_162)
10:17:42.125 [Forwarding findElement on session c2c9e5df695e5c1a4290eacba5ee9727 to remote] DEBUG org.apache.http.headers - http-outgoing-2 >> Accept-Encoding: gzip,deflate
10:17:42.125 [Forwarding findElement on session c2c9e5df695e5c1a4290eacba5ee9727 to remote] DEBUG org.apache.http.wire - http-outgoing-2 >> "POST /session/c2c9e5df695e5c1a4290eacba5ee9727/element HTTP/1.1[\r][\n]"
10:17:42.125 [Forwarding findElement on session c2c9e5df695e5c1a4290eacba5ee9727 to remote] DEBUG org.apache.http.wire - http-outgoing-2 >> "Content-Type: application/json; charset=utf-8[\r][\n]"
10:17:42.125 [Forwarding findElement on session c2c9e5df695e5c1a4290eacba5ee9727 to remote] DEBUG org.apache.http.wire - http-outgoing-2 >> "Content-Length: 94[\r][\n]"
10:17:42.125 [Forwarding findElement on session c2c9e5df695e5c1a4290eacba5ee9727 to remote] DEBUG org.apache.http.wire - http-outgoing-2 >> "Host: localhost:36428[\r][\n]"
10:17:42.125 [Forwarding findElement on session c2c9e5df695e5c1a4290eacba5ee9727 to remote] DEBUG org.apache.http.wire - http-outgoing-2 >> "Connection: Keep-Alive[\r][\n]"
10:17:42.125 [Forwarding findElement on session c2c9e5df695e5c1a4290eacba5ee9727 to remote] DEBUG org.apache.http.wire - http-outgoing-2 >> "User-Agent: Apache-HttpClient/4.5.2 (Java/1.8.0_162)[\r][\n]"
10:17:42.125 [Forwarding findElement on session c2c9e5df695e5c1a4290eacba5ee9727 to remote] DEBUG org.apache.http.wire - http-outgoing-2 >> "Accept-Encoding: gzip,deflate[\r][\n]"
10:17:42.125 [Forwarding findElement on session c2c9e5df695e5c1a4290eacba5ee9727 to remote] DEBUG org.apache.http.wire - http-outgoing-2 >> "[\r][\n]"
10:17:42.125 [Forwarding findElement on session c2c9e5df695e5c1a4290eacba5ee9727 to remote] DEBUG org.apache.http.wire - http-outgoing-2 >> "{"using":"xpath","value":"//div[@data-placeholder=\"[0xe8][0xaf][0xb7][0xe8][0xbe][0x93][0xe5][0x85][0xa5][0xe4][0xbb][0x98][0xe8][0xb4][0xb9][0xe6][0x96][0xb9][0xe5][0xbc][0x8f][0xe4][0xb8][0x8d][0xe8][0xb6][0x85][0xe8][0xbf][0x87]1024[0xe5][0xad][0x97]\"]"}"
10:17:42.134 [Forwarding findElement on session c2c9e5df695e5c1a4290eacba5ee9727 to remote] DEBUG org.apache.http.wire - http-outgoing-2 << "HTTP/1.1 200 OK[\r][\n]"
10:17:42.134 [Forwarding findElement on session c2c9e5df695e5c1a4290eacba5ee9727 to remote] DEBUG org.apache.http.wire - http-outgoing-2 << "Content-Length:103[\r][\n]"
10:17:42.134 [Forwarding findElement on session c2c9e5df695e5c1a4290eacba5ee9727 to remote] DEBUG org.apache.http.wire - http-outgoing-2 << "Content-Type:application/json; charset=utf-8[\r][\n]"
10:17:42.134 [Forwarding findElement on session c2c9e5df695e5c1a4290eacba5ee9727 to remote] DEBUG org.apache.http.wire - http-outgoing-2 << "[\r][\n]"
10:17:42.134 [Forwarding findElement on session c2c9e5df695e5c1a4290eacba5ee9727 to remote] DEBUG org.apache.http.wire - http-outgoing-2 << "{"sessionId":"c2c9e5df695e5c1a4290eacba5ee9727","status":0,"value":{"ELEMENT":"0.5604591143034019-18"}}"
10:17:42.134 [Forwarding findElement on session c2c9e5df695e5c1a4290eacba5ee9727 to remote] DEBUG org.apache.http.headers - http-outgoing-2 << HTTP/1.1 200 OK
10:17:42.134 [Forwarding findElement on session c2c9e5df695e5c1a4290eacba5ee9727 to remote] DEBUG org.apache.http.headers - http-outgoing-2 << Content-Length:103
10:17:42.134 [Forwarding findElement on session c2c9e5df695e5c1a4290eacba5ee9727 to remote] DEBUG org.apache.http.headers - http-outgoing-2 << Content-Type:application/json; charset=utf-8
10:17:42.134 [Forwarding findElement on session c2c9e5df695e5c1a4290eacba5ee9727 to remote] DEBUG org.apache.http.impl.execchain.MainClientExec - Connection can be kept alive indefinitely
10:17:42.134 [Forwarding findElement on session c2c9e5df695e5c1a4290eacba5ee9727 to remote] DEBUG org.apache.http.impl.conn.PoolingHttpClientConnectionManager - Connection [id: 2][route: {}->http://localhost:36428] can be kept alive indefinitely
10:17:42.134 [Forwarding findElement on session c2c9e5df695e5c1a4290eacba5ee9727 to remote] DEBUG org.apache.http.impl.conn.PoolingHttpClientConnectionManager - Connection released: [id: 2][route: {}->http://localhost:36428][total kept alive: 1; route allocated: 1 of 2000; total allocated: 1 of 2000]
10:17:42.134 [Forwarding sendKeysToElement on session c2c9e5df695e5c1a4290eacba5ee9727 to remote] DEBUG org.apache.http.client.protocol.RequestAddCookies - CookieSpec selected: default
10:17:42.134 [Forwarding sendKeysToElement on session c2c9e5df695e5c1a4290eacba5ee9727 to remote] DEBUG org.apache.http.client.protocol.RequestAuthCache - Auth cache not set in the context
10:17:42.134 [Forwarding sendKeysToElement on session c2c9e5df695e5c1a4290eacba5ee9727 to remote] DEBUG org.apache.http.impl.conn.PoolingHttpClientConnectionManager - Connection request: [route: {}->http://localhost:36428][total kept alive: 1; route allocated: 1 of 2000; total allocated: 1 of 2000]
10:17:42.134 [Forwarding sendKeysToElement on session c2c9e5df695e5c1a4290eacba5ee9727 to remote] DEBUG org.apache.http.impl.conn.PoolingHttpClientConnectionManager - Connection leased: [id: 2][route: {}->http://localhost:36428][total kept alive: 0; route allocated: 1 of 2000; total allocated: 1 of 2000]
10:17:42.134 [Forwarding sendKeysToElement on session c2c9e5df695e5c1a4290eacba5ee9727 to remote] DEBUG org.apache.http.impl.execchain.MainClientExec - Stale connection check
10:17:42.140 [Forwarding sendKeysToElement on session c2c9e5df695e5c1a4290eacba5ee9727 to remote] DEBUG org.apache.http.wire - http-outgoing-2 << "[read] I/O error: Read timed out"
10:17:42.140 [Forwarding sendKeysToElement on session c2c9e5df695e5c1a4290eacba5ee9727 to remote] DEBUG org.apache.http.impl.conn.DefaultManagedHttpClientConnection - http-outgoing-2: set socket timeout to 10800000
10:17:42.141 [Forwarding sendKeysToElement on session c2c9e5df695e5c1a4290eacba5ee9727 to remote] DEBUG org.apache.http.impl.execchain.MainClientExec - Executing request POST /session/c2c9e5df695e5c1a4290eacba5ee9727/element/0.5604591143034019-18/value HTTP/1.1
10:17:42.141 [Forwarding sendKeysToElement on session c2c9e5df695e5c1a4290eacba5ee9727 to remote] DEBUG org.apache.http.impl.execchain.MainClientExec - Target auth state: UNCHALLENGED
10:17:42.141 [Forwarding sendKeysToElement on session c2c9e5df695e5c1a4290eacba5ee9727 to remote] DEBUG org.apache.http.impl.execchain.MainClientExec - Proxy auth state: UNCHALLENGED
10:17:42.141 [Forwarding sendKeysToElement on session c2c9e5df695e5c1a4290eacba5ee9727 to remote] DEBUG org.apache.http.headers - http-outgoing-2 >> POST /session/c2c9e5df695e5c1a4290eacba5ee9727/element/0.5604591143034019-18/value HTTP/1.1
10:17:42.141 [Forwarding sendKeysToElement on session c2c9e5df695e5c1a4290eacba5ee9727 to remote] DEBUG org.apache.http.headers - http-outgoing-2 >> Content-Type: application/json; charset=utf-8
10:17:42.141 [Forwarding sendKeysToElement on session c2c9e5df695e5c1a4290eacba5ee9727 to remote] DEBUG org.apache.http.headers - http-outgoing-2 >> Content-Length: 464
10:17:42.141 [Forwarding sendKeysToElement on session c2c9e5df695e5c1a4290eacba5ee9727 to remote] DEBUG org.apache.http.headers - http-outgoing-2 >> Host: localhost:36428
10:17:42.141 [Forwarding sendKeysToElement on session c2c9e5df695e5c1a4290eacba5ee9727 to remote] DEBUG org.apache.http.headers - http-outgoing-2 >> Connection: Keep-Alive
10:17:42.141 [Forwarding sendKeysToElement on session c2c9e5df695e5c1a4290eacba5ee9727 to remote] DEBUG org.apache.http.headers - http-outgoing-2 >> User-Agent: Apache-HttpClient/4.5.2 (Java/1.8.0_162)
10:17:42.141 [Forwarding sendKeysToElement on session c2c9e5df695e5c1a4290eacba5ee9727 to remote] DEBUG org.apache.http.headers - http-outgoing-2 >> Accept-Encoding: gzip,deflate
10:17:42.141 [Forwarding sendKeysToElement on session c2c9e5df695e5c1a4290eacba5ee9727 to remote] DEBUG org.apache.http.wire - http-outgoing-2 >> "POST /session/c2c9e5df695e5c1a4290eacba5ee9727/element/0.5604591143034019-18/value HTTP/1.1[\r][\n]"
10:17:42.141 [Forwarding sendKeysToElement on session c2c9e5df695e5c1a4290eacba5ee9727 to remote] DEBUG org.apache.http.wire - http-outgoing-2 >> "Content-Type: application/json; charset=utf-8[\r][\n]"
10:17:42.141 [Forwarding sendKeysToElement on session c2c9e5df695e5c1a4290eacba5ee9727 to remote] DEBUG org.apache.http.wire - http-outgoing-2 >> "Content-Length: 464[\r][\n]"
10:17:42.141 [Forwarding sendKeysToElement on session c2c9e5df695e5c1a4290eacba5ee9727 to remote] DEBUG org.apache.http.wire - http-outgoing-2 >> "Host: localhost:36428[\r][\n]"
10:17:42.141 [Forwarding sendKeysToElement on session c2c9e5df695e5c1a4290eacba5ee9727 to remote] DEBUG org.apache.http.wire - http-outgoing-2 >> "Connection: Keep-Alive[\r][\n]"
10:17:42.141 [Forwarding sendKeysToElement on session c2c9e5df695e5c1a4290eacba5ee9727 to remote] DEBUG org.apache.http.wire - http-outgoing-2 >> "User-Agent: Apache-HttpClient/4.5.2 (Java/1.8.0_162)[\r][\n]"
10:17:42.141 [Forwarding sendKeysToElement on session c2c9e5df695e5c1a4290eacba5ee9727 to remote] DEBUG org.apache.http.wire - http-outgoing-2 >> "Accept-Encoding: gzip,deflate[\r][\n]"
10:17:42.141 [Forwarding sendKeysToElement on session c2c9e5df695e5c1a4290eacba5ee9727 to remote] DEBUG org.apache.http.wire - http-outgoing-2 >> "[\r][\n]"
10:17:42.141 [Forwarding sendKeysToElement on session c2c9e5df695e5c1a4290eacba5ee9727 to remote] DEBUG org.apache.http.wire - http-outgoing-2 >> "{"id":"0.5604591143034019-18","value":["3[0xe4][0xbb][0x98][0xe8][0xb4][0xb9][0xe6][0x96][0xb9][0xe5][0xbc][0x8f][0xe4][0xbb][0x98][0xe8][0xb4][0xb9][0xe6][0x96][0xb9][0xe5][0xbc][0x8f][0xe4][0xbb][0x98][0xe8][0xb4][0xb9][0xe6][0x96][0xb9][0xe5][0xbc][0x8f][0xe4][0xbb][0x98][0xe8][0xb4][0xb9][0xe6][0x96][0xb9][0xe5][0xbc][0x8f][0xe4][0xbb][0x98][0xe8][0xb4][0xb9][0xe6][0x96][0xb9][0xe5][0xbc][0x8f][0xe4][0xbb][0x98][0xe8][0xb4][0xb9][0xe6][0x96][0xb9][0xe5][0xbc][0x8f][0xe4][0xbb][0x98][0xe8][0xb4][0xb9][0xe6][0x96][0xb9][0xe5][0xbc][0x8f][0xe4][0xbb][0x98][0xe8][0xb4][0xb9][0xe6][0x96][0xb9][0xe5][0xbc][0x8f][0xe4][0xbb][0x98][0xe8][0xb4][0xb9][0xe6][0x96][0xb9][0xe5][0xbc][0x8f][0xe4][0xbb][0x98][0xe8][0xb4][0xb9][0xe6][0x96][0xb9][0xe5][0xbc][0x8f][0xe4][0xbb][0x98][0xe8][0xb4][0xb9][0xe6][0x96][0xb9][0xe5][0xbc][0x8f][0xe4][0xbb][0x98][0xe8][0xb4][0xb9][0xe6][0x96][0xb9][0xe5][0xbc][0x8f][0xe4][0xbb][0x98][0xe8][0xb4][0xb9][0xe6][0x96][0xb9][0xe5][0xbc][0x8f][0xe4][0xbb][0x98][0xe8][0xb4][0xb9][0xe6][0x96][0xb9][0xe5][0xbc][0x8f][0xe4][0xbb][0x98][0xe8][0xb4][0xb9][0xe6][0x96][0xb9][0xe5][0xbc][0x8f][0xe4][0xbb][0x98][0xe8][0xb4][0xb9][0xe6][0x96][0xb9][0xe5][0xbc][0x8f][0xe4][0xbb][0x98][0xe8][0xb4][0xb9][0xe6][0x96][0xb9][0xe5][0xbc][0x8f][0xe4][0xbb][0x98][0xe8][0xb4][0xb9][0xe6][0x96][0xb9][0xe5][0xbc][0x8f][0xe4][0xbb][0x98][0xe8][0xb4][0xb9][0xe6][0x96][0xb9][0xe5][0xbc][0x8f][0xe4][0xbb][0x98][0xe8][0xb4][0xb9][0xe6][0x96][0xb9][0xe5][0xbc][0x8f][0xe4][0xbb][0x98][0xe8][0xb4][0xb9][0xe6][0x96][0xb9][0xe5][0xbc][0x8f][0xe4][0xbb][0x98][0xe8][0xb4][0xb9][0xe6][0x96][0xb9][0xe5][0xbc][0x8f][0xe4][0xbb][0x98][0xe8][0xb4][0xb9][0xe6][0x96][0xb9][0xe5][0xbc][0x8f][0xe4][0xbb][0x98][0xe8][0xb4][0xb9][0xe6][0x96][0xb9][0xe5][0xbc][0x8f][0xe4][0xbb][0x98][0xe8][0xb4][0xb9][0xe6][0x96][0xb9][0xe5][0xbc][0x8f][0xe4][0xbb][0x98][0xe8][0xb4][0xb9][0xe6][0x96][0xb9][0xe5][0xbc][0x8f][0xe4][0xbb][0x98][0xe8][0xb4][0xb9][0xe6][0x96][0xb9][0xe5][0xbc][0x8f][0xe4][0xbb][0x98][0xe8][0xb4][0xb9][0xe6][0x96][0xb9][0xe5][0xbc][0x8f][0xe4][0xbb][0x98][0xe8][0xb4][0xb9][0xe6][0x96][0xb9][0xe5][0xbc][0x8f][0xe4][0xbb][0x98][0xe8][0xb4][0xb9][0xe6][0x96][0xb9][0xe5][0xbc][0x8f][0xe4][0xbb][0x98][0xe8][0xb4][0xb9][0xe6][0x96][0xb9][0xe5][0xbc][0x8f][0xe4][0xbb][0x98][0xe8][0xb4][0xb9][0xe6][0x96][0xb9][0xe5][0xbc][0x8f][0xe4][0xbb][0x98][0xe8][0xb4][0xb9][0xe6][0x96][0xb9][0xe5][0xbc][0x8f][0xe4][0xbb][0x98][0xe8][0xb4][0xb9][0xe6][0x96][0xb9][0xe5][0xbc][0x8f][0xe4][0xbb][0x98][0xe8][0xb4][0xb9][0xe6][0x96][0xb9][0xe5][0xbc][0x8f]"]}"
10:17:42.221 [Forwarding sendKeysToElement on session c2c9e5df695e5c1a4290eacba5ee9727 to remote] DEBUG org.apache.http.wire - http-outgoing-2 << "HTTP/1.1 200 OK[\r][\n]"
10:17:42.221 [Forwarding sendKeysToElement on session c2c9e5df695e5c1a4290eacba5ee9727 to remote] DEBUG org.apache.http.wire - http-outgoing-2 << "Content-Length:72[\r][\n]"
10:17:42.221 [Forwarding sendKeysToElement on session c2c9e5df695e5c1a4290eacba5ee9727 to remote] DEBUG org.apache.http.wire - http-outgoing-2 << "Content-Type:application/json; charset=utf-8[\r][\n]"
10:17:42.221 [Forwarding sendKeysToElement on session c2c9e5df695e5c1a4290eacba5ee9727 to remote] DEBUG org.apache.http.wire - http-outgoing-2 << "[\r][\n]"
10:17:42.221 [Forwarding sendKeysToElement on session c2c9e5df695e5c1a4290eacba5ee9727 to remote] DEBUG org.apache.http.wire - http-outgoing-2 << "{"sessionId":"c2c9e5df695e5c1a4290eacba5ee9727","status":0,"value":null}"
10:17:42.222 [Forwarding sendKeysToElement on session c2c9e5df695e5c1a4290eacba5ee9727 to remote] DEBUG org.apache.http.headers - http-outgoing-2 << HTTP/1.1 200 OK
10:17:42.222 [Forwarding sendKeysToElement on session c2c9e5df695e5c1a4290eacba5ee9727 to remote] DEBUG org.apache.http.headers - http-outgoing-2 << Content-Length:72
10:17:42.222 [Forwarding sendKeysToElement on session c2c9e5df695e5c1a4290eacba5ee9727 to remote] DEBUG org.apache.http.headers - http-outgoing-2 << Content-Type:application/json; charset=utf-8
10:17:42.222 [Forwarding sendKeysToElement on session c2c9e5df695e5c1a4290eacba5ee9727 to remote] DEBUG org.apache.http.impl.execchain.MainClientExec - Connection can be kept alive indefinitely
10:17:42.222 [Forwarding sendKeysToElement on session c2c9e5df695e5c1a4290eacba5ee9727 to remote] DEBUG org.apache.http.impl.conn.PoolingHttpClientConnectionManager - Connection [id: 2][route: {}->http://localhost:36428] can be kept alive indefinitely
10:17:42.222 [Forwarding sendKeysToElement on session c2c9e5df695e5c1a4290eacba5ee9727 to remote] DEBUG org.apache.http.impl.conn.PoolingHttpClientConnectionManager - Connection released: [id: 2][route: {}->http://localhost:36428][total kept alive: 1; route allocated: 1 of 2000; total allocated: 1 of 2000]
10:17:42.223 [Forwarding findElement on session c2c9e5df695e5c1a4290eacba5ee9727 to remote] DEBUG org.apache.http.client.protocol.RequestAddCookies - CookieSpec selected: default
10:17:42.223 [Forwarding findElement on session c2c9e5df695e5c1a4290eacba5ee9727 to remote] DEBUG org.apache.http.client.protocol.RequestAuthCache - Auth cache not set in the context
10:17:42.223 [Forwarding findElement on session c2c9e5df695e5c1a4290eacba5ee9727 to remote] DEBUG org.apache.http.impl.conn.PoolingHttpClientConnectionManager - Connection request: [route: {}->http://localhost:36428][total kept alive: 1; route allocated: 1 of 2000; total allocated: 1 of 2000]
10:17:42.223 [Forwarding findElement on session c2c9e5df695e5c1a4290eacba5ee9727 to remote] DEBUG org.apache.http.impl.conn.PoolingHttpClientConnectionManager - Connection leased: [id: 2][route: {}->http://localhost:36428][total kept alive: 0; route allocated: 1 of 2000; total allocated: 1 of 2000]
10:17:42.223 [Forwarding findElement on session c2c9e5df695e5c1a4290eacba5ee9727 to remote] DEBUG org.apache.http.impl.execchain.MainClientExec - Stale connection check
10:17:42.234 [Forwarding findElement on session c2c9e5df695e5c1a4290eacba5ee9727 to remote] DEBUG org.apache.http.wire - http-outgoing-2 << "[read] I/O error: Read timed out"
10:17:42.234 [Forwarding findElement on session c2c9e5df695e5c1a4290eacba5ee9727 to remote] DEBUG org.apache.http.impl.conn.DefaultManagedHttpClientConnection - http-outgoing-2: set socket timeout to 10800000
10:17:42.234 [Forwarding findElement on session c2c9e5df695e5c1a4290eacba5ee9727 to remote] DEBUG org.apache.http.impl.execchain.MainClientExec - Executing request POST /session/c2c9e5df695e5c1a4290eacba5ee9727/element HTTP/1.1
10:17:42.234 [Forwarding findElement on session c2c9e5df695e5c1a4290eacba5ee9727 to remote] DEBUG org.apache.http.impl.execchain.MainClientExec - Target auth state: UNCHALLENGED
10:17:42.234 [Forwarding findElement on session c2c9e5df695e5c1a4290eacba5ee9727 to remote] DEBUG org.apache.http.impl.execchain.MainClientExec - Proxy auth state: UNCHALLENGED
10:17:42.234 [Forwarding findElement on session c2c9e5df695e5c1a4290eacba5ee9727 to remote] DEBUG org.apache.http.headers - http-outgoing-2 >> POST /session/c2c9e5df695e5c1a4290eacba5ee9727/element HTTP/1.1
10:17:42.234 [Forwarding findElement on session c2c9e5df695e5c1a4290eacba5ee9727 to remote] DEBUG org.apache.http.headers - http-outgoing-2 >> Content-Type: application/json; charset=utf-8
10:17:42.234 [Forwarding findElement on session c2c9e5df695e5c1a4290eacba5ee9727 to remote] DEBUG org.apache.http.headers - http-outgoing-2 >> Content-Length: 80
10:17:42.234 [Forwarding findElement on session c2c9e5df695e5c1a4290eacba5ee9727 to remote] DEBUG org.apache.http.headers - http-outgoing-2 >> Host: localhost:36428
10:17:42.234 [Forwarding findElement on session c2c9e5df695e5c1a4290eacba5ee9727 to remote] DEBUG org.apache.http.headers - http-outgoing-2 >> Connection: Keep-Alive
10:17:42.234 [Forwarding findElement on session c2c9e5df695e5c1a4290eacba5ee9727 to remote] DEBUG org.apache.http.headers - http-outgoing-2 >> User-Agent: Apache-HttpClient/4.5.2 (Java/1.8.0_162)
10:17:42.234 [Forwarding findElement on session c2c9e5df695e5c1a4290eacba5ee9727 to remote] DEBUG org.apache.http.headers - http-outgoing-2 >> Accept-Encoding: gzip,deflate
10:17:42.234 [Forwarding findElement on session c2c9e5df695e5c1a4290eacba5ee9727 to remote] DEBUG org.apache.http.wire - http-outgoing-2 >> "POST /session/c2c9e5df695e5c1a4290eacba5ee9727/element HTTP/1.1[\r][\n]"
10:17:42.234 [Forwarding findElement on session c2c9e5df695e5c1a4290eacba5ee9727 to remote] DEBUG org.apache.http.wire - http-outgoing-2 >> "Content-Type: application/json; charset=utf-8[\r][\n]"
10:17:42.234 [Forwarding findElement on session c2c9e5df695e5c1a4290eacba5ee9727 to remote] DEBUG org.apache.http.wire - http-outgoing-2 >> "Content-Length: 80[\r][\n]"
10:17:42.234 [Forwarding findElement on session c2c9e5df695e5c1a4290eacba5ee9727 to remote] DEBUG org.apache.http.wire - http-outgoing-2 >> "Host: localhost:36428[\r][\n]"
10:17:42.234 [Forwarding findElement on session c2c9e5df695e5c1a4290eacba5ee9727 to remote] DEBUG org.apache.http.wire - http-outgoing-2 >> "Connection: Keep-Alive[\r][\n]"
10:17:42.234 [Forwarding findElement on session c2c9e5df695e5c1a4290eacba5ee9727 to remote] DEBUG org.apache.http.wire - http-outgoing-2 >> "User-Agent: Apache-HttpClient/4.5.2 (Java/1.8.0_162)[\r][\n]"
10:17:42.234 [Forwarding findElement on session c2c9e5df695e5c1a4290eacba5ee9727 to remote] DEBUG org.apache.http.wire - http-outgoing-2 >> "Accept-Encoding: gzip,deflate[\r][\n]"
10:17:42.234 [Forwarding findElement on session c2c9e5df695e5c1a4290eacba5ee9727 to remote] DEBUG org.apache.http.wire - http-outgoing-2 >> "[\r][\n]"
10:17:42.234 [Forwarding findElement on session c2c9e5df695e5c1a4290eacba5ee9727 to remote] DEBUG org.apache.http.wire - http-outgoing-2 >> "{"using":"xpath","value":"//div[@class=\"ivu-upload ivu-upload-select\"]/input"}"
10:17:42.244 [Forwarding findElement on session c2c9e5df695e5c1a4290eacba5ee9727 to remote] DEBUG org.apache.http.wire - http-outgoing-2 << "HTTP/1.1 200 OK[\r][\n]"
10:17:42.244 [Forwarding findElement on session c2c9e5df695e5c1a4290eacba5ee9727 to remote] DEBUG org.apache.http.wire - http-outgoing-2 << "Content-Length:103[\r][\n]"
10:17:42.244 [Forwarding findElement on session c2c9e5df695e5c1a4290eacba5ee9727 to remote] DEBUG org.apache.http.wire - http-outgoing-2 << "Content-Type:application/json; charset=utf-8[\r][\n]"
10:17:42.244 [Forwarding findElement on session c2c9e5df695e5c1a4290eacba5ee9727 to remote] DEBUG org.apache.http.wire - http-outgoing-2 << "[\r][\n]"
10:17:42.244 [Forwarding findElement on session c2c9e5df695e5c1a4290eacba5ee9727 to remote] DEBUG org.apache.http.wire - http-outgoing-2 << "{"sessionId":"c2c9e5df695e5c1a4290eacba5ee9727","status":0,"value":{"ELEMENT":"0.5604591143034019-19"}}"
10:17:42.244 [Forwarding findElement on session c2c9e5df695e5c1a4290eacba5ee9727 to remote] DEBUG org.apache.http.headers - http-outgoing-2 << HTTP/1.1 200 OK
10:17:42.244 [Forwarding findElement on session c2c9e5df695e5c1a4290eacba5ee9727 to remote] DEBUG org.apache.http.headers - http-outgoing-2 << Content-Length:103
10:17:42.244 [Forwarding findElement on session c2c9e5df695e5c1a4290eacba5ee9727 to remote] DEBUG org.apache.http.headers - http-outgoing-2 << Content-Type:application/json; charset=utf-8
10:17:42.244 [Forwarding findElement on session c2c9e5df695e5c1a4290eacba5ee9727 to remote] DEBUG org.apache.http.impl.execchain.MainClientExec - Connection can be kept alive indefinitely
10:17:42.244 [Forwarding findElement on session c2c9e5df695e5c1a4290eacba5ee9727 to remote] DEBUG org.apache.http.impl.conn.PoolingHttpClientConnectionManager - Connection [id: 2][route: {}->http://localhost:36428] can be kept alive indefinitely
10:17:42.244 [Forwarding findElement on session c2c9e5df695e5c1a4290eacba5ee9727 to remote] DEBUG org.apache.http.impl.conn.PoolingHttpClientConnectionManager - Connection released: [id: 2][route: {}->http://localhost:36428][total kept alive: 1; route allocated: 1 of 2000; total allocated: 1 of 2000]
10:17:42.245 [Forwarding sendKeysToElement on session c2c9e5df695e5c1a4290eacba5ee9727 to remote] DEBUG org.apache.http.client.protocol.RequestAddCookies - CookieSpec selected: default
10:17:42.246 [Forwarding sendKeysToElement on session c2c9e5df695e5c1a4290eacba5ee9727 to remote] DEBUG org.apache.http.client.protocol.RequestAuthCache - Auth cache not set in the context
10:17:42.246 [Forwarding sendKeysToElement on session c2c9e5df695e5c1a4290eacba5ee9727 to remote] DEBUG org.apache.http.impl.conn.PoolingHttpClientConnectionManager - Connection request: [route: {}->http://localhost:36428][total kept alive: 1; route allocated: 1 of 2000; total allocated: 1 of 2000]
10:17:42.246 [Forwarding sendKeysToElement on session c2c9e5df695e5c1a4290eacba5ee9727 to remote] DEBUG org.apache.http.impl.conn.PoolingHttpClientConnectionManager - Connection leased: [id: 2][route: {}->http://localhost:36428][total kept alive: 0; route allocated: 1 of 2000; total allocated: 1 of 2000]
10:17:42.246 [Forwarding sendKeysToElement on session c2c9e5df695e5c1a4290eacba5ee9727 to remote] DEBUG org.apache.http.impl.execchain.MainClientExec - Stale connection check
10:17:42.250 [Forwarding sendKeysToElement on session c2c9e5df695e5c1a4290eacba5ee9727 to remote] DEBUG org.apache.http.wire - http-outgoing-2 << "[read] I/O error: Read timed out"
10:17:42.250 [Forwarding sendKeysToElement on session c2c9e5df695e5c1a4290eacba5ee9727 to remote] DEBUG org.apache.http.impl.conn.DefaultManagedHttpClientConnection - http-outgoing-2: set socket timeout to 10800000
10:17:42.250 [Forwarding sendKeysToElement on session c2c9e5df695e5c1a4290eacba5ee9727 to remote] DEBUG org.apache.http.impl.execchain.MainClientExec - Executing request POST /session/c2c9e5df695e5c1a4290eacba5ee9727/element/0.5604591143034019-19/value HTTP/1.1
10:17:42.250 [Forwarding sendKeysToElement on session c2c9e5df695e5c1a4290eacba5ee9727 to remote] DEBUG org.apache.http.impl.execchain.MainClientExec - Target auth state: UNCHALLENGED
10:17:42.250 [Forwarding sendKeysToElement on session c2c9e5df695e5c1a4290eacba5ee9727 to remote] DEBUG org.apache.http.impl.execchain.MainClientExec - Proxy auth state: UNCHALLENGED
10:17:42.250 [Forwarding sendKeysToElement on session c2c9e5df695e5c1a4290eacba5ee9727 to remote] DEBUG org.apache.http.headers - http-outgoing-2 >> POST /session/c2c9e5df695e5c1a4290eacba5ee9727/element/0.5604591143034019-19/value HTTP/1.1
10:17:42.250 [Forwarding sendKeysToElement on session c2c9e5df695e5c1a4290eacba5ee9727 to remote] DEBUG org.apache.http.headers - http-outgoing-2 >> Content-Type: application/json; charset=utf-8
10:17:42.250 [Forwarding sendKeysToElement on session c2c9e5df695e5c1a4290eacba5ee9727 to remote] DEBUG org.apache.http.headers - http-outgoing-2 >> Content-Length: 95
10:17:42.250 [Forwarding sendKeysToElement on session c2c9e5df695e5c1a4290eacba5ee9727 to remote] DEBUG org.apache.http.headers - http-outgoing-2 >> Host: localhost:36428
10:17:42.250 [Forwarding sendKeysToElement on session c2c9e5df695e5c1a4290eacba5ee9727 to remote] DEBUG org.apache.http.headers - http-outgoing-2 >> Connection: Keep-Alive
10:17:42.250 [Forwarding sendKeysToElement on session c2c9e5df695e5c1a4290eacba5ee9727 to remote] DEBUG org.apache.http.headers - http-outgoing-2 >> User-Agent: Apache-HttpClient/4.5.2 (Java/1.8.0_162)
10:17:42.250 [Forwarding sendKeysToElement on session c2c9e5df695e5c1a4290eacba5ee9727 to remote] DEBUG org.apache.http.headers - http-outgoing-2 >> Accept-Encoding: gzip,deflate
10:17:42.250 [Forwarding sendKeysToElement on session c2c9e5df695e5c1a4290eacba5ee9727 to remote] DEBUG org.apache.http.wire - http-outgoing-2 >> "POST /session/c2c9e5df695e5c1a4290eacba5ee9727/element/0.5604591143034019-19/value HTTP/1.1[\r][\n]"
10:17:42.250 [Forwarding sendKeysToElement on session c2c9e5df695e5c1a4290eacba5ee9727 to remote] DEBUG org.apache.http.wire - http-outgoing-2 >> "Content-Type: application/json; charset=utf-8[\r][\n]"
10:17:42.250 [Forwarding sendKeysToElement on session c2c9e5df695e5c1a4290eacba5ee9727 to remote] DEBUG org.apache.http.wire - http-outgoing-2 >> "Content-Length: 95[\r][\n]"
10:17:42.250 [Forwarding sendKeysToElement on session c2c9e5df695e5c1a4290eacba5ee9727 to remote] DEBUG org.apache.http.wire - http-outgoing-2 >> "Host: localhost:36428[\r][\n]"
10:17:42.250 [Forwarding sendKeysToElement on session c2c9e5df695e5c1a4290eacba5ee9727 to remote] DEBUG org.apache.http.wire - http-outgoing-2 >> "Connection: Keep-Alive[\r][\n]"
10:17:42.250 [Forwarding sendKeysToElement on session c2c9e5df695e5c1a4290eacba5ee9727 to remote] DEBUG org.apache.http.wire - http-outgoing-2 >> "User-Agent: Apache-HttpClient/4.5.2 (Java/1.8.0_162)[\r][\n]"
10:17:42.250 [Forwarding sendKeysToElement on session c2c9e5df695e5c1a4290eacba5ee9727 to remote] DEBUG org.apache.http.wire - http-outgoing-2 >> "Accept-Encoding: gzip,deflate[\r][\n]"
10:17:42.250 [Forwarding sendKeysToElement on session c2c9e5df695e5c1a4290eacba5ee9727 to remote] DEBUG org.apache.http.wire - http-outgoing-2 >> "[\r][\n]"
10:17:42.250 [Forwarding sendKeysToElement on session c2c9e5df695e5c1a4290eacba5ee9727 to remote] DEBUG org.apache.http.wire - http-outgoing-2 >> "{"id":"0.5604591143034019-19","value":["C:\\Users\\86182\\Desktop\\[0xe6][0x96][0x87][0xe4][0xbb][0xb6][0xe6][0xa0][0xbc][0xe5][0xbc][0x8f]\\[0xe9][0xa3][0x8e][0xe6][0x99][0xaf]1.JPG"]}"
10:17:42.302 [Forwarding sendKeysToElement on session c2c9e5df695e5c1a4290eacba5ee9727 to remote] DEBUG org.apache.http.wire - http-outgoing-2 << "HTTP/1.1 200 OK[\r][\n]"
10:17:42.302 [Forwarding sendKeysToElement on session c2c9e5df695e5c1a4290eacba5ee9727 to remote] DEBUG org.apache.http.wire - http-outgoing-2 << "Content-Length:72[\r][\n]"
10:17:42.302 [Forwarding sendKeysToElement on session c2c9e5df695e5c1a4290eacba5ee9727 to remote] DEBUG org.apache.http.wire - http-outgoing-2 << "Content-Type:application/json; charset=utf-8[\r][\n]"
10:17:42.302 [Forwarding sendKeysToElement on session c2c9e5df695e5c1a4290eacba5ee9727 to remote] DEBUG org.apache.http.wire - http-outgoing-2 << "[\r][\n]"
10:17:42.302 [Forwarding sendKeysToElement on session c2c9e5df695e5c1a4290eacba5ee9727 to remote] DEBUG org.apache.http.wire - http-outgoing-2 << "{"sessionId":"c2c9e5df695e5c1a4290eacba5ee9727","status":0,"value":null}"
10:17:42.303 [Forwarding sendKeysToElement on session c2c9e5df695e5c1a4290eacba5ee9727 to remote] DEBUG org.apache.http.headers - http-outgoing-2 << HTTP/1.1 200 OK
10:17:42.303 [Forwarding sendKeysToElement on session c2c9e5df695e5c1a4290eacba5ee9727 to remote] DEBUG org.apache.http.headers - http-outgoing-2 << Content-Length:72
10:17:42.303 [Forwarding sendKeysToElement on session c2c9e5df695e5c1a4290eacba5ee9727 to remote] DEBUG org.apache.http.headers - http-outgoing-2 << Content-Type:application/json; charset=utf-8
10:17:42.303 [Forwarding sendKeysToElement on session c2c9e5df695e5c1a4290eacba5ee9727 to remote] DEBUG org.apache.http.impl.execchain.MainClientExec - Connection can be kept alive indefinitely
10:17:42.303 [Forwarding sendKeysToElement on session c2c9e5df695e5c1a4290eacba5ee9727 to remote] DEBUG org.apache.http.impl.conn.PoolingHttpClientConnectionManager - Connection [id: 2][route: {}->http://localhost:36428] can be kept alive indefinitely
10:17:42.303 [Forwarding sendKeysToElement on session c2c9e5df695e5c1a4290eacba5ee9727 to remote] DEBUG org.apache.http.impl.conn.PoolingHttpClientConnectionManager - Connection released: [id: 2][route: {}->http://localhost:36428][total kept alive: 1; route allocated: 1 of 2000; total allocated: 1 of 2000]
10:17:44.310 [Forwarding findElements on session c2c9e5df695e5c1a4290eacba5ee9727 to remote] DEBUG org.apache.http.client.protocol.RequestAddCookies - CookieSpec selected: default
10:17:44.310 [Forwarding findElements on session c2c9e5df695e5c1a4290eacba5ee9727 to remote] DEBUG org.apache.http.client.protocol.RequestAuthCache - Auth cache not set in the context
10:17:44.310 [Forwarding findElements on session c2c9e5df695e5c1a4290eacba5ee9727 to remote] DEBUG org.apache.http.impl.conn.PoolingHttpClientConnectionManager - Connection request: [route: {}->http://localhost:36428][total kept alive: 1; route allocated: 1 of 2000; total allocated: 1 of 2000]
10:17:44.326 [Forwarding findElements on session c2c9e5df695e5c1a4290eacba5ee9727 to remote] DEBUG org.apache.http.wire - http-outgoing-2 << "[read] I/O error: Read timed out"
10:17:44.326 [Forwarding findElements on session c2c9e5df695e5c1a4290eacba5ee9727 to remote] DEBUG org.apache.http.impl.conn.PoolingHttpClientConnectionManager - Connection leased: [id: 2][route: {}->http://localhost:36428][total kept alive: 0; route allocated: 1 of 2000; total allocated: 1 of 2000]
10:17:44.326 [Forwarding findElements on session c2c9e5df695e5c1a4290eacba5ee9727 to remote] DEBUG org.apache.http.impl.execchain.MainClientExec - Stale connection check
10:17:44.341 [Forwarding findElements on session c2c9e5df695e5c1a4290eacba5ee9727 to remote] DEBUG org.apache.http.wire - http-outgoing-2 << "[read] I/O error: Read timed out"
10:17:44.341 [Forwarding findElements on session c2c9e5df695e5c1a4290eacba5ee9727 to remote] DEBUG org.apache.http.impl.conn.DefaultManagedHttpClientConnection - http-outgoing-2: set socket timeout to 10800000
10:17:44.341 [Forwarding findElements on session c2c9e5df695e5c1a4290eacba5ee9727 to remote] DEBUG org.apache.http.impl.execchain.MainClientExec - Executing request POST /session/c2c9e5df695e5c1a4290eacba5ee9727/elements HTTP/1.1
10:17:44.341 [Forwarding findElements on session c2c9e5df695e5c1a4290eacba5ee9727 to remote] DEBUG org.apache.http.impl.execchain.MainClientExec - Target auth state: UNCHALLENGED
10:17:44.341 [Forwarding findElements on session c2c9e5df695e5c1a4290eacba5ee9727 to remote] DEBUG org.apache.http.impl.execchain.MainClientExec - Proxy auth state: UNCHALLENGED
10:17:44.341 [Forwarding findElements on session c2c9e5df695e5c1a4290eacba5ee9727 to remote] DEBUG org.apache.http.headers - http-outgoing-2 >> POST /session/c2c9e5df695e5c1a4290eacba5ee9727/elements HTTP/1.1
10:17:44.341 [Forwarding findElements on session c2c9e5df695e5c1a4290eacba5ee9727 to remote] DEBUG org.apache.http.headers - http-outgoing-2 >> Content-Type: application/json; charset=utf-8
10:17:44.341 [Forwarding findElements on session c2c9e5df695e5c1a4290eacba5ee9727 to remote] DEBUG org.apache.http.headers - http-outgoing-2 >> Content-Length: 87
10:17:44.341 [Forwarding findElements on session c2c9e5df695e5c1a4290eacba5ee9727 to remote] DEBUG org.apache.http.headers - http-outgoing-2 >> Host: localhost:36428
10:17:44.341 [Forwarding findElements on session c2c9e5df695e5c1a4290eacba5ee9727 to remote] DEBUG org.apache.http.headers - http-outgoing-2 >> Connection: Keep-Alive
10:17:44.341 [Forwarding findElements on session c2c9e5df695e5c1a4290eacba5ee9727 to remote] DEBUG org.apache.http.headers - http-outgoing-2 >> User-Agent: Apache-HttpClient/4.5.2 (Java/1.8.0_162)
10:17:44.341 [Forwarding findElements on session c2c9e5df695e5c1a4290eacba5ee9727 to remote] DEBUG org.apache.http.headers - http-outgoing-2 >> Accept-Encoding: gzip,deflate
10:17:44.341 [Forwarding findElements on session c2c9e5df695e5c1a4290eacba5ee9727 to remote] DEBUG org.apache.http.wire - http-outgoing-2 >> "POST /session/c2c9e5df695e5c1a4290eacba5ee9727/elements HTTP/1.1[\r][\n]"
10:17:44.341 [Forwarding findElements on session c2c9e5df695e5c1a4290eacba5ee9727 to remote] DEBUG org.apache.http.wire - http-outgoing-2 >> "Content-Type: application/json; charset=utf-8[\r][\n]"
10:17:44.341 [Forwarding findElements on session c2c9e5df695e5c1a4290eacba5ee9727 to remote] DEBUG org.apache.http.wire - http-outgoing-2 >> "Content-Length: 87[\r][\n]"
10:17:44.341 [Forwarding findElements on session c2c9e5df695e5c1a4290eacba5ee9727 to remote] DEBUG org.apache.http.wire - http-outgoing-2 >> "Host: localhost:36428[\r][\n]"
10:17:44.341 [Forwarding findElements on session c2c9e5df695e5c1a4290eacba5ee9727 to remote] DEBUG org.apache.http.wire - http-outgoing-2 >> "Connection: Keep-Alive[\r][\n]"
10:17:44.341 [Forwarding findElements on session c2c9e5df695e5c1a4290eacba5ee9727 to remote] DEBUG org.apache.http.wire - http-outgoing-2 >> "User-Agent: Apache-HttpClient/4.5.2 (Java/1.8.0_162)[\r][\n]"
10:17:44.341 [Forwarding findElements on session c2c9e5df695e5c1a4290eacba5ee9727 to remote] DEBUG org.apache.http.wire - http-outgoing-2 >> "Accept-Encoding: gzip,deflate[\r][\n]"
10:17:44.341 [Forwarding findElements on session c2c9e5df695e5c1a4290eacba5ee9727 to remote] DEBUG org.apache.http.wire - http-outgoing-2 >> "[\r][\n]"
10:17:44.341 [Forwarding findElements on session c2c9e5df695e5c1a4290eacba5ee9727 to remote] DEBUG org.apache.http.wire - http-outgoing-2 >> "{"using":"xpath","value":"//div[@class=\"ef-modal-page-footer ef-page-footer\"]//span"}"
10:17:44.350 [Forwarding findElements on session c2c9e5df695e5c1a4290eacba5ee9727 to remote] DEBUG org.apache.http.wire - http-outgoing-2 << "HTTP/1.1 200 OK[\r][\n]"
10:17:44.350 [Forwarding findElements on session c2c9e5df695e5c1a4290eacba5ee9727 to remote] DEBUG org.apache.http.wire - http-outgoing-2 << "Content-Length:177[\r][\n]"
10:17:44.350 [Forwarding findElements on session c2c9e5df695e5c1a4290eacba5ee9727 to remote] DEBUG org.apache.http.wire - http-outgoing-2 << "Content-Type:application/json; charset=utf-8[\r][\n]"
10:17:44.350 [Forwarding findElements on session c2c9e5df695e5c1a4290eacba5ee9727 to remote] DEBUG org.apache.http.wire - http-outgoing-2 << "[\r][\n]"
10:17:44.350 [Forwarding findElements on session c2c9e5df695e5c1a4290eacba5ee9727 to remote] DEBUG org.apache.http.wire - http-outgoing-2 << "{"sessionId":"c2c9e5df695e5c1a4290eacba5ee9727","status":0,"value":[{"ELEMENT":"0.5604591143034019-20"},{"ELEMENT":"0.5604591143034019-21"},{"ELEMENT":"0.5604591143034019-22"}]}"
10:17:44.350 [Forwarding findElements on session c2c9e5df695e5c1a4290eacba5ee9727 to remote] DEBUG org.apache.http.headers - http-outgoing-2 << HTTP/1.1 200 OK
10:17:44.350 [Forwarding findElements on session c2c9e5df695e5c1a4290eacba5ee9727 to remote] DEBUG org.apache.http.headers - http-outgoing-2 << Content-Length:177
10:17:44.350 [Forwarding findElements on session c2c9e5df695e5c1a4290eacba5ee9727 to remote] DEBUG org.apache.http.headers - http-outgoing-2 << Content-Type:application/json; charset=utf-8
10:17:44.350 [Forwarding findElements on session c2c9e5df695e5c1a4290eacba5ee9727 to remote] DEBUG org.apache.http.impl.execchain.MainClientExec - Connection can be kept alive indefinitely
10:17:44.350 [Forwarding findElements on session c2c9e5df695e5c1a4290eacba5ee9727 to remote] DEBUG org.apache.http.impl.conn.PoolingHttpClientConnectionManager - Connection [id: 2][route: {}->http://localhost:36428] can be kept alive indefinitely
10:17:44.350 [Forwarding findElements on session c2c9e5df695e5c1a4290eacba5ee9727 to remote] DEBUG org.apache.http.impl.conn.PoolingHttpClientConnectionManager - Connection released: [id: 2][route: {}->http://localhost:36428][total kept alive: 1; route allocated: 1 of 2000; total allocated: 1 of 2000]
10:17:44.350 [Forwarding clickElement on session c2c9e5df695e5c1a4290eacba5ee9727 to remote] DEBUG org.apache.http.client.protocol.RequestAddCookies - CookieSpec selected: default
10:17:44.350 [Forwarding clickElement on session c2c9e5df695e5c1a4290eacba5ee9727 to remote] DEBUG org.apache.http.client.protocol.RequestAuthCache - Auth cache not set in the context
10:17:44.350 [Forwarding clickElement on session c2c9e5df695e5c1a4290eacba5ee9727 to remote] DEBUG org.apache.http.impl.conn.PoolingHttpClientConnectionManager - Connection request: [route: {}->http://localhost:36428][total kept alive: 1; route allocated: 1 of 2000; total allocated: 1 of 2000]
10:17:44.350 [Forwarding clickElement on session c2c9e5df695e5c1a4290eacba5ee9727 to remote] DEBUG org.apache.http.impl.conn.PoolingHttpClientConnectionManager - Connection leased: [id: 2][route: {}->http://localhost:36428][total kept alive: 0; route allocated: 1 of 2000; total allocated: 1 of 2000]
10:17:44.350 [Forwarding clickElement on session c2c9e5df695e5c1a4290eacba5ee9727 to remote] DEBUG org.apache.http.impl.execchain.MainClientExec - Stale connection check
10:17:44.357 [Forwarding clickElement on session c2c9e5df695e5c1a4290eacba5ee9727 to remote] DEBUG org.apache.http.wire - http-outgoing-2 << "[read] I/O error: Read timed out"
10:17:44.357 [Forwarding clickElement on session c2c9e5df695e5c1a4290eacba5ee9727 to remote] DEBUG org.apache.http.impl.conn.DefaultManagedHttpClientConnection - http-outgoing-2: set socket timeout to 10800000
10:17:44.357 [Forwarding clickElement on session c2c9e5df695e5c1a4290eacba5ee9727 to remote] DEBUG org.apache.http.impl.execchain.MainClientExec - Executing request POST /session/c2c9e5df695e5c1a4290eacba5ee9727/element/0.5604591143034019-21/click HTTP/1.1
10:17:44.357 [Forwarding clickElement on session c2c9e5df695e5c1a4290eacba5ee9727 to remote] DEBUG org.apache.http.impl.execchain.MainClientExec - Target auth state: UNCHALLENGED
10:17:44.357 [Forwarding clickElement on session c2c9e5df695e5c1a4290eacba5ee9727 to remote] DEBUG org.apache.http.impl.execchain.MainClientExec - Proxy auth state: UNCHALLENGED
10:17:44.357 [Forwarding clickElement on session c2c9e5df695e5c1a4290eacba5ee9727 to remote] DEBUG org.apache.http.headers - http-outgoing-2 >> POST /session/c2c9e5df695e5c1a4290eacba5ee9727/element/0.5604591143034019-21/click HTTP/1.1
10:17:44.357 [Forwarding clickElement on session c2c9e5df695e5c1a4290eacba5ee9727 to remote] DEBUG org.apache.http.headers - http-outgoing-2 >> Content-Type: application/json; charset=utf-8
10:17:44.357 [Forwarding clickElement on session c2c9e5df695e5c1a4290eacba5ee9727 to remote] DEBUG org.apache.http.headers - http-outgoing-2 >> Content-Length: 30
10:17:44.357 [Forwarding clickElement on session c2c9e5df695e5c1a4290eacba5ee9727 to remote] DEBUG org.apache.http.headers - http-outgoing-2 >> Host: localhost:36428
10:17:44.357 [Forwarding clickElement on session c2c9e5df695e5c1a4290eacba5ee9727 to remote] DEBUG org.apache.http.headers - http-outgoing-2 >> Connection: Keep-Alive
10:17:44.357 [Forwarding clickElement on session c2c9e5df695e5c1a4290eacba5ee9727 to remote] DEBUG org.apache.http.headers - http-outgoing-2 >> User-Agent: Apache-HttpClient/4.5.2 (Java/1.8.0_162)
10:17:44.357 [Forwarding clickElement on session c2c9e5df695e5c1a4290eacba5ee9727 to remote] DEBUG org.apache.http.headers - http-outgoing-2 >> Accept-Encoding: gzip,deflate
10:17:44.357 [Forwarding clickElement on session c2c9e5df695e5c1a4290eacba5ee9727 to remote] DEBUG org.apache.http.wire - http-outgoing-2 >> "POST /session/c2c9e5df695e5c1a4290eacba5ee9727/element/0.5604591143034019-21/click HTTP/1.1[\r][\n]"
10:17:44.357 [Forwarding clickElement on session c2c9e5df695e5c1a4290eacba5ee9727 to remote] DEBUG org.apache.http.wire - http-outgoing-2 >> "Content-Type: application/json; charset=utf-8[\r][\n]"
10:17:44.357 [Forwarding clickElement on session c2c9e5df695e5c1a4290eacba5ee9727 to remote] DEBUG org.apache.http.wire - http-outgoing-2 >> "Content-Length: 30[\r][\n]"
10:17:44.357 [Forwarding clickElement on session c2c9e5df695e5c1a4290eacba5ee9727 to remote] DEBUG org.apache.http.wire - http-outgoing-2 >> "Host: localhost:36428[\r][\n]"
10:17:44.357 [Forwarding clickElement on session c2c9e5df695e5c1a4290eacba5ee9727 to remote] DEBUG org.apache.http.wire - http-outgoing-2 >> "Connection: Keep-Alive[\r][\n]"
10:17:44.357 [Forwarding clickElement on session c2c9e5df695e5c1a4290eacba5ee9727 to remote] DEBUG org.apache.http.wire - http-outgoing-2 >> "User-Agent: Apache-HttpClient/4.5.2 (Java/1.8.0_162)[\r][\n]"
10:17:44.357 [Forwarding clickElement on session c2c9e5df695e5c1a4290eacba5ee9727 to remote] DEBUG org.apache.http.wire - http-outgoing-2 >> "Accept-Encoding: gzip,deflate[\r][\n]"
10:17:44.357 [Forwarding clickElement on session c2c9e5df695e5c1a4290eacba5ee9727 to remote] DEBUG org.apache.http.wire - http-outgoing-2 >> "[\r][\n]"
10:17:44.357 [Forwarding clickElement on session c2c9e5df695e5c1a4290eacba5ee9727 to remote] DEBUG org.apache.http.wire - http-outgoing-2 >> "{"id":"0.5604591143034019-21"}"
10:17:44.408 [Forwarding clickElement on session c2c9e5df695e5c1a4290eacba5ee9727 to remote] DEBUG org.apache.http.wire - http-outgoing-2 << "HTTP/1.1 200 OK[\r][\n]"
10:17:44.408 [Forwarding clickElement on session c2c9e5df695e5c1a4290eacba5ee9727 to remote] DEBUG org.apache.http.wire - http-outgoing-2 << "Content-Length:72[\r][\n]"
10:17:44.408 [Forwarding clickElement on session c2c9e5df695e5c1a4290eacba5ee9727 to remote] DEBUG org.apache.http.wire - http-outgoing-2 << "Content-Type:application/json; charset=utf-8[\r][\n]"
10:17:44.408 [Forwarding clickElement on session c2c9e5df695e5c1a4290eacba5ee9727 to remote] DEBUG org.apache.http.wire - http-outgoing-2 << "[\r][\n]"
10:17:44.408 [Forwarding clickElement on session c2c9e5df695e5c1a4290eacba5ee9727 to remote] DEBUG org.apache.http.wire - http-outgoing-2 << "{"sessionId":"c2c9e5df695e5c1a4290eacba5ee9727","status":0,"value":null}"
10:17:44.408 [Forwarding clickElement on session c2c9e5df695e5c1a4290eacba5ee9727 to remote] DEBUG org.apache.http.headers - http-outgoing-2 << HTTP/1.1 200 OK
10:17:44.408 [Forwarding clickElement on session c2c9e5df695e5c1a4290eacba5ee9727 to remote] DEBUG org.apache.http.headers - http-outgoing-2 << Content-Length:72
10:17:44.408 [Forwarding clickElement on session c2c9e5df695e5c1a4290eacba5ee9727 to remote] DEBUG org.apache.http.headers - http-outgoing-2 << Content-Type:application/json; charset=utf-8
10:17:44.408 [Forwarding clickElement on session c2c9e5df695e5c1a4290eacba5ee9727 to remote] DEBUG org.apache.http.impl.execchain.MainClientExec - Connection can be kept alive indefinitely
10:17:44.409 [Forwarding clickElement on session c2c9e5df695e5c1a4290eacba5ee9727 to remote] DEBUG org.apache.http.impl.conn.PoolingHttpClientConnectionManager - Connection [id: 2][route: {}->http://localhost:36428] can be kept alive indefinitely
10:17:44.409 [Forwarding clickElement on session c2c9e5df695e5c1a4290eacba5ee9727 to remote] DEBUG org.apache.http.impl.conn.PoolingHttpClientConnectionManager - Connection released: [id: 2][route: {}->http://localhost:36428][total kept alive: 1; route allocated: 1 of 2000; total allocated: 1 of 2000]
10:17:45.418 [Forwarding findElements on session c2c9e5df695e5c1a4290eacba5ee9727 to remote] DEBUG org.apache.http.client.protocol.RequestAddCookies - CookieSpec selected: default
10:17:45.418 [Forwarding findElements on session c2c9e5df695e5c1a4290eacba5ee9727 to remote] DEBUG org.apache.http.client.protocol.RequestAuthCache - Auth cache not set in the context
10:17:45.418 [Forwarding findElements on session c2c9e5df695e5c1a4290eacba5ee9727 to remote] DEBUG org.apache.http.impl.conn.PoolingHttpClientConnectionManager - Connection request: [route: {}->http://localhost:36428][total kept alive: 1; route allocated: 1 of 2000; total allocated: 1 of 2000]
10:17:45.418 [Forwarding findElements on session c2c9e5df695e5c1a4290eacba5ee9727 to remote] DEBUG org.apache.http.impl.conn.PoolingHttpClientConnectionManager - Connection leased: [id: 2][route: {}->http://localhost:36428][total kept alive: 0; route allocated: 1 of 2000; total allocated: 1 of 2000]
10:17:45.418 [Forwarding findElements on session c2c9e5df695e5c1a4290eacba5ee9727 to remote] DEBUG org.apache.http.impl.execchain.MainClientExec - Stale connection check
10:17:45.434 [Forwarding findElements on session c2c9e5df695e5c1a4290eacba5ee9727 to remote] DEBUG org.apache.http.wire - http-outgoing-2 << "[read] I/O error: Read timed out"
10:17:45.434 [Forwarding findElements on session c2c9e5df695e5c1a4290eacba5ee9727 to remote] DEBUG org.apache.http.impl.conn.DefaultManagedHttpClientConnection - http-outgoing-2: set socket timeout to 10800000
10:17:45.434 [Forwarding findElements on session c2c9e5df695e5c1a4290eacba5ee9727 to remote] DEBUG org.apache.http.impl.execchain.MainClientExec - Executing request POST /session/c2c9e5df695e5c1a4290eacba5ee9727/elements HTTP/1.1
10:17:45.434 [Forwarding findElements on session c2c9e5df695e5c1a4290eacba5ee9727 to remote] DEBUG org.apache.http.impl.execchain.MainClientExec - Target auth state: UNCHALLENGED
10:17:45.434 [Forwarding findElements on session c2c9e5df695e5c1a4290eacba5ee9727 to remote] DEBUG org.apache.http.impl.execchain.MainClientExec - Proxy auth state: UNCHALLENGED
10:17:45.434 [Forwarding findElements on session c2c9e5df695e5c1a4290eacba5ee9727 to remote] DEBUG org.apache.http.headers - http-outgoing-2 >> POST /session/c2c9e5df695e5c1a4290eacba5ee9727/elements HTTP/1.1
10:17:45.434 [Forwarding findElements on session c2c9e5df695e5c1a4290eacba5ee9727 to remote] DEBUG org.apache.http.headers - http-outgoing-2 >> Content-Type: application/json; charset=utf-8
10:17:45.434 [Forwarding findElements on session c2c9e5df695e5c1a4290eacba5ee9727 to remote] DEBUG org.apache.http.headers - http-outgoing-2 >> Content-Length: 87
10:17:45.434 [Forwarding findElements on session c2c9e5df695e5c1a4290eacba5ee9727 to remote] DEBUG org.apache.http.headers - http-outgoing-2 >> Host: localhost:36428
10:17:45.434 [Forwarding findElements on session c2c9e5df695e5c1a4290eacba5ee9727 to remote] DEBUG org.apache.http.headers - http-outgoing-2 >> Connection: Keep-Alive
10:17:45.434 [Forwarding findElements on session c2c9e5df695e5c1a4290eacba5ee9727 to remote] DEBUG org.apache.http.headers - http-outgoing-2 >> User-Agent: Apache-HttpClient/4.5.2 (Java/1.8.0_162)
10:17:45.434 [Forwarding findElements on session c2c9e5df695e5c1a4290eacba5ee9727 to remote] DEBUG org.apache.http.headers - http-outgoing-2 >> Accept-Encoding: gzip,deflate
10:17:45.434 [Forwarding findElements on session c2c9e5df695e5c1a4290eacba5ee9727 to remote] DEBUG org.apache.http.wire - http-outgoing-2 >> "POST /session/c2c9e5df695e5c1a4290eacba5ee9727/elements HTTP/1.1[\r][\n]"
10:17:45.434 [Forwarding findElements on session c2c9e5df695e5c1a4290eacba5ee9727 to remote] DEBUG org.apache.http.wire - http-outgoing-2 >> "Content-Type: application/json; charset=utf-8[\r][\n]"
10:17:45.434 [Forwarding findElements on session c2c9e5df695e5c1a4290eacba5ee9727 to remote] DEBUG org.apache.http.wire - http-outgoing-2 >> "Content-Length: 87[\r][\n]"
10:17:45.434 [Forwarding findElements on session c2c9e5df695e5c1a4290eacba5ee9727 to remote] DEBUG org.apache.http.wire - http-outgoing-2 >> "Host: localhost:36428[\r][\n]"
10:17:45.434 [Forwarding findElements on session c2c9e5df695e5c1a4290eacba5ee9727 to remote] DEBUG org.apache.http.wire - http-outgoing-2 >> "Connection: Keep-Alive[\r][\n]"
10:17:45.434 [Forwarding findElements on session c2c9e5df695e5c1a4290eacba5ee9727 to remote] DEBUG org.apache.http.wire - http-outgoing-2 >> "User-Agent: Apache-HttpClient/4.5.2 (Java/1.8.0_162)[\r][\n]"
10:17:45.434 [Forwarding findElements on session c2c9e5df695e5c1a4290eacba5ee9727 to remote] DEBUG org.apache.http.wire - http-outgoing-2 >> "Accept-Encoding: gzip,deflate[\r][\n]"
10:17:45.434 [Forwarding findElements on session c2c9e5df695e5c1a4290eacba5ee9727 to remote] DEBUG org.apache.http.wire - http-outgoing-2 >> "[\r][\n]"
10:17:45.434 [Forwarding findElements on session c2c9e5df695e5c1a4290eacba5ee9727 to remote] DEBUG org.apache.http.wire - http-outgoing-2 >> "{"using":"xpath","value":"//div[@class=\"ef-modal-page-footer ef-page-footer\"]//span"}"
10:17:45.439 [Forwarding findElements on session c2c9e5df695e5c1a4290eacba5ee9727 to remote] DEBUG org.apache.http.wire - http-outgoing-2 << "HTTP/1.1 200 OK[\r][\n]"
10:17:45.439 [Forwarding findElements on session c2c9e5df695e5c1a4290eacba5ee9727 to remote] DEBUG org.apache.http.wire - http-outgoing-2 << "Content-Length:177[\r][\n]"
10:17:45.440 [Forwarding findElements on session c2c9e5df695e5c1a4290eacba5ee9727 to remote] DEBUG org.apache.http.wire - http-outgoing-2 << "Content-Type:application/json; charset=utf-8[\r][\n]"
10:17:45.440 [Forwarding findElements on session c2c9e5df695e5c1a4290eacba5ee9727 to remote] DEBUG org.apache.http.wire - http-outgoing-2 << "[\r][\n]"
10:17:45.440 [Forwarding findElements on session c2c9e5df695e5c1a4290eacba5ee9727 to remote] DEBUG org.apache.http.wire - http-outgoing-2 << "{"sessionId":"c2c9e5df695e5c1a4290eacba5ee9727","status":0,"value":[{"ELEMENT":"0.5604591143034019-20"},{"ELEMENT":"0.5604591143034019-21"},{"ELEMENT":"0.5604591143034019-22"}]}"
10:17:45.440 [Forwarding findElements on session c2c9e5df695e5c1a4290eacba5ee9727 to remote] DEBUG org.apache.http.headers - http-outgoing-2 << HTTP/1.1 200 OK
10:17:45.440 [Forwarding findElements on session c2c9e5df695e5c1a4290eacba5ee9727 to remote] DEBUG org.apache.http.headers - http-outgoing-2 << Content-Length:177
10:17:45.440 [Forwarding findElements on session c2c9e5df695e5c1a4290eacba5ee9727 to remote] DEBUG org.apache.http.headers - http-outgoing-2 << Content-Type:application/json; charset=utf-8
10:17:45.440 [Forwarding findElements on session c2c9e5df695e5c1a4290eacba5ee9727 to remote] DEBUG org.apache.http.impl.execchain.MainClientExec - Connection can be kept alive indefinitely
10:17:45.440 [Forwarding findElements on session c2c9e5df695e5c1a4290eacba5ee9727 to remote] DEBUG org.apache.http.impl.conn.PoolingHttpClientConnectionManager - Connection [id: 2][route: {}->http://localhost:36428] can be kept alive indefinitely
10:17:45.440 [Forwarding findElements on session c2c9e5df695e5c1a4290eacba5ee9727 to remote] DEBUG org.apache.http.impl.conn.PoolingHttpClientConnectionManager - Connection released: [id: 2][route: {}->http://localhost:36428][total kept alive: 1; route allocated: 1 of 2000; total allocated: 1 of 2000]
10:17:45.440 [Forwarding clickElement on session c2c9e5df695e5c1a4290eacba5ee9727 to remote] DEBUG org.apache.http.client.protocol.RequestAddCookies - CookieSpec selected: default
10:17:45.440 [Forwarding clickElement on session c2c9e5df695e5c1a4290eacba5ee9727 to remote] DEBUG org.apache.http.client.protocol.RequestAuthCache - Auth cache not set in the context
10:17:45.440 [Forwarding clickElement on session c2c9e5df695e5c1a4290eacba5ee9727 to remote] DEBUG org.apache.http.impl.conn.PoolingHttpClientConnectionManager - Connection request: [route: {}->http://localhost:36428][total kept alive: 1; route allocated: 1 of 2000; total allocated: 1 of 2000]
10:17:45.440 [Forwarding clickElement on session c2c9e5df695e5c1a4290eacba5ee9727 to remote] DEBUG org.apache.http.impl.conn.PoolingHttpClientConnectionManager - Connection leased: [id: 2][route: {}->http://localhost:36428][total kept alive: 0; route allocated: 1 of 2000; total allocated: 1 of 2000]
10:17:45.440 [Forwarding clickElement on session c2c9e5df695e5c1a4290eacba5ee9727 to remote] DEBUG org.apache.http.impl.execchain.MainClientExec - Stale connection check
10:17:45.449 [Forwarding clickElement on session c2c9e5df695e5c1a4290eacba5ee9727 to remote] DEBUG org.apache.http.wire - http-outgoing-2 << "[read] I/O error: Read timed out"
10:17:45.449 [Forwarding clickElement on session c2c9e5df695e5c1a4290eacba5ee9727 to remote] DEBUG org.apache.http.impl.conn.DefaultManagedHttpClientConnection - http-outgoing-2: set socket timeout to 10800000
10:17:45.449 [Forwarding clickElement on session c2c9e5df695e5c1a4290eacba5ee9727 to remote] DEBUG org.apache.http.impl.execchain.MainClientExec - Executing request POST /session/c2c9e5df695e5c1a4290eacba5ee9727/element/0.5604591143034019-22/click HTTP/1.1
10:17:45.449 [Forwarding clickElement on session c2c9e5df695e5c1a4290eacba5ee9727 to remote] DEBUG org.apache.http.impl.execchain.MainClientExec - Target auth state: UNCHALLENGED
10:17:45.449 [Forwarding clickElement on session c2c9e5df695e5c1a4290eacba5ee9727 to remote] DEBUG org.apache.http.impl.execchain.MainClientExec - Proxy auth state: UNCHALLENGED
10:17:45.449 [Forwarding clickElement on session c2c9e5df695e5c1a4290eacba5ee9727 to remote] DEBUG org.apache.http.headers - http-outgoing-2 >> POST /session/c2c9e5df695e5c1a4290eacba5ee9727/element/0.5604591143034019-22/click HTTP/1.1
10:17:45.449 [Forwarding clickElement on session c2c9e5df695e5c1a4290eacba5ee9727 to remote] DEBUG org.apache.http.headers - http-outgoing-2 >> Content-Type: application/json; charset=utf-8
10:17:45.449 [Forwarding clickElement on session c2c9e5df695e5c1a4290eacba5ee9727 to remote] DEBUG org.apache.http.headers - http-outgoing-2 >> Content-Length: 30
10:17:45.449 [Forwarding clickElement on session c2c9e5df695e5c1a4290eacba5ee9727 to remote] DEBUG org.apache.http.headers - http-outgoing-2 >> Host: localhost:36428
10:17:45.449 [Forwarding clickElement on session c2c9e5df695e5c1a4290eacba5ee9727 to remote] DEBUG org.apache.http.headers - http-outgoing-2 >> Connection: Keep-Alive
10:17:45.449 [Forwarding clickElement on session c2c9e5df695e5c1a4290eacba5ee9727 to remote] DEBUG org.apache.http.headers - http-outgoing-2 >> User-Agent: Apache-HttpClient/4.5.2 (Java/1.8.0_162)
10:17:45.449 [Forwarding clickElement on session c2c9e5df695e5c1a4290eacba5ee9727 to remote] DEBUG org.apache.http.headers - http-outgoing-2 >> Accept-Encoding: gzip,deflate
10:17:45.449 [Forwarding clickElement on session c2c9e5df695e5c1a4290eacba5ee9727 to remote] DEBUG org.apache.http.wire - http-outgoing-2 >> "POST /session/c2c9e5df695e5c1a4290eacba5ee9727/element/0.5604591143034019-22/click HTTP/1.1[\r][\n]"
10:17:45.449 [Forwarding clickElement on session c2c9e5df695e5c1a4290eacba5ee9727 to remote] DEBUG org.apache.http.wire - http-outgoing-2 >> "Content-Type: application/json; charset=utf-8[\r][\n]"
10:17:45.449 [Forwarding clickElement on session c2c9e5df695e5c1a4290eacba5ee9727 to remote] DEBUG org.apache.http.wire - http-outgoing-2 >> "Content-Length: 30[\r][\n]"
10:17:45.449 [Forwarding clickElement on session c2c9e5df695e5c1a4290eacba5ee9727 to remote] DEBUG org.apache.http.wire - http-outgoing-2 >> "Host: localhost:36428[\r][\n]"
10:17:45.449 [Forwarding clickElement on session c2c9e5df695e5c1a4290eacba5ee9727 to remote] DEBUG org.apache.http.wire - http-outgoing-2 >> "Connection: Keep-Alive[\r][\n]"
10:17:45.449 [Forwarding clickElement on session c2c9e5df695e5c1a4290eacba5ee9727 to remote] DEBUG org.apache.http.wire - http-outgoing-2 >> "User-Agent: Apache-HttpClient/4.5.2 (Java/1.8.0_162)[\r][\n]"
10:17:45.449 [Forwarding clickElement on session c2c9e5df695e5c1a4290eacba5ee9727 to remote] DEBUG org.apache.http.wire - http-outgoing-2 >> "Accept-Encoding: gzip,deflate[\r][\n]"
10:17:45.449 [Forwarding clickElement on session c2c9e5df695e5c1a4290eacba5ee9727 to remote] DEBUG org.apache.http.wire - http-outgoing-2 >> "[\r][\n]"
10:17:45.449 [Forwarding clickElement on session c2c9e5df695e5c1a4290eacba5ee9727 to remote] DEBUG org.apache.http.wire - http-outgoing-2 >> "{"id":"0.5604591143034019-22"}"
10:17:45.522 [Forwarding clickElement on session c2c9e5df695e5c1a4290eacba5ee9727 to remote] DEBUG org.apache.http.wire - http-outgoing-2 << "HTTP/1.1 200 OK[\r][\n]"
10:17:45.522 [Forwarding clickElement on session c2c9e5df695e5c1a4290eacba5ee9727 to remote] DEBUG org.apache.http.wire - http-outgoing-2 << "Content-Length:72[\r][\n]"
10:17:45.522 [Forwarding clickElement on session c2c9e5df695e5c1a4290eacba5ee9727 to remote] DEBUG org.apache.http.wire - http-outgoing-2 << "Content-Type:application/json; charset=utf-8[\r][\n]"
10:17:45.522 [Forwarding clickElement on session c2c9e5df695e5c1a4290eacba5ee9727 to remote] DEBUG org.apache.http.wire - http-outgoing-2 << "[\r][\n]"
10:17:45.522 [Forwarding clickElement on session c2c9e5df695e5c1a4290eacba5ee9727 to remote] DEBUG org.apache.http.wire - http-outgoing-2 << "{"sessionId":"c2c9e5df695e5c1a4290eacba5ee9727","status":0,"value":null}"
10:17:45.522 [Forwarding clickElement on session c2c9e5df695e5c1a4290eacba5ee9727 to remote] DEBUG org.apache.http.headers - http-outgoing-2 << HTTP/1.1 200 OK
10:17:45.522 [Forwarding clickElement on session c2c9e5df695e5c1a4290eacba5ee9727 to remote] DEBUG org.apache.http.headers - http-outgoing-2 << Content-Length:72
10:17:45.522 [Forwarding clickElement on session c2c9e5df695e5c1a4290eacba5ee9727 to remote] DEBUG org.apache.http.headers - http-outgoing-2 << Content-Type:application/json; charset=utf-8
10:17:45.522 [Forwarding clickElement on session c2c9e5df695e5c1a4290eacba5ee9727 to remote] DEBUG org.apache.http.impl.execchain.MainClientExec - Connection can be kept alive indefinitely
10:17:45.522 [Forwarding clickElement on session c2c9e5df695e5c1a4290eacba5ee9727 to remote] DEBUG org.apache.http.impl.conn.PoolingHttpClientConnectionManager - Connection [id: 2][route: {}->http://localhost:36428] can be kept alive indefinitely
10:17:45.522 [Forwarding clickElement on session c2c9e5df695e5c1a4290eacba5ee9727 to remote] DEBUG org.apache.http.impl.conn.PoolingHttpClientConnectionManager - Connection released: [id: 2][route: {}->http://localhost:36428][total kept alive: 1; route allocated: 1 of 2000; total allocated: 1 of 2000]
10:17:47.536 [Forwarding switchToFrame on session c2c9e5df695e5c1a4290eacba5ee9727 to remote] DEBUG org.apache.http.client.protocol.RequestAddCookies - CookieSpec selected: default
10:17:47.536 [Forwarding switchToFrame on session c2c9e5df695e5c1a4290eacba5ee9727 to remote] DEBUG org.apache.http.client.protocol.RequestAuthCache - Auth cache not set in the context
10:17:47.536 [Forwarding switchToFrame on session c2c9e5df695e5c1a4290eacba5ee9727 to remote] DEBUG org.apache.http.impl.conn.PoolingHttpClientConnectionManager - Connection request: [route: {}->http://localhost:36428][total kept alive: 1; route allocated: 1 of 2000; total allocated: 1 of 2000]
10:17:47.552 [Forwarding switchToFrame on session c2c9e5df695e5c1a4290eacba5ee9727 to remote] DEBUG org.apache.http.wire - http-outgoing-2 << "[read] I/O error: Read timed out"
10:17:47.552 [Forwarding switchToFrame on session c2c9e5df695e5c1a4290eacba5ee9727 to remote] DEBUG org.apache.http.impl.conn.PoolingHttpClientConnectionManager - Connection leased: [id: 2][route: {}->http://localhost:36428][total kept alive: 0; route allocated: 1 of 2000; total allocated: 1 of 2000]
10:17:47.552 [Forwarding switchToFrame on session c2c9e5df695e5c1a4290eacba5ee9727 to remote] DEBUG org.apache.http.impl.execchain.MainClientExec - Stale connection check
10:17:47.568 [Forwarding switchToFrame on session c2c9e5df695e5c1a4290eacba5ee9727 to remote] DEBUG org.apache.http.wire - http-outgoing-2 << "[read] I/O error: Read timed out"
10:17:47.568 [Forwarding switchToFrame on session c2c9e5df695e5c1a4290eacba5ee9727 to remote] DEBUG org.apache.http.impl.conn.DefaultManagedHttpClientConnection - http-outgoing-2: set socket timeout to 10800000
10:17:47.568 [Forwarding switchToFrame on session c2c9e5df695e5c1a4290eacba5ee9727 to remote] DEBUG org.apache.http.impl.execchain.MainClientExec - Executing request POST /session/c2c9e5df695e5c1a4290eacba5ee9727/frame HTTP/1.1
10:17:47.568 [Forwarding switchToFrame on session c2c9e5df695e5c1a4290eacba5ee9727 to remote] DEBUG org.apache.http.impl.execchain.MainClientExec - Target auth state: UNCHALLENGED
10:17:47.568 [Forwarding switchToFrame on session c2c9e5df695e5c1a4290eacba5ee9727 to remote] DEBUG org.apache.http.impl.execchain.MainClientExec - Proxy auth state: UNCHALLENGED
10:17:47.568 [Forwarding switchToFrame on session c2c9e5df695e5c1a4290eacba5ee9727 to remote] DEBUG org.apache.http.headers - http-outgoing-2 >> POST /session/c2c9e5df695e5c1a4290eacba5ee9727/frame HTTP/1.1
10:17:47.568 [Forwarding switchToFrame on session c2c9e5df695e5c1a4290eacba5ee9727 to remote] DEBUG org.apache.http.headers - http-outgoing-2 >> Content-Type: application/json; charset=utf-8
10:17:47.568 [Forwarding switchToFrame on session c2c9e5df695e5c1a4290eacba5ee9727 to remote] DEBUG org.apache.http.headers - http-outgoing-2 >> Content-Length: 11
10:17:47.568 [Forwarding switchToFrame on session c2c9e5df695e5c1a4290eacba5ee9727 to remote] DEBUG org.apache.http.headers - http-outgoing-2 >> Host: localhost:36428
10:17:47.568 [Forwarding switchToFrame on session c2c9e5df695e5c1a4290eacba5ee9727 to remote] DEBUG org.apache.http.headers - http-outgoing-2 >> Connection: Keep-Alive
10:17:47.568 [Forwarding switchToFrame on session c2c9e5df695e5c1a4290eacba5ee9727 to remote] DEBUG org.apache.http.headers - http-outgoing-2 >> User-Agent: Apache-HttpClient/4.5.2 (Java/1.8.0_162)
10:17:47.568 [Forwarding switchToFrame on session c2c9e5df695e5c1a4290eacba5ee9727 to remote] DEBUG org.apache.http.headers - http-outgoing-2 >> Accept-Encoding: gzip,deflate
10:17:47.568 [Forwarding switchToFrame on session c2c9e5df695e5c1a4290eacba5ee9727 to remote] DEBUG org.apache.http.wire - http-outgoing-2 >> "POST /session/c2c9e5df695e5c1a4290eacba5ee9727/frame HTTP/1.1[\r][\n]"
10:17:47.568 [Forwarding switchToFrame on session c2c9e5df695e5c1a4290eacba5ee9727 to remote] DEBUG org.apache.http.wire - http-outgoing-2 >> "Content-Type: application/json; charset=utf-8[\r][\n]"
10:17:47.568 [Forwarding switchToFrame on session c2c9e5df695e5c1a4290eacba5ee9727 to remote] DEBUG org.apache.http.wire - http-outgoing-2 >> "Content-Length: 11[\r][\n]"
10:17:47.568 [Forwarding switchToFrame on session c2c9e5df695e5c1a4290eacba5ee9727 to remote] DEBUG org.apache.http.wire - http-outgoing-2 >> "Host: localhost:36428[\r][\n]"
10:17:47.568 [Forwarding switchToFrame on session c2c9e5df695e5c1a4290eacba5ee9727 to remote] DEBUG org.apache.http.wire - http-outgoing-2 >> "Connection: Keep-Alive[\r][\n]"
10:17:47.568 [Forwarding switchToFrame on session c2c9e5df695e5c1a4290eacba5ee9727 to remote] DEBUG org.apache.http.wire - http-outgoing-2 >> "User-Agent: Apache-HttpClient/4.5.2 (Java/1.8.0_162)[\r][\n]"
10:17:47.568 [Forwarding switchToFrame on session c2c9e5df695e5c1a4290eacba5ee9727 to remote] DEBUG org.apache.http.wire - http-outgoing-2 >> "Accept-Encoding: gzip,deflate[\r][\n]"
10:17:47.568 [Forwarding switchToFrame on session c2c9e5df695e5c1a4290eacba5ee9727 to remote] DEBUG org.apache.http.wire - http-outgoing-2 >> "[\r][\n]"
10:17:47.568 [Forwarding switchToFrame on session c2c9e5df695e5c1a4290eacba5ee9727 to remote] DEBUG org.apache.http.wire - http-outgoing-2 >> "{"id":null}"
10:17:47.570 [Forwarding switchToFrame on session c2c9e5df695e5c1a4290eacba5ee9727 to remote] DEBUG org.apache.http.wire - http-outgoing-2 << "HTTP/1.1 200 OK[\r][\n]"
10:17:47.570 [Forwarding switchToFrame on session c2c9e5df695e5c1a4290eacba5ee9727 to remote] DEBUG org.apache.http.wire - http-outgoing-2 << "Content-Length:72[\r][\n]"
10:17:47.570 [Forwarding switchToFrame on session c2c9e5df695e5c1a4290eacba5ee9727 to remote] DEBUG org.apache.http.wire - http-outgoing-2 << "Content-Type:application/json; charset=utf-8[\r][\n]"
10:17:47.570 [Forwarding switchToFrame on session c2c9e5df695e5c1a4290eacba5ee9727 to remote] DEBUG org.apache.http.wire - http-outgoing-2 << "[\r][\n]"
10:17:47.570 [Forwarding switchToFrame on session c2c9e5df695e5c1a4290eacba5ee9727 to remote] DEBUG org.apache.http.wire - http-outgoing-2 << "{"sessionId":"c2c9e5df695e5c1a4290eacba5ee9727","status":0,"value":null}"
10:17:47.570 [Forwarding switchToFrame on session c2c9e5df695e5c1a4290eacba5ee9727 to remote] DEBUG org.apache.http.headers - http-outgoing-2 << HTTP/1.1 200 OK
10:17:47.570 [Forwarding switchToFrame on session c2c9e5df695e5c1a4290eacba5ee9727 to remote] DEBUG org.apache.http.headers - http-outgoing-2 << Content-Length:72
10:17:47.570 [Forwarding switchToFrame on session c2c9e5df695e5c1a4290eacba5ee9727 to remote] DEBUG org.apache.http.headers - http-outgoing-2 << Content-Type:application/json; charset=utf-8
10:17:47.570 [Forwarding switchToFrame on session c2c9e5df695e5c1a4290eacba5ee9727 to remote] DEBUG org.apache.http.impl.execchain.MainClientExec - Connection can be kept alive indefinitely
10:17:47.570 [Forwarding switchToFrame on session c2c9e5df695e5c1a4290eacba5ee9727 to remote] DEBUG org.apache.http.impl.conn.PoolingHttpClientConnectionManager - Connection [id: 2][route: {}->http://localhost:36428] can be kept alive indefinitely
10:17:47.570 [Forwarding switchToFrame on session c2c9e5df695e5c1a4290eacba5ee9727 to remote] DEBUG org.apache.http.impl.conn.PoolingHttpClientConnectionManager - Connection released: [id: 2][route: {}->http://localhost:36428][total kept alive: 1; route allocated: 1 of 2000; total allocated: 1 of 2000]
10:17:48.581 [Forwarding findElements on session c2c9e5df695e5c1a4290eacba5ee9727 to remote] DEBUG org.apache.http.client.protocol.RequestAddCookies - CookieSpec selected: default
10:17:48.581 [Forwarding findElements on session c2c9e5df695e5c1a4290eacba5ee9727 to remote] DEBUG org.apache.http.client.protocol.RequestAuthCache - Auth cache not set in the context
10:17:48.581 [Forwarding findElements on session c2c9e5df695e5c1a4290eacba5ee9727 to remote] DEBUG org.apache.http.impl.conn.PoolingHttpClientConnectionManager - Connection request: [route: {}->http://localhost:36428][total kept alive: 1; route allocated: 1 of 2000; total allocated: 1 of 2000]
10:17:48.581 [Forwarding findElements on session c2c9e5df695e5c1a4290eacba5ee9727 to remote] DEBUG org.apache.http.impl.conn.PoolingHttpClientConnectionManager - Connection leased: [id: 2][route: {}->http://localhost:36428][total kept alive: 0; route allocated: 1 of 2000; total allocated: 1 of 2000]
10:17:48.581 [Forwarding findElements on session c2c9e5df695e5c1a4290eacba5ee9727 to remote] DEBUG org.apache.http.impl.execchain.MainClientExec - Stale connection check
10:17:48.596 [Forwarding findElements on session c2c9e5df695e5c1a4290eacba5ee9727 to remote] DEBUG org.apache.http.wire - http-outgoing-2 << "[read] I/O error: Read timed out"
10:17:48.596 [Forwarding findElements on session c2c9e5df695e5c1a4290eacba5ee9727 to remote] DEBUG org.apache.http.impl.conn.DefaultManagedHttpClientConnection - http-outgoing-2: set socket timeout to 10800000
10:17:48.596 [Forwarding findElements on session c2c9e5df695e5c1a4290eacba5ee9727 to remote] DEBUG org.apache.http.impl.execchain.MainClientExec - Executing request POST /session/c2c9e5df695e5c1a4290eacba5ee9727/elements HTTP/1.1
10:17:48.596 [Forwarding findElements on session c2c9e5df695e5c1a4290eacba5ee9727 to remote] DEBUG org.apache.http.impl.execchain.MainClientExec - Target auth state: UNCHALLENGED
10:17:48.596 [Forwarding findElements on session c2c9e5df695e5c1a4290eacba5ee9727 to remote] DEBUG org.apache.http.impl.execchain.MainClientExec - Proxy auth state: UNCHALLENGED
10:17:48.596 [Forwarding findElements on session c2c9e5df695e5c1a4290eacba5ee9727 to remote] DEBUG org.apache.http.headers - http-outgoing-2 >> POST /session/c2c9e5df695e5c1a4290eacba5ee9727/elements HTTP/1.1
10:17:48.596 [Forwarding findElements on session c2c9e5df695e5c1a4290eacba5ee9727 to remote] DEBUG org.apache.http.headers - http-outgoing-2 >> Content-Type: application/json; charset=utf-8
10:17:48.596 [Forwarding findElements on session c2c9e5df695e5c1a4290eacba5ee9727 to remote] DEBUG org.apache.http.headers - http-outgoing-2 >> Content-Length: 73
10:17:48.596 [Forwarding findElements on session c2c9e5df695e5c1a4290eacba5ee9727 to remote] DEBUG org.apache.http.headers - http-outgoing-2 >> Host: localhost:36428
10:17:48.596 [Forwarding findElements on session c2c9e5df695e5c1a4290eacba5ee9727 to remote] DEBUG org.apache.http.headers - http-outgoing-2 >> Connection: Keep-Alive
10:17:48.596 [Forwarding findElements on session c2c9e5df695e5c1a4290eacba5ee9727 to remote] DEBUG org.apache.http.headers - http-outgoing-2 >> User-Agent: Apache-HttpClient/4.5.2 (Java/1.8.0_162)
10:17:48.596 [Forwarding findElements on session c2c9e5df695e5c1a4290eacba5ee9727 to remote] DEBUG org.apache.http.headers - http-outgoing-2 >> Accept-Encoding: gzip,deflate
10:17:48.596 [Forwarding findElements on session c2c9e5df695e5c1a4290eacba5ee9727 to remote] DEBUG org.apache.http.wire - http-outgoing-2 >> "POST /session/c2c9e5df695e5c1a4290eacba5ee9727/elements HTTP/1.1[\r][\n]"
10:17:48.596 [Forwarding findElements on session c2c9e5df695e5c1a4290eacba5ee9727 to remote] DEBUG org.apache.http.wire - http-outgoing-2 >> "Content-Type: application/json; charset=utf-8[\r][\n]"
10:17:48.596 [Forwarding findElements on session c2c9e5df695e5c1a4290eacba5ee9727 to remote] DEBUG org.apache.http.wire - http-outgoing-2 >> "Content-Length: 73[\r][\n]"
10:17:48.596 [Forwarding findElements on session c2c9e5df695e5c1a4290eacba5ee9727 to remote] DEBUG org.apache.http.wire - http-outgoing-2 >> "Host: localhost:36428[\r][\n]"
10:17:48.596 [Forwarding findElements on session c2c9e5df695e5c1a4290eacba5ee9727 to remote] DEBUG org.apache.http.wire - http-outgoing-2 >> "Connection: Keep-Alive[\r][\n]"
10:17:48.596 [Forwarding findElements on session c2c9e5df695e5c1a4290eacba5ee9727 to remote] DEBUG org.apache.http.wire - http-outgoing-2 >> "User-Agent: Apache-HttpClient/4.5.2 (Java/1.8.0_162)[\r][\n]"
10:17:48.596 [Forwarding findElements on session c2c9e5df695e5c1a4290eacba5ee9727 to remote] DEBUG org.apache.http.wire - http-outgoing-2 >> "Accept-Encoding: gzip,deflate[\r][\n]"
10:17:48.596 [Forwarding findElements on session c2c9e5df695e5c1a4290eacba5ee9727 to remote] DEBUG org.apache.http.wire - http-outgoing-2 >> "[\r][\n]"
10:17:48.596 [Forwarding findElements on session c2c9e5df695e5c1a4290eacba5ee9727 to remote] DEBUG org.apache.http.wire - http-outgoing-2 >> "{"using":"css selector","value":"frame[name='GC14'],iframe[name='GC14']"}"
10:17:48.601 [Forwarding findElements on session c2c9e5df695e5c1a4290eacba5ee9727 to remote] DEBUG org.apache.http.wire - http-outgoing-2 << "HTTP/1.1 200 OK[\r][\n]"
10:17:48.601 [Forwarding findElements on session c2c9e5df695e5c1a4290eacba5ee9727 to remote] DEBUG org.apache.http.wire - http-outgoing-2 << "Content-Length:70[\r][\n]"
10:17:48.601 [Forwarding findElements on session c2c9e5df695e5c1a4290eacba5ee9727 to remote] DEBUG org.apache.http.wire - http-outgoing-2 << "Content-Type:application/json; charset=utf-8[\r][\n]"
10:17:48.601 [Forwarding findElements on session c2c9e5df695e5c1a4290eacba5ee9727 to remote] DEBUG org.apache.http.wire - http-outgoing-2 << "[\r][\n]"
10:17:48.601 [Forwarding findElements on session c2c9e5df695e5c1a4290eacba5ee9727 to remote] DEBUG org.apache.http.wire - http-outgoing-2 << "{"sessionId":"c2c9e5df695e5c1a4290eacba5ee9727","status":0,"value":[]}"
10:17:48.601 [Forwarding findElements on session c2c9e5df695e5c1a4290eacba5ee9727 to remote] DEBUG org.apache.http.headers - http-outgoing-2 << HTTP/1.1 200 OK
10:17:48.601 [Forwarding findElements on session c2c9e5df695e5c1a4290eacba5ee9727 to remote] DEBUG org.apache.http.headers - http-outgoing-2 << Content-Length:70
10:17:48.601 [Forwarding findElements on session c2c9e5df695e5c1a4290eacba5ee9727 to remote] DEBUG org.apache.http.headers - http-outgoing-2 << Content-Type:application/json; charset=utf-8
10:17:48.601 [Forwarding findElements on session c2c9e5df695e5c1a4290eacba5ee9727 to remote] DEBUG org.apache.http.impl.execchain.MainClientExec - Connection can be kept alive indefinitely
10:17:48.601 [Forwarding findElements on session c2c9e5df695e5c1a4290eacba5ee9727 to remote] DEBUG org.apache.http.impl.conn.PoolingHttpClientConnectionManager - Connection [id: 2][route: {}->http://localhost:36428] can be kept alive indefinitely
10:17:48.601 [Forwarding findElements on session c2c9e5df695e5c1a4290eacba5ee9727 to remote] DEBUG org.apache.http.impl.conn.PoolingHttpClientConnectionManager - Connection released: [id: 2][route: {}->http://localhost:36428][total kept alive: 1; route allocated: 1 of 2000; total allocated: 1 of 2000]
10:17:48.601 [Forwarding findElements on session c2c9e5df695e5c1a4290eacba5ee9727 to remote] DEBUG org.apache.http.client.protocol.RequestAddCookies - CookieSpec selected: default
10:17:48.601 [Forwarding findElements on session c2c9e5df695e5c1a4290eacba5ee9727 to remote] DEBUG org.apache.http.client.protocol.RequestAuthCache - Auth cache not set in the context
10:17:48.601 [Forwarding findElements on session c2c9e5df695e5c1a4290eacba5ee9727 to remote] DEBUG org.apache.http.impl.conn.PoolingHttpClientConnectionManager - Connection request: [route: {}->http://localhost:36428][total kept alive: 1; route allocated: 1 of 2000; total allocated: 1 of 2000]
10:17:48.601 [Forwarding findElements on session c2c9e5df695e5c1a4290eacba5ee9727 to remote] DEBUG org.apache.http.impl.conn.PoolingHttpClientConnectionManager - Connection leased: [id: 2][route: {}->http://localhost:36428][total kept alive: 0; route allocated: 1 of 2000; total allocated: 1 of 2000]
10:17:48.601 [Forwarding findElements on session c2c9e5df695e5c1a4290eacba5ee9727 to remote] DEBUG org.apache.http.impl.execchain.MainClientExec - Stale connection check
10:17:48.612 [Forwarding findElements on session c2c9e5df695e5c1a4290eacba5ee9727 to remote] DEBUG org.apache.http.wire - http-outgoing-2 << "[read] I/O error: Read timed out"
10:17:48.612 [Forwarding findElements on session c2c9e5df695e5c1a4290eacba5ee9727 to remote] DEBUG org.apache.http.impl.conn.DefaultManagedHttpClientConnection - http-outgoing-2: set socket timeout to 10800000
10:17:48.612 [Forwarding findElements on session c2c9e5df695e5c1a4290eacba5ee9727 to remote] DEBUG org.apache.http.impl.execchain.MainClientExec - Executing request POST /session/c2c9e5df695e5c1a4290eacba5ee9727/elements HTTP/1.1
10:17:48.612 [Forwarding findElements on session c2c9e5df695e5c1a4290eacba5ee9727 to remote] DEBUG org.apache.http.impl.execchain.MainClientExec - Target auth state: UNCHALLENGED
10:17:48.612 [Forwarding findElements on session c2c9e5df695e5c1a4290eacba5ee9727 to remote] DEBUG org.apache.http.impl.execchain.MainClientExec - Proxy auth state: UNCHALLENGED
10:17:48.612 [Forwarding findElements on session c2c9e5df695e5c1a4290eacba5ee9727 to remote] DEBUG org.apache.http.headers - http-outgoing-2 >> POST /session/c2c9e5df695e5c1a4290eacba5ee9727/elements HTTP/1.1
10:17:48.612 [Forwarding findElements on session c2c9e5df695e5c1a4290eacba5ee9727 to remote] DEBUG org.apache.http.headers - http-outgoing-2 >> Content-Type: application/json; charset=utf-8
10:17:48.612 [Forwarding findElements on session c2c9e5df695e5c1a4290eacba5ee9727 to remote] DEBUG org.apache.http.headers - http-outgoing-2 >> Content-Length: 57
10:17:48.612 [Forwarding findElements on session c2c9e5df695e5c1a4290eacba5ee9727 to remote] DEBUG org.apache.http.headers - http-outgoing-2 >> Host: localhost:36428
10:17:48.612 [Forwarding findElements on session c2c9e5df695e5c1a4290eacba5ee9727 to remote] DEBUG org.apache.http.headers - http-outgoing-2 >> Connection: Keep-Alive
10:17:48.612 [Forwarding findElements on session c2c9e5df695e5c1a4290eacba5ee9727 to remote] DEBUG org.apache.http.headers - http-outgoing-2 >> User-Agent: Apache-HttpClient/4.5.2 (Java/1.8.0_162)
10:17:48.612 [Forwarding findElements on session c2c9e5df695e5c1a4290eacba5ee9727 to remote] DEBUG org.apache.http.headers - http-outgoing-2 >> Accept-Encoding: gzip,deflate
10:17:48.612 [Forwarding findElements on session c2c9e5df695e5c1a4290eacba5ee9727 to remote] DEBUG org.apache.http.wire - http-outgoing-2 >> "POST /session/c2c9e5df695e5c1a4290eacba5ee9727/elements HTTP/1.1[\r][\n]"
10:17:48.612 [Forwarding findElements on session c2c9e5df695e5c1a4290eacba5ee9727 to remote] DEBUG org.apache.http.wire - http-outgoing-2 >> "Content-Type: application/json; charset=utf-8[\r][\n]"
10:17:48.612 [Forwarding findElements on session c2c9e5df695e5c1a4290eacba5ee9727 to remote] DEBUG org.apache.http.wire - http-outgoing-2 >> "Content-Length: 57[\r][\n]"
10:17:48.612 [Forwarding findElements on session c2c9e5df695e5c1a4290eacba5ee9727 to remote] DEBUG org.apache.http.wire - http-outgoing-2 >> "Host: localhost:36428[\r][\n]"
10:17:48.612 [Forwarding findElements on session c2c9e5df695e5c1a4290eacba5ee9727 to remote] DEBUG org.apache.http.wire - http-outgoing-2 >> "Connection: Keep-Alive[\r][\n]"
10:17:48.612 [Forwarding findElements on session c2c9e5df695e5c1a4290eacba5ee9727 to remote] DEBUG org.apache.http.wire - http-outgoing-2 >> "User-Agent: Apache-HttpClient/4.5.2 (Java/1.8.0_162)[\r][\n]"
10:17:48.612 [Forwarding findElements on session c2c9e5df695e5c1a4290eacba5ee9727 to remote] DEBUG org.apache.http.wire - http-outgoing-2 >> "Accept-Encoding: gzip,deflate[\r][\n]"
10:17:48.612 [Forwarding findElements on session c2c9e5df695e5c1a4290eacba5ee9727 to remote] DEBUG org.apache.http.wire - http-outgoing-2 >> "[\r][\n]"
10:17:48.612 [Forwarding findElements on session c2c9e5df695e5c1a4290eacba5ee9727 to remote] DEBUG org.apache.http.wire - http-outgoing-2 >> "{"using":"css selector","value":"frame#GC14,iframe#GC14"}"
10:17:48.617 [Forwarding findElements on session c2c9e5df695e5c1a4290eacba5ee9727 to remote] DEBUG org.apache.http.wire - http-outgoing-2 << "HTTP/1.1 200 OK[\r][\n]"
10:17:48.617 [Forwarding findElements on session c2c9e5df695e5c1a4290eacba5ee9727 to remote] DEBUG org.apache.http.wire - http-outgoing-2 << "Content-Length:104[\r][\n]"
10:17:48.617 [Forwarding findElements on session c2c9e5df695e5c1a4290eacba5ee9727 to remote] DEBUG org.apache.http.wire - http-outgoing-2 << "Content-Type:application/json; charset=utf-8[\r][\n]"
10:17:48.617 [Forwarding findElements on session c2c9e5df695e5c1a4290eacba5ee9727 to remote] DEBUG org.apache.http.wire - http-outgoing-2 << "[\r][\n]"
10:17:48.617 [Forwarding findElements on session c2c9e5df695e5c1a4290eacba5ee9727 to remote] DEBUG org.apache.http.wire - http-outgoing-2 << "{"sessionId":"c2c9e5df695e5c1a4290eacba5ee9727","status":0,"value":[{"ELEMENT":"0.2454053411895556-4"}]}"
10:17:48.617 [Forwarding findElements on session c2c9e5df695e5c1a4290eacba5ee9727 to remote] DEBUG org.apache.http.headers - http-outgoing-2 << HTTP/1.1 200 OK
10:17:48.617 [Forwarding findElements on session c2c9e5df695e5c1a4290eacba5ee9727 to remote] DEBUG org.apache.http.headers - http-outgoing-2 << Content-Length:104
10:17:48.617 [Forwarding findElements on session c2c9e5df695e5c1a4290eacba5ee9727 to remote] DEBUG org.apache.http.headers - http-outgoing-2 << Content-Type:application/json; charset=utf-8
10:17:48.617 [Forwarding findElements on session c2c9e5df695e5c1a4290eacba5ee9727 to remote] DEBUG org.apache.http.impl.execchain.MainClientExec - Connection can be kept alive indefinitely
10:17:48.617 [Forwarding findElements on session c2c9e5df695e5c1a4290eacba5ee9727 to remote] DEBUG org.apache.http.impl.conn.PoolingHttpClientConnectionManager - Connection [id: 2][route: {}->http://localhost:36428] can be kept alive indefinitely
10:17:48.617 [Forwarding findElements on session c2c9e5df695e5c1a4290eacba5ee9727 to remote] DEBUG org.apache.http.impl.conn.PoolingHttpClientConnectionManager - Connection released: [id: 2][route: {}->http://localhost:36428][total kept alive: 1; route allocated: 1 of 2000; total allocated: 1 of 2000]
10:17:48.617 [Forwarding switchToFrame on session c2c9e5df695e5c1a4290eacba5ee9727 to remote] DEBUG org.apache.http.client.protocol.RequestAddCookies - CookieSpec selected: default
10:17:48.617 [Forwarding switchToFrame on session c2c9e5df695e5c1a4290eacba5ee9727 to remote] DEBUG org.apache.http.client.protocol.RequestAuthCache - Auth cache not set in the context
10:17:48.617 [Forwarding switchToFrame on session c2c9e5df695e5c1a4290eacba5ee9727 to remote] DEBUG org.apache.http.impl.conn.PoolingHttpClientConnectionManager - Connection request: [route: {}->http://localhost:36428][total kept alive: 1; route allocated: 1 of 2000; total allocated: 1 of 2000]
10:17:48.617 [Forwarding switchToFrame on session c2c9e5df695e5c1a4290eacba5ee9727 to remote] DEBUG org.apache.http.impl.conn.PoolingHttpClientConnectionManager - Connection leased: [id: 2][route: {}->http://localhost:36428][total kept alive: 0; route allocated: 1 of 2000; total allocated: 1 of 2000]
10:17:48.617 [Forwarding switchToFrame on session c2c9e5df695e5c1a4290eacba5ee9727 to remote] DEBUG org.apache.http.impl.execchain.MainClientExec - Stale connection check
10:17:48.627 [Forwarding switchToFrame on session c2c9e5df695e5c1a4290eacba5ee9727 to remote] DEBUG org.apache.http.wire - http-outgoing-2 << "[read] I/O error: Read timed out"
10:17:48.627 [Forwarding switchToFrame on session c2c9e5df695e5c1a4290eacba5ee9727 to remote] DEBUG org.apache.http.impl.conn.DefaultManagedHttpClientConnection - http-outgoing-2: set socket timeout to 10800000
10:17:48.627 [Forwarding switchToFrame on session c2c9e5df695e5c1a4290eacba5ee9727 to remote] DEBUG org.apache.http.impl.execchain.MainClientExec - Executing request POST /session/c2c9e5df695e5c1a4290eacba5ee9727/frame HTTP/1.1
10:17:48.627 [Forwarding switchToFrame on session c2c9e5df695e5c1a4290eacba5ee9727 to remote] DEBUG org.apache.http.impl.execchain.MainClientExec - Target auth state: UNCHALLENGED
10:17:48.627 [Forwarding switchToFrame on session c2c9e5df695e5c1a4290eacba5ee9727 to remote] DEBUG org.apache.http.impl.execchain.MainClientExec - Proxy auth state: UNCHALLENGED
10:17:48.627 [Forwarding switchToFrame on session c2c9e5df695e5c1a4290eacba5ee9727 to remote] DEBUG org.apache.http.headers - http-outgoing-2 >> POST /session/c2c9e5df695e5c1a4290eacba5ee9727/frame HTTP/1.1
10:17:48.627 [Forwarding switchToFrame on session c2c9e5df695e5c1a4290eacba5ee9727 to remote] DEBUG org.apache.http.headers - http-outgoing-2 >> Content-Type: application/json; charset=utf-8
10:17:48.627 [Forwarding switchToFrame on session c2c9e5df695e5c1a4290eacba5ee9727 to remote] DEBUG org.apache.http.headers - http-outgoing-2 >> Content-Length: 102
10:17:48.627 [Forwarding switchToFrame on session c2c9e5df695e5c1a4290eacba5ee9727 to remote] DEBUG org.apache.http.headers - http-outgoing-2 >> Host: localhost:36428
10:17:48.627 [Forwarding switchToFrame on session c2c9e5df695e5c1a4290eacba5ee9727 to remote] DEBUG org.apache.http.headers - http-outgoing-2 >> Connection: Keep-Alive
10:17:48.627 [Forwarding switchToFrame on session c2c9e5df695e5c1a4290eacba5ee9727 to remote] DEBUG org.apache.http.headers - http-outgoing-2 >> User-Agent: Apache-HttpClient/4.5.2 (Java/1.8.0_162)
10:17:48.627 [Forwarding switchToFrame on session c2c9e5df695e5c1a4290eacba5ee9727 to remote] DEBUG org.apache.http.headers - http-outgoing-2 >> Accept-Encoding: gzip,deflate
10:17:48.627 [Forwarding switchToFrame on session c2c9e5df695e5c1a4290eacba5ee9727 to remote] DEBUG org.apache.http.wire - http-outgoing-2 >> "POST /session/c2c9e5df695e5c1a4290eacba5ee9727/frame HTTP/1.1[\r][\n]"
10:17:48.627 [Forwarding switchToFrame on session c2c9e5df695e5c1a4290eacba5ee9727 to remote] DEBUG org.apache.http.wire - http-outgoing-2 >> "Content-Type: application/json; charset=utf-8[\r][\n]"
10:17:48.627 [Forwarding switchToFrame on session c2c9e5df695e5c1a4290eacba5ee9727 to remote] DEBUG org.apache.http.wire - http-outgoing-2 >> "Content-Length: 102[\r][\n]"
10:17:48.627 [Forwarding switchToFrame on session c2c9e5df695e5c1a4290eacba5ee9727 to remote] DEBUG org.apache.http.wire - http-outgoing-2 >> "Host: localhost:36428[\r][\n]"
10:17:48.627 [Forwarding switchToFrame on session c2c9e5df695e5c1a4290eacba5ee9727 to remote] DEBUG org.apache.http.wire - http-outgoing-2 >> "Connection: Keep-Alive[\r][\n]"
10:17:48.627 [Forwarding switchToFrame on session c2c9e5df695e5c1a4290eacba5ee9727 to remote] DEBUG org.apache.http.wire - http-outgoing-2 >> "User-Agent: Apache-HttpClient/4.5.2 (Java/1.8.0_162)[\r][\n]"
10:17:48.627 [Forwarding switchToFrame on session c2c9e5df695e5c1a4290eacba5ee9727 to remote] DEBUG org.apache.http.wire - http-outgoing-2 >> "Accept-Encoding: gzip,deflate[\r][\n]"
10:17:48.627 [Forwarding switchToFrame on session c2c9e5df695e5c1a4290eacba5ee9727 to remote] DEBUG org.apache.http.wire - http-outgoing-2 >> "[\r][\n]"
10:17:48.627 [Forwarding switchToFrame on session c2c9e5df695e5c1a4290eacba5ee9727 to remote] DEBUG org.apache.http.wire - http-outgoing-2 >> "{"id":{"ELEMENT":"0.2454053411895556-4","element-6066-11e4-a52e-4f735466cecf":"0.2454053411895556-4"}}"
10:17:48.638 [Forwarding switchToFrame on session c2c9e5df695e5c1a4290eacba5ee9727 to remote] DEBUG org.apache.http.wire - http-outgoing-2 << "HTTP/1.1 200 OK[\r][\n]"
10:17:48.638 [Forwarding switchToFrame on session c2c9e5df695e5c1a4290eacba5ee9727 to remote] DEBUG org.apache.http.wire - http-outgoing-2 << "Content-Length:72[\r][\n]"
10:17:48.638 [Forwarding switchToFrame on session c2c9e5df695e5c1a4290eacba5ee9727 to remote] DEBUG org.apache.http.wire - http-outgoing-2 << "Content-Type:application/json; charset=utf-8[\r][\n]"
10:17:48.638 [Forwarding switchToFrame on session c2c9e5df695e5c1a4290eacba5ee9727 to remote] DEBUG org.apache.http.wire - http-outgoing-2 << "[\r][\n]"
10:17:48.638 [Forwarding switchToFrame on session c2c9e5df695e5c1a4290eacba5ee9727 to remote] DEBUG org.apache.http.wire - http-outgoing-2 << "{"sessionId":"c2c9e5df695e5c1a4290eacba5ee9727","status":0,"value":null}"
10:17:48.638 [Forwarding switchToFrame on session c2c9e5df695e5c1a4290eacba5ee9727 to remote] DEBUG org.apache.http.headers - http-outgoing-2 << HTTP/1.1 200 OK
10:17:48.638 [Forwarding switchToFrame on session c2c9e5df695e5c1a4290eacba5ee9727 to remote] DEBUG org.apache.http.headers - http-outgoing-2 << Content-Length:72
10:17:48.638 [Forwarding switchToFrame on session c2c9e5df695e5c1a4290eacba5ee9727 to remote] DEBUG org.apache.http.headers - http-outgoing-2 << Content-Type:application/json; charset=utf-8
10:17:48.638 [Forwarding switchToFrame on session c2c9e5df695e5c1a4290eacba5ee9727 to remote] DEBUG org.apache.http.impl.execchain.MainClientExec - Connection can be kept alive indefinitely
10:17:48.638 [Forwarding switchToFrame on session c2c9e5df695e5c1a4290eacba5ee9727 to remote] DEBUG org.apache.http.impl.conn.PoolingHttpClientConnectionManager - Connection [id: 2][route: {}->http://localhost:36428] can be kept alive indefinitely
10:17:48.638 [Forwarding switchToFrame on session c2c9e5df695e5c1a4290eacba5ee9727 to remote] DEBUG org.apache.http.impl.conn.PoolingHttpClientConnectionManager - Connection released: [id: 2][route: {}->http://localhost:36428][total kept alive: 1; route allocated: 1 of 2000; total allocated: 1 of 2000]
10:17:49.640 [Forwarding findElement on session c2c9e5df695e5c1a4290eacba5ee9727 to remote] DEBUG org.apache.http.client.protocol.RequestAddCookies - CookieSpec selected: default
10:17:49.640 [Forwarding findElement on session c2c9e5df695e5c1a4290eacba5ee9727 to remote] DEBUG org.apache.http.client.protocol.RequestAuthCache - Auth cache not set in the context
10:17:49.640 [Forwarding findElement on session c2c9e5df695e5c1a4290eacba5ee9727 to remote] DEBUG org.apache.http.impl.conn.PoolingHttpClientConnectionManager - Connection request: [route: {}->http://localhost:36428][total kept alive: 1; route allocated: 1 of 2000; total allocated: 1 of 2000]
10:17:49.640 [Forwarding findElement on session c2c9e5df695e5c1a4290eacba5ee9727 to remote] DEBUG org.apache.http.impl.conn.PoolingHttpClientConnectionManager - Connection leased: [id: 2][route: {}->http://localhost:36428][total kept alive: 0; route allocated: 1 of 2000; total allocated: 1 of 2000]
10:17:49.640 [Forwarding findElement on session c2c9e5df695e5c1a4290eacba5ee9727 to remote] DEBUG org.apache.http.impl.execchain.MainClientExec - Stale connection check
10:17:49.656 [Forwarding findElement on session c2c9e5df695e5c1a4290eacba5ee9727 to remote] DEBUG org.apache.http.wire - http-outgoing-2 << "[read] I/O error: Read timed out"
10:17:49.656 [Forwarding findElement on session c2c9e5df695e5c1a4290eacba5ee9727 to remote] DEBUG org.apache.http.impl.conn.DefaultManagedHttpClientConnection - http-outgoing-2: set socket timeout to 10800000
10:17:49.656 [Forwarding findElement on session c2c9e5df695e5c1a4290eacba5ee9727 to remote] DEBUG org.apache.http.impl.execchain.MainClientExec - Executing request POST /session/c2c9e5df695e5c1a4290eacba5ee9727/element HTTP/1.1
10:17:49.656 [Forwarding findElement on session c2c9e5df695e5c1a4290eacba5ee9727 to remote] DEBUG org.apache.http.impl.execchain.MainClientExec - Target auth state: UNCHALLENGED
10:17:49.656 [Forwarding findElement on session c2c9e5df695e5c1a4290eacba5ee9727 to remote] DEBUG org.apache.http.impl.execchain.MainClientExec - Proxy auth state: UNCHALLENGED
10:17:49.656 [Forwarding findElement on session c2c9e5df695e5c1a4290eacba5ee9727 to remote] DEBUG org.apache.http.headers - http-outgoing-2 >> POST /session/c2c9e5df695e5c1a4290eacba5ee9727/element HTTP/1.1
10:17:49.656 [Forwarding findElement on session c2c9e5df695e5c1a4290eacba5ee9727 to remote] DEBUG org.apache.http.headers - http-outgoing-2 >> Content-Type: application/json; charset=utf-8
10:17:49.656 [Forwarding findElement on session c2c9e5df695e5c1a4290eacba5ee9727 to remote] DEBUG org.apache.http.headers - http-outgoing-2 >> Content-Length: 76
10:17:49.656 [Forwarding findElement on session c2c9e5df695e5c1a4290eacba5ee9727 to remote] DEBUG org.apache.http.headers - http-outgoing-2 >> Host: localhost:36428
10:17:49.656 [Forwarding findElement on session c2c9e5df695e5c1a4290eacba5ee9727 to remote] DEBUG org.apache.http.headers - http-outgoing-2 >> Connection: Keep-Alive
10:17:49.656 [Forwarding findElement on session c2c9e5df695e5c1a4290eacba5ee9727 to remote] DEBUG org.apache.http.headers - http-outgoing-2 >> User-Agent: Apache-HttpClient/4.5.2 (Java/1.8.0_162)
10:17:49.656 [Forwarding findElement on session c2c9e5df695e5c1a4290eacba5ee9727 to remote] DEBUG org.apache.http.headers - http-outgoing-2 >> Accept-Encoding: gzip,deflate
10:17:49.656 [Forwarding findElement on session c2c9e5df695e5c1a4290eacba5ee9727 to remote] DEBUG org.apache.http.wire - http-outgoing-2 >> "POST /session/c2c9e5df695e5c1a4290eacba5ee9727/element HTTP/1.1[\r][\n]"
10:17:49.656 [Forwarding findElement on session c2c9e5df695e5c1a4290eacba5ee9727 to remote] DEBUG org.apache.http.wire - http-outgoing-2 >> "Content-Type: application/json; charset=utf-8[\r][\n]"
10:17:49.656 [Forwarding findElement on session c2c9e5df695e5c1a4290eacba5ee9727 to remote] DEBUG org.apache.http.wire - http-outgoing-2 >> "Content-Length: 76[\r][\n]"
10:17:49.656 [Forwarding findElement on session c2c9e5df695e5c1a4290eacba5ee9727 to remote] DEBUG org.apache.http.wire - http-outgoing-2 >> "Host: localhost:36428[\r][\n]"
10:17:49.656 [Forwarding findElement on session c2c9e5df695e5c1a4290eacba5ee9727 to remote] DEBUG org.apache.http.wire - http-outgoing-2 >> "Connection: Keep-Alive[\r][\n]"
10:17:49.656 [Forwarding findElement on session c2c9e5df695e5c1a4290eacba5ee9727 to remote] DEBUG org.apache.http.wire - http-outgoing-2 >> "User-Agent: Apache-HttpClient/4.5.2 (Java/1.8.0_162)[\r][\n]"
10:17:49.656 [Forwarding findElement on session c2c9e5df695e5c1a4290eacba5ee9727 to remote] DEBUG org.apache.http.wire - http-outgoing-2 >> "Accept-Encoding: gzip,deflate[\r][\n]"
10:17:49.656 [Forwarding findElement on session c2c9e5df695e5c1a4290eacba5ee9727 to remote] DEBUG org.apache.http.wire - http-outgoing-2 >> "[\r][\n]"
10:17:49.656 [Forwarding findElement on session c2c9e5df695e5c1a4290eacba5ee9727 to remote] DEBUG org.apache.http.wire - http-outgoing-2 >> "{"using":"xpath","value":"//i[@class=\"close ivu-icon ivu-icon-md-close\"]"}"
10:17:49.664 [Forwarding findElement on session c2c9e5df695e5c1a4290eacba5ee9727 to remote] DEBUG org.apache.http.wire - http-outgoing-2 << "HTTP/1.1 200 OK[\r][\n]"
10:17:49.664 [Forwarding findElement on session c2c9e5df695e5c1a4290eacba5ee9727 to remote] DEBUG org.apache.http.wire - http-outgoing-2 << "Content-Length:104[\r][\n]"
10:17:49.664 [Forwarding findElement on session c2c9e5df695e5c1a4290eacba5ee9727 to remote] DEBUG org.apache.http.wire - http-outgoing-2 << "Content-Type:application/json; charset=utf-8[\r][\n]"
10:17:49.664 [Forwarding findElement on session c2c9e5df695e5c1a4290eacba5ee9727 to remote] DEBUG org.apache.http.wire - http-outgoing-2 << "[\r][\n]"
10:17:49.664 [Forwarding findElement on session c2c9e5df695e5c1a4290eacba5ee9727 to remote] DEBUG org.apache.http.wire - http-outgoing-2 << "{"sessionId":"c2c9e5df695e5c1a4290eacba5ee9727","status":0,"value":{"ELEMENT":"0.30301688751973765-18"}}"
10:17:49.664 [Forwarding findElement on session c2c9e5df695e5c1a4290eacba5ee9727 to remote] DEBUG org.apache.http.headers - http-outgoing-2 << HTTP/1.1 200 OK
10:17:49.664 [Forwarding findElement on session c2c9e5df695e5c1a4290eacba5ee9727 to remote] DEBUG org.apache.http.headers - http-outgoing-2 << Content-Length:104
10:17:49.664 [Forwarding findElement on session c2c9e5df695e5c1a4290eacba5ee9727 to remote] DEBUG org.apache.http.headers - http-outgoing-2 << Content-Type:application/json; charset=utf-8
10:17:49.664 [Forwarding findElement on session c2c9e5df695e5c1a4290eacba5ee9727 to remote] DEBUG org.apache.http.impl.execchain.MainClientExec - Connection can be kept alive indefinitely
10:17:49.664 [Forwarding findElement on session c2c9e5df695e5c1a4290eacba5ee9727 to remote] DEBUG org.apache.http.impl.conn.PoolingHttpClientConnectionManager - Connection [id: 2][route: {}->http://localhost:36428] can be kept alive indefinitely
10:17:49.664 [Forwarding findElement on session c2c9e5df695e5c1a4290eacba5ee9727 to remote] DEBUG org.apache.http.impl.conn.PoolingHttpClientConnectionManager - Connection released: [id: 2][route: {}->http://localhost:36428][total kept alive: 1; route allocated: 1 of 2000; total allocated: 1 of 2000]
10:17:49.664 [Forwarding clickElement on session c2c9e5df695e5c1a4290eacba5ee9727 to remote] DEBUG org.apache.http.client.protocol.RequestAddCookies - CookieSpec selected: default
10:17:49.664 [Forwarding clickElement on session c2c9e5df695e5c1a4290eacba5ee9727 to remote] DEBUG org.apache.http.client.protocol.RequestAuthCache - Auth cache not set in the context
10:17:49.664 [Forwarding clickElement on session c2c9e5df695e5c1a4290eacba5ee9727 to remote] DEBUG org.apache.http.impl.conn.PoolingHttpClientConnectionManager - Connection request: [route: {}->http://localhost:36428][total kept alive: 1; route allocated: 1 of 2000; total allocated: 1 of 2000]
10:17:49.664 [Forwarding clickElement on session c2c9e5df695e5c1a4290eacba5ee9727 to remote] DEBUG org.apache.http.impl.conn.PoolingHttpClientConnectionManager - Connection leased: [id: 2][route: {}->http://localhost:36428][total kept alive: 0; route allocated: 1 of 2000; total allocated: 1 of 2000]
10:17:49.664 [Forwarding clickElement on session c2c9e5df695e5c1a4290eacba5ee9727 to remote] DEBUG org.apache.http.impl.execchain.MainClientExec - Stale connection check
10:17:49.671 [Forwarding clickElement on session c2c9e5df695e5c1a4290eacba5ee9727 to remote] DEBUG org.apache.http.wire - http-outgoing-2 << "[read] I/O error: Read timed out"
10:17:49.671 [Forwarding clickElement on session c2c9e5df695e5c1a4290eacba5ee9727 to remote] DEBUG org.apache.http.impl.conn.DefaultManagedHttpClientConnection - http-outgoing-2: set socket timeout to 10800000
10:17:49.671 [Forwarding clickElement on session c2c9e5df695e5c1a4290eacba5ee9727 to remote] DEBUG org.apache.http.impl.execchain.MainClientExec - Executing request POST /session/c2c9e5df695e5c1a4290eacba5ee9727/element/0.30301688751973765-18/click HTTP/1.1
10:17:49.671 [Forwarding clickElement on session c2c9e5df695e5c1a4290eacba5ee9727 to remote] DEBUG org.apache.http.impl.execchain.MainClientExec - Target auth state: UNCHALLENGED
10:17:49.671 [Forwarding clickElement on session c2c9e5df695e5c1a4290eacba5ee9727 to remote] DEBUG org.apache.http.impl.execchain.MainClientExec - Proxy auth state: UNCHALLENGED
10:17:49.671 [Forwarding clickElement on session c2c9e5df695e5c1a4290eacba5ee9727 to remote] DEBUG org.apache.http.headers - http-outgoing-2 >> POST /session/c2c9e5df695e5c1a4290eacba5ee9727/element/0.30301688751973765-18/click HTTP/1.1
10:17:49.671 [Forwarding clickElement on session c2c9e5df695e5c1a4290eacba5ee9727 to remote] DEBUG org.apache.http.headers - http-outgoing-2 >> Content-Type: application/json; charset=utf-8
10:17:49.671 [Forwarding clickElement on session c2c9e5df695e5c1a4290eacba5ee9727 to remote] DEBUG org.apache.http.headers - http-outgoing-2 >> Content-Length: 31
10:17:49.671 [Forwarding clickElement on session c2c9e5df695e5c1a4290eacba5ee9727 to remote] DEBUG org.apache.http.headers - http-outgoing-2 >> Host: localhost:36428
10:17:49.671 [Forwarding clickElement on session c2c9e5df695e5c1a4290eacba5ee9727 to remote] DEBUG org.apache.http.headers - http-outgoing-2 >> Connection: Keep-Alive
10:17:49.671 [Forwarding clickElement on session c2c9e5df695e5c1a4290eacba5ee9727 to remote] DEBUG org.apache.http.headers - http-outgoing-2 >> User-Agent: Apache-HttpClient/4.5.2 (Java/1.8.0_162)
10:17:49.671 [Forwarding clickElement on session c2c9e5df695e5c1a4290eacba5ee9727 to remote] DEBUG org.apache.http.headers - http-outgoing-2 >> Accept-Encoding: gzip,deflate
10:17:49.671 [Forwarding clickElement on session c2c9e5df695e5c1a4290eacba5ee9727 to remote] DEBUG org.apache.http.wire - http-outgoing-2 >> "POST /session/c2c9e5df695e5c1a4290eacba5ee9727/element/0.30301688751973765-18/click HTTP/1.1[\r][\n]"
10:17:49.671 [Forwarding clickElement on session c2c9e5df695e5c1a4290eacba5ee9727 to remote] DEBUG org.apache.http.wire - http-outgoing-2 >> "Content-Type: application/json; charset=utf-8[\r][\n]"
10:17:49.671 [Forwarding clickElement on session c2c9e5df695e5c1a4290eacba5ee9727 to remote] DEBUG org.apache.http.wire - http-outgoing-2 >> "Content-Length: 31[\r][\n]"
10:17:49.671 [Forwarding clickElement on session c2c9e5df695e5c1a4290eacba5ee9727 to remote] DEBUG org.apache.http.wire - http-outgoing-2 >> "Host: localhost:36428[\r][\n]"
10:17:49.671 [Forwarding clickElement on session c2c9e5df695e5c1a4290eacba5ee9727 to remote] DEBUG org.apache.http.wire - http-outgoing-2 >> "Connection: Keep-Alive[\r][\n]"
10:17:49.671 [Forwarding clickElement on session c2c9e5df695e5c1a4290eacba5ee9727 to remote] DEBUG org.apache.http.wire - http-outgoing-2 >> "User-Agent: Apache-HttpClient/4.5.2 (Java/1.8.0_162)[\r][\n]"
10:17:49.671 [Forwarding clickElement on session c2c9e5df695e5c1a4290eacba5ee9727 to remote] DEBUG org.apache.http.wire - http-outgoing-2 >> "Accept-Encoding: gzip,deflate[\r][\n]"
10:17:49.671 [Forwarding clickElement on session c2c9e5df695e5c1a4290eacba5ee9727 to remote] DEBUG org.apache.http.wire - http-outgoing-2 >> "[\r][\n]"
10:17:49.671 [Forwarding clickElement on session c2c9e5df695e5c1a4290eacba5ee9727 to remote] DEBUG org.apache.http.wire - http-outgoing-2 >> "{"id":"0.30301688751973765-18"}"
10:17:50.735 [Forwarding clickElement on session c2c9e5df695e5c1a4290eacba5ee9727 to remote] DEBUG org.apache.http.wire - http-outgoing-2 << "HTTP/1.1 200 OK[\r][\n]"
10:17:50.735 [Forwarding clickElement on session c2c9e5df695e5c1a4290eacba5ee9727 to remote] DEBUG org.apache.http.wire - http-outgoing-2 << "Content-Length:1077[\r][\n]"
10:17:50.735 [Forwarding clickElement on session c2c9e5df695e5c1a4290eacba5ee9727 to remote] DEBUG org.apache.http.wire - http-outgoing-2 << "Content-Type:application/json; charset=utf-8[\r][\n]"
10:17:50.735 [Forwarding clickElement on session c2c9e5df695e5c1a4290eacba5ee9727 to remote] DEBUG org.apache.http.wire - http-outgoing-2 << "[\r][\n]"
10:17:50.735 [Forwarding clickElement on session c2c9e5df695e5c1a4290eacba5ee9727 to remote] DEBUG org.apache.http.wire - http-outgoing-2 << "{"sessionId":"c2c9e5df695e5c1a4290eacba5ee9727","status":64,"value":{"message":"element click intercepted: Element \u003Ciframe src=\"/webapps/v2/GC/GC14/index.html?bole-v=1.1.0&amp;formKey=GC14&amp;formName=%E6%88%91%E7%9A%84%E5%90%88%E5%90%8C&amp;lang=zh&amp;windowId=WID4161580338219792\" frameborder=\"0\" id=\"GC14\" class=\"active_page\" cd_frame_id_=\"19dabcab94b7a027b5bfe7be40eba80a\">\u003C/iframe> is not clickable at point (448, 204). Other element would receive the click: \u003Ciframe src=\"/webapps/v2/GC/GC12/index.html?modalWidth=90%25&amp;modalHeight=90%25&amp;modalType=Window&amp;bole-v=1.1.0&amp;contractId=1019914789096263680&amp;windowId=WID902201967900834&amp;formKey=GC12&amp;formName=%E5%88%9B%E5%BB%BA%E5%90%88%E5%90%8C&amp;lang=zh&amp;dark=1\" frameborder=\"0\" id=\"WID902201967900834\" cd_frame_id_=\"882541989fb096ccd4a4dd49185a9b23\">\u003C/iframe>\n  (Session info: chrome=98.0.4758.82)\n  (Driver info: chromedriver=98.0.4758.80 (7f0488e8ba0d8e019187c6325a16c29d9b7f4989-refs/branch-heads/4758@{#972}),platform=Windows NT 10.0.19043 x86_64)"}}"
10:17:50.735 [Forwarding clickElement on session c2c9e5df695e5c1a4290eacba5ee9727 to remote] DEBUG org.apache.http.headers - http-outgoing-2 << HTTP/1.1 200 OK
10:17:50.735 [Forwarding clickElement on session c2c9e5df695e5c1a4290eacba5ee9727 to remote] DEBUG org.apache.http.headers - http-outgoing-2 << Content-Length:1077
10:17:50.735 [Forwarding clickElement on session c2c9e5df695e5c1a4290eacba5ee9727 to remote] DEBUG org.apache.http.headers - http-outgoing-2 << Content-Type:application/json; charset=utf-8
10:17:50.735 [Forwarding clickElement on session c2c9e5df695e5c1a4290eacba5ee9727 to remote] DEBUG org.apache.http.impl.execchain.MainClientExec - Connection can be kept alive indefinitely
10:17:50.735 [Forwarding clickElement on session c2c9e5df695e5c1a4290eacba5ee9727 to remote] DEBUG org.apache.http.impl.conn.PoolingHttpClientConnectionManager - Connection [id: 2][route: {}->http://localhost:36428] can be kept alive indefinitely
10:17:50.735 [Forwarding clickElement on session c2c9e5df695e5c1a4290eacba5ee9727 to remote] DEBUG org.apache.http.impl.conn.PoolingHttpClientConnectionManager - Connection released: [id: 2][route: {}->http://localhost:36428][total kept alive: 1; route allocated: 1 of 2000; total allocated: 1 of 2000]
]]></system-out>
    <system-err><![CDATA[Starting ChromeDriver 98.0.4758.80 (7f0488e8ba0d8e019187c6325a16c29d9b7f4989-refs/branch-heads/4758@{#972}) on port 36428
Only local connections are allowed.
Please see https://chromedriver.chromium.org/security-considerations for suggestions on keeping ChromeDriver safe.
ChromeDriver was started successfully.
]]></system-err>
  </testcase>
  <testcase name="合同审核通过" classname="com.beilie.test.bole.cases.审核专员.GC37待审核的合同" time="22.678">
    <failure message="no such element: Unable to locate element: {&quot;method&quot;:&quot;xpath&quot;,&quot;selector&quot;:&quot;//span[text()=&quot;审核通过&quot;]&quot;}&#10;  (Session info: chrome=98.0.4758.82)&#10;  (Driver info: chromedriver=98.0.4758.80 (7f0488e8ba0d8e019187c6325a16c29d9b7f4989-refs/branch-heads/4758@{#972}),platform=Windows NT 10.0.19043 x86_64) (WARNING: The server did not provide any stacktrace information)&#10;Command duration or timeout: 26 milliseconds&#10;For documentation on this error, please visit: http://seleniumhq.org/exceptions/no_such_element.html&#10;Build info: version: &apos;2.53.1&apos;, revision: &apos;a36b8b1cd5757287168e54b817830adce9b0158d&apos;, time: &apos;2016-06-30 19:26:09&apos;&#10;System info: host: &apos;DESKTOP-FJ710P4&apos;, ip: &apos;192.168.5.36&apos;, os.name: &apos;Windows 10&apos;, os.arch: &apos;amd64&apos;, os.version: &apos;10.0&apos;, java.version: &apos;1.8.0_162&apos;&#10;Driver info: org.openqa.selenium.chrome.ChromeDriver&#10;Capabilities [{mobileEmulationEnabled=false, timeouts={implicit=0, pageLoad=300000, script=30000}, hasTouchScreen=false, platform=XP, acceptSslCerts=false, goog:chromeOptions={debuggerAddress=localhost:60299}, webauthn:extension:credBlob=true, acceptInsecureCerts=false, webStorageEnabled=true, browserName=chrome, takesScreenshot=true, javascriptEnabled=true, setWindowRect=true, webauthn:extension:largeBlob=true, unexpectedAlertBehaviour=ignore, rotatable=false, networkConnectionEnabled=false, chrome={chromedriverVersion=98.0.4758.80 (7f0488e8ba0d8e019187c6325a16c29d9b7f4989-refs/branch-heads/4758@{#972}), userDataDir=C:\Users\86182\AppData\Local\Temp\scoped_dir15116_636222967}, takesHeapSnapshot=true, pageLoadStrategy=normal, strictFileInteractability=false, databaseEnabled=false, handlesAlerts=true, version=98.0.4758.82, browserConnectionEnabled=false, proxy={}, nativeEvents=true, locationContextEnabled=true, cssSelectorsEnabled=true, webauthn:virtualAuthenticators=true}]&#10;Session ID: 7779b2387c255d5a18c0813e4e2daf98&#10;*** Element info: {Using=xpath, value=//span[text()=&quot;审核通过&quot;]}" type="org.openqa.selenium.NoSuchElementException">org.openqa.selenium.NoSuchElementException: no such element: Unable to locate element: {"method":"xpath","selector":"//span[text()="审核通过"]"}
  (Session info: chrome=98.0.4758.82)
  (Driver info: chromedriver=98.0.4758.80 (7f0488e8ba0d8e019187c6325a16c29d9b7f4989-refs/branch-heads/4758@{#972}),platform=Windows NT 10.0.19043 x86_64) (WARNING: The server did not provide any stacktrace information)
Command duration or timeout: 26 milliseconds
For documentation on this error, please visit: http://seleniumhq.org/exceptions/no_such_element.html
Build info: version: '2.53.1', revision: 'a36b8b1cd5757287168e54b817830adce9b0158d', time: '2016-06-30 19:26:09'
System info: host: 'DESKTOP-FJ710P4', ip: '192.168.5.36', os.name: 'Windows 10', os.arch: 'amd64', os.version: '10.0', java.version: '1.8.0_162'
Driver info: org.openqa.selenium.chrome.ChromeDriver
Capabilities [{mobileEmulationEnabled=false, timeouts={implicit=0, pageLoad=300000, script=30000}, hasTouchScreen=false, platform=XP, acceptSslCerts=false, goog:chromeOptions={debuggerAddress=localhost:60299}, webauthn:extension:credBlob=true, acceptInsecureCerts=false, webStorageEnabled=true, browserName=chrome, takesScreenshot=true, javascriptEnabled=true, setWindowRect=true, webauthn:extension:largeBlob=true, unexpectedAlertBehaviour=ignore, rotatable=false, networkConnectionEnabled=false, chrome={chromedriverVersion=98.0.4758.80 (7f0488e8ba0d8e019187c6325a16c29d9b7f4989-refs/branch-heads/4758@{#972}), userDataDir=C:\Users\86182\AppData\Local\Temp\scoped_dir15116_636222967}, takesHeapSnapshot=true, pageLoadStrategy=normal, strictFileInteractability=false, databaseEnabled=false, handlesAlerts=true, version=98.0.4758.82, browserConnectionEnabled=false, proxy={}, nativeEvents=true, locationContextEnabled=true, cssSelectorsEnabled=true, webauthn:virtualAuthenticators=true}]
Session ID: 7779b2387c255d5a18c0813e4e2daf98
*** Element info: {Using=xpath, value=//span[text()="审核通过"]}
	at sun.reflect.NativeConstructorAccessorImpl.newInstance0(Native Method)
	at sun.reflect.NativeConstructorAccessorImpl.newInstance(NativeConstructorAccessorImpl.java:62)
	at sun.reflect.DelegatingConstructorAccessorImpl.newInstance(DelegatingConstructorAccessorImpl.java:45)
	at java.lang.reflect.Constructor.newInstance(Constructor.java:423)
	at org.openqa.selenium.remote.ErrorHandler.createThrowable(ErrorHandler.java:206)
	at org.openqa.selenium.remote.ErrorHandler.throwIfResponseFailed(ErrorHandler.java:158)
	at org.openqa.selenium.remote.RemoteWebDriver.execute(RemoteWebDriver.java:678)
	at org.openqa.selenium.remote.RemoteWebDriver.findElement(RemoteWebDriver.java:363)
	at org.openqa.selenium.remote.RemoteWebDriver.findElementByXPath(RemoteWebDriver.java:500)
	at org.openqa.selenium.By$ByXPath.findElement(By.java:361)
	at org.openqa.selenium.remote.RemoteWebDriver.findElement(RemoteWebDriver.java:355)
	at com.beilie.test.seleniums.core.sealed.WebAbstractVendor.findByXPath(WebAbstractVendor.java:91)
	at com.beilie.test.seleniums.core.SearchTemplate.findByXPath(SearchTemplate.java:38)
	at com.beilie.test.open.PublicClass.Public.spanClick(Public.java:533)
	at com.beilie.test.bole.pages.GC.GC23Page.clickPass(GC23Page.java:16)
	at com.beilie.test.bole.cases.审核专员.GC37待审核的合同.合同审核通过(GC37待审核的合同.java:29)
</failure>
    <system-out><![CDATA[10:17:50.737 [Forwarding quit on session c2c9e5df695e5c1a4290eacba5ee9727 to remote] DEBUG org.apache.http.client.protocol.RequestAddCookies - CookieSpec selected: default
10:17:50.737 [Forwarding quit on session c2c9e5df695e5c1a4290eacba5ee9727 to remote] DEBUG org.apache.http.client.protocol.RequestAuthCache - Auth cache not set in the context
10:17:50.737 [Forwarding quit on session c2c9e5df695e5c1a4290eacba5ee9727 to remote] DEBUG org.apache.http.impl.conn.PoolingHttpClientConnectionManager - Connection request: [route: {}->http://localhost:36428][total kept alive: 1; route allocated: 1 of 2000; total allocated: 1 of 2000]
10:17:50.737 [Forwarding quit on session c2c9e5df695e5c1a4290eacba5ee9727 to remote] DEBUG org.apache.http.impl.conn.PoolingHttpClientConnectionManager - Connection leased: [id: 2][route: {}->http://localhost:36428][total kept alive: 0; route allocated: 1 of 2000; total allocated: 1 of 2000]
10:17:50.737 [Forwarding quit on session c2c9e5df695e5c1a4290eacba5ee9727 to remote] DEBUG org.apache.http.impl.execchain.MainClientExec - Stale connection check
10:17:50.748 [Forwarding quit on session c2c9e5df695e5c1a4290eacba5ee9727 to remote] DEBUG org.apache.http.wire - http-outgoing-2 << "[read] I/O error: Read timed out"
10:17:50.748 [Forwarding quit on session c2c9e5df695e5c1a4290eacba5ee9727 to remote] DEBUG org.apache.http.impl.conn.DefaultManagedHttpClientConnection - http-outgoing-2: set socket timeout to 10800000
10:17:50.748 [Forwarding quit on session c2c9e5df695e5c1a4290eacba5ee9727 to remote] DEBUG org.apache.http.impl.execchain.MainClientExec - Executing request DELETE /session/c2c9e5df695e5c1a4290eacba5ee9727 HTTP/1.1
10:17:50.748 [Forwarding quit on session c2c9e5df695e5c1a4290eacba5ee9727 to remote] DEBUG org.apache.http.impl.execchain.MainClientExec - Target auth state: UNCHALLENGED
10:17:50.748 [Forwarding quit on session c2c9e5df695e5c1a4290eacba5ee9727 to remote] DEBUG org.apache.http.impl.execchain.MainClientExec - Proxy auth state: UNCHALLENGED
10:17:50.748 [Forwarding quit on session c2c9e5df695e5c1a4290eacba5ee9727 to remote] DEBUG org.apache.http.headers - http-outgoing-2 >> DELETE /session/c2c9e5df695e5c1a4290eacba5ee9727 HTTP/1.1
10:17:50.748 [Forwarding quit on session c2c9e5df695e5c1a4290eacba5ee9727 to remote] DEBUG org.apache.http.headers - http-outgoing-2 >> Host: localhost:36428
10:17:50.748 [Forwarding quit on session c2c9e5df695e5c1a4290eacba5ee9727 to remote] DEBUG org.apache.http.headers - http-outgoing-2 >> Connection: Keep-Alive
10:17:50.748 [Forwarding quit on session c2c9e5df695e5c1a4290eacba5ee9727 to remote] DEBUG org.apache.http.headers - http-outgoing-2 >> User-Agent: Apache-HttpClient/4.5.2 (Java/1.8.0_162)
10:17:50.748 [Forwarding quit on session c2c9e5df695e5c1a4290eacba5ee9727 to remote] DEBUG org.apache.http.headers - http-outgoing-2 >> Accept-Encoding: gzip,deflate
10:17:50.748 [Forwarding quit on session c2c9e5df695e5c1a4290eacba5ee9727 to remote] DEBUG org.apache.http.wire - http-outgoing-2 >> "DELETE /session/c2c9e5df695e5c1a4290eacba5ee9727 HTTP/1.1[\r][\n]"
10:17:50.748 [Forwarding quit on session c2c9e5df695e5c1a4290eacba5ee9727 to remote] DEBUG org.apache.http.wire - http-outgoing-2 >> "Host: localhost:36428[\r][\n]"
10:17:50.748 [Forwarding quit on session c2c9e5df695e5c1a4290eacba5ee9727 to remote] DEBUG org.apache.http.wire - http-outgoing-2 >> "Connection: Keep-Alive[\r][\n]"
10:17:50.748 [Forwarding quit on session c2c9e5df695e5c1a4290eacba5ee9727 to remote] DEBUG org.apache.http.wire - http-outgoing-2 >> "User-Agent: Apache-HttpClient/4.5.2 (Java/1.8.0_162)[\r][\n]"
10:17:50.748 [Forwarding quit on session c2c9e5df695e5c1a4290eacba5ee9727 to remote] DEBUG org.apache.http.wire - http-outgoing-2 >> "Accept-Encoding: gzip,deflate[\r][\n]"
10:17:50.748 [Forwarding quit on session c2c9e5df695e5c1a4290eacba5ee9727 to remote] DEBUG org.apache.http.wire - http-outgoing-2 >> "[\r][\n]"
10:17:50.842 [Forwarding quit on session c2c9e5df695e5c1a4290eacba5ee9727 to remote] DEBUG org.apache.http.wire - http-outgoing-2 << "HTTP/1.1 200 OK[\r][\n]"
10:17:50.842 [Forwarding quit on session c2c9e5df695e5c1a4290eacba5ee9727 to remote] DEBUG org.apache.http.wire - http-outgoing-2 << "Content-Length:72[\r][\n]"
10:17:50.842 [Forwarding quit on session c2c9e5df695e5c1a4290eacba5ee9727 to remote] DEBUG org.apache.http.wire - http-outgoing-2 << "Content-Type:application/json; charset=utf-8[\r][\n]"
10:17:50.842 [Forwarding quit on session c2c9e5df695e5c1a4290eacba5ee9727 to remote] DEBUG org.apache.http.wire - http-outgoing-2 << "[\r][\n]"
10:17:50.842 [Forwarding quit on session c2c9e5df695e5c1a4290eacba5ee9727 to remote] DEBUG org.apache.http.wire - http-outgoing-2 << "{"sessionId":"c2c9e5df695e5c1a4290eacba5ee9727","status":0,"value":null}"
10:17:50.842 [Forwarding quit on session c2c9e5df695e5c1a4290eacba5ee9727 to remote] DEBUG org.apache.http.headers - http-outgoing-2 << HTTP/1.1 200 OK
10:17:50.842 [Forwarding quit on session c2c9e5df695e5c1a4290eacba5ee9727 to remote] DEBUG org.apache.http.headers - http-outgoing-2 << Content-Length:72
10:17:50.842 [Forwarding quit on session c2c9e5df695e5c1a4290eacba5ee9727 to remote] DEBUG org.apache.http.headers - http-outgoing-2 << Content-Type:application/json; charset=utf-8
10:17:50.842 [Forwarding quit on session c2c9e5df695e5c1a4290eacba5ee9727 to remote] DEBUG org.apache.http.impl.execchain.MainClientExec - Connection can be kept alive indefinitely
10:17:50.843 [Forwarding quit on session c2c9e5df695e5c1a4290eacba5ee9727 to remote] DEBUG org.apache.http.impl.conn.PoolingHttpClientConnectionManager - Connection [id: 2][route: {}->http://localhost:36428] can be kept alive indefinitely
10:17:50.843 [Forwarding quit on session c2c9e5df695e5c1a4290eacba5ee9727 to remote] DEBUG org.apache.http.impl.conn.PoolingHttpClientConnectionManager - Connection released: [id: 2][route: {}->http://localhost:36428][total kept alive: 1; route allocated: 1 of 2000; total allocated: 1 of 2000]
10:17:50.843 [Forwarding quit on session c2c9e5df695e5c1a4290eacba5ee9727 to remote] DEBUG org.apache.http.impl.conn.PoolingHttpClientConnectionManager - Closing connections idle longer than 0 SECONDS
10:17:50.843 [Forwarding quit on session c2c9e5df695e5c1a4290eacba5ee9727 to remote] DEBUG org.apache.http.impl.conn.DefaultManagedHttpClientConnection - http-outgoing-2: Close connection
10:17:52.425 [Forwarding newSession on session null to remote] DEBUG org.apache.http.client.protocol.RequestAddCookies - CookieSpec selected: default
10:17:52.425 [Forwarding newSession on session null to remote] DEBUG org.apache.http.client.protocol.RequestAuthCache - Auth cache not set in the context
10:17:52.425 [Forwarding newSession on session null to remote] DEBUG org.apache.http.impl.conn.PoolingHttpClientConnectionManager - Connection request: [route: {}->http://localhost:14252][total kept alive: 0; route allocated: 0 of 2000; total allocated: 0 of 2000]
10:17:52.425 [Forwarding newSession on session null to remote] DEBUG org.apache.http.impl.conn.PoolingHttpClientConnectionManager - Connection leased: [id: 3][route: {}->http://localhost:14252][total kept alive: 0; route allocated: 1 of 2000; total allocated: 1 of 2000]
10:17:52.425 [Forwarding newSession on session null to remote] DEBUG org.apache.http.impl.execchain.MainClientExec - Opening connection {}->http://localhost:14252
10:17:52.425 [Forwarding newSession on session null to remote] DEBUG org.apache.http.impl.conn.DefaultHttpClientConnectionOperator - Connecting to localhost/127.0.0.1:14252
10:17:52.425 [Forwarding newSession on session null to remote] DEBUG org.apache.http.impl.conn.DefaultHttpClientConnectionOperator - Connection established 127.0.0.1:60297<->127.0.0.1:14252
10:17:52.425 [Forwarding newSession on session null to remote] DEBUG org.apache.http.impl.conn.DefaultManagedHttpClientConnection - http-outgoing-3: set socket timeout to 10800000
10:17:52.425 [Forwarding newSession on session null to remote] DEBUG org.apache.http.impl.execchain.MainClientExec - Executing request POST /session HTTP/1.1
10:17:52.425 [Forwarding newSession on session null to remote] DEBUG org.apache.http.impl.execchain.MainClientExec - Target auth state: UNCHALLENGED
10:17:52.425 [Forwarding newSession on session null to remote] DEBUG org.apache.http.impl.execchain.MainClientExec - Proxy auth state: UNCHALLENGED
10:17:52.425 [Forwarding newSession on session null to remote] DEBUG org.apache.http.headers - http-outgoing-3 >> POST /session HTTP/1.1
10:17:52.425 [Forwarding newSession on session null to remote] DEBUG org.apache.http.headers - http-outgoing-3 >> Content-Type: application/json; charset=utf-8
10:17:52.425 [Forwarding newSession on session null to remote] DEBUG org.apache.http.headers - http-outgoing-3 >> Content-Length: 141
10:17:52.425 [Forwarding newSession on session null to remote] DEBUG org.apache.http.headers - http-outgoing-3 >> Host: localhost:14252
10:17:52.425 [Forwarding newSession on session null to remote] DEBUG org.apache.http.headers - http-outgoing-3 >> Connection: Keep-Alive
10:17:52.425 [Forwarding newSession on session null to remote] DEBUG org.apache.http.headers - http-outgoing-3 >> User-Agent: Apache-HttpClient/4.5.2 (Java/1.8.0_162)
10:17:52.425 [Forwarding newSession on session null to remote] DEBUG org.apache.http.headers - http-outgoing-3 >> Accept-Encoding: gzip,deflate
10:17:52.425 [Forwarding newSession on session null to remote] DEBUG org.apache.http.wire - http-outgoing-3 >> "POST /session HTTP/1.1[\r][\n]"
10:17:52.425 [Forwarding newSession on session null to remote] DEBUG org.apache.http.wire - http-outgoing-3 >> "Content-Type: application/json; charset=utf-8[\r][\n]"
10:17:52.425 [Forwarding newSession on session null to remote] DEBUG org.apache.http.wire - http-outgoing-3 >> "Content-Length: 141[\r][\n]"
10:17:52.425 [Forwarding newSession on session null to remote] DEBUG org.apache.http.wire - http-outgoing-3 >> "Host: localhost:14252[\r][\n]"
10:17:52.425 [Forwarding newSession on session null to remote] DEBUG org.apache.http.wire - http-outgoing-3 >> "Connection: Keep-Alive[\r][\n]"
10:17:52.425 [Forwarding newSession on session null to remote] DEBUG org.apache.http.wire - http-outgoing-3 >> "User-Agent: Apache-HttpClient/4.5.2 (Java/1.8.0_162)[\r][\n]"
10:17:52.425 [Forwarding newSession on session null to remote] DEBUG org.apache.http.wire - http-outgoing-3 >> "Accept-Encoding: gzip,deflate[\r][\n]"
10:17:52.425 [Forwarding newSession on session null to remote] DEBUG org.apache.http.wire - http-outgoing-3 >> "[\r][\n]"
10:17:52.425 [Forwarding newSession on session null to remote] DEBUG org.apache.http.wire - http-outgoing-3 >> "{"desiredCapabilities":{"browserName":"chrome","chromeOptions":{"args":["--start-maximized"],"extensions":[]},"version":"","platform":"ANY"}}"
10:17:54.108 [Forwarding newSession on session null to remote] DEBUG org.apache.http.wire - http-outgoing-3 << "HTTP/1.1 200 OK[\r][\n]"
10:17:54.108 [Forwarding newSession on session null to remote] DEBUG org.apache.http.wire - http-outgoing-3 << "Content-Length:1107[\r][\n]"
10:17:54.108 [Forwarding newSession on session null to remote] DEBUG org.apache.http.wire - http-outgoing-3 << "Content-Type:application/json; charset=utf-8[\r][\n]"
10:17:54.108 [Forwarding newSession on session null to remote] DEBUG org.apache.http.wire - http-outgoing-3 << "[\r][\n]"
10:17:54.108 [Forwarding newSession on session null to remote] DEBUG org.apache.http.wire - http-outgoing-3 << "{"sessionId":"7779b2387c255d5a18c0813e4e2daf98","status":0,"value":{"acceptInsecureCerts":false,"acceptSslCerts":false,"browserConnectionEnabled":false,"browserName":"chrome","chrome":{"chromedriverVersion":"98.0.4758.80 (7f0488e8ba0d8e019187c6325a16c29d9b7f4989-refs/branch-heads/4758@{#972})","userDataDir":"C:\\Users\\86182\\AppData\\Local\\Temp\\scoped_dir15116_636222967"},"cssSelectorsEnabled":true,"databaseEnabled":false,"goog:chromeOptions":{"debuggerAddress":"localhost:60299"},"handlesAlerts":true,"hasTouchScreen":false,"javascriptEnabled":true,"locationContextEnabled":true,"mobileEmulationEnabled":false,"nativeEvents":true,"networkConnectionEnabled":false,"pageLoadStrategy":"normal","platform":"Windows","proxy":{},"rotatable":false,"setWindowRect":true,"strictFileInteractability":false,"takesHeapSnapshot":true,"takesScreenshot":true,"timeouts":{"implicit":0,"pageLoad":300000,"script":30000},"unexpectedAlertBehaviour":"ignore","version":"98.0.4758.82","webStorageEnabled":true,"webauthn:extension:credBlob":true,"webauthn:extension:largeBlob":true,"webauthn:virtualAuthenticators":true}}"
10:17:54.108 [Forwarding newSession on session null to remote] DEBUG org.apache.http.headers - http-outgoing-3 << HTTP/1.1 200 OK
10:17:54.108 [Forwarding newSession on session null to remote] DEBUG org.apache.http.headers - http-outgoing-3 << Content-Length:1107
10:17:54.108 [Forwarding newSession on session null to remote] DEBUG org.apache.http.headers - http-outgoing-3 << Content-Type:application/json; charset=utf-8
10:17:54.108 [Forwarding newSession on session null to remote] DEBUG org.apache.http.impl.execchain.MainClientExec - Connection can be kept alive indefinitely
10:17:54.108 [Forwarding newSession on session null to remote] DEBUG org.apache.http.impl.conn.PoolingHttpClientConnectionManager - Connection [id: 3][route: {}->http://localhost:14252] can be kept alive indefinitely
10:17:54.108 [Forwarding newSession on session null to remote] DEBUG org.apache.http.impl.conn.PoolingHttpClientConnectionManager - Connection released: [id: 3][route: {}->http://localhost:14252][total kept alive: 1; route allocated: 1 of 2000; total allocated: 1 of 2000]
10:17:54.110 [Forwarding get on session 7779b2387c255d5a18c0813e4e2daf98 to remote] DEBUG org.apache.http.client.protocol.RequestAddCookies - CookieSpec selected: default
10:17:54.110 [Forwarding get on session 7779b2387c255d5a18c0813e4e2daf98 to remote] DEBUG org.apache.http.client.protocol.RequestAuthCache - Auth cache not set in the context
10:17:54.110 [Forwarding get on session 7779b2387c255d5a18c0813e4e2daf98 to remote] DEBUG org.apache.http.impl.conn.PoolingHttpClientConnectionManager - Connection request: [route: {}->http://localhost:14252][total kept alive: 1; route allocated: 1 of 2000; total allocated: 1 of 2000]
10:17:54.110 [Forwarding get on session 7779b2387c255d5a18c0813e4e2daf98 to remote] DEBUG org.apache.http.impl.conn.PoolingHttpClientConnectionManager - Connection leased: [id: 3][route: {}->http://localhost:14252][total kept alive: 0; route allocated: 1 of 2000; total allocated: 1 of 2000]
10:17:54.110 [Forwarding get on session 7779b2387c255d5a18c0813e4e2daf98 to remote] DEBUG org.apache.http.impl.execchain.MainClientExec - Stale connection check
10:17:54.123 [Forwarding get on session 7779b2387c255d5a18c0813e4e2daf98 to remote] DEBUG org.apache.http.wire - http-outgoing-3 << "[read] I/O error: Read timed out"
10:17:54.123 [Forwarding get on session 7779b2387c255d5a18c0813e4e2daf98 to remote] DEBUG org.apache.http.impl.conn.DefaultManagedHttpClientConnection - http-outgoing-3: set socket timeout to 10800000
10:17:54.123 [Forwarding get on session 7779b2387c255d5a18c0813e4e2daf98 to remote] DEBUG org.apache.http.impl.execchain.MainClientExec - Executing request POST /session/7779b2387c255d5a18c0813e4e2daf98/url HTTP/1.1
10:17:54.123 [Forwarding get on session 7779b2387c255d5a18c0813e4e2daf98 to remote] DEBUG org.apache.http.impl.execchain.MainClientExec - Target auth state: UNCHALLENGED
10:17:54.123 [Forwarding get on session 7779b2387c255d5a18c0813e4e2daf98 to remote] DEBUG org.apache.http.impl.execchain.MainClientExec - Proxy auth state: UNCHALLENGED
10:17:54.123 [Forwarding get on session 7779b2387c255d5a18c0813e4e2daf98 to remote] DEBUG org.apache.http.headers - http-outgoing-3 >> POST /session/7779b2387c255d5a18c0813e4e2daf98/url HTTP/1.1
10:17:54.123 [Forwarding get on session 7779b2387c255d5a18c0813e4e2daf98 to remote] DEBUG org.apache.http.headers - http-outgoing-3 >> Content-Type: application/json; charset=utf-8
10:17:54.123 [Forwarding get on session 7779b2387c255d5a18c0813e4e2daf98 to remote] DEBUG org.apache.http.headers - http-outgoing-3 >> Content-Length: 37
10:17:54.123 [Forwarding get on session 7779b2387c255d5a18c0813e4e2daf98 to remote] DEBUG org.apache.http.headers - http-outgoing-3 >> Host: localhost:14252
10:17:54.123 [Forwarding get on session 7779b2387c255d5a18c0813e4e2daf98 to remote] DEBUG org.apache.http.headers - http-outgoing-3 >> Connection: Keep-Alive
10:17:54.123 [Forwarding get on session 7779b2387c255d5a18c0813e4e2daf98 to remote] DEBUG org.apache.http.headers - http-outgoing-3 >> User-Agent: Apache-HttpClient/4.5.2 (Java/1.8.0_162)
10:17:54.123 [Forwarding get on session 7779b2387c255d5a18c0813e4e2daf98 to remote] DEBUG org.apache.http.headers - http-outgoing-3 >> Accept-Encoding: gzip,deflate
10:17:54.123 [Forwarding get on session 7779b2387c255d5a18c0813e4e2daf98 to remote] DEBUG org.apache.http.wire - http-outgoing-3 >> "POST /session/7779b2387c255d5a18c0813e4e2daf98/url HTTP/1.1[\r][\n]"
10:17:54.123 [Forwarding get on session 7779b2387c255d5a18c0813e4e2daf98 to remote] DEBUG org.apache.http.wire - http-outgoing-3 >> "Content-Type: application/json; charset=utf-8[\r][\n]"
10:17:54.123 [Forwarding get on session 7779b2387c255d5a18c0813e4e2daf98 to remote] DEBUG org.apache.http.wire - http-outgoing-3 >> "Content-Length: 37[\r][\n]"
10:17:54.123 [Forwarding get on session 7779b2387c255d5a18c0813e4e2daf98 to remote] DEBUG org.apache.http.wire - http-outgoing-3 >> "Host: localhost:14252[\r][\n]"
10:17:54.123 [Forwarding get on session 7779b2387c255d5a18c0813e4e2daf98 to remote] DEBUG org.apache.http.wire - http-outgoing-3 >> "Connection: Keep-Alive[\r][\n]"
10:17:54.123 [Forwarding get on session 7779b2387c255d5a18c0813e4e2daf98 to remote] DEBUG org.apache.http.wire - http-outgoing-3 >> "User-Agent: Apache-HttpClient/4.5.2 (Java/1.8.0_162)[\r][\n]"
10:17:54.123 [Forwarding get on session 7779b2387c255d5a18c0813e4e2daf98 to remote] DEBUG org.apache.http.wire - http-outgoing-3 >> "Accept-Encoding: gzip,deflate[\r][\n]"
10:17:54.123 [Forwarding get on session 7779b2387c255d5a18c0813e4e2daf98 to remote] DEBUG org.apache.http.wire - http-outgoing-3 >> "[\r][\n]"
10:17:54.123 [Forwarding get on session 7779b2387c255d5a18c0813e4e2daf98 to remote] DEBUG org.apache.http.wire - http-outgoing-3 >> "{"url":"http://192.168.5.215/#/home"}"
10:17:59.835 [Forwarding get on session 7779b2387c255d5a18c0813e4e2daf98 to remote] DEBUG org.apache.http.wire - http-outgoing-3 << "HTTP/1.1 200 OK[\r][\n]"
10:17:59.835 [Forwarding get on session 7779b2387c255d5a18c0813e4e2daf98 to remote] DEBUG org.apache.http.wire - http-outgoing-3 << "Content-Length:72[\r][\n]"
10:17:59.835 [Forwarding get on session 7779b2387c255d5a18c0813e4e2daf98 to remote] DEBUG org.apache.http.wire - http-outgoing-3 << "Content-Type:application/json; charset=utf-8[\r][\n]"
10:17:59.835 [Forwarding get on session 7779b2387c255d5a18c0813e4e2daf98 to remote] DEBUG org.apache.http.wire - http-outgoing-3 << "[\r][\n]"
10:17:59.835 [Forwarding get on session 7779b2387c255d5a18c0813e4e2daf98 to remote] DEBUG org.apache.http.wire - http-outgoing-3 << "{"sessionId":"7779b2387c255d5a18c0813e4e2daf98","status":0,"value":null}"
10:17:59.835 [Forwarding get on session 7779b2387c255d5a18c0813e4e2daf98 to remote] DEBUG org.apache.http.headers - http-outgoing-3 << HTTP/1.1 200 OK
10:17:59.835 [Forwarding get on session 7779b2387c255d5a18c0813e4e2daf98 to remote] DEBUG org.apache.http.headers - http-outgoing-3 << Content-Length:72
10:17:59.835 [Forwarding get on session 7779b2387c255d5a18c0813e4e2daf98 to remote] DEBUG org.apache.http.headers - http-outgoing-3 << Content-Type:application/json; charset=utf-8
10:17:59.835 [Forwarding get on session 7779b2387c255d5a18c0813e4e2daf98 to remote] DEBUG org.apache.http.impl.execchain.MainClientExec - Connection can be kept alive indefinitely
10:17:59.835 [Forwarding get on session 7779b2387c255d5a18c0813e4e2daf98 to remote] DEBUG org.apache.http.impl.conn.PoolingHttpClientConnectionManager - Connection [id: 3][route: {}->http://localhost:14252] can be kept alive indefinitely
10:17:59.836 [Forwarding get on session 7779b2387c255d5a18c0813e4e2daf98 to remote] DEBUG org.apache.http.impl.conn.PoolingHttpClientConnectionManager - Connection released: [id: 3][route: {}->http://localhost:14252][total kept alive: 1; route allocated: 1 of 2000; total allocated: 1 of 2000]
10:17:59.837 [Forwarding findElement on session 7779b2387c255d5a18c0813e4e2daf98 to remote] DEBUG org.apache.http.client.protocol.RequestAddCookies - CookieSpec selected: default
10:17:59.837 [Forwarding findElement on session 7779b2387c255d5a18c0813e4e2daf98 to remote] DEBUG org.apache.http.client.protocol.RequestAuthCache - Auth cache not set in the context
10:17:59.837 [Forwarding findElement on session 7779b2387c255d5a18c0813e4e2daf98 to remote] DEBUG org.apache.http.impl.conn.PoolingHttpClientConnectionManager - Connection request: [route: {}->http://localhost:14252][total kept alive: 1; route allocated: 1 of 2000; total allocated: 1 of 2000]
10:17:59.837 [Forwarding findElement on session 7779b2387c255d5a18c0813e4e2daf98 to remote] DEBUG org.apache.http.impl.conn.PoolingHttpClientConnectionManager - Connection leased: [id: 3][route: {}->http://localhost:14252][total kept alive: 0; route allocated: 1 of 2000; total allocated: 1 of 2000]
10:17:59.837 [Forwarding findElement on session 7779b2387c255d5a18c0813e4e2daf98 to remote] DEBUG org.apache.http.impl.execchain.MainClientExec - Stale connection check
10:17:59.845 [Forwarding findElement on session 7779b2387c255d5a18c0813e4e2daf98 to remote] DEBUG org.apache.http.wire - http-outgoing-3 << "[read] I/O error: Read timed out"
10:17:59.845 [Forwarding findElement on session 7779b2387c255d5a18c0813e4e2daf98 to remote] DEBUG org.apache.http.impl.conn.DefaultManagedHttpClientConnection - http-outgoing-3: set socket timeout to 10800000
10:17:59.845 [Forwarding findElement on session 7779b2387c255d5a18c0813e4e2daf98 to remote] DEBUG org.apache.http.impl.execchain.MainClientExec - Executing request POST /session/7779b2387c255d5a18c0813e4e2daf98/element HTTP/1.1
10:17:59.845 [Forwarding findElement on session 7779b2387c255d5a18c0813e4e2daf98 to remote] DEBUG org.apache.http.impl.execchain.MainClientExec - Target auth state: UNCHALLENGED
10:17:59.845 [Forwarding findElement on session 7779b2387c255d5a18c0813e4e2daf98 to remote] DEBUG org.apache.http.impl.execchain.MainClientExec - Proxy auth state: UNCHALLENGED
10:17:59.845 [Forwarding findElement on session 7779b2387c255d5a18c0813e4e2daf98 to remote] DEBUG org.apache.http.headers - http-outgoing-3 >> POST /session/7779b2387c255d5a18c0813e4e2daf98/element HTTP/1.1
10:17:59.845 [Forwarding findElement on session 7779b2387c255d5a18c0813e4e2daf98 to remote] DEBUG org.apache.http.headers - http-outgoing-3 >> Content-Type: application/json; charset=utf-8
10:17:59.845 [Forwarding findElement on session 7779b2387c255d5a18c0813e4e2daf98 to remote] DEBUG org.apache.http.headers - http-outgoing-3 >> Content-Length: 37
10:17:59.845 [Forwarding findElement on session 7779b2387c255d5a18c0813e4e2daf98 to remote] DEBUG org.apache.http.headers - http-outgoing-3 >> Host: localhost:14252
10:17:59.845 [Forwarding findElement on session 7779b2387c255d5a18c0813e4e2daf98 to remote] DEBUG org.apache.http.headers - http-outgoing-3 >> Connection: Keep-Alive
10:17:59.845 [Forwarding findElement on session 7779b2387c255d5a18c0813e4e2daf98 to remote] DEBUG org.apache.http.headers - http-outgoing-3 >> User-Agent: Apache-HttpClient/4.5.2 (Java/1.8.0_162)
10:17:59.845 [Forwarding findElement on session 7779b2387c255d5a18c0813e4e2daf98 to remote] DEBUG org.apache.http.headers - http-outgoing-3 >> Accept-Encoding: gzip,deflate
10:17:59.845 [Forwarding findElement on session 7779b2387c255d5a18c0813e4e2daf98 to remote] DEBUG org.apache.http.wire - http-outgoing-3 >> "POST /session/7779b2387c255d5a18c0813e4e2daf98/element HTTP/1.1[\r][\n]"
10:17:59.845 [Forwarding findElement on session 7779b2387c255d5a18c0813e4e2daf98 to remote] DEBUG org.apache.http.wire - http-outgoing-3 >> "Content-Type: application/json; charset=utf-8[\r][\n]"
10:17:59.845 [Forwarding findElement on session 7779b2387c255d5a18c0813e4e2daf98 to remote] DEBUG org.apache.http.wire - http-outgoing-3 >> "Content-Length: 37[\r][\n]"
10:17:59.845 [Forwarding findElement on session 7779b2387c255d5a18c0813e4e2daf98 to remote] DEBUG org.apache.http.wire - http-outgoing-3 >> "Host: localhost:14252[\r][\n]"
10:17:59.845 [Forwarding findElement on session 7779b2387c255d5a18c0813e4e2daf98 to remote] DEBUG org.apache.http.wire - http-outgoing-3 >> "Connection: Keep-Alive[\r][\n]"
10:17:59.845 [Forwarding findElement on session 7779b2387c255d5a18c0813e4e2daf98 to remote] DEBUG org.apache.http.wire - http-outgoing-3 >> "User-Agent: Apache-HttpClient/4.5.2 (Java/1.8.0_162)[\r][\n]"
10:17:59.845 [Forwarding findElement on session 7779b2387c255d5a18c0813e4e2daf98 to remote] DEBUG org.apache.http.wire - http-outgoing-3 >> "Accept-Encoding: gzip,deflate[\r][\n]"
10:17:59.845 [Forwarding findElement on session 7779b2387c255d5a18c0813e4e2daf98 to remote] DEBUG org.apache.http.wire - http-outgoing-3 >> "[\r][\n]"
10:17:59.846 [Forwarding findElement on session 7779b2387c255d5a18c0813e4e2daf98 to remote] DEBUG org.apache.http.wire - http-outgoing-3 >> "{"using":"id","value":"accountLogin"}"
10:17:59.864 [Forwarding findElement on session 7779b2387c255d5a18c0813e4e2daf98 to remote] DEBUG org.apache.http.wire - http-outgoing-3 << "HTTP/1.1 200 OK[\r][\n]"
10:17:59.864 [Forwarding findElement on session 7779b2387c255d5a18c0813e4e2daf98 to remote] DEBUG org.apache.http.wire - http-outgoing-3 << "Content-Length:101[\r][\n]"
10:17:59.864 [Forwarding findElement on session 7779b2387c255d5a18c0813e4e2daf98 to remote] DEBUG org.apache.http.wire - http-outgoing-3 << "Content-Type:application/json; charset=utf-8[\r][\n]"
10:17:59.864 [Forwarding findElement on session 7779b2387c255d5a18c0813e4e2daf98 to remote] DEBUG org.apache.http.wire - http-outgoing-3 << "[\r][\n]"
10:17:59.864 [Forwarding findElement on session 7779b2387c255d5a18c0813e4e2daf98 to remote] DEBUG org.apache.http.wire - http-outgoing-3 << "{"sessionId":"7779b2387c255d5a18c0813e4e2daf98","status":0,"value":{"ELEMENT":"0.639106716886009-1"}}"
10:17:59.864 [Forwarding findElement on session 7779b2387c255d5a18c0813e4e2daf98 to remote] DEBUG org.apache.http.headers - http-outgoing-3 << HTTP/1.1 200 OK
10:17:59.864 [Forwarding findElement on session 7779b2387c255d5a18c0813e4e2daf98 to remote] DEBUG org.apache.http.headers - http-outgoing-3 << Content-Length:101
10:17:59.864 [Forwarding findElement on session 7779b2387c255d5a18c0813e4e2daf98 to remote] DEBUG org.apache.http.headers - http-outgoing-3 << Content-Type:application/json; charset=utf-8
10:17:59.864 [Forwarding findElement on session 7779b2387c255d5a18c0813e4e2daf98 to remote] DEBUG org.apache.http.impl.execchain.MainClientExec - Connection can be kept alive indefinitely
10:17:59.864 [Forwarding findElement on session 7779b2387c255d5a18c0813e4e2daf98 to remote] DEBUG org.apache.http.impl.conn.PoolingHttpClientConnectionManager - Connection [id: 3][route: {}->http://localhost:14252] can be kept alive indefinitely
10:17:59.864 [Forwarding findElement on session 7779b2387c255d5a18c0813e4e2daf98 to remote] DEBUG org.apache.http.impl.conn.PoolingHttpClientConnectionManager - Connection released: [id: 3][route: {}->http://localhost:14252][total kept alive: 1; route allocated: 1 of 2000; total allocated: 1 of 2000]
10:17:59.864 [Forwarding clickElement on session 7779b2387c255d5a18c0813e4e2daf98 to remote] DEBUG org.apache.http.client.protocol.RequestAddCookies - CookieSpec selected: default
10:17:59.864 [Forwarding clickElement on session 7779b2387c255d5a18c0813e4e2daf98 to remote] DEBUG org.apache.http.client.protocol.RequestAuthCache - Auth cache not set in the context
10:17:59.864 [Forwarding clickElement on session 7779b2387c255d5a18c0813e4e2daf98 to remote] DEBUG org.apache.http.impl.conn.PoolingHttpClientConnectionManager - Connection request: [route: {}->http://localhost:14252][total kept alive: 1; route allocated: 1 of 2000; total allocated: 1 of 2000]
10:17:59.864 [Forwarding clickElement on session 7779b2387c255d5a18c0813e4e2daf98 to remote] DEBUG org.apache.http.impl.conn.PoolingHttpClientConnectionManager - Connection leased: [id: 3][route: {}->http://localhost:14252][total kept alive: 0; route allocated: 1 of 2000; total allocated: 1 of 2000]
10:17:59.864 [Forwarding clickElement on session 7779b2387c255d5a18c0813e4e2daf98 to remote] DEBUG org.apache.http.impl.execchain.MainClientExec - Stale connection check
10:17:59.875 [Forwarding clickElement on session 7779b2387c255d5a18c0813e4e2daf98 to remote] DEBUG org.apache.http.wire - http-outgoing-3 << "[read] I/O error: Read timed out"
10:17:59.875 [Forwarding clickElement on session 7779b2387c255d5a18c0813e4e2daf98 to remote] DEBUG org.apache.http.impl.conn.DefaultManagedHttpClientConnection - http-outgoing-3: set socket timeout to 10800000
10:17:59.875 [Forwarding clickElement on session 7779b2387c255d5a18c0813e4e2daf98 to remote] DEBUG org.apache.http.impl.execchain.MainClientExec - Executing request POST /session/7779b2387c255d5a18c0813e4e2daf98/element/0.639106716886009-1/click HTTP/1.1
10:17:59.875 [Forwarding clickElement on session 7779b2387c255d5a18c0813e4e2daf98 to remote] DEBUG org.apache.http.impl.execchain.MainClientExec - Target auth state: UNCHALLENGED
10:17:59.875 [Forwarding clickElement on session 7779b2387c255d5a18c0813e4e2daf98 to remote] DEBUG org.apache.http.impl.execchain.MainClientExec - Proxy auth state: UNCHALLENGED
10:17:59.875 [Forwarding clickElement on session 7779b2387c255d5a18c0813e4e2daf98 to remote] DEBUG org.apache.http.headers - http-outgoing-3 >> POST /session/7779b2387c255d5a18c0813e4e2daf98/element/0.639106716886009-1/click HTTP/1.1
10:17:59.875 [Forwarding clickElement on session 7779b2387c255d5a18c0813e4e2daf98 to remote] DEBUG org.apache.http.headers - http-outgoing-3 >> Content-Type: application/json; charset=utf-8
10:17:59.875 [Forwarding clickElement on session 7779b2387c255d5a18c0813e4e2daf98 to remote] DEBUG org.apache.http.headers - http-outgoing-3 >> Content-Length: 28
10:17:59.875 [Forwarding clickElement on session 7779b2387c255d5a18c0813e4e2daf98 to remote] DEBUG org.apache.http.headers - http-outgoing-3 >> Host: localhost:14252
10:17:59.875 [Forwarding clickElement on session 7779b2387c255d5a18c0813e4e2daf98 to remote] DEBUG org.apache.http.headers - http-outgoing-3 >> Connection: Keep-Alive
10:17:59.875 [Forwarding clickElement on session 7779b2387c255d5a18c0813e4e2daf98 to remote] DEBUG org.apache.http.headers - http-outgoing-3 >> User-Agent: Apache-HttpClient/4.5.2 (Java/1.8.0_162)
10:17:59.875 [Forwarding clickElement on session 7779b2387c255d5a18c0813e4e2daf98 to remote] DEBUG org.apache.http.headers - http-outgoing-3 >> Accept-Encoding: gzip,deflate
10:17:59.875 [Forwarding clickElement on session 7779b2387c255d5a18c0813e4e2daf98 to remote] DEBUG org.apache.http.wire - http-outgoing-3 >> "POST /session/7779b2387c255d5a18c0813e4e2daf98/element/0.639106716886009-1/click HTTP/1.1[\r][\n]"
10:17:59.876 [Forwarding clickElement on session 7779b2387c255d5a18c0813e4e2daf98 to remote] DEBUG org.apache.http.wire - http-outgoing-3 >> "Content-Type: application/json; charset=utf-8[\r][\n]"
10:17:59.876 [Forwarding clickElement on session 7779b2387c255d5a18c0813e4e2daf98 to remote] DEBUG org.apache.http.wire - http-outgoing-3 >> "Content-Length: 28[\r][\n]"
10:17:59.876 [Forwarding clickElement on session 7779b2387c255d5a18c0813e4e2daf98 to remote] DEBUG org.apache.http.wire - http-outgoing-3 >> "Host: localhost:14252[\r][\n]"
10:17:59.876 [Forwarding clickElement on session 7779b2387c255d5a18c0813e4e2daf98 to remote] DEBUG org.apache.http.wire - http-outgoing-3 >> "Connection: Keep-Alive[\r][\n]"
10:17:59.876 [Forwarding clickElement on session 7779b2387c255d5a18c0813e4e2daf98 to remote] DEBUG org.apache.http.wire - http-outgoing-3 >> "User-Agent: Apache-HttpClient/4.5.2 (Java/1.8.0_162)[\r][\n]"
10:17:59.876 [Forwarding clickElement on session 7779b2387c255d5a18c0813e4e2daf98 to remote] DEBUG org.apache.http.wire - http-outgoing-3 >> "Accept-Encoding: gzip,deflate[\r][\n]"
10:17:59.876 [Forwarding clickElement on session 7779b2387c255d5a18c0813e4e2daf98 to remote] DEBUG org.apache.http.wire - http-outgoing-3 >> "[\r][\n]"
10:17:59.876 [Forwarding clickElement on session 7779b2387c255d5a18c0813e4e2daf98 to remote] DEBUG org.apache.http.wire - http-outgoing-3 >> "{"id":"0.639106716886009-1"}"
10:18:00.382 [Forwarding clickElement on session 7779b2387c255d5a18c0813e4e2daf98 to remote] DEBUG org.apache.http.wire - http-outgoing-3 << "HTTP/1.1 200 OK[\r][\n]"
10:18:00.382 [Forwarding clickElement on session 7779b2387c255d5a18c0813e4e2daf98 to remote] DEBUG org.apache.http.wire - http-outgoing-3 << "Content-Length:72[\r][\n]"
10:18:00.382 [Forwarding clickElement on session 7779b2387c255d5a18c0813e4e2daf98 to remote] DEBUG org.apache.http.wire - http-outgoing-3 << "Content-Type:application/json; charset=utf-8[\r][\n]"
10:18:00.382 [Forwarding clickElement on session 7779b2387c255d5a18c0813e4e2daf98 to remote] DEBUG org.apache.http.wire - http-outgoing-3 << "[\r][\n]"
10:18:00.382 [Forwarding clickElement on session 7779b2387c255d5a18c0813e4e2daf98 to remote] DEBUG org.apache.http.wire - http-outgoing-3 << "{"sessionId":"7779b2387c255d5a18c0813e4e2daf98","status":0,"value":null}"
10:18:00.382 [Forwarding clickElement on session 7779b2387c255d5a18c0813e4e2daf98 to remote] DEBUG org.apache.http.headers - http-outgoing-3 << HTTP/1.1 200 OK
10:18:00.382 [Forwarding clickElement on session 7779b2387c255d5a18c0813e4e2daf98 to remote] DEBUG org.apache.http.headers - http-outgoing-3 << Content-Length:72
10:18:00.382 [Forwarding clickElement on session 7779b2387c255d5a18c0813e4e2daf98 to remote] DEBUG org.apache.http.headers - http-outgoing-3 << Content-Type:application/json; charset=utf-8
10:18:00.382 [Forwarding clickElement on session 7779b2387c255d5a18c0813e4e2daf98 to remote] DEBUG org.apache.http.impl.execchain.MainClientExec - Connection can be kept alive indefinitely
10:18:00.382 [Forwarding clickElement on session 7779b2387c255d5a18c0813e4e2daf98 to remote] DEBUG org.apache.http.impl.conn.PoolingHttpClientConnectionManager - Connection [id: 3][route: {}->http://localhost:14252] can be kept alive indefinitely
10:18:00.382 [Forwarding clickElement on session 7779b2387c255d5a18c0813e4e2daf98 to remote] DEBUG org.apache.http.impl.conn.PoolingHttpClientConnectionManager - Connection released: [id: 3][route: {}->http://localhost:14252][total kept alive: 1; route allocated: 1 of 2000; total allocated: 1 of 2000]
10:18:01.386 [Forwarding findElement on session 7779b2387c255d5a18c0813e4e2daf98 to remote] DEBUG org.apache.http.client.protocol.RequestAddCookies - CookieSpec selected: default
10:18:01.386 [Forwarding findElement on session 7779b2387c255d5a18c0813e4e2daf98 to remote] DEBUG org.apache.http.client.protocol.RequestAuthCache - Auth cache not set in the context
10:18:01.386 [Forwarding findElement on session 7779b2387c255d5a18c0813e4e2daf98 to remote] DEBUG org.apache.http.impl.conn.PoolingHttpClientConnectionManager - Connection request: [route: {}->http://localhost:14252][total kept alive: 1; route allocated: 1 of 2000; total allocated: 1 of 2000]
10:18:01.386 [Forwarding findElement on session 7779b2387c255d5a18c0813e4e2daf98 to remote] DEBUG org.apache.http.impl.conn.PoolingHttpClientConnectionManager - Connection leased: [id: 3][route: {}->http://localhost:14252][total kept alive: 0; route allocated: 1 of 2000; total allocated: 1 of 2000]
10:18:01.386 [Forwarding findElement on session 7779b2387c255d5a18c0813e4e2daf98 to remote] DEBUG org.apache.http.impl.execchain.MainClientExec - Stale connection check
10:18:01.402 [Forwarding findElement on session 7779b2387c255d5a18c0813e4e2daf98 to remote] DEBUG org.apache.http.wire - http-outgoing-3 << "[read] I/O error: Read timed out"
10:18:01.402 [Forwarding findElement on session 7779b2387c255d5a18c0813e4e2daf98 to remote] DEBUG org.apache.http.impl.conn.DefaultManagedHttpClientConnection - http-outgoing-3: set socket timeout to 10800000
10:18:01.402 [Forwarding findElement on session 7779b2387c255d5a18c0813e4e2daf98 to remote] DEBUG org.apache.http.impl.execchain.MainClientExec - Executing request POST /session/7779b2387c255d5a18c0813e4e2daf98/element HTTP/1.1
10:18:01.402 [Forwarding findElement on session 7779b2387c255d5a18c0813e4e2daf98 to remote] DEBUG org.apache.http.impl.execchain.MainClientExec - Target auth state: UNCHALLENGED
10:18:01.402 [Forwarding findElement on session 7779b2387c255d5a18c0813e4e2daf98 to remote] DEBUG org.apache.http.impl.execchain.MainClientExec - Proxy auth state: UNCHALLENGED
10:18:01.402 [Forwarding findElement on session 7779b2387c255d5a18c0813e4e2daf98 to remote] DEBUG org.apache.http.headers - http-outgoing-3 >> POST /session/7779b2387c255d5a18c0813e4e2daf98/element HTTP/1.1
10:18:01.402 [Forwarding findElement on session 7779b2387c255d5a18c0813e4e2daf98 to remote] DEBUG org.apache.http.headers - http-outgoing-3 >> Content-Type: application/json; charset=utf-8
10:18:01.402 [Forwarding findElement on session 7779b2387c255d5a18c0813e4e2daf98 to remote] DEBUG org.apache.http.headers - http-outgoing-3 >> Content-Length: 33
10:18:01.402 [Forwarding findElement on session 7779b2387c255d5a18c0813e4e2daf98 to remote] DEBUG org.apache.http.headers - http-outgoing-3 >> Host: localhost:14252
10:18:01.402 [Forwarding findElement on session 7779b2387c255d5a18c0813e4e2daf98 to remote] DEBUG org.apache.http.headers - http-outgoing-3 >> Connection: Keep-Alive
10:18:01.402 [Forwarding findElement on session 7779b2387c255d5a18c0813e4e2daf98 to remote] DEBUG org.apache.http.headers - http-outgoing-3 >> User-Agent: Apache-HttpClient/4.5.2 (Java/1.8.0_162)
10:18:01.402 [Forwarding findElement on session 7779b2387c255d5a18c0813e4e2daf98 to remote] DEBUG org.apache.http.headers - http-outgoing-3 >> Accept-Encoding: gzip,deflate
10:18:01.402 [Forwarding findElement on session 7779b2387c255d5a18c0813e4e2daf98 to remote] DEBUG org.apache.http.wire - http-outgoing-3 >> "POST /session/7779b2387c255d5a18c0813e4e2daf98/element HTTP/1.1[\r][\n]"
10:18:01.402 [Forwarding findElement on session 7779b2387c255d5a18c0813e4e2daf98 to remote] DEBUG org.apache.http.wire - http-outgoing-3 >> "Content-Type: application/json; charset=utf-8[\r][\n]"
10:18:01.402 [Forwarding findElement on session 7779b2387c255d5a18c0813e4e2daf98 to remote] DEBUG org.apache.http.wire - http-outgoing-3 >> "Content-Length: 33[\r][\n]"
10:18:01.402 [Forwarding findElement on session 7779b2387c255d5a18c0813e4e2daf98 to remote] DEBUG org.apache.http.wire - http-outgoing-3 >> "Host: localhost:14252[\r][\n]"
10:18:01.402 [Forwarding findElement on session 7779b2387c255d5a18c0813e4e2daf98 to remote] DEBUG org.apache.http.wire - http-outgoing-3 >> "Connection: Keep-Alive[\r][\n]"
10:18:01.402 [Forwarding findElement on session 7779b2387c255d5a18c0813e4e2daf98 to remote] DEBUG org.apache.http.wire - http-outgoing-3 >> "User-Agent: Apache-HttpClient/4.5.2 (Java/1.8.0_162)[\r][\n]"
10:18:01.402 [Forwarding findElement on session 7779b2387c255d5a18c0813e4e2daf98 to remote] DEBUG org.apache.http.wire - http-outgoing-3 >> "Accept-Encoding: gzip,deflate[\r][\n]"
10:18:01.402 [Forwarding findElement on session 7779b2387c255d5a18c0813e4e2daf98 to remote] DEBUG org.apache.http.wire - http-outgoing-3 >> "[\r][\n]"
10:18:01.402 [Forwarding findElement on session 7779b2387c255d5a18c0813e4e2daf98 to remote] DEBUG org.apache.http.wire - http-outgoing-3 >> "{"using":"id","value":"username"}"
10:18:01.410 [Forwarding findElement on session 7779b2387c255d5a18c0813e4e2daf98 to remote] DEBUG org.apache.http.wire - http-outgoing-3 << "HTTP/1.1 200 OK[\r][\n]"
10:18:01.410 [Forwarding findElement on session 7779b2387c255d5a18c0813e4e2daf98 to remote] DEBUG org.apache.http.wire - http-outgoing-3 << "Content-Length:103[\r][\n]"
10:18:01.410 [Forwarding findElement on session 7779b2387c255d5a18c0813e4e2daf98 to remote] DEBUG org.apache.http.wire - http-outgoing-3 << "Content-Type:application/json; charset=utf-8[\r][\n]"
10:18:01.410 [Forwarding findElement on session 7779b2387c255d5a18c0813e4e2daf98 to remote] DEBUG org.apache.http.wire - http-outgoing-3 << "[\r][\n]"
10:18:01.410 [Forwarding findElement on session 7779b2387c255d5a18c0813e4e2daf98 to remote] DEBUG org.apache.http.wire - http-outgoing-3 << "{"sessionId":"7779b2387c255d5a18c0813e4e2daf98","status":0,"value":{"ELEMENT":"0.37937454528560255-1"}}"
10:18:01.410 [Forwarding findElement on session 7779b2387c255d5a18c0813e4e2daf98 to remote] DEBUG org.apache.http.headers - http-outgoing-3 << HTTP/1.1 200 OK
10:18:01.410 [Forwarding findElement on session 7779b2387c255d5a18c0813e4e2daf98 to remote] DEBUG org.apache.http.headers - http-outgoing-3 << Content-Length:103
10:18:01.410 [Forwarding findElement on session 7779b2387c255d5a18c0813e4e2daf98 to remote] DEBUG org.apache.http.headers - http-outgoing-3 << Content-Type:application/json; charset=utf-8
10:18:01.410 [Forwarding findElement on session 7779b2387c255d5a18c0813e4e2daf98 to remote] DEBUG org.apache.http.impl.execchain.MainClientExec - Connection can be kept alive indefinitely
10:18:01.410 [Forwarding findElement on session 7779b2387c255d5a18c0813e4e2daf98 to remote] DEBUG org.apache.http.impl.conn.PoolingHttpClientConnectionManager - Connection [id: 3][route: {}->http://localhost:14252] can be kept alive indefinitely
10:18:01.410 [Forwarding findElement on session 7779b2387c255d5a18c0813e4e2daf98 to remote] DEBUG org.apache.http.impl.conn.PoolingHttpClientConnectionManager - Connection released: [id: 3][route: {}->http://localhost:14252][total kept alive: 1; route allocated: 1 of 2000; total allocated: 1 of 2000]
10:18:01.411 [Forwarding sendKeysToElement on session 7779b2387c255d5a18c0813e4e2daf98 to remote] DEBUG org.apache.http.client.protocol.RequestAddCookies - CookieSpec selected: default
10:18:01.411 [Forwarding sendKeysToElement on session 7779b2387c255d5a18c0813e4e2daf98 to remote] DEBUG org.apache.http.client.protocol.RequestAuthCache - Auth cache not set in the context
10:18:01.411 [Forwarding sendKeysToElement on session 7779b2387c255d5a18c0813e4e2daf98 to remote] DEBUG org.apache.http.impl.conn.PoolingHttpClientConnectionManager - Connection request: [route: {}->http://localhost:14252][total kept alive: 1; route allocated: 1 of 2000; total allocated: 1 of 2000]
10:18:01.411 [Forwarding sendKeysToElement on session 7779b2387c255d5a18c0813e4e2daf98 to remote] DEBUG org.apache.http.impl.conn.PoolingHttpClientConnectionManager - Connection leased: [id: 3][route: {}->http://localhost:14252][total kept alive: 0; route allocated: 1 of 2000; total allocated: 1 of 2000]
10:18:01.411 [Forwarding sendKeysToElement on session 7779b2387c255d5a18c0813e4e2daf98 to remote] DEBUG org.apache.http.impl.execchain.MainClientExec - Stale connection check
10:18:01.417 [Forwarding sendKeysToElement on session 7779b2387c255d5a18c0813e4e2daf98 to remote] DEBUG org.apache.http.wire - http-outgoing-3 << "[read] I/O error: Read timed out"
10:18:01.417 [Forwarding sendKeysToElement on session 7779b2387c255d5a18c0813e4e2daf98 to remote] DEBUG org.apache.http.impl.conn.DefaultManagedHttpClientConnection - http-outgoing-3: set socket timeout to 10800000
10:18:01.417 [Forwarding sendKeysToElement on session 7779b2387c255d5a18c0813e4e2daf98 to remote] DEBUG org.apache.http.impl.execchain.MainClientExec - Executing request POST /session/7779b2387c255d5a18c0813e4e2daf98/element/0.37937454528560255-1/value HTTP/1.1
10:18:01.417 [Forwarding sendKeysToElement on session 7779b2387c255d5a18c0813e4e2daf98 to remote] DEBUG org.apache.http.impl.execchain.MainClientExec - Target auth state: UNCHALLENGED
10:18:01.417 [Forwarding sendKeysToElement on session 7779b2387c255d5a18c0813e4e2daf98 to remote] DEBUG org.apache.http.impl.execchain.MainClientExec - Proxy auth state: UNCHALLENGED
10:18:01.417 [Forwarding sendKeysToElement on session 7779b2387c255d5a18c0813e4e2daf98 to remote] DEBUG org.apache.http.headers - http-outgoing-3 >> POST /session/7779b2387c255d5a18c0813e4e2daf98/element/0.37937454528560255-1/value HTTP/1.1
10:18:01.417 [Forwarding sendKeysToElement on session 7779b2387c255d5a18c0813e4e2daf98 to remote] DEBUG org.apache.http.headers - http-outgoing-3 >> Content-Type: application/json; charset=utf-8
10:18:01.417 [Forwarding sendKeysToElement on session 7779b2387c255d5a18c0813e4e2daf98 to remote] DEBUG org.apache.http.headers - http-outgoing-3 >> Content-Length: 51
10:18:01.417 [Forwarding sendKeysToElement on session 7779b2387c255d5a18c0813e4e2daf98 to remote] DEBUG org.apache.http.headers - http-outgoing-3 >> Host: localhost:14252
10:18:01.417 [Forwarding sendKeysToElement on session 7779b2387c255d5a18c0813e4e2daf98 to remote] DEBUG org.apache.http.headers - http-outgoing-3 >> Connection: Keep-Alive
10:18:01.417 [Forwarding sendKeysToElement on session 7779b2387c255d5a18c0813e4e2daf98 to remote] DEBUG org.apache.http.headers - http-outgoing-3 >> User-Agent: Apache-HttpClient/4.5.2 (Java/1.8.0_162)
10:18:01.417 [Forwarding sendKeysToElement on session 7779b2387c255d5a18c0813e4e2daf98 to remote] DEBUG org.apache.http.headers - http-outgoing-3 >> Accept-Encoding: gzip,deflate
10:18:01.417 [Forwarding sendKeysToElement on session 7779b2387c255d5a18c0813e4e2daf98 to remote] DEBUG org.apache.http.wire - http-outgoing-3 >> "POST /session/7779b2387c255d5a18c0813e4e2daf98/element/0.37937454528560255-1/value HTTP/1.1[\r][\n]"
10:18:01.417 [Forwarding sendKeysToElement on session 7779b2387c255d5a18c0813e4e2daf98 to remote] DEBUG org.apache.http.wire - http-outgoing-3 >> "Content-Type: application/json; charset=utf-8[\r][\n]"
10:18:01.417 [Forwarding sendKeysToElement on session 7779b2387c255d5a18c0813e4e2daf98 to remote] DEBUG org.apache.http.wire - http-outgoing-3 >> "Content-Length: 51[\r][\n]"
10:18:01.417 [Forwarding sendKeysToElement on session 7779b2387c255d5a18c0813e4e2daf98 to remote] DEBUG org.apache.http.wire - http-outgoing-3 >> "Host: localhost:14252[\r][\n]"
10:18:01.417 [Forwarding sendKeysToElement on session 7779b2387c255d5a18c0813e4e2daf98 to remote] DEBUG org.apache.http.wire - http-outgoing-3 >> "Connection: Keep-Alive[\r][\n]"
10:18:01.417 [Forwarding sendKeysToElement on session 7779b2387c255d5a18c0813e4e2daf98 to remote] DEBUG org.apache.http.wire - http-outgoing-3 >> "User-Agent: Apache-HttpClient/4.5.2 (Java/1.8.0_162)[\r][\n]"
10:18:01.417 [Forwarding sendKeysToElement on session 7779b2387c255d5a18c0813e4e2daf98 to remote] DEBUG org.apache.http.wire - http-outgoing-3 >> "Accept-Encoding: gzip,deflate[\r][\n]"
10:18:01.417 [Forwarding sendKeysToElement on session 7779b2387c255d5a18c0813e4e2daf98 to remote] DEBUG org.apache.http.wire - http-outgoing-3 >> "[\r][\n]"
10:18:01.417 [Forwarding sendKeysToElement on session 7779b2387c255d5a18c0813e4e2daf98 to remote] DEBUG org.apache.http.wire - http-outgoing-3 >> "{"id":"0.37937454528560255-1","value":["68659136"]}"
10:18:01.441 [Forwarding sendKeysToElement on session 7779b2387c255d5a18c0813e4e2daf98 to remote] DEBUG org.apache.http.wire - http-outgoing-3 << "HTTP/1.1 200 OK[\r][\n]"
10:18:01.441 [Forwarding sendKeysToElement on session 7779b2387c255d5a18c0813e4e2daf98 to remote] DEBUG org.apache.http.wire - http-outgoing-3 << "Content-Length:72[\r][\n]"
10:18:01.441 [Forwarding sendKeysToElement on session 7779b2387c255d5a18c0813e4e2daf98 to remote] DEBUG org.apache.http.wire - http-outgoing-3 << "Content-Type:application/json; charset=utf-8[\r][\n]"
10:18:01.441 [Forwarding sendKeysToElement on session 7779b2387c255d5a18c0813e4e2daf98 to remote] DEBUG org.apache.http.wire - http-outgoing-3 << "[\r][\n]"
10:18:01.441 [Forwarding sendKeysToElement on session 7779b2387c255d5a18c0813e4e2daf98 to remote] DEBUG org.apache.http.wire - http-outgoing-3 << "{"sessionId":"7779b2387c255d5a18c0813e4e2daf98","status":0,"value":null}"
10:18:01.441 [Forwarding sendKeysToElement on session 7779b2387c255d5a18c0813e4e2daf98 to remote] DEBUG org.apache.http.headers - http-outgoing-3 << HTTP/1.1 200 OK
10:18:01.441 [Forwarding sendKeysToElement on session 7779b2387c255d5a18c0813e4e2daf98 to remote] DEBUG org.apache.http.headers - http-outgoing-3 << Content-Length:72
10:18:01.441 [Forwarding sendKeysToElement on session 7779b2387c255d5a18c0813e4e2daf98 to remote] DEBUG org.apache.http.headers - http-outgoing-3 << Content-Type:application/json; charset=utf-8
10:18:01.441 [Forwarding sendKeysToElement on session 7779b2387c255d5a18c0813e4e2daf98 to remote] DEBUG org.apache.http.impl.execchain.MainClientExec - Connection can be kept alive indefinitely
10:18:01.441 [Forwarding sendKeysToElement on session 7779b2387c255d5a18c0813e4e2daf98 to remote] DEBUG org.apache.http.impl.conn.PoolingHttpClientConnectionManager - Connection [id: 3][route: {}->http://localhost:14252] can be kept alive indefinitely
10:18:01.441 [Forwarding sendKeysToElement on session 7779b2387c255d5a18c0813e4e2daf98 to remote] DEBUG org.apache.http.impl.conn.PoolingHttpClientConnectionManager - Connection released: [id: 3][route: {}->http://localhost:14252][total kept alive: 1; route allocated: 1 of 2000; total allocated: 1 of 2000]
10:18:01.442 [Forwarding findElement on session 7779b2387c255d5a18c0813e4e2daf98 to remote] DEBUG org.apache.http.client.protocol.RequestAddCookies - CookieSpec selected: default
10:18:01.442 [Forwarding findElement on session 7779b2387c255d5a18c0813e4e2daf98 to remote] DEBUG org.apache.http.client.protocol.RequestAuthCache - Auth cache not set in the context
10:18:01.442 [Forwarding findElement on session 7779b2387c255d5a18c0813e4e2daf98 to remote] DEBUG org.apache.http.impl.conn.PoolingHttpClientConnectionManager - Connection request: [route: {}->http://localhost:14252][total kept alive: 1; route allocated: 1 of 2000; total allocated: 1 of 2000]
10:18:01.442 [Forwarding findElement on session 7779b2387c255d5a18c0813e4e2daf98 to remote] DEBUG org.apache.http.impl.conn.PoolingHttpClientConnectionManager - Connection leased: [id: 3][route: {}->http://localhost:14252][total kept alive: 0; route allocated: 1 of 2000; total allocated: 1 of 2000]
10:18:01.442 [Forwarding findElement on session 7779b2387c255d5a18c0813e4e2daf98 to remote] DEBUG org.apache.http.impl.execchain.MainClientExec - Stale connection check
10:18:01.448 [Forwarding findElement on session 7779b2387c255d5a18c0813e4e2daf98 to remote] DEBUG org.apache.http.wire - http-outgoing-3 << "[read] I/O error: Read timed out"
10:18:01.448 [Forwarding findElement on session 7779b2387c255d5a18c0813e4e2daf98 to remote] DEBUG org.apache.http.impl.conn.DefaultManagedHttpClientConnection - http-outgoing-3: set socket timeout to 10800000
10:18:01.448 [Forwarding findElement on session 7779b2387c255d5a18c0813e4e2daf98 to remote] DEBUG org.apache.http.impl.execchain.MainClientExec - Executing request POST /session/7779b2387c255d5a18c0813e4e2daf98/element HTTP/1.1
10:18:01.448 [Forwarding findElement on session 7779b2387c255d5a18c0813e4e2daf98 to remote] DEBUG org.apache.http.impl.execchain.MainClientExec - Target auth state: UNCHALLENGED
10:18:01.448 [Forwarding findElement on session 7779b2387c255d5a18c0813e4e2daf98 to remote] DEBUG org.apache.http.impl.execchain.MainClientExec - Proxy auth state: UNCHALLENGED
10:18:01.448 [Forwarding findElement on session 7779b2387c255d5a18c0813e4e2daf98 to remote] DEBUG org.apache.http.headers - http-outgoing-3 >> POST /session/7779b2387c255d5a18c0813e4e2daf98/element HTTP/1.1
10:18:01.448 [Forwarding findElement on session 7779b2387c255d5a18c0813e4e2daf98 to remote] DEBUG org.apache.http.headers - http-outgoing-3 >> Content-Type: application/json; charset=utf-8
10:18:01.448 [Forwarding findElement on session 7779b2387c255d5a18c0813e4e2daf98 to remote] DEBUG org.apache.http.headers - http-outgoing-3 >> Content-Length: 33
10:18:01.448 [Forwarding findElement on session 7779b2387c255d5a18c0813e4e2daf98 to remote] DEBUG org.apache.http.headers - http-outgoing-3 >> Host: localhost:14252
10:18:01.448 [Forwarding findElement on session 7779b2387c255d5a18c0813e4e2daf98 to remote] DEBUG org.apache.http.headers - http-outgoing-3 >> Connection: Keep-Alive
10:18:01.448 [Forwarding findElement on session 7779b2387c255d5a18c0813e4e2daf98 to remote] DEBUG org.apache.http.headers - http-outgoing-3 >> User-Agent: Apache-HttpClient/4.5.2 (Java/1.8.0_162)
10:18:01.448 [Forwarding findElement on session 7779b2387c255d5a18c0813e4e2daf98 to remote] DEBUG org.apache.http.headers - http-outgoing-3 >> Accept-Encoding: gzip,deflate
10:18:01.448 [Forwarding findElement on session 7779b2387c255d5a18c0813e4e2daf98 to remote] DEBUG org.apache.http.wire - http-outgoing-3 >> "POST /session/7779b2387c255d5a18c0813e4e2daf98/element HTTP/1.1[\r][\n]"
10:18:01.448 [Forwarding findElement on session 7779b2387c255d5a18c0813e4e2daf98 to remote] DEBUG org.apache.http.wire - http-outgoing-3 >> "Content-Type: application/json; charset=utf-8[\r][\n]"
10:18:01.448 [Forwarding findElement on session 7779b2387c255d5a18c0813e4e2daf98 to remote] DEBUG org.apache.http.wire - http-outgoing-3 >> "Content-Length: 33[\r][\n]"
10:18:01.448 [Forwarding findElement on session 7779b2387c255d5a18c0813e4e2daf98 to remote] DEBUG org.apache.http.wire - http-outgoing-3 >> "Host: localhost:14252[\r][\n]"
10:18:01.448 [Forwarding findElement on session 7779b2387c255d5a18c0813e4e2daf98 to remote] DEBUG org.apache.http.wire - http-outgoing-3 >> "Connection: Keep-Alive[\r][\n]"
10:18:01.448 [Forwarding findElement on session 7779b2387c255d5a18c0813e4e2daf98 to remote] DEBUG org.apache.http.wire - http-outgoing-3 >> "User-Agent: Apache-HttpClient/4.5.2 (Java/1.8.0_162)[\r][\n]"
10:18:01.448 [Forwarding findElement on session 7779b2387c255d5a18c0813e4e2daf98 to remote] DEBUG org.apache.http.wire - http-outgoing-3 >> "Accept-Encoding: gzip,deflate[\r][\n]"
10:18:01.448 [Forwarding findElement on session 7779b2387c255d5a18c0813e4e2daf98 to remote] DEBUG org.apache.http.wire - http-outgoing-3 >> "[\r][\n]"
10:18:01.448 [Forwarding findElement on session 7779b2387c255d5a18c0813e4e2daf98 to remote] DEBUG org.apache.http.wire - http-outgoing-3 >> "{"using":"id","value":"password"}"
10:18:01.456 [Forwarding findElement on session 7779b2387c255d5a18c0813e4e2daf98 to remote] DEBUG org.apache.http.wire - http-outgoing-3 << "HTTP/1.1 200 OK[\r][\n]"
10:18:01.456 [Forwarding findElement on session 7779b2387c255d5a18c0813e4e2daf98 to remote] DEBUG org.apache.http.wire - http-outgoing-3 << "Content-Length:103[\r][\n]"
10:18:01.456 [Forwarding findElement on session 7779b2387c255d5a18c0813e4e2daf98 to remote] DEBUG org.apache.http.wire - http-outgoing-3 << "Content-Type:application/json; charset=utf-8[\r][\n]"
10:18:01.456 [Forwarding findElement on session 7779b2387c255d5a18c0813e4e2daf98 to remote] DEBUG org.apache.http.wire - http-outgoing-3 << "[\r][\n]"
10:18:01.456 [Forwarding findElement on session 7779b2387c255d5a18c0813e4e2daf98 to remote] DEBUG org.apache.http.wire - http-outgoing-3 << "{"sessionId":"7779b2387c255d5a18c0813e4e2daf98","status":0,"value":{"ELEMENT":"0.37937454528560255-2"}}"
10:18:01.456 [Forwarding findElement on session 7779b2387c255d5a18c0813e4e2daf98 to remote] DEBUG org.apache.http.headers - http-outgoing-3 << HTTP/1.1 200 OK
10:18:01.456 [Forwarding findElement on session 7779b2387c255d5a18c0813e4e2daf98 to remote] DEBUG org.apache.http.headers - http-outgoing-3 << Content-Length:103
10:18:01.456 [Forwarding findElement on session 7779b2387c255d5a18c0813e4e2daf98 to remote] DEBUG org.apache.http.headers - http-outgoing-3 << Content-Type:application/json; charset=utf-8
10:18:01.456 [Forwarding findElement on session 7779b2387c255d5a18c0813e4e2daf98 to remote] DEBUG org.apache.http.impl.execchain.MainClientExec - Connection can be kept alive indefinitely
10:18:01.456 [Forwarding findElement on session 7779b2387c255d5a18c0813e4e2daf98 to remote] DEBUG org.apache.http.impl.conn.PoolingHttpClientConnectionManager - Connection [id: 3][route: {}->http://localhost:14252] can be kept alive indefinitely
10:18:01.456 [Forwarding findElement on session 7779b2387c255d5a18c0813e4e2daf98 to remote] DEBUG org.apache.http.impl.conn.PoolingHttpClientConnectionManager - Connection released: [id: 3][route: {}->http://localhost:14252][total kept alive: 1; route allocated: 1 of 2000; total allocated: 1 of 2000]
10:18:01.456 [Forwarding sendKeysToElement on session 7779b2387c255d5a18c0813e4e2daf98 to remote] DEBUG org.apache.http.client.protocol.RequestAddCookies - CookieSpec selected: default
10:18:01.456 [Forwarding sendKeysToElement on session 7779b2387c255d5a18c0813e4e2daf98 to remote] DEBUG org.apache.http.client.protocol.RequestAuthCache - Auth cache not set in the context
10:18:01.456 [Forwarding sendKeysToElement on session 7779b2387c255d5a18c0813e4e2daf98 to remote] DEBUG org.apache.http.impl.conn.PoolingHttpClientConnectionManager - Connection request: [route: {}->http://localhost:14252][total kept alive: 1; route allocated: 1 of 2000; total allocated: 1 of 2000]
10:18:01.456 [Forwarding sendKeysToElement on session 7779b2387c255d5a18c0813e4e2daf98 to remote] DEBUG org.apache.http.impl.conn.PoolingHttpClientConnectionManager - Connection leased: [id: 3][route: {}->http://localhost:14252][total kept alive: 0; route allocated: 1 of 2000; total allocated: 1 of 2000]
10:18:01.456 [Forwarding sendKeysToElement on session 7779b2387c255d5a18c0813e4e2daf98 to remote] DEBUG org.apache.http.impl.execchain.MainClientExec - Stale connection check
10:18:01.464 [Forwarding sendKeysToElement on session 7779b2387c255d5a18c0813e4e2daf98 to remote] DEBUG org.apache.http.wire - http-outgoing-3 << "[read] I/O error: Read timed out"
10:18:01.464 [Forwarding sendKeysToElement on session 7779b2387c255d5a18c0813e4e2daf98 to remote] DEBUG org.apache.http.impl.conn.DefaultManagedHttpClientConnection - http-outgoing-3: set socket timeout to 10800000
10:18:01.464 [Forwarding sendKeysToElement on session 7779b2387c255d5a18c0813e4e2daf98 to remote] DEBUG org.apache.http.impl.execchain.MainClientExec - Executing request POST /session/7779b2387c255d5a18c0813e4e2daf98/element/0.37937454528560255-2/value HTTP/1.1
10:18:01.464 [Forwarding sendKeysToElement on session 7779b2387c255d5a18c0813e4e2daf98 to remote] DEBUG org.apache.http.impl.execchain.MainClientExec - Target auth state: UNCHALLENGED
10:18:01.464 [Forwarding sendKeysToElement on session 7779b2387c255d5a18c0813e4e2daf98 to remote] DEBUG org.apache.http.impl.execchain.MainClientExec - Proxy auth state: UNCHALLENGED
10:18:01.464 [Forwarding sendKeysToElement on session 7779b2387c255d5a18c0813e4e2daf98 to remote] DEBUG org.apache.http.headers - http-outgoing-3 >> POST /session/7779b2387c255d5a18c0813e4e2daf98/element/0.37937454528560255-2/value HTTP/1.1
10:18:01.464 [Forwarding sendKeysToElement on session 7779b2387c255d5a18c0813e4e2daf98 to remote] DEBUG org.apache.http.headers - http-outgoing-3 >> Content-Type: application/json; charset=utf-8
10:18:01.464 [Forwarding sendKeysToElement on session 7779b2387c255d5a18c0813e4e2daf98 to remote] DEBUG org.apache.http.headers - http-outgoing-3 >> Content-Length: 49
10:18:01.464 [Forwarding sendKeysToElement on session 7779b2387c255d5a18c0813e4e2daf98 to remote] DEBUG org.apache.http.headers - http-outgoing-3 >> Host: localhost:14252
10:18:01.464 [Forwarding sendKeysToElement on session 7779b2387c255d5a18c0813e4e2daf98 to remote] DEBUG org.apache.http.headers - http-outgoing-3 >> Connection: Keep-Alive
10:18:01.464 [Forwarding sendKeysToElement on session 7779b2387c255d5a18c0813e4e2daf98 to remote] DEBUG org.apache.http.headers - http-outgoing-3 >> User-Agent: Apache-HttpClient/4.5.2 (Java/1.8.0_162)
10:18:01.464 [Forwarding sendKeysToElement on session 7779b2387c255d5a18c0813e4e2daf98 to remote] DEBUG org.apache.http.headers - http-outgoing-3 >> Accept-Encoding: gzip,deflate
10:18:01.464 [Forwarding sendKeysToElement on session 7779b2387c255d5a18c0813e4e2daf98 to remote] DEBUG org.apache.http.wire - http-outgoing-3 >> "POST /session/7779b2387c255d5a18c0813e4e2daf98/element/0.37937454528560255-2/value HTTP/1.1[\r][\n]"
10:18:01.464 [Forwarding sendKeysToElement on session 7779b2387c255d5a18c0813e4e2daf98 to remote] DEBUG org.apache.http.wire - http-outgoing-3 >> "Content-Type: application/json; charset=utf-8[\r][\n]"
10:18:01.464 [Forwarding sendKeysToElement on session 7779b2387c255d5a18c0813e4e2daf98 to remote] DEBUG org.apache.http.wire - http-outgoing-3 >> "Content-Length: 49[\r][\n]"
10:18:01.464 [Forwarding sendKeysToElement on session 7779b2387c255d5a18c0813e4e2daf98 to remote] DEBUG org.apache.http.wire - http-outgoing-3 >> "Host: localhost:14252[\r][\n]"
10:18:01.464 [Forwarding sendKeysToElement on session 7779b2387c255d5a18c0813e4e2daf98 to remote] DEBUG org.apache.http.wire - http-outgoing-3 >> "Connection: Keep-Alive[\r][\n]"
10:18:01.464 [Forwarding sendKeysToElement on session 7779b2387c255d5a18c0813e4e2daf98 to remote] DEBUG org.apache.http.wire - http-outgoing-3 >> "User-Agent: Apache-HttpClient/4.5.2 (Java/1.8.0_162)[\r][\n]"
10:18:01.464 [Forwarding sendKeysToElement on session 7779b2387c255d5a18c0813e4e2daf98 to remote] DEBUG org.apache.http.wire - http-outgoing-3 >> "Accept-Encoding: gzip,deflate[\r][\n]"
10:18:01.464 [Forwarding sendKeysToElement on session 7779b2387c255d5a18c0813e4e2daf98 to remote] DEBUG org.apache.http.wire - http-outgoing-3 >> "[\r][\n]"
10:18:01.464 [Forwarding sendKeysToElement on session 7779b2387c255d5a18c0813e4e2daf98 to remote] DEBUG org.apache.http.wire - http-outgoing-3 >> "{"id":"0.37937454528560255-2","value":["888888"]}"
10:18:01.509 [Forwarding sendKeysToElement on session 7779b2387c255d5a18c0813e4e2daf98 to remote] DEBUG org.apache.http.wire - http-outgoing-3 << "HTTP/1.1 200 OK[\r][\n]"
10:18:01.509 [Forwarding sendKeysToElement on session 7779b2387c255d5a18c0813e4e2daf98 to remote] DEBUG org.apache.http.wire - http-outgoing-3 << "Content-Length:72[\r][\n]"
10:18:01.509 [Forwarding sendKeysToElement on session 7779b2387c255d5a18c0813e4e2daf98 to remote] DEBUG org.apache.http.wire - http-outgoing-3 << "Content-Type:application/json; charset=utf-8[\r][\n]"
10:18:01.509 [Forwarding sendKeysToElement on session 7779b2387c255d5a18c0813e4e2daf98 to remote] DEBUG org.apache.http.wire - http-outgoing-3 << "[\r][\n]"
10:18:01.509 [Forwarding sendKeysToElement on session 7779b2387c255d5a18c0813e4e2daf98 to remote] DEBUG org.apache.http.wire - http-outgoing-3 << "{"sessionId":"7779b2387c255d5a18c0813e4e2daf98","status":0,"value":null}"
10:18:01.510 [Forwarding sendKeysToElement on session 7779b2387c255d5a18c0813e4e2daf98 to remote] DEBUG org.apache.http.headers - http-outgoing-3 << HTTP/1.1 200 OK
10:18:01.510 [Forwarding sendKeysToElement on session 7779b2387c255d5a18c0813e4e2daf98 to remote] DEBUG org.apache.http.headers - http-outgoing-3 << Content-Length:72
10:18:01.510 [Forwarding sendKeysToElement on session 7779b2387c255d5a18c0813e4e2daf98 to remote] DEBUG org.apache.http.headers - http-outgoing-3 << Content-Type:application/json; charset=utf-8
10:18:01.510 [Forwarding sendKeysToElement on session 7779b2387c255d5a18c0813e4e2daf98 to remote] DEBUG org.apache.http.impl.execchain.MainClientExec - Connection can be kept alive indefinitely
10:18:01.510 [Forwarding sendKeysToElement on session 7779b2387c255d5a18c0813e4e2daf98 to remote] DEBUG org.apache.http.impl.conn.PoolingHttpClientConnectionManager - Connection [id: 3][route: {}->http://localhost:14252] can be kept alive indefinitely
10:18:01.510 [Forwarding sendKeysToElement on session 7779b2387c255d5a18c0813e4e2daf98 to remote] DEBUG org.apache.http.impl.conn.PoolingHttpClientConnectionManager - Connection released: [id: 3][route: {}->http://localhost:14252][total kept alive: 1; route allocated: 1 of 2000; total allocated: 1 of 2000]
10:18:01.510 [Forwarding findElement on session 7779b2387c255d5a18c0813e4e2daf98 to remote] DEBUG org.apache.http.client.protocol.RequestAddCookies - CookieSpec selected: default
10:18:01.510 [Forwarding findElement on session 7779b2387c255d5a18c0813e4e2daf98 to remote] DEBUG org.apache.http.client.protocol.RequestAuthCache - Auth cache not set in the context
10:18:01.510 [Forwarding findElement on session 7779b2387c255d5a18c0813e4e2daf98 to remote] DEBUG org.apache.http.impl.conn.PoolingHttpClientConnectionManager - Connection request: [route: {}->http://localhost:14252][total kept alive: 1; route allocated: 1 of 2000; total allocated: 1 of 2000]
10:18:01.510 [Forwarding findElement on session 7779b2387c255d5a18c0813e4e2daf98 to remote] DEBUG org.apache.http.impl.conn.PoolingHttpClientConnectionManager - Connection leased: [id: 3][route: {}->http://localhost:14252][total kept alive: 0; route allocated: 1 of 2000; total allocated: 1 of 2000]
10:18:01.510 [Forwarding findElement on session 7779b2387c255d5a18c0813e4e2daf98 to remote] DEBUG org.apache.http.impl.execchain.MainClientExec - Stale connection check
10:18:01.527 [Forwarding findElement on session 7779b2387c255d5a18c0813e4e2daf98 to remote] DEBUG org.apache.http.wire - http-outgoing-3 << "[read] I/O error: Read timed out"
10:18:01.527 [Forwarding findElement on session 7779b2387c255d5a18c0813e4e2daf98 to remote] DEBUG org.apache.http.impl.conn.DefaultManagedHttpClientConnection - http-outgoing-3: set socket timeout to 10800000
10:18:01.527 [Forwarding findElement on session 7779b2387c255d5a18c0813e4e2daf98 to remote] DEBUG org.apache.http.impl.execchain.MainClientExec - Executing request POST /session/7779b2387c255d5a18c0813e4e2daf98/element HTTP/1.1
10:18:01.527 [Forwarding findElement on session 7779b2387c255d5a18c0813e4e2daf98 to remote] DEBUG org.apache.http.impl.execchain.MainClientExec - Target auth state: UNCHALLENGED
10:18:01.527 [Forwarding findElement on session 7779b2387c255d5a18c0813e4e2daf98 to remote] DEBUG org.apache.http.impl.execchain.MainClientExec - Proxy auth state: UNCHALLENGED
10:18:01.527 [Forwarding findElement on session 7779b2387c255d5a18c0813e4e2daf98 to remote] DEBUG org.apache.http.headers - http-outgoing-3 >> POST /session/7779b2387c255d5a18c0813e4e2daf98/element HTTP/1.1
10:18:01.527 [Forwarding findElement on session 7779b2387c255d5a18c0813e4e2daf98 to remote] DEBUG org.apache.http.headers - http-outgoing-3 >> Content-Type: application/json; charset=utf-8
10:18:01.527 [Forwarding findElement on session 7779b2387c255d5a18c0813e4e2daf98 to remote] DEBUG org.apache.http.headers - http-outgoing-3 >> Content-Length: 32
10:18:01.527 [Forwarding findElement on session 7779b2387c255d5a18c0813e4e2daf98 to remote] DEBUG org.apache.http.headers - http-outgoing-3 >> Host: localhost:14252
10:18:01.527 [Forwarding findElement on session 7779b2387c255d5a18c0813e4e2daf98 to remote] DEBUG org.apache.http.headers - http-outgoing-3 >> Connection: Keep-Alive
10:18:01.527 [Forwarding findElement on session 7779b2387c255d5a18c0813e4e2daf98 to remote] DEBUG org.apache.http.headers - http-outgoing-3 >> User-Agent: Apache-HttpClient/4.5.2 (Java/1.8.0_162)
10:18:01.527 [Forwarding findElement on session 7779b2387c255d5a18c0813e4e2daf98 to remote] DEBUG org.apache.http.headers - http-outgoing-3 >> Accept-Encoding: gzip,deflate
10:18:01.527 [Forwarding findElement on session 7779b2387c255d5a18c0813e4e2daf98 to remote] DEBUG org.apache.http.wire - http-outgoing-3 >> "POST /session/7779b2387c255d5a18c0813e4e2daf98/element HTTP/1.1[\r][\n]"
10:18:01.527 [Forwarding findElement on session 7779b2387c255d5a18c0813e4e2daf98 to remote] DEBUG org.apache.http.wire - http-outgoing-3 >> "Content-Type: application/json; charset=utf-8[\r][\n]"
10:18:01.527 [Forwarding findElement on session 7779b2387c255d5a18c0813e4e2daf98 to remote] DEBUG org.apache.http.wire - http-outgoing-3 >> "Content-Length: 32[\r][\n]"
10:18:01.527 [Forwarding findElement on session 7779b2387c255d5a18c0813e4e2daf98 to remote] DEBUG org.apache.http.wire - http-outgoing-3 >> "Host: localhost:14252[\r][\n]"
10:18:01.527 [Forwarding findElement on session 7779b2387c255d5a18c0813e4e2daf98 to remote] DEBUG org.apache.http.wire - http-outgoing-3 >> "Connection: Keep-Alive[\r][\n]"
10:18:01.527 [Forwarding findElement on session 7779b2387c255d5a18c0813e4e2daf98 to remote] DEBUG org.apache.http.wire - http-outgoing-3 >> "User-Agent: Apache-HttpClient/4.5.2 (Java/1.8.0_162)[\r][\n]"
10:18:01.527 [Forwarding findElement on session 7779b2387c255d5a18c0813e4e2daf98 to remote] DEBUG org.apache.http.wire - http-outgoing-3 >> "Accept-Encoding: gzip,deflate[\r][\n]"
10:18:01.527 [Forwarding findElement on session 7779b2387c255d5a18c0813e4e2daf98 to remote] DEBUG org.apache.http.wire - http-outgoing-3 >> "[\r][\n]"
10:18:01.527 [Forwarding findElement on session 7779b2387c255d5a18c0813e4e2daf98 to remote] DEBUG org.apache.http.wire - http-outgoing-3 >> "{"using":"id","value":"captcha"}"
10:18:01.535 [Forwarding findElement on session 7779b2387c255d5a18c0813e4e2daf98 to remote] DEBUG org.apache.http.wire - http-outgoing-3 << "HTTP/1.1 200 OK[\r][\n]"
10:18:01.535 [Forwarding findElement on session 7779b2387c255d5a18c0813e4e2daf98 to remote] DEBUG org.apache.http.wire - http-outgoing-3 << "Content-Length:103[\r][\n]"
10:18:01.535 [Forwarding findElement on session 7779b2387c255d5a18c0813e4e2daf98 to remote] DEBUG org.apache.http.wire - http-outgoing-3 << "Content-Type:application/json; charset=utf-8[\r][\n]"
10:18:01.535 [Forwarding findElement on session 7779b2387c255d5a18c0813e4e2daf98 to remote] DEBUG org.apache.http.wire - http-outgoing-3 << "[\r][\n]"
10:18:01.535 [Forwarding findElement on session 7779b2387c255d5a18c0813e4e2daf98 to remote] DEBUG org.apache.http.wire - http-outgoing-3 << "{"sessionId":"7779b2387c255d5a18c0813e4e2daf98","status":0,"value":{"ELEMENT":"0.37937454528560255-3"}}"
10:18:01.535 [Forwarding findElement on session 7779b2387c255d5a18c0813e4e2daf98 to remote] DEBUG org.apache.http.headers - http-outgoing-3 << HTTP/1.1 200 OK
10:18:01.535 [Forwarding findElement on session 7779b2387c255d5a18c0813e4e2daf98 to remote] DEBUG org.apache.http.headers - http-outgoing-3 << Content-Length:103
10:18:01.535 [Forwarding findElement on session 7779b2387c255d5a18c0813e4e2daf98 to remote] DEBUG org.apache.http.headers - http-outgoing-3 << Content-Type:application/json; charset=utf-8
10:18:01.535 [Forwarding findElement on session 7779b2387c255d5a18c0813e4e2daf98 to remote] DEBUG org.apache.http.impl.execchain.MainClientExec - Connection can be kept alive indefinitely
10:18:01.535 [Forwarding findElement on session 7779b2387c255d5a18c0813e4e2daf98 to remote] DEBUG org.apache.http.impl.conn.PoolingHttpClientConnectionManager - Connection [id: 3][route: {}->http://localhost:14252] can be kept alive indefinitely
10:18:01.535 [Forwarding findElement on session 7779b2387c255d5a18c0813e4e2daf98 to remote] DEBUG org.apache.http.impl.conn.PoolingHttpClientConnectionManager - Connection released: [id: 3][route: {}->http://localhost:14252][total kept alive: 1; route allocated: 1 of 2000; total allocated: 1 of 2000]
10:18:01.536 [Forwarding sendKeysToElement on session 7779b2387c255d5a18c0813e4e2daf98 to remote] DEBUG org.apache.http.client.protocol.RequestAddCookies - CookieSpec selected: default
10:18:01.536 [Forwarding sendKeysToElement on session 7779b2387c255d5a18c0813e4e2daf98 to remote] DEBUG org.apache.http.client.protocol.RequestAuthCache - Auth cache not set in the context
10:18:01.536 [Forwarding sendKeysToElement on session 7779b2387c255d5a18c0813e4e2daf98 to remote] DEBUG org.apache.http.impl.conn.PoolingHttpClientConnectionManager - Connection request: [route: {}->http://localhost:14252][total kept alive: 1; route allocated: 1 of 2000; total allocated: 1 of 2000]
10:18:01.536 [Forwarding sendKeysToElement on session 7779b2387c255d5a18c0813e4e2daf98 to remote] DEBUG org.apache.http.impl.conn.PoolingHttpClientConnectionManager - Connection leased: [id: 3][route: {}->http://localhost:14252][total kept alive: 0; route allocated: 1 of 2000; total allocated: 1 of 2000]
10:18:01.536 [Forwarding sendKeysToElement on session 7779b2387c255d5a18c0813e4e2daf98 to remote] DEBUG org.apache.http.impl.execchain.MainClientExec - Stale connection check
10:18:01.542 [Forwarding sendKeysToElement on session 7779b2387c255d5a18c0813e4e2daf98 to remote] DEBUG org.apache.http.wire - http-outgoing-3 << "[read] I/O error: Read timed out"
10:18:01.542 [Forwarding sendKeysToElement on session 7779b2387c255d5a18c0813e4e2daf98 to remote] DEBUG org.apache.http.impl.conn.DefaultManagedHttpClientConnection - http-outgoing-3: set socket timeout to 10800000
10:18:01.542 [Forwarding sendKeysToElement on session 7779b2387c255d5a18c0813e4e2daf98 to remote] DEBUG org.apache.http.impl.execchain.MainClientExec - Executing request POST /session/7779b2387c255d5a18c0813e4e2daf98/element/0.37937454528560255-3/value HTTP/1.1
10:18:01.542 [Forwarding sendKeysToElement on session 7779b2387c255d5a18c0813e4e2daf98 to remote] DEBUG org.apache.http.impl.execchain.MainClientExec - Target auth state: UNCHALLENGED
10:18:01.542 [Forwarding sendKeysToElement on session 7779b2387c255d5a18c0813e4e2daf98 to remote] DEBUG org.apache.http.impl.execchain.MainClientExec - Proxy auth state: UNCHALLENGED
10:18:01.542 [Forwarding sendKeysToElement on session 7779b2387c255d5a18c0813e4e2daf98 to remote] DEBUG org.apache.http.headers - http-outgoing-3 >> POST /session/7779b2387c255d5a18c0813e4e2daf98/element/0.37937454528560255-3/value HTTP/1.1
10:18:01.542 [Forwarding sendKeysToElement on session 7779b2387c255d5a18c0813e4e2daf98 to remote] DEBUG org.apache.http.headers - http-outgoing-3 >> Content-Type: application/json; charset=utf-8
10:18:01.542 [Forwarding sendKeysToElement on session 7779b2387c255d5a18c0813e4e2daf98 to remote] DEBUG org.apache.http.headers - http-outgoing-3 >> Content-Length: 47
10:18:01.542 [Forwarding sendKeysToElement on session 7779b2387c255d5a18c0813e4e2daf98 to remote] DEBUG org.apache.http.headers - http-outgoing-3 >> Host: localhost:14252
10:18:01.542 [Forwarding sendKeysToElement on session 7779b2387c255d5a18c0813e4e2daf98 to remote] DEBUG org.apache.http.headers - http-outgoing-3 >> Connection: Keep-Alive
10:18:01.542 [Forwarding sendKeysToElement on session 7779b2387c255d5a18c0813e4e2daf98 to remote] DEBUG org.apache.http.headers - http-outgoing-3 >> User-Agent: Apache-HttpClient/4.5.2 (Java/1.8.0_162)
10:18:01.542 [Forwarding sendKeysToElement on session 7779b2387c255d5a18c0813e4e2daf98 to remote] DEBUG org.apache.http.headers - http-outgoing-3 >> Accept-Encoding: gzip,deflate
10:18:01.542 [Forwarding sendKeysToElement on session 7779b2387c255d5a18c0813e4e2daf98 to remote] DEBUG org.apache.http.wire - http-outgoing-3 >> "POST /session/7779b2387c255d5a18c0813e4e2daf98/element/0.37937454528560255-3/value HTTP/1.1[\r][\n]"
10:18:01.542 [Forwarding sendKeysToElement on session 7779b2387c255d5a18c0813e4e2daf98 to remote] DEBUG org.apache.http.wire - http-outgoing-3 >> "Content-Type: application/json; charset=utf-8[\r][\n]"
10:18:01.542 [Forwarding sendKeysToElement on session 7779b2387c255d5a18c0813e4e2daf98 to remote] DEBUG org.apache.http.wire - http-outgoing-3 >> "Content-Length: 47[\r][\n]"
10:18:01.542 [Forwarding sendKeysToElement on session 7779b2387c255d5a18c0813e4e2daf98 to remote] DEBUG org.apache.http.wire - http-outgoing-3 >> "Host: localhost:14252[\r][\n]"
10:18:01.542 [Forwarding sendKeysToElement on session 7779b2387c255d5a18c0813e4e2daf98 to remote] DEBUG org.apache.http.wire - http-outgoing-3 >> "Connection: Keep-Alive[\r][\n]"
10:18:01.542 [Forwarding sendKeysToElement on session 7779b2387c255d5a18c0813e4e2daf98 to remote] DEBUG org.apache.http.wire - http-outgoing-3 >> "User-Agent: Apache-HttpClient/4.5.2 (Java/1.8.0_162)[\r][\n]"
10:18:01.542 [Forwarding sendKeysToElement on session 7779b2387c255d5a18c0813e4e2daf98 to remote] DEBUG org.apache.http.wire - http-outgoing-3 >> "Accept-Encoding: gzip,deflate[\r][\n]"
10:18:01.542 [Forwarding sendKeysToElement on session 7779b2387c255d5a18c0813e4e2daf98 to remote] DEBUG org.apache.http.wire - http-outgoing-3 >> "[\r][\n]"
10:18:01.542 [Forwarding sendKeysToElement on session 7779b2387c255d5a18c0813e4e2daf98 to remote] DEBUG org.apache.http.wire - http-outgoing-3 >> "{"id":"0.37937454528560255-3","value":["1234"]}"
10:18:01.572 [Forwarding sendKeysToElement on session 7779b2387c255d5a18c0813e4e2daf98 to remote] DEBUG org.apache.http.wire - http-outgoing-3 << "HTTP/1.1 200 OK[\r][\n]"
10:18:01.572 [Forwarding sendKeysToElement on session 7779b2387c255d5a18c0813e4e2daf98 to remote] DEBUG org.apache.http.wire - http-outgoing-3 << "Content-Length:72[\r][\n]"
10:18:01.572 [Forwarding sendKeysToElement on session 7779b2387c255d5a18c0813e4e2daf98 to remote] DEBUG org.apache.http.wire - http-outgoing-3 << "Content-Type:application/json; charset=utf-8[\r][\n]"
10:18:01.572 [Forwarding sendKeysToElement on session 7779b2387c255d5a18c0813e4e2daf98 to remote] DEBUG org.apache.http.wire - http-outgoing-3 << "[\r][\n]"
10:18:01.572 [Forwarding sendKeysToElement on session 7779b2387c255d5a18c0813e4e2daf98 to remote] DEBUG org.apache.http.wire - http-outgoing-3 << "{"sessionId":"7779b2387c255d5a18c0813e4e2daf98","status":0,"value":null}"
10:18:01.572 [Forwarding sendKeysToElement on session 7779b2387c255d5a18c0813e4e2daf98 to remote] DEBUG org.apache.http.headers - http-outgoing-3 << HTTP/1.1 200 OK
10:18:01.572 [Forwarding sendKeysToElement on session 7779b2387c255d5a18c0813e4e2daf98 to remote] DEBUG org.apache.http.headers - http-outgoing-3 << Content-Length:72
10:18:01.572 [Forwarding sendKeysToElement on session 7779b2387c255d5a18c0813e4e2daf98 to remote] DEBUG org.apache.http.headers - http-outgoing-3 << Content-Type:application/json; charset=utf-8
10:18:01.572 [Forwarding sendKeysToElement on session 7779b2387c255d5a18c0813e4e2daf98 to remote] DEBUG org.apache.http.impl.execchain.MainClientExec - Connection can be kept alive indefinitely
10:18:01.572 [Forwarding sendKeysToElement on session 7779b2387c255d5a18c0813e4e2daf98 to remote] DEBUG org.apache.http.impl.conn.PoolingHttpClientConnectionManager - Connection [id: 3][route: {}->http://localhost:14252] can be kept alive indefinitely
10:18:01.572 [Forwarding sendKeysToElement on session 7779b2387c255d5a18c0813e4e2daf98 to remote] DEBUG org.apache.http.impl.conn.PoolingHttpClientConnectionManager - Connection released: [id: 3][route: {}->http://localhost:14252][total kept alive: 1; route allocated: 1 of 2000; total allocated: 1 of 2000]
10:18:01.573 [Forwarding findElement on session 7779b2387c255d5a18c0813e4e2daf98 to remote] DEBUG org.apache.http.client.protocol.RequestAddCookies - CookieSpec selected: default
10:18:01.573 [Forwarding findElement on session 7779b2387c255d5a18c0813e4e2daf98 to remote] DEBUG org.apache.http.client.protocol.RequestAuthCache - Auth cache not set in the context
10:18:01.573 [Forwarding findElement on session 7779b2387c255d5a18c0813e4e2daf98 to remote] DEBUG org.apache.http.impl.conn.PoolingHttpClientConnectionManager - Connection request: [route: {}->http://localhost:14252][total kept alive: 1; route allocated: 1 of 2000; total allocated: 1 of 2000]
10:18:01.573 [Forwarding findElement on session 7779b2387c255d5a18c0813e4e2daf98 to remote] DEBUG org.apache.http.impl.conn.PoolingHttpClientConnectionManager - Connection leased: [id: 3][route: {}->http://localhost:14252][total kept alive: 0; route allocated: 1 of 2000; total allocated: 1 of 2000]
10:18:01.573 [Forwarding findElement on session 7779b2387c255d5a18c0813e4e2daf98 to remote] DEBUG org.apache.http.impl.execchain.MainClientExec - Stale connection check
10:18:01.588 [Forwarding findElement on session 7779b2387c255d5a18c0813e4e2daf98 to remote] DEBUG org.apache.http.wire - http-outgoing-3 << "[read] I/O error: Read timed out"
10:18:01.588 [Forwarding findElement on session 7779b2387c255d5a18c0813e4e2daf98 to remote] DEBUG org.apache.http.impl.conn.DefaultManagedHttpClientConnection - http-outgoing-3: set socket timeout to 10800000
10:18:01.588 [Forwarding findElement on session 7779b2387c255d5a18c0813e4e2daf98 to remote] DEBUG org.apache.http.impl.execchain.MainClientExec - Executing request POST /session/7779b2387c255d5a18c0813e4e2daf98/element HTTP/1.1
10:18:01.588 [Forwarding findElement on session 7779b2387c255d5a18c0813e4e2daf98 to remote] DEBUG org.apache.http.impl.execchain.MainClientExec - Target auth state: UNCHALLENGED
10:18:01.588 [Forwarding findElement on session 7779b2387c255d5a18c0813e4e2daf98 to remote] DEBUG org.apache.http.impl.execchain.MainClientExec - Proxy auth state: UNCHALLENGED
10:18:01.588 [Forwarding findElement on session 7779b2387c255d5a18c0813e4e2daf98 to remote] DEBUG org.apache.http.headers - http-outgoing-3 >> POST /session/7779b2387c255d5a18c0813e4e2daf98/element HTTP/1.1
10:18:01.588 [Forwarding findElement on session 7779b2387c255d5a18c0813e4e2daf98 to remote] DEBUG org.apache.http.headers - http-outgoing-3 >> Content-Type: application/json; charset=utf-8
10:18:01.588 [Forwarding findElement on session 7779b2387c255d5a18c0813e4e2daf98 to remote] DEBUG org.apache.http.headers - http-outgoing-3 >> Content-Length: 41
10:18:01.588 [Forwarding findElement on session 7779b2387c255d5a18c0813e4e2daf98 to remote] DEBUG org.apache.http.headers - http-outgoing-3 >> Host: localhost:14252
10:18:01.588 [Forwarding findElement on session 7779b2387c255d5a18c0813e4e2daf98 to remote] DEBUG org.apache.http.headers - http-outgoing-3 >> Connection: Keep-Alive
10:18:01.588 [Forwarding findElement on session 7779b2387c255d5a18c0813e4e2daf98 to remote] DEBUG org.apache.http.headers - http-outgoing-3 >> User-Agent: Apache-HttpClient/4.5.2 (Java/1.8.0_162)
10:18:01.588 [Forwarding findElement on session 7779b2387c255d5a18c0813e4e2daf98 to remote] DEBUG org.apache.http.headers - http-outgoing-3 >> Accept-Encoding: gzip,deflate
10:18:01.588 [Forwarding findElement on session 7779b2387c255d5a18c0813e4e2daf98 to remote] DEBUG org.apache.http.wire - http-outgoing-3 >> "POST /session/7779b2387c255d5a18c0813e4e2daf98/element HTTP/1.1[\r][\n]"
10:18:01.588 [Forwarding findElement on session 7779b2387c255d5a18c0813e4e2daf98 to remote] DEBUG org.apache.http.wire - http-outgoing-3 >> "Content-Type: application/json; charset=utf-8[\r][\n]"
10:18:01.588 [Forwarding findElement on session 7779b2387c255d5a18c0813e4e2daf98 to remote] DEBUG org.apache.http.wire - http-outgoing-3 >> "Content-Length: 41[\r][\n]"
10:18:01.588 [Forwarding findElement on session 7779b2387c255d5a18c0813e4e2daf98 to remote] DEBUG org.apache.http.wire - http-outgoing-3 >> "Host: localhost:14252[\r][\n]"
10:18:01.588 [Forwarding findElement on session 7779b2387c255d5a18c0813e4e2daf98 to remote] DEBUG org.apache.http.wire - http-outgoing-3 >> "Connection: Keep-Alive[\r][\n]"
10:18:01.588 [Forwarding findElement on session 7779b2387c255d5a18c0813e4e2daf98 to remote] DEBUG org.apache.http.wire - http-outgoing-3 >> "User-Agent: Apache-HttpClient/4.5.2 (Java/1.8.0_162)[\r][\n]"
10:18:01.588 [Forwarding findElement on session 7779b2387c255d5a18c0813e4e2daf98 to remote] DEBUG org.apache.http.wire - http-outgoing-3 >> "Accept-Encoding: gzip,deflate[\r][\n]"
10:18:01.588 [Forwarding findElement on session 7779b2387c255d5a18c0813e4e2daf98 to remote] DEBUG org.apache.http.wire - http-outgoing-3 >> "[\r][\n]"
10:18:01.588 [Forwarding findElement on session 7779b2387c255d5a18c0813e4e2daf98 to remote] DEBUG org.apache.http.wire - http-outgoing-3 >> "{"using":"class name","value":"loginBtn"}"
10:18:01.596 [Forwarding findElement on session 7779b2387c255d5a18c0813e4e2daf98 to remote] DEBUG org.apache.http.wire - http-outgoing-3 << "HTTP/1.1 200 OK[\r][\n]"
10:18:01.596 [Forwarding findElement on session 7779b2387c255d5a18c0813e4e2daf98 to remote] DEBUG org.apache.http.wire - http-outgoing-3 << "Content-Length:103[\r][\n]"
10:18:01.596 [Forwarding findElement on session 7779b2387c255d5a18c0813e4e2daf98 to remote] DEBUG org.apache.http.wire - http-outgoing-3 << "Content-Type:application/json; charset=utf-8[\r][\n]"
10:18:01.596 [Forwarding findElement on session 7779b2387c255d5a18c0813e4e2daf98 to remote] DEBUG org.apache.http.wire - http-outgoing-3 << "[\r][\n]"
10:18:01.596 [Forwarding findElement on session 7779b2387c255d5a18c0813e4e2daf98 to remote] DEBUG org.apache.http.wire - http-outgoing-3 << "{"sessionId":"7779b2387c255d5a18c0813e4e2daf98","status":0,"value":{"ELEMENT":"0.37937454528560255-4"}}"
10:18:01.596 [Forwarding findElement on session 7779b2387c255d5a18c0813e4e2daf98 to remote] DEBUG org.apache.http.headers - http-outgoing-3 << HTTP/1.1 200 OK
10:18:01.596 [Forwarding findElement on session 7779b2387c255d5a18c0813e4e2daf98 to remote] DEBUG org.apache.http.headers - http-outgoing-3 << Content-Length:103
10:18:01.596 [Forwarding findElement on session 7779b2387c255d5a18c0813e4e2daf98 to remote] DEBUG org.apache.http.headers - http-outgoing-3 << Content-Type:application/json; charset=utf-8
10:18:01.596 [Forwarding findElement on session 7779b2387c255d5a18c0813e4e2daf98 to remote] DEBUG org.apache.http.impl.execchain.MainClientExec - Connection can be kept alive indefinitely
10:18:01.596 [Forwarding findElement on session 7779b2387c255d5a18c0813e4e2daf98 to remote] DEBUG org.apache.http.impl.conn.PoolingHttpClientConnectionManager - Connection [id: 3][route: {}->http://localhost:14252] can be kept alive indefinitely
10:18:01.596 [Forwarding findElement on session 7779b2387c255d5a18c0813e4e2daf98 to remote] DEBUG org.apache.http.impl.conn.PoolingHttpClientConnectionManager - Connection released: [id: 3][route: {}->http://localhost:14252][total kept alive: 1; route allocated: 1 of 2000; total allocated: 1 of 2000]
10:18:01.596 [Forwarding submitElement on session 7779b2387c255d5a18c0813e4e2daf98 to remote] DEBUG org.apache.http.client.protocol.RequestAddCookies - CookieSpec selected: default
10:18:01.596 [Forwarding submitElement on session 7779b2387c255d5a18c0813e4e2daf98 to remote] DEBUG org.apache.http.client.protocol.RequestAuthCache - Auth cache not set in the context
10:18:01.596 [Forwarding submitElement on session 7779b2387c255d5a18c0813e4e2daf98 to remote] DEBUG org.apache.http.impl.conn.PoolingHttpClientConnectionManager - Connection request: [route: {}->http://localhost:14252][total kept alive: 1; route allocated: 1 of 2000; total allocated: 1 of 2000]
10:18:01.596 [Forwarding submitElement on session 7779b2387c255d5a18c0813e4e2daf98 to remote] DEBUG org.apache.http.impl.conn.PoolingHttpClientConnectionManager - Connection leased: [id: 3][route: {}->http://localhost:14252][total kept alive: 0; route allocated: 1 of 2000; total allocated: 1 of 2000]
10:18:01.596 [Forwarding submitElement on session 7779b2387c255d5a18c0813e4e2daf98 to remote] DEBUG org.apache.http.impl.execchain.MainClientExec - Stale connection check
10:18:01.604 [Forwarding submitElement on session 7779b2387c255d5a18c0813e4e2daf98 to remote] DEBUG org.apache.http.wire - http-outgoing-3 << "[read] I/O error: Read timed out"
10:18:01.604 [Forwarding submitElement on session 7779b2387c255d5a18c0813e4e2daf98 to remote] DEBUG org.apache.http.impl.conn.DefaultManagedHttpClientConnection - http-outgoing-3: set socket timeout to 10800000
10:18:01.604 [Forwarding submitElement on session 7779b2387c255d5a18c0813e4e2daf98 to remote] DEBUG org.apache.http.impl.execchain.MainClientExec - Executing request POST /session/7779b2387c255d5a18c0813e4e2daf98/element/0.37937454528560255-4/submit HTTP/1.1
10:18:01.604 [Forwarding submitElement on session 7779b2387c255d5a18c0813e4e2daf98 to remote] DEBUG org.apache.http.impl.execchain.MainClientExec - Target auth state: UNCHALLENGED
10:18:01.604 [Forwarding submitElement on session 7779b2387c255d5a18c0813e4e2daf98 to remote] DEBUG org.apache.http.impl.execchain.MainClientExec - Proxy auth state: UNCHALLENGED
10:18:01.604 [Forwarding submitElement on session 7779b2387c255d5a18c0813e4e2daf98 to remote] DEBUG org.apache.http.headers - http-outgoing-3 >> POST /session/7779b2387c255d5a18c0813e4e2daf98/element/0.37937454528560255-4/submit HTTP/1.1
10:18:01.604 [Forwarding submitElement on session 7779b2387c255d5a18c0813e4e2daf98 to remote] DEBUG org.apache.http.headers - http-outgoing-3 >> Content-Type: application/json; charset=utf-8
10:18:01.604 [Forwarding submitElement on session 7779b2387c255d5a18c0813e4e2daf98 to remote] DEBUG org.apache.http.headers - http-outgoing-3 >> Content-Length: 30
10:18:01.604 [Forwarding submitElement on session 7779b2387c255d5a18c0813e4e2daf98 to remote] DEBUG org.apache.http.headers - http-outgoing-3 >> Host: localhost:14252
10:18:01.604 [Forwarding submitElement on session 7779b2387c255d5a18c0813e4e2daf98 to remote] DEBUG org.apache.http.headers - http-outgoing-3 >> Connection: Keep-Alive
10:18:01.604 [Forwarding submitElement on session 7779b2387c255d5a18c0813e4e2daf98 to remote] DEBUG org.apache.http.headers - http-outgoing-3 >> User-Agent: Apache-HttpClient/4.5.2 (Java/1.8.0_162)
10:18:01.604 [Forwarding submitElement on session 7779b2387c255d5a18c0813e4e2daf98 to remote] DEBUG org.apache.http.headers - http-outgoing-3 >> Accept-Encoding: gzip,deflate
10:18:01.604 [Forwarding submitElement on session 7779b2387c255d5a18c0813e4e2daf98 to remote] DEBUG org.apache.http.wire - http-outgoing-3 >> "POST /session/7779b2387c255d5a18c0813e4e2daf98/element/0.37937454528560255-4/submit HTTP/1.1[\r][\n]"
10:18:01.604 [Forwarding submitElement on session 7779b2387c255d5a18c0813e4e2daf98 to remote] DEBUG org.apache.http.wire - http-outgoing-3 >> "Content-Type: application/json; charset=utf-8[\r][\n]"
10:18:01.604 [Forwarding submitElement on session 7779b2387c255d5a18c0813e4e2daf98 to remote] DEBUG org.apache.http.wire - http-outgoing-3 >> "Content-Length: 30[\r][\n]"
10:18:01.604 [Forwarding submitElement on session 7779b2387c255d5a18c0813e4e2daf98 to remote] DEBUG org.apache.http.wire - http-outgoing-3 >> "Host: localhost:14252[\r][\n]"
10:18:01.604 [Forwarding submitElement on session 7779b2387c255d5a18c0813e4e2daf98 to remote] DEBUG org.apache.http.wire - http-outgoing-3 >> "Connection: Keep-Alive[\r][\n]"
10:18:01.604 [Forwarding submitElement on session 7779b2387c255d5a18c0813e4e2daf98 to remote] DEBUG org.apache.http.wire - http-outgoing-3 >> "User-Agent: Apache-HttpClient/4.5.2 (Java/1.8.0_162)[\r][\n]"
10:18:01.604 [Forwarding submitElement on session 7779b2387c255d5a18c0813e4e2daf98 to remote] DEBUG org.apache.http.wire - http-outgoing-3 >> "Accept-Encoding: gzip,deflate[\r][\n]"
10:18:01.604 [Forwarding submitElement on session 7779b2387c255d5a18c0813e4e2daf98 to remote] DEBUG org.apache.http.wire - http-outgoing-3 >> "[\r][\n]"
10:18:01.604 [Forwarding submitElement on session 7779b2387c255d5a18c0813e4e2daf98 to remote] DEBUG org.apache.http.wire - http-outgoing-3 >> "{"id":"0.37937454528560255-4"}"
10:18:02.469 [Forwarding submitElement on session 7779b2387c255d5a18c0813e4e2daf98 to remote] DEBUG org.apache.http.wire - http-outgoing-3 << "HTTP/1.1 200 OK[\r][\n]"
10:18:02.469 [Forwarding submitElement on session 7779b2387c255d5a18c0813e4e2daf98 to remote] DEBUG org.apache.http.wire - http-outgoing-3 << "Content-Length:72[\r][\n]"
10:18:02.469 [Forwarding submitElement on session 7779b2387c255d5a18c0813e4e2daf98 to remote] DEBUG org.apache.http.wire - http-outgoing-3 << "Content-Type:application/json; charset=utf-8[\r][\n]"
10:18:02.469 [Forwarding submitElement on session 7779b2387c255d5a18c0813e4e2daf98 to remote] DEBUG org.apache.http.wire - http-outgoing-3 << "[\r][\n]"
10:18:02.469 [Forwarding submitElement on session 7779b2387c255d5a18c0813e4e2daf98 to remote] DEBUG org.apache.http.wire - http-outgoing-3 << "{"sessionId":"7779b2387c255d5a18c0813e4e2daf98","status":0,"value":null}"
10:18:02.469 [Forwarding submitElement on session 7779b2387c255d5a18c0813e4e2daf98 to remote] DEBUG org.apache.http.headers - http-outgoing-3 << HTTP/1.1 200 OK
10:18:02.469 [Forwarding submitElement on session 7779b2387c255d5a18c0813e4e2daf98 to remote] DEBUG org.apache.http.headers - http-outgoing-3 << Content-Length:72
10:18:02.469 [Forwarding submitElement on session 7779b2387c255d5a18c0813e4e2daf98 to remote] DEBUG org.apache.http.headers - http-outgoing-3 << Content-Type:application/json; charset=utf-8
10:18:02.469 [Forwarding submitElement on session 7779b2387c255d5a18c0813e4e2daf98 to remote] DEBUG org.apache.http.impl.execchain.MainClientExec - Connection can be kept alive indefinitely
10:18:02.469 [Forwarding submitElement on session 7779b2387c255d5a18c0813e4e2daf98 to remote] DEBUG org.apache.http.impl.conn.PoolingHttpClientConnectionManager - Connection [id: 3][route: {}->http://localhost:14252] can be kept alive indefinitely
10:18:02.469 [Forwarding submitElement on session 7779b2387c255d5a18c0813e4e2daf98 to remote] DEBUG org.apache.http.impl.conn.PoolingHttpClientConnectionManager - Connection released: [id: 3][route: {}->http://localhost:14252][total kept alive: 1; route allocated: 1 of 2000; total allocated: 1 of 2000]
10:18:05.471 [Forwarding findElement on session 7779b2387c255d5a18c0813e4e2daf98 to remote] DEBUG org.apache.http.client.protocol.RequestAddCookies - CookieSpec selected: default
10:18:05.471 [Forwarding findElement on session 7779b2387c255d5a18c0813e4e2daf98 to remote] DEBUG org.apache.http.client.protocol.RequestAuthCache - Auth cache not set in the context
10:18:05.471 [Forwarding findElement on session 7779b2387c255d5a18c0813e4e2daf98 to remote] DEBUG org.apache.http.impl.conn.PoolingHttpClientConnectionManager - Connection request: [route: {}->http://localhost:14252][total kept alive: 1; route allocated: 1 of 2000; total allocated: 1 of 2000]
10:18:05.486 [Forwarding findElement on session 7779b2387c255d5a18c0813e4e2daf98 to remote] DEBUG org.apache.http.wire - http-outgoing-3 << "[read] I/O error: Read timed out"
10:18:05.486 [Forwarding findElement on session 7779b2387c255d5a18c0813e4e2daf98 to remote] DEBUG org.apache.http.impl.conn.PoolingHttpClientConnectionManager - Connection leased: [id: 3][route: {}->http://localhost:14252][total kept alive: 0; route allocated: 1 of 2000; total allocated: 1 of 2000]
10:18:05.486 [Forwarding findElement on session 7779b2387c255d5a18c0813e4e2daf98 to remote] DEBUG org.apache.http.impl.execchain.MainClientExec - Stale connection check
10:18:05.501 [Forwarding findElement on session 7779b2387c255d5a18c0813e4e2daf98 to remote] DEBUG org.apache.http.wire - http-outgoing-3 << "[read] I/O error: Read timed out"
10:18:05.501 [Forwarding findElement on session 7779b2387c255d5a18c0813e4e2daf98 to remote] DEBUG org.apache.http.impl.conn.DefaultManagedHttpClientConnection - http-outgoing-3: set socket timeout to 10800000
10:18:05.501 [Forwarding findElement on session 7779b2387c255d5a18c0813e4e2daf98 to remote] DEBUG org.apache.http.impl.execchain.MainClientExec - Executing request POST /session/7779b2387c255d5a18c0813e4e2daf98/element HTTP/1.1
10:18:05.501 [Forwarding findElement on session 7779b2387c255d5a18c0813e4e2daf98 to remote] DEBUG org.apache.http.impl.execchain.MainClientExec - Target auth state: UNCHALLENGED
10:18:05.501 [Forwarding findElement on session 7779b2387c255d5a18c0813e4e2daf98 to remote] DEBUG org.apache.http.impl.execchain.MainClientExec - Proxy auth state: UNCHALLENGED
10:18:05.501 [Forwarding findElement on session 7779b2387c255d5a18c0813e4e2daf98 to remote] DEBUG org.apache.http.headers - http-outgoing-3 >> POST /session/7779b2387c255d5a18c0813e4e2daf98/element HTTP/1.1
10:18:05.501 [Forwarding findElement on session 7779b2387c255d5a18c0813e4e2daf98 to remote] DEBUG org.apache.http.headers - http-outgoing-3 >> Content-Type: application/json; charset=utf-8
10:18:05.501 [Forwarding findElement on session 7779b2387c255d5a18c0813e4e2daf98 to remote] DEBUG org.apache.http.headers - http-outgoing-3 >> Content-Length: 72
10:18:05.501 [Forwarding findElement on session 7779b2387c255d5a18c0813e4e2daf98 to remote] DEBUG org.apache.http.headers - http-outgoing-3 >> Host: localhost:14252
10:18:05.501 [Forwarding findElement on session 7779b2387c255d5a18c0813e4e2daf98 to remote] DEBUG org.apache.http.headers - http-outgoing-3 >> Connection: Keep-Alive
10:18:05.501 [Forwarding findElement on session 7779b2387c255d5a18c0813e4e2daf98 to remote] DEBUG org.apache.http.headers - http-outgoing-3 >> User-Agent: Apache-HttpClient/4.5.2 (Java/1.8.0_162)
10:18:05.501 [Forwarding findElement on session 7779b2387c255d5a18c0813e4e2daf98 to remote] DEBUG org.apache.http.headers - http-outgoing-3 >> Accept-Encoding: gzip,deflate
10:18:05.501 [Forwarding findElement on session 7779b2387c255d5a18c0813e4e2daf98 to remote] DEBUG org.apache.http.wire - http-outgoing-3 >> "POST /session/7779b2387c255d5a18c0813e4e2daf98/element HTTP/1.1[\r][\n]"
10:18:05.501 [Forwarding findElement on session 7779b2387c255d5a18c0813e4e2daf98 to remote] DEBUG org.apache.http.wire - http-outgoing-3 >> "Content-Type: application/json; charset=utf-8[\r][\n]"
10:18:05.501 [Forwarding findElement on session 7779b2387c255d5a18c0813e4e2daf98 to remote] DEBUG org.apache.http.wire - http-outgoing-3 >> "Content-Length: 72[\r][\n]"
10:18:05.501 [Forwarding findElement on session 7779b2387c255d5a18c0813e4e2daf98 to remote] DEBUG org.apache.http.wire - http-outgoing-3 >> "Host: localhost:14252[\r][\n]"
10:18:05.501 [Forwarding findElement on session 7779b2387c255d5a18c0813e4e2daf98 to remote] DEBUG org.apache.http.wire - http-outgoing-3 >> "Connection: Keep-Alive[\r][\n]"
10:18:05.501 [Forwarding findElement on session 7779b2387c255d5a18c0813e4e2daf98 to remote] DEBUG org.apache.http.wire - http-outgoing-3 >> "User-Agent: Apache-HttpClient/4.5.2 (Java/1.8.0_162)[\r][\n]"
10:18:05.501 [Forwarding findElement on session 7779b2387c255d5a18c0813e4e2daf98 to remote] DEBUG org.apache.http.wire - http-outgoing-3 >> "Accept-Encoding: gzip,deflate[\r][\n]"
10:18:05.501 [Forwarding findElement on session 7779b2387c255d5a18c0813e4e2daf98 to remote] DEBUG org.apache.http.wire - http-outgoing-3 >> "[\r][\n]"
10:18:05.501 [Forwarding findElement on session 7779b2387c255d5a18c0813e4e2daf98 to remote] DEBUG org.apache.http.wire - http-outgoing-3 >> "{"using":"xpath","value":"//div[@class=\"ef-modal v-transfer-dom\"]//i"}"
10:18:05.513 [Forwarding findElement on session 7779b2387c255d5a18c0813e4e2daf98 to remote] DEBUG org.apache.http.wire - http-outgoing-3 << "HTTP/1.1 200 OK[\r][\n]"
10:18:05.513 [Forwarding findElement on session 7779b2387c255d5a18c0813e4e2daf98 to remote] DEBUG org.apache.http.wire - http-outgoing-3 << "Content-Length:102[\r][\n]"
10:18:05.513 [Forwarding findElement on session 7779b2387c255d5a18c0813e4e2daf98 to remote] DEBUG org.apache.http.wire - http-outgoing-3 << "Content-Type:application/json; charset=utf-8[\r][\n]"
10:18:05.513 [Forwarding findElement on session 7779b2387c255d5a18c0813e4e2daf98 to remote] DEBUG org.apache.http.wire - http-outgoing-3 << "[\r][\n]"
10:18:05.513 [Forwarding findElement on session 7779b2387c255d5a18c0813e4e2daf98 to remote] DEBUG org.apache.http.wire - http-outgoing-3 << "{"sessionId":"7779b2387c255d5a18c0813e4e2daf98","status":0,"value":{"ELEMENT":"0.9253431269277517-1"}}"
10:18:05.513 [Forwarding findElement on session 7779b2387c255d5a18c0813e4e2daf98 to remote] DEBUG org.apache.http.headers - http-outgoing-3 << HTTP/1.1 200 OK
10:18:05.513 [Forwarding findElement on session 7779b2387c255d5a18c0813e4e2daf98 to remote] DEBUG org.apache.http.headers - http-outgoing-3 << Content-Length:102
10:18:05.513 [Forwarding findElement on session 7779b2387c255d5a18c0813e4e2daf98 to remote] DEBUG org.apache.http.headers - http-outgoing-3 << Content-Type:application/json; charset=utf-8
10:18:05.513 [Forwarding findElement on session 7779b2387c255d5a18c0813e4e2daf98 to remote] DEBUG org.apache.http.impl.execchain.MainClientExec - Connection can be kept alive indefinitely
10:18:05.514 [Forwarding findElement on session 7779b2387c255d5a18c0813e4e2daf98 to remote] DEBUG org.apache.http.impl.conn.PoolingHttpClientConnectionManager - Connection [id: 3][route: {}->http://localhost:14252] can be kept alive indefinitely
10:18:05.514 [Forwarding findElement on session 7779b2387c255d5a18c0813e4e2daf98 to remote] DEBUG org.apache.http.impl.conn.PoolingHttpClientConnectionManager - Connection released: [id: 3][route: {}->http://localhost:14252][total kept alive: 1; route allocated: 1 of 2000; total allocated: 1 of 2000]
10:18:05.514 [Forwarding clickElement on session 7779b2387c255d5a18c0813e4e2daf98 to remote] DEBUG org.apache.http.client.protocol.RequestAddCookies - CookieSpec selected: default
10:18:05.514 [Forwarding clickElement on session 7779b2387c255d5a18c0813e4e2daf98 to remote] DEBUG org.apache.http.client.protocol.RequestAuthCache - Auth cache not set in the context
10:18:05.514 [Forwarding clickElement on session 7779b2387c255d5a18c0813e4e2daf98 to remote] DEBUG org.apache.http.impl.conn.PoolingHttpClientConnectionManager - Connection request: [route: {}->http://localhost:14252][total kept alive: 1; route allocated: 1 of 2000; total allocated: 1 of 2000]
10:18:05.514 [Forwarding clickElement on session 7779b2387c255d5a18c0813e4e2daf98 to remote] DEBUG org.apache.http.impl.conn.PoolingHttpClientConnectionManager - Connection leased: [id: 3][route: {}->http://localhost:14252][total kept alive: 0; route allocated: 1 of 2000; total allocated: 1 of 2000]
10:18:05.514 [Forwarding clickElement on session 7779b2387c255d5a18c0813e4e2daf98 to remote] DEBUG org.apache.http.impl.execchain.MainClientExec - Stale connection check
10:18:05.517 [Forwarding clickElement on session 7779b2387c255d5a18c0813e4e2daf98 to remote] DEBUG org.apache.http.wire - http-outgoing-3 << "[read] I/O error: Read timed out"
10:18:05.517 [Forwarding clickElement on session 7779b2387c255d5a18c0813e4e2daf98 to remote] DEBUG org.apache.http.impl.conn.DefaultManagedHttpClientConnection - http-outgoing-3: set socket timeout to 10800000
10:18:05.517 [Forwarding clickElement on session 7779b2387c255d5a18c0813e4e2daf98 to remote] DEBUG org.apache.http.impl.execchain.MainClientExec - Executing request POST /session/7779b2387c255d5a18c0813e4e2daf98/element/0.9253431269277517-1/click HTTP/1.1
10:18:05.517 [Forwarding clickElement on session 7779b2387c255d5a18c0813e4e2daf98 to remote] DEBUG org.apache.http.impl.execchain.MainClientExec - Target auth state: UNCHALLENGED
10:18:05.517 [Forwarding clickElement on session 7779b2387c255d5a18c0813e4e2daf98 to remote] DEBUG org.apache.http.impl.execchain.MainClientExec - Proxy auth state: UNCHALLENGED
10:18:05.517 [Forwarding clickElement on session 7779b2387c255d5a18c0813e4e2daf98 to remote] DEBUG org.apache.http.headers - http-outgoing-3 >> POST /session/7779b2387c255d5a18c0813e4e2daf98/element/0.9253431269277517-1/click HTTP/1.1
10:18:05.517 [Forwarding clickElement on session 7779b2387c255d5a18c0813e4e2daf98 to remote] DEBUG org.apache.http.headers - http-outgoing-3 >> Content-Type: application/json; charset=utf-8
10:18:05.517 [Forwarding clickElement on session 7779b2387c255d5a18c0813e4e2daf98 to remote] DEBUG org.apache.http.headers - http-outgoing-3 >> Content-Length: 29
10:18:05.517 [Forwarding clickElement on session 7779b2387c255d5a18c0813e4e2daf98 to remote] DEBUG org.apache.http.headers - http-outgoing-3 >> Host: localhost:14252
10:18:05.517 [Forwarding clickElement on session 7779b2387c255d5a18c0813e4e2daf98 to remote] DEBUG org.apache.http.headers - http-outgoing-3 >> Connection: Keep-Alive
10:18:05.517 [Forwarding clickElement on session 7779b2387c255d5a18c0813e4e2daf98 to remote] DEBUG org.apache.http.headers - http-outgoing-3 >> User-Agent: Apache-HttpClient/4.5.2 (Java/1.8.0_162)
10:18:05.517 [Forwarding clickElement on session 7779b2387c255d5a18c0813e4e2daf98 to remote] DEBUG org.apache.http.headers - http-outgoing-3 >> Accept-Encoding: gzip,deflate
10:18:05.517 [Forwarding clickElement on session 7779b2387c255d5a18c0813e4e2daf98 to remote] DEBUG org.apache.http.wire - http-outgoing-3 >> "POST /session/7779b2387c255d5a18c0813e4e2daf98/element/0.9253431269277517-1/click HTTP/1.1[\r][\n]"
10:18:05.517 [Forwarding clickElement on session 7779b2387c255d5a18c0813e4e2daf98 to remote] DEBUG org.apache.http.wire - http-outgoing-3 >> "Content-Type: application/json; charset=utf-8[\r][\n]"
10:18:05.517 [Forwarding clickElement on session 7779b2387c255d5a18c0813e4e2daf98 to remote] DEBUG org.apache.http.wire - http-outgoing-3 >> "Content-Length: 29[\r][\n]"
10:18:05.517 [Forwarding clickElement on session 7779b2387c255d5a18c0813e4e2daf98 to remote] DEBUG org.apache.http.wire - http-outgoing-3 >> "Host: localhost:14252[\r][\n]"
10:18:05.517 [Forwarding clickElement on session 7779b2387c255d5a18c0813e4e2daf98 to remote] DEBUG org.apache.http.wire - http-outgoing-3 >> "Connection: Keep-Alive[\r][\n]"
10:18:05.517 [Forwarding clickElement on session 7779b2387c255d5a18c0813e4e2daf98 to remote] DEBUG org.apache.http.wire - http-outgoing-3 >> "User-Agent: Apache-HttpClient/4.5.2 (Java/1.8.0_162)[\r][\n]"
10:18:05.517 [Forwarding clickElement on session 7779b2387c255d5a18c0813e4e2daf98 to remote] DEBUG org.apache.http.wire - http-outgoing-3 >> "Accept-Encoding: gzip,deflate[\r][\n]"
10:18:05.517 [Forwarding clickElement on session 7779b2387c255d5a18c0813e4e2daf98 to remote] DEBUG org.apache.http.wire - http-outgoing-3 >> "[\r][\n]"
10:18:05.517 [Forwarding clickElement on session 7779b2387c255d5a18c0813e4e2daf98 to remote] DEBUG org.apache.http.wire - http-outgoing-3 >> "{"id":"0.9253431269277517-1"}"
10:18:05.547 [Forwarding clickElement on session 7779b2387c255d5a18c0813e4e2daf98 to remote] DEBUG org.apache.http.wire - http-outgoing-3 << "HTTP/1.1 200 OK[\r][\n]"
10:18:05.547 [Forwarding clickElement on session 7779b2387c255d5a18c0813e4e2daf98 to remote] DEBUG org.apache.http.wire - http-outgoing-3 << "Content-Length:72[\r][\n]"
10:18:05.547 [Forwarding clickElement on session 7779b2387c255d5a18c0813e4e2daf98 to remote] DEBUG org.apache.http.wire - http-outgoing-3 << "Content-Type:application/json; charset=utf-8[\r][\n]"
10:18:05.547 [Forwarding clickElement on session 7779b2387c255d5a18c0813e4e2daf98 to remote] DEBUG org.apache.http.wire - http-outgoing-3 << "[\r][\n]"
10:18:05.547 [Forwarding clickElement on session 7779b2387c255d5a18c0813e4e2daf98 to remote] DEBUG org.apache.http.wire - http-outgoing-3 << "{"sessionId":"7779b2387c255d5a18c0813e4e2daf98","status":0,"value":null}"
10:18:05.547 [Forwarding clickElement on session 7779b2387c255d5a18c0813e4e2daf98 to remote] DEBUG org.apache.http.headers - http-outgoing-3 << HTTP/1.1 200 OK
10:18:05.547 [Forwarding clickElement on session 7779b2387c255d5a18c0813e4e2daf98 to remote] DEBUG org.apache.http.headers - http-outgoing-3 << Content-Length:72
10:18:05.547 [Forwarding clickElement on session 7779b2387c255d5a18c0813e4e2daf98 to remote] DEBUG org.apache.http.headers - http-outgoing-3 << Content-Type:application/json; charset=utf-8
10:18:05.547 [Forwarding clickElement on session 7779b2387c255d5a18c0813e4e2daf98 to remote] DEBUG org.apache.http.impl.execchain.MainClientExec - Connection can be kept alive indefinitely
10:18:05.547 [Forwarding clickElement on session 7779b2387c255d5a18c0813e4e2daf98 to remote] DEBUG org.apache.http.impl.conn.PoolingHttpClientConnectionManager - Connection [id: 3][route: {}->http://localhost:14252] can be kept alive indefinitely
10:18:05.547 [Forwarding clickElement on session 7779b2387c255d5a18c0813e4e2daf98 to remote] DEBUG org.apache.http.impl.conn.PoolingHttpClientConnectionManager - Connection released: [id: 3][route: {}->http://localhost:14252][total kept alive: 1; route allocated: 1 of 2000; total allocated: 1 of 2000]
10:18:05.548 [Forwarding findElement on session 7779b2387c255d5a18c0813e4e2daf98 to remote] DEBUG org.apache.http.client.protocol.RequestAddCookies - CookieSpec selected: default
10:18:05.548 [Forwarding findElement on session 7779b2387c255d5a18c0813e4e2daf98 to remote] DEBUG org.apache.http.client.protocol.RequestAuthCache - Auth cache not set in the context
10:18:05.548 [Forwarding findElement on session 7779b2387c255d5a18c0813e4e2daf98 to remote] DEBUG org.apache.http.impl.conn.PoolingHttpClientConnectionManager - Connection request: [route: {}->http://localhost:14252][total kept alive: 1; route allocated: 1 of 2000; total allocated: 1 of 2000]
10:18:05.548 [Forwarding findElement on session 7779b2387c255d5a18c0813e4e2daf98 to remote] DEBUG org.apache.http.impl.conn.PoolingHttpClientConnectionManager - Connection leased: [id: 3][route: {}->http://localhost:14252][total kept alive: 0; route allocated: 1 of 2000; total allocated: 1 of 2000]
10:18:05.548 [Forwarding findElement on session 7779b2387c255d5a18c0813e4e2daf98 to remote] DEBUG org.apache.http.impl.execchain.MainClientExec - Stale connection check
10:18:05.564 [Forwarding findElement on session 7779b2387c255d5a18c0813e4e2daf98 to remote] DEBUG org.apache.http.wire - http-outgoing-3 << "[read] I/O error: Read timed out"
10:18:05.564 [Forwarding findElement on session 7779b2387c255d5a18c0813e4e2daf98 to remote] DEBUG org.apache.http.impl.conn.DefaultManagedHttpClientConnection - http-outgoing-3: set socket timeout to 10800000
10:18:05.564 [Forwarding findElement on session 7779b2387c255d5a18c0813e4e2daf98 to remote] DEBUG org.apache.http.impl.execchain.MainClientExec - Executing request POST /session/7779b2387c255d5a18c0813e4e2daf98/element HTTP/1.1
10:18:05.564 [Forwarding findElement on session 7779b2387c255d5a18c0813e4e2daf98 to remote] DEBUG org.apache.http.impl.execchain.MainClientExec - Target auth state: UNCHALLENGED
10:18:05.564 [Forwarding findElement on session 7779b2387c255d5a18c0813e4e2daf98 to remote] DEBUG org.apache.http.impl.execchain.MainClientExec - Proxy auth state: UNCHALLENGED
10:18:05.564 [Forwarding findElement on session 7779b2387c255d5a18c0813e4e2daf98 to remote] DEBUG org.apache.http.headers - http-outgoing-3 >> POST /session/7779b2387c255d5a18c0813e4e2daf98/element HTTP/1.1
10:18:05.564 [Forwarding findElement on session 7779b2387c255d5a18c0813e4e2daf98 to remote] DEBUG org.apache.http.headers - http-outgoing-3 >> Content-Type: application/json; charset=utf-8
10:18:05.564 [Forwarding findElement on session 7779b2387c255d5a18c0813e4e2daf98 to remote] DEBUG org.apache.http.headers - http-outgoing-3 >> Content-Length: 60
10:18:05.564 [Forwarding findElement on session 7779b2387c255d5a18c0813e4e2daf98 to remote] DEBUG org.apache.http.headers - http-outgoing-3 >> Host: localhost:14252
10:18:05.564 [Forwarding findElement on session 7779b2387c255d5a18c0813e4e2daf98 to remote] DEBUG org.apache.http.headers - http-outgoing-3 >> Connection: Keep-Alive
10:18:05.564 [Forwarding findElement on session 7779b2387c255d5a18c0813e4e2daf98 to remote] DEBUG org.apache.http.headers - http-outgoing-3 >> User-Agent: Apache-HttpClient/4.5.2 (Java/1.8.0_162)
10:18:05.564 [Forwarding findElement on session 7779b2387c255d5a18c0813e4e2daf98 to remote] DEBUG org.apache.http.headers - http-outgoing-3 >> Accept-Encoding: gzip,deflate
10:18:05.564 [Forwarding findElement on session 7779b2387c255d5a18c0813e4e2daf98 to remote] DEBUG org.apache.http.wire - http-outgoing-3 >> "POST /session/7779b2387c255d5a18c0813e4e2daf98/element HTTP/1.1[\r][\n]"
10:18:05.564 [Forwarding findElement on session 7779b2387c255d5a18c0813e4e2daf98 to remote] DEBUG org.apache.http.wire - http-outgoing-3 >> "Content-Type: application/json; charset=utf-8[\r][\n]"
10:18:05.564 [Forwarding findElement on session 7779b2387c255d5a18c0813e4e2daf98 to remote] DEBUG org.apache.http.wire - http-outgoing-3 >> "Content-Length: 60[\r][\n]"
10:18:05.564 [Forwarding findElement on session 7779b2387c255d5a18c0813e4e2daf98 to remote] DEBUG org.apache.http.wire - http-outgoing-3 >> "Host: localhost:14252[\r][\n]"
10:18:05.564 [Forwarding findElement on session 7779b2387c255d5a18c0813e4e2daf98 to remote] DEBUG org.apache.http.wire - http-outgoing-3 >> "Connection: Keep-Alive[\r][\n]"
10:18:05.564 [Forwarding findElement on session 7779b2387c255d5a18c0813e4e2daf98 to remote] DEBUG org.apache.http.wire - http-outgoing-3 >> "User-Agent: Apache-HttpClient/4.5.2 (Java/1.8.0_162)[\r][\n]"
10:18:05.564 [Forwarding findElement on session 7779b2387c255d5a18c0813e4e2daf98 to remote] DEBUG org.apache.http.wire - http-outgoing-3 >> "Accept-Encoding: gzip,deflate[\r][\n]"
10:18:05.564 [Forwarding findElement on session 7779b2387c255d5a18c0813e4e2daf98 to remote] DEBUG org.apache.http.wire - http-outgoing-3 >> "[\r][\n]"
10:18:05.564 [Forwarding findElement on session 7779b2387c255d5a18c0813e4e2daf98 to remote] DEBUG org.apache.http.wire - http-outgoing-3 >> "{"using":"xpath","value":"//span[text()=\" [0xe5][0xae][0xa2][0xe6][0x88][0xb7][0xe5][0x90][0x88][0xe5][0x90][0x8c]\"]"}"
10:18:05.572 [Forwarding findElement on session 7779b2387c255d5a18c0813e4e2daf98 to remote] DEBUG org.apache.http.wire - http-outgoing-3 << "HTTP/1.1 200 OK[\r][\n]"
10:18:05.572 [Forwarding findElement on session 7779b2387c255d5a18c0813e4e2daf98 to remote] DEBUG org.apache.http.wire - http-outgoing-3 << "Content-Length:102[\r][\n]"
10:18:05.572 [Forwarding findElement on session 7779b2387c255d5a18c0813e4e2daf98 to remote] DEBUG org.apache.http.wire - http-outgoing-3 << "Content-Type:application/json; charset=utf-8[\r][\n]"
10:18:05.572 [Forwarding findElement on session 7779b2387c255d5a18c0813e4e2daf98 to remote] DEBUG org.apache.http.wire - http-outgoing-3 << "[\r][\n]"
10:18:05.572 [Forwarding findElement on session 7779b2387c255d5a18c0813e4e2daf98 to remote] DEBUG org.apache.http.wire - http-outgoing-3 << "{"sessionId":"7779b2387c255d5a18c0813e4e2daf98","status":0,"value":{"ELEMENT":"0.9253431269277517-2"}}"
10:18:05.573 [Forwarding findElement on session 7779b2387c255d5a18c0813e4e2daf98 to remote] DEBUG org.apache.http.headers - http-outgoing-3 << HTTP/1.1 200 OK
10:18:05.573 [Forwarding findElement on session 7779b2387c255d5a18c0813e4e2daf98 to remote] DEBUG org.apache.http.headers - http-outgoing-3 << Content-Length:102
10:18:05.573 [Forwarding findElement on session 7779b2387c255d5a18c0813e4e2daf98 to remote] DEBUG org.apache.http.headers - http-outgoing-3 << Content-Type:application/json; charset=utf-8
10:18:05.573 [Forwarding findElement on session 7779b2387c255d5a18c0813e4e2daf98 to remote] DEBUG org.apache.http.impl.execchain.MainClientExec - Connection can be kept alive indefinitely
10:18:05.573 [Forwarding findElement on session 7779b2387c255d5a18c0813e4e2daf98 to remote] DEBUG org.apache.http.impl.conn.PoolingHttpClientConnectionManager - Connection [id: 3][route: {}->http://localhost:14252] can be kept alive indefinitely
10:18:05.573 [Forwarding findElement on session 7779b2387c255d5a18c0813e4e2daf98 to remote] DEBUG org.apache.http.impl.conn.PoolingHttpClientConnectionManager - Connection released: [id: 3][route: {}->http://localhost:14252][total kept alive: 1; route allocated: 1 of 2000; total allocated: 1 of 2000]
10:18:05.574 [Forwarding clickElement on session 7779b2387c255d5a18c0813e4e2daf98 to remote] DEBUG org.apache.http.client.protocol.RequestAddCookies - CookieSpec selected: default
10:18:05.574 [Forwarding clickElement on session 7779b2387c255d5a18c0813e4e2daf98 to remote] DEBUG org.apache.http.client.protocol.RequestAuthCache - Auth cache not set in the context
10:18:05.574 [Forwarding clickElement on session 7779b2387c255d5a18c0813e4e2daf98 to remote] DEBUG org.apache.http.impl.conn.PoolingHttpClientConnectionManager - Connection request: [route: {}->http://localhost:14252][total kept alive: 1; route allocated: 1 of 2000; total allocated: 1 of 2000]
10:18:05.574 [Forwarding clickElement on session 7779b2387c255d5a18c0813e4e2daf98 to remote] DEBUG org.apache.http.impl.conn.PoolingHttpClientConnectionManager - Connection leased: [id: 3][route: {}->http://localhost:14252][total kept alive: 0; route allocated: 1 of 2000; total allocated: 1 of 2000]
10:18:05.574 [Forwarding clickElement on session 7779b2387c255d5a18c0813e4e2daf98 to remote] DEBUG org.apache.http.impl.execchain.MainClientExec - Stale connection check
10:18:05.579 [Forwarding clickElement on session 7779b2387c255d5a18c0813e4e2daf98 to remote] DEBUG org.apache.http.wire - http-outgoing-3 << "[read] I/O error: Read timed out"
10:18:05.579 [Forwarding clickElement on session 7779b2387c255d5a18c0813e4e2daf98 to remote] DEBUG org.apache.http.impl.conn.DefaultManagedHttpClientConnection - http-outgoing-3: set socket timeout to 10800000
10:18:05.579 [Forwarding clickElement on session 7779b2387c255d5a18c0813e4e2daf98 to remote] DEBUG org.apache.http.impl.execchain.MainClientExec - Executing request POST /session/7779b2387c255d5a18c0813e4e2daf98/element/0.9253431269277517-2/click HTTP/1.1
10:18:05.579 [Forwarding clickElement on session 7779b2387c255d5a18c0813e4e2daf98 to remote] DEBUG org.apache.http.impl.execchain.MainClientExec - Target auth state: UNCHALLENGED
10:18:05.579 [Forwarding clickElement on session 7779b2387c255d5a18c0813e4e2daf98 to remote] DEBUG org.apache.http.impl.execchain.MainClientExec - Proxy auth state: UNCHALLENGED
10:18:05.579 [Forwarding clickElement on session 7779b2387c255d5a18c0813e4e2daf98 to remote] DEBUG org.apache.http.headers - http-outgoing-3 >> POST /session/7779b2387c255d5a18c0813e4e2daf98/element/0.9253431269277517-2/click HTTP/1.1
10:18:05.579 [Forwarding clickElement on session 7779b2387c255d5a18c0813e4e2daf98 to remote] DEBUG org.apache.http.headers - http-outgoing-3 >> Content-Type: application/json; charset=utf-8
10:18:05.579 [Forwarding clickElement on session 7779b2387c255d5a18c0813e4e2daf98 to remote] DEBUG org.apache.http.headers - http-outgoing-3 >> Content-Length: 29
10:18:05.579 [Forwarding clickElement on session 7779b2387c255d5a18c0813e4e2daf98 to remote] DEBUG org.apache.http.headers - http-outgoing-3 >> Host: localhost:14252
10:18:05.579 [Forwarding clickElement on session 7779b2387c255d5a18c0813e4e2daf98 to remote] DEBUG org.apache.http.headers - http-outgoing-3 >> Connection: Keep-Alive
10:18:05.579 [Forwarding clickElement on session 7779b2387c255d5a18c0813e4e2daf98 to remote] DEBUG org.apache.http.headers - http-outgoing-3 >> User-Agent: Apache-HttpClient/4.5.2 (Java/1.8.0_162)
10:18:05.579 [Forwarding clickElement on session 7779b2387c255d5a18c0813e4e2daf98 to remote] DEBUG org.apache.http.headers - http-outgoing-3 >> Accept-Encoding: gzip,deflate
10:18:05.579 [Forwarding clickElement on session 7779b2387c255d5a18c0813e4e2daf98 to remote] DEBUG org.apache.http.wire - http-outgoing-3 >> "POST /session/7779b2387c255d5a18c0813e4e2daf98/element/0.9253431269277517-2/click HTTP/1.1[\r][\n]"
10:18:05.579 [Forwarding clickElement on session 7779b2387c255d5a18c0813e4e2daf98 to remote] DEBUG org.apache.http.wire - http-outgoing-3 >> "Content-Type: application/json; charset=utf-8[\r][\n]"
10:18:05.579 [Forwarding clickElement on session 7779b2387c255d5a18c0813e4e2daf98 to remote] DEBUG org.apache.http.wire - http-outgoing-3 >> "Content-Length: 29[\r][\n]"
10:18:05.579 [Forwarding clickElement on session 7779b2387c255d5a18c0813e4e2daf98 to remote] DEBUG org.apache.http.wire - http-outgoing-3 >> "Host: localhost:14252[\r][\n]"
10:18:05.579 [Forwarding clickElement on session 7779b2387c255d5a18c0813e4e2daf98 to remote] DEBUG org.apache.http.wire - http-outgoing-3 >> "Connection: Keep-Alive[\r][\n]"
10:18:05.579 [Forwarding clickElement on session 7779b2387c255d5a18c0813e4e2daf98 to remote] DEBUG org.apache.http.wire - http-outgoing-3 >> "User-Agent: Apache-HttpClient/4.5.2 (Java/1.8.0_162)[\r][\n]"
10:18:05.579 [Forwarding clickElement on session 7779b2387c255d5a18c0813e4e2daf98 to remote] DEBUG org.apache.http.wire - http-outgoing-3 >> "Accept-Encoding: gzip,deflate[\r][\n]"
10:18:05.579 [Forwarding clickElement on session 7779b2387c255d5a18c0813e4e2daf98 to remote] DEBUG org.apache.http.wire - http-outgoing-3 >> "[\r][\n]"
10:18:05.579 [Forwarding clickElement on session 7779b2387c255d5a18c0813e4e2daf98 to remote] DEBUG org.apache.http.wire - http-outgoing-3 >> "{"id":"0.9253431269277517-2"}"
10:18:05.913 [Forwarding clickElement on session 7779b2387c255d5a18c0813e4e2daf98 to remote] DEBUG org.apache.http.wire - http-outgoing-3 << "HTTP/1.1 200 OK[\r][\n]"
10:18:05.913 [Forwarding clickElement on session 7779b2387c255d5a18c0813e4e2daf98 to remote] DEBUG org.apache.http.wire - http-outgoing-3 << "Content-Length:72[\r][\n]"
10:18:05.913 [Forwarding clickElement on session 7779b2387c255d5a18c0813e4e2daf98 to remote] DEBUG org.apache.http.wire - http-outgoing-3 << "Content-Type:application/json; charset=utf-8[\r][\n]"
10:18:05.913 [Forwarding clickElement on session 7779b2387c255d5a18c0813e4e2daf98 to remote] DEBUG org.apache.http.wire - http-outgoing-3 << "[\r][\n]"
10:18:05.913 [Forwarding clickElement on session 7779b2387c255d5a18c0813e4e2daf98 to remote] DEBUG org.apache.http.wire - http-outgoing-3 << "{"sessionId":"7779b2387c255d5a18c0813e4e2daf98","status":0,"value":null}"
10:18:05.913 [Forwarding clickElement on session 7779b2387c255d5a18c0813e4e2daf98 to remote] DEBUG org.apache.http.headers - http-outgoing-3 << HTTP/1.1 200 OK
10:18:05.913 [Forwarding clickElement on session 7779b2387c255d5a18c0813e4e2daf98 to remote] DEBUG org.apache.http.headers - http-outgoing-3 << Content-Length:72
10:18:05.913 [Forwarding clickElement on session 7779b2387c255d5a18c0813e4e2daf98 to remote] DEBUG org.apache.http.headers - http-outgoing-3 << Content-Type:application/json; charset=utf-8
10:18:05.913 [Forwarding clickElement on session 7779b2387c255d5a18c0813e4e2daf98 to remote] DEBUG org.apache.http.impl.execchain.MainClientExec - Connection can be kept alive indefinitely
10:18:05.913 [Forwarding clickElement on session 7779b2387c255d5a18c0813e4e2daf98 to remote] DEBUG org.apache.http.impl.conn.PoolingHttpClientConnectionManager - Connection [id: 3][route: {}->http://localhost:14252] can be kept alive indefinitely
10:18:05.913 [Forwarding clickElement on session 7779b2387c255d5a18c0813e4e2daf98 to remote] DEBUG org.apache.http.impl.conn.PoolingHttpClientConnectionManager - Connection released: [id: 3][route: {}->http://localhost:14252][total kept alive: 1; route allocated: 1 of 2000; total allocated: 1 of 2000]
10:18:06.923 [Forwarding findElement on session 7779b2387c255d5a18c0813e4e2daf98 to remote] DEBUG org.apache.http.client.protocol.RequestAddCookies - CookieSpec selected: default
10:18:06.923 [Forwarding findElement on session 7779b2387c255d5a18c0813e4e2daf98 to remote] DEBUG org.apache.http.client.protocol.RequestAuthCache - Auth cache not set in the context
10:18:06.923 [Forwarding findElement on session 7779b2387c255d5a18c0813e4e2daf98 to remote] DEBUG org.apache.http.impl.conn.PoolingHttpClientConnectionManager - Connection request: [route: {}->http://localhost:14252][total kept alive: 1; route allocated: 1 of 2000; total allocated: 1 of 2000]
10:18:06.923 [Forwarding findElement on session 7779b2387c255d5a18c0813e4e2daf98 to remote] DEBUG org.apache.http.impl.conn.PoolingHttpClientConnectionManager - Connection leased: [id: 3][route: {}->http://localhost:14252][total kept alive: 0; route allocated: 1 of 2000; total allocated: 1 of 2000]
10:18:06.923 [Forwarding findElement on session 7779b2387c255d5a18c0813e4e2daf98 to remote] DEBUG org.apache.http.impl.execchain.MainClientExec - Stale connection check
10:18:06.938 [Forwarding findElement on session 7779b2387c255d5a18c0813e4e2daf98 to remote] DEBUG org.apache.http.wire - http-outgoing-3 << "[read] I/O error: Read timed out"
10:18:06.938 [Forwarding findElement on session 7779b2387c255d5a18c0813e4e2daf98 to remote] DEBUG org.apache.http.impl.conn.DefaultManagedHttpClientConnection - http-outgoing-3: set socket timeout to 10800000
10:18:06.938 [Forwarding findElement on session 7779b2387c255d5a18c0813e4e2daf98 to remote] DEBUG org.apache.http.impl.execchain.MainClientExec - Executing request POST /session/7779b2387c255d5a18c0813e4e2daf98/element HTTP/1.1
10:18:06.938 [Forwarding findElement on session 7779b2387c255d5a18c0813e4e2daf98 to remote] DEBUG org.apache.http.impl.execchain.MainClientExec - Target auth state: UNCHALLENGED
10:18:06.938 [Forwarding findElement on session 7779b2387c255d5a18c0813e4e2daf98 to remote] DEBUG org.apache.http.impl.execchain.MainClientExec - Proxy auth state: UNCHALLENGED
10:18:06.938 [Forwarding findElement on session 7779b2387c255d5a18c0813e4e2daf98 to remote] DEBUG org.apache.http.headers - http-outgoing-3 >> POST /session/7779b2387c255d5a18c0813e4e2daf98/element HTTP/1.1
10:18:06.938 [Forwarding findElement on session 7779b2387c255d5a18c0813e4e2daf98 to remote] DEBUG org.apache.http.headers - http-outgoing-3 >> Content-Type: application/json; charset=utf-8
10:18:06.938 [Forwarding findElement on session 7779b2387c255d5a18c0813e4e2daf98 to remote] DEBUG org.apache.http.headers - http-outgoing-3 >> Content-Length: 62
10:18:06.938 [Forwarding findElement on session 7779b2387c255d5a18c0813e4e2daf98 to remote] DEBUG org.apache.http.headers - http-outgoing-3 >> Host: localhost:14252
10:18:06.938 [Forwarding findElement on session 7779b2387c255d5a18c0813e4e2daf98 to remote] DEBUG org.apache.http.headers - http-outgoing-3 >> Connection: Keep-Alive
10:18:06.938 [Forwarding findElement on session 7779b2387c255d5a18c0813e4e2daf98 to remote] DEBUG org.apache.http.headers - http-outgoing-3 >> User-Agent: Apache-HttpClient/4.5.2 (Java/1.8.0_162)
10:18:06.938 [Forwarding findElement on session 7779b2387c255d5a18c0813e4e2daf98 to remote] DEBUG org.apache.http.headers - http-outgoing-3 >> Accept-Encoding: gzip,deflate
10:18:06.938 [Forwarding findElement on session 7779b2387c255d5a18c0813e4e2daf98 to remote] DEBUG org.apache.http.wire - http-outgoing-3 >> "POST /session/7779b2387c255d5a18c0813e4e2daf98/element HTTP/1.1[\r][\n]"
10:18:06.938 [Forwarding findElement on session 7779b2387c255d5a18c0813e4e2daf98 to remote] DEBUG org.apache.http.wire - http-outgoing-3 >> "Content-Type: application/json; charset=utf-8[\r][\n]"
10:18:06.938 [Forwarding findElement on session 7779b2387c255d5a18c0813e4e2daf98 to remote] DEBUG org.apache.http.wire - http-outgoing-3 >> "Content-Length: 62[\r][\n]"
10:18:06.938 [Forwarding findElement on session 7779b2387c255d5a18c0813e4e2daf98 to remote] DEBUG org.apache.http.wire - http-outgoing-3 >> "Host: localhost:14252[\r][\n]"
10:18:06.938 [Forwarding findElement on session 7779b2387c255d5a18c0813e4e2daf98 to remote] DEBUG org.apache.http.wire - http-outgoing-3 >> "Connection: Keep-Alive[\r][\n]"
10:18:06.938 [Forwarding findElement on session 7779b2387c255d5a18c0813e4e2daf98 to remote] DEBUG org.apache.http.wire - http-outgoing-3 >> "User-Agent: Apache-HttpClient/4.5.2 (Java/1.8.0_162)[\r][\n]"
10:18:06.938 [Forwarding findElement on session 7779b2387c255d5a18c0813e4e2daf98 to remote] DEBUG org.apache.http.wire - http-outgoing-3 >> "Accept-Encoding: gzip,deflate[\r][\n]"
10:18:06.938 [Forwarding findElement on session 7779b2387c255d5a18c0813e4e2daf98 to remote] DEBUG org.apache.http.wire - http-outgoing-3 >> "[\r][\n]"
10:18:06.938 [Forwarding findElement on session 7779b2387c255d5a18c0813e4e2daf98 to remote] DEBUG org.apache.http.wire - http-outgoing-3 >> "{"using":"xpath","value":"//a[text()=\"[0xe5][0xbe][0x85][0xe5][0xae][0xa1][0xe6][0xa0][0xb8][0xe7][0x9a][0x84][0xe5][0x90][0x88][0xe5][0x90][0x8c]\"]"}"
10:18:06.947 [Forwarding findElement on session 7779b2387c255d5a18c0813e4e2daf98 to remote] DEBUG org.apache.http.wire - http-outgoing-3 << "HTTP/1.1 200 OK[\r][\n]"
10:18:06.947 [Forwarding findElement on session 7779b2387c255d5a18c0813e4e2daf98 to remote] DEBUG org.apache.http.wire - http-outgoing-3 << "Content-Length:102[\r][\n]"
10:18:06.947 [Forwarding findElement on session 7779b2387c255d5a18c0813e4e2daf98 to remote] DEBUG org.apache.http.wire - http-outgoing-3 << "Content-Type:application/json; charset=utf-8[\r][\n]"
10:18:06.947 [Forwarding findElement on session 7779b2387c255d5a18c0813e4e2daf98 to remote] DEBUG org.apache.http.wire - http-outgoing-3 << "[\r][\n]"
10:18:06.947 [Forwarding findElement on session 7779b2387c255d5a18c0813e4e2daf98 to remote] DEBUG org.apache.http.wire - http-outgoing-3 << "{"sessionId":"7779b2387c255d5a18c0813e4e2daf98","status":0,"value":{"ELEMENT":"0.9253431269277517-3"}}"
10:18:06.947 [Forwarding findElement on session 7779b2387c255d5a18c0813e4e2daf98 to remote] DEBUG org.apache.http.headers - http-outgoing-3 << HTTP/1.1 200 OK
10:18:06.947 [Forwarding findElement on session 7779b2387c255d5a18c0813e4e2daf98 to remote] DEBUG org.apache.http.headers - http-outgoing-3 << Content-Length:102
10:18:06.947 [Forwarding findElement on session 7779b2387c255d5a18c0813e4e2daf98 to remote] DEBUG org.apache.http.headers - http-outgoing-3 << Content-Type:application/json; charset=utf-8
10:18:06.947 [Forwarding findElement on session 7779b2387c255d5a18c0813e4e2daf98 to remote] DEBUG org.apache.http.impl.execchain.MainClientExec - Connection can be kept alive indefinitely
10:18:06.947 [Forwarding findElement on session 7779b2387c255d5a18c0813e4e2daf98 to remote] DEBUG org.apache.http.impl.conn.PoolingHttpClientConnectionManager - Connection [id: 3][route: {}->http://localhost:14252] can be kept alive indefinitely
10:18:06.947 [Forwarding findElement on session 7779b2387c255d5a18c0813e4e2daf98 to remote] DEBUG org.apache.http.impl.conn.PoolingHttpClientConnectionManager - Connection released: [id: 3][route: {}->http://localhost:14252][total kept alive: 1; route allocated: 1 of 2000; total allocated: 1 of 2000]
10:18:06.947 [Forwarding clickElement on session 7779b2387c255d5a18c0813e4e2daf98 to remote] DEBUG org.apache.http.client.protocol.RequestAddCookies - CookieSpec selected: default
10:18:06.948 [Forwarding clickElement on session 7779b2387c255d5a18c0813e4e2daf98 to remote] DEBUG org.apache.http.client.protocol.RequestAuthCache - Auth cache not set in the context
10:18:06.948 [Forwarding clickElement on session 7779b2387c255d5a18c0813e4e2daf98 to remote] DEBUG org.apache.http.impl.conn.PoolingHttpClientConnectionManager - Connection request: [route: {}->http://localhost:14252][total kept alive: 1; route allocated: 1 of 2000; total allocated: 1 of 2000]
10:18:06.948 [Forwarding clickElement on session 7779b2387c255d5a18c0813e4e2daf98 to remote] DEBUG org.apache.http.impl.conn.PoolingHttpClientConnectionManager - Connection leased: [id: 3][route: {}->http://localhost:14252][total kept alive: 0; route allocated: 1 of 2000; total allocated: 1 of 2000]
10:18:06.948 [Forwarding clickElement on session 7779b2387c255d5a18c0813e4e2daf98 to remote] DEBUG org.apache.http.impl.execchain.MainClientExec - Stale connection check
10:18:06.953 [Forwarding clickElement on session 7779b2387c255d5a18c0813e4e2daf98 to remote] DEBUG org.apache.http.wire - http-outgoing-3 << "[read] I/O error: Read timed out"
10:18:06.953 [Forwarding clickElement on session 7779b2387c255d5a18c0813e4e2daf98 to remote] DEBUG org.apache.http.impl.conn.DefaultManagedHttpClientConnection - http-outgoing-3: set socket timeout to 10800000
10:18:06.953 [Forwarding clickElement on session 7779b2387c255d5a18c0813e4e2daf98 to remote] DEBUG org.apache.http.impl.execchain.MainClientExec - Executing request POST /session/7779b2387c255d5a18c0813e4e2daf98/element/0.9253431269277517-3/click HTTP/1.1
10:18:06.953 [Forwarding clickElement on session 7779b2387c255d5a18c0813e4e2daf98 to remote] DEBUG org.apache.http.impl.execchain.MainClientExec - Target auth state: UNCHALLENGED
10:18:06.953 [Forwarding clickElement on session 7779b2387c255d5a18c0813e4e2daf98 to remote] DEBUG org.apache.http.impl.execchain.MainClientExec - Proxy auth state: UNCHALLENGED
10:18:06.953 [Forwarding clickElement on session 7779b2387c255d5a18c0813e4e2daf98 to remote] DEBUG org.apache.http.headers - http-outgoing-3 >> POST /session/7779b2387c255d5a18c0813e4e2daf98/element/0.9253431269277517-3/click HTTP/1.1
10:18:06.953 [Forwarding clickElement on session 7779b2387c255d5a18c0813e4e2daf98 to remote] DEBUG org.apache.http.headers - http-outgoing-3 >> Content-Type: application/json; charset=utf-8
10:18:06.953 [Forwarding clickElement on session 7779b2387c255d5a18c0813e4e2daf98 to remote] DEBUG org.apache.http.headers - http-outgoing-3 >> Content-Length: 29
10:18:06.953 [Forwarding clickElement on session 7779b2387c255d5a18c0813e4e2daf98 to remote] DEBUG org.apache.http.headers - http-outgoing-3 >> Host: localhost:14252
10:18:06.953 [Forwarding clickElement on session 7779b2387c255d5a18c0813e4e2daf98 to remote] DEBUG org.apache.http.headers - http-outgoing-3 >> Connection: Keep-Alive
10:18:06.953 [Forwarding clickElement on session 7779b2387c255d5a18c0813e4e2daf98 to remote] DEBUG org.apache.http.headers - http-outgoing-3 >> User-Agent: Apache-HttpClient/4.5.2 (Java/1.8.0_162)
10:18:06.953 [Forwarding clickElement on session 7779b2387c255d5a18c0813e4e2daf98 to remote] DEBUG org.apache.http.headers - http-outgoing-3 >> Accept-Encoding: gzip,deflate
10:18:06.953 [Forwarding clickElement on session 7779b2387c255d5a18c0813e4e2daf98 to remote] DEBUG org.apache.http.wire - http-outgoing-3 >> "POST /session/7779b2387c255d5a18c0813e4e2daf98/element/0.9253431269277517-3/click HTTP/1.1[\r][\n]"
10:18:06.953 [Forwarding clickElement on session 7779b2387c255d5a18c0813e4e2daf98 to remote] DEBUG org.apache.http.wire - http-outgoing-3 >> "Content-Type: application/json; charset=utf-8[\r][\n]"
10:18:06.953 [Forwarding clickElement on session 7779b2387c255d5a18c0813e4e2daf98 to remote] DEBUG org.apache.http.wire - http-outgoing-3 >> "Content-Length: 29[\r][\n]"
10:18:06.953 [Forwarding clickElement on session 7779b2387c255d5a18c0813e4e2daf98 to remote] DEBUG org.apache.http.wire - http-outgoing-3 >> "Host: localhost:14252[\r][\n]"
10:18:06.953 [Forwarding clickElement on session 7779b2387c255d5a18c0813e4e2daf98 to remote] DEBUG org.apache.http.wire - http-outgoing-3 >> "Connection: Keep-Alive[\r][\n]"
10:18:06.953 [Forwarding clickElement on session 7779b2387c255d5a18c0813e4e2daf98 to remote] DEBUG org.apache.http.wire - http-outgoing-3 >> "User-Agent: Apache-HttpClient/4.5.2 (Java/1.8.0_162)[\r][\n]"
10:18:06.953 [Forwarding clickElement on session 7779b2387c255d5a18c0813e4e2daf98 to remote] DEBUG org.apache.http.wire - http-outgoing-3 >> "Accept-Encoding: gzip,deflate[\r][\n]"
10:18:06.953 [Forwarding clickElement on session 7779b2387c255d5a18c0813e4e2daf98 to remote] DEBUG org.apache.http.wire - http-outgoing-3 >> "[\r][\n]"
10:18:06.953 [Forwarding clickElement on session 7779b2387c255d5a18c0813e4e2daf98 to remote] DEBUG org.apache.http.wire - http-outgoing-3 >> "{"id":"0.9253431269277517-3"}"
10:18:06.993 [Forwarding clickElement on session 7779b2387c255d5a18c0813e4e2daf98 to remote] DEBUG org.apache.http.wire - http-outgoing-3 << "HTTP/1.1 200 OK[\r][\n]"
10:18:06.993 [Forwarding clickElement on session 7779b2387c255d5a18c0813e4e2daf98 to remote] DEBUG org.apache.http.wire - http-outgoing-3 << "Content-Length:72[\r][\n]"
10:18:06.993 [Forwarding clickElement on session 7779b2387c255d5a18c0813e4e2daf98 to remote] DEBUG org.apache.http.wire - http-outgoing-3 << "Content-Type:application/json; charset=utf-8[\r][\n]"
10:18:06.993 [Forwarding clickElement on session 7779b2387c255d5a18c0813e4e2daf98 to remote] DEBUG org.apache.http.wire - http-outgoing-3 << "[\r][\n]"
10:18:06.993 [Forwarding clickElement on session 7779b2387c255d5a18c0813e4e2daf98 to remote] DEBUG org.apache.http.wire - http-outgoing-3 << "{"sessionId":"7779b2387c255d5a18c0813e4e2daf98","status":0,"value":null}"
10:18:06.993 [Forwarding clickElement on session 7779b2387c255d5a18c0813e4e2daf98 to remote] DEBUG org.apache.http.headers - http-outgoing-3 << HTTP/1.1 200 OK
10:18:06.993 [Forwarding clickElement on session 7779b2387c255d5a18c0813e4e2daf98 to remote] DEBUG org.apache.http.headers - http-outgoing-3 << Content-Length:72
10:18:06.993 [Forwarding clickElement on session 7779b2387c255d5a18c0813e4e2daf98 to remote] DEBUG org.apache.http.headers - http-outgoing-3 << Content-Type:application/json; charset=utf-8
10:18:06.993 [Forwarding clickElement on session 7779b2387c255d5a18c0813e4e2daf98 to remote] DEBUG org.apache.http.impl.execchain.MainClientExec - Connection can be kept alive indefinitely
10:18:06.993 [Forwarding clickElement on session 7779b2387c255d5a18c0813e4e2daf98 to remote] DEBUG org.apache.http.impl.conn.PoolingHttpClientConnectionManager - Connection [id: 3][route: {}->http://localhost:14252] can be kept alive indefinitely
10:18:06.993 [Forwarding clickElement on session 7779b2387c255d5a18c0813e4e2daf98 to remote] DEBUG org.apache.http.impl.conn.PoolingHttpClientConnectionManager - Connection released: [id: 3][route: {}->http://localhost:14252][total kept alive: 1; route allocated: 1 of 2000; total allocated: 1 of 2000]
10:18:07.047 [Forwarding switchToFrame on session 7779b2387c255d5a18c0813e4e2daf98 to remote] DEBUG org.apache.http.client.protocol.RequestAddCookies - CookieSpec selected: default
10:18:07.047 [Forwarding switchToFrame on session 7779b2387c255d5a18c0813e4e2daf98 to remote] DEBUG org.apache.http.client.protocol.RequestAuthCache - Auth cache not set in the context
10:18:07.047 [Forwarding switchToFrame on session 7779b2387c255d5a18c0813e4e2daf98 to remote] DEBUG org.apache.http.impl.conn.PoolingHttpClientConnectionManager - Connection request: [route: {}->http://localhost:14252][total kept alive: 1; route allocated: 1 of 2000; total allocated: 1 of 2000]
10:18:07.047 [Forwarding switchToFrame on session 7779b2387c255d5a18c0813e4e2daf98 to remote] DEBUG org.apache.http.impl.conn.PoolingHttpClientConnectionManager - Connection leased: [id: 3][route: {}->http://localhost:14252][total kept alive: 0; route allocated: 1 of 2000; total allocated: 1 of 2000]
10:18:07.047 [Forwarding switchToFrame on session 7779b2387c255d5a18c0813e4e2daf98 to remote] DEBUG org.apache.http.impl.execchain.MainClientExec - Stale connection check
10:18:07.063 [Forwarding switchToFrame on session 7779b2387c255d5a18c0813e4e2daf98 to remote] DEBUG org.apache.http.wire - http-outgoing-3 << "[read] I/O error: Read timed out"
10:18:07.063 [Forwarding switchToFrame on session 7779b2387c255d5a18c0813e4e2daf98 to remote] DEBUG org.apache.http.impl.conn.DefaultManagedHttpClientConnection - http-outgoing-3: set socket timeout to 10800000
10:18:07.063 [Forwarding switchToFrame on session 7779b2387c255d5a18c0813e4e2daf98 to remote] DEBUG org.apache.http.impl.execchain.MainClientExec - Executing request POST /session/7779b2387c255d5a18c0813e4e2daf98/frame HTTP/1.1
10:18:07.063 [Forwarding switchToFrame on session 7779b2387c255d5a18c0813e4e2daf98 to remote] DEBUG org.apache.http.impl.execchain.MainClientExec - Target auth state: UNCHALLENGED
10:18:07.063 [Forwarding switchToFrame on session 7779b2387c255d5a18c0813e4e2daf98 to remote] DEBUG org.apache.http.impl.execchain.MainClientExec - Proxy auth state: UNCHALLENGED
10:18:07.063 [Forwarding switchToFrame on session 7779b2387c255d5a18c0813e4e2daf98 to remote] DEBUG org.apache.http.headers - http-outgoing-3 >> POST /session/7779b2387c255d5a18c0813e4e2daf98/frame HTTP/1.1
10:18:07.063 [Forwarding switchToFrame on session 7779b2387c255d5a18c0813e4e2daf98 to remote] DEBUG org.apache.http.headers - http-outgoing-3 >> Content-Type: application/json; charset=utf-8
10:18:07.063 [Forwarding switchToFrame on session 7779b2387c255d5a18c0813e4e2daf98 to remote] DEBUG org.apache.http.headers - http-outgoing-3 >> Content-Length: 11
10:18:07.063 [Forwarding switchToFrame on session 7779b2387c255d5a18c0813e4e2daf98 to remote] DEBUG org.apache.http.headers - http-outgoing-3 >> Host: localhost:14252
10:18:07.063 [Forwarding switchToFrame on session 7779b2387c255d5a18c0813e4e2daf98 to remote] DEBUG org.apache.http.headers - http-outgoing-3 >> Connection: Keep-Alive
10:18:07.063 [Forwarding switchToFrame on session 7779b2387c255d5a18c0813e4e2daf98 to remote] DEBUG org.apache.http.headers - http-outgoing-3 >> User-Agent: Apache-HttpClient/4.5.2 (Java/1.8.0_162)
10:18:07.063 [Forwarding switchToFrame on session 7779b2387c255d5a18c0813e4e2daf98 to remote] DEBUG org.apache.http.headers - http-outgoing-3 >> Accept-Encoding: gzip,deflate
10:18:07.063 [Forwarding switchToFrame on session 7779b2387c255d5a18c0813e4e2daf98 to remote] DEBUG org.apache.http.wire - http-outgoing-3 >> "POST /session/7779b2387c255d5a18c0813e4e2daf98/frame HTTP/1.1[\r][\n]"
10:18:07.063 [Forwarding switchToFrame on session 7779b2387c255d5a18c0813e4e2daf98 to remote] DEBUG org.apache.http.wire - http-outgoing-3 >> "Content-Type: application/json; charset=utf-8[\r][\n]"
10:18:07.063 [Forwarding switchToFrame on session 7779b2387c255d5a18c0813e4e2daf98 to remote] DEBUG org.apache.http.wire - http-outgoing-3 >> "Content-Length: 11[\r][\n]"
10:18:07.063 [Forwarding switchToFrame on session 7779b2387c255d5a18c0813e4e2daf98 to remote] DEBUG org.apache.http.wire - http-outgoing-3 >> "Host: localhost:14252[\r][\n]"
10:18:07.063 [Forwarding switchToFrame on session 7779b2387c255d5a18c0813e4e2daf98 to remote] DEBUG org.apache.http.wire - http-outgoing-3 >> "Connection: Keep-Alive[\r][\n]"
10:18:07.063 [Forwarding switchToFrame on session 7779b2387c255d5a18c0813e4e2daf98 to remote] DEBUG org.apache.http.wire - http-outgoing-3 >> "User-Agent: Apache-HttpClient/4.5.2 (Java/1.8.0_162)[\r][\n]"
10:18:07.063 [Forwarding switchToFrame on session 7779b2387c255d5a18c0813e4e2daf98 to remote] DEBUG org.apache.http.wire - http-outgoing-3 >> "Accept-Encoding: gzip,deflate[\r][\n]"
10:18:07.063 [Forwarding switchToFrame on session 7779b2387c255d5a18c0813e4e2daf98 to remote] DEBUG org.apache.http.wire - http-outgoing-3 >> "[\r][\n]"
10:18:07.063 [Forwarding switchToFrame on session 7779b2387c255d5a18c0813e4e2daf98 to remote] DEBUG org.apache.http.wire - http-outgoing-3 >> "{"id":null}"
10:18:07.065 [Forwarding switchToFrame on session 7779b2387c255d5a18c0813e4e2daf98 to remote] DEBUG org.apache.http.wire - http-outgoing-3 << "HTTP/1.1 200 OK[\r][\n]"
10:18:07.065 [Forwarding switchToFrame on session 7779b2387c255d5a18c0813e4e2daf98 to remote] DEBUG org.apache.http.wire - http-outgoing-3 << "Content-Length:72[\r][\n]"
10:18:07.065 [Forwarding switchToFrame on session 7779b2387c255d5a18c0813e4e2daf98 to remote] DEBUG org.apache.http.wire - http-outgoing-3 << "Content-Type:application/json; charset=utf-8[\r][\n]"
10:18:07.065 [Forwarding switchToFrame on session 7779b2387c255d5a18c0813e4e2daf98 to remote] DEBUG org.apache.http.wire - http-outgoing-3 << "[\r][\n]"
10:18:07.065 [Forwarding switchToFrame on session 7779b2387c255d5a18c0813e4e2daf98 to remote] DEBUG org.apache.http.wire - http-outgoing-3 << "{"sessionId":"7779b2387c255d5a18c0813e4e2daf98","status":0,"value":null}"
10:18:07.065 [Forwarding switchToFrame on session 7779b2387c255d5a18c0813e4e2daf98 to remote] DEBUG org.apache.http.headers - http-outgoing-3 << HTTP/1.1 200 OK
10:18:07.065 [Forwarding switchToFrame on session 7779b2387c255d5a18c0813e4e2daf98 to remote] DEBUG org.apache.http.headers - http-outgoing-3 << Content-Length:72
10:18:07.065 [Forwarding switchToFrame on session 7779b2387c255d5a18c0813e4e2daf98 to remote] DEBUG org.apache.http.headers - http-outgoing-3 << Content-Type:application/json; charset=utf-8
10:18:07.065 [Forwarding switchToFrame on session 7779b2387c255d5a18c0813e4e2daf98 to remote] DEBUG org.apache.http.impl.execchain.MainClientExec - Connection can be kept alive indefinitely
10:18:07.065 [Forwarding switchToFrame on session 7779b2387c255d5a18c0813e4e2daf98 to remote] DEBUG org.apache.http.impl.conn.PoolingHttpClientConnectionManager - Connection [id: 3][route: {}->http://localhost:14252] can be kept alive indefinitely
10:18:07.065 [Forwarding switchToFrame on session 7779b2387c255d5a18c0813e4e2daf98 to remote] DEBUG org.apache.http.impl.conn.PoolingHttpClientConnectionManager - Connection released: [id: 3][route: {}->http://localhost:14252][total kept alive: 1; route allocated: 1 of 2000; total allocated: 1 of 2000]
10:18:08.078 [Forwarding findElements on session 7779b2387c255d5a18c0813e4e2daf98 to remote] DEBUG org.apache.http.client.protocol.RequestAddCookies - CookieSpec selected: default
10:18:08.078 [Forwarding findElements on session 7779b2387c255d5a18c0813e4e2daf98 to remote] DEBUG org.apache.http.client.protocol.RequestAuthCache - Auth cache not set in the context
10:18:08.078 [Forwarding findElements on session 7779b2387c255d5a18c0813e4e2daf98 to remote] DEBUG org.apache.http.impl.conn.PoolingHttpClientConnectionManager - Connection request: [route: {}->http://localhost:14252][total kept alive: 1; route allocated: 1 of 2000; total allocated: 1 of 2000]
10:18:08.078 [Forwarding findElements on session 7779b2387c255d5a18c0813e4e2daf98 to remote] DEBUG org.apache.http.impl.conn.PoolingHttpClientConnectionManager - Connection leased: [id: 3][route: {}->http://localhost:14252][total kept alive: 0; route allocated: 1 of 2000; total allocated: 1 of 2000]
10:18:08.078 [Forwarding findElements on session 7779b2387c255d5a18c0813e4e2daf98 to remote] DEBUG org.apache.http.impl.execchain.MainClientExec - Stale connection check
10:18:08.094 [Forwarding findElements on session 7779b2387c255d5a18c0813e4e2daf98 to remote] DEBUG org.apache.http.wire - http-outgoing-3 << "[read] I/O error: Read timed out"
10:18:08.094 [Forwarding findElements on session 7779b2387c255d5a18c0813e4e2daf98 to remote] DEBUG org.apache.http.impl.conn.DefaultManagedHttpClientConnection - http-outgoing-3: set socket timeout to 10800000
10:18:08.094 [Forwarding findElements on session 7779b2387c255d5a18c0813e4e2daf98 to remote] DEBUG org.apache.http.impl.execchain.MainClientExec - Executing request POST /session/7779b2387c255d5a18c0813e4e2daf98/elements HTTP/1.1
10:18:08.094 [Forwarding findElements on session 7779b2387c255d5a18c0813e4e2daf98 to remote] DEBUG org.apache.http.impl.execchain.MainClientExec - Target auth state: UNCHALLENGED
10:18:08.094 [Forwarding findElements on session 7779b2387c255d5a18c0813e4e2daf98 to remote] DEBUG org.apache.http.impl.execchain.MainClientExec - Proxy auth state: UNCHALLENGED
10:18:08.094 [Forwarding findElements on session 7779b2387c255d5a18c0813e4e2daf98 to remote] DEBUG org.apache.http.headers - http-outgoing-3 >> POST /session/7779b2387c255d5a18c0813e4e2daf98/elements HTTP/1.1
10:18:08.094 [Forwarding findElements on session 7779b2387c255d5a18c0813e4e2daf98 to remote] DEBUG org.apache.http.headers - http-outgoing-3 >> Content-Type: application/json; charset=utf-8
10:18:08.094 [Forwarding findElements on session 7779b2387c255d5a18c0813e4e2daf98 to remote] DEBUG org.apache.http.headers - http-outgoing-3 >> Content-Length: 73
10:18:08.094 [Forwarding findElements on session 7779b2387c255d5a18c0813e4e2daf98 to remote] DEBUG org.apache.http.headers - http-outgoing-3 >> Host: localhost:14252
10:18:08.094 [Forwarding findElements on session 7779b2387c255d5a18c0813e4e2daf98 to remote] DEBUG org.apache.http.headers - http-outgoing-3 >> Connection: Keep-Alive
10:18:08.094 [Forwarding findElements on session 7779b2387c255d5a18c0813e4e2daf98 to remote] DEBUG org.apache.http.headers - http-outgoing-3 >> User-Agent: Apache-HttpClient/4.5.2 (Java/1.8.0_162)
10:18:08.094 [Forwarding findElements on session 7779b2387c255d5a18c0813e4e2daf98 to remote] DEBUG org.apache.http.headers - http-outgoing-3 >> Accept-Encoding: gzip,deflate
10:18:08.094 [Forwarding findElements on session 7779b2387c255d5a18c0813e4e2daf98 to remote] DEBUG org.apache.http.wire - http-outgoing-3 >> "POST /session/7779b2387c255d5a18c0813e4e2daf98/elements HTTP/1.1[\r][\n]"
10:18:08.094 [Forwarding findElements on session 7779b2387c255d5a18c0813e4e2daf98 to remote] DEBUG org.apache.http.wire - http-outgoing-3 >> "Content-Type: application/json; charset=utf-8[\r][\n]"
10:18:08.094 [Forwarding findElements on session 7779b2387c255d5a18c0813e4e2daf98 to remote] DEBUG org.apache.http.wire - http-outgoing-3 >> "Content-Length: 73[\r][\n]"
10:18:08.094 [Forwarding findElements on session 7779b2387c255d5a18c0813e4e2daf98 to remote] DEBUG org.apache.http.wire - http-outgoing-3 >> "Host: localhost:14252[\r][\n]"
10:18:08.094 [Forwarding findElements on session 7779b2387c255d5a18c0813e4e2daf98 to remote] DEBUG org.apache.http.wire - http-outgoing-3 >> "Connection: Keep-Alive[\r][\n]"
10:18:08.094 [Forwarding findElements on session 7779b2387c255d5a18c0813e4e2daf98 to remote] DEBUG org.apache.http.wire - http-outgoing-3 >> "User-Agent: Apache-HttpClient/4.5.2 (Java/1.8.0_162)[\r][\n]"
10:18:08.094 [Forwarding findElements on session 7779b2387c255d5a18c0813e4e2daf98 to remote] DEBUG org.apache.http.wire - http-outgoing-3 >> "Accept-Encoding: gzip,deflate[\r][\n]"
10:18:08.094 [Forwarding findElements on session 7779b2387c255d5a18c0813e4e2daf98 to remote] DEBUG org.apache.http.wire - http-outgoing-3 >> "[\r][\n]"
10:18:08.094 [Forwarding findElements on session 7779b2387c255d5a18c0813e4e2daf98 to remote] DEBUG org.apache.http.wire - http-outgoing-3 >> "{"using":"css selector","value":"frame[name='GC37'],iframe[name='GC37']"}"
10:18:08.104 [Forwarding findElements on session 7779b2387c255d5a18c0813e4e2daf98 to remote] DEBUG org.apache.http.wire - http-outgoing-3 << "HTTP/1.1 200 OK[\r][\n]"
10:18:08.104 [Forwarding findElements on session 7779b2387c255d5a18c0813e4e2daf98 to remote] DEBUG org.apache.http.wire - http-outgoing-3 << "Content-Length:70[\r][\n]"
10:18:08.104 [Forwarding findElements on session 7779b2387c255d5a18c0813e4e2daf98 to remote] DEBUG org.apache.http.wire - http-outgoing-3 << "Content-Type:application/json; charset=utf-8[\r][\n]"
10:18:08.104 [Forwarding findElements on session 7779b2387c255d5a18c0813e4e2daf98 to remote] DEBUG org.apache.http.wire - http-outgoing-3 << "[\r][\n]"
10:18:08.104 [Forwarding findElements on session 7779b2387c255d5a18c0813e4e2daf98 to remote] DEBUG org.apache.http.wire - http-outgoing-3 << "{"sessionId":"7779b2387c255d5a18c0813e4e2daf98","status":0,"value":[]}"
10:18:08.104 [Forwarding findElements on session 7779b2387c255d5a18c0813e4e2daf98 to remote] DEBUG org.apache.http.headers - http-outgoing-3 << HTTP/1.1 200 OK
10:18:08.104 [Forwarding findElements on session 7779b2387c255d5a18c0813e4e2daf98 to remote] DEBUG org.apache.http.headers - http-outgoing-3 << Content-Length:70
10:18:08.104 [Forwarding findElements on session 7779b2387c255d5a18c0813e4e2daf98 to remote] DEBUG org.apache.http.headers - http-outgoing-3 << Content-Type:application/json; charset=utf-8
10:18:08.104 [Forwarding findElements on session 7779b2387c255d5a18c0813e4e2daf98 to remote] DEBUG org.apache.http.impl.execchain.MainClientExec - Connection can be kept alive indefinitely
10:18:08.104 [Forwarding findElements on session 7779b2387c255d5a18c0813e4e2daf98 to remote] DEBUG org.apache.http.impl.conn.PoolingHttpClientConnectionManager - Connection [id: 3][route: {}->http://localhost:14252] can be kept alive indefinitely
10:18:08.104 [Forwarding findElements on session 7779b2387c255d5a18c0813e4e2daf98 to remote] DEBUG org.apache.http.impl.conn.PoolingHttpClientConnectionManager - Connection released: [id: 3][route: {}->http://localhost:14252][total kept alive: 1; route allocated: 1 of 2000; total allocated: 1 of 2000]
10:18:08.105 [Forwarding findElements on session 7779b2387c255d5a18c0813e4e2daf98 to remote] DEBUG org.apache.http.client.protocol.RequestAddCookies - CookieSpec selected: default
10:18:08.105 [Forwarding findElements on session 7779b2387c255d5a18c0813e4e2daf98 to remote] DEBUG org.apache.http.client.protocol.RequestAuthCache - Auth cache not set in the context
10:18:08.105 [Forwarding findElements on session 7779b2387c255d5a18c0813e4e2daf98 to remote] DEBUG org.apache.http.impl.conn.PoolingHttpClientConnectionManager - Connection request: [route: {}->http://localhost:14252][total kept alive: 1; route allocated: 1 of 2000; total allocated: 1 of 2000]
10:18:08.105 [Forwarding findElements on session 7779b2387c255d5a18c0813e4e2daf98 to remote] DEBUG org.apache.http.impl.conn.PoolingHttpClientConnectionManager - Connection leased: [id: 3][route: {}->http://localhost:14252][total kept alive: 0; route allocated: 1 of 2000; total allocated: 1 of 2000]
10:18:08.105 [Forwarding findElements on session 7779b2387c255d5a18c0813e4e2daf98 to remote] DEBUG org.apache.http.impl.execchain.MainClientExec - Stale connection check
10:18:08.110 [Forwarding findElements on session 7779b2387c255d5a18c0813e4e2daf98 to remote] DEBUG org.apache.http.wire - http-outgoing-3 << "[read] I/O error: Read timed out"
10:18:08.110 [Forwarding findElements on session 7779b2387c255d5a18c0813e4e2daf98 to remote] DEBUG org.apache.http.impl.conn.DefaultManagedHttpClientConnection - http-outgoing-3: set socket timeout to 10800000
10:18:08.110 [Forwarding findElements on session 7779b2387c255d5a18c0813e4e2daf98 to remote] DEBUG org.apache.http.impl.execchain.MainClientExec - Executing request POST /session/7779b2387c255d5a18c0813e4e2daf98/elements HTTP/1.1
10:18:08.110 [Forwarding findElements on session 7779b2387c255d5a18c0813e4e2daf98 to remote] DEBUG org.apache.http.impl.execchain.MainClientExec - Target auth state: UNCHALLENGED
10:18:08.110 [Forwarding findElements on session 7779b2387c255d5a18c0813e4e2daf98 to remote] DEBUG org.apache.http.impl.execchain.MainClientExec - Proxy auth state: UNCHALLENGED
10:18:08.110 [Forwarding findElements on session 7779b2387c255d5a18c0813e4e2daf98 to remote] DEBUG org.apache.http.headers - http-outgoing-3 >> POST /session/7779b2387c255d5a18c0813e4e2daf98/elements HTTP/1.1
10:18:08.110 [Forwarding findElements on session 7779b2387c255d5a18c0813e4e2daf98 to remote] DEBUG org.apache.http.headers - http-outgoing-3 >> Content-Type: application/json; charset=utf-8
10:18:08.110 [Forwarding findElements on session 7779b2387c255d5a18c0813e4e2daf98 to remote] DEBUG org.apache.http.headers - http-outgoing-3 >> Content-Length: 57
10:18:08.110 [Forwarding findElements on session 7779b2387c255d5a18c0813e4e2daf98 to remote] DEBUG org.apache.http.headers - http-outgoing-3 >> Host: localhost:14252
10:18:08.110 [Forwarding findElements on session 7779b2387c255d5a18c0813e4e2daf98 to remote] DEBUG org.apache.http.headers - http-outgoing-3 >> Connection: Keep-Alive
10:18:08.110 [Forwarding findElements on session 7779b2387c255d5a18c0813e4e2daf98 to remote] DEBUG org.apache.http.headers - http-outgoing-3 >> User-Agent: Apache-HttpClient/4.5.2 (Java/1.8.0_162)
10:18:08.110 [Forwarding findElements on session 7779b2387c255d5a18c0813e4e2daf98 to remote] DEBUG org.apache.http.headers - http-outgoing-3 >> Accept-Encoding: gzip,deflate
10:18:08.110 [Forwarding findElements on session 7779b2387c255d5a18c0813e4e2daf98 to remote] DEBUG org.apache.http.wire - http-outgoing-3 >> "POST /session/7779b2387c255d5a18c0813e4e2daf98/elements HTTP/1.1[\r][\n]"
10:18:08.110 [Forwarding findElements on session 7779b2387c255d5a18c0813e4e2daf98 to remote] DEBUG org.apache.http.wire - http-outgoing-3 >> "Content-Type: application/json; charset=utf-8[\r][\n]"
10:18:08.110 [Forwarding findElements on session 7779b2387c255d5a18c0813e4e2daf98 to remote] DEBUG org.apache.http.wire - http-outgoing-3 >> "Content-Length: 57[\r][\n]"
10:18:08.110 [Forwarding findElements on session 7779b2387c255d5a18c0813e4e2daf98 to remote] DEBUG org.apache.http.wire - http-outgoing-3 >> "Host: localhost:14252[\r][\n]"
10:18:08.110 [Forwarding findElements on session 7779b2387c255d5a18c0813e4e2daf98 to remote] DEBUG org.apache.http.wire - http-outgoing-3 >> "Connection: Keep-Alive[\r][\n]"
10:18:08.110 [Forwarding findElements on session 7779b2387c255d5a18c0813e4e2daf98 to remote] DEBUG org.apache.http.wire - http-outgoing-3 >> "User-Agent: Apache-HttpClient/4.5.2 (Java/1.8.0_162)[\r][\n]"
10:18:08.110 [Forwarding findElements on session 7779b2387c255d5a18c0813e4e2daf98 to remote] DEBUG org.apache.http.wire - http-outgoing-3 >> "Accept-Encoding: gzip,deflate[\r][\n]"
10:18:08.110 [Forwarding findElements on session 7779b2387c255d5a18c0813e4e2daf98 to remote] DEBUG org.apache.http.wire - http-outgoing-3 >> "[\r][\n]"
10:18:08.110 [Forwarding findElements on session 7779b2387c255d5a18c0813e4e2daf98 to remote] DEBUG org.apache.http.wire - http-outgoing-3 >> "{"using":"css selector","value":"frame#GC37,iframe#GC37"}"
10:18:08.118 [Forwarding findElements on session 7779b2387c255d5a18c0813e4e2daf98 to remote] DEBUG org.apache.http.wire - http-outgoing-3 << "HTTP/1.1 200 OK[\r][\n]"
10:18:08.118 [Forwarding findElements on session 7779b2387c255d5a18c0813e4e2daf98 to remote] DEBUG org.apache.http.wire - http-outgoing-3 << "Content-Length:104[\r][\n]"
10:18:08.118 [Forwarding findElements on session 7779b2387c255d5a18c0813e4e2daf98 to remote] DEBUG org.apache.http.wire - http-outgoing-3 << "Content-Type:application/json; charset=utf-8[\r][\n]"
10:18:08.118 [Forwarding findElements on session 7779b2387c255d5a18c0813e4e2daf98 to remote] DEBUG org.apache.http.wire - http-outgoing-3 << "[\r][\n]"
10:18:08.118 [Forwarding findElements on session 7779b2387c255d5a18c0813e4e2daf98 to remote] DEBUG org.apache.http.wire - http-outgoing-3 << "{"sessionId":"7779b2387c255d5a18c0813e4e2daf98","status":0,"value":[{"ELEMENT":"0.9253431269277517-4"}]}"
10:18:08.118 [Forwarding findElements on session 7779b2387c255d5a18c0813e4e2daf98 to remote] DEBUG org.apache.http.headers - http-outgoing-3 << HTTP/1.1 200 OK
10:18:08.118 [Forwarding findElements on session 7779b2387c255d5a18c0813e4e2daf98 to remote] DEBUG org.apache.http.headers - http-outgoing-3 << Content-Length:104
10:18:08.118 [Forwarding findElements on session 7779b2387c255d5a18c0813e4e2daf98 to remote] DEBUG org.apache.http.headers - http-outgoing-3 << Content-Type:application/json; charset=utf-8
10:18:08.118 [Forwarding findElements on session 7779b2387c255d5a18c0813e4e2daf98 to remote] DEBUG org.apache.http.impl.execchain.MainClientExec - Connection can be kept alive indefinitely
10:18:08.118 [Forwarding findElements on session 7779b2387c255d5a18c0813e4e2daf98 to remote] DEBUG org.apache.http.impl.conn.PoolingHttpClientConnectionManager - Connection [id: 3][route: {}->http://localhost:14252] can be kept alive indefinitely
10:18:08.118 [Forwarding findElements on session 7779b2387c255d5a18c0813e4e2daf98 to remote] DEBUG org.apache.http.impl.conn.PoolingHttpClientConnectionManager - Connection released: [id: 3][route: {}->http://localhost:14252][total kept alive: 1; route allocated: 1 of 2000; total allocated: 1 of 2000]
10:18:08.118 [Forwarding switchToFrame on session 7779b2387c255d5a18c0813e4e2daf98 to remote] DEBUG org.apache.http.client.protocol.RequestAddCookies - CookieSpec selected: default
10:18:08.118 [Forwarding switchToFrame on session 7779b2387c255d5a18c0813e4e2daf98 to remote] DEBUG org.apache.http.client.protocol.RequestAuthCache - Auth cache not set in the context
10:18:08.118 [Forwarding switchToFrame on session 7779b2387c255d5a18c0813e4e2daf98 to remote] DEBUG org.apache.http.impl.conn.PoolingHttpClientConnectionManager - Connection request: [route: {}->http://localhost:14252][total kept alive: 1; route allocated: 1 of 2000; total allocated: 1 of 2000]
10:18:08.118 [Forwarding switchToFrame on session 7779b2387c255d5a18c0813e4e2daf98 to remote] DEBUG org.apache.http.impl.conn.PoolingHttpClientConnectionManager - Connection leased: [id: 3][route: {}->http://localhost:14252][total kept alive: 0; route allocated: 1 of 2000; total allocated: 1 of 2000]
10:18:08.118 [Forwarding switchToFrame on session 7779b2387c255d5a18c0813e4e2daf98 to remote] DEBUG org.apache.http.impl.execchain.MainClientExec - Stale connection check
10:18:08.125 [Forwarding switchToFrame on session 7779b2387c255d5a18c0813e4e2daf98 to remote] DEBUG org.apache.http.wire - http-outgoing-3 << "[read] I/O error: Read timed out"
10:18:08.125 [Forwarding switchToFrame on session 7779b2387c255d5a18c0813e4e2daf98 to remote] DEBUG org.apache.http.impl.conn.DefaultManagedHttpClientConnection - http-outgoing-3: set socket timeout to 10800000
10:18:08.125 [Forwarding switchToFrame on session 7779b2387c255d5a18c0813e4e2daf98 to remote] DEBUG org.apache.http.impl.execchain.MainClientExec - Executing request POST /session/7779b2387c255d5a18c0813e4e2daf98/frame HTTP/1.1
10:18:08.125 [Forwarding switchToFrame on session 7779b2387c255d5a18c0813e4e2daf98 to remote] DEBUG org.apache.http.impl.execchain.MainClientExec - Target auth state: UNCHALLENGED
10:18:08.125 [Forwarding switchToFrame on session 7779b2387c255d5a18c0813e4e2daf98 to remote] DEBUG org.apache.http.impl.execchain.MainClientExec - Proxy auth state: UNCHALLENGED
10:18:08.125 [Forwarding switchToFrame on session 7779b2387c255d5a18c0813e4e2daf98 to remote] DEBUG org.apache.http.headers - http-outgoing-3 >> POST /session/7779b2387c255d5a18c0813e4e2daf98/frame HTTP/1.1
10:18:08.125 [Forwarding switchToFrame on session 7779b2387c255d5a18c0813e4e2daf98 to remote] DEBUG org.apache.http.headers - http-outgoing-3 >> Content-Type: application/json; charset=utf-8
10:18:08.125 [Forwarding switchToFrame on session 7779b2387c255d5a18c0813e4e2daf98 to remote] DEBUG org.apache.http.headers - http-outgoing-3 >> Content-Length: 102
10:18:08.125 [Forwarding switchToFrame on session 7779b2387c255d5a18c0813e4e2daf98 to remote] DEBUG org.apache.http.headers - http-outgoing-3 >> Host: localhost:14252
10:18:08.125 [Forwarding switchToFrame on session 7779b2387c255d5a18c0813e4e2daf98 to remote] DEBUG org.apache.http.headers - http-outgoing-3 >> Connection: Keep-Alive
10:18:08.125 [Forwarding switchToFrame on session 7779b2387c255d5a18c0813e4e2daf98 to remote] DEBUG org.apache.http.headers - http-outgoing-3 >> User-Agent: Apache-HttpClient/4.5.2 (Java/1.8.0_162)
10:18:08.125 [Forwarding switchToFrame on session 7779b2387c255d5a18c0813e4e2daf98 to remote] DEBUG org.apache.http.headers - http-outgoing-3 >> Accept-Encoding: gzip,deflate
10:18:08.125 [Forwarding switchToFrame on session 7779b2387c255d5a18c0813e4e2daf98 to remote] DEBUG org.apache.http.wire - http-outgoing-3 >> "POST /session/7779b2387c255d5a18c0813e4e2daf98/frame HTTP/1.1[\r][\n]"
10:18:08.125 [Forwarding switchToFrame on session 7779b2387c255d5a18c0813e4e2daf98 to remote] DEBUG org.apache.http.wire - http-outgoing-3 >> "Content-Type: application/json; charset=utf-8[\r][\n]"
10:18:08.125 [Forwarding switchToFrame on session 7779b2387c255d5a18c0813e4e2daf98 to remote] DEBUG org.apache.http.wire - http-outgoing-3 >> "Content-Length: 102[\r][\n]"
10:18:08.125 [Forwarding switchToFrame on session 7779b2387c255d5a18c0813e4e2daf98 to remote] DEBUG org.apache.http.wire - http-outgoing-3 >> "Host: localhost:14252[\r][\n]"
10:18:08.125 [Forwarding switchToFrame on session 7779b2387c255d5a18c0813e4e2daf98 to remote] DEBUG org.apache.http.wire - http-outgoing-3 >> "Connection: Keep-Alive[\r][\n]"
10:18:08.125 [Forwarding switchToFrame on session 7779b2387c255d5a18c0813e4e2daf98 to remote] DEBUG org.apache.http.wire - http-outgoing-3 >> "User-Agent: Apache-HttpClient/4.5.2 (Java/1.8.0_162)[\r][\n]"
10:18:08.125 [Forwarding switchToFrame on session 7779b2387c255d5a18c0813e4e2daf98 to remote] DEBUG org.apache.http.wire - http-outgoing-3 >> "Accept-Encoding: gzip,deflate[\r][\n]"
10:18:08.125 [Forwarding switchToFrame on session 7779b2387c255d5a18c0813e4e2daf98 to remote] DEBUG org.apache.http.wire - http-outgoing-3 >> "[\r][\n]"
10:18:08.125 [Forwarding switchToFrame on session 7779b2387c255d5a18c0813e4e2daf98 to remote] DEBUG org.apache.http.wire - http-outgoing-3 >> "{"id":{"ELEMENT":"0.9253431269277517-4","element-6066-11e4-a52e-4f735466cecf":"0.9253431269277517-4"}}"
10:18:08.138 [Forwarding switchToFrame on session 7779b2387c255d5a18c0813e4e2daf98 to remote] DEBUG org.apache.http.wire - http-outgoing-3 << "HTTP/1.1 200 OK[\r][\n]"
10:18:08.138 [Forwarding switchToFrame on session 7779b2387c255d5a18c0813e4e2daf98 to remote] DEBUG org.apache.http.wire - http-outgoing-3 << "Content-Length:72[\r][\n]"
10:18:08.138 [Forwarding switchToFrame on session 7779b2387c255d5a18c0813e4e2daf98 to remote] DEBUG org.apache.http.wire - http-outgoing-3 << "Content-Type:application/json; charset=utf-8[\r][\n]"
10:18:08.138 [Forwarding switchToFrame on session 7779b2387c255d5a18c0813e4e2daf98 to remote] DEBUG org.apache.http.wire - http-outgoing-3 << "[\r][\n]"
10:18:08.138 [Forwarding switchToFrame on session 7779b2387c255d5a18c0813e4e2daf98 to remote] DEBUG org.apache.http.wire - http-outgoing-3 << "{"sessionId":"7779b2387c255d5a18c0813e4e2daf98","status":0,"value":null}"
10:18:08.139 [Forwarding switchToFrame on session 7779b2387c255d5a18c0813e4e2daf98 to remote] DEBUG org.apache.http.headers - http-outgoing-3 << HTTP/1.1 200 OK
10:18:08.139 [Forwarding switchToFrame on session 7779b2387c255d5a18c0813e4e2daf98 to remote] DEBUG org.apache.http.headers - http-outgoing-3 << Content-Length:72
10:18:08.139 [Forwarding switchToFrame on session 7779b2387c255d5a18c0813e4e2daf98 to remote] DEBUG org.apache.http.headers - http-outgoing-3 << Content-Type:application/json; charset=utf-8
10:18:08.139 [Forwarding switchToFrame on session 7779b2387c255d5a18c0813e4e2daf98 to remote] DEBUG org.apache.http.impl.execchain.MainClientExec - Connection can be kept alive indefinitely
10:18:08.139 [Forwarding switchToFrame on session 7779b2387c255d5a18c0813e4e2daf98 to remote] DEBUG org.apache.http.impl.conn.PoolingHttpClientConnectionManager - Connection [id: 3][route: {}->http://localhost:14252] can be kept alive indefinitely
10:18:08.139 [Forwarding switchToFrame on session 7779b2387c255d5a18c0813e4e2daf98 to remote] DEBUG org.apache.http.impl.conn.PoolingHttpClientConnectionManager - Connection released: [id: 3][route: {}->http://localhost:14252][total kept alive: 1; route allocated: 1 of 2000; total allocated: 1 of 2000]
10:18:11.143 [Forwarding findElement on session 7779b2387c255d5a18c0813e4e2daf98 to remote] DEBUG org.apache.http.client.protocol.RequestAddCookies - CookieSpec selected: default
10:18:11.143 [Forwarding findElement on session 7779b2387c255d5a18c0813e4e2daf98 to remote] DEBUG org.apache.http.client.protocol.RequestAuthCache - Auth cache not set in the context
10:18:11.143 [Forwarding findElement on session 7779b2387c255d5a18c0813e4e2daf98 to remote] DEBUG org.apache.http.impl.conn.PoolingHttpClientConnectionManager - Connection request: [route: {}->http://localhost:14252][total kept alive: 1; route allocated: 1 of 2000; total allocated: 1 of 2000]
10:18:11.159 [Forwarding findElement on session 7779b2387c255d5a18c0813e4e2daf98 to remote] DEBUG org.apache.http.wire - http-outgoing-3 << "[read] I/O error: Read timed out"
10:18:11.159 [Forwarding findElement on session 7779b2387c255d5a18c0813e4e2daf98 to remote] DEBUG org.apache.http.impl.conn.PoolingHttpClientConnectionManager - Connection leased: [id: 3][route: {}->http://localhost:14252][total kept alive: 0; route allocated: 1 of 2000; total allocated: 1 of 2000]
10:18:11.159 [Forwarding findElement on session 7779b2387c255d5a18c0813e4e2daf98 to remote] DEBUG org.apache.http.impl.execchain.MainClientExec - Stale connection check
10:18:11.174 [Forwarding findElement on session 7779b2387c255d5a18c0813e4e2daf98 to remote] DEBUG org.apache.http.wire - http-outgoing-3 << "[read] I/O error: Read timed out"
10:18:11.174 [Forwarding findElement on session 7779b2387c255d5a18c0813e4e2daf98 to remote] DEBUG org.apache.http.impl.conn.DefaultManagedHttpClientConnection - http-outgoing-3: set socket timeout to 10800000
10:18:11.174 [Forwarding findElement on session 7779b2387c255d5a18c0813e4e2daf98 to remote] DEBUG org.apache.http.impl.execchain.MainClientExec - Executing request POST /session/7779b2387c255d5a18c0813e4e2daf98/element HTTP/1.1
10:18:11.174 [Forwarding findElement on session 7779b2387c255d5a18c0813e4e2daf98 to remote] DEBUG org.apache.http.impl.execchain.MainClientExec - Target auth state: UNCHALLENGED
10:18:11.174 [Forwarding findElement on session 7779b2387c255d5a18c0813e4e2daf98 to remote] DEBUG org.apache.http.impl.execchain.MainClientExec - Proxy auth state: UNCHALLENGED
10:18:11.174 [Forwarding findElement on session 7779b2387c255d5a18c0813e4e2daf98 to remote] DEBUG org.apache.http.headers - http-outgoing-3 >> POST /session/7779b2387c255d5a18c0813e4e2daf98/element HTTP/1.1
10:18:11.174 [Forwarding findElement on session 7779b2387c255d5a18c0813e4e2daf98 to remote] DEBUG org.apache.http.headers - http-outgoing-3 >> Content-Type: application/json; charset=utf-8
10:18:11.174 [Forwarding findElement on session 7779b2387c255d5a18c0813e4e2daf98 to remote] DEBUG org.apache.http.headers - http-outgoing-3 >> Content-Length: 53
10:18:11.174 [Forwarding findElement on session 7779b2387c255d5a18c0813e4e2daf98 to remote] DEBUG org.apache.http.headers - http-outgoing-3 >> Host: localhost:14252
10:18:11.174 [Forwarding findElement on session 7779b2387c255d5a18c0813e4e2daf98 to remote] DEBUG org.apache.http.headers - http-outgoing-3 >> Connection: Keep-Alive
10:18:11.174 [Forwarding findElement on session 7779b2387c255d5a18c0813e4e2daf98 to remote] DEBUG org.apache.http.headers - http-outgoing-3 >> User-Agent: Apache-HttpClient/4.5.2 (Java/1.8.0_162)
10:18:11.174 [Forwarding findElement on session 7779b2387c255d5a18c0813e4e2daf98 to remote] DEBUG org.apache.http.headers - http-outgoing-3 >> Accept-Encoding: gzip,deflate
10:18:11.174 [Forwarding findElement on session 7779b2387c255d5a18c0813e4e2daf98 to remote] DEBUG org.apache.http.wire - http-outgoing-3 >> "POST /session/7779b2387c255d5a18c0813e4e2daf98/element HTTP/1.1[\r][\n]"
10:18:11.174 [Forwarding findElement on session 7779b2387c255d5a18c0813e4e2daf98 to remote] DEBUG org.apache.http.wire - http-outgoing-3 >> "Content-Type: application/json; charset=utf-8[\r][\n]"
10:18:11.174 [Forwarding findElement on session 7779b2387c255d5a18c0813e4e2daf98 to remote] DEBUG org.apache.http.wire - http-outgoing-3 >> "Content-Length: 53[\r][\n]"
10:18:11.174 [Forwarding findElement on session 7779b2387c255d5a18c0813e4e2daf98 to remote] DEBUG org.apache.http.wire - http-outgoing-3 >> "Host: localhost:14252[\r][\n]"
10:18:11.174 [Forwarding findElement on session 7779b2387c255d5a18c0813e4e2daf98 to remote] DEBUG org.apache.http.wire - http-outgoing-3 >> "Connection: Keep-Alive[\r][\n]"
10:18:11.174 [Forwarding findElement on session 7779b2387c255d5a18c0813e4e2daf98 to remote] DEBUG org.apache.http.wire - http-outgoing-3 >> "User-Agent: Apache-HttpClient/4.5.2 (Java/1.8.0_162)[\r][\n]"
10:18:11.174 [Forwarding findElement on session 7779b2387c255d5a18c0813e4e2daf98 to remote] DEBUG org.apache.http.wire - http-outgoing-3 >> "Accept-Encoding: gzip,deflate[\r][\n]"
10:18:11.174 [Forwarding findElement on session 7779b2387c255d5a18c0813e4e2daf98 to remote] DEBUG org.apache.http.wire - http-outgoing-3 >> "[\r][\n]"
10:18:11.174 [Forwarding findElement on session 7779b2387c255d5a18c0813e4e2daf98 to remote] DEBUG org.apache.http.wire - http-outgoing-3 >> "{"using":"xpath","value":"//span[text()=\"[0xe6][0x90][0x9c][0xe7][0xb4][0xa2]\"]"}"
10:18:11.183 [Forwarding findElement on session 7779b2387c255d5a18c0813e4e2daf98 to remote] DEBUG org.apache.http.wire - http-outgoing-3 << "HTTP/1.1 200 OK[\r][\n]"
10:18:11.183 [Forwarding findElement on session 7779b2387c255d5a18c0813e4e2daf98 to remote] DEBUG org.apache.http.wire - http-outgoing-3 << "Content-Length:102[\r][\n]"
10:18:11.183 [Forwarding findElement on session 7779b2387c255d5a18c0813e4e2daf98 to remote] DEBUG org.apache.http.wire - http-outgoing-3 << "Content-Type:application/json; charset=utf-8[\r][\n]"
10:18:11.183 [Forwarding findElement on session 7779b2387c255d5a18c0813e4e2daf98 to remote] DEBUG org.apache.http.wire - http-outgoing-3 << "[\r][\n]"
10:18:11.183 [Forwarding findElement on session 7779b2387c255d5a18c0813e4e2daf98 to remote] DEBUG org.apache.http.wire - http-outgoing-3 << "{"sessionId":"7779b2387c255d5a18c0813e4e2daf98","status":0,"value":{"ELEMENT":"0.9133018558373007-1"}}"
10:18:11.183 [Forwarding findElement on session 7779b2387c255d5a18c0813e4e2daf98 to remote] DEBUG org.apache.http.headers - http-outgoing-3 << HTTP/1.1 200 OK
10:18:11.183 [Forwarding findElement on session 7779b2387c255d5a18c0813e4e2daf98 to remote] DEBUG org.apache.http.headers - http-outgoing-3 << Content-Length:102
10:18:11.183 [Forwarding findElement on session 7779b2387c255d5a18c0813e4e2daf98 to remote] DEBUG org.apache.http.headers - http-outgoing-3 << Content-Type:application/json; charset=utf-8
10:18:11.183 [Forwarding findElement on session 7779b2387c255d5a18c0813e4e2daf98 to remote] DEBUG org.apache.http.impl.execchain.MainClientExec - Connection can be kept alive indefinitely
10:18:11.183 [Forwarding findElement on session 7779b2387c255d5a18c0813e4e2daf98 to remote] DEBUG org.apache.http.impl.conn.PoolingHttpClientConnectionManager - Connection [id: 3][route: {}->http://localhost:14252] can be kept alive indefinitely
10:18:11.183 [Forwarding findElement on session 7779b2387c255d5a18c0813e4e2daf98 to remote] DEBUG org.apache.http.impl.conn.PoolingHttpClientConnectionManager - Connection released: [id: 3][route: {}->http://localhost:14252][total kept alive: 1; route allocated: 1 of 2000; total allocated: 1 of 2000]
10:18:11.184 [Forwarding clickElement on session 7779b2387c255d5a18c0813e4e2daf98 to remote] DEBUG org.apache.http.client.protocol.RequestAddCookies - CookieSpec selected: default
10:18:11.184 [Forwarding clickElement on session 7779b2387c255d5a18c0813e4e2daf98 to remote] DEBUG org.apache.http.client.protocol.RequestAuthCache - Auth cache not set in the context
10:18:11.184 [Forwarding clickElement on session 7779b2387c255d5a18c0813e4e2daf98 to remote] DEBUG org.apache.http.impl.conn.PoolingHttpClientConnectionManager - Connection request: [route: {}->http://localhost:14252][total kept alive: 1; route allocated: 1 of 2000; total allocated: 1 of 2000]
10:18:11.184 [Forwarding clickElement on session 7779b2387c255d5a18c0813e4e2daf98 to remote] DEBUG org.apache.http.impl.conn.PoolingHttpClientConnectionManager - Connection leased: [id: 3][route: {}->http://localhost:14252][total kept alive: 0; route allocated: 1 of 2000; total allocated: 1 of 2000]
10:18:11.184 [Forwarding clickElement on session 7779b2387c255d5a18c0813e4e2daf98 to remote] DEBUG org.apache.http.impl.execchain.MainClientExec - Stale connection check
10:18:11.190 [Forwarding clickElement on session 7779b2387c255d5a18c0813e4e2daf98 to remote] DEBUG org.apache.http.wire - http-outgoing-3 << "[read] I/O error: Read timed out"
10:18:11.190 [Forwarding clickElement on session 7779b2387c255d5a18c0813e4e2daf98 to remote] DEBUG org.apache.http.impl.conn.DefaultManagedHttpClientConnection - http-outgoing-3: set socket timeout to 10800000
10:18:11.190 [Forwarding clickElement on session 7779b2387c255d5a18c0813e4e2daf98 to remote] DEBUG org.apache.http.impl.execchain.MainClientExec - Executing request POST /session/7779b2387c255d5a18c0813e4e2daf98/element/0.9133018558373007-1/click HTTP/1.1
10:18:11.190 [Forwarding clickElement on session 7779b2387c255d5a18c0813e4e2daf98 to remote] DEBUG org.apache.http.impl.execchain.MainClientExec - Target auth state: UNCHALLENGED
10:18:11.190 [Forwarding clickElement on session 7779b2387c255d5a18c0813e4e2daf98 to remote] DEBUG org.apache.http.impl.execchain.MainClientExec - Proxy auth state: UNCHALLENGED
10:18:11.190 [Forwarding clickElement on session 7779b2387c255d5a18c0813e4e2daf98 to remote] DEBUG org.apache.http.headers - http-outgoing-3 >> POST /session/7779b2387c255d5a18c0813e4e2daf98/element/0.9133018558373007-1/click HTTP/1.1
10:18:11.190 [Forwarding clickElement on session 7779b2387c255d5a18c0813e4e2daf98 to remote] DEBUG org.apache.http.headers - http-outgoing-3 >> Content-Type: application/json; charset=utf-8
10:18:11.190 [Forwarding clickElement on session 7779b2387c255d5a18c0813e4e2daf98 to remote] DEBUG org.apache.http.headers - http-outgoing-3 >> Content-Length: 29
10:18:11.190 [Forwarding clickElement on session 7779b2387c255d5a18c0813e4e2daf98 to remote] DEBUG org.apache.http.headers - http-outgoing-3 >> Host: localhost:14252
10:18:11.190 [Forwarding clickElement on session 7779b2387c255d5a18c0813e4e2daf98 to remote] DEBUG org.apache.http.headers - http-outgoing-3 >> Connection: Keep-Alive
10:18:11.190 [Forwarding clickElement on session 7779b2387c255d5a18c0813e4e2daf98 to remote] DEBUG org.apache.http.headers - http-outgoing-3 >> User-Agent: Apache-HttpClient/4.5.2 (Java/1.8.0_162)
10:18:11.190 [Forwarding clickElement on session 7779b2387c255d5a18c0813e4e2daf98 to remote] DEBUG org.apache.http.headers - http-outgoing-3 >> Accept-Encoding: gzip,deflate
10:18:11.190 [Forwarding clickElement on session 7779b2387c255d5a18c0813e4e2daf98 to remote] DEBUG org.apache.http.wire - http-outgoing-3 >> "POST /session/7779b2387c255d5a18c0813e4e2daf98/element/0.9133018558373007-1/click HTTP/1.1[\r][\n]"
10:18:11.190 [Forwarding clickElement on session 7779b2387c255d5a18c0813e4e2daf98 to remote] DEBUG org.apache.http.wire - http-outgoing-3 >> "Content-Type: application/json; charset=utf-8[\r][\n]"
10:18:11.190 [Forwarding clickElement on session 7779b2387c255d5a18c0813e4e2daf98 to remote] DEBUG org.apache.http.wire - http-outgoing-3 >> "Content-Length: 29[\r][\n]"
10:18:11.190 [Forwarding clickElement on session 7779b2387c255d5a18c0813e4e2daf98 to remote] DEBUG org.apache.http.wire - http-outgoing-3 >> "Host: localhost:14252[\r][\n]"
10:18:11.190 [Forwarding clickElement on session 7779b2387c255d5a18c0813e4e2daf98 to remote] DEBUG org.apache.http.wire - http-outgoing-3 >> "Connection: Keep-Alive[\r][\n]"
10:18:11.190 [Forwarding clickElement on session 7779b2387c255d5a18c0813e4e2daf98 to remote] DEBUG org.apache.http.wire - http-outgoing-3 >> "User-Agent: Apache-HttpClient/4.5.2 (Java/1.8.0_162)[\r][\n]"
10:18:11.190 [Forwarding clickElement on session 7779b2387c255d5a18c0813e4e2daf98 to remote] DEBUG org.apache.http.wire - http-outgoing-3 >> "Accept-Encoding: gzip,deflate[\r][\n]"
10:18:11.190 [Forwarding clickElement on session 7779b2387c255d5a18c0813e4e2daf98 to remote] DEBUG org.apache.http.wire - http-outgoing-3 >> "[\r][\n]"
10:18:11.190 [Forwarding clickElement on session 7779b2387c255d5a18c0813e4e2daf98 to remote] DEBUG org.apache.http.wire - http-outgoing-3 >> "{"id":"0.9133018558373007-1"}"
10:18:11.240 [Forwarding clickElement on session 7779b2387c255d5a18c0813e4e2daf98 to remote] DEBUG org.apache.http.wire - http-outgoing-3 << "HTTP/1.1 200 OK[\r][\n]"
10:18:11.240 [Forwarding clickElement on session 7779b2387c255d5a18c0813e4e2daf98 to remote] DEBUG org.apache.http.wire - http-outgoing-3 << "Content-Length:72[\r][\n]"
10:18:11.240 [Forwarding clickElement on session 7779b2387c255d5a18c0813e4e2daf98 to remote] DEBUG org.apache.http.wire - http-outgoing-3 << "Content-Type:application/json; charset=utf-8[\r][\n]"
10:18:11.240 [Forwarding clickElement on session 7779b2387c255d5a18c0813e4e2daf98 to remote] DEBUG org.apache.http.wire - http-outgoing-3 << "[\r][\n]"
10:18:11.240 [Forwarding clickElement on session 7779b2387c255d5a18c0813e4e2daf98 to remote] DEBUG org.apache.http.wire - http-outgoing-3 << "{"sessionId":"7779b2387c255d5a18c0813e4e2daf98","status":0,"value":null}"
10:18:11.240 [Forwarding clickElement on session 7779b2387c255d5a18c0813e4e2daf98 to remote] DEBUG org.apache.http.headers - http-outgoing-3 << HTTP/1.1 200 OK
10:18:11.240 [Forwarding clickElement on session 7779b2387c255d5a18c0813e4e2daf98 to remote] DEBUG org.apache.http.headers - http-outgoing-3 << Content-Length:72
10:18:11.240 [Forwarding clickElement on session 7779b2387c255d5a18c0813e4e2daf98 to remote] DEBUG org.apache.http.headers - http-outgoing-3 << Content-Type:application/json; charset=utf-8
10:18:11.240 [Forwarding clickElement on session 7779b2387c255d5a18c0813e4e2daf98 to remote] DEBUG org.apache.http.impl.execchain.MainClientExec - Connection can be kept alive indefinitely
10:18:11.240 [Forwarding clickElement on session 7779b2387c255d5a18c0813e4e2daf98 to remote] DEBUG org.apache.http.impl.conn.PoolingHttpClientConnectionManager - Connection [id: 3][route: {}->http://localhost:14252] can be kept alive indefinitely
10:18:11.240 [Forwarding clickElement on session 7779b2387c255d5a18c0813e4e2daf98 to remote] DEBUG org.apache.http.impl.conn.PoolingHttpClientConnectionManager - Connection released: [id: 3][route: {}->http://localhost:14252][total kept alive: 1; route allocated: 1 of 2000; total allocated: 1 of 2000]
10:18:12.253 [Forwarding findElement on session 7779b2387c255d5a18c0813e4e2daf98 to remote] DEBUG org.apache.http.client.protocol.RequestAddCookies - CookieSpec selected: default
10:18:12.253 [Forwarding findElement on session 7779b2387c255d5a18c0813e4e2daf98 to remote] DEBUG org.apache.http.client.protocol.RequestAuthCache - Auth cache not set in the context
10:18:12.253 [Forwarding findElement on session 7779b2387c255d5a18c0813e4e2daf98 to remote] DEBUG org.apache.http.impl.conn.PoolingHttpClientConnectionManager - Connection request: [route: {}->http://localhost:14252][total kept alive: 1; route allocated: 1 of 2000; total allocated: 1 of 2000]
10:18:12.253 [Forwarding findElement on session 7779b2387c255d5a18c0813e4e2daf98 to remote] DEBUG org.apache.http.impl.conn.PoolingHttpClientConnectionManager - Connection leased: [id: 3][route: {}->http://localhost:14252][total kept alive: 0; route allocated: 1 of 2000; total allocated: 1 of 2000]
10:18:12.253 [Forwarding findElement on session 7779b2387c255d5a18c0813e4e2daf98 to remote] DEBUG org.apache.http.impl.execchain.MainClientExec - Stale connection check
10:18:12.269 [Forwarding findElement on session 7779b2387c255d5a18c0813e4e2daf98 to remote] DEBUG org.apache.http.wire - http-outgoing-3 << "[read] I/O error: Read timed out"
10:18:12.269 [Forwarding findElement on session 7779b2387c255d5a18c0813e4e2daf98 to remote] DEBUG org.apache.http.impl.conn.DefaultManagedHttpClientConnection - http-outgoing-3: set socket timeout to 10800000
10:18:12.269 [Forwarding findElement on session 7779b2387c255d5a18c0813e4e2daf98 to remote] DEBUG org.apache.http.impl.execchain.MainClientExec - Executing request POST /session/7779b2387c255d5a18c0813e4e2daf98/element HTTP/1.1
10:18:12.269 [Forwarding findElement on session 7779b2387c255d5a18c0813e4e2daf98 to remote] DEBUG org.apache.http.impl.execchain.MainClientExec - Target auth state: UNCHALLENGED
10:18:12.269 [Forwarding findElement on session 7779b2387c255d5a18c0813e4e2daf98 to remote] DEBUG org.apache.http.impl.execchain.MainClientExec - Proxy auth state: UNCHALLENGED
10:18:12.269 [Forwarding findElement on session 7779b2387c255d5a18c0813e4e2daf98 to remote] DEBUG org.apache.http.headers - http-outgoing-3 >> POST /session/7779b2387c255d5a18c0813e4e2daf98/element HTTP/1.1
10:18:12.269 [Forwarding findElement on session 7779b2387c255d5a18c0813e4e2daf98 to remote] DEBUG org.apache.http.headers - http-outgoing-3 >> Content-Type: application/json; charset=utf-8
10:18:12.269 [Forwarding findElement on session 7779b2387c255d5a18c0813e4e2daf98 to remote] DEBUG org.apache.http.headers - http-outgoing-3 >> Content-Length: 48
10:18:12.269 [Forwarding findElement on session 7779b2387c255d5a18c0813e4e2daf98 to remote] DEBUG org.apache.http.headers - http-outgoing-3 >> Host: localhost:14252
10:18:12.269 [Forwarding findElement on session 7779b2387c255d5a18c0813e4e2daf98 to remote] DEBUG org.apache.http.headers - http-outgoing-3 >> Connection: Keep-Alive
10:18:12.269 [Forwarding findElement on session 7779b2387c255d5a18c0813e4e2daf98 to remote] DEBUG org.apache.http.headers - http-outgoing-3 >> User-Agent: Apache-HttpClient/4.5.2 (Java/1.8.0_162)
10:18:12.269 [Forwarding findElement on session 7779b2387c255d5a18c0813e4e2daf98 to remote] DEBUG org.apache.http.headers - http-outgoing-3 >> Accept-Encoding: gzip,deflate
10:18:12.269 [Forwarding findElement on session 7779b2387c255d5a18c0813e4e2daf98 to remote] DEBUG org.apache.http.wire - http-outgoing-3 >> "POST /session/7779b2387c255d5a18c0813e4e2daf98/element HTTP/1.1[\r][\n]"
10:18:12.269 [Forwarding findElement on session 7779b2387c255d5a18c0813e4e2daf98 to remote] DEBUG org.apache.http.wire - http-outgoing-3 >> "Content-Type: application/json; charset=utf-8[\r][\n]"
10:18:12.269 [Forwarding findElement on session 7779b2387c255d5a18c0813e4e2daf98 to remote] DEBUG org.apache.http.wire - http-outgoing-3 >> "Content-Length: 48[\r][\n]"
10:18:12.269 [Forwarding findElement on session 7779b2387c255d5a18c0813e4e2daf98 to remote] DEBUG org.apache.http.wire - http-outgoing-3 >> "Host: localhost:14252[\r][\n]"
10:18:12.269 [Forwarding findElement on session 7779b2387c255d5a18c0813e4e2daf98 to remote] DEBUG org.apache.http.wire - http-outgoing-3 >> "Connection: Keep-Alive[\r][\n]"
10:18:12.269 [Forwarding findElement on session 7779b2387c255d5a18c0813e4e2daf98 to remote] DEBUG org.apache.http.wire - http-outgoing-3 >> "User-Agent: Apache-HttpClient/4.5.2 (Java/1.8.0_162)[\r][\n]"
10:18:12.269 [Forwarding findElement on session 7779b2387c255d5a18c0813e4e2daf98 to remote] DEBUG org.apache.http.wire - http-outgoing-3 >> "Accept-Encoding: gzip,deflate[\r][\n]"
10:18:12.269 [Forwarding findElement on session 7779b2387c255d5a18c0813e4e2daf98 to remote] DEBUG org.apache.http.wire - http-outgoing-3 >> "[\r][\n]"
10:18:12.269 [Forwarding findElement on session 7779b2387c255d5a18c0813e4e2daf98 to remote] DEBUG org.apache.http.wire - http-outgoing-3 >> "{"using":"class name","value":"ivu-table-tbody"}"
10:18:12.276 [Forwarding findElement on session 7779b2387c255d5a18c0813e4e2daf98 to remote] DEBUG org.apache.http.wire - http-outgoing-3 << "HTTP/1.1 200 OK[\r][\n]"
10:18:12.276 [Forwarding findElement on session 7779b2387c255d5a18c0813e4e2daf98 to remote] DEBUG org.apache.http.wire - http-outgoing-3 << "Content-Length:102[\r][\n]"
10:18:12.276 [Forwarding findElement on session 7779b2387c255d5a18c0813e4e2daf98 to remote] DEBUG org.apache.http.wire - http-outgoing-3 << "Content-Type:application/json; charset=utf-8[\r][\n]"
10:18:12.276 [Forwarding findElement on session 7779b2387c255d5a18c0813e4e2daf98 to remote] DEBUG org.apache.http.wire - http-outgoing-3 << "[\r][\n]"
10:18:12.276 [Forwarding findElement on session 7779b2387c255d5a18c0813e4e2daf98 to remote] DEBUG org.apache.http.wire - http-outgoing-3 << "{"sessionId":"7779b2387c255d5a18c0813e4e2daf98","status":0,"value":{"ELEMENT":"0.9133018558373007-2"}}"
10:18:12.276 [Forwarding findElement on session 7779b2387c255d5a18c0813e4e2daf98 to remote] DEBUG org.apache.http.headers - http-outgoing-3 << HTTP/1.1 200 OK
10:18:12.276 [Forwarding findElement on session 7779b2387c255d5a18c0813e4e2daf98 to remote] DEBUG org.apache.http.headers - http-outgoing-3 << Content-Length:102
10:18:12.276 [Forwarding findElement on session 7779b2387c255d5a18c0813e4e2daf98 to remote] DEBUG org.apache.http.headers - http-outgoing-3 << Content-Type:application/json; charset=utf-8
10:18:12.276 [Forwarding findElement on session 7779b2387c255d5a18c0813e4e2daf98 to remote] DEBUG org.apache.http.impl.execchain.MainClientExec - Connection can be kept alive indefinitely
10:18:12.276 [Forwarding findElement on session 7779b2387c255d5a18c0813e4e2daf98 to remote] DEBUG org.apache.http.impl.conn.PoolingHttpClientConnectionManager - Connection [id: 3][route: {}->http://localhost:14252] can be kept alive indefinitely
10:18:12.276 [Forwarding findElement on session 7779b2387c255d5a18c0813e4e2daf98 to remote] DEBUG org.apache.http.impl.conn.PoolingHttpClientConnectionManager - Connection released: [id: 3][route: {}->http://localhost:14252][total kept alive: 1; route allocated: 1 of 2000; total allocated: 1 of 2000]
10:18:12.277 [Forwarding findChildElements on session 7779b2387c255d5a18c0813e4e2daf98 to remote] DEBUG org.apache.http.client.protocol.RequestAddCookies - CookieSpec selected: default
10:18:12.277 [Forwarding findChildElements on session 7779b2387c255d5a18c0813e4e2daf98 to remote] DEBUG org.apache.http.client.protocol.RequestAuthCache - Auth cache not set in the context
10:18:12.277 [Forwarding findChildElements on session 7779b2387c255d5a18c0813e4e2daf98 to remote] DEBUG org.apache.http.impl.conn.PoolingHttpClientConnectionManager - Connection request: [route: {}->http://localhost:14252][total kept alive: 1; route allocated: 1 of 2000; total allocated: 1 of 2000]
10:18:12.277 [Forwarding findChildElements on session 7779b2387c255d5a18c0813e4e2daf98 to remote] DEBUG org.apache.http.impl.conn.PoolingHttpClientConnectionManager - Connection leased: [id: 3][route: {}->http://localhost:14252][total kept alive: 0; route allocated: 1 of 2000; total allocated: 1 of 2000]
10:18:12.277 [Forwarding findChildElements on session 7779b2387c255d5a18c0813e4e2daf98 to remote] DEBUG org.apache.http.impl.execchain.MainClientExec - Stale connection check
10:18:12.284 [Forwarding findChildElements on session 7779b2387c255d5a18c0813e4e2daf98 to remote] DEBUG org.apache.http.wire - http-outgoing-3 << "[read] I/O error: Read timed out"
10:18:12.284 [Forwarding findChildElements on session 7779b2387c255d5a18c0813e4e2daf98 to remote] DEBUG org.apache.http.impl.conn.DefaultManagedHttpClientConnection - http-outgoing-3: set socket timeout to 10800000
10:18:12.284 [Forwarding findChildElements on session 7779b2387c255d5a18c0813e4e2daf98 to remote] DEBUG org.apache.http.impl.execchain.MainClientExec - Executing request POST /session/7779b2387c255d5a18c0813e4e2daf98/element/0.9133018558373007-2/elements HTTP/1.1
10:18:12.284 [Forwarding findChildElements on session 7779b2387c255d5a18c0813e4e2daf98 to remote] DEBUG org.apache.http.impl.execchain.MainClientExec - Target auth state: UNCHALLENGED
10:18:12.284 [Forwarding findChildElements on session 7779b2387c255d5a18c0813e4e2daf98 to remote] DEBUG org.apache.http.impl.execchain.MainClientExec - Proxy auth state: UNCHALLENGED
10:18:12.284 [Forwarding findChildElements on session 7779b2387c255d5a18c0813e4e2daf98 to remote] DEBUG org.apache.http.headers - http-outgoing-3 >> POST /session/7779b2387c255d5a18c0813e4e2daf98/element/0.9133018558373007-2/elements HTTP/1.1
10:18:12.284 [Forwarding findChildElements on session 7779b2387c255d5a18c0813e4e2daf98 to remote] DEBUG org.apache.http.headers - http-outgoing-3 >> Content-Type: application/json; charset=utf-8
10:18:12.284 [Forwarding findChildElements on session 7779b2387c255d5a18c0813e4e2daf98 to remote] DEBUG org.apache.http.headers - http-outgoing-3 >> Content-Length: 61
10:18:12.284 [Forwarding findChildElements on session 7779b2387c255d5a18c0813e4e2daf98 to remote] DEBUG org.apache.http.headers - http-outgoing-3 >> Host: localhost:14252
10:18:12.284 [Forwarding findChildElements on session 7779b2387c255d5a18c0813e4e2daf98 to remote] DEBUG org.apache.http.headers - http-outgoing-3 >> Connection: Keep-Alive
10:18:12.284 [Forwarding findChildElements on session 7779b2387c255d5a18c0813e4e2daf98 to remote] DEBUG org.apache.http.headers - http-outgoing-3 >> User-Agent: Apache-HttpClient/4.5.2 (Java/1.8.0_162)
10:18:12.284 [Forwarding findChildElements on session 7779b2387c255d5a18c0813e4e2daf98 to remote] DEBUG org.apache.http.headers - http-outgoing-3 >> Accept-Encoding: gzip,deflate
10:18:12.284 [Forwarding findChildElements on session 7779b2387c255d5a18c0813e4e2daf98 to remote] DEBUG org.apache.http.wire - http-outgoing-3 >> "POST /session/7779b2387c255d5a18c0813e4e2daf98/element/0.9133018558373007-2/elements HTTP/1.1[\r][\n]"
10:18:12.284 [Forwarding findChildElements on session 7779b2387c255d5a18c0813e4e2daf98 to remote] DEBUG org.apache.http.wire - http-outgoing-3 >> "Content-Type: application/json; charset=utf-8[\r][\n]"
10:18:12.284 [Forwarding findChildElements on session 7779b2387c255d5a18c0813e4e2daf98 to remote] DEBUG org.apache.http.wire - http-outgoing-3 >> "Content-Length: 61[\r][\n]"
10:18:12.284 [Forwarding findChildElements on session 7779b2387c255d5a18c0813e4e2daf98 to remote] DEBUG org.apache.http.wire - http-outgoing-3 >> "Host: localhost:14252[\r][\n]"
10:18:12.284 [Forwarding findChildElements on session 7779b2387c255d5a18c0813e4e2daf98 to remote] DEBUG org.apache.http.wire - http-outgoing-3 >> "Connection: Keep-Alive[\r][\n]"
10:18:12.284 [Forwarding findChildElements on session 7779b2387c255d5a18c0813e4e2daf98 to remote] DEBUG org.apache.http.wire - http-outgoing-3 >> "User-Agent: Apache-HttpClient/4.5.2 (Java/1.8.0_162)[\r][\n]"
10:18:12.284 [Forwarding findChildElements on session 7779b2387c255d5a18c0813e4e2daf98 to remote] DEBUG org.apache.http.wire - http-outgoing-3 >> "Accept-Encoding: gzip,deflate[\r][\n]"
10:18:12.284 [Forwarding findChildElements on session 7779b2387c255d5a18c0813e4e2daf98 to remote] DEBUG org.apache.http.wire - http-outgoing-3 >> "[\r][\n]"
10:18:12.284 [Forwarding findChildElements on session 7779b2387c255d5a18c0813e4e2daf98 to remote] DEBUG org.apache.http.wire - http-outgoing-3 >> "{"id":"0.9133018558373007-2","using":"tag name","value":"tr"}"
10:18:12.292 [Forwarding findChildElements on session 7779b2387c255d5a18c0813e4e2daf98 to remote] DEBUG org.apache.http.wire - http-outgoing-3 << "HTTP/1.1 200 OK[\r][\n]"
10:18:12.292 [Forwarding findChildElements on session 7779b2387c255d5a18c0813e4e2daf98 to remote] DEBUG org.apache.http.wire - http-outgoing-3 << "Content-Length:422[\r][\n]"
10:18:12.292 [Forwarding findChildElements on session 7779b2387c255d5a18c0813e4e2daf98 to remote] DEBUG org.apache.http.wire - http-outgoing-3 << "Content-Type:application/json; charset=utf-8[\r][\n]"
10:18:12.292 [Forwarding findChildElements on session 7779b2387c255d5a18c0813e4e2daf98 to remote] DEBUG org.apache.http.wire - http-outgoing-3 << "[\r][\n]"
10:18:12.292 [Forwarding findChildElements on session 7779b2387c255d5a18c0813e4e2daf98 to remote] DEBUG org.apache.http.wire - http-outgoing-3 << "{"sessionId":"7779b2387c255d5a18c0813e4e2daf98","status":0,"value":[{"ELEMENT":"0.9133018558373007-3"},{"ELEMENT":"0.9133018558373007-4"},{"ELEMENT":"0.9133018558373007-5"},{"ELEMENT":"0.9133018558373007-6"},{"ELEMENT":"0.9133018558373007-7"},{"ELEMENT":"0.9133018558373007-8"},{"ELEMENT":"0.9133018558373007-9"},{"ELEMENT":"0.9133018558373007-10"},{"ELEMENT":"0.9133018558373007-11"},{"ELEMENT":"0.9133018558373007-12"}]}"
10:18:12.292 [Forwarding findChildElements on session 7779b2387c255d5a18c0813e4e2daf98 to remote] DEBUG org.apache.http.headers - http-outgoing-3 << HTTP/1.1 200 OK
10:18:12.292 [Forwarding findChildElements on session 7779b2387c255d5a18c0813e4e2daf98 to remote] DEBUG org.apache.http.headers - http-outgoing-3 << Content-Length:422
10:18:12.292 [Forwarding findChildElements on session 7779b2387c255d5a18c0813e4e2daf98 to remote] DEBUG org.apache.http.headers - http-outgoing-3 << Content-Type:application/json; charset=utf-8
10:18:12.293 [Forwarding findChildElements on session 7779b2387c255d5a18c0813e4e2daf98 to remote] DEBUG org.apache.http.impl.execchain.MainClientExec - Connection can be kept alive indefinitely
10:18:12.293 [Forwarding findChildElements on session 7779b2387c255d5a18c0813e4e2daf98 to remote] DEBUG org.apache.http.impl.conn.PoolingHttpClientConnectionManager - Connection [id: 3][route: {}->http://localhost:14252] can be kept alive indefinitely
10:18:12.293 [Forwarding findChildElements on session 7779b2387c255d5a18c0813e4e2daf98 to remote] DEBUG org.apache.http.impl.conn.PoolingHttpClientConnectionManager - Connection released: [id: 3][route: {}->http://localhost:14252][total kept alive: 1; route allocated: 1 of 2000; total allocated: 1 of 2000]
10:18:12.293 [Forwarding findChildElements on session 7779b2387c255d5a18c0813e4e2daf98 to remote] DEBUG org.apache.http.client.protocol.RequestAddCookies - CookieSpec selected: default
10:18:12.293 [Forwarding findChildElements on session 7779b2387c255d5a18c0813e4e2daf98 to remote] DEBUG org.apache.http.client.protocol.RequestAuthCache - Auth cache not set in the context
10:18:12.293 [Forwarding findChildElements on session 7779b2387c255d5a18c0813e4e2daf98 to remote] DEBUG org.apache.http.impl.conn.PoolingHttpClientConnectionManager - Connection request: [route: {}->http://localhost:14252][total kept alive: 1; route allocated: 1 of 2000; total allocated: 1 of 2000]
10:18:12.294 [Forwarding findChildElements on session 7779b2387c255d5a18c0813e4e2daf98 to remote] DEBUG org.apache.http.impl.conn.PoolingHttpClientConnectionManager - Connection leased: [id: 3][route: {}->http://localhost:14252][total kept alive: 0; route allocated: 1 of 2000; total allocated: 1 of 2000]
10:18:12.294 [Forwarding findChildElements on session 7779b2387c255d5a18c0813e4e2daf98 to remote] DEBUG org.apache.http.impl.execchain.MainClientExec - Stale connection check
10:18:12.300 [Forwarding findChildElements on session 7779b2387c255d5a18c0813e4e2daf98 to remote] DEBUG org.apache.http.wire - http-outgoing-3 << "[read] I/O error: Read timed out"
10:18:12.300 [Forwarding findChildElements on session 7779b2387c255d5a18c0813e4e2daf98 to remote] DEBUG org.apache.http.impl.conn.DefaultManagedHttpClientConnection - http-outgoing-3: set socket timeout to 10800000
10:18:12.300 [Forwarding findChildElements on session 7779b2387c255d5a18c0813e4e2daf98 to remote] DEBUG org.apache.http.impl.execchain.MainClientExec - Executing request POST /session/7779b2387c255d5a18c0813e4e2daf98/element/0.9133018558373007-3/elements HTTP/1.1
10:18:12.300 [Forwarding findChildElements on session 7779b2387c255d5a18c0813e4e2daf98 to remote] DEBUG org.apache.http.impl.execchain.MainClientExec - Target auth state: UNCHALLENGED
10:18:12.300 [Forwarding findChildElements on session 7779b2387c255d5a18c0813e4e2daf98 to remote] DEBUG org.apache.http.impl.execchain.MainClientExec - Proxy auth state: UNCHALLENGED
10:18:12.300 [Forwarding findChildElements on session 7779b2387c255d5a18c0813e4e2daf98 to remote] DEBUG org.apache.http.headers - http-outgoing-3 >> POST /session/7779b2387c255d5a18c0813e4e2daf98/element/0.9133018558373007-3/elements HTTP/1.1
10:18:12.300 [Forwarding findChildElements on session 7779b2387c255d5a18c0813e4e2daf98 to remote] DEBUG org.apache.http.headers - http-outgoing-3 >> Content-Type: application/json; charset=utf-8
10:18:12.300 [Forwarding findChildElements on session 7779b2387c255d5a18c0813e4e2daf98 to remote] DEBUG org.apache.http.headers - http-outgoing-3 >> Content-Length: 61
10:18:12.300 [Forwarding findChildElements on session 7779b2387c255d5a18c0813e4e2daf98 to remote] DEBUG org.apache.http.headers - http-outgoing-3 >> Host: localhost:14252
10:18:12.300 [Forwarding findChildElements on session 7779b2387c255d5a18c0813e4e2daf98 to remote] DEBUG org.apache.http.headers - http-outgoing-3 >> Connection: Keep-Alive
10:18:12.300 [Forwarding findChildElements on session 7779b2387c255d5a18c0813e4e2daf98 to remote] DEBUG org.apache.http.headers - http-outgoing-3 >> User-Agent: Apache-HttpClient/4.5.2 (Java/1.8.0_162)
10:18:12.300 [Forwarding findChildElements on session 7779b2387c255d5a18c0813e4e2daf98 to remote] DEBUG org.apache.http.headers - http-outgoing-3 >> Accept-Encoding: gzip,deflate
10:18:12.300 [Forwarding findChildElements on session 7779b2387c255d5a18c0813e4e2daf98 to remote] DEBUG org.apache.http.wire - http-outgoing-3 >> "POST /session/7779b2387c255d5a18c0813e4e2daf98/element/0.9133018558373007-3/elements HTTP/1.1[\r][\n]"
10:18:12.300 [Forwarding findChildElements on session 7779b2387c255d5a18c0813e4e2daf98 to remote] DEBUG org.apache.http.wire - http-outgoing-3 >> "Content-Type: application/json; charset=utf-8[\r][\n]"
10:18:12.300 [Forwarding findChildElements on session 7779b2387c255d5a18c0813e4e2daf98 to remote] DEBUG org.apache.http.wire - http-outgoing-3 >> "Content-Length: 61[\r][\n]"
10:18:12.300 [Forwarding findChildElements on session 7779b2387c255d5a18c0813e4e2daf98 to remote] DEBUG org.apache.http.wire - http-outgoing-3 >> "Host: localhost:14252[\r][\n]"
10:18:12.300 [Forwarding findChildElements on session 7779b2387c255d5a18c0813e4e2daf98 to remote] DEBUG org.apache.http.wire - http-outgoing-3 >> "Connection: Keep-Alive[\r][\n]"
10:18:12.300 [Forwarding findChildElements on session 7779b2387c255d5a18c0813e4e2daf98 to remote] DEBUG org.apache.http.wire - http-outgoing-3 >> "User-Agent: Apache-HttpClient/4.5.2 (Java/1.8.0_162)[\r][\n]"
10:18:12.300 [Forwarding findChildElements on session 7779b2387c255d5a18c0813e4e2daf98 to remote] DEBUG org.apache.http.wire - http-outgoing-3 >> "Accept-Encoding: gzip,deflate[\r][\n]"
10:18:12.300 [Forwarding findChildElements on session 7779b2387c255d5a18c0813e4e2daf98 to remote] DEBUG org.apache.http.wire - http-outgoing-3 >> "[\r][\n]"
10:18:12.300 [Forwarding findChildElements on session 7779b2387c255d5a18c0813e4e2daf98 to remote] DEBUG org.apache.http.wire - http-outgoing-3 >> "{"id":"0.9133018558373007-3","using":"tag name","value":"td"}"
10:18:12.308 [Forwarding findChildElements on session 7779b2387c255d5a18c0813e4e2daf98 to remote] DEBUG org.apache.http.wire - http-outgoing-3 << "HTTP/1.1 200 OK[\r][\n]"
10:18:12.308 [Forwarding findChildElements on session 7779b2387c255d5a18c0813e4e2daf98 to remote] DEBUG org.apache.http.wire - http-outgoing-3 << "Content-Length:249[\r][\n]"
10:18:12.308 [Forwarding findChildElements on session 7779b2387c255d5a18c0813e4e2daf98 to remote] DEBUG org.apache.http.wire - http-outgoing-3 << "Content-Type:application/json; charset=utf-8[\r][\n]"
10:18:12.308 [Forwarding findChildElements on session 7779b2387c255d5a18c0813e4e2daf98 to remote] DEBUG org.apache.http.wire - http-outgoing-3 << "[\r][\n]"
10:18:12.308 [Forwarding findChildElements on session 7779b2387c255d5a18c0813e4e2daf98 to remote] DEBUG org.apache.http.wire - http-outgoing-3 << "{"sessionId":"7779b2387c255d5a18c0813e4e2daf98","status":0,"value":[{"ELEMENT":"0.9133018558373007-13"},{"ELEMENT":"0.9133018558373007-14"},{"ELEMENT":"0.9133018558373007-15"},{"ELEMENT":"0.9133018558373007-16"},{"ELEMENT":"0.9133018558373007-17"}]}"
10:18:12.308 [Forwarding findChildElements on session 7779b2387c255d5a18c0813e4e2daf98 to remote] DEBUG org.apache.http.headers - http-outgoing-3 << HTTP/1.1 200 OK
10:18:12.308 [Forwarding findChildElements on session 7779b2387c255d5a18c0813e4e2daf98 to remote] DEBUG org.apache.http.headers - http-outgoing-3 << Content-Length:249
10:18:12.308 [Forwarding findChildElements on session 7779b2387c255d5a18c0813e4e2daf98 to remote] DEBUG org.apache.http.headers - http-outgoing-3 << Content-Type:application/json; charset=utf-8
10:18:12.308 [Forwarding findChildElements on session 7779b2387c255d5a18c0813e4e2daf98 to remote] DEBUG org.apache.http.impl.execchain.MainClientExec - Connection can be kept alive indefinitely
10:18:12.308 [Forwarding findChildElements on session 7779b2387c255d5a18c0813e4e2daf98 to remote] DEBUG org.apache.http.impl.conn.PoolingHttpClientConnectionManager - Connection [id: 3][route: {}->http://localhost:14252] can be kept alive indefinitely
10:18:12.308 [Forwarding findChildElements on session 7779b2387c255d5a18c0813e4e2daf98 to remote] DEBUG org.apache.http.impl.conn.PoolingHttpClientConnectionManager - Connection released: [id: 3][route: {}->http://localhost:14252][total kept alive: 1; route allocated: 1 of 2000; total allocated: 1 of 2000]
10:18:12.309 [Forwarding getElementText on session 7779b2387c255d5a18c0813e4e2daf98 to remote] DEBUG org.apache.http.client.protocol.RequestAddCookies - CookieSpec selected: default
10:18:12.309 [Forwarding getElementText on session 7779b2387c255d5a18c0813e4e2daf98 to remote] DEBUG org.apache.http.client.protocol.RequestAuthCache - Auth cache not set in the context
10:18:12.309 [Forwarding getElementText on session 7779b2387c255d5a18c0813e4e2daf98 to remote] DEBUG org.apache.http.impl.conn.PoolingHttpClientConnectionManager - Connection request: [route: {}->http://localhost:14252][total kept alive: 1; route allocated: 1 of 2000; total allocated: 1 of 2000]
10:18:12.309 [Forwarding getElementText on session 7779b2387c255d5a18c0813e4e2daf98 to remote] DEBUG org.apache.http.impl.conn.PoolingHttpClientConnectionManager - Connection leased: [id: 3][route: {}->http://localhost:14252][total kept alive: 0; route allocated: 1 of 2000; total allocated: 1 of 2000]
10:18:12.309 [Forwarding getElementText on session 7779b2387c255d5a18c0813e4e2daf98 to remote] DEBUG org.apache.http.impl.execchain.MainClientExec - Stale connection check
10:18:12.316 [Forwarding getElementText on session 7779b2387c255d5a18c0813e4e2daf98 to remote] DEBUG org.apache.http.wire - http-outgoing-3 << "[read] I/O error: Read timed out"
10:18:12.316 [Forwarding getElementText on session 7779b2387c255d5a18c0813e4e2daf98 to remote] DEBUG org.apache.http.impl.conn.DefaultManagedHttpClientConnection - http-outgoing-3: set socket timeout to 10800000
10:18:12.316 [Forwarding getElementText on session 7779b2387c255d5a18c0813e4e2daf98 to remote] DEBUG org.apache.http.impl.execchain.MainClientExec - Executing request GET /session/7779b2387c255d5a18c0813e4e2daf98/element/0.9133018558373007-14/text HTTP/1.1
10:18:12.316 [Forwarding getElementText on session 7779b2387c255d5a18c0813e4e2daf98 to remote] DEBUG org.apache.http.impl.execchain.MainClientExec - Target auth state: UNCHALLENGED
10:18:12.316 [Forwarding getElementText on session 7779b2387c255d5a18c0813e4e2daf98 to remote] DEBUG org.apache.http.impl.execchain.MainClientExec - Proxy auth state: UNCHALLENGED
10:18:12.316 [Forwarding getElementText on session 7779b2387c255d5a18c0813e4e2daf98 to remote] DEBUG org.apache.http.headers - http-outgoing-3 >> GET /session/7779b2387c255d5a18c0813e4e2daf98/element/0.9133018558373007-14/text HTTP/1.1
10:18:12.316 [Forwarding getElementText on session 7779b2387c255d5a18c0813e4e2daf98 to remote] DEBUG org.apache.http.headers - http-outgoing-3 >> Cache-Control: no-cache
10:18:12.316 [Forwarding getElementText on session 7779b2387c255d5a18c0813e4e2daf98 to remote] DEBUG org.apache.http.headers - http-outgoing-3 >> Host: localhost:14252
10:18:12.316 [Forwarding getElementText on session 7779b2387c255d5a18c0813e4e2daf98 to remote] DEBUG org.apache.http.headers - http-outgoing-3 >> Connection: Keep-Alive
10:18:12.316 [Forwarding getElementText on session 7779b2387c255d5a18c0813e4e2daf98 to remote] DEBUG org.apache.http.headers - http-outgoing-3 >> User-Agent: Apache-HttpClient/4.5.2 (Java/1.8.0_162)
10:18:12.316 [Forwarding getElementText on session 7779b2387c255d5a18c0813e4e2daf98 to remote] DEBUG org.apache.http.headers - http-outgoing-3 >> Accept-Encoding: gzip,deflate
10:18:12.316 [Forwarding getElementText on session 7779b2387c255d5a18c0813e4e2daf98 to remote] DEBUG org.apache.http.wire - http-outgoing-3 >> "GET /session/7779b2387c255d5a18c0813e4e2daf98/element/0.9133018558373007-14/text HTTP/1.1[\r][\n]"
10:18:12.316 [Forwarding getElementText on session 7779b2387c255d5a18c0813e4e2daf98 to remote] DEBUG org.apache.http.wire - http-outgoing-3 >> "Cache-Control: no-cache[\r][\n]"
10:18:12.316 [Forwarding getElementText on session 7779b2387c255d5a18c0813e4e2daf98 to remote] DEBUG org.apache.http.wire - http-outgoing-3 >> "Host: localhost:14252[\r][\n]"
10:18:12.316 [Forwarding getElementText on session 7779b2387c255d5a18c0813e4e2daf98 to remote] DEBUG org.apache.http.wire - http-outgoing-3 >> "Connection: Keep-Alive[\r][\n]"
10:18:12.316 [Forwarding getElementText on session 7779b2387c255d5a18c0813e4e2daf98 to remote] DEBUG org.apache.http.wire - http-outgoing-3 >> "User-Agent: Apache-HttpClient/4.5.2 (Java/1.8.0_162)[\r][\n]"
10:18:12.316 [Forwarding getElementText on session 7779b2387c255d5a18c0813e4e2daf98 to remote] DEBUG org.apache.http.wire - http-outgoing-3 >> "Accept-Encoding: gzip,deflate[\r][\n]"
10:18:12.316 [Forwarding getElementText on session 7779b2387c255d5a18c0813e4e2daf98 to remote] DEBUG org.apache.http.wire - http-outgoing-3 >> "[\r][\n]"
10:18:12.327 [Forwarding getElementText on session 7779b2387c255d5a18c0813e4e2daf98 to remote] DEBUG org.apache.http.wire - http-outgoing-3 << "HTTP/1.1 200 OK[\r][\n]"
10:18:12.327 [Forwarding getElementText on session 7779b2387c255d5a18c0813e4e2daf98 to remote] DEBUG org.apache.http.wire - http-outgoing-3 << "Content-Length:103[\r][\n]"
10:18:12.327 [Forwarding getElementText on session 7779b2387c255d5a18c0813e4e2daf98 to remote] DEBUG org.apache.http.wire - http-outgoing-3 << "Content-Type:application/json; charset=utf-8[\r][\n]"
10:18:12.327 [Forwarding getElementText on session 7779b2387c255d5a18c0813e4e2daf98 to remote] DEBUG org.apache.http.wire - http-outgoing-3 << "[\r][\n]"
10:18:12.327 [Forwarding getElementText on session 7779b2387c255d5a18c0813e4e2daf98 to remote] DEBUG org.apache.http.wire - http-outgoing-3 << "{"sessionId":"7779b2387c255d5a18c0813e4e2daf98","status":0,"value":"[0xef][0xbc][0x91][0xef][0xbc][0x92][0xef][0xbc][0x93][0xef][0xbc][0x91][0xef][0xbc][0x92][0xef][0xbc][0x93][0xef][0xbc][0x91][0xef][0xbc][0x92][0xef][0xbc][0x94][0xef][0xbc][0x95][0xef][0xbc][0x95]"}"
10:18:12.327 [Forwarding getElementText on session 7779b2387c255d5a18c0813e4e2daf98 to remote] DEBUG org.apache.http.headers - http-outgoing-3 << HTTP/1.1 200 OK
10:18:12.327 [Forwarding getElementText on session 7779b2387c255d5a18c0813e4e2daf98 to remote] DEBUG org.apache.http.headers - http-outgoing-3 << Content-Length:103
10:18:12.327 [Forwarding getElementText on session 7779b2387c255d5a18c0813e4e2daf98 to remote] DEBUG org.apache.http.headers - http-outgoing-3 << Content-Type:application/json; charset=utf-8
10:18:12.327 [Forwarding getElementText on session 7779b2387c255d5a18c0813e4e2daf98 to remote] DEBUG org.apache.http.impl.execchain.MainClientExec - Connection can be kept alive indefinitely
10:18:12.327 [Forwarding getElementText on session 7779b2387c255d5a18c0813e4e2daf98 to remote] DEBUG org.apache.http.impl.conn.PoolingHttpClientConnectionManager - Connection [id: 3][route: {}->http://localhost:14252] can be kept alive indefinitely
10:18:12.327 [Forwarding getElementText on session 7779b2387c255d5a18c0813e4e2daf98 to remote] DEBUG org.apache.http.impl.conn.PoolingHttpClientConnectionManager - Connection released: [id: 3][route: {}->http://localhost:14252][total kept alive: 1; route allocated: 1 of 2000; total allocated: 1 of 2000]
10:18:12.328 [Forwarding findElement on session 7779b2387c255d5a18c0813e4e2daf98 to remote] DEBUG org.apache.http.client.protocol.RequestAddCookies - CookieSpec selected: default
10:18:12.328 [Forwarding findElement on session 7779b2387c255d5a18c0813e4e2daf98 to remote] DEBUG org.apache.http.client.protocol.RequestAuthCache - Auth cache not set in the context
10:18:12.328 [Forwarding findElement on session 7779b2387c255d5a18c0813e4e2daf98 to remote] DEBUG org.apache.http.impl.conn.PoolingHttpClientConnectionManager - Connection request: [route: {}->http://localhost:14252][total kept alive: 1; route allocated: 1 of 2000; total allocated: 1 of 2000]
10:18:12.328 [Forwarding findElement on session 7779b2387c255d5a18c0813e4e2daf98 to remote] DEBUG org.apache.http.impl.conn.PoolingHttpClientConnectionManager - Connection leased: [id: 3][route: {}->http://localhost:14252][total kept alive: 0; route allocated: 1 of 2000; total allocated: 1 of 2000]
10:18:12.328 [Forwarding findElement on session 7779b2387c255d5a18c0813e4e2daf98 to remote] DEBUG org.apache.http.impl.execchain.MainClientExec - Stale connection check
10:18:12.332 [Forwarding findElement on session 7779b2387c255d5a18c0813e4e2daf98 to remote] DEBUG org.apache.http.wire - http-outgoing-3 << "[read] I/O error: Read timed out"
10:18:12.332 [Forwarding findElement on session 7779b2387c255d5a18c0813e4e2daf98 to remote] DEBUG org.apache.http.impl.conn.DefaultManagedHttpClientConnection - http-outgoing-3: set socket timeout to 10800000
10:18:12.332 [Forwarding findElement on session 7779b2387c255d5a18c0813e4e2daf98 to remote] DEBUG org.apache.http.impl.execchain.MainClientExec - Executing request POST /session/7779b2387c255d5a18c0813e4e2daf98/element HTTP/1.1
10:18:12.332 [Forwarding findElement on session 7779b2387c255d5a18c0813e4e2daf98 to remote] DEBUG org.apache.http.impl.execchain.MainClientExec - Target auth state: UNCHALLENGED
10:18:12.332 [Forwarding findElement on session 7779b2387c255d5a18c0813e4e2daf98 to remote] DEBUG org.apache.http.impl.execchain.MainClientExec - Proxy auth state: UNCHALLENGED
10:18:12.332 [Forwarding findElement on session 7779b2387c255d5a18c0813e4e2daf98 to remote] DEBUG org.apache.http.headers - http-outgoing-3 >> POST /session/7779b2387c255d5a18c0813e4e2daf98/element HTTP/1.1
10:18:12.332 [Forwarding findElement on session 7779b2387c255d5a18c0813e4e2daf98 to remote] DEBUG org.apache.http.headers - http-outgoing-3 >> Content-Type: application/json; charset=utf-8
10:18:12.332 [Forwarding findElement on session 7779b2387c255d5a18c0813e4e2daf98 to remote] DEBUG org.apache.http.headers - http-outgoing-3 >> Content-Length: 48
10:18:12.332 [Forwarding findElement on session 7779b2387c255d5a18c0813e4e2daf98 to remote] DEBUG org.apache.http.headers - http-outgoing-3 >> Host: localhost:14252
10:18:12.332 [Forwarding findElement on session 7779b2387c255d5a18c0813e4e2daf98 to remote] DEBUG org.apache.http.headers - http-outgoing-3 >> Connection: Keep-Alive
10:18:12.332 [Forwarding findElement on session 7779b2387c255d5a18c0813e4e2daf98 to remote] DEBUG org.apache.http.headers - http-outgoing-3 >> User-Agent: Apache-HttpClient/4.5.2 (Java/1.8.0_162)
10:18:12.332 [Forwarding findElement on session 7779b2387c255d5a18c0813e4e2daf98 to remote] DEBUG org.apache.http.headers - http-outgoing-3 >> Accept-Encoding: gzip,deflate
10:18:12.332 [Forwarding findElement on session 7779b2387c255d5a18c0813e4e2daf98 to remote] DEBUG org.apache.http.wire - http-outgoing-3 >> "POST /session/7779b2387c255d5a18c0813e4e2daf98/element HTTP/1.1[\r][\n]"
10:18:12.332 [Forwarding findElement on session 7779b2387c255d5a18c0813e4e2daf98 to remote] DEBUG org.apache.http.wire - http-outgoing-3 >> "Content-Type: application/json; charset=utf-8[\r][\n]"
10:18:12.332 [Forwarding findElement on session 7779b2387c255d5a18c0813e4e2daf98 to remote] DEBUG org.apache.http.wire - http-outgoing-3 >> "Content-Length: 48[\r][\n]"
10:18:12.332 [Forwarding findElement on session 7779b2387c255d5a18c0813e4e2daf98 to remote] DEBUG org.apache.http.wire - http-outgoing-3 >> "Host: localhost:14252[\r][\n]"
10:18:12.332 [Forwarding findElement on session 7779b2387c255d5a18c0813e4e2daf98 to remote] DEBUG org.apache.http.wire - http-outgoing-3 >> "Connection: Keep-Alive[\r][\n]"
10:18:12.332 [Forwarding findElement on session 7779b2387c255d5a18c0813e4e2daf98 to remote] DEBUG org.apache.http.wire - http-outgoing-3 >> "User-Agent: Apache-HttpClient/4.5.2 (Java/1.8.0_162)[\r][\n]"
10:18:12.332 [Forwarding findElement on session 7779b2387c255d5a18c0813e4e2daf98 to remote] DEBUG org.apache.http.wire - http-outgoing-3 >> "Accept-Encoding: gzip,deflate[\r][\n]"
10:18:12.332 [Forwarding findElement on session 7779b2387c255d5a18c0813e4e2daf98 to remote] DEBUG org.apache.http.wire - http-outgoing-3 >> "[\r][\n]"
10:18:12.332 [Forwarding findElement on session 7779b2387c255d5a18c0813e4e2daf98 to remote] DEBUG org.apache.http.wire - http-outgoing-3 >> "{"using":"class name","value":"ivu-table-tbody"}"
10:18:12.336 [Forwarding findElement on session 7779b2387c255d5a18c0813e4e2daf98 to remote] DEBUG org.apache.http.wire - http-outgoing-3 << "HTTP/1.1 200 OK[\r][\n]"
10:18:12.337 [Forwarding findElement on session 7779b2387c255d5a18c0813e4e2daf98 to remote] DEBUG org.apache.http.wire - http-outgoing-3 << "Content-Length:102[\r][\n]"
10:18:12.337 [Forwarding findElement on session 7779b2387c255d5a18c0813e4e2daf98 to remote] DEBUG org.apache.http.wire - http-outgoing-3 << "Content-Type:application/json; charset=utf-8[\r][\n]"
10:18:12.337 [Forwarding findElement on session 7779b2387c255d5a18c0813e4e2daf98 to remote] DEBUG org.apache.http.wire - http-outgoing-3 << "[\r][\n]"
10:18:12.337 [Forwarding findElement on session 7779b2387c255d5a18c0813e4e2daf98 to remote] DEBUG org.apache.http.wire - http-outgoing-3 << "{"sessionId":"7779b2387c255d5a18c0813e4e2daf98","status":0,"value":{"ELEMENT":"0.9133018558373007-2"}}"
10:18:12.337 [Forwarding findElement on session 7779b2387c255d5a18c0813e4e2daf98 to remote] DEBUG org.apache.http.headers - http-outgoing-3 << HTTP/1.1 200 OK
10:18:12.337 [Forwarding findElement on session 7779b2387c255d5a18c0813e4e2daf98 to remote] DEBUG org.apache.http.headers - http-outgoing-3 << Content-Length:102
10:18:12.337 [Forwarding findElement on session 7779b2387c255d5a18c0813e4e2daf98 to remote] DEBUG org.apache.http.headers - http-outgoing-3 << Content-Type:application/json; charset=utf-8
10:18:12.337 [Forwarding findElement on session 7779b2387c255d5a18c0813e4e2daf98 to remote] DEBUG org.apache.http.impl.execchain.MainClientExec - Connection can be kept alive indefinitely
10:18:12.337 [Forwarding findElement on session 7779b2387c255d5a18c0813e4e2daf98 to remote] DEBUG org.apache.http.impl.conn.PoolingHttpClientConnectionManager - Connection [id: 3][route: {}->http://localhost:14252] can be kept alive indefinitely
10:18:12.337 [Forwarding findElement on session 7779b2387c255d5a18c0813e4e2daf98 to remote] DEBUG org.apache.http.impl.conn.PoolingHttpClientConnectionManager - Connection released: [id: 3][route: {}->http://localhost:14252][total kept alive: 1; route allocated: 1 of 2000; total allocated: 1 of 2000]
10:18:12.337 [Forwarding findChildElements on session 7779b2387c255d5a18c0813e4e2daf98 to remote] DEBUG org.apache.http.client.protocol.RequestAddCookies - CookieSpec selected: default
10:18:12.337 [Forwarding findChildElements on session 7779b2387c255d5a18c0813e4e2daf98 to remote] DEBUG org.apache.http.client.protocol.RequestAuthCache - Auth cache not set in the context
10:18:12.337 [Forwarding findChildElements on session 7779b2387c255d5a18c0813e4e2daf98 to remote] DEBUG org.apache.http.impl.conn.PoolingHttpClientConnectionManager - Connection request: [route: {}->http://localhost:14252][total kept alive: 1; route allocated: 1 of 2000; total allocated: 1 of 2000]
10:18:12.337 [Forwarding findChildElements on session 7779b2387c255d5a18c0813e4e2daf98 to remote] DEBUG org.apache.http.impl.conn.PoolingHttpClientConnectionManager - Connection leased: [id: 3][route: {}->http://localhost:14252][total kept alive: 0; route allocated: 1 of 2000; total allocated: 1 of 2000]
10:18:12.337 [Forwarding findChildElements on session 7779b2387c255d5a18c0813e4e2daf98 to remote] DEBUG org.apache.http.impl.execchain.MainClientExec - Stale connection check
10:18:12.348 [Forwarding findChildElements on session 7779b2387c255d5a18c0813e4e2daf98 to remote] DEBUG org.apache.http.wire - http-outgoing-3 << "[read] I/O error: Read timed out"
10:18:12.348 [Forwarding findChildElements on session 7779b2387c255d5a18c0813e4e2daf98 to remote] DEBUG org.apache.http.impl.conn.DefaultManagedHttpClientConnection - http-outgoing-3: set socket timeout to 10800000
10:18:12.348 [Forwarding findChildElements on session 7779b2387c255d5a18c0813e4e2daf98 to remote] DEBUG org.apache.http.impl.execchain.MainClientExec - Executing request POST /session/7779b2387c255d5a18c0813e4e2daf98/element/0.9133018558373007-2/elements HTTP/1.1
10:18:12.348 [Forwarding findChildElements on session 7779b2387c255d5a18c0813e4e2daf98 to remote] DEBUG org.apache.http.impl.execchain.MainClientExec - Target auth state: UNCHALLENGED
10:18:12.348 [Forwarding findChildElements on session 7779b2387c255d5a18c0813e4e2daf98 to remote] DEBUG org.apache.http.impl.execchain.MainClientExec - Proxy auth state: UNCHALLENGED
10:18:12.348 [Forwarding findChildElements on session 7779b2387c255d5a18c0813e4e2daf98 to remote] DEBUG org.apache.http.headers - http-outgoing-3 >> POST /session/7779b2387c255d5a18c0813e4e2daf98/element/0.9133018558373007-2/elements HTTP/1.1
10:18:12.348 [Forwarding findChildElements on session 7779b2387c255d5a18c0813e4e2daf98 to remote] DEBUG org.apache.http.headers - http-outgoing-3 >> Content-Type: application/json; charset=utf-8
10:18:12.348 [Forwarding findChildElements on session 7779b2387c255d5a18c0813e4e2daf98 to remote] DEBUG org.apache.http.headers - http-outgoing-3 >> Content-Length: 61
10:18:12.348 [Forwarding findChildElements on session 7779b2387c255d5a18c0813e4e2daf98 to remote] DEBUG org.apache.http.headers - http-outgoing-3 >> Host: localhost:14252
10:18:12.348 [Forwarding findChildElements on session 7779b2387c255d5a18c0813e4e2daf98 to remote] DEBUG org.apache.http.headers - http-outgoing-3 >> Connection: Keep-Alive
10:18:12.348 [Forwarding findChildElements on session 7779b2387c255d5a18c0813e4e2daf98 to remote] DEBUG org.apache.http.headers - http-outgoing-3 >> User-Agent: Apache-HttpClient/4.5.2 (Java/1.8.0_162)
10:18:12.348 [Forwarding findChildElements on session 7779b2387c255d5a18c0813e4e2daf98 to remote] DEBUG org.apache.http.headers - http-outgoing-3 >> Accept-Encoding: gzip,deflate
10:18:12.348 [Forwarding findChildElements on session 7779b2387c255d5a18c0813e4e2daf98 to remote] DEBUG org.apache.http.wire - http-outgoing-3 >> "POST /session/7779b2387c255d5a18c0813e4e2daf98/element/0.9133018558373007-2/elements HTTP/1.1[\r][\n]"
10:18:12.348 [Forwarding findChildElements on session 7779b2387c255d5a18c0813e4e2daf98 to remote] DEBUG org.apache.http.wire - http-outgoing-3 >> "Content-Type: application/json; charset=utf-8[\r][\n]"
10:18:12.348 [Forwarding findChildElements on session 7779b2387c255d5a18c0813e4e2daf98 to remote] DEBUG org.apache.http.wire - http-outgoing-3 >> "Content-Length: 61[\r][\n]"
10:18:12.348 [Forwarding findChildElements on session 7779b2387c255d5a18c0813e4e2daf98 to remote] DEBUG org.apache.http.wire - http-outgoing-3 >> "Host: localhost:14252[\r][\n]"
10:18:12.348 [Forwarding findChildElements on session 7779b2387c255d5a18c0813e4e2daf98 to remote] DEBUG org.apache.http.wire - http-outgoing-3 >> "Connection: Keep-Alive[\r][\n]"
10:18:12.348 [Forwarding findChildElements on session 7779b2387c255d5a18c0813e4e2daf98 to remote] DEBUG org.apache.http.wire - http-outgoing-3 >> "User-Agent: Apache-HttpClient/4.5.2 (Java/1.8.0_162)[\r][\n]"
10:18:12.348 [Forwarding findChildElements on session 7779b2387c255d5a18c0813e4e2daf98 to remote] DEBUG org.apache.http.wire - http-outgoing-3 >> "Accept-Encoding: gzip,deflate[\r][\n]"
10:18:12.348 [Forwarding findChildElements on session 7779b2387c255d5a18c0813e4e2daf98 to remote] DEBUG org.apache.http.wire - http-outgoing-3 >> "[\r][\n]"
10:18:12.348 [Forwarding findChildElements on session 7779b2387c255d5a18c0813e4e2daf98 to remote] DEBUG org.apache.http.wire - http-outgoing-3 >> "{"id":"0.9133018558373007-2","using":"tag name","value":"tr"}"
10:18:12.352 [Forwarding findChildElements on session 7779b2387c255d5a18c0813e4e2daf98 to remote] DEBUG org.apache.http.wire - http-outgoing-3 << "HTTP/1.1 200 OK[\r][\n]"
10:18:12.352 [Forwarding findChildElements on session 7779b2387c255d5a18c0813e4e2daf98 to remote] DEBUG org.apache.http.wire - http-outgoing-3 << "Content-Length:422[\r][\n]"
10:18:12.352 [Forwarding findChildElements on session 7779b2387c255d5a18c0813e4e2daf98 to remote] DEBUG org.apache.http.wire - http-outgoing-3 << "Content-Type:application/json; charset=utf-8[\r][\n]"
10:18:12.352 [Forwarding findChildElements on session 7779b2387c255d5a18c0813e4e2daf98 to remote] DEBUG org.apache.http.wire - http-outgoing-3 << "[\r][\n]"
10:18:12.352 [Forwarding findChildElements on session 7779b2387c255d5a18c0813e4e2daf98 to remote] DEBUG org.apache.http.wire - http-outgoing-3 << "{"sessionId":"7779b2387c255d5a18c0813e4e2daf98","status":0,"value":[{"ELEMENT":"0.9133018558373007-3"},{"ELEMENT":"0.9133018558373007-4"},{"ELEMENT":"0.9133018558373007-5"},{"ELEMENT":"0.9133018558373007-6"},{"ELEMENT":"0.9133018558373007-7"},{"ELEMENT":"0.9133018558373007-8"},{"ELEMENT":"0.9133018558373007-9"},{"ELEMENT":"0.9133018558373007-10"},{"ELEMENT":"0.9133018558373007-11"},{"ELEMENT":"0.9133018558373007-12"}]}"
10:18:12.352 [Forwarding findChildElements on session 7779b2387c255d5a18c0813e4e2daf98 to remote] DEBUG org.apache.http.headers - http-outgoing-3 << HTTP/1.1 200 OK
10:18:12.352 [Forwarding findChildElements on session 7779b2387c255d5a18c0813e4e2daf98 to remote] DEBUG org.apache.http.headers - http-outgoing-3 << Content-Length:422
10:18:12.352 [Forwarding findChildElements on session 7779b2387c255d5a18c0813e4e2daf98 to remote] DEBUG org.apache.http.headers - http-outgoing-3 << Content-Type:application/json; charset=utf-8
10:18:12.352 [Forwarding findChildElements on session 7779b2387c255d5a18c0813e4e2daf98 to remote] DEBUG org.apache.http.impl.execchain.MainClientExec - Connection can be kept alive indefinitely
10:18:12.353 [Forwarding findChildElements on session 7779b2387c255d5a18c0813e4e2daf98 to remote] DEBUG org.apache.http.impl.conn.PoolingHttpClientConnectionManager - Connection [id: 3][route: {}->http://localhost:14252] can be kept alive indefinitely
10:18:12.353 [Forwarding findChildElements on session 7779b2387c255d5a18c0813e4e2daf98 to remote] DEBUG org.apache.http.impl.conn.PoolingHttpClientConnectionManager - Connection released: [id: 3][route: {}->http://localhost:14252][total kept alive: 1; route allocated: 1 of 2000; total allocated: 1 of 2000]
10:18:12.353 [Forwarding findChildElements on session 7779b2387c255d5a18c0813e4e2daf98 to remote] DEBUG org.apache.http.client.protocol.RequestAddCookies - CookieSpec selected: default
10:18:12.353 [Forwarding findChildElements on session 7779b2387c255d5a18c0813e4e2daf98 to remote] DEBUG org.apache.http.client.protocol.RequestAuthCache - Auth cache not set in the context
10:18:12.353 [Forwarding findChildElements on session 7779b2387c255d5a18c0813e4e2daf98 to remote] DEBUG org.apache.http.impl.conn.PoolingHttpClientConnectionManager - Connection request: [route: {}->http://localhost:14252][total kept alive: 1; route allocated: 1 of 2000; total allocated: 1 of 2000]
10:18:12.353 [Forwarding findChildElements on session 7779b2387c255d5a18c0813e4e2daf98 to remote] DEBUG org.apache.http.impl.conn.PoolingHttpClientConnectionManager - Connection leased: [id: 3][route: {}->http://localhost:14252][total kept alive: 0; route allocated: 1 of 2000; total allocated: 1 of 2000]
10:18:12.353 [Forwarding findChildElements on session 7779b2387c255d5a18c0813e4e2daf98 to remote] DEBUG org.apache.http.impl.execchain.MainClientExec - Stale connection check
10:18:12.364 [Forwarding findChildElements on session 7779b2387c255d5a18c0813e4e2daf98 to remote] DEBUG org.apache.http.wire - http-outgoing-3 << "[read] I/O error: Read timed out"
10:18:12.364 [Forwarding findChildElements on session 7779b2387c255d5a18c0813e4e2daf98 to remote] DEBUG org.apache.http.impl.conn.DefaultManagedHttpClientConnection - http-outgoing-3: set socket timeout to 10800000
10:18:12.364 [Forwarding findChildElements on session 7779b2387c255d5a18c0813e4e2daf98 to remote] DEBUG org.apache.http.impl.execchain.MainClientExec - Executing request POST /session/7779b2387c255d5a18c0813e4e2daf98/element/0.9133018558373007-3/elements HTTP/1.1
10:18:12.364 [Forwarding findChildElements on session 7779b2387c255d5a18c0813e4e2daf98 to remote] DEBUG org.apache.http.impl.execchain.MainClientExec - Target auth state: UNCHALLENGED
10:18:12.364 [Forwarding findChildElements on session 7779b2387c255d5a18c0813e4e2daf98 to remote] DEBUG org.apache.http.impl.execchain.MainClientExec - Proxy auth state: UNCHALLENGED
10:18:12.364 [Forwarding findChildElements on session 7779b2387c255d5a18c0813e4e2daf98 to remote] DEBUG org.apache.http.headers - http-outgoing-3 >> POST /session/7779b2387c255d5a18c0813e4e2daf98/element/0.9133018558373007-3/elements HTTP/1.1
10:18:12.364 [Forwarding findChildElements on session 7779b2387c255d5a18c0813e4e2daf98 to remote] DEBUG org.apache.http.headers - http-outgoing-3 >> Content-Type: application/json; charset=utf-8
10:18:12.364 [Forwarding findChildElements on session 7779b2387c255d5a18c0813e4e2daf98 to remote] DEBUG org.apache.http.headers - http-outgoing-3 >> Content-Length: 61
10:18:12.364 [Forwarding findChildElements on session 7779b2387c255d5a18c0813e4e2daf98 to remote] DEBUG org.apache.http.headers - http-outgoing-3 >> Host: localhost:14252
10:18:12.364 [Forwarding findChildElements on session 7779b2387c255d5a18c0813e4e2daf98 to remote] DEBUG org.apache.http.headers - http-outgoing-3 >> Connection: Keep-Alive
10:18:12.364 [Forwarding findChildElements on session 7779b2387c255d5a18c0813e4e2daf98 to remote] DEBUG org.apache.http.headers - http-outgoing-3 >> User-Agent: Apache-HttpClient/4.5.2 (Java/1.8.0_162)
10:18:12.364 [Forwarding findChildElements on session 7779b2387c255d5a18c0813e4e2daf98 to remote] DEBUG org.apache.http.headers - http-outgoing-3 >> Accept-Encoding: gzip,deflate
10:18:12.364 [Forwarding findChildElements on session 7779b2387c255d5a18c0813e4e2daf98 to remote] DEBUG org.apache.http.wire - http-outgoing-3 >> "POST /session/7779b2387c255d5a18c0813e4e2daf98/element/0.9133018558373007-3/elements HTTP/1.1[\r][\n]"
10:18:12.364 [Forwarding findChildElements on session 7779b2387c255d5a18c0813e4e2daf98 to remote] DEBUG org.apache.http.wire - http-outgoing-3 >> "Content-Type: application/json; charset=utf-8[\r][\n]"
10:18:12.364 [Forwarding findChildElements on session 7779b2387c255d5a18c0813e4e2daf98 to remote] DEBUG org.apache.http.wire - http-outgoing-3 >> "Content-Length: 61[\r][\n]"
10:18:12.364 [Forwarding findChildElements on session 7779b2387c255d5a18c0813e4e2daf98 to remote] DEBUG org.apache.http.wire - http-outgoing-3 >> "Host: localhost:14252[\r][\n]"
10:18:12.364 [Forwarding findChildElements on session 7779b2387c255d5a18c0813e4e2daf98 to remote] DEBUG org.apache.http.wire - http-outgoing-3 >> "Connection: Keep-Alive[\r][\n]"
10:18:12.364 [Forwarding findChildElements on session 7779b2387c255d5a18c0813e4e2daf98 to remote] DEBUG org.apache.http.wire - http-outgoing-3 >> "User-Agent: Apache-HttpClient/4.5.2 (Java/1.8.0_162)[\r][\n]"
10:18:12.364 [Forwarding findChildElements on session 7779b2387c255d5a18c0813e4e2daf98 to remote] DEBUG org.apache.http.wire - http-outgoing-3 >> "Accept-Encoding: gzip,deflate[\r][\n]"
10:18:12.364 [Forwarding findChildElements on session 7779b2387c255d5a18c0813e4e2daf98 to remote] DEBUG org.apache.http.wire - http-outgoing-3 >> "[\r][\n]"
10:18:12.364 [Forwarding findChildElements on session 7779b2387c255d5a18c0813e4e2daf98 to remote] DEBUG org.apache.http.wire - http-outgoing-3 >> "{"id":"0.9133018558373007-3","using":"tag name","value":"td"}"
10:18:12.372 [Forwarding findChildElements on session 7779b2387c255d5a18c0813e4e2daf98 to remote] DEBUG org.apache.http.wire - http-outgoing-3 << "HTTP/1.1 200 OK[\r][\n]"
10:18:12.372 [Forwarding findChildElements on session 7779b2387c255d5a18c0813e4e2daf98 to remote] DEBUG org.apache.http.wire - http-outgoing-3 << "Content-Length:249[\r][\n]"
10:18:12.372 [Forwarding findChildElements on session 7779b2387c255d5a18c0813e4e2daf98 to remote] DEBUG org.apache.http.wire - http-outgoing-3 << "Content-Type:application/json; charset=utf-8[\r][\n]"
10:18:12.372 [Forwarding findChildElements on session 7779b2387c255d5a18c0813e4e2daf98 to remote] DEBUG org.apache.http.wire - http-outgoing-3 << "[\r][\n]"
10:18:12.372 [Forwarding findChildElements on session 7779b2387c255d5a18c0813e4e2daf98 to remote] DEBUG org.apache.http.wire - http-outgoing-3 << "{"sessionId":"7779b2387c255d5a18c0813e4e2daf98","status":0,"value":[{"ELEMENT":"0.9133018558373007-13"},{"ELEMENT":"0.9133018558373007-14"},{"ELEMENT":"0.9133018558373007-15"},{"ELEMENT":"0.9133018558373007-16"},{"ELEMENT":"0.9133018558373007-17"}]}"
10:18:12.372 [Forwarding findChildElements on session 7779b2387c255d5a18c0813e4e2daf98 to remote] DEBUG org.apache.http.headers - http-outgoing-3 << HTTP/1.1 200 OK
10:18:12.372 [Forwarding findChildElements on session 7779b2387c255d5a18c0813e4e2daf98 to remote] DEBUG org.apache.http.headers - http-outgoing-3 << Content-Length:249
10:18:12.372 [Forwarding findChildElements on session 7779b2387c255d5a18c0813e4e2daf98 to remote] DEBUG org.apache.http.headers - http-outgoing-3 << Content-Type:application/json; charset=utf-8
10:18:12.372 [Forwarding findChildElements on session 7779b2387c255d5a18c0813e4e2daf98 to remote] DEBUG org.apache.http.impl.execchain.MainClientExec - Connection can be kept alive indefinitely
10:18:12.372 [Forwarding findChildElements on session 7779b2387c255d5a18c0813e4e2daf98 to remote] DEBUG org.apache.http.impl.conn.PoolingHttpClientConnectionManager - Connection [id: 3][route: {}->http://localhost:14252] can be kept alive indefinitely
10:18:12.372 [Forwarding findChildElements on session 7779b2387c255d5a18c0813e4e2daf98 to remote] DEBUG org.apache.http.impl.conn.PoolingHttpClientConnectionManager - Connection released: [id: 3][route: {}->http://localhost:14252][total kept alive: 1; route allocated: 1 of 2000; total allocated: 1 of 2000]
10:18:12.373 [Forwarding clickElement on session 7779b2387c255d5a18c0813e4e2daf98 to remote] DEBUG org.apache.http.client.protocol.RequestAddCookies - CookieSpec selected: default
10:18:12.373 [Forwarding clickElement on session 7779b2387c255d5a18c0813e4e2daf98 to remote] DEBUG org.apache.http.client.protocol.RequestAuthCache - Auth cache not set in the context
10:18:12.373 [Forwarding clickElement on session 7779b2387c255d5a18c0813e4e2daf98 to remote] DEBUG org.apache.http.impl.conn.PoolingHttpClientConnectionManager - Connection request: [route: {}->http://localhost:14252][total kept alive: 1; route allocated: 1 of 2000; total allocated: 1 of 2000]
10:18:12.373 [Forwarding clickElement on session 7779b2387c255d5a18c0813e4e2daf98 to remote] DEBUG org.apache.http.impl.conn.PoolingHttpClientConnectionManager - Connection leased: [id: 3][route: {}->http://localhost:14252][total kept alive: 0; route allocated: 1 of 2000; total allocated: 1 of 2000]
10:18:12.373 [Forwarding clickElement on session 7779b2387c255d5a18c0813e4e2daf98 to remote] DEBUG org.apache.http.impl.execchain.MainClientExec - Stale connection check
10:18:12.379 [Forwarding clickElement on session 7779b2387c255d5a18c0813e4e2daf98 to remote] DEBUG org.apache.http.wire - http-outgoing-3 << "[read] I/O error: Read timed out"
10:18:12.379 [Forwarding clickElement on session 7779b2387c255d5a18c0813e4e2daf98 to remote] DEBUG org.apache.http.impl.conn.DefaultManagedHttpClientConnection - http-outgoing-3: set socket timeout to 10800000
10:18:12.379 [Forwarding clickElement on session 7779b2387c255d5a18c0813e4e2daf98 to remote] DEBUG org.apache.http.impl.execchain.MainClientExec - Executing request POST /session/7779b2387c255d5a18c0813e4e2daf98/element/0.9133018558373007-13/click HTTP/1.1
10:18:12.379 [Forwarding clickElement on session 7779b2387c255d5a18c0813e4e2daf98 to remote] DEBUG org.apache.http.impl.execchain.MainClientExec - Target auth state: UNCHALLENGED
10:18:12.379 [Forwarding clickElement on session 7779b2387c255d5a18c0813e4e2daf98 to remote] DEBUG org.apache.http.impl.execchain.MainClientExec - Proxy auth state: UNCHALLENGED
10:18:12.379 [Forwarding clickElement on session 7779b2387c255d5a18c0813e4e2daf98 to remote] DEBUG org.apache.http.headers - http-outgoing-3 >> POST /session/7779b2387c255d5a18c0813e4e2daf98/element/0.9133018558373007-13/click HTTP/1.1
10:18:12.379 [Forwarding clickElement on session 7779b2387c255d5a18c0813e4e2daf98 to remote] DEBUG org.apache.http.headers - http-outgoing-3 >> Content-Type: application/json; charset=utf-8
10:18:12.379 [Forwarding clickElement on session 7779b2387c255d5a18c0813e4e2daf98 to remote] DEBUG org.apache.http.headers - http-outgoing-3 >> Content-Length: 30
10:18:12.379 [Forwarding clickElement on session 7779b2387c255d5a18c0813e4e2daf98 to remote] DEBUG org.apache.http.headers - http-outgoing-3 >> Host: localhost:14252
10:18:12.379 [Forwarding clickElement on session 7779b2387c255d5a18c0813e4e2daf98 to remote] DEBUG org.apache.http.headers - http-outgoing-3 >> Connection: Keep-Alive
10:18:12.379 [Forwarding clickElement on session 7779b2387c255d5a18c0813e4e2daf98 to remote] DEBUG org.apache.http.headers - http-outgoing-3 >> User-Agent: Apache-HttpClient/4.5.2 (Java/1.8.0_162)
10:18:12.379 [Forwarding clickElement on session 7779b2387c255d5a18c0813e4e2daf98 to remote] DEBUG org.apache.http.headers - http-outgoing-3 >> Accept-Encoding: gzip,deflate
10:18:12.379 [Forwarding clickElement on session 7779b2387c255d5a18c0813e4e2daf98 to remote] DEBUG org.apache.http.wire - http-outgoing-3 >> "POST /session/7779b2387c255d5a18c0813e4e2daf98/element/0.9133018558373007-13/click HTTP/1.1[\r][\n]"
10:18:12.379 [Forwarding clickElement on session 7779b2387c255d5a18c0813e4e2daf98 to remote] DEBUG org.apache.http.wire - http-outgoing-3 >> "Content-Type: application/json; charset=utf-8[\r][\n]"
10:18:12.379 [Forwarding clickElement on session 7779b2387c255d5a18c0813e4e2daf98 to remote] DEBUG org.apache.http.wire - http-outgoing-3 >> "Content-Length: 30[\r][\n]"
10:18:12.379 [Forwarding clickElement on session 7779b2387c255d5a18c0813e4e2daf98 to remote] DEBUG org.apache.http.wire - http-outgoing-3 >> "Host: localhost:14252[\r][\n]"
10:18:12.379 [Forwarding clickElement on session 7779b2387c255d5a18c0813e4e2daf98 to remote] DEBUG org.apache.http.wire - http-outgoing-3 >> "Connection: Keep-Alive[\r][\n]"
10:18:12.379 [Forwarding clickElement on session 7779b2387c255d5a18c0813e4e2daf98 to remote] DEBUG org.apache.http.wire - http-outgoing-3 >> "User-Agent: Apache-HttpClient/4.5.2 (Java/1.8.0_162)[\r][\n]"
10:18:12.379 [Forwarding clickElement on session 7779b2387c255d5a18c0813e4e2daf98 to remote] DEBUG org.apache.http.wire - http-outgoing-3 >> "Accept-Encoding: gzip,deflate[\r][\n]"
10:18:12.379 [Forwarding clickElement on session 7779b2387c255d5a18c0813e4e2daf98 to remote] DEBUG org.apache.http.wire - http-outgoing-3 >> "[\r][\n]"
10:18:12.379 [Forwarding clickElement on session 7779b2387c255d5a18c0813e4e2daf98 to remote] DEBUG org.apache.http.wire - http-outgoing-3 >> "{"id":"0.9133018558373007-13"}"
10:18:12.424 [Forwarding clickElement on session 7779b2387c255d5a18c0813e4e2daf98 to remote] DEBUG org.apache.http.wire - http-outgoing-3 << "HTTP/1.1 200 OK[\r][\n]"
10:18:12.424 [Forwarding clickElement on session 7779b2387c255d5a18c0813e4e2daf98 to remote] DEBUG org.apache.http.wire - http-outgoing-3 << "Content-Length:72[\r][\n]"
10:18:12.424 [Forwarding clickElement on session 7779b2387c255d5a18c0813e4e2daf98 to remote] DEBUG org.apache.http.wire - http-outgoing-3 << "Content-Type:application/json; charset=utf-8[\r][\n]"
10:18:12.424 [Forwarding clickElement on session 7779b2387c255d5a18c0813e4e2daf98 to remote] DEBUG org.apache.http.wire - http-outgoing-3 << "[\r][\n]"
10:18:12.424 [Forwarding clickElement on session 7779b2387c255d5a18c0813e4e2daf98 to remote] DEBUG org.apache.http.wire - http-outgoing-3 << "{"sessionId":"7779b2387c255d5a18c0813e4e2daf98","status":0,"value":null}"
10:18:12.424 [Forwarding clickElement on session 7779b2387c255d5a18c0813e4e2daf98 to remote] DEBUG org.apache.http.headers - http-outgoing-3 << HTTP/1.1 200 OK
10:18:12.424 [Forwarding clickElement on session 7779b2387c255d5a18c0813e4e2daf98 to remote] DEBUG org.apache.http.headers - http-outgoing-3 << Content-Length:72
10:18:12.424 [Forwarding clickElement on session 7779b2387c255d5a18c0813e4e2daf98 to remote] DEBUG org.apache.http.headers - http-outgoing-3 << Content-Type:application/json; charset=utf-8
10:18:12.424 [Forwarding clickElement on session 7779b2387c255d5a18c0813e4e2daf98 to remote] DEBUG org.apache.http.impl.execchain.MainClientExec - Connection can be kept alive indefinitely
10:18:12.424 [Forwarding clickElement on session 7779b2387c255d5a18c0813e4e2daf98 to remote] DEBUG org.apache.http.impl.conn.PoolingHttpClientConnectionManager - Connection [id: 3][route: {}->http://localhost:14252] can be kept alive indefinitely
10:18:12.424 [Forwarding clickElement on session 7779b2387c255d5a18c0813e4e2daf98 to remote] DEBUG org.apache.http.impl.conn.PoolingHttpClientConnectionManager - Connection released: [id: 3][route: {}->http://localhost:14252][total kept alive: 1; route allocated: 1 of 2000; total allocated: 1 of 2000]
10:18:12.499 [Forwarding switchToFrame on session 7779b2387c255d5a18c0813e4e2daf98 to remote] DEBUG org.apache.http.client.protocol.RequestAddCookies - CookieSpec selected: default
10:18:12.499 [Forwarding switchToFrame on session 7779b2387c255d5a18c0813e4e2daf98 to remote] DEBUG org.apache.http.client.protocol.RequestAuthCache - Auth cache not set in the context
10:18:12.499 [Forwarding switchToFrame on session 7779b2387c255d5a18c0813e4e2daf98 to remote] DEBUG org.apache.http.impl.conn.PoolingHttpClientConnectionManager - Connection request: [route: {}->http://localhost:14252][total kept alive: 1; route allocated: 1 of 2000; total allocated: 1 of 2000]
10:18:12.499 [Forwarding switchToFrame on session 7779b2387c255d5a18c0813e4e2daf98 to remote] DEBUG org.apache.http.impl.conn.PoolingHttpClientConnectionManager - Connection leased: [id: 3][route: {}->http://localhost:14252][total kept alive: 0; route allocated: 1 of 2000; total allocated: 1 of 2000]
10:18:12.499 [Forwarding switchToFrame on session 7779b2387c255d5a18c0813e4e2daf98 to remote] DEBUG org.apache.http.impl.execchain.MainClientExec - Stale connection check
10:18:12.505 [Forwarding switchToFrame on session 7779b2387c255d5a18c0813e4e2daf98 to remote] DEBUG org.apache.http.wire - http-outgoing-3 << "[read] I/O error: Read timed out"
10:18:12.505 [Forwarding switchToFrame on session 7779b2387c255d5a18c0813e4e2daf98 to remote] DEBUG org.apache.http.impl.conn.DefaultManagedHttpClientConnection - http-outgoing-3: set socket timeout to 10800000
10:18:12.505 [Forwarding switchToFrame on session 7779b2387c255d5a18c0813e4e2daf98 to remote] DEBUG org.apache.http.impl.execchain.MainClientExec - Executing request POST /session/7779b2387c255d5a18c0813e4e2daf98/frame HTTP/1.1
10:18:12.505 [Forwarding switchToFrame on session 7779b2387c255d5a18c0813e4e2daf98 to remote] DEBUG org.apache.http.impl.execchain.MainClientExec - Target auth state: UNCHALLENGED
10:18:12.505 [Forwarding switchToFrame on session 7779b2387c255d5a18c0813e4e2daf98 to remote] DEBUG org.apache.http.impl.execchain.MainClientExec - Proxy auth state: UNCHALLENGED
10:18:12.505 [Forwarding switchToFrame on session 7779b2387c255d5a18c0813e4e2daf98 to remote] DEBUG org.apache.http.headers - http-outgoing-3 >> POST /session/7779b2387c255d5a18c0813e4e2daf98/frame HTTP/1.1
10:18:12.505 [Forwarding switchToFrame on session 7779b2387c255d5a18c0813e4e2daf98 to remote] DEBUG org.apache.http.headers - http-outgoing-3 >> Content-Type: application/json; charset=utf-8
10:18:12.505 [Forwarding switchToFrame on session 7779b2387c255d5a18c0813e4e2daf98 to remote] DEBUG org.apache.http.headers - http-outgoing-3 >> Content-Length: 11
10:18:12.505 [Forwarding switchToFrame on session 7779b2387c255d5a18c0813e4e2daf98 to remote] DEBUG org.apache.http.headers - http-outgoing-3 >> Host: localhost:14252
10:18:12.505 [Forwarding switchToFrame on session 7779b2387c255d5a18c0813e4e2daf98 to remote] DEBUG org.apache.http.headers - http-outgoing-3 >> Connection: Keep-Alive
10:18:12.505 [Forwarding switchToFrame on session 7779b2387c255d5a18c0813e4e2daf98 to remote] DEBUG org.apache.http.headers - http-outgoing-3 >> User-Agent: Apache-HttpClient/4.5.2 (Java/1.8.0_162)
10:18:12.505 [Forwarding switchToFrame on session 7779b2387c255d5a18c0813e4e2daf98 to remote] DEBUG org.apache.http.headers - http-outgoing-3 >> Accept-Encoding: gzip,deflate
10:18:12.505 [Forwarding switchToFrame on session 7779b2387c255d5a18c0813e4e2daf98 to remote] DEBUG org.apache.http.wire - http-outgoing-3 >> "POST /session/7779b2387c255d5a18c0813e4e2daf98/frame HTTP/1.1[\r][\n]"
10:18:12.505 [Forwarding switchToFrame on session 7779b2387c255d5a18c0813e4e2daf98 to remote] DEBUG org.apache.http.wire - http-outgoing-3 >> "Content-Type: application/json; charset=utf-8[\r][\n]"
10:18:12.505 [Forwarding switchToFrame on session 7779b2387c255d5a18c0813e4e2daf98 to remote] DEBUG org.apache.http.wire - http-outgoing-3 >> "Content-Length: 11[\r][\n]"
10:18:12.505 [Forwarding switchToFrame on session 7779b2387c255d5a18c0813e4e2daf98 to remote] DEBUG org.apache.http.wire - http-outgoing-3 >> "Host: localhost:14252[\r][\n]"
10:18:12.505 [Forwarding switchToFrame on session 7779b2387c255d5a18c0813e4e2daf98 to remote] DEBUG org.apache.http.wire - http-outgoing-3 >> "Connection: Keep-Alive[\r][\n]"
10:18:12.505 [Forwarding switchToFrame on session 7779b2387c255d5a18c0813e4e2daf98 to remote] DEBUG org.apache.http.wire - http-outgoing-3 >> "User-Agent: Apache-HttpClient/4.5.2 (Java/1.8.0_162)[\r][\n]"
10:18:12.505 [Forwarding switchToFrame on session 7779b2387c255d5a18c0813e4e2daf98 to remote] DEBUG org.apache.http.wire - http-outgoing-3 >> "Accept-Encoding: gzip,deflate[\r][\n]"
10:18:12.505 [Forwarding switchToFrame on session 7779b2387c255d5a18c0813e4e2daf98 to remote] DEBUG org.apache.http.wire - http-outgoing-3 >> "[\r][\n]"
10:18:12.505 [Forwarding switchToFrame on session 7779b2387c255d5a18c0813e4e2daf98 to remote] DEBUG org.apache.http.wire - http-outgoing-3 >> "{"id":null}"
10:18:12.507 [Forwarding switchToFrame on session 7779b2387c255d5a18c0813e4e2daf98 to remote] DEBUG org.apache.http.wire - http-outgoing-3 << "HTTP/1.1 200 OK[\r][\n]"
10:18:12.507 [Forwarding switchToFrame on session 7779b2387c255d5a18c0813e4e2daf98 to remote] DEBUG org.apache.http.wire - http-outgoing-3 << "Content-Length:72[\r][\n]"
10:18:12.507 [Forwarding switchToFrame on session 7779b2387c255d5a18c0813e4e2daf98 to remote] DEBUG org.apache.http.wire - http-outgoing-3 << "Content-Type:application/json; charset=utf-8[\r][\n]"
10:18:12.507 [Forwarding switchToFrame on session 7779b2387c255d5a18c0813e4e2daf98 to remote] DEBUG org.apache.http.wire - http-outgoing-3 << "[\r][\n]"
10:18:12.507 [Forwarding switchToFrame on session 7779b2387c255d5a18c0813e4e2daf98 to remote] DEBUG org.apache.http.wire - http-outgoing-3 << "{"sessionId":"7779b2387c255d5a18c0813e4e2daf98","status":0,"value":null}"
10:18:12.507 [Forwarding switchToFrame on session 7779b2387c255d5a18c0813e4e2daf98 to remote] DEBUG org.apache.http.headers - http-outgoing-3 << HTTP/1.1 200 OK
10:18:12.507 [Forwarding switchToFrame on session 7779b2387c255d5a18c0813e4e2daf98 to remote] DEBUG org.apache.http.headers - http-outgoing-3 << Content-Length:72
10:18:12.507 [Forwarding switchToFrame on session 7779b2387c255d5a18c0813e4e2daf98 to remote] DEBUG org.apache.http.headers - http-outgoing-3 << Content-Type:application/json; charset=utf-8
10:18:12.507 [Forwarding switchToFrame on session 7779b2387c255d5a18c0813e4e2daf98 to remote] DEBUG org.apache.http.impl.execchain.MainClientExec - Connection can be kept alive indefinitely
10:18:12.507 [Forwarding switchToFrame on session 7779b2387c255d5a18c0813e4e2daf98 to remote] DEBUG org.apache.http.impl.conn.PoolingHttpClientConnectionManager - Connection [id: 3][route: {}->http://localhost:14252] can be kept alive indefinitely
10:18:12.507 [Forwarding switchToFrame on session 7779b2387c255d5a18c0813e4e2daf98 to remote] DEBUG org.apache.http.impl.conn.PoolingHttpClientConnectionManager - Connection released: [id: 3][route: {}->http://localhost:14252][total kept alive: 1; route allocated: 1 of 2000; total allocated: 1 of 2000]
10:18:13.511 [Forwarding findElement on session 7779b2387c255d5a18c0813e4e2daf98 to remote] DEBUG org.apache.http.client.protocol.RequestAddCookies - CookieSpec selected: default
10:18:13.512 [Forwarding findElement on session 7779b2387c255d5a18c0813e4e2daf98 to remote] DEBUG org.apache.http.client.protocol.RequestAuthCache - Auth cache not set in the context
10:18:13.512 [Forwarding findElement on session 7779b2387c255d5a18c0813e4e2daf98 to remote] DEBUG org.apache.http.impl.conn.PoolingHttpClientConnectionManager - Connection request: [route: {}->http://localhost:14252][total kept alive: 1; route allocated: 1 of 2000; total allocated: 1 of 2000]
10:18:13.512 [Forwarding findElement on session 7779b2387c255d5a18c0813e4e2daf98 to remote] DEBUG org.apache.http.impl.conn.PoolingHttpClientConnectionManager - Connection leased: [id: 3][route: {}->http://localhost:14252][total kept alive: 0; route allocated: 1 of 2000; total allocated: 1 of 2000]
10:18:13.512 [Forwarding findElement on session 7779b2387c255d5a18c0813e4e2daf98 to remote] DEBUG org.apache.http.impl.execchain.MainClientExec - Stale connection check
10:18:13.526 [Forwarding findElement on session 7779b2387c255d5a18c0813e4e2daf98 to remote] DEBUG org.apache.http.wire - http-outgoing-3 << "[read] I/O error: Read timed out"
10:18:13.526 [Forwarding findElement on session 7779b2387c255d5a18c0813e4e2daf98 to remote] DEBUG org.apache.http.impl.conn.DefaultManagedHttpClientConnection - http-outgoing-3: set socket timeout to 10800000
10:18:13.526 [Forwarding findElement on session 7779b2387c255d5a18c0813e4e2daf98 to remote] DEBUG org.apache.http.impl.execchain.MainClientExec - Executing request POST /session/7779b2387c255d5a18c0813e4e2daf98/element HTTP/1.1
10:18:13.526 [Forwarding findElement on session 7779b2387c255d5a18c0813e4e2daf98 to remote] DEBUG org.apache.http.impl.execchain.MainClientExec - Target auth state: UNCHALLENGED
10:18:13.526 [Forwarding findElement on session 7779b2387c255d5a18c0813e4e2daf98 to remote] DEBUG org.apache.http.impl.execchain.MainClientExec - Proxy auth state: UNCHALLENGED
10:18:13.526 [Forwarding findElement on session 7779b2387c255d5a18c0813e4e2daf98 to remote] DEBUG org.apache.http.headers - http-outgoing-3 >> POST /session/7779b2387c255d5a18c0813e4e2daf98/element HTTP/1.1
10:18:13.526 [Forwarding findElement on session 7779b2387c255d5a18c0813e4e2daf98 to remote] DEBUG org.apache.http.headers - http-outgoing-3 >> Content-Type: application/json; charset=utf-8
10:18:13.526 [Forwarding findElement on session 7779b2387c255d5a18c0813e4e2daf98 to remote] DEBUG org.apache.http.headers - http-outgoing-3 >> Content-Length: 49
10:18:13.526 [Forwarding findElement on session 7779b2387c255d5a18c0813e4e2daf98 to remote] DEBUG org.apache.http.headers - http-outgoing-3 >> Host: localhost:14252
10:18:13.526 [Forwarding findElement on session 7779b2387c255d5a18c0813e4e2daf98 to remote] DEBUG org.apache.http.headers - http-outgoing-3 >> Connection: Keep-Alive
10:18:13.526 [Forwarding findElement on session 7779b2387c255d5a18c0813e4e2daf98 to remote] DEBUG org.apache.http.headers - http-outgoing-3 >> User-Agent: Apache-HttpClient/4.5.2 (Java/1.8.0_162)
10:18:13.526 [Forwarding findElement on session 7779b2387c255d5a18c0813e4e2daf98 to remote] DEBUG org.apache.http.headers - http-outgoing-3 >> Accept-Encoding: gzip,deflate
10:18:13.526 [Forwarding findElement on session 7779b2387c255d5a18c0813e4e2daf98 to remote] DEBUG org.apache.http.wire - http-outgoing-3 >> "POST /session/7779b2387c255d5a18c0813e4e2daf98/element HTTP/1.1[\r][\n]"
10:18:13.526 [Forwarding findElement on session 7779b2387c255d5a18c0813e4e2daf98 to remote] DEBUG org.apache.http.wire - http-outgoing-3 >> "Content-Type: application/json; charset=utf-8[\r][\n]"
10:18:13.526 [Forwarding findElement on session 7779b2387c255d5a18c0813e4e2daf98 to remote] DEBUG org.apache.http.wire - http-outgoing-3 >> "Content-Length: 49[\r][\n]"
10:18:13.526 [Forwarding findElement on session 7779b2387c255d5a18c0813e4e2daf98 to remote] DEBUG org.apache.http.wire - http-outgoing-3 >> "Host: localhost:14252[\r][\n]"
10:18:13.526 [Forwarding findElement on session 7779b2387c255d5a18c0813e4e2daf98 to remote] DEBUG org.apache.http.wire - http-outgoing-3 >> "Connection: Keep-Alive[\r][\n]"
10:18:13.526 [Forwarding findElement on session 7779b2387c255d5a18c0813e4e2daf98 to remote] DEBUG org.apache.http.wire - http-outgoing-3 >> "User-Agent: Apache-HttpClient/4.5.2 (Java/1.8.0_162)[\r][\n]"
10:18:13.526 [Forwarding findElement on session 7779b2387c255d5a18c0813e4e2daf98 to remote] DEBUG org.apache.http.wire - http-outgoing-3 >> "Accept-Encoding: gzip,deflate[\r][\n]"
10:18:13.526 [Forwarding findElement on session 7779b2387c255d5a18c0813e4e2daf98 to remote] DEBUG org.apache.http.wire - http-outgoing-3 >> "[\r][\n]"
10:18:13.526 [Forwarding findElement on session 7779b2387c255d5a18c0813e4e2daf98 to remote] DEBUG org.apache.http.wire - http-outgoing-3 >> "{"using":"css selector","value":"#gaohr_windows"}"
10:18:13.535 [Forwarding findElement on session 7779b2387c255d5a18c0813e4e2daf98 to remote] DEBUG org.apache.http.wire - http-outgoing-3 << "HTTP/1.1 200 OK[\r][\n]"
10:18:13.535 [Forwarding findElement on session 7779b2387c255d5a18c0813e4e2daf98 to remote] DEBUG org.apache.http.wire - http-outgoing-3 << "Content-Length:102[\r][\n]"
10:18:13.535 [Forwarding findElement on session 7779b2387c255d5a18c0813e4e2daf98 to remote] DEBUG org.apache.http.wire - http-outgoing-3 << "Content-Type:application/json; charset=utf-8[\r][\n]"
10:18:13.535 [Forwarding findElement on session 7779b2387c255d5a18c0813e4e2daf98 to remote] DEBUG org.apache.http.wire - http-outgoing-3 << "[\r][\n]"
10:18:13.535 [Forwarding findElement on session 7779b2387c255d5a18c0813e4e2daf98 to remote] DEBUG org.apache.http.wire - http-outgoing-3 << "{"sessionId":"7779b2387c255d5a18c0813e4e2daf98","status":0,"value":{"ELEMENT":"0.9253431269277517-5"}}"
10:18:13.535 [Forwarding findElement on session 7779b2387c255d5a18c0813e4e2daf98 to remote] DEBUG org.apache.http.headers - http-outgoing-3 << HTTP/1.1 200 OK
10:18:13.535 [Forwarding findElement on session 7779b2387c255d5a18c0813e4e2daf98 to remote] DEBUG org.apache.http.headers - http-outgoing-3 << Content-Length:102
10:18:13.535 [Forwarding findElement on session 7779b2387c255d5a18c0813e4e2daf98 to remote] DEBUG org.apache.http.headers - http-outgoing-3 << Content-Type:application/json; charset=utf-8
10:18:13.535 [Forwarding findElement on session 7779b2387c255d5a18c0813e4e2daf98 to remote] DEBUG org.apache.http.impl.execchain.MainClientExec - Connection can be kept alive indefinitely
10:18:13.535 [Forwarding findElement on session 7779b2387c255d5a18c0813e4e2daf98 to remote] DEBUG org.apache.http.impl.conn.PoolingHttpClientConnectionManager - Connection [id: 3][route: {}->http://localhost:14252] can be kept alive indefinitely
10:18:13.535 [Forwarding findElement on session 7779b2387c255d5a18c0813e4e2daf98 to remote] DEBUG org.apache.http.impl.conn.PoolingHttpClientConnectionManager - Connection released: [id: 3][route: {}->http://localhost:14252][total kept alive: 1; route allocated: 1 of 2000; total allocated: 1 of 2000]
10:18:13.536 [Forwarding findChildElements on session 7779b2387c255d5a18c0813e4e2daf98 to remote] DEBUG org.apache.http.client.protocol.RequestAddCookies - CookieSpec selected: default
10:18:13.536 [Forwarding findChildElements on session 7779b2387c255d5a18c0813e4e2daf98 to remote] DEBUG org.apache.http.client.protocol.RequestAuthCache - Auth cache not set in the context
10:18:13.536 [Forwarding findChildElements on session 7779b2387c255d5a18c0813e4e2daf98 to remote] DEBUG org.apache.http.impl.conn.PoolingHttpClientConnectionManager - Connection request: [route: {}->http://localhost:14252][total kept alive: 1; route allocated: 1 of 2000; total allocated: 1 of 2000]
10:18:13.536 [Forwarding findChildElements on session 7779b2387c255d5a18c0813e4e2daf98 to remote] DEBUG org.apache.http.impl.conn.PoolingHttpClientConnectionManager - Connection leased: [id: 3][route: {}->http://localhost:14252][total kept alive: 0; route allocated: 1 of 2000; total allocated: 1 of 2000]
10:18:13.536 [Forwarding findChildElements on session 7779b2387c255d5a18c0813e4e2daf98 to remote] DEBUG org.apache.http.impl.execchain.MainClientExec - Stale connection check
10:18:13.542 [Forwarding findChildElements on session 7779b2387c255d5a18c0813e4e2daf98 to remote] DEBUG org.apache.http.wire - http-outgoing-3 << "[read] I/O error: Read timed out"
10:18:13.542 [Forwarding findChildElements on session 7779b2387c255d5a18c0813e4e2daf98 to remote] DEBUG org.apache.http.impl.conn.DefaultManagedHttpClientConnection - http-outgoing-3: set socket timeout to 10800000
10:18:13.542 [Forwarding findChildElements on session 7779b2387c255d5a18c0813e4e2daf98 to remote] DEBUG org.apache.http.impl.execchain.MainClientExec - Executing request POST /session/7779b2387c255d5a18c0813e4e2daf98/element/0.9253431269277517-5/elements HTTP/1.1
10:18:13.542 [Forwarding findChildElements on session 7779b2387c255d5a18c0813e4e2daf98 to remote] DEBUG org.apache.http.impl.execchain.MainClientExec - Target auth state: UNCHALLENGED
10:18:13.542 [Forwarding findChildElements on session 7779b2387c255d5a18c0813e4e2daf98 to remote] DEBUG org.apache.http.impl.execchain.MainClientExec - Proxy auth state: UNCHALLENGED
10:18:13.542 [Forwarding findChildElements on session 7779b2387c255d5a18c0813e4e2daf98 to remote] DEBUG org.apache.http.headers - http-outgoing-3 >> POST /session/7779b2387c255d5a18c0813e4e2daf98/element/0.9253431269277517-5/elements HTTP/1.1
10:18:13.542 [Forwarding findChildElements on session 7779b2387c255d5a18c0813e4e2daf98 to remote] DEBUG org.apache.http.headers - http-outgoing-3 >> Content-Type: application/json; charset=utf-8
10:18:13.542 [Forwarding findChildElements on session 7779b2387c255d5a18c0813e4e2daf98 to remote] DEBUG org.apache.http.headers - http-outgoing-3 >> Content-Length: 65
10:18:13.542 [Forwarding findChildElements on session 7779b2387c255d5a18c0813e4e2daf98 to remote] DEBUG org.apache.http.headers - http-outgoing-3 >> Host: localhost:14252
10:18:13.542 [Forwarding findChildElements on session 7779b2387c255d5a18c0813e4e2daf98 to remote] DEBUG org.apache.http.headers - http-outgoing-3 >> Connection: Keep-Alive
10:18:13.542 [Forwarding findChildElements on session 7779b2387c255d5a18c0813e4e2daf98 to remote] DEBUG org.apache.http.headers - http-outgoing-3 >> User-Agent: Apache-HttpClient/4.5.2 (Java/1.8.0_162)
10:18:13.542 [Forwarding findChildElements on session 7779b2387c255d5a18c0813e4e2daf98 to remote] DEBUG org.apache.http.headers - http-outgoing-3 >> Accept-Encoding: gzip,deflate
10:18:13.542 [Forwarding findChildElements on session 7779b2387c255d5a18c0813e4e2daf98 to remote] DEBUG org.apache.http.wire - http-outgoing-3 >> "POST /session/7779b2387c255d5a18c0813e4e2daf98/element/0.9253431269277517-5/elements HTTP/1.1[\r][\n]"
10:18:13.542 [Forwarding findChildElements on session 7779b2387c255d5a18c0813e4e2daf98 to remote] DEBUG org.apache.http.wire - http-outgoing-3 >> "Content-Type: application/json; charset=utf-8[\r][\n]"
10:18:13.542 [Forwarding findChildElements on session 7779b2387c255d5a18c0813e4e2daf98 to remote] DEBUG org.apache.http.wire - http-outgoing-3 >> "Content-Length: 65[\r][\n]"
10:18:13.542 [Forwarding findChildElements on session 7779b2387c255d5a18c0813e4e2daf98 to remote] DEBUG org.apache.http.wire - http-outgoing-3 >> "Host: localhost:14252[\r][\n]"
10:18:13.542 [Forwarding findChildElements on session 7779b2387c255d5a18c0813e4e2daf98 to remote] DEBUG org.apache.http.wire - http-outgoing-3 >> "Connection: Keep-Alive[\r][\n]"
10:18:13.542 [Forwarding findChildElements on session 7779b2387c255d5a18c0813e4e2daf98 to remote] DEBUG org.apache.http.wire - http-outgoing-3 >> "User-Agent: Apache-HttpClient/4.5.2 (Java/1.8.0_162)[\r][\n]"
10:18:13.542 [Forwarding findChildElements on session 7779b2387c255d5a18c0813e4e2daf98 to remote] DEBUG org.apache.http.wire - http-outgoing-3 >> "Accept-Encoding: gzip,deflate[\r][\n]"
10:18:13.542 [Forwarding findChildElements on session 7779b2387c255d5a18c0813e4e2daf98 to remote] DEBUG org.apache.http.wire - http-outgoing-3 >> "[\r][\n]"
10:18:13.542 [Forwarding findChildElements on session 7779b2387c255d5a18c0813e4e2daf98 to remote] DEBUG org.apache.http.wire - http-outgoing-3 >> "{"id":"0.9253431269277517-5","using":"tag name","value":"iframe"}"
10:18:13.553 [Forwarding findChildElements on session 7779b2387c255d5a18c0813e4e2daf98 to remote] DEBUG org.apache.http.wire - http-outgoing-3 << "HTTP/1.1 200 OK[\r][\n]"
10:18:13.553 [Forwarding findChildElements on session 7779b2387c255d5a18c0813e4e2daf98 to remote] DEBUG org.apache.http.wire - http-outgoing-3 << "Content-Length:104[\r][\n]"
10:18:13.553 [Forwarding findChildElements on session 7779b2387c255d5a18c0813e4e2daf98 to remote] DEBUG org.apache.http.wire - http-outgoing-3 << "Content-Type:application/json; charset=utf-8[\r][\n]"
10:18:13.553 [Forwarding findChildElements on session 7779b2387c255d5a18c0813e4e2daf98 to remote] DEBUG org.apache.http.wire - http-outgoing-3 << "[\r][\n]"
10:18:13.553 [Forwarding findChildElements on session 7779b2387c255d5a18c0813e4e2daf98 to remote] DEBUG org.apache.http.wire - http-outgoing-3 << "{"sessionId":"7779b2387c255d5a18c0813e4e2daf98","status":0,"value":[{"ELEMENT":"0.9253431269277517-6"}]}"
10:18:13.553 [Forwarding findChildElements on session 7779b2387c255d5a18c0813e4e2daf98 to remote] DEBUG org.apache.http.headers - http-outgoing-3 << HTTP/1.1 200 OK
10:18:13.553 [Forwarding findChildElements on session 7779b2387c255d5a18c0813e4e2daf98 to remote] DEBUG org.apache.http.headers - http-outgoing-3 << Content-Length:104
10:18:13.553 [Forwarding findChildElements on session 7779b2387c255d5a18c0813e4e2daf98 to remote] DEBUG org.apache.http.headers - http-outgoing-3 << Content-Type:application/json; charset=utf-8
10:18:13.553 [Forwarding findChildElements on session 7779b2387c255d5a18c0813e4e2daf98 to remote] DEBUG org.apache.http.impl.execchain.MainClientExec - Connection can be kept alive indefinitely
10:18:13.553 [Forwarding findChildElements on session 7779b2387c255d5a18c0813e4e2daf98 to remote] DEBUG org.apache.http.impl.conn.PoolingHttpClientConnectionManager - Connection [id: 3][route: {}->http://localhost:14252] can be kept alive indefinitely
10:18:13.553 [Forwarding findChildElements on session 7779b2387c255d5a18c0813e4e2daf98 to remote] DEBUG org.apache.http.impl.conn.PoolingHttpClientConnectionManager - Connection released: [id: 3][route: {}->http://localhost:14252][total kept alive: 1; route allocated: 1 of 2000; total allocated: 1 of 2000]
10:18:13.553 [Forwarding getElementAttribute on session 7779b2387c255d5a18c0813e4e2daf98 to remote] DEBUG org.apache.http.client.protocol.RequestAddCookies - CookieSpec selected: default
10:18:13.553 [Forwarding getElementAttribute on session 7779b2387c255d5a18c0813e4e2daf98 to remote] DEBUG org.apache.http.client.protocol.RequestAuthCache - Auth cache not set in the context
10:18:13.553 [Forwarding getElementAttribute on session 7779b2387c255d5a18c0813e4e2daf98 to remote] DEBUG org.apache.http.impl.conn.PoolingHttpClientConnectionManager - Connection request: [route: {}->http://localhost:14252][total kept alive: 1; route allocated: 1 of 2000; total allocated: 1 of 2000]
10:18:13.553 [Forwarding getElementAttribute on session 7779b2387c255d5a18c0813e4e2daf98 to remote] DEBUG org.apache.http.impl.conn.PoolingHttpClientConnectionManager - Connection leased: [id: 3][route: {}->http://localhost:14252][total kept alive: 0; route allocated: 1 of 2000; total allocated: 1 of 2000]
10:18:13.553 [Forwarding getElementAttribute on session 7779b2387c255d5a18c0813e4e2daf98 to remote] DEBUG org.apache.http.impl.execchain.MainClientExec - Stale connection check
10:18:13.558 [Forwarding getElementAttribute on session 7779b2387c255d5a18c0813e4e2daf98 to remote] DEBUG org.apache.http.wire - http-outgoing-3 << "[read] I/O error: Read timed out"
10:18:13.558 [Forwarding getElementAttribute on session 7779b2387c255d5a18c0813e4e2daf98 to remote] DEBUG org.apache.http.impl.conn.DefaultManagedHttpClientConnection - http-outgoing-3: set socket timeout to 10800000
10:18:13.558 [Forwarding getElementAttribute on session 7779b2387c255d5a18c0813e4e2daf98 to remote] DEBUG org.apache.http.impl.execchain.MainClientExec - Executing request GET /session/7779b2387c255d5a18c0813e4e2daf98/element/0.9253431269277517-6/attribute/id HTTP/1.1
10:18:13.558 [Forwarding getElementAttribute on session 7779b2387c255d5a18c0813e4e2daf98 to remote] DEBUG org.apache.http.impl.execchain.MainClientExec - Target auth state: UNCHALLENGED
10:18:13.558 [Forwarding getElementAttribute on session 7779b2387c255d5a18c0813e4e2daf98 to remote] DEBUG org.apache.http.impl.execchain.MainClientExec - Proxy auth state: UNCHALLENGED
10:18:13.558 [Forwarding getElementAttribute on session 7779b2387c255d5a18c0813e4e2daf98 to remote] DEBUG org.apache.http.headers - http-outgoing-3 >> GET /session/7779b2387c255d5a18c0813e4e2daf98/element/0.9253431269277517-6/attribute/id HTTP/1.1
10:18:13.558 [Forwarding getElementAttribute on session 7779b2387c255d5a18c0813e4e2daf98 to remote] DEBUG org.apache.http.headers - http-outgoing-3 >> Cache-Control: no-cache
10:18:13.558 [Forwarding getElementAttribute on session 7779b2387c255d5a18c0813e4e2daf98 to remote] DEBUG org.apache.http.headers - http-outgoing-3 >> Host: localhost:14252
10:18:13.558 [Forwarding getElementAttribute on session 7779b2387c255d5a18c0813e4e2daf98 to remote] DEBUG org.apache.http.headers - http-outgoing-3 >> Connection: Keep-Alive
10:18:13.558 [Forwarding getElementAttribute on session 7779b2387c255d5a18c0813e4e2daf98 to remote] DEBUG org.apache.http.headers - http-outgoing-3 >> User-Agent: Apache-HttpClient/4.5.2 (Java/1.8.0_162)
10:18:13.558 [Forwarding getElementAttribute on session 7779b2387c255d5a18c0813e4e2daf98 to remote] DEBUG org.apache.http.headers - http-outgoing-3 >> Accept-Encoding: gzip,deflate
10:18:13.558 [Forwarding getElementAttribute on session 7779b2387c255d5a18c0813e4e2daf98 to remote] DEBUG org.apache.http.wire - http-outgoing-3 >> "GET /session/7779b2387c255d5a18c0813e4e2daf98/element/0.9253431269277517-6/attribute/id HTTP/1.1[\r][\n]"
10:18:13.558 [Forwarding getElementAttribute on session 7779b2387c255d5a18c0813e4e2daf98 to remote] DEBUG org.apache.http.wire - http-outgoing-3 >> "Cache-Control: no-cache[\r][\n]"
10:18:13.558 [Forwarding getElementAttribute on session 7779b2387c255d5a18c0813e4e2daf98 to remote] DEBUG org.apache.http.wire - http-outgoing-3 >> "Host: localhost:14252[\r][\n]"
10:18:13.558 [Forwarding getElementAttribute on session 7779b2387c255d5a18c0813e4e2daf98 to remote] DEBUG org.apache.http.wire - http-outgoing-3 >> "Connection: Keep-Alive[\r][\n]"
10:18:13.558 [Forwarding getElementAttribute on session 7779b2387c255d5a18c0813e4e2daf98 to remote] DEBUG org.apache.http.wire - http-outgoing-3 >> "User-Agent: Apache-HttpClient/4.5.2 (Java/1.8.0_162)[\r][\n]"
10:18:13.558 [Forwarding getElementAttribute on session 7779b2387c255d5a18c0813e4e2daf98 to remote] DEBUG org.apache.http.wire - http-outgoing-3 >> "Accept-Encoding: gzip,deflate[\r][\n]"
10:18:13.558 [Forwarding getElementAttribute on session 7779b2387c255d5a18c0813e4e2daf98 to remote] DEBUG org.apache.http.wire - http-outgoing-3 >> "[\r][\n]"
10:18:13.565 [Forwarding getElementAttribute on session 7779b2387c255d5a18c0813e4e2daf98 to remote] DEBUG org.apache.http.wire - http-outgoing-3 << "HTTP/1.1 200 OK[\r][\n]"
10:18:13.565 [Forwarding getElementAttribute on session 7779b2387c255d5a18c0813e4e2daf98 to remote] DEBUG org.apache.http.wire - http-outgoing-3 << "Content-Length:88[\r][\n]"
10:18:13.565 [Forwarding getElementAttribute on session 7779b2387c255d5a18c0813e4e2daf98 to remote] DEBUG org.apache.http.wire - http-outgoing-3 << "Content-Type:application/json; charset=utf-8[\r][\n]"
10:18:13.565 [Forwarding getElementAttribute on session 7779b2387c255d5a18c0813e4e2daf98 to remote] DEBUG org.apache.http.wire - http-outgoing-3 << "[\r][\n]"
10:18:13.565 [Forwarding getElementAttribute on session 7779b2387c255d5a18c0813e4e2daf98 to remote] DEBUG org.apache.http.wire - http-outgoing-3 << "{"sessionId":"7779b2387c255d5a18c0813e4e2daf98","status":0,"value":"WID037296031552721"}"
10:18:13.565 [Forwarding getElementAttribute on session 7779b2387c255d5a18c0813e4e2daf98 to remote] DEBUG org.apache.http.headers - http-outgoing-3 << HTTP/1.1 200 OK
10:18:13.565 [Forwarding getElementAttribute on session 7779b2387c255d5a18c0813e4e2daf98 to remote] DEBUG org.apache.http.headers - http-outgoing-3 << Content-Length:88
10:18:13.565 [Forwarding getElementAttribute on session 7779b2387c255d5a18c0813e4e2daf98 to remote] DEBUG org.apache.http.headers - http-outgoing-3 << Content-Type:application/json; charset=utf-8
10:18:13.565 [Forwarding getElementAttribute on session 7779b2387c255d5a18c0813e4e2daf98 to remote] DEBUG org.apache.http.impl.execchain.MainClientExec - Connection can be kept alive indefinitely
10:18:13.566 [Forwarding getElementAttribute on session 7779b2387c255d5a18c0813e4e2daf98 to remote] DEBUG org.apache.http.impl.conn.PoolingHttpClientConnectionManager - Connection [id: 3][route: {}->http://localhost:14252] can be kept alive indefinitely
10:18:13.566 [Forwarding getElementAttribute on session 7779b2387c255d5a18c0813e4e2daf98 to remote] DEBUG org.apache.http.impl.conn.PoolingHttpClientConnectionManager - Connection released: [id: 3][route: {}->http://localhost:14252][total kept alive: 1; route allocated: 1 of 2000; total allocated: 1 of 2000]
10:18:13.566 [Forwarding findElements on session 7779b2387c255d5a18c0813e4e2daf98 to remote] DEBUG org.apache.http.client.protocol.RequestAddCookies - CookieSpec selected: default
10:18:13.566 [Forwarding findElements on session 7779b2387c255d5a18c0813e4e2daf98 to remote] DEBUG org.apache.http.client.protocol.RequestAuthCache - Auth cache not set in the context
10:18:13.566 [Forwarding findElements on session 7779b2387c255d5a18c0813e4e2daf98 to remote] DEBUG org.apache.http.impl.conn.PoolingHttpClientConnectionManager - Connection request: [route: {}->http://localhost:14252][total kept alive: 1; route allocated: 1 of 2000; total allocated: 1 of 2000]
10:18:13.566 [Forwarding findElements on session 7779b2387c255d5a18c0813e4e2daf98 to remote] DEBUG org.apache.http.impl.conn.PoolingHttpClientConnectionManager - Connection leased: [id: 3][route: {}->http://localhost:14252][total kept alive: 0; route allocated: 1 of 2000; total allocated: 1 of 2000]
10:18:13.566 [Forwarding findElements on session 7779b2387c255d5a18c0813e4e2daf98 to remote] DEBUG org.apache.http.impl.execchain.MainClientExec - Stale connection check
10:18:13.573 [Forwarding findElements on session 7779b2387c255d5a18c0813e4e2daf98 to remote] DEBUG org.apache.http.wire - http-outgoing-3 << "[read] I/O error: Read timed out"
10:18:13.573 [Forwarding findElements on session 7779b2387c255d5a18c0813e4e2daf98 to remote] DEBUG org.apache.http.impl.conn.DefaultManagedHttpClientConnection - http-outgoing-3: set socket timeout to 10800000
10:18:13.573 [Forwarding findElements on session 7779b2387c255d5a18c0813e4e2daf98 to remote] DEBUG org.apache.http.impl.execchain.MainClientExec - Executing request POST /session/7779b2387c255d5a18c0813e4e2daf98/elements HTTP/1.1
10:18:13.573 [Forwarding findElements on session 7779b2387c255d5a18c0813e4e2daf98 to remote] DEBUG org.apache.http.impl.execchain.MainClientExec - Target auth state: UNCHALLENGED
10:18:13.573 [Forwarding findElements on session 7779b2387c255d5a18c0813e4e2daf98 to remote] DEBUG org.apache.http.impl.execchain.MainClientExec - Proxy auth state: UNCHALLENGED
10:18:13.573 [Forwarding findElements on session 7779b2387c255d5a18c0813e4e2daf98 to remote] DEBUG org.apache.http.headers - http-outgoing-3 >> POST /session/7779b2387c255d5a18c0813e4e2daf98/elements HTTP/1.1
10:18:13.573 [Forwarding findElements on session 7779b2387c255d5a18c0813e4e2daf98 to remote] DEBUG org.apache.http.headers - http-outgoing-3 >> Content-Type: application/json; charset=utf-8
10:18:13.573 [Forwarding findElements on session 7779b2387c255d5a18c0813e4e2daf98 to remote] DEBUG org.apache.http.headers - http-outgoing-3 >> Content-Length: 101
10:18:13.573 [Forwarding findElements on session 7779b2387c255d5a18c0813e4e2daf98 to remote] DEBUG org.apache.http.headers - http-outgoing-3 >> Host: localhost:14252
10:18:13.573 [Forwarding findElements on session 7779b2387c255d5a18c0813e4e2daf98 to remote] DEBUG org.apache.http.headers - http-outgoing-3 >> Connection: Keep-Alive
10:18:13.573 [Forwarding findElements on session 7779b2387c255d5a18c0813e4e2daf98 to remote] DEBUG org.apache.http.headers - http-outgoing-3 >> User-Agent: Apache-HttpClient/4.5.2 (Java/1.8.0_162)
10:18:13.573 [Forwarding findElements on session 7779b2387c255d5a18c0813e4e2daf98 to remote] DEBUG org.apache.http.headers - http-outgoing-3 >> Accept-Encoding: gzip,deflate
10:18:13.573 [Forwarding findElements on session 7779b2387c255d5a18c0813e4e2daf98 to remote] DEBUG org.apache.http.wire - http-outgoing-3 >> "POST /session/7779b2387c255d5a18c0813e4e2daf98/elements HTTP/1.1[\r][\n]"
10:18:13.573 [Forwarding findElements on session 7779b2387c255d5a18c0813e4e2daf98 to remote] DEBUG org.apache.http.wire - http-outgoing-3 >> "Content-Type: application/json; charset=utf-8[\r][\n]"
10:18:13.573 [Forwarding findElements on session 7779b2387c255d5a18c0813e4e2daf98 to remote] DEBUG org.apache.http.wire - http-outgoing-3 >> "Content-Length: 101[\r][\n]"
10:18:13.573 [Forwarding findElements on session 7779b2387c255d5a18c0813e4e2daf98 to remote] DEBUG org.apache.http.wire - http-outgoing-3 >> "Host: localhost:14252[\r][\n]"
10:18:13.573 [Forwarding findElements on session 7779b2387c255d5a18c0813e4e2daf98 to remote] DEBUG org.apache.http.wire - http-outgoing-3 >> "Connection: Keep-Alive[\r][\n]"
10:18:13.573 [Forwarding findElements on session 7779b2387c255d5a18c0813e4e2daf98 to remote] DEBUG org.apache.http.wire - http-outgoing-3 >> "User-Agent: Apache-HttpClient/4.5.2 (Java/1.8.0_162)[\r][\n]"
10:18:13.573 [Forwarding findElements on session 7779b2387c255d5a18c0813e4e2daf98 to remote] DEBUG org.apache.http.wire - http-outgoing-3 >> "Accept-Encoding: gzip,deflate[\r][\n]"
10:18:13.573 [Forwarding findElements on session 7779b2387c255d5a18c0813e4e2daf98 to remote] DEBUG org.apache.http.wire - http-outgoing-3 >> "[\r][\n]"
10:18:13.573 [Forwarding findElements on session 7779b2387c255d5a18c0813e4e2daf98 to remote] DEBUG org.apache.http.wire - http-outgoing-3 >> "{"using":"css selector","value":"frame[name='WID037296031552721'],iframe[name='WID037296031552721']"}"
10:18:13.581 [Forwarding findElements on session 7779b2387c255d5a18c0813e4e2daf98 to remote] DEBUG org.apache.http.wire - http-outgoing-3 << "HTTP/1.1 200 OK[\r][\n]"
10:18:13.581 [Forwarding findElements on session 7779b2387c255d5a18c0813e4e2daf98 to remote] DEBUG org.apache.http.wire - http-outgoing-3 << "Content-Length:70[\r][\n]"
10:18:13.581 [Forwarding findElements on session 7779b2387c255d5a18c0813e4e2daf98 to remote] DEBUG org.apache.http.wire - http-outgoing-3 << "Content-Type:application/json; charset=utf-8[\r][\n]"
10:18:13.581 [Forwarding findElements on session 7779b2387c255d5a18c0813e4e2daf98 to remote] DEBUG org.apache.http.wire - http-outgoing-3 << "[\r][\n]"
10:18:13.581 [Forwarding findElements on session 7779b2387c255d5a18c0813e4e2daf98 to remote] DEBUG org.apache.http.wire - http-outgoing-3 << "{"sessionId":"7779b2387c255d5a18c0813e4e2daf98","status":0,"value":[]}"
10:18:13.581 [Forwarding findElements on session 7779b2387c255d5a18c0813e4e2daf98 to remote] DEBUG org.apache.http.headers - http-outgoing-3 << HTTP/1.1 200 OK
10:18:13.581 [Forwarding findElements on session 7779b2387c255d5a18c0813e4e2daf98 to remote] DEBUG org.apache.http.headers - http-outgoing-3 << Content-Length:70
10:18:13.581 [Forwarding findElements on session 7779b2387c255d5a18c0813e4e2daf98 to remote] DEBUG org.apache.http.headers - http-outgoing-3 << Content-Type:application/json; charset=utf-8
10:18:13.581 [Forwarding findElements on session 7779b2387c255d5a18c0813e4e2daf98 to remote] DEBUG org.apache.http.impl.execchain.MainClientExec - Connection can be kept alive indefinitely
10:18:13.581 [Forwarding findElements on session 7779b2387c255d5a18c0813e4e2daf98 to remote] DEBUG org.apache.http.impl.conn.PoolingHttpClientConnectionManager - Connection [id: 3][route: {}->http://localhost:14252] can be kept alive indefinitely
10:18:13.581 [Forwarding findElements on session 7779b2387c255d5a18c0813e4e2daf98 to remote] DEBUG org.apache.http.impl.conn.PoolingHttpClientConnectionManager - Connection released: [id: 3][route: {}->http://localhost:14252][total kept alive: 1; route allocated: 1 of 2000; total allocated: 1 of 2000]
10:18:13.581 [Forwarding findElements on session 7779b2387c255d5a18c0813e4e2daf98 to remote] DEBUG org.apache.http.client.protocol.RequestAddCookies - CookieSpec selected: default
10:18:13.581 [Forwarding findElements on session 7779b2387c255d5a18c0813e4e2daf98 to remote] DEBUG org.apache.http.client.protocol.RequestAuthCache - Auth cache not set in the context
10:18:13.581 [Forwarding findElements on session 7779b2387c255d5a18c0813e4e2daf98 to remote] DEBUG org.apache.http.impl.conn.PoolingHttpClientConnectionManager - Connection request: [route: {}->http://localhost:14252][total kept alive: 1; route allocated: 1 of 2000; total allocated: 1 of 2000]
10:18:13.581 [Forwarding findElements on session 7779b2387c255d5a18c0813e4e2daf98 to remote] DEBUG org.apache.http.impl.conn.PoolingHttpClientConnectionManager - Connection leased: [id: 3][route: {}->http://localhost:14252][total kept alive: 0; route allocated: 1 of 2000; total allocated: 1 of 2000]
10:18:13.581 [Forwarding findElements on session 7779b2387c255d5a18c0813e4e2daf98 to remote] DEBUG org.apache.http.impl.execchain.MainClientExec - Stale connection check
10:18:13.588 [Forwarding findElements on session 7779b2387c255d5a18c0813e4e2daf98 to remote] DEBUG org.apache.http.wire - http-outgoing-3 << "[read] I/O error: Read timed out"
10:18:13.588 [Forwarding findElements on session 7779b2387c255d5a18c0813e4e2daf98 to remote] DEBUG org.apache.http.impl.conn.DefaultManagedHttpClientConnection - http-outgoing-3: set socket timeout to 10800000
10:18:13.588 [Forwarding findElements on session 7779b2387c255d5a18c0813e4e2daf98 to remote] DEBUG org.apache.http.impl.execchain.MainClientExec - Executing request POST /session/7779b2387c255d5a18c0813e4e2daf98/elements HTTP/1.1
10:18:13.588 [Forwarding findElements on session 7779b2387c255d5a18c0813e4e2daf98 to remote] DEBUG org.apache.http.impl.execchain.MainClientExec - Target auth state: UNCHALLENGED
10:18:13.588 [Forwarding findElements on session 7779b2387c255d5a18c0813e4e2daf98 to remote] DEBUG org.apache.http.impl.execchain.MainClientExec - Proxy auth state: UNCHALLENGED
10:18:13.588 [Forwarding findElements on session 7779b2387c255d5a18c0813e4e2daf98 to remote] DEBUG org.apache.http.headers - http-outgoing-3 >> POST /session/7779b2387c255d5a18c0813e4e2daf98/elements HTTP/1.1
10:18:13.588 [Forwarding findElements on session 7779b2387c255d5a18c0813e4e2daf98 to remote] DEBUG org.apache.http.headers - http-outgoing-3 >> Content-Type: application/json; charset=utf-8
10:18:13.588 [Forwarding findElements on session 7779b2387c255d5a18c0813e4e2daf98 to remote] DEBUG org.apache.http.headers - http-outgoing-3 >> Content-Length: 85
10:18:13.588 [Forwarding findElements on session 7779b2387c255d5a18c0813e4e2daf98 to remote] DEBUG org.apache.http.headers - http-outgoing-3 >> Host: localhost:14252
10:18:13.588 [Forwarding findElements on session 7779b2387c255d5a18c0813e4e2daf98 to remote] DEBUG org.apache.http.headers - http-outgoing-3 >> Connection: Keep-Alive
10:18:13.588 [Forwarding findElements on session 7779b2387c255d5a18c0813e4e2daf98 to remote] DEBUG org.apache.http.headers - http-outgoing-3 >> User-Agent: Apache-HttpClient/4.5.2 (Java/1.8.0_162)
10:18:13.588 [Forwarding findElements on session 7779b2387c255d5a18c0813e4e2daf98 to remote] DEBUG org.apache.http.headers - http-outgoing-3 >> Accept-Encoding: gzip,deflate
10:18:13.588 [Forwarding findElements on session 7779b2387c255d5a18c0813e4e2daf98 to remote] DEBUG org.apache.http.wire - http-outgoing-3 >> "POST /session/7779b2387c255d5a18c0813e4e2daf98/elements HTTP/1.1[\r][\n]"
10:18:13.588 [Forwarding findElements on session 7779b2387c255d5a18c0813e4e2daf98 to remote] DEBUG org.apache.http.wire - http-outgoing-3 >> "Content-Type: application/json; charset=utf-8[\r][\n]"
10:18:13.588 [Forwarding findElements on session 7779b2387c255d5a18c0813e4e2daf98 to remote] DEBUG org.apache.http.wire - http-outgoing-3 >> "Content-Length: 85[\r][\n]"
10:18:13.588 [Forwarding findElements on session 7779b2387c255d5a18c0813e4e2daf98 to remote] DEBUG org.apache.http.wire - http-outgoing-3 >> "Host: localhost:14252[\r][\n]"
10:18:13.588 [Forwarding findElements on session 7779b2387c255d5a18c0813e4e2daf98 to remote] DEBUG org.apache.http.wire - http-outgoing-3 >> "Connection: Keep-Alive[\r][\n]"
10:18:13.588 [Forwarding findElements on session 7779b2387c255d5a18c0813e4e2daf98 to remote] DEBUG org.apache.http.wire - http-outgoing-3 >> "User-Agent: Apache-HttpClient/4.5.2 (Java/1.8.0_162)[\r][\n]"
10:18:13.588 [Forwarding findElements on session 7779b2387c255d5a18c0813e4e2daf98 to remote] DEBUG org.apache.http.wire - http-outgoing-3 >> "Accept-Encoding: gzip,deflate[\r][\n]"
10:18:13.588 [Forwarding findElements on session 7779b2387c255d5a18c0813e4e2daf98 to remote] DEBUG org.apache.http.wire - http-outgoing-3 >> "[\r][\n]"
10:18:13.588 [Forwarding findElements on session 7779b2387c255d5a18c0813e4e2daf98 to remote] DEBUG org.apache.http.wire - http-outgoing-3 >> "{"using":"css selector","value":"frame#WID037296031552721,iframe#WID037296031552721"}"
10:18:13.597 [Forwarding findElements on session 7779b2387c255d5a18c0813e4e2daf98 to remote] DEBUG org.apache.http.wire - http-outgoing-3 << "HTTP/1.1 200 OK[\r][\n]"
10:18:13.597 [Forwarding findElements on session 7779b2387c255d5a18c0813e4e2daf98 to remote] DEBUG org.apache.http.wire - http-outgoing-3 << "Content-Length:104[\r][\n]"
10:18:13.597 [Forwarding findElements on session 7779b2387c255d5a18c0813e4e2daf98 to remote] DEBUG org.apache.http.wire - http-outgoing-3 << "Content-Type:application/json; charset=utf-8[\r][\n]"
10:18:13.597 [Forwarding findElements on session 7779b2387c255d5a18c0813e4e2daf98 to remote] DEBUG org.apache.http.wire - http-outgoing-3 << "[\r][\n]"
10:18:13.597 [Forwarding findElements on session 7779b2387c255d5a18c0813e4e2daf98 to remote] DEBUG org.apache.http.wire - http-outgoing-3 << "{"sessionId":"7779b2387c255d5a18c0813e4e2daf98","status":0,"value":[{"ELEMENT":"0.9253431269277517-6"}]}"
10:18:13.597 [Forwarding findElements on session 7779b2387c255d5a18c0813e4e2daf98 to remote] DEBUG org.apache.http.headers - http-outgoing-3 << HTTP/1.1 200 OK
10:18:13.597 [Forwarding findElements on session 7779b2387c255d5a18c0813e4e2daf98 to remote] DEBUG org.apache.http.headers - http-outgoing-3 << Content-Length:104
10:18:13.597 [Forwarding findElements on session 7779b2387c255d5a18c0813e4e2daf98 to remote] DEBUG org.apache.http.headers - http-outgoing-3 << Content-Type:application/json; charset=utf-8
10:18:13.597 [Forwarding findElements on session 7779b2387c255d5a18c0813e4e2daf98 to remote] DEBUG org.apache.http.impl.execchain.MainClientExec - Connection can be kept alive indefinitely
10:18:13.597 [Forwarding findElements on session 7779b2387c255d5a18c0813e4e2daf98 to remote] DEBUG org.apache.http.impl.conn.PoolingHttpClientConnectionManager - Connection [id: 3][route: {}->http://localhost:14252] can be kept alive indefinitely
10:18:13.597 [Forwarding findElements on session 7779b2387c255d5a18c0813e4e2daf98 to remote] DEBUG org.apache.http.impl.conn.PoolingHttpClientConnectionManager - Connection released: [id: 3][route: {}->http://localhost:14252][total kept alive: 1; route allocated: 1 of 2000; total allocated: 1 of 2000]
10:18:13.597 [Forwarding switchToFrame on session 7779b2387c255d5a18c0813e4e2daf98 to remote] DEBUG org.apache.http.client.protocol.RequestAddCookies - CookieSpec selected: default
10:18:13.597 [Forwarding switchToFrame on session 7779b2387c255d5a18c0813e4e2daf98 to remote] DEBUG org.apache.http.client.protocol.RequestAuthCache - Auth cache not set in the context
10:18:13.597 [Forwarding switchToFrame on session 7779b2387c255d5a18c0813e4e2daf98 to remote] DEBUG org.apache.http.impl.conn.PoolingHttpClientConnectionManager - Connection request: [route: {}->http://localhost:14252][total kept alive: 1; route allocated: 1 of 2000; total allocated: 1 of 2000]
10:18:13.597 [Forwarding switchToFrame on session 7779b2387c255d5a18c0813e4e2daf98 to remote] DEBUG org.apache.http.impl.conn.PoolingHttpClientConnectionManager - Connection leased: [id: 3][route: {}->http://localhost:14252][total kept alive: 0; route allocated: 1 of 2000; total allocated: 1 of 2000]
10:18:13.597 [Forwarding switchToFrame on session 7779b2387c255d5a18c0813e4e2daf98 to remote] DEBUG org.apache.http.impl.execchain.MainClientExec - Stale connection check
10:18:13.604 [Forwarding switchToFrame on session 7779b2387c255d5a18c0813e4e2daf98 to remote] DEBUG org.apache.http.wire - http-outgoing-3 << "[read] I/O error: Read timed out"
10:18:13.604 [Forwarding switchToFrame on session 7779b2387c255d5a18c0813e4e2daf98 to remote] DEBUG org.apache.http.impl.conn.DefaultManagedHttpClientConnection - http-outgoing-3: set socket timeout to 10800000
10:18:13.604 [Forwarding switchToFrame on session 7779b2387c255d5a18c0813e4e2daf98 to remote] DEBUG org.apache.http.impl.execchain.MainClientExec - Executing request POST /session/7779b2387c255d5a18c0813e4e2daf98/frame HTTP/1.1
10:18:13.604 [Forwarding switchToFrame on session 7779b2387c255d5a18c0813e4e2daf98 to remote] DEBUG org.apache.http.impl.execchain.MainClientExec - Target auth state: UNCHALLENGED
10:18:13.604 [Forwarding switchToFrame on session 7779b2387c255d5a18c0813e4e2daf98 to remote] DEBUG org.apache.http.impl.execchain.MainClientExec - Proxy auth state: UNCHALLENGED
10:18:13.604 [Forwarding switchToFrame on session 7779b2387c255d5a18c0813e4e2daf98 to remote] DEBUG org.apache.http.headers - http-outgoing-3 >> POST /session/7779b2387c255d5a18c0813e4e2daf98/frame HTTP/1.1
10:18:13.604 [Forwarding switchToFrame on session 7779b2387c255d5a18c0813e4e2daf98 to remote] DEBUG org.apache.http.headers - http-outgoing-3 >> Content-Type: application/json; charset=utf-8
10:18:13.604 [Forwarding switchToFrame on session 7779b2387c255d5a18c0813e4e2daf98 to remote] DEBUG org.apache.http.headers - http-outgoing-3 >> Content-Length: 102
10:18:13.604 [Forwarding switchToFrame on session 7779b2387c255d5a18c0813e4e2daf98 to remote] DEBUG org.apache.http.headers - http-outgoing-3 >> Host: localhost:14252
10:18:13.604 [Forwarding switchToFrame on session 7779b2387c255d5a18c0813e4e2daf98 to remote] DEBUG org.apache.http.headers - http-outgoing-3 >> Connection: Keep-Alive
10:18:13.604 [Forwarding switchToFrame on session 7779b2387c255d5a18c0813e4e2daf98 to remote] DEBUG org.apache.http.headers - http-outgoing-3 >> User-Agent: Apache-HttpClient/4.5.2 (Java/1.8.0_162)
10:18:13.604 [Forwarding switchToFrame on session 7779b2387c255d5a18c0813e4e2daf98 to remote] DEBUG org.apache.http.headers - http-outgoing-3 >> Accept-Encoding: gzip,deflate
10:18:13.604 [Forwarding switchToFrame on session 7779b2387c255d5a18c0813e4e2daf98 to remote] DEBUG org.apache.http.wire - http-outgoing-3 >> "POST /session/7779b2387c255d5a18c0813e4e2daf98/frame HTTP/1.1[\r][\n]"
10:18:13.604 [Forwarding switchToFrame on session 7779b2387c255d5a18c0813e4e2daf98 to remote] DEBUG org.apache.http.wire - http-outgoing-3 >> "Content-Type: application/json; charset=utf-8[\r][\n]"
10:18:13.604 [Forwarding switchToFrame on session 7779b2387c255d5a18c0813e4e2daf98 to remote] DEBUG org.apache.http.wire - http-outgoing-3 >> "Content-Length: 102[\r][\n]"
10:18:13.604 [Forwarding switchToFrame on session 7779b2387c255d5a18c0813e4e2daf98 to remote] DEBUG org.apache.http.wire - http-outgoing-3 >> "Host: localhost:14252[\r][\n]"
10:18:13.604 [Forwarding switchToFrame on session 7779b2387c255d5a18c0813e4e2daf98 to remote] DEBUG org.apache.http.wire - http-outgoing-3 >> "Connection: Keep-Alive[\r][\n]"
10:18:13.604 [Forwarding switchToFrame on session 7779b2387c255d5a18c0813e4e2daf98 to remote] DEBUG org.apache.http.wire - http-outgoing-3 >> "User-Agent: Apache-HttpClient/4.5.2 (Java/1.8.0_162)[\r][\n]"
10:18:13.604 [Forwarding switchToFrame on session 7779b2387c255d5a18c0813e4e2daf98 to remote] DEBUG org.apache.http.wire - http-outgoing-3 >> "Accept-Encoding: gzip,deflate[\r][\n]"
10:18:13.604 [Forwarding switchToFrame on session 7779b2387c255d5a18c0813e4e2daf98 to remote] DEBUG org.apache.http.wire - http-outgoing-3 >> "[\r][\n]"
10:18:13.604 [Forwarding switchToFrame on session 7779b2387c255d5a18c0813e4e2daf98 to remote] DEBUG org.apache.http.wire - http-outgoing-3 >> "{"id":{"ELEMENT":"0.9253431269277517-6","element-6066-11e4-a52e-4f735466cecf":"0.9253431269277517-6"}}"
10:18:13.618 [Forwarding switchToFrame on session 7779b2387c255d5a18c0813e4e2daf98 to remote] DEBUG org.apache.http.wire - http-outgoing-3 << "HTTP/1.1 200 OK[\r][\n]"
10:18:13.618 [Forwarding switchToFrame on session 7779b2387c255d5a18c0813e4e2daf98 to remote] DEBUG org.apache.http.wire - http-outgoing-3 << "Content-Length:72[\r][\n]"
10:18:13.618 [Forwarding switchToFrame on session 7779b2387c255d5a18c0813e4e2daf98 to remote] DEBUG org.apache.http.wire - http-outgoing-3 << "Content-Type:application/json; charset=utf-8[\r][\n]"
10:18:13.618 [Forwarding switchToFrame on session 7779b2387c255d5a18c0813e4e2daf98 to remote] DEBUG org.apache.http.wire - http-outgoing-3 << "[\r][\n]"
10:18:13.618 [Forwarding switchToFrame on session 7779b2387c255d5a18c0813e4e2daf98 to remote] DEBUG org.apache.http.wire - http-outgoing-3 << "{"sessionId":"7779b2387c255d5a18c0813e4e2daf98","status":0,"value":null}"
10:18:13.618 [Forwarding switchToFrame on session 7779b2387c255d5a18c0813e4e2daf98 to remote] DEBUG org.apache.http.headers - http-outgoing-3 << HTTP/1.1 200 OK
10:18:13.618 [Forwarding switchToFrame on session 7779b2387c255d5a18c0813e4e2daf98 to remote] DEBUG org.apache.http.headers - http-outgoing-3 << Content-Length:72
10:18:13.618 [Forwarding switchToFrame on session 7779b2387c255d5a18c0813e4e2daf98 to remote] DEBUG org.apache.http.headers - http-outgoing-3 << Content-Type:application/json; charset=utf-8
10:18:13.618 [Forwarding switchToFrame on session 7779b2387c255d5a18c0813e4e2daf98 to remote] DEBUG org.apache.http.impl.execchain.MainClientExec - Connection can be kept alive indefinitely
10:18:13.618 [Forwarding switchToFrame on session 7779b2387c255d5a18c0813e4e2daf98 to remote] DEBUG org.apache.http.impl.conn.PoolingHttpClientConnectionManager - Connection [id: 3][route: {}->http://localhost:14252] can be kept alive indefinitely
10:18:13.618 [Forwarding switchToFrame on session 7779b2387c255d5a18c0813e4e2daf98 to remote] DEBUG org.apache.http.impl.conn.PoolingHttpClientConnectionManager - Connection released: [id: 3][route: {}->http://localhost:14252][total kept alive: 1; route allocated: 1 of 2000; total allocated: 1 of 2000]
10:18:15.633 [Forwarding findElement on session 7779b2387c255d5a18c0813e4e2daf98 to remote] DEBUG org.apache.http.client.protocol.RequestAddCookies - CookieSpec selected: default
10:18:15.633 [Forwarding findElement on session 7779b2387c255d5a18c0813e4e2daf98 to remote] DEBUG org.apache.http.client.protocol.RequestAuthCache - Auth cache not set in the context
10:18:15.633 [Forwarding findElement on session 7779b2387c255d5a18c0813e4e2daf98 to remote] DEBUG org.apache.http.impl.conn.PoolingHttpClientConnectionManager - Connection request: [route: {}->http://localhost:14252][total kept alive: 1; route allocated: 1 of 2000; total allocated: 1 of 2000]
10:18:15.648 [Forwarding findElement on session 7779b2387c255d5a18c0813e4e2daf98 to remote] DEBUG org.apache.http.wire - http-outgoing-3 << "[read] I/O error: Read timed out"
10:18:15.648 [Forwarding findElement on session 7779b2387c255d5a18c0813e4e2daf98 to remote] DEBUG org.apache.http.impl.conn.PoolingHttpClientConnectionManager - Connection leased: [id: 3][route: {}->http://localhost:14252][total kept alive: 0; route allocated: 1 of 2000; total allocated: 1 of 2000]
10:18:15.648 [Forwarding findElement on session 7779b2387c255d5a18c0813e4e2daf98 to remote] DEBUG org.apache.http.impl.execchain.MainClientExec - Stale connection check
10:18:15.664 [Forwarding findElement on session 7779b2387c255d5a18c0813e4e2daf98 to remote] DEBUG org.apache.http.wire - http-outgoing-3 << "[read] I/O error: Read timed out"
10:18:15.664 [Forwarding findElement on session 7779b2387c255d5a18c0813e4e2daf98 to remote] DEBUG org.apache.http.impl.conn.DefaultManagedHttpClientConnection - http-outgoing-3: set socket timeout to 10800000
10:18:15.664 [Forwarding findElement on session 7779b2387c255d5a18c0813e4e2daf98 to remote] DEBUG org.apache.http.impl.execchain.MainClientExec - Executing request POST /session/7779b2387c255d5a18c0813e4e2daf98/element HTTP/1.1
10:18:15.664 [Forwarding findElement on session 7779b2387c255d5a18c0813e4e2daf98 to remote] DEBUG org.apache.http.impl.execchain.MainClientExec - Target auth state: UNCHALLENGED
10:18:15.664 [Forwarding findElement on session 7779b2387c255d5a18c0813e4e2daf98 to remote] DEBUG org.apache.http.impl.execchain.MainClientExec - Proxy auth state: UNCHALLENGED
10:18:15.664 [Forwarding findElement on session 7779b2387c255d5a18c0813e4e2daf98 to remote] DEBUG org.apache.http.headers - http-outgoing-3 >> POST /session/7779b2387c255d5a18c0813e4e2daf98/element HTTP/1.1
10:18:15.664 [Forwarding findElement on session 7779b2387c255d5a18c0813e4e2daf98 to remote] DEBUG org.apache.http.headers - http-outgoing-3 >> Content-Type: application/json; charset=utf-8
10:18:15.664 [Forwarding findElement on session 7779b2387c255d5a18c0813e4e2daf98 to remote] DEBUG org.apache.http.headers - http-outgoing-3 >> Content-Length: 46
10:18:15.664 [Forwarding findElement on session 7779b2387c255d5a18c0813e4e2daf98 to remote] DEBUG org.apache.http.headers - http-outgoing-3 >> Host: localhost:14252
10:18:15.664 [Forwarding findElement on session 7779b2387c255d5a18c0813e4e2daf98 to remote] DEBUG org.apache.http.headers - http-outgoing-3 >> Connection: Keep-Alive
10:18:15.664 [Forwarding findElement on session 7779b2387c255d5a18c0813e4e2daf98 to remote] DEBUG org.apache.http.headers - http-outgoing-3 >> User-Agent: Apache-HttpClient/4.5.2 (Java/1.8.0_162)
10:18:15.664 [Forwarding findElement on session 7779b2387c255d5a18c0813e4e2daf98 to remote] DEBUG org.apache.http.headers - http-outgoing-3 >> Accept-Encoding: gzip,deflate
10:18:15.664 [Forwarding findElement on session 7779b2387c255d5a18c0813e4e2daf98 to remote] DEBUG org.apache.http.wire - http-outgoing-3 >> "POST /session/7779b2387c255d5a18c0813e4e2daf98/element HTTP/1.1[\r][\n]"
10:18:15.664 [Forwarding findElement on session 7779b2387c255d5a18c0813e4e2daf98 to remote] DEBUG org.apache.http.wire - http-outgoing-3 >> "Content-Type: application/json; charset=utf-8[\r][\n]"
10:18:15.665 [Forwarding findElement on session 7779b2387c255d5a18c0813e4e2daf98 to remote] DEBUG org.apache.http.wire - http-outgoing-3 >> "Content-Length: 46[\r][\n]"
10:18:15.665 [Forwarding findElement on session 7779b2387c255d5a18c0813e4e2daf98 to remote] DEBUG org.apache.http.wire - http-outgoing-3 >> "Host: localhost:14252[\r][\n]"
10:18:15.665 [Forwarding findElement on session 7779b2387c255d5a18c0813e4e2daf98 to remote] DEBUG org.apache.http.wire - http-outgoing-3 >> "Connection: Keep-Alive[\r][\n]"
10:18:15.665 [Forwarding findElement on session 7779b2387c255d5a18c0813e4e2daf98 to remote] DEBUG org.apache.http.wire - http-outgoing-3 >> "User-Agent: Apache-HttpClient/4.5.2 (Java/1.8.0_162)[\r][\n]"
10:18:15.665 [Forwarding findElement on session 7779b2387c255d5a18c0813e4e2daf98 to remote] DEBUG org.apache.http.wire - http-outgoing-3 >> "Accept-Encoding: gzip,deflate[\r][\n]"
10:18:15.665 [Forwarding findElement on session 7779b2387c255d5a18c0813e4e2daf98 to remote] DEBUG org.apache.http.wire - http-outgoing-3 >> "[\r][\n]"
10:18:15.665 [Forwarding findElement on session 7779b2387c255d5a18c0813e4e2daf98 to remote] DEBUG org.apache.http.wire - http-outgoing-3 >> "{"using":"class name","value":"ivu-btn-error"}"
10:18:15.685 [Forwarding findElement on session 7779b2387c255d5a18c0813e4e2daf98 to remote] DEBUG org.apache.http.wire - http-outgoing-3 << "HTTP/1.1 200 OK[\r][\n]"
10:18:15.685 [Forwarding findElement on session 7779b2387c255d5a18c0813e4e2daf98 to remote] DEBUG org.apache.http.wire - http-outgoing-3 << "Content-Length:102[\r][\n]"
10:18:15.685 [Forwarding findElement on session 7779b2387c255d5a18c0813e4e2daf98 to remote] DEBUG org.apache.http.wire - http-outgoing-3 << "Content-Type:application/json; charset=utf-8[\r][\n]"
10:18:15.685 [Forwarding findElement on session 7779b2387c255d5a18c0813e4e2daf98 to remote] DEBUG org.apache.http.wire - http-outgoing-3 << "[\r][\n]"
10:18:15.685 [Forwarding findElement on session 7779b2387c255d5a18c0813e4e2daf98 to remote] DEBUG org.apache.http.wire - http-outgoing-3 << "{"sessionId":"7779b2387c255d5a18c0813e4e2daf98","status":0,"value":{"ELEMENT":"0.7406791072713967-1"}}"
10:18:15.685 [Forwarding findElement on session 7779b2387c255d5a18c0813e4e2daf98 to remote] DEBUG org.apache.http.headers - http-outgoing-3 << HTTP/1.1 200 OK
10:18:15.685 [Forwarding findElement on session 7779b2387c255d5a18c0813e4e2daf98 to remote] DEBUG org.apache.http.headers - http-outgoing-3 << Content-Length:102
10:18:15.685 [Forwarding findElement on session 7779b2387c255d5a18c0813e4e2daf98 to remote] DEBUG org.apache.http.headers - http-outgoing-3 << Content-Type:application/json; charset=utf-8
10:18:15.685 [Forwarding findElement on session 7779b2387c255d5a18c0813e4e2daf98 to remote] DEBUG org.apache.http.impl.execchain.MainClientExec - Connection can be kept alive indefinitely
10:18:15.686 [Forwarding findElement on session 7779b2387c255d5a18c0813e4e2daf98 to remote] DEBUG org.apache.http.impl.conn.PoolingHttpClientConnectionManager - Connection [id: 3][route: {}->http://localhost:14252] can be kept alive indefinitely
10:18:15.686 [Forwarding findElement on session 7779b2387c255d5a18c0813e4e2daf98 to remote] DEBUG org.apache.http.impl.conn.PoolingHttpClientConnectionManager - Connection released: [id: 3][route: {}->http://localhost:14252][total kept alive: 1; route allocated: 1 of 2000; total allocated: 1 of 2000]
10:18:15.686 [Forwarding clickElement on session 7779b2387c255d5a18c0813e4e2daf98 to remote] DEBUG org.apache.http.client.protocol.RequestAddCookies - CookieSpec selected: default
10:18:15.686 [Forwarding clickElement on session 7779b2387c255d5a18c0813e4e2daf98 to remote] DEBUG org.apache.http.client.protocol.RequestAuthCache - Auth cache not set in the context
10:18:15.687 [Forwarding clickElement on session 7779b2387c255d5a18c0813e4e2daf98 to remote] DEBUG org.apache.http.impl.conn.PoolingHttpClientConnectionManager - Connection request: [route: {}->http://localhost:14252][total kept alive: 1; route allocated: 1 of 2000; total allocated: 1 of 2000]
10:18:15.687 [Forwarding clickElement on session 7779b2387c255d5a18c0813e4e2daf98 to remote] DEBUG org.apache.http.impl.conn.PoolingHttpClientConnectionManager - Connection leased: [id: 3][route: {}->http://localhost:14252][total kept alive: 0; route allocated: 1 of 2000; total allocated: 1 of 2000]
10:18:15.687 [Forwarding clickElement on session 7779b2387c255d5a18c0813e4e2daf98 to remote] DEBUG org.apache.http.impl.execchain.MainClientExec - Stale connection check
10:18:15.696 [Forwarding clickElement on session 7779b2387c255d5a18c0813e4e2daf98 to remote] DEBUG org.apache.http.wire - http-outgoing-3 << "[read] I/O error: Read timed out"
10:18:15.696 [Forwarding clickElement on session 7779b2387c255d5a18c0813e4e2daf98 to remote] DEBUG org.apache.http.impl.conn.DefaultManagedHttpClientConnection - http-outgoing-3: set socket timeout to 10800000
10:18:15.696 [Forwarding clickElement on session 7779b2387c255d5a18c0813e4e2daf98 to remote] DEBUG org.apache.http.impl.execchain.MainClientExec - Executing request POST /session/7779b2387c255d5a18c0813e4e2daf98/element/0.7406791072713967-1/click HTTP/1.1
10:18:15.696 [Forwarding clickElement on session 7779b2387c255d5a18c0813e4e2daf98 to remote] DEBUG org.apache.http.impl.execchain.MainClientExec - Target auth state: UNCHALLENGED
10:18:15.696 [Forwarding clickElement on session 7779b2387c255d5a18c0813e4e2daf98 to remote] DEBUG org.apache.http.impl.execchain.MainClientExec - Proxy auth state: UNCHALLENGED
10:18:15.696 [Forwarding clickElement on session 7779b2387c255d5a18c0813e4e2daf98 to remote] DEBUG org.apache.http.headers - http-outgoing-3 >> POST /session/7779b2387c255d5a18c0813e4e2daf98/element/0.7406791072713967-1/click HTTP/1.1
10:18:15.696 [Forwarding clickElement on session 7779b2387c255d5a18c0813e4e2daf98 to remote] DEBUG org.apache.http.headers - http-outgoing-3 >> Content-Type: application/json; charset=utf-8
10:18:15.696 [Forwarding clickElement on session 7779b2387c255d5a18c0813e4e2daf98 to remote] DEBUG org.apache.http.headers - http-outgoing-3 >> Content-Length: 29
10:18:15.696 [Forwarding clickElement on session 7779b2387c255d5a18c0813e4e2daf98 to remote] DEBUG org.apache.http.headers - http-outgoing-3 >> Host: localhost:14252
10:18:15.696 [Forwarding clickElement on session 7779b2387c255d5a18c0813e4e2daf98 to remote] DEBUG org.apache.http.headers - http-outgoing-3 >> Connection: Keep-Alive
10:18:15.696 [Forwarding clickElement on session 7779b2387c255d5a18c0813e4e2daf98 to remote] DEBUG org.apache.http.headers - http-outgoing-3 >> User-Agent: Apache-HttpClient/4.5.2 (Java/1.8.0_162)
10:18:15.696 [Forwarding clickElement on session 7779b2387c255d5a18c0813e4e2daf98 to remote] DEBUG org.apache.http.headers - http-outgoing-3 >> Accept-Encoding: gzip,deflate
10:18:15.696 [Forwarding clickElement on session 7779b2387c255d5a18c0813e4e2daf98 to remote] DEBUG org.apache.http.wire - http-outgoing-3 >> "POST /session/7779b2387c255d5a18c0813e4e2daf98/element/0.7406791072713967-1/click HTTP/1.1[\r][\n]"
10:18:15.696 [Forwarding clickElement on session 7779b2387c255d5a18c0813e4e2daf98 to remote] DEBUG org.apache.http.wire - http-outgoing-3 >> "Content-Type: application/json; charset=utf-8[\r][\n]"
10:18:15.696 [Forwarding clickElement on session 7779b2387c255d5a18c0813e4e2daf98 to remote] DEBUG org.apache.http.wire - http-outgoing-3 >> "Content-Length: 29[\r][\n]"
10:18:15.696 [Forwarding clickElement on session 7779b2387c255d5a18c0813e4e2daf98 to remote] DEBUG org.apache.http.wire - http-outgoing-3 >> "Host: localhost:14252[\r][\n]"
10:18:15.696 [Forwarding clickElement on session 7779b2387c255d5a18c0813e4e2daf98 to remote] DEBUG org.apache.http.wire - http-outgoing-3 >> "Connection: Keep-Alive[\r][\n]"
10:18:15.696 [Forwarding clickElement on session 7779b2387c255d5a18c0813e4e2daf98 to remote] DEBUG org.apache.http.wire - http-outgoing-3 >> "User-Agent: Apache-HttpClient/4.5.2 (Java/1.8.0_162)[\r][\n]"
10:18:15.696 [Forwarding clickElement on session 7779b2387c255d5a18c0813e4e2daf98 to remote] DEBUG org.apache.http.wire - http-outgoing-3 >> "Accept-Encoding: gzip,deflate[\r][\n]"
10:18:15.696 [Forwarding clickElement on session 7779b2387c255d5a18c0813e4e2daf98 to remote] DEBUG org.apache.http.wire - http-outgoing-3 >> "[\r][\n]"
10:18:15.696 [Forwarding clickElement on session 7779b2387c255d5a18c0813e4e2daf98 to remote] DEBUG org.apache.http.wire - http-outgoing-3 >> "{"id":"0.7406791072713967-1"}"
10:18:15.750 [Forwarding clickElement on session 7779b2387c255d5a18c0813e4e2daf98 to remote] DEBUG org.apache.http.wire - http-outgoing-3 << "HTTP/1.1 200 OK[\r][\n]"
10:18:15.750 [Forwarding clickElement on session 7779b2387c255d5a18c0813e4e2daf98 to remote] DEBUG org.apache.http.wire - http-outgoing-3 << "Content-Length:72[\r][\n]"
10:18:15.750 [Forwarding clickElement on session 7779b2387c255d5a18c0813e4e2daf98 to remote] DEBUG org.apache.http.wire - http-outgoing-3 << "Content-Type:application/json; charset=utf-8[\r][\n]"
10:18:15.750 [Forwarding clickElement on session 7779b2387c255d5a18c0813e4e2daf98 to remote] DEBUG org.apache.http.wire - http-outgoing-3 << "[\r][\n]"
10:18:15.750 [Forwarding clickElement on session 7779b2387c255d5a18c0813e4e2daf98 to remote] DEBUG org.apache.http.wire - http-outgoing-3 << "{"sessionId":"7779b2387c255d5a18c0813e4e2daf98","status":0,"value":null}"
10:18:15.750 [Forwarding clickElement on session 7779b2387c255d5a18c0813e4e2daf98 to remote] DEBUG org.apache.http.headers - http-outgoing-3 << HTTP/1.1 200 OK
10:18:15.750 [Forwarding clickElement on session 7779b2387c255d5a18c0813e4e2daf98 to remote] DEBUG org.apache.http.headers - http-outgoing-3 << Content-Length:72
10:18:15.750 [Forwarding clickElement on session 7779b2387c255d5a18c0813e4e2daf98 to remote] DEBUG org.apache.http.headers - http-outgoing-3 << Content-Type:application/json; charset=utf-8
10:18:15.750 [Forwarding clickElement on session 7779b2387c255d5a18c0813e4e2daf98 to remote] DEBUG org.apache.http.impl.execchain.MainClientExec - Connection can be kept alive indefinitely
10:18:15.750 [Forwarding clickElement on session 7779b2387c255d5a18c0813e4e2daf98 to remote] DEBUG org.apache.http.impl.conn.PoolingHttpClientConnectionManager - Connection [id: 3][route: {}->http://localhost:14252] can be kept alive indefinitely
10:18:15.750 [Forwarding clickElement on session 7779b2387c255d5a18c0813e4e2daf98 to remote] DEBUG org.apache.http.impl.conn.PoolingHttpClientConnectionManager - Connection released: [id: 3][route: {}->http://localhost:14252][total kept alive: 1; route allocated: 1 of 2000; total allocated: 1 of 2000]
10:18:16.760 [Forwarding findElement on session 7779b2387c255d5a18c0813e4e2daf98 to remote] DEBUG org.apache.http.client.protocol.RequestAddCookies - CookieSpec selected: default
10:18:16.760 [Forwarding findElement on session 7779b2387c255d5a18c0813e4e2daf98 to remote] DEBUG org.apache.http.client.protocol.RequestAuthCache - Auth cache not set in the context
10:18:16.760 [Forwarding findElement on session 7779b2387c255d5a18c0813e4e2daf98 to remote] DEBUG org.apache.http.impl.conn.PoolingHttpClientConnectionManager - Connection request: [route: {}->http://localhost:14252][total kept alive: 1; route allocated: 1 of 2000; total allocated: 1 of 2000]
10:18:16.761 [Forwarding findElement on session 7779b2387c255d5a18c0813e4e2daf98 to remote] DEBUG org.apache.http.impl.conn.PoolingHttpClientConnectionManager - Connection leased: [id: 3][route: {}->http://localhost:14252][total kept alive: 0; route allocated: 1 of 2000; total allocated: 1 of 2000]
10:18:16.761 [Forwarding findElement on session 7779b2387c255d5a18c0813e4e2daf98 to remote] DEBUG org.apache.http.impl.execchain.MainClientExec - Stale connection check
10:18:16.775 [Forwarding findElement on session 7779b2387c255d5a18c0813e4e2daf98 to remote] DEBUG org.apache.http.wire - http-outgoing-3 << "[read] I/O error: Read timed out"
10:18:16.775 [Forwarding findElement on session 7779b2387c255d5a18c0813e4e2daf98 to remote] DEBUG org.apache.http.impl.conn.DefaultManagedHttpClientConnection - http-outgoing-3: set socket timeout to 10800000
10:18:16.775 [Forwarding findElement on session 7779b2387c255d5a18c0813e4e2daf98 to remote] DEBUG org.apache.http.impl.execchain.MainClientExec - Executing request POST /session/7779b2387c255d5a18c0813e4e2daf98/element HTTP/1.1
10:18:16.775 [Forwarding findElement on session 7779b2387c255d5a18c0813e4e2daf98 to remote] DEBUG org.apache.http.impl.execchain.MainClientExec - Target auth state: UNCHALLENGED
10:18:16.775 [Forwarding findElement on session 7779b2387c255d5a18c0813e4e2daf98 to remote] DEBUG org.apache.http.impl.execchain.MainClientExec - Proxy auth state: UNCHALLENGED
10:18:16.775 [Forwarding findElement on session 7779b2387c255d5a18c0813e4e2daf98 to remote] DEBUG org.apache.http.headers - http-outgoing-3 >> POST /session/7779b2387c255d5a18c0813e4e2daf98/element HTTP/1.1
10:18:16.775 [Forwarding findElement on session 7779b2387c255d5a18c0813e4e2daf98 to remote] DEBUG org.apache.http.headers - http-outgoing-3 >> Content-Type: application/json; charset=utf-8
10:18:16.775 [Forwarding findElement on session 7779b2387c255d5a18c0813e4e2daf98 to remote] DEBUG org.apache.http.headers - http-outgoing-3 >> Content-Length: 59
10:18:16.775 [Forwarding findElement on session 7779b2387c255d5a18c0813e4e2daf98 to remote] DEBUG org.apache.http.headers - http-outgoing-3 >> Host: localhost:14252
10:18:16.775 [Forwarding findElement on session 7779b2387c255d5a18c0813e4e2daf98 to remote] DEBUG org.apache.http.headers - http-outgoing-3 >> Connection: Keep-Alive
10:18:16.775 [Forwarding findElement on session 7779b2387c255d5a18c0813e4e2daf98 to remote] DEBUG org.apache.http.headers - http-outgoing-3 >> User-Agent: Apache-HttpClient/4.5.2 (Java/1.8.0_162)
10:18:16.775 [Forwarding findElement on session 7779b2387c255d5a18c0813e4e2daf98 to remote] DEBUG org.apache.http.headers - http-outgoing-3 >> Accept-Encoding: gzip,deflate
10:18:16.775 [Forwarding findElement on session 7779b2387c255d5a18c0813e4e2daf98 to remote] DEBUG org.apache.http.wire - http-outgoing-3 >> "POST /session/7779b2387c255d5a18c0813e4e2daf98/element HTTP/1.1[\r][\n]"
10:18:16.775 [Forwarding findElement on session 7779b2387c255d5a18c0813e4e2daf98 to remote] DEBUG org.apache.http.wire - http-outgoing-3 >> "Content-Type: application/json; charset=utf-8[\r][\n]"
10:18:16.775 [Forwarding findElement on session 7779b2387c255d5a18c0813e4e2daf98 to remote] DEBUG org.apache.http.wire - http-outgoing-3 >> "Content-Length: 59[\r][\n]"
10:18:16.775 [Forwarding findElement on session 7779b2387c255d5a18c0813e4e2daf98 to remote] DEBUG org.apache.http.wire - http-outgoing-3 >> "Host: localhost:14252[\r][\n]"
10:18:16.775 [Forwarding findElement on session 7779b2387c255d5a18c0813e4e2daf98 to remote] DEBUG org.apache.http.wire - http-outgoing-3 >> "Connection: Keep-Alive[\r][\n]"
10:18:16.775 [Forwarding findElement on session 7779b2387c255d5a18c0813e4e2daf98 to remote] DEBUG org.apache.http.wire - http-outgoing-3 >> "User-Agent: Apache-HttpClient/4.5.2 (Java/1.8.0_162)[\r][\n]"
10:18:16.775 [Forwarding findElement on session 7779b2387c255d5a18c0813e4e2daf98 to remote] DEBUG org.apache.http.wire - http-outgoing-3 >> "Accept-Encoding: gzip,deflate[\r][\n]"
10:18:16.775 [Forwarding findElement on session 7779b2387c255d5a18c0813e4e2daf98 to remote] DEBUG org.apache.http.wire - http-outgoing-3 >> "[\r][\n]"
10:18:16.775 [Forwarding findElement on session 7779b2387c255d5a18c0813e4e2daf98 to remote] DEBUG org.apache.http.wire - http-outgoing-3 >> "{"using":"xpath","value":"//span[text()=\"[0xe5][0xae][0xa1][0xe6][0xa0][0xb8][0xe9][0x80][0x9a][0xe8][0xbf][0x87]\"]"}"
10:18:16.784 [Forwarding findElement on session 7779b2387c255d5a18c0813e4e2daf98 to remote] DEBUG org.apache.http.wire - http-outgoing-3 << "HTTP/1.1 200 OK[\r][\n]"
10:18:16.784 [Forwarding findElement on session 7779b2387c255d5a18c0813e4e2daf98 to remote] DEBUG org.apache.http.wire - http-outgoing-3 << "Content-Length:390[\r][\n]"
10:18:16.784 [Forwarding findElement on session 7779b2387c255d5a18c0813e4e2daf98 to remote] DEBUG org.apache.http.wire - http-outgoing-3 << "Content-Type:application/json; charset=utf-8[\r][\n]"
10:18:16.784 [Forwarding findElement on session 7779b2387c255d5a18c0813e4e2daf98 to remote] DEBUG org.apache.http.wire - http-outgoing-3 << "[\r][\n]"
10:18:16.784 [Forwarding findElement on session 7779b2387c255d5a18c0813e4e2daf98 to remote] DEBUG org.apache.http.wire - http-outgoing-3 << "{"sessionId":"7779b2387c255d5a18c0813e4e2daf98","status":7,"value":{"message":"no such element: Unable to locate element: {\"method\":\"xpath\",\"selector\":\"//span[text()=\"[0xe5][0xae][0xa1][0xe6][0xa0][0xb8][0xe9][0x80][0x9a][0xe8][0xbf][0x87]\"]\"}\n  (Session info: chrome=98.0.4758.82)\n  (Driver info: chromedriver=98.0.4758.80 (7f0488e8ba0d8e019187c6325a16c29d9b7f4989-refs/branch-heads/4758@{#972}),platform=Windows NT 10.0.19043 x86_64)"}}"
10:18:16.784 [Forwarding findElement on session 7779b2387c255d5a18c0813e4e2daf98 to remote] DEBUG org.apache.http.headers - http-outgoing-3 << HTTP/1.1 200 OK
10:18:16.784 [Forwarding findElement on session 7779b2387c255d5a18c0813e4e2daf98 to remote] DEBUG org.apache.http.headers - http-outgoing-3 << Content-Length:390
10:18:16.784 [Forwarding findElement on session 7779b2387c255d5a18c0813e4e2daf98 to remote] DEBUG org.apache.http.headers - http-outgoing-3 << Content-Type:application/json; charset=utf-8
10:18:16.784 [Forwarding findElement on session 7779b2387c255d5a18c0813e4e2daf98 to remote] DEBUG org.apache.http.impl.execchain.MainClientExec - Connection can be kept alive indefinitely
10:18:16.785 [Forwarding findElement on session 7779b2387c255d5a18c0813e4e2daf98 to remote] DEBUG org.apache.http.impl.conn.PoolingHttpClientConnectionManager - Connection [id: 3][route: {}->http://localhost:14252] can be kept alive indefinitely
10:18:16.785 [Forwarding findElement on session 7779b2387c255d5a18c0813e4e2daf98 to remote] DEBUG org.apache.http.impl.conn.PoolingHttpClientConnectionManager - Connection released: [id: 3][route: {}->http://localhost:14252][total kept alive: 1; route allocated: 1 of 2000; total allocated: 1 of 2000]
]]></system-out>
    <system-err><![CDATA[Starting ChromeDriver 98.0.4758.80 (7f0488e8ba0d8e019187c6325a16c29d9b7f4989-refs/branch-heads/4758@{#972}) on port 14252
Only local connections are allowed.
Please see https://chromedriver.chromium.org/security-considerations for suggestions on keeping ChromeDriver safe.
ChromeDriver was started successfully.
]]></system-err>
  </testcase>
</testsuite>