<?xml version="1.0" encoding="UTF-8"?>
<testsuite name="com.beilie.test.bole.cases.项目部._01项目详情.团队人选.GP10项目详情_添加备注test" time="33.976" tests="1" errors="0" skipped="0" failures="0">
  <properties>
    <property name="java.runtime.name" value="Java(TM) SE Runtime Environment"/>
    <property name="sun.boot.library.path" value="E:\BaiduNetdiskDownload\idea\jdk1.8.0_162\jre\bin"/>
    <property name="java.vm.version" value="25.162-b12"/>
    <property name="java.vm.vendor" value="Oracle Corporation"/>
    <property name="maven.multiModuleProjectDirectory" value="E:\seleniumTest\trunk\autoTest\src\com-beilie-test"/>
    <property name="java.vendor.url" value="http://java.oracle.com/"/>
    <property name="path.separator" value=";"/>
    <property name="guice.disable.misplaced.annotation.check" value="true"/>
    <property name="java.vm.name" value="Java HotSpot(TM) 64-Bit Server VM"/>
    <property name="file.encoding.pkg" value="sun.io"/>
    <property name="user.script" value=""/>
    <property name="user.country" value="CN"/>
    <property name="sun.java.launcher" value="SUN_STANDARD"/>
    <property name="sun.os.patch.level" value=""/>
    <property name="test" value="GP10项目详情_添加备注test"/>
    <property name="java.vm.specification.name" value="Java Virtual Machine Specification"/>
    <property name="user.dir" value="E:\seleniumTest\trunk\autoTest\src\com-beilie-test"/>
    <property name="java.runtime.version" value="1.8.0_162-b12"/>
    <property name="java.awt.graphicsenv" value="sun.awt.Win32GraphicsEnvironment"/>
    <property name="java.endorsed.dirs" value="E:\BaiduNetdiskDownload\idea\jdk1.8.0_162\jre\lib\endorsed"/>
    <property name="os.arch" value="amd64"/>
    <property name="java.io.tmpdir" value="C:\Users\86182\AppData\Local\Temp\"/>
    <property name="line.separator" value="&#10;"/>
    <property name="java.vm.specification.vendor" value="Oracle Corporation"/>
    <property name="user.variant" value=""/>
    <property name="os.name" value="Windows 10"/>
    <property name="classworlds.conf" value="E:\BaiduNetdiskDownload\idea\IntelliJ IDEA 2018.2.5\plugins\maven\lib\maven3\bin\..\bin\m2.conf"/>
    <property name="sun.jnu.encoding" value="GBK"/>
    <property name="java.library.path" value="E:\BaiduNetdiskDownload\idea\jdk1.8.0_162\bin;C:\WINDOWS\Sun\Java\bin;C:\WINDOWS\system32;C:\WINDOWS;C:\Python39\Scripts\;C:\Python39\;C:\WINDOWS\system32;C:\WINDOWS;C:\WINDOWS\System32\Wbem;C:\WINDOWS\System32\WindowsPowerShell\v1.0\;C:\WINDOWS\System32\OpenSSH\;D:\svn\bin;E:\BaiduNetdiskDownload\idea\jdk1.8.0_162\bin;E:\BaiduNetdiskDownload\idea\jdk1.8.0_162\jre\bin;E:/BaiduNetdiskDownload/idea/IntelliJ IDEA 2018.2.5/plugins/maven/lib/maven3\bin\;E:\BaiduNetdiskDownload\idea\apache-ant-1.10.12\bin;D:\Git安装包\Git\cmd;C:\Program Files\nodejs\;C:\ProgramData\chocolatey\bin;C:\Users\86182\AppData\Local\Microsoft\WindowsApps;C:\Users\86182\AppData\Roaming\npm;D:\Fiddler;;."/>
    <property name="java.specification.name" value="Java Platform API Specification"/>
    <property name="java.class.version" value="52.0"/>
    <property name="sun.management.compiler" value="HotSpot 64-Bit Tiered Compilers"/>
    <property name="os.version" value="10.0"/>
    <property name="user.home" value="C:\Users\86182"/>
    <property name="user.timezone" value="Asia/Shanghai"/>
    <property name="java.awt.printerjob" value="sun.awt.windows.WPrinterJob"/>
    <property name="java.specification.version" value="1.8"/>
    <property name="file.encoding" value="GBK"/>
    <property name="user.name" value="SX"/>
    <property name="java.class.path" value="E:\BaiduNetdiskDownload\idea\IntelliJ IDEA 2018.2.5\plugins\maven\lib\maven3\bin\..\boot\plexus-classworlds-2.5.2.jar"/>
    <property name="java.vm.specification.version" value="1.8"/>
    <property name="sun.arch.data.model" value="64"/>
    <property name="java.home" value="E:\BaiduNetdiskDownload\idea\jdk1.8.0_162\jre"/>
    <property name="sun.java.command" value="org.codehaus.plexus.classworlds.launcher.Launcher test -Dtest=GP10项目详情_添加备注test"/>
    <property name="java.specification.vendor" value="Oracle Corporation"/>
    <property name="user.language" value="zh"/>
    <property name="awt.toolkit" value="sun.awt.windows.WToolkit"/>
    <property name="java.vm.info" value="mixed mode"/>
    <property name="java.version" value="1.8.0_162"/>
    <property name="java.ext.dirs" value="E:\BaiduNetdiskDownload\idea\jdk1.8.0_162\jre\lib\ext;C:\WINDOWS\Sun\Java\lib\ext"/>
    <property name="sun.boot.class.path" value="E:\BaiduNetdiskDownload\idea\jdk1.8.0_162\jre\lib\resources.jar;E:\BaiduNetdiskDownload\idea\jdk1.8.0_162\jre\lib\rt.jar;E:\BaiduNetdiskDownload\idea\jdk1.8.0_162\jre\lib\sunrsasign.jar;E:\BaiduNetdiskDownload\idea\jdk1.8.0_162\jre\lib\jsse.jar;E:\BaiduNetdiskDownload\idea\jdk1.8.0_162\jre\lib\jce.jar;E:\BaiduNetdiskDownload\idea\jdk1.8.0_162\jre\lib\charsets.jar;E:\BaiduNetdiskDownload\idea\jdk1.8.0_162\jre\lib\jfr.jar;E:\BaiduNetdiskDownload\idea\jdk1.8.0_162\jre\classes"/>
    <property name="sun.stderr.encoding" value="ms936"/>
    <property name="java.vendor" value="Oracle Corporation"/>
    <property name="maven.home" value="E:\BaiduNetdiskDownload\idea\IntelliJ IDEA 2018.2.5\plugins\maven\lib\maven3\bin\.."/>
    <property name="file.separator" value="\"/>
    <property name="java.vendor.url.bug" value="http://bugreport.sun.com/bugreport/"/>
    <property name="sun.cpu.endian" value="little"/>
    <property name="sun.io.unicode.encoding" value="UnicodeLittle"/>
    <property name="sun.stdout.encoding" value="ms936"/>
    <property name="sun.desktop" value="windows"/>
    <property name="sun.cpu.isalist" value="amd64"/>
  </properties>
  <testcase name="login" classname="com.beilie.test.bole.cases.项目部._01项目详情.团队人选.GP10项目详情_添加备注test" time="33.976"/>
</testsuite>