<?xml version="1.0" encoding="UTF-8"?>
<!-- Generated by org.testng.reporters.JUnitReportReporter -->
<testsuite skipped="0" hostname="DESKTOP-FJ710P4" name="com.beilie.test.open.applicants.cases.Positions.SearchPositionTest" tests="1" failures="0" timestamp="2021-12-09T14:49:08 CST" time="1.490" errors="0">
  <testcase name="申请收藏职位" time="1.490" classname="com.beilie.test.open.applicants.cases.Positions.SearchPositionTest"/>
</testsuite> <!-- com.beilie.test.open.applicants.cases.Positions.SearchPositionTest -->
