<?xml version="1.0" encoding="UTF-8"?>
<!-- Generated by org.testng.reporters.JUnitReportReporter -->
<testsuite skipped="0" hostname="DESKTOP-FJ710P4" name="com.beilie.test.bole.cases.项目部._01项目详情.设置职位状态.GP10项目详情_暂停职位Test" tests="1" failures="0" timestamp="2021-11-23T03:05:09 CST" time="34.639" errors="0">
  <testcase name="test" time="34.639" classname="com.beilie.test.bole.cases.项目部._01项目详情.设置职位状态.GP10项目详情_暂停职位Test"/>
</testsuite> <!-- com.beilie.test.bole.cases.项目部._01项目详情.设置职位状态.GP10项目详情_暂停职位Test -->
