<?xml version="1.0" encoding="UTF-8"?>
<!-- Generated by org.testng.reporters.JUnitReportReporter -->
<testsuite skipped="0" hostname="DESKTOP-FJ710P4" name="com.beilie.test.open.applicants.cases.MyResume.编辑简历Test" tests="1" failures="0" timestamp="2021-12-09T14:49:08 CST" time="2.084" errors="0">
  <testcase name="编辑我的简历" time="2.084" classname="com.beilie.test.open.applicants.cases.MyResume.编辑简历Test"/>
</testsuite> <!-- com.beilie.test.open.applicants.cases.MyResume.编辑简历Test -->
