<?xml version="1.0" encoding="UTF-8"?>
<!-- Generated by org.testng.reporters.JUnitReportReporter -->
<testsuite skipped="0" hostname="DESKTOP-FJ710P4" name="com.beilie.test.bole.cases.项目部._01项目详情.设置项目进程.GP10项目详情_上班保证期Test" tests="1" failures="0" timestamp="2021-12-09T03:00:57 CST" time="31.573" errors="0">
  <testcase name="test" time="31.573" classname="com.beilie.test.bole.cases.项目部._01项目详情.设置项目进程.GP10项目详情_上班保证期Test"/>
</testsuite> <!-- com.beilie.test.bole.cases.项目部._01项目详情.设置项目进程.GP10项目详情_上班保证期Test -->
