<?xml version="1.0" encoding="UTF-8"?>
<!-- Generated by org.testng.reporters.JUnitReportReporter -->
<testsuite skipped="0" hostname="DESKTOP-FJ710P4" name="com.beilie.test.bole.cases.项目部._01项目详情.团队人选.GP10项目详情_新增简历_加入项目Test" tests="1" failures="0" timestamp="2021-11-23T03:05:09 CST" time="68.793" errors="0">
  <testcase name="test" time="68.793" classname="com.beilie.test.bole.cases.项目部._01项目详情.团队人选.GP10项目详情_新增简历_加入项目Test"/>
</testsuite> <!-- com.beilie.test.bole.cases.项目部._01项目详情.团队人选.GP10项目详情_新增简历_加入项目Test -->
